[2025-04-04T04:02:26.969+0000] {taskinstance.py:1956} INFO - Dependencies all met for dep_context=non-requeueable deps ti=<TaskInstance: full_pipeline_dag.clean_data_spark manual__2025-04-04T03:39:34.947255+00:00 [queued]>
[2025-04-04T04:02:27.007+0000] {taskinstance.py:1956} INFO - Dependencies all met for dep_context=requeueable deps ti=<TaskInstance: full_pipeline_dag.clean_data_spark manual__2025-04-04T03:39:34.947255+00:00 [queued]>
[2025-04-04T04:02:27.008+0000] {taskinstance.py:2170} INFO - Starting attempt 8 of 9
[2025-04-04T04:02:27.060+0000] {taskinstance.py:2191} INFO - Executing <Task(SparkSubmitOperator): clean_data_spark> on 2025-04-04 03:39:34.947255+00:00
[2025-04-04T04:02:27.064+0000] {standard_task_runner.py:60} INFO - Started process 265 to run task
[2025-04-04T04:02:27.068+0000] {standard_task_runner.py:87} INFO - Running: ['airflow', 'tasks', 'run', 'full_pipeline_dag', 'clean_data_spark', 'manual__2025-04-04T03:39:34.947255+00:00', '--job-id', '246', '--raw', '--subdir', 'DAGS_FOLDER/full_pipeline_dag.py', '--cfg-path', '/tmp/tmpd5zzcqy2']
[2025-04-04T04:02:27.070+0000] {standard_task_runner.py:88} INFO - Job 246: Subtask clean_data_spark
[2025-04-04T04:02:27.132+0000] {logging_mixin.py:188} WARNING - /home/airflow/.local/lib/python3.8/site-packages/airflow/settings.py:194 DeprecationWarning: The sql_alchemy_conn option in [core] has been moved to the sql_alchemy_conn option in [database] - the old setting has been used, but please update your config.
[2025-04-04T04:02:27.193+0000] {task_command.py:423} INFO - Running <TaskInstance: full_pipeline_dag.clean_data_spark manual__2025-04-04T03:39:34.947255+00:00 [running]> on host c82aa68c3e2c
[2025-04-04T04:02:27.367+0000] {taskinstance.py:2480} INFO - Exporting env vars: AIRFLOW_CTX_DAG_OWNER='airflow' AIRFLOW_CTX_DAG_ID='full_pipeline_dag' AIRFLOW_CTX_TASK_ID='clean_data_spark' AIRFLOW_CTX_EXECUTION_DATE='2025-04-04T03:39:34.947255+00:00' AIRFLOW_CTX_TRY_NUMBER='8' AIRFLOW_CTX_DAG_RUN_ID='manual__2025-04-04T03:39:34.947255+00:00'
[2025-04-04T04:02:27.386+0000] {base.py:83} INFO - Using connection ID 'spark_default' for task execution.
[2025-04-04T04:02:27.388+0000] {spark_submit.py:473} INFO - Spark-Submit cmd: spark-submit --master spark://spark-master:7077 --conf spark.master=spark://spark-master:7077 --conf spark.hadoop.fs.s3a.impl=org.apache.hadoop.fs.s3a.S3AFileSystem --jars /opt/spark-extra-jars/hadoop-aws-3.3.6.jar,/opt/spark-extra-jars/aws-java-sdk-bundle-1.12.696.jar --name arrow-spark --verbose --queue root.default --deploy-mode client /opt/spark-app/clean_yellow_tripdata.py
[2025-04-04T04:02:28.669+0000] {spark_submit.py:649} INFO - Using properties file: null
[2025-04-04T04:02:28.779+0000] {spark_submit.py:649} INFO - Parsed arguments:
[2025-04-04T04:02:28.780+0000] {spark_submit.py:649} INFO - master                  spark://spark-master:7077
[2025-04-04T04:02:28.780+0000] {spark_submit.py:649} INFO - remote                  null
[2025-04-04T04:02:28.781+0000] {spark_submit.py:649} INFO - deployMode              client
[2025-04-04T04:02:28.781+0000] {spark_submit.py:649} INFO - executorMemory          null
[2025-04-04T04:02:28.782+0000] {spark_submit.py:649} INFO - executorCores           null
[2025-04-04T04:02:28.783+0000] {spark_submit.py:649} INFO - totalExecutorCores      null
[2025-04-04T04:02:28.783+0000] {spark_submit.py:649} INFO - propertiesFile          null
[2025-04-04T04:02:28.784+0000] {spark_submit.py:649} INFO - driverMemory            null
[2025-04-04T04:02:28.784+0000] {spark_submit.py:649} INFO - driverCores             null
[2025-04-04T04:02:28.785+0000] {spark_submit.py:649} INFO - driverExtraClassPath    null
[2025-04-04T04:02:28.785+0000] {spark_submit.py:649} INFO - driverExtraLibraryPath  null
[2025-04-04T04:02:28.786+0000] {spark_submit.py:649} INFO - driverExtraJavaOptions  null
[2025-04-04T04:02:28.786+0000] {spark_submit.py:649} INFO - supervise               false
[2025-04-04T04:02:28.787+0000] {spark_submit.py:649} INFO - queue                   root.default
[2025-04-04T04:02:28.788+0000] {spark_submit.py:649} INFO - numExecutors            null
[2025-04-04T04:02:28.788+0000] {spark_submit.py:649} INFO - files                   null
[2025-04-04T04:02:28.789+0000] {spark_submit.py:649} INFO - pyFiles                 null
[2025-04-04T04:02:28.790+0000] {spark_submit.py:649} INFO - archives                null
[2025-04-04T04:02:28.791+0000] {spark_submit.py:649} INFO - mainClass               null
[2025-04-04T04:02:28.791+0000] {spark_submit.py:649} INFO - primaryResource         file:/opt/spark-app/clean_yellow_tripdata.py
[2025-04-04T04:02:28.792+0000] {spark_submit.py:649} INFO - name                    arrow-spark
[2025-04-04T04:02:28.793+0000] {spark_submit.py:649} INFO - childArgs               []
[2025-04-04T04:02:28.793+0000] {spark_submit.py:649} INFO - jars                    file:/opt/spark-extra-jars/hadoop-aws-3.3.6.jar,file:/opt/spark-extra-jars/aws-java-sdk-bundle-1.12.696.jar
[2025-04-04T04:02:28.794+0000] {spark_submit.py:649} INFO - packages                null
[2025-04-04T04:02:28.795+0000] {spark_submit.py:649} INFO - packagesExclusions      null
[2025-04-04T04:02:28.796+0000] {spark_submit.py:649} INFO - repositories            null
[2025-04-04T04:02:28.796+0000] {spark_submit.py:649} INFO - verbose                 true
[2025-04-04T04:02:28.797+0000] {spark_submit.py:649} INFO - 
[2025-04-04T04:02:28.797+0000] {spark_submit.py:649} INFO - Spark properties used, including those specified through
[2025-04-04T04:02:28.798+0000] {spark_submit.py:649} INFO - --conf and those from the properties file null:
[2025-04-04T04:02:28.799+0000] {spark_submit.py:649} INFO - (spark.hadoop.fs.s3a.impl,org.apache.hadoop.fs.s3a.S3AFileSystem)
[2025-04-04T04:02:28.799+0000] {spark_submit.py:649} INFO - (spark.master,spark://spark-master:7077)
[2025-04-04T04:02:28.800+0000] {spark_submit.py:649} INFO - 
[2025-04-04T04:02:28.801+0000] {spark_submit.py:649} INFO - 
[2025-04-04T04:02:29.130+0000] {spark_submit.py:649} INFO - 25/04/04 04:02:29 WARN NativeCodeLoader: Unable to load native-hadoop library for your platform... using builtin-java classes where applicable
[2025-04-04T04:02:29.365+0000] {spark_submit.py:649} INFO - Main class:
[2025-04-04T04:02:29.366+0000] {spark_submit.py:649} INFO - org.apache.spark.deploy.PythonRunner
[2025-04-04T04:02:29.366+0000] {spark_submit.py:649} INFO - Arguments:
[2025-04-04T04:02:29.367+0000] {spark_submit.py:649} INFO - file:/opt/spark-app/clean_yellow_tripdata.py
[2025-04-04T04:02:29.368+0000] {spark_submit.py:649} INFO - null
[2025-04-04T04:02:29.369+0000] {spark_submit.py:649} INFO - Spark config:
[2025-04-04T04:02:29.371+0000] {spark_submit.py:649} INFO - (spark.app.name,arrow-spark)
[2025-04-04T04:02:29.374+0000] {spark_submit.py:649} INFO - (spark.app.submitTime,1743739349342)
[2025-04-04T04:02:29.375+0000] {spark_submit.py:649} INFO - (spark.hadoop.fs.s3a.impl,org.apache.hadoop.fs.s3a.S3AFileSystem)
[2025-04-04T04:02:29.376+0000] {spark_submit.py:649} INFO - (spark.jars,file:/opt/spark-extra-jars/hadoop-aws-3.3.6.jar,file:/opt/spark-extra-jars/aws-java-sdk-bundle-1.12.696.jar)
[2025-04-04T04:02:29.377+0000] {spark_submit.py:649} INFO - (spark.master,spark://spark-master:7077)
[2025-04-04T04:02:29.378+0000] {spark_submit.py:649} INFO - (spark.repl.local.jars,file:/opt/spark-extra-jars/hadoop-aws-3.3.6.jar,file:/opt/spark-extra-jars/aws-java-sdk-bundle-1.12.696.jar)
[2025-04-04T04:02:29.378+0000] {spark_submit.py:649} INFO - (spark.submit.deployMode,client)
[2025-04-04T04:02:29.379+0000] {spark_submit.py:649} INFO - (spark.submit.pyFiles,)
[2025-04-04T04:02:29.379+0000] {spark_submit.py:649} INFO - Classpath elements:
[2025-04-04T04:02:29.380+0000] {spark_submit.py:649} INFO - file:/opt/spark-extra-jars/hadoop-aws-3.3.6.jar
[2025-04-04T04:02:29.380+0000] {spark_submit.py:649} INFO - file:/opt/spark-extra-jars/aws-java-sdk-bundle-1.12.696.jar
[2025-04-04T04:02:29.381+0000] {spark_submit.py:649} INFO - 
[2025-04-04T04:02:29.381+0000] {spark_submit.py:649} INFO - 
[2025-04-04T04:02:29.382+0000] {spark_submit.py:649} INFO - 25/04/04 04:02:29 WARN DependencyUtils: Local jar /opt/spark-extra-jars/hadoop-aws-3.3.6.jar does not exist, skipping.
[2025-04-04T04:02:29.382+0000] {spark_submit.py:649} INFO - 25/04/04 04:02:29 WARN DependencyUtils: Local jar /opt/spark-extra-jars/aws-java-sdk-bundle-1.12.696.jar does not exist, skipping.
[2025-04-04T04:02:30.343+0000] {spark_submit.py:649} INFO - 25/04/04 04:02:30 INFO SparkContext: Running Spark version 3.5.0
[2025-04-04T04:02:30.344+0000] {spark_submit.py:649} INFO - 25/04/04 04:02:30 INFO SparkContext: OS info Linux, 5.15.167.4-microsoft-standard-WSL2, amd64
[2025-04-04T04:02:30.345+0000] {spark_submit.py:649} INFO - 25/04/04 04:02:30 INFO SparkContext: Java version 17.0.14
[2025-04-04T04:02:30.366+0000] {spark_submit.py:649} INFO - 25/04/04 04:02:30 INFO ResourceUtils: ==============================================================
[2025-04-04T04:02:30.367+0000] {spark_submit.py:649} INFO - 25/04/04 04:02:30 INFO ResourceUtils: No custom resources configured for spark.driver.
[2025-04-04T04:02:30.368+0000] {spark_submit.py:649} INFO - 25/04/04 04:02:30 INFO ResourceUtils: ==============================================================
[2025-04-04T04:02:30.369+0000] {spark_submit.py:649} INFO - 25/04/04 04:02:30 INFO SparkContext: Submitted application: CleanYellowData
[2025-04-04T04:02:30.387+0000] {spark_submit.py:649} INFO - 25/04/04 04:02:30 INFO ResourceProfile: Default ResourceProfile created, executor resources: Map(memory -> name: memory, amount: 1024, script: , vendor: , offHeap -> name: offHeap, amount: 0, script: , vendor: ), task resources: Map(cpus -> name: cpus, amount: 1.0)
[2025-04-04T04:02:30.395+0000] {spark_submit.py:649} INFO - 25/04/04 04:02:30 INFO ResourceProfile: Limiting resource is cpu
[2025-04-04T04:02:30.396+0000] {spark_submit.py:649} INFO - 25/04/04 04:02:30 INFO ResourceProfileManager: Added ResourceProfile id: 0
[2025-04-04T04:02:30.441+0000] {spark_submit.py:649} INFO - 25/04/04 04:02:30 INFO SecurityManager: Changing view acls to: airflow
[2025-04-04T04:02:30.446+0000] {spark_submit.py:649} INFO - 25/04/04 04:02:30 INFO SecurityManager: Changing modify acls to: airflow
[2025-04-04T04:02:30.451+0000] {spark_submit.py:649} INFO - 25/04/04 04:02:30 INFO SecurityManager: Changing view acls groups to:
[2025-04-04T04:02:30.455+0000] {spark_submit.py:649} INFO - 25/04/04 04:02:30 INFO SecurityManager: Changing modify acls groups to:
[2025-04-04T04:02:30.457+0000] {spark_submit.py:649} INFO - 25/04/04 04:02:30 INFO SecurityManager: SecurityManager: authentication disabled; ui acls disabled; users with view permissions: airflow; groups with view permissions: EMPTY; users with modify permissions: airflow; groups with modify permissions: EMPTY
[2025-04-04T04:02:30.626+0000] {spark_submit.py:649} INFO - 25/04/04 04:02:30 INFO Utils: Successfully started service 'sparkDriver' on port 34857.
[2025-04-04T04:02:30.660+0000] {spark_submit.py:649} INFO - 25/04/04 04:02:30 INFO SparkEnv: Registering MapOutputTracker
[2025-04-04T04:02:30.691+0000] {spark_submit.py:649} INFO - 25/04/04 04:02:30 INFO SparkEnv: Registering BlockManagerMaster
[2025-04-04T04:02:30.707+0000] {spark_submit.py:649} INFO - 25/04/04 04:02:30 INFO BlockManagerMasterEndpoint: Using org.apache.spark.storage.DefaultTopologyMapper for getting topology information
[2025-04-04T04:02:30.708+0000] {spark_submit.py:649} INFO - 25/04/04 04:02:30 INFO BlockManagerMasterEndpoint: BlockManagerMasterEndpoint up
[2025-04-04T04:02:30.711+0000] {spark_submit.py:649} INFO - 25/04/04 04:02:30 INFO SparkEnv: Registering BlockManagerMasterHeartbeat
[2025-04-04T04:02:30.742+0000] {spark_submit.py:649} INFO - 25/04/04 04:02:30 INFO DiskBlockManager: Created local directory at /tmp/blockmgr-36ec679d-abe4-498d-9948-6a8d01ef3d1b
[2025-04-04T04:02:30.754+0000] {spark_submit.py:649} INFO - 25/04/04 04:02:30 INFO MemoryStore: MemoryStore started with capacity 434.4 MiB
[2025-04-04T04:02:30.766+0000] {spark_submit.py:649} INFO - 25/04/04 04:02:30 INFO SparkEnv: Registering OutputCommitCoordinator
[2025-04-04T04:02:30.861+0000] {spark_submit.py:649} INFO - 25/04/04 04:02:30 INFO JettyUtils: Start Jetty 0.0.0.0:4040 for SparkUI
[2025-04-04T04:02:30.939+0000] {spark_submit.py:649} INFO - 25/04/04 04:02:30 INFO Utils: Successfully started service 'SparkUI' on port 4040.
[2025-04-04T04:02:30.969+0000] {spark_submit.py:649} INFO - 25/04/04 04:02:30 ERROR SparkContext: Failed to add file:/opt/spark-extra-jars/hadoop-aws-3.3.6.jar to Spark environment
[2025-04-04T04:02:30.970+0000] {spark_submit.py:649} INFO - java.io.FileNotFoundException: Jar /opt/spark-extra-jars/hadoop-aws-3.3.6.jar not found
[2025-04-04T04:02:30.971+0000] {spark_submit.py:649} INFO - at org.apache.spark.SparkContext.addLocalJarFile$1(SparkContext.scala:2100)
[2025-04-04T04:02:30.972+0000] {spark_submit.py:649} INFO - at org.apache.spark.SparkContext.addJar(SparkContext.scala:2156)
[2025-04-04T04:02:30.973+0000] {spark_submit.py:649} INFO - at org.apache.spark.SparkContext.$anonfun$new$15(SparkContext.scala:526)
[2025-04-04T04:02:30.974+0000] {spark_submit.py:649} INFO - at org.apache.spark.SparkContext.$anonfun$new$15$adapted(SparkContext.scala:526)
[2025-04-04T04:02:30.974+0000] {spark_submit.py:649} INFO - at scala.collection.mutable.ResizableArray.foreach(ResizableArray.scala:62)
[2025-04-04T04:02:30.975+0000] {spark_submit.py:649} INFO - at scala.collection.mutable.ResizableArray.foreach$(ResizableArray.scala:55)
[2025-04-04T04:02:30.976+0000] {spark_submit.py:649} INFO - at scala.collection.mutable.ArrayBuffer.foreach(ArrayBuffer.scala:49)
[2025-04-04T04:02:30.976+0000] {spark_submit.py:649} INFO - at org.apache.spark.SparkContext.<init>(SparkContext.scala:526)
[2025-04-04T04:02:30.977+0000] {spark_submit.py:649} INFO - at org.apache.spark.api.java.JavaSparkContext.<init>(JavaSparkContext.scala:58)
[2025-04-04T04:02:30.978+0000] {spark_submit.py:649} INFO - at java.base/jdk.internal.reflect.NativeConstructorAccessorImpl.newInstance0(Native Method)
[2025-04-04T04:02:30.978+0000] {spark_submit.py:649} INFO - at java.base/jdk.internal.reflect.NativeConstructorAccessorImpl.newInstance(NativeConstructorAccessorImpl.java:77)
[2025-04-04T04:02:30.979+0000] {spark_submit.py:649} INFO - at java.base/jdk.internal.reflect.DelegatingConstructorAccessorImpl.newInstance(DelegatingConstructorAccessorImpl.java:45)
[2025-04-04T04:02:30.980+0000] {spark_submit.py:649} INFO - at java.base/java.lang.reflect.Constructor.newInstanceWithCaller(Constructor.java:500)
[2025-04-04T04:02:30.981+0000] {spark_submit.py:649} INFO - at java.base/java.lang.reflect.Constructor.newInstance(Constructor.java:481)
[2025-04-04T04:02:30.981+0000] {spark_submit.py:649} INFO - at py4j.reflection.MethodInvoker.invoke(MethodInvoker.java:247)
[2025-04-04T04:02:30.982+0000] {spark_submit.py:649} INFO - at py4j.reflection.ReflectionEngine.invoke(ReflectionEngine.java:374)
[2025-04-04T04:02:30.983+0000] {spark_submit.py:649} INFO - at py4j.Gateway.invoke(Gateway.java:238)
[2025-04-04T04:02:30.984+0000] {spark_submit.py:649} INFO - at py4j.commands.ConstructorCommand.invokeConstructor(ConstructorCommand.java:80)
[2025-04-04T04:02:30.985+0000] {spark_submit.py:649} INFO - at py4j.commands.ConstructorCommand.execute(ConstructorCommand.java:69)
[2025-04-04T04:02:30.985+0000] {spark_submit.py:649} INFO - at py4j.ClientServerConnection.waitForCommands(ClientServerConnection.java:182)
[2025-04-04T04:02:30.986+0000] {spark_submit.py:649} INFO - at py4j.ClientServerConnection.run(ClientServerConnection.java:106)
[2025-04-04T04:02:30.987+0000] {spark_submit.py:649} INFO - at java.base/java.lang.Thread.run(Thread.java:840)
[2025-04-04T04:02:30.988+0000] {spark_submit.py:649} INFO - 25/04/04 04:02:30 ERROR SparkContext: Failed to add file:/opt/spark-extra-jars/aws-java-sdk-bundle-1.12.696.jar to Spark environment
[2025-04-04T04:02:30.989+0000] {spark_submit.py:649} INFO - java.io.FileNotFoundException: Jar /opt/spark-extra-jars/aws-java-sdk-bundle-1.12.696.jar not found
[2025-04-04T04:02:30.989+0000] {spark_submit.py:649} INFO - at org.apache.spark.SparkContext.addLocalJarFile$1(SparkContext.scala:2100)
[2025-04-04T04:02:30.990+0000] {spark_submit.py:649} INFO - at org.apache.spark.SparkContext.addJar(SparkContext.scala:2156)
[2025-04-04T04:02:30.991+0000] {spark_submit.py:649} INFO - at org.apache.spark.SparkContext.$anonfun$new$15(SparkContext.scala:526)
[2025-04-04T04:02:30.992+0000] {spark_submit.py:649} INFO - at org.apache.spark.SparkContext.$anonfun$new$15$adapted(SparkContext.scala:526)
[2025-04-04T04:02:30.992+0000] {spark_submit.py:649} INFO - at scala.collection.mutable.ResizableArray.foreach(ResizableArray.scala:62)
[2025-04-04T04:02:30.993+0000] {spark_submit.py:649} INFO - at scala.collection.mutable.ResizableArray.foreach$(ResizableArray.scala:55)
[2025-04-04T04:02:30.994+0000] {spark_submit.py:649} INFO - at scala.collection.mutable.ArrayBuffer.foreach(ArrayBuffer.scala:49)
[2025-04-04T04:02:30.994+0000] {spark_submit.py:649} INFO - at org.apache.spark.SparkContext.<init>(SparkContext.scala:526)
[2025-04-04T04:02:30.995+0000] {spark_submit.py:649} INFO - at org.apache.spark.api.java.JavaSparkContext.<init>(JavaSparkContext.scala:58)
[2025-04-04T04:02:30.996+0000] {spark_submit.py:649} INFO - at java.base/jdk.internal.reflect.NativeConstructorAccessorImpl.newInstance0(Native Method)
[2025-04-04T04:02:30.996+0000] {spark_submit.py:649} INFO - at java.base/jdk.internal.reflect.NativeConstructorAccessorImpl.newInstance(NativeConstructorAccessorImpl.java:77)
[2025-04-04T04:02:30.997+0000] {spark_submit.py:649} INFO - at java.base/jdk.internal.reflect.DelegatingConstructorAccessorImpl.newInstance(DelegatingConstructorAccessorImpl.java:45)
[2025-04-04T04:02:30.998+0000] {spark_submit.py:649} INFO - at java.base/java.lang.reflect.Constructor.newInstanceWithCaller(Constructor.java:500)
[2025-04-04T04:02:30.999+0000] {spark_submit.py:649} INFO - at java.base/java.lang.reflect.Constructor.newInstance(Constructor.java:481)
[2025-04-04T04:02:30.999+0000] {spark_submit.py:649} INFO - at py4j.reflection.MethodInvoker.invoke(MethodInvoker.java:247)
[2025-04-04T04:02:31.000+0000] {spark_submit.py:649} INFO - at py4j.reflection.ReflectionEngine.invoke(ReflectionEngine.java:374)
[2025-04-04T04:02:31.001+0000] {spark_submit.py:649} INFO - at py4j.Gateway.invoke(Gateway.java:238)
[2025-04-04T04:02:31.001+0000] {spark_submit.py:649} INFO - at py4j.commands.ConstructorCommand.invokeConstructor(ConstructorCommand.java:80)
[2025-04-04T04:02:31.002+0000] {spark_submit.py:649} INFO - at py4j.commands.ConstructorCommand.execute(ConstructorCommand.java:69)
[2025-04-04T04:02:31.003+0000] {spark_submit.py:649} INFO - at py4j.ClientServerConnection.waitForCommands(ClientServerConnection.java:182)
[2025-04-04T04:02:31.004+0000] {spark_submit.py:649} INFO - at py4j.ClientServerConnection.run(ClientServerConnection.java:106)
[2025-04-04T04:02:31.004+0000] {spark_submit.py:649} INFO - at java.base/java.lang.Thread.run(Thread.java:840)
[2025-04-04T04:02:31.037+0000] {spark_submit.py:649} INFO - 25/04/04 04:02:31 INFO StandaloneAppClient$ClientEndpoint: Connecting to master spark://spark-master:7077...
[2025-04-04T04:02:31.072+0000] {spark_submit.py:649} INFO - 25/04/04 04:02:31 INFO TransportClientFactory: Successfully created connection to spark-master/172.24.0.5:7077 after 18 ms (0 ms spent in bootstraps)
[2025-04-04T04:02:31.155+0000] {spark_submit.py:649} INFO - 25/04/04 04:02:31 INFO StandaloneSchedulerBackend: Connected to Spark cluster with app ID app-20250404040231-0001
[2025-04-04T04:02:31.158+0000] {spark_submit.py:649} INFO - 25/04/04 04:02:31 INFO StandaloneAppClient$ClientEndpoint: Executor added: app-20250404040231-0001/0 on worker-20250404040025-172.24.0.8-37225 (172.24.0.8:37225) with 2 core(s)
[2025-04-04T04:02:31.160+0000] {spark_submit.py:649} INFO - 25/04/04 04:02:31 INFO StandaloneSchedulerBackend: Granted executor ID app-20250404040231-0001/0 on hostPort 172.24.0.8:37225 with 2 core(s), 1024.0 MiB RAM
[2025-04-04T04:02:31.164+0000] {spark_submit.py:649} INFO - 25/04/04 04:02:31 INFO Utils: Successfully started service 'org.apache.spark.network.netty.NettyBlockTransferService' on port 36939.
[2025-04-04T04:02:31.165+0000] {spark_submit.py:649} INFO - 25/04/04 04:02:31 INFO NettyBlockTransferService: Server created on c82aa68c3e2c:36939
[2025-04-04T04:02:31.166+0000] {spark_submit.py:649} INFO - 25/04/04 04:02:31 INFO BlockManager: Using org.apache.spark.storage.RandomBlockReplicationPolicy for block replication policy
[2025-04-04T04:02:31.170+0000] {spark_submit.py:649} INFO - 25/04/04 04:02:31 INFO BlockManagerMaster: Registering BlockManager BlockManagerId(driver, c82aa68c3e2c, 36939, None)
[2025-04-04T04:02:31.174+0000] {spark_submit.py:649} INFO - 25/04/04 04:02:31 INFO BlockManagerMasterEndpoint: Registering block manager c82aa68c3e2c:36939 with 434.4 MiB RAM, BlockManagerId(driver, c82aa68c3e2c, 36939, None)
[2025-04-04T04:02:31.176+0000] {spark_submit.py:649} INFO - 25/04/04 04:02:31 INFO BlockManagerMaster: Registered BlockManager BlockManagerId(driver, c82aa68c3e2c, 36939, None)
[2025-04-04T04:02:31.177+0000] {spark_submit.py:649} INFO - 25/04/04 04:02:31 INFO BlockManager: Initialized BlockManager: BlockManagerId(driver, c82aa68c3e2c, 36939, None)
[2025-04-04T04:02:31.199+0000] {spark_submit.py:649} INFO - 25/04/04 04:02:31 INFO StandaloneAppClient$ClientEndpoint: Executor updated: app-20250404040231-0001/0 is now RUNNING
[2025-04-04T04:02:31.373+0000] {spark_submit.py:649} INFO - 25/04/04 04:02:31 INFO StandaloneSchedulerBackend: SchedulerBackend is ready for scheduling beginning after reached minRegisteredResourcesRatio: 0.0
[2025-04-04T04:02:31.578+0000] {spark_submit.py:649} INFO - ✅ Spark session received from DAG
[2025-04-04T04:02:31.579+0000] {spark_submit.py:649} INFO - 📥 Reading raw data...
[2025-04-04T04:02:31.584+0000] {spark_submit.py:649} INFO - 25/04/04 04:02:31 INFO SharedState: Setting hive.metastore.warehouse.dir ('null') to the value of spark.sql.warehouse.dir.
[2025-04-04T04:02:31.587+0000] {spark_submit.py:649} INFO - 25/04/04 04:02:31 INFO SharedState: Warehouse path is 'file:/opt/airflow/spark-warehouse'.
[2025-04-04T04:02:32.410+0000] {spark_submit.py:649} INFO - 25/04/04 04:02:32 WARN FileStreamSink: Assume no metadata directory. Error while looking for metadata directory in the path: s3a://nyc-taxi/raw/yellow_tripdata_2023-01.parquet.
[2025-04-04T04:02:32.411+0000] {spark_submit.py:649} INFO - java.lang.RuntimeException: java.lang.ClassNotFoundException: Class org.apache.hadoop.fs.s3a.S3AFileSystem not found
[2025-04-04T04:02:32.412+0000] {spark_submit.py:649} INFO - at org.apache.hadoop.conf.Configuration.getClass(Configuration.java:2688)
[2025-04-04T04:02:32.412+0000] {spark_submit.py:649} INFO - at org.apache.hadoop.fs.FileSystem.getFileSystemClass(FileSystem.java:3431)
[2025-04-04T04:02:32.413+0000] {spark_submit.py:649} INFO - at org.apache.hadoop.fs.FileSystem.createFileSystem(FileSystem.java:3466)
[2025-04-04T04:02:32.413+0000] {spark_submit.py:649} INFO - at org.apache.hadoop.fs.FileSystem.access$300(FileSystem.java:174)
[2025-04-04T04:02:32.414+0000] {spark_submit.py:649} INFO - at org.apache.hadoop.fs.FileSystem$Cache.getInternal(FileSystem.java:3574)
[2025-04-04T04:02:32.414+0000] {spark_submit.py:649} INFO - at org.apache.hadoop.fs.FileSystem$Cache.get(FileSystem.java:3521)
[2025-04-04T04:02:32.415+0000] {spark_submit.py:649} INFO - at org.apache.hadoop.fs.FileSystem.get(FileSystem.java:540)
[2025-04-04T04:02:32.416+0000] {spark_submit.py:649} INFO - at org.apache.hadoop.fs.Path.getFileSystem(Path.java:365)
[2025-04-04T04:02:32.416+0000] {spark_submit.py:649} INFO - at org.apache.spark.sql.execution.streaming.FileStreamSink$.hasMetadata(FileStreamSink.scala:53)
[2025-04-04T04:02:32.417+0000] {spark_submit.py:649} INFO - at org.apache.spark.sql.execution.datasources.DataSource.resolveRelation(DataSource.scala:366)
[2025-04-04T04:02:32.417+0000] {spark_submit.py:649} INFO - at org.apache.spark.sql.DataFrameReader.loadV1Source(DataFrameReader.scala:229)
[2025-04-04T04:02:32.418+0000] {spark_submit.py:649} INFO - at org.apache.spark.sql.DataFrameReader.$anonfun$load$2(DataFrameReader.scala:211)
[2025-04-04T04:02:32.418+0000] {spark_submit.py:649} INFO - at scala.Option.getOrElse(Option.scala:189)
[2025-04-04T04:02:32.418+0000] {spark_submit.py:649} INFO - at org.apache.spark.sql.DataFrameReader.load(DataFrameReader.scala:211)
[2025-04-04T04:02:32.419+0000] {spark_submit.py:649} INFO - at org.apache.spark.sql.DataFrameReader.parquet(DataFrameReader.scala:563)
[2025-04-04T04:02:32.419+0000] {spark_submit.py:649} INFO - at java.base/jdk.internal.reflect.NativeMethodAccessorImpl.invoke0(Native Method)
[2025-04-04T04:02:32.420+0000] {spark_submit.py:649} INFO - at java.base/jdk.internal.reflect.NativeMethodAccessorImpl.invoke(NativeMethodAccessorImpl.java:77)
[2025-04-04T04:02:32.420+0000] {spark_submit.py:649} INFO - at java.base/jdk.internal.reflect.DelegatingMethodAccessorImpl.invoke(DelegatingMethodAccessorImpl.java:43)
[2025-04-04T04:02:32.421+0000] {spark_submit.py:649} INFO - at java.base/java.lang.reflect.Method.invoke(Method.java:569)
[2025-04-04T04:02:32.421+0000] {spark_submit.py:649} INFO - at py4j.reflection.MethodInvoker.invoke(MethodInvoker.java:244)
[2025-04-04T04:02:32.422+0000] {spark_submit.py:649} INFO - at py4j.reflection.ReflectionEngine.invoke(ReflectionEngine.java:374)
[2025-04-04T04:02:32.422+0000] {spark_submit.py:649} INFO - at py4j.Gateway.invoke(Gateway.java:282)
[2025-04-04T04:02:32.423+0000] {spark_submit.py:649} INFO - at py4j.commands.AbstractCommand.invokeMethod(AbstractCommand.java:132)
[2025-04-04T04:02:32.424+0000] {spark_submit.py:649} INFO - at py4j.commands.CallCommand.execute(CallCommand.java:79)
[2025-04-04T04:02:32.424+0000] {spark_submit.py:649} INFO - at py4j.ClientServerConnection.waitForCommands(ClientServerConnection.java:182)
[2025-04-04T04:02:32.425+0000] {spark_submit.py:649} INFO - at py4j.ClientServerConnection.run(ClientServerConnection.java:106)
[2025-04-04T04:02:32.425+0000] {spark_submit.py:649} INFO - at java.base/java.lang.Thread.run(Thread.java:840)
[2025-04-04T04:02:32.426+0000] {spark_submit.py:649} INFO - Caused by: java.lang.ClassNotFoundException: Class org.apache.hadoop.fs.s3a.S3AFileSystem not found
[2025-04-04T04:02:32.426+0000] {spark_submit.py:649} INFO - at org.apache.hadoop.conf.Configuration.getClassByName(Configuration.java:2592)
[2025-04-04T04:02:32.427+0000] {spark_submit.py:649} INFO - at org.apache.hadoop.conf.Configuration.getClass(Configuration.java:2686)
[2025-04-04T04:02:32.428+0000] {spark_submit.py:649} INFO - ... 26 more
[2025-04-04T04:02:32.516+0000] {spark_submit.py:649} INFO - Traceback (most recent call last):
[2025-04-04T04:02:32.517+0000] {spark_submit.py:649} INFO - File "/opt/spark-app/clean_yellow_tripdata.py", line 9, in <module>
[2025-04-04T04:02:32.521+0000] {spark_submit.py:649} INFO - clean_yellow_tripdata(spark)
[2025-04-04T04:02:32.522+0000] {spark_submit.py:649} INFO - File "/opt/pipeline/transform/clean_yellow_tripdata.py", line 9, in clean_yellow_tripdata
[2025-04-04T04:02:32.527+0000] {spark_submit.py:649} INFO - df = spark.read.parquet(raw_path)
[2025-04-04T04:02:32.528+0000] {spark_submit.py:649} INFO - File "/opt/spark/python/lib/pyspark.zip/pyspark/sql/readwriter.py", line 544, in parquet
[2025-04-04T04:02:32.529+0000] {spark_submit.py:649} INFO - File "/opt/spark/python/lib/py4j-0.10.9.7-src.zip/py4j/java_gateway.py", line 1322, in __call__
[2025-04-04T04:02:32.530+0000] {spark_submit.py:649} INFO - File "/opt/spark/python/lib/pyspark.zip/pyspark/errors/exceptions/captured.py", line 179, in deco
[2025-04-04T04:02:32.531+0000] {spark_submit.py:649} INFO - File "/opt/spark/python/lib/py4j-0.10.9.7-src.zip/py4j/protocol.py", line 326, in get_return_value
[2025-04-04T04:02:32.534+0000] {spark_submit.py:649} INFO - py4j.protocol.Py4JJavaError: An error occurred while calling o27.parquet.
[2025-04-04T04:02:32.535+0000] {spark_submit.py:649} INFO - : java.lang.RuntimeException: java.lang.ClassNotFoundException: Class org.apache.hadoop.fs.s3a.S3AFileSystem not found
[2025-04-04T04:02:32.536+0000] {spark_submit.py:649} INFO - at org.apache.hadoop.conf.Configuration.getClass(Configuration.java:2688)
[2025-04-04T04:02:32.536+0000] {spark_submit.py:649} INFO - at org.apache.hadoop.fs.FileSystem.getFileSystemClass(FileSystem.java:3431)
[2025-04-04T04:02:32.537+0000] {spark_submit.py:649} INFO - at org.apache.hadoop.fs.FileSystem.createFileSystem(FileSystem.java:3466)
[2025-04-04T04:02:32.538+0000] {spark_submit.py:649} INFO - at org.apache.hadoop.fs.FileSystem.access$300(FileSystem.java:174)
[2025-04-04T04:02:32.538+0000] {spark_submit.py:649} INFO - at org.apache.hadoop.fs.FileSystem$Cache.getInternal(FileSystem.java:3574)
[2025-04-04T04:02:32.539+0000] {spark_submit.py:649} INFO - at org.apache.hadoop.fs.FileSystem$Cache.get(FileSystem.java:3521)
[2025-04-04T04:02:32.539+0000] {spark_submit.py:649} INFO - at org.apache.hadoop.fs.FileSystem.get(FileSystem.java:540)
[2025-04-04T04:02:32.540+0000] {spark_submit.py:649} INFO - at org.apache.hadoop.fs.Path.getFileSystem(Path.java:365)
[2025-04-04T04:02:32.540+0000] {spark_submit.py:649} INFO - at org.apache.spark.sql.execution.datasources.DataSource$.$anonfun$checkAndGlobPathIfNecessary$1(DataSource.scala:724)
[2025-04-04T04:02:32.541+0000] {spark_submit.py:649} INFO - at scala.collection.immutable.List.map(List.scala:293)
[2025-04-04T04:02:32.542+0000] {spark_submit.py:649} INFO - at org.apache.spark.sql.execution.datasources.DataSource$.checkAndGlobPathIfNecessary(DataSource.scala:722)
[2025-04-04T04:02:32.543+0000] {spark_submit.py:649} INFO - at org.apache.spark.sql.execution.datasources.DataSource.checkAndGlobPathIfNecessary(DataSource.scala:551)
[2025-04-04T04:02:32.545+0000] {spark_submit.py:649} INFO - at org.apache.spark.sql.execution.datasources.DataSource.resolveRelation(DataSource.scala:404)
[2025-04-04T04:02:32.545+0000] {spark_submit.py:649} INFO - at org.apache.spark.sql.DataFrameReader.loadV1Source(DataFrameReader.scala:229)
[2025-04-04T04:02:32.546+0000] {spark_submit.py:649} INFO - at org.apache.spark.sql.DataFrameReader.$anonfun$load$2(DataFrameReader.scala:211)
[2025-04-04T04:02:32.547+0000] {spark_submit.py:649} INFO - at scala.Option.getOrElse(Option.scala:189)
[2025-04-04T04:02:32.548+0000] {spark_submit.py:649} INFO - at org.apache.spark.sql.DataFrameReader.load(DataFrameReader.scala:211)
[2025-04-04T04:02:32.549+0000] {spark_submit.py:649} INFO - at org.apache.spark.sql.DataFrameReader.parquet(DataFrameReader.scala:563)
[2025-04-04T04:02:32.550+0000] {spark_submit.py:649} INFO - at java.base/jdk.internal.reflect.NativeMethodAccessorImpl.invoke0(Native Method)
[2025-04-04T04:02:32.550+0000] {spark_submit.py:649} INFO - at java.base/jdk.internal.reflect.NativeMethodAccessorImpl.invoke(NativeMethodAccessorImpl.java:77)
[2025-04-04T04:02:32.551+0000] {spark_submit.py:649} INFO - at java.base/jdk.internal.reflect.DelegatingMethodAccessorImpl.invoke(DelegatingMethodAccessorImpl.java:43)
[2025-04-04T04:02:32.552+0000] {spark_submit.py:649} INFO - at java.base/java.lang.reflect.Method.invoke(Method.java:569)
[2025-04-04T04:02:32.552+0000] {spark_submit.py:649} INFO - at py4j.reflection.MethodInvoker.invoke(MethodInvoker.java:244)
[2025-04-04T04:02:32.553+0000] {spark_submit.py:649} INFO - at py4j.reflection.ReflectionEngine.invoke(ReflectionEngine.java:374)
[2025-04-04T04:02:32.553+0000] {spark_submit.py:649} INFO - at py4j.Gateway.invoke(Gateway.java:282)
[2025-04-04T04:02:32.554+0000] {spark_submit.py:649} INFO - at py4j.commands.AbstractCommand.invokeMethod(AbstractCommand.java:132)
[2025-04-04T04:02:32.555+0000] {spark_submit.py:649} INFO - at py4j.commands.CallCommand.execute(CallCommand.java:79)
[2025-04-04T04:02:32.555+0000] {spark_submit.py:649} INFO - at py4j.ClientServerConnection.waitForCommands(ClientServerConnection.java:182)
[2025-04-04T04:02:32.556+0000] {spark_submit.py:649} INFO - at py4j.ClientServerConnection.run(ClientServerConnection.java:106)
[2025-04-04T04:02:32.556+0000] {spark_submit.py:649} INFO - at java.base/java.lang.Thread.run(Thread.java:840)
[2025-04-04T04:02:32.557+0000] {spark_submit.py:649} INFO - Caused by: java.lang.ClassNotFoundException: Class org.apache.hadoop.fs.s3a.S3AFileSystem not found
[2025-04-04T04:02:32.558+0000] {spark_submit.py:649} INFO - at org.apache.hadoop.conf.Configuration.getClassByName(Configuration.java:2592)
[2025-04-04T04:02:32.558+0000] {spark_submit.py:649} INFO - at org.apache.hadoop.conf.Configuration.getClass(Configuration.java:2686)
[2025-04-04T04:02:32.559+0000] {spark_submit.py:649} INFO - ... 29 more
[2025-04-04T04:02:32.560+0000] {spark_submit.py:649} INFO - 
[2025-04-04T04:02:32.621+0000] {spark_submit.py:649} INFO - 25/04/04 04:02:32 INFO SparkContext: Invoking stop() from shutdown hook
[2025-04-04T04:02:32.622+0000] {spark_submit.py:649} INFO - 25/04/04 04:02:32 INFO SparkContext: SparkContext is stopping with exitCode 0.
[2025-04-04T04:02:32.636+0000] {spark_submit.py:649} INFO - 25/04/04 04:02:32 INFO SparkUI: Stopped Spark web UI at http://c82aa68c3e2c:4040
[2025-04-04T04:02:32.640+0000] {spark_submit.py:649} INFO - 25/04/04 04:02:32 INFO StandaloneSchedulerBackend: Shutting down all executors
[2025-04-04T04:02:32.645+0000] {spark_submit.py:649} INFO - 25/04/04 04:02:32 INFO StandaloneSchedulerBackend$StandaloneDriverEndpoint: Asking each executor to shut down
[2025-04-04T04:02:32.663+0000] {spark_submit.py:649} INFO - 25/04/04 04:02:32 INFO MapOutputTrackerMasterEndpoint: MapOutputTrackerMasterEndpoint stopped!
[2025-04-04T04:02:32.678+0000] {spark_submit.py:649} INFO - 25/04/04 04:02:32 INFO MemoryStore: MemoryStore cleared
[2025-04-04T04:02:32.679+0000] {spark_submit.py:649} INFO - 25/04/04 04:02:32 INFO BlockManager: BlockManager stopped
[2025-04-04T04:02:32.687+0000] {spark_submit.py:649} INFO - 25/04/04 04:02:32 INFO BlockManagerMaster: BlockManagerMaster stopped
[2025-04-04T04:02:32.691+0000] {spark_submit.py:649} INFO - 25/04/04 04:02:32 INFO OutputCommitCoordinator$OutputCommitCoordinatorEndpoint: OutputCommitCoordinator stopped!
[2025-04-04T04:02:32.704+0000] {spark_submit.py:649} INFO - 25/04/04 04:02:32 INFO SparkContext: Successfully stopped SparkContext
[2025-04-04T04:02:32.705+0000] {spark_submit.py:649} INFO - 25/04/04 04:02:32 INFO ShutdownHookManager: Shutdown hook called
[2025-04-04T04:02:32.706+0000] {spark_submit.py:649} INFO - 25/04/04 04:02:32 INFO ShutdownHookManager: Deleting directory /tmp/spark-73b86b91-412b-4678-a940-807e6e66a9b4
[2025-04-04T04:02:32.711+0000] {spark_submit.py:649} INFO - 25/04/04 04:02:32 INFO ShutdownHookManager: Deleting directory /tmp/spark-5762fc54-b2fd-43e3-a3cd-b025e51c4dc2
[2025-04-04T04:02:32.716+0000] {spark_submit.py:649} INFO - 25/04/04 04:02:32 INFO ShutdownHookManager: Deleting directory /tmp/spark-73b86b91-412b-4678-a940-807e6e66a9b4/pyspark-ee5e0efe-ac14-4a93-ae6e-aad86b497bad
[2025-04-04T04:02:32.764+0000] {taskinstance.py:2698} ERROR - Task failed with exception
Traceback (most recent call last):
  File "/home/airflow/.local/lib/python3.8/site-packages/airflow/models/taskinstance.py", line 433, in _execute_task
    result = execute_callable(context=context, **execute_callable_kwargs)
  File "/home/airflow/.local/lib/python3.8/site-packages/airflow/providers/apache/spark/operators/spark_submit.py", line 176, in execute
    self._hook.submit(self.application)
  File "/home/airflow/.local/lib/python3.8/site-packages/airflow/providers/apache/spark/hooks/spark_submit.py", line 575, in submit
    raise AirflowException(
airflow.exceptions.AirflowException: Cannot execute: spark-submit --master spark://spark-master:7077 --conf spark.master=spark://spark-master:7077 --conf spark.hadoop.fs.s3a.impl=org.apache.hadoop.fs.s3a.S3AFileSystem --jars /opt/spark-extra-jars/hadoop-aws-3.3.6.jar,/opt/spark-extra-jars/aws-java-sdk-bundle-1.12.696.jar --name arrow-spark --verbose --queue root.default --deploy-mode client /opt/spark-app/clean_yellow_tripdata.py. Error code is: 1.
[2025-04-04T04:02:32.770+0000] {taskinstance.py:1138} INFO - Marking task as UP_FOR_RETRY. dag_id=full_pipeline_dag, task_id=clean_data_spark, execution_date=20250404T033934, start_date=20250404T040226, end_date=20250404T040232
[2025-04-04T04:02:32.995+0000] {standard_task_runner.py:107} ERROR - Failed to execute job 246 for task clean_data_spark (Cannot execute: spark-submit --master spark://spark-master:7077 --conf spark.master=spark://spark-master:7077 --conf spark.hadoop.fs.s3a.impl=org.apache.hadoop.fs.s3a.S3AFileSystem --jars /opt/spark-extra-jars/hadoop-aws-3.3.6.jar,/opt/spark-extra-jars/aws-java-sdk-bundle-1.12.696.jar --name arrow-spark --verbose --queue root.default --deploy-mode client /opt/spark-app/clean_yellow_tripdata.py. Error code is: 1.; 265)
[2025-04-04T04:02:33.004+0000] {local_task_job_runner.py:234} INFO - Task exited with return code 1
[2025-04-04T04:02:33.055+0000] {taskinstance.py:3280} INFO - 0 downstream tasks scheduled from follow-on schedule check
