[2025-04-04T03:57:59.555+0000] {taskinstance.py:1956} INFO - Dependencies all met for dep_context=non-requeueable deps ti=<TaskInstance: full_pipeline_dag.clean_data_spark manual__2025-04-04T03:39:34.947255+00:00 [queued]>
[2025-04-04T03:57:59.581+0000] {taskinstance.py:1956} INFO - Dependencies all met for dep_context=requeueable deps ti=<TaskInstance: full_pipeline_dag.clean_data_spark manual__2025-04-04T03:39:34.947255+00:00 [queued]>
[2025-04-04T03:57:59.582+0000] {taskinstance.py:2170} INFO - Starting attempt 5 of 6
[2025-04-04T03:57:59.640+0000] {taskinstance.py:2191} INFO - Executing <Task(SparkSubmitOperator): clean_data_spark> on 2025-04-04 03:39:34.947255+00:00
[2025-04-04T03:57:59.644+0000] {standard_task_runner.py:60} INFO - Started process 274 to run task
[2025-04-04T03:57:59.649+0000] {standard_task_runner.py:87} INFO - Running: ['airflow', 'tasks', 'run', 'full_pipeline_dag', 'clean_data_spark', 'manual__2025-04-04T03:39:34.947255+00:00', '--job-id', '242', '--raw', '--subdir', 'DAGS_FOLDER/full_pipeline_dag.py', '--cfg-path', '/tmp/tmpby0tn89l']
[2025-04-04T03:57:59.651+0000] {standard_task_runner.py:88} INFO - Job 242: Subtask clean_data_spark
[2025-04-04T03:57:59.723+0000] {logging_mixin.py:188} WARNING - /home/airflow/.local/lib/python3.8/site-packages/airflow/settings.py:194 DeprecationWarning: The sql_alchemy_conn option in [core] has been moved to the sql_alchemy_conn option in [database] - the old setting has been used, but please update your config.
[2025-04-04T03:57:59.804+0000] {task_command.py:423} INFO - Running <TaskInstance: full_pipeline_dag.clean_data_spark manual__2025-04-04T03:39:34.947255+00:00 [running]> on host 2f2a4ac03060
[2025-04-04T03:57:59.992+0000] {taskinstance.py:2480} INFO - Exporting env vars: AIRFLOW_CTX_DAG_OWNER='airflow' AIRFLOW_CTX_DAG_ID='full_pipeline_dag' AIRFLOW_CTX_TASK_ID='clean_data_spark' AIRFLOW_CTX_EXECUTION_DATE='2025-04-04T03:39:34.947255+00:00' AIRFLOW_CTX_TRY_NUMBER='5' AIRFLOW_CTX_DAG_RUN_ID='manual__2025-04-04T03:39:34.947255+00:00'
[2025-04-04T03:58:00.047+0000] {base.py:83} INFO - Using connection ID 'spark_default' for task execution.
[2025-04-04T03:58:00.050+0000] {spark_submit.py:473} INFO - Spark-Submit cmd: spark-submit --master spark://spark-master:7077 --conf spark.master=spark://spark-master:7077 --conf spark.hadoop.fs.s3a.impl=org.apache.hadoop.fs.s3a.S3AFileSystem --jars /opt/spark/jars/hadoop-aws-3.3.6.jar,/opt/spark/jars/aws-java-sdk-bundle-1.12.696.jar --name arrow-spark --verbose --queue root.default --deploy-mode client /opt/spark-app/clean_yellow_tripdata.py
[2025-04-04T03:58:01.727+0000] {spark_submit.py:649} INFO - Using properties file: null
[2025-04-04T03:58:01.831+0000] {spark_submit.py:649} INFO - Parsed arguments:
[2025-04-04T03:58:01.832+0000] {spark_submit.py:649} INFO - master                  spark://spark-master:7077
[2025-04-04T03:58:01.833+0000] {spark_submit.py:649} INFO - remote                  null
[2025-04-04T03:58:01.834+0000] {spark_submit.py:649} INFO - deployMode              client
[2025-04-04T03:58:01.834+0000] {spark_submit.py:649} INFO - executorMemory          null
[2025-04-04T03:58:01.835+0000] {spark_submit.py:649} INFO - executorCores           null
[2025-04-04T03:58:01.836+0000] {spark_submit.py:649} INFO - totalExecutorCores      null
[2025-04-04T03:58:01.836+0000] {spark_submit.py:649} INFO - propertiesFile          null
[2025-04-04T03:58:01.837+0000] {spark_submit.py:649} INFO - driverMemory            null
[2025-04-04T03:58:01.837+0000] {spark_submit.py:649} INFO - driverCores             null
[2025-04-04T03:58:01.838+0000] {spark_submit.py:649} INFO - driverExtraClassPath    null
[2025-04-04T03:58:01.838+0000] {spark_submit.py:649} INFO - driverExtraLibraryPath  null
[2025-04-04T03:58:01.839+0000] {spark_submit.py:649} INFO - driverExtraJavaOptions  null
[2025-04-04T03:58:01.839+0000] {spark_submit.py:649} INFO - supervise               false
[2025-04-04T03:58:01.840+0000] {spark_submit.py:649} INFO - queue                   root.default
[2025-04-04T03:58:01.841+0000] {spark_submit.py:649} INFO - numExecutors            null
[2025-04-04T03:58:01.841+0000] {spark_submit.py:649} INFO - files                   null
[2025-04-04T03:58:01.842+0000] {spark_submit.py:649} INFO - pyFiles                 null
[2025-04-04T03:58:01.843+0000] {spark_submit.py:649} INFO - archives                null
[2025-04-04T03:58:01.844+0000] {spark_submit.py:649} INFO - mainClass               null
[2025-04-04T03:58:01.844+0000] {spark_submit.py:649} INFO - primaryResource         file:/opt/spark-app/clean_yellow_tripdata.py
[2025-04-04T03:58:01.845+0000] {spark_submit.py:649} INFO - name                    arrow-spark
[2025-04-04T03:58:01.846+0000] {spark_submit.py:649} INFO - childArgs               []
[2025-04-04T03:58:01.847+0000] {spark_submit.py:649} INFO - jars                    file:/opt/spark-3.5.0-bin-hadoop3/jars/hadoop-aws-3.3.6.jar,file:/opt/spark-3.5.0-bin-hadoop3/jars/aws-java-sdk-bundle-1.12.696.jar
[2025-04-04T03:58:01.847+0000] {spark_submit.py:649} INFO - packages                null
[2025-04-04T03:58:01.848+0000] {spark_submit.py:649} INFO - packagesExclusions      null
[2025-04-04T03:58:01.848+0000] {spark_submit.py:649} INFO - repositories            null
[2025-04-04T03:58:01.849+0000] {spark_submit.py:649} INFO - verbose                 true
[2025-04-04T03:58:01.850+0000] {spark_submit.py:649} INFO - 
[2025-04-04T03:58:01.851+0000] {spark_submit.py:649} INFO - Spark properties used, including those specified through
[2025-04-04T03:58:01.853+0000] {spark_submit.py:649} INFO - --conf and those from the properties file null:
[2025-04-04T03:58:01.854+0000] {spark_submit.py:649} INFO - (spark.hadoop.fs.s3a.impl,org.apache.hadoop.fs.s3a.S3AFileSystem)
[2025-04-04T03:58:01.855+0000] {spark_submit.py:649} INFO - (spark.master,spark://spark-master:7077)
[2025-04-04T03:58:01.856+0000] {spark_submit.py:649} INFO - 
[2025-04-04T03:58:01.857+0000] {spark_submit.py:649} INFO - 
[2025-04-04T03:58:02.141+0000] {spark_submit.py:649} INFO - 25/04/04 03:58:02 WARN NativeCodeLoader: Unable to load native-hadoop library for your platform... using builtin-java classes where applicable
[2025-04-04T03:58:02.358+0000] {spark_submit.py:649} INFO - Main class:
[2025-04-04T03:58:02.360+0000] {spark_submit.py:649} INFO - org.apache.spark.deploy.PythonRunner
[2025-04-04T03:58:02.361+0000] {spark_submit.py:649} INFO - Arguments:
[2025-04-04T03:58:02.362+0000] {spark_submit.py:649} INFO - file:/opt/spark-app/clean_yellow_tripdata.py
[2025-04-04T03:58:02.362+0000] {spark_submit.py:649} INFO - null
[2025-04-04T03:58:02.363+0000] {spark_submit.py:649} INFO - Spark config:
[2025-04-04T03:58:02.364+0000] {spark_submit.py:649} INFO - (spark.app.name,arrow-spark)
[2025-04-04T03:58:02.364+0000] {spark_submit.py:649} INFO - (spark.app.submitTime,1743739082329)
[2025-04-04T03:58:02.365+0000] {spark_submit.py:649} INFO - (spark.hadoop.fs.s3a.impl,org.apache.hadoop.fs.s3a.S3AFileSystem)
[2025-04-04T03:58:02.365+0000] {spark_submit.py:649} INFO - (spark.jars,file:/opt/spark-3.5.0-bin-hadoop3/jars/hadoop-aws-3.3.6.jar,file:/opt/spark-3.5.0-bin-hadoop3/jars/aws-java-sdk-bundle-1.12.696.jar)
[2025-04-04T03:58:02.366+0000] {spark_submit.py:649} INFO - (spark.master,spark://spark-master:7077)
[2025-04-04T03:58:02.367+0000] {spark_submit.py:649} INFO - (spark.repl.local.jars,file:/opt/spark-3.5.0-bin-hadoop3/jars/hadoop-aws-3.3.6.jar,file:/opt/spark-3.5.0-bin-hadoop3/jars/aws-java-sdk-bundle-1.12.696.jar)
[2025-04-04T03:58:02.368+0000] {spark_submit.py:649} INFO - (spark.submit.deployMode,client)
[2025-04-04T03:58:02.369+0000] {spark_submit.py:649} INFO - (spark.submit.pyFiles,)
[2025-04-04T03:58:02.370+0000] {spark_submit.py:649} INFO - Classpath elements:
[2025-04-04T03:58:02.370+0000] {spark_submit.py:649} INFO - file:/opt/spark-3.5.0-bin-hadoop3/jars/hadoop-aws-3.3.6.jar
[2025-04-04T03:58:02.371+0000] {spark_submit.py:649} INFO - file:/opt/spark-3.5.0-bin-hadoop3/jars/aws-java-sdk-bundle-1.12.696.jar
[2025-04-04T03:58:02.372+0000] {spark_submit.py:649} INFO - 
[2025-04-04T03:58:02.373+0000] {spark_submit.py:649} INFO - 
[2025-04-04T03:58:02.374+0000] {spark_submit.py:649} INFO - 25/04/04 03:58:02 WARN DependencyUtils: Local jar /opt/spark-3.5.0-bin-hadoop3/jars/hadoop-aws-3.3.6.jar does not exist, skipping.
[2025-04-04T03:58:02.375+0000] {spark_submit.py:649} INFO - 25/04/04 03:58:02 WARN DependencyUtils: Local jar /opt/spark-3.5.0-bin-hadoop3/jars/aws-java-sdk-bundle-1.12.696.jar does not exist, skipping.
[2025-04-04T03:58:03.344+0000] {spark_submit.py:649} INFO - 25/04/04 03:58:03 INFO SparkContext: Running Spark version 3.5.0
[2025-04-04T03:58:03.345+0000] {spark_submit.py:649} INFO - 25/04/04 03:58:03 INFO SparkContext: OS info Linux, 5.15.167.4-microsoft-standard-WSL2, amd64
[2025-04-04T03:58:03.345+0000] {spark_submit.py:649} INFO - 25/04/04 03:58:03 INFO SparkContext: Java version 17.0.14
[2025-04-04T03:58:03.386+0000] {spark_submit.py:649} INFO - 25/04/04 03:58:03 INFO ResourceUtils: ==============================================================
[2025-04-04T03:58:03.387+0000] {spark_submit.py:649} INFO - 25/04/04 03:58:03 INFO ResourceUtils: No custom resources configured for spark.driver.
[2025-04-04T03:58:03.388+0000] {spark_submit.py:649} INFO - 25/04/04 03:58:03 INFO ResourceUtils: ==============================================================
[2025-04-04T03:58:03.389+0000] {spark_submit.py:649} INFO - 25/04/04 03:58:03 INFO SparkContext: Submitted application: CleanYellowData
[2025-04-04T03:58:03.411+0000] {spark_submit.py:649} INFO - 25/04/04 03:58:03 INFO ResourceProfile: Default ResourceProfile created, executor resources: Map(memory -> name: memory, amount: 1024, script: , vendor: , offHeap -> name: offHeap, amount: 0, script: , vendor: ), task resources: Map(cpus -> name: cpus, amount: 1.0)
[2025-04-04T03:58:03.420+0000] {spark_submit.py:649} INFO - 25/04/04 03:58:03 INFO ResourceProfile: Limiting resource is cpu
[2025-04-04T03:58:03.421+0000] {spark_submit.py:649} INFO - 25/04/04 03:58:03 INFO ResourceProfileManager: Added ResourceProfile id: 0
[2025-04-04T03:58:03.495+0000] {spark_submit.py:649} INFO - 25/04/04 03:58:03 INFO SecurityManager: Changing view acls to: airflow
[2025-04-04T03:58:03.498+0000] {spark_submit.py:649} INFO - 25/04/04 03:58:03 INFO SecurityManager: Changing modify acls to: airflow
[2025-04-04T03:58:03.499+0000] {spark_submit.py:649} INFO - 25/04/04 03:58:03 INFO SecurityManager: Changing view acls groups to:
[2025-04-04T03:58:03.500+0000] {spark_submit.py:649} INFO - 25/04/04 03:58:03 INFO SecurityManager: Changing modify acls groups to:
[2025-04-04T03:58:03.501+0000] {spark_submit.py:649} INFO - 25/04/04 03:58:03 INFO SecurityManager: SecurityManager: authentication disabled; ui acls disabled; users with view permissions: airflow; groups with view permissions: EMPTY; users with modify permissions: airflow; groups with modify permissions: EMPTY
[2025-04-04T03:58:03.705+0000] {spark_submit.py:649} INFO - 25/04/04 03:58:03 INFO Utils: Successfully started service 'sparkDriver' on port 33857.
[2025-04-04T03:58:03.729+0000] {spark_submit.py:649} INFO - 25/04/04 03:58:03 INFO SparkEnv: Registering MapOutputTracker
[2025-04-04T03:58:03.763+0000] {spark_submit.py:649} INFO - 25/04/04 03:58:03 INFO SparkEnv: Registering BlockManagerMaster
[2025-04-04T03:58:03.776+0000] {spark_submit.py:649} INFO - 25/04/04 03:58:03 INFO BlockManagerMasterEndpoint: Using org.apache.spark.storage.DefaultTopologyMapper for getting topology information
[2025-04-04T03:58:03.777+0000] {spark_submit.py:649} INFO - 25/04/04 03:58:03 INFO BlockManagerMasterEndpoint: BlockManagerMasterEndpoint up
[2025-04-04T03:58:03.780+0000] {spark_submit.py:649} INFO - 25/04/04 03:58:03 INFO SparkEnv: Registering BlockManagerMasterHeartbeat
[2025-04-04T03:58:03.810+0000] {spark_submit.py:649} INFO - 25/04/04 03:58:03 INFO DiskBlockManager: Created local directory at /tmp/blockmgr-dae0fdf2-c13b-4681-a13f-f165f94f71ab
[2025-04-04T03:58:03.822+0000] {spark_submit.py:649} INFO - 25/04/04 03:58:03 INFO MemoryStore: MemoryStore started with capacity 434.4 MiB
[2025-04-04T03:58:03.835+0000] {spark_submit.py:649} INFO - 25/04/04 03:58:03 INFO SparkEnv: Registering OutputCommitCoordinator
[2025-04-04T03:58:03.949+0000] {spark_submit.py:649} INFO - 25/04/04 03:58:03 INFO JettyUtils: Start Jetty 0.0.0.0:4040 for SparkUI
[2025-04-04T03:58:04.018+0000] {spark_submit.py:649} INFO - 25/04/04 03:58:04 INFO Utils: Successfully started service 'SparkUI' on port 4040.
[2025-04-04T03:58:04.048+0000] {spark_submit.py:649} INFO - 25/04/04 03:58:04 ERROR SparkContext: Failed to add file:/opt/spark-3.5.0-bin-hadoop3/jars/hadoop-aws-3.3.6.jar to Spark environment
[2025-04-04T03:58:04.049+0000] {spark_submit.py:649} INFO - java.io.FileNotFoundException: Jar /opt/spark-3.5.0-bin-hadoop3/jars/hadoop-aws-3.3.6.jar not found
[2025-04-04T03:58:04.050+0000] {spark_submit.py:649} INFO - at org.apache.spark.SparkContext.addLocalJarFile$1(SparkContext.scala:2100)
[2025-04-04T03:58:04.051+0000] {spark_submit.py:649} INFO - at org.apache.spark.SparkContext.addJar(SparkContext.scala:2156)
[2025-04-04T03:58:04.052+0000] {spark_submit.py:649} INFO - at org.apache.spark.SparkContext.$anonfun$new$15(SparkContext.scala:526)
[2025-04-04T03:58:04.052+0000] {spark_submit.py:649} INFO - at org.apache.spark.SparkContext.$anonfun$new$15$adapted(SparkContext.scala:526)
[2025-04-04T03:58:04.053+0000] {spark_submit.py:649} INFO - at scala.collection.mutable.ResizableArray.foreach(ResizableArray.scala:62)
[2025-04-04T03:58:04.054+0000] {spark_submit.py:649} INFO - at scala.collection.mutable.ResizableArray.foreach$(ResizableArray.scala:55)
[2025-04-04T03:58:04.055+0000] {spark_submit.py:649} INFO - at scala.collection.mutable.ArrayBuffer.foreach(ArrayBuffer.scala:49)
[2025-04-04T03:58:04.055+0000] {spark_submit.py:649} INFO - at org.apache.spark.SparkContext.<init>(SparkContext.scala:526)
[2025-04-04T03:58:04.056+0000] {spark_submit.py:649} INFO - at org.apache.spark.api.java.JavaSparkContext.<init>(JavaSparkContext.scala:58)
[2025-04-04T03:58:04.057+0000] {spark_submit.py:649} INFO - at java.base/jdk.internal.reflect.NativeConstructorAccessorImpl.newInstance0(Native Method)
[2025-04-04T03:58:04.058+0000] {spark_submit.py:649} INFO - at java.base/jdk.internal.reflect.NativeConstructorAccessorImpl.newInstance(NativeConstructorAccessorImpl.java:77)
[2025-04-04T03:58:04.059+0000] {spark_submit.py:649} INFO - at java.base/jdk.internal.reflect.DelegatingConstructorAccessorImpl.newInstance(DelegatingConstructorAccessorImpl.java:45)
[2025-04-04T03:58:04.059+0000] {spark_submit.py:649} INFO - at java.base/java.lang.reflect.Constructor.newInstanceWithCaller(Constructor.java:500)
[2025-04-04T03:58:04.060+0000] {spark_submit.py:649} INFO - at java.base/java.lang.reflect.Constructor.newInstance(Constructor.java:481)
[2025-04-04T03:58:04.061+0000] {spark_submit.py:649} INFO - at py4j.reflection.MethodInvoker.invoke(MethodInvoker.java:247)
[2025-04-04T03:58:04.062+0000] {spark_submit.py:649} INFO - at py4j.reflection.ReflectionEngine.invoke(ReflectionEngine.java:374)
[2025-04-04T03:58:04.063+0000] {spark_submit.py:649} INFO - at py4j.Gateway.invoke(Gateway.java:238)
[2025-04-04T03:58:04.064+0000] {spark_submit.py:649} INFO - at py4j.commands.ConstructorCommand.invokeConstructor(ConstructorCommand.java:80)
[2025-04-04T03:58:04.064+0000] {spark_submit.py:649} INFO - at py4j.commands.ConstructorCommand.execute(ConstructorCommand.java:69)
[2025-04-04T03:58:04.065+0000] {spark_submit.py:649} INFO - at py4j.ClientServerConnection.waitForCommands(ClientServerConnection.java:182)
[2025-04-04T03:58:04.066+0000] {spark_submit.py:649} INFO - at py4j.ClientServerConnection.run(ClientServerConnection.java:106)
[2025-04-04T03:58:04.067+0000] {spark_submit.py:649} INFO - at java.base/java.lang.Thread.run(Thread.java:840)
[2025-04-04T03:58:04.067+0000] {spark_submit.py:649} INFO - 25/04/04 03:58:04 ERROR SparkContext: Failed to add file:/opt/spark-3.5.0-bin-hadoop3/jars/aws-java-sdk-bundle-1.12.696.jar to Spark environment
[2025-04-04T03:58:04.068+0000] {spark_submit.py:649} INFO - java.io.FileNotFoundException: Jar /opt/spark-3.5.0-bin-hadoop3/jars/aws-java-sdk-bundle-1.12.696.jar not found
[2025-04-04T03:58:04.069+0000] {spark_submit.py:649} INFO - at org.apache.spark.SparkContext.addLocalJarFile$1(SparkContext.scala:2100)
[2025-04-04T03:58:04.069+0000] {spark_submit.py:649} INFO - at org.apache.spark.SparkContext.addJar(SparkContext.scala:2156)
[2025-04-04T03:58:04.070+0000] {spark_submit.py:649} INFO - at org.apache.spark.SparkContext.$anonfun$new$15(SparkContext.scala:526)
[2025-04-04T03:58:04.071+0000] {spark_submit.py:649} INFO - at org.apache.spark.SparkContext.$anonfun$new$15$adapted(SparkContext.scala:526)
[2025-04-04T03:58:04.071+0000] {spark_submit.py:649} INFO - at scala.collection.mutable.ResizableArray.foreach(ResizableArray.scala:62)
[2025-04-04T03:58:04.072+0000] {spark_submit.py:649} INFO - at scala.collection.mutable.ResizableArray.foreach$(ResizableArray.scala:55)
[2025-04-04T03:58:04.072+0000] {spark_submit.py:649} INFO - at scala.collection.mutable.ArrayBuffer.foreach(ArrayBuffer.scala:49)
[2025-04-04T03:58:04.073+0000] {spark_submit.py:649} INFO - at org.apache.spark.SparkContext.<init>(SparkContext.scala:526)
[2025-04-04T03:58:04.074+0000] {spark_submit.py:649} INFO - at org.apache.spark.api.java.JavaSparkContext.<init>(JavaSparkContext.scala:58)
[2025-04-04T03:58:04.074+0000] {spark_submit.py:649} INFO - at java.base/jdk.internal.reflect.NativeConstructorAccessorImpl.newInstance0(Native Method)
[2025-04-04T03:58:04.075+0000] {spark_submit.py:649} INFO - at java.base/jdk.internal.reflect.NativeConstructorAccessorImpl.newInstance(NativeConstructorAccessorImpl.java:77)
[2025-04-04T03:58:04.075+0000] {spark_submit.py:649} INFO - at java.base/jdk.internal.reflect.DelegatingConstructorAccessorImpl.newInstance(DelegatingConstructorAccessorImpl.java:45)
[2025-04-04T03:58:04.076+0000] {spark_submit.py:649} INFO - at java.base/java.lang.reflect.Constructor.newInstanceWithCaller(Constructor.java:500)
[2025-04-04T03:58:04.077+0000] {spark_submit.py:649} INFO - at java.base/java.lang.reflect.Constructor.newInstance(Constructor.java:481)
[2025-04-04T03:58:04.077+0000] {spark_submit.py:649} INFO - at py4j.reflection.MethodInvoker.invoke(MethodInvoker.java:247)
[2025-04-04T03:58:04.078+0000] {spark_submit.py:649} INFO - at py4j.reflection.ReflectionEngine.invoke(ReflectionEngine.java:374)
[2025-04-04T03:58:04.079+0000] {spark_submit.py:649} INFO - at py4j.Gateway.invoke(Gateway.java:238)
[2025-04-04T03:58:04.079+0000] {spark_submit.py:649} INFO - at py4j.commands.ConstructorCommand.invokeConstructor(ConstructorCommand.java:80)
[2025-04-04T03:58:04.080+0000] {spark_submit.py:649} INFO - at py4j.commands.ConstructorCommand.execute(ConstructorCommand.java:69)
[2025-04-04T03:58:04.081+0000] {spark_submit.py:649} INFO - at py4j.ClientServerConnection.waitForCommands(ClientServerConnection.java:182)
[2025-04-04T03:58:04.082+0000] {spark_submit.py:649} INFO - at py4j.ClientServerConnection.run(ClientServerConnection.java:106)
[2025-04-04T03:58:04.083+0000] {spark_submit.py:649} INFO - at java.base/java.lang.Thread.run(Thread.java:840)
[2025-04-04T03:58:04.125+0000] {spark_submit.py:649} INFO - 25/04/04 03:58:04 INFO StandaloneAppClient$ClientEndpoint: Connecting to master spark://spark-master:7077...
[2025-04-04T03:58:04.157+0000] {spark_submit.py:649} INFO - 25/04/04 03:58:04 INFO TransportClientFactory: Successfully created connection to spark-master/172.24.0.3:7077 after 17 ms (0 ms spent in bootstraps)
[2025-04-04T03:58:04.247+0000] {spark_submit.py:649} INFO - 25/04/04 03:58:04 INFO StandaloneSchedulerBackend: Connected to Spark cluster with app ID app-20250404035804-0001
[2025-04-04T03:58:04.250+0000] {spark_submit.py:649} INFO - 25/04/04 03:58:04 INFO StandaloneAppClient$ClientEndpoint: Executor added: app-20250404035804-0001/0 on worker-20250404035254-172.24.0.8-37625 (172.24.0.8:37625) with 2 core(s)
[2025-04-04T03:58:04.252+0000] {spark_submit.py:649} INFO - 25/04/04 03:58:04 INFO StandaloneSchedulerBackend: Granted executor ID app-20250404035804-0001/0 on hostPort 172.24.0.8:37625 with 2 core(s), 1024.0 MiB RAM
[2025-04-04T03:58:04.257+0000] {spark_submit.py:649} INFO - 25/04/04 03:58:04 INFO Utils: Successfully started service 'org.apache.spark.network.netty.NettyBlockTransferService' on port 44661.
[2025-04-04T03:58:04.257+0000] {spark_submit.py:649} INFO - 25/04/04 03:58:04 INFO NettyBlockTransferService: Server created on 2f2a4ac03060:44661
[2025-04-04T03:58:04.259+0000] {spark_submit.py:649} INFO - 25/04/04 03:58:04 INFO BlockManager: Using org.apache.spark.storage.RandomBlockReplicationPolicy for block replication policy
[2025-04-04T03:58:04.264+0000] {spark_submit.py:649} INFO - 25/04/04 03:58:04 INFO BlockManagerMaster: Registering BlockManager BlockManagerId(driver, 2f2a4ac03060, 44661, None)
[2025-04-04T03:58:04.268+0000] {spark_submit.py:649} INFO - 25/04/04 03:58:04 INFO BlockManagerMasterEndpoint: Registering block manager 2f2a4ac03060:44661 with 434.4 MiB RAM, BlockManagerId(driver, 2f2a4ac03060, 44661, None)
[2025-04-04T03:58:04.271+0000] {spark_submit.py:649} INFO - 25/04/04 03:58:04 INFO BlockManagerMaster: Registered BlockManager BlockManagerId(driver, 2f2a4ac03060, 44661, None)
[2025-04-04T03:58:04.272+0000] {spark_submit.py:649} INFO - 25/04/04 03:58:04 INFO BlockManager: Initialized BlockManager: BlockManagerId(driver, 2f2a4ac03060, 44661, None)
[2025-04-04T03:58:04.293+0000] {spark_submit.py:649} INFO - 25/04/04 03:58:04 INFO StandaloneAppClient$ClientEndpoint: Executor updated: app-20250404035804-0001/0 is now RUNNING
[2025-04-04T03:58:04.486+0000] {spark_submit.py:649} INFO - 25/04/04 03:58:04 INFO StandaloneSchedulerBackend: SchedulerBackend is ready for scheduling beginning after reached minRegisteredResourcesRatio: 0.0
[2025-04-04T03:58:04.703+0000] {spark_submit.py:649} INFO - ✅ Spark session received from DAG
[2025-04-04T03:58:04.704+0000] {spark_submit.py:649} INFO - 📥 Reading raw data...
[2025-04-04T03:58:04.724+0000] {spark_submit.py:649} INFO - 25/04/04 03:58:04 INFO SharedState: Setting hive.metastore.warehouse.dir ('null') to the value of spark.sql.warehouse.dir.
[2025-04-04T03:58:04.728+0000] {spark_submit.py:649} INFO - 25/04/04 03:58:04 INFO SharedState: Warehouse path is 'file:/opt/airflow/spark-warehouse'.
[2025-04-04T03:58:05.859+0000] {spark_submit.py:649} INFO - 25/04/04 03:58:05 WARN FileStreamSink: Assume no metadata directory. Error while looking for metadata directory in the path: s3a://nyc-taxi/raw/yellow_tripdata_2023-01.parquet.
[2025-04-04T03:58:05.860+0000] {spark_submit.py:649} INFO - java.lang.RuntimeException: java.lang.ClassNotFoundException: Class org.apache.hadoop.fs.s3a.S3AFileSystem not found
[2025-04-04T03:58:05.860+0000] {spark_submit.py:649} INFO - at org.apache.hadoop.conf.Configuration.getClass(Configuration.java:2688)
[2025-04-04T03:58:05.861+0000] {spark_submit.py:649} INFO - at org.apache.hadoop.fs.FileSystem.getFileSystemClass(FileSystem.java:3431)
[2025-04-04T03:58:05.861+0000] {spark_submit.py:649} INFO - at org.apache.hadoop.fs.FileSystem.createFileSystem(FileSystem.java:3466)
[2025-04-04T03:58:05.862+0000] {spark_submit.py:649} INFO - at org.apache.hadoop.fs.FileSystem.access$300(FileSystem.java:174)
[2025-04-04T03:58:05.863+0000] {spark_submit.py:649} INFO - at org.apache.hadoop.fs.FileSystem$Cache.getInternal(FileSystem.java:3574)
[2025-04-04T03:58:05.863+0000] {spark_submit.py:649} INFO - at org.apache.hadoop.fs.FileSystem$Cache.get(FileSystem.java:3521)
[2025-04-04T03:58:05.864+0000] {spark_submit.py:649} INFO - at org.apache.hadoop.fs.FileSystem.get(FileSystem.java:540)
[2025-04-04T03:58:05.864+0000] {spark_submit.py:649} INFO - at org.apache.hadoop.fs.Path.getFileSystem(Path.java:365)
[2025-04-04T03:58:05.865+0000] {spark_submit.py:649} INFO - at org.apache.spark.sql.execution.streaming.FileStreamSink$.hasMetadata(FileStreamSink.scala:53)
[2025-04-04T03:58:05.865+0000] {spark_submit.py:649} INFO - at org.apache.spark.sql.execution.datasources.DataSource.resolveRelation(DataSource.scala:366)
[2025-04-04T03:58:05.866+0000] {spark_submit.py:649} INFO - at org.apache.spark.sql.DataFrameReader.loadV1Source(DataFrameReader.scala:229)
[2025-04-04T03:58:05.867+0000] {spark_submit.py:649} INFO - at org.apache.spark.sql.DataFrameReader.$anonfun$load$2(DataFrameReader.scala:211)
[2025-04-04T03:58:05.867+0000] {spark_submit.py:649} INFO - at scala.Option.getOrElse(Option.scala:189)
[2025-04-04T03:58:05.868+0000] {spark_submit.py:649} INFO - at org.apache.spark.sql.DataFrameReader.load(DataFrameReader.scala:211)
[2025-04-04T03:58:05.868+0000] {spark_submit.py:649} INFO - at org.apache.spark.sql.DataFrameReader.parquet(DataFrameReader.scala:563)
[2025-04-04T03:58:05.869+0000] {spark_submit.py:649} INFO - at java.base/jdk.internal.reflect.NativeMethodAccessorImpl.invoke0(Native Method)
[2025-04-04T03:58:05.869+0000] {spark_submit.py:649} INFO - at java.base/jdk.internal.reflect.NativeMethodAccessorImpl.invoke(NativeMethodAccessorImpl.java:77)
[2025-04-04T03:58:05.870+0000] {spark_submit.py:649} INFO - at java.base/jdk.internal.reflect.DelegatingMethodAccessorImpl.invoke(DelegatingMethodAccessorImpl.java:43)
[2025-04-04T03:58:05.871+0000] {spark_submit.py:649} INFO - at java.base/java.lang.reflect.Method.invoke(Method.java:569)
[2025-04-04T03:58:05.871+0000] {spark_submit.py:649} INFO - at py4j.reflection.MethodInvoker.invoke(MethodInvoker.java:244)
[2025-04-04T03:58:05.871+0000] {spark_submit.py:649} INFO - at py4j.reflection.ReflectionEngine.invoke(ReflectionEngine.java:374)
[2025-04-04T03:58:05.872+0000] {spark_submit.py:649} INFO - at py4j.Gateway.invoke(Gateway.java:282)
[2025-04-04T03:58:05.873+0000] {spark_submit.py:649} INFO - at py4j.commands.AbstractCommand.invokeMethod(AbstractCommand.java:132)
[2025-04-04T03:58:05.873+0000] {spark_submit.py:649} INFO - at py4j.commands.CallCommand.execute(CallCommand.java:79)
[2025-04-04T03:58:05.873+0000] {spark_submit.py:649} INFO - at py4j.ClientServerConnection.waitForCommands(ClientServerConnection.java:182)
[2025-04-04T03:58:05.874+0000] {spark_submit.py:649} INFO - at py4j.ClientServerConnection.run(ClientServerConnection.java:106)
[2025-04-04T03:58:05.874+0000] {spark_submit.py:649} INFO - at java.base/java.lang.Thread.run(Thread.java:840)
[2025-04-04T03:58:05.875+0000] {spark_submit.py:649} INFO - Caused by: java.lang.ClassNotFoundException: Class org.apache.hadoop.fs.s3a.S3AFileSystem not found
[2025-04-04T03:58:05.875+0000] {spark_submit.py:649} INFO - at org.apache.hadoop.conf.Configuration.getClassByName(Configuration.java:2592)
[2025-04-04T03:58:05.876+0000] {spark_submit.py:649} INFO - at org.apache.hadoop.conf.Configuration.getClass(Configuration.java:2686)
[2025-04-04T03:58:05.877+0000] {spark_submit.py:649} INFO - ... 26 more
[2025-04-04T03:58:05.951+0000] {spark_submit.py:649} INFO - Traceback (most recent call last):
[2025-04-04T03:58:05.953+0000] {spark_submit.py:649} INFO - File "/opt/spark-app/clean_yellow_tripdata.py", line 9, in <module>
[2025-04-04T03:58:05.963+0000] {spark_submit.py:649} INFO - clean_yellow_tripdata(spark)
[2025-04-04T03:58:05.965+0000] {spark_submit.py:649} INFO - File "/opt/pipeline/transform/clean_yellow_tripdata.py", line 9, in clean_yellow_tripdata
[2025-04-04T03:58:05.976+0000] {spark_submit.py:649} INFO - df = spark.read.parquet(raw_path)
[2025-04-04T03:58:05.977+0000] {spark_submit.py:649} INFO - File "/opt/spark/python/lib/pyspark.zip/pyspark/sql/readwriter.py", line 544, in parquet
[2025-04-04T03:58:05.978+0000] {spark_submit.py:649} INFO - File "/opt/spark/python/lib/py4j-0.10.9.7-src.zip/py4j/java_gateway.py", line 1322, in __call__
[2025-04-04T03:58:05.979+0000] {spark_submit.py:649} INFO - File "/opt/spark/python/lib/pyspark.zip/pyspark/errors/exceptions/captured.py", line 179, in deco
[2025-04-04T03:58:05.980+0000] {spark_submit.py:649} INFO - File "/opt/spark/python/lib/py4j-0.10.9.7-src.zip/py4j/protocol.py", line 326, in get_return_value
[2025-04-04T03:58:05.983+0000] {spark_submit.py:649} INFO - py4j.protocol.Py4JJavaError: An error occurred while calling o27.parquet.
[2025-04-04T03:58:05.985+0000] {spark_submit.py:649} INFO - : java.lang.RuntimeException: java.lang.ClassNotFoundException: Class org.apache.hadoop.fs.s3a.S3AFileSystem not found
[2025-04-04T03:58:05.986+0000] {spark_submit.py:649} INFO - at org.apache.hadoop.conf.Configuration.getClass(Configuration.java:2688)
[2025-04-04T03:58:05.987+0000] {spark_submit.py:649} INFO - at org.apache.hadoop.fs.FileSystem.getFileSystemClass(FileSystem.java:3431)
[2025-04-04T03:58:05.987+0000] {spark_submit.py:649} INFO - at org.apache.hadoop.fs.FileSystem.createFileSystem(FileSystem.java:3466)
[2025-04-04T03:58:05.988+0000] {spark_submit.py:649} INFO - at org.apache.hadoop.fs.FileSystem.access$300(FileSystem.java:174)
[2025-04-04T03:58:05.989+0000] {spark_submit.py:649} INFO - at org.apache.hadoop.fs.FileSystem$Cache.getInternal(FileSystem.java:3574)
[2025-04-04T03:58:05.989+0000] {spark_submit.py:649} INFO - at org.apache.hadoop.fs.FileSystem$Cache.get(FileSystem.java:3521)
[2025-04-04T03:58:05.990+0000] {spark_submit.py:649} INFO - at org.apache.hadoop.fs.FileSystem.get(FileSystem.java:540)
[2025-04-04T03:58:05.990+0000] {spark_submit.py:649} INFO - at org.apache.hadoop.fs.Path.getFileSystem(Path.java:365)
[2025-04-04T03:58:05.991+0000] {spark_submit.py:649} INFO - at org.apache.spark.sql.execution.datasources.DataSource$.$anonfun$checkAndGlobPathIfNecessary$1(DataSource.scala:724)
[2025-04-04T03:58:05.992+0000] {spark_submit.py:649} INFO - at scala.collection.immutable.List.map(List.scala:293)
[2025-04-04T03:58:05.992+0000] {spark_submit.py:649} INFO - at org.apache.spark.sql.execution.datasources.DataSource$.checkAndGlobPathIfNecessary(DataSource.scala:722)
[2025-04-04T03:58:05.993+0000] {spark_submit.py:649} INFO - at org.apache.spark.sql.execution.datasources.DataSource.checkAndGlobPathIfNecessary(DataSource.scala:551)
[2025-04-04T03:58:05.994+0000] {spark_submit.py:649} INFO - at org.apache.spark.sql.execution.datasources.DataSource.resolveRelation(DataSource.scala:404)
[2025-04-04T03:58:05.994+0000] {spark_submit.py:649} INFO - at org.apache.spark.sql.DataFrameReader.loadV1Source(DataFrameReader.scala:229)
[2025-04-04T03:58:05.995+0000] {spark_submit.py:649} INFO - at org.apache.spark.sql.DataFrameReader.$anonfun$load$2(DataFrameReader.scala:211)
[2025-04-04T03:58:05.995+0000] {spark_submit.py:649} INFO - at scala.Option.getOrElse(Option.scala:189)
[2025-04-04T03:58:05.996+0000] {spark_submit.py:649} INFO - at org.apache.spark.sql.DataFrameReader.load(DataFrameReader.scala:211)
[2025-04-04T03:58:05.996+0000] {spark_submit.py:649} INFO - at org.apache.spark.sql.DataFrameReader.parquet(DataFrameReader.scala:563)
[2025-04-04T03:58:05.997+0000] {spark_submit.py:649} INFO - at java.base/jdk.internal.reflect.NativeMethodAccessorImpl.invoke0(Native Method)
[2025-04-04T03:58:05.997+0000] {spark_submit.py:649} INFO - at java.base/jdk.internal.reflect.NativeMethodAccessorImpl.invoke(NativeMethodAccessorImpl.java:77)
[2025-04-04T03:58:05.997+0000] {spark_submit.py:649} INFO - at java.base/jdk.internal.reflect.DelegatingMethodAccessorImpl.invoke(DelegatingMethodAccessorImpl.java:43)
[2025-04-04T03:58:05.998+0000] {spark_submit.py:649} INFO - at java.base/java.lang.reflect.Method.invoke(Method.java:569)
[2025-04-04T03:58:05.999+0000] {spark_submit.py:649} INFO - at py4j.reflection.MethodInvoker.invoke(MethodInvoker.java:244)
[2025-04-04T03:58:06.000+0000] {spark_submit.py:649} INFO - at py4j.reflection.ReflectionEngine.invoke(ReflectionEngine.java:374)
[2025-04-04T03:58:06.000+0000] {spark_submit.py:649} INFO - at py4j.Gateway.invoke(Gateway.java:282)
[2025-04-04T03:58:06.001+0000] {spark_submit.py:649} INFO - at py4j.commands.AbstractCommand.invokeMethod(AbstractCommand.java:132)
[2025-04-04T03:58:06.001+0000] {spark_submit.py:649} INFO - at py4j.commands.CallCommand.execute(CallCommand.java:79)
[2025-04-04T03:58:06.002+0000] {spark_submit.py:649} INFO - at py4j.ClientServerConnection.waitForCommands(ClientServerConnection.java:182)
[2025-04-04T03:58:06.002+0000] {spark_submit.py:649} INFO - at py4j.ClientServerConnection.run(ClientServerConnection.java:106)
[2025-04-04T03:58:06.003+0000] {spark_submit.py:649} INFO - at java.base/java.lang.Thread.run(Thread.java:840)
[2025-04-04T03:58:06.004+0000] {spark_submit.py:649} INFO - Caused by: java.lang.ClassNotFoundException: Class org.apache.hadoop.fs.s3a.S3AFileSystem not found
[2025-04-04T03:58:06.004+0000] {spark_submit.py:649} INFO - at org.apache.hadoop.conf.Configuration.getClassByName(Configuration.java:2592)
[2025-04-04T03:58:06.005+0000] {spark_submit.py:649} INFO - at org.apache.hadoop.conf.Configuration.getClass(Configuration.java:2686)
[2025-04-04T03:58:06.006+0000] {spark_submit.py:649} INFO - ... 29 more
[2025-04-04T03:58:06.006+0000] {spark_submit.py:649} INFO - 
[2025-04-04T03:58:06.042+0000] {spark_submit.py:649} INFO - 25/04/04 03:58:06 INFO SparkContext: Invoking stop() from shutdown hook
[2025-04-04T03:58:06.043+0000] {spark_submit.py:649} INFO - 25/04/04 03:58:06 INFO SparkContext: SparkContext is stopping with exitCode 0.
[2025-04-04T03:58:06.061+0000] {spark_submit.py:649} INFO - 25/04/04 03:58:06 INFO SparkUI: Stopped Spark web UI at http://2f2a4ac03060:4040
[2025-04-04T03:58:06.065+0000] {spark_submit.py:649} INFO - 25/04/04 03:58:06 INFO StandaloneSchedulerBackend: Shutting down all executors
[2025-04-04T03:58:06.068+0000] {spark_submit.py:649} INFO - 25/04/04 03:58:06 INFO StandaloneSchedulerBackend$StandaloneDriverEndpoint: Asking each executor to shut down
[2025-04-04T03:58:06.085+0000] {spark_submit.py:649} INFO - 25/04/04 03:58:06 INFO MapOutputTrackerMasterEndpoint: MapOutputTrackerMasterEndpoint stopped!
[2025-04-04T03:58:06.106+0000] {spark_submit.py:649} INFO - 25/04/04 03:58:06 INFO MemoryStore: MemoryStore cleared
[2025-04-04T03:58:06.107+0000] {spark_submit.py:649} INFO - 25/04/04 03:58:06 INFO BlockManager: BlockManager stopped
[2025-04-04T03:58:06.112+0000] {spark_submit.py:649} INFO - 25/04/04 03:58:06 INFO BlockManagerMaster: BlockManagerMaster stopped
[2025-04-04T03:58:06.113+0000] {spark_submit.py:649} INFO - 25/04/04 03:58:06 INFO OutputCommitCoordinator$OutputCommitCoordinatorEndpoint: OutputCommitCoordinator stopped!
[2025-04-04T03:58:06.124+0000] {spark_submit.py:649} INFO - 25/04/04 03:58:06 INFO SparkContext: Successfully stopped SparkContext
[2025-04-04T03:58:06.125+0000] {spark_submit.py:649} INFO - 25/04/04 03:58:06 INFO ShutdownHookManager: Shutdown hook called
[2025-04-04T03:58:06.125+0000] {spark_submit.py:649} INFO - 25/04/04 03:58:06 INFO ShutdownHookManager: Deleting directory /tmp/spark-8390ce7a-3769-445c-a194-f369d8bdb5ff
[2025-04-04T03:58:06.128+0000] {spark_submit.py:649} INFO - 25/04/04 03:58:06 INFO ShutdownHookManager: Deleting directory /tmp/spark-c660c7e9-c68e-4f8c-9260-9ebbcbf932b6/pyspark-61e1cba1-e452-4bb6-b354-14b8cc9debd3
[2025-04-04T03:58:06.132+0000] {spark_submit.py:649} INFO - 25/04/04 03:58:06 INFO ShutdownHookManager: Deleting directory /tmp/spark-c660c7e9-c68e-4f8c-9260-9ebbcbf932b6
[2025-04-04T03:58:06.180+0000] {taskinstance.py:2698} ERROR - Task failed with exception
Traceback (most recent call last):
  File "/home/airflow/.local/lib/python3.8/site-packages/airflow/models/taskinstance.py", line 433, in _execute_task
    result = execute_callable(context=context, **execute_callable_kwargs)
  File "/home/airflow/.local/lib/python3.8/site-packages/airflow/providers/apache/spark/operators/spark_submit.py", line 176, in execute
    self._hook.submit(self.application)
  File "/home/airflow/.local/lib/python3.8/site-packages/airflow/providers/apache/spark/hooks/spark_submit.py", line 575, in submit
    raise AirflowException(
airflow.exceptions.AirflowException: Cannot execute: spark-submit --master spark://spark-master:7077 --conf spark.master=spark://spark-master:7077 --conf spark.hadoop.fs.s3a.impl=org.apache.hadoop.fs.s3a.S3AFileSystem --jars /opt/spark/jars/hadoop-aws-3.3.6.jar,/opt/spark/jars/aws-java-sdk-bundle-1.12.696.jar --name arrow-spark --verbose --queue root.default --deploy-mode client /opt/spark-app/clean_yellow_tripdata.py. Error code is: 1.
[2025-04-04T03:58:06.187+0000] {taskinstance.py:1138} INFO - Marking task as UP_FOR_RETRY. dag_id=full_pipeline_dag, task_id=clean_data_spark, execution_date=20250404T033934, start_date=20250404T035759, end_date=20250404T035806
[2025-04-04T03:58:06.386+0000] {standard_task_runner.py:107} ERROR - Failed to execute job 242 for task clean_data_spark (Cannot execute: spark-submit --master spark://spark-master:7077 --conf spark.master=spark://spark-master:7077 --conf spark.hadoop.fs.s3a.impl=org.apache.hadoop.fs.s3a.S3AFileSystem --jars /opt/spark/jars/hadoop-aws-3.3.6.jar,/opt/spark/jars/aws-java-sdk-bundle-1.12.696.jar --name arrow-spark --verbose --queue root.default --deploy-mode client /opt/spark-app/clean_yellow_tripdata.py. Error code is: 1.; 274)
[2025-04-04T03:58:06.406+0000] {local_task_job_runner.py:234} INFO - Task exited with return code 1
[2025-04-04T03:58:06.441+0000] {taskinstance.py:3280} INFO - 0 downstream tasks scheduled from follow-on schedule check
