[2025-04-04T04:32:23.779+0000] {taskinstance.py:1956} INFO - Dependencies all met for dep_context=non-requeueable deps ti=<TaskInstance: full_pipeline_dag.clean_data_spark manual__2025-04-04T03:39:34.947255+00:00 [queued]>
[2025-04-04T04:32:23.800+0000] {taskinstance.py:1956} INFO - Dependencies all met for dep_context=requeueable deps ti=<TaskInstance: full_pipeline_dag.clean_data_spark manual__2025-04-04T03:39:34.947255+00:00 [queued]>
[2025-04-04T04:32:23.800+0000] {taskinstance.py:2170} INFO - Starting attempt 13 of 15
[2025-04-04T04:32:23.872+0000] {taskinstance.py:2191} INFO - Executing <Task(SparkSubmitOperator): clean_data_spark> on 2025-04-04 03:39:34.947255+00:00
[2025-04-04T04:32:23.877+0000] {standard_task_runner.py:60} INFO - Started process 63 to run task
[2025-04-04T04:32:23.881+0000] {standard_task_runner.py:87} INFO - Running: ['airflow', 'tasks', 'run', 'full_pipeline_dag', 'clean_data_spark', 'manual__2025-04-04T03:39:34.947255+00:00', '--job-id', '252', '--raw', '--subdir', 'DAGS_FOLDER/full_pipeline_dag.py', '--cfg-path', '/tmp/tmp1ojeb6ig']
[2025-04-04T04:32:23.884+0000] {standard_task_runner.py:88} INFO - Job 252: Subtask clean_data_spark
[2025-04-04T04:32:23.941+0000] {logging_mixin.py:188} WARNING - /home/airflow/.local/lib/python3.8/site-packages/airflow/settings.py:194 DeprecationWarning: The sql_alchemy_conn option in [core] has been moved to the sql_alchemy_conn option in [database] - the old setting has been used, but please update your config.
[2025-04-04T04:32:24.049+0000] {task_command.py:423} INFO - Running <TaskInstance: full_pipeline_dag.clean_data_spark manual__2025-04-04T03:39:34.947255+00:00 [running]> on host a9e9654e9b9a
[2025-04-04T04:32:24.237+0000] {taskinstance.py:2480} INFO - Exporting env vars: AIRFLOW_CTX_DAG_OWNER='airflow' AIRFLOW_CTX_DAG_ID='full_pipeline_dag' AIRFLOW_CTX_TASK_ID='clean_data_spark' AIRFLOW_CTX_EXECUTION_DATE='2025-04-04T03:39:34.947255+00:00' AIRFLOW_CTX_TRY_NUMBER='13' AIRFLOW_CTX_DAG_RUN_ID='manual__2025-04-04T03:39:34.947255+00:00'
[2025-04-04T04:32:24.258+0000] {base.py:83} INFO - Using connection ID 'spark_default' for task execution.
[2025-04-04T04:32:24.259+0000] {spark_submit.py:473} INFO - Spark-Submit cmd: spark-submit --master spark://spark-master:7077 --conf spark.master=spark://spark-master:7077 --conf spark.hadoop.fs.s3a.impl=org.apache.hadoop.fs.s3a.S3AFileSystem --conf spark.driver.extraClassPath=/opt/spark-extra-jars/* --conf spark.executor.extraClassPath=/opt/spark-extra-jars/* --jars /opt/spark-extra-jars/hadoop-aws-3.3.6.jar,/opt/spark-extra-jars/aws-java-sdk-bundle-1.12.696.jar --name arrow-spark --verbose --queue root.default --deploy-mode client /opt/spark-app/clean_yellow_tripdata.py
[2025-04-04T04:32:26.365+0000] {spark_submit.py:649} INFO - Using properties file: null
[2025-04-04T04:32:26.459+0000] {spark_submit.py:649} INFO - Parsed arguments:
[2025-04-04T04:32:26.460+0000] {spark_submit.py:649} INFO - master                  spark://spark-master:7077
[2025-04-04T04:32:26.461+0000] {spark_submit.py:649} INFO - remote                  null
[2025-04-04T04:32:26.462+0000] {spark_submit.py:649} INFO - deployMode              client
[2025-04-04T04:32:26.463+0000] {spark_submit.py:649} INFO - executorMemory          null
[2025-04-04T04:32:26.465+0000] {spark_submit.py:649} INFO - executorCores           null
[2025-04-04T04:32:26.466+0000] {spark_submit.py:649} INFO - totalExecutorCores      null
[2025-04-04T04:32:26.467+0000] {spark_submit.py:649} INFO - propertiesFile          null
[2025-04-04T04:32:26.468+0000] {spark_submit.py:649} INFO - driverMemory            null
[2025-04-04T04:32:26.469+0000] {spark_submit.py:649} INFO - driverCores             null
[2025-04-04T04:32:26.470+0000] {spark_submit.py:649} INFO - driverExtraClassPath    /opt/spark-extra-jars/*
[2025-04-04T04:32:26.471+0000] {spark_submit.py:649} INFO - driverExtraLibraryPath  null
[2025-04-04T04:32:26.471+0000] {spark_submit.py:649} INFO - driverExtraJavaOptions  null
[2025-04-04T04:32:26.472+0000] {spark_submit.py:649} INFO - supervise               false
[2025-04-04T04:32:26.473+0000] {spark_submit.py:649} INFO - queue                   root.default
[2025-04-04T04:32:26.474+0000] {spark_submit.py:649} INFO - numExecutors            null
[2025-04-04T04:32:26.474+0000] {spark_submit.py:649} INFO - files                   null
[2025-04-04T04:32:26.475+0000] {spark_submit.py:649} INFO - pyFiles                 null
[2025-04-04T04:32:26.476+0000] {spark_submit.py:649} INFO - archives                null
[2025-04-04T04:32:26.477+0000] {spark_submit.py:649} INFO - mainClass               null
[2025-04-04T04:32:26.478+0000] {spark_submit.py:649} INFO - primaryResource         file:/opt/spark-app/clean_yellow_tripdata.py
[2025-04-04T04:32:26.479+0000] {spark_submit.py:649} INFO - name                    arrow-spark
[2025-04-04T04:32:26.479+0000] {spark_submit.py:649} INFO - childArgs               []
[2025-04-04T04:32:26.480+0000] {spark_submit.py:649} INFO - jars                    file:/opt/spark-extra-jars/hadoop-aws-3.3.6.jar,file:/opt/spark-extra-jars/aws-java-sdk-bundle-1.12.696.jar
[2025-04-04T04:32:26.481+0000] {spark_submit.py:649} INFO - packages                null
[2025-04-04T04:32:26.481+0000] {spark_submit.py:649} INFO - packagesExclusions      null
[2025-04-04T04:32:26.482+0000] {spark_submit.py:649} INFO - repositories            null
[2025-04-04T04:32:26.482+0000] {spark_submit.py:649} INFO - verbose                 true
[2025-04-04T04:32:26.483+0000] {spark_submit.py:649} INFO - 
[2025-04-04T04:32:26.484+0000] {spark_submit.py:649} INFO - Spark properties used, including those specified through
[2025-04-04T04:32:26.485+0000] {spark_submit.py:649} INFO - --conf and those from the properties file null:
[2025-04-04T04:32:26.486+0000] {spark_submit.py:649} INFO - (spark.driver.extraClassPath,/opt/spark-extra-jars/*)
[2025-04-04T04:32:26.487+0000] {spark_submit.py:649} INFO - (spark.executor.extraClassPath,/opt/spark-extra-jars/*)
[2025-04-04T04:32:26.487+0000] {spark_submit.py:649} INFO - (spark.hadoop.fs.s3a.impl,org.apache.hadoop.fs.s3a.S3AFileSystem)
[2025-04-04T04:32:26.488+0000] {spark_submit.py:649} INFO - (spark.master,spark://spark-master:7077)
[2025-04-04T04:32:26.489+0000] {spark_submit.py:649} INFO - 
[2025-04-04T04:32:26.489+0000] {spark_submit.py:649} INFO - 
[2025-04-04T04:32:26.574+0000] {spark_submit.py:649} INFO - Exception in thread "main" java.lang.NoClassDefFoundError: com/ctc/wstx/io/InputBootstrapper
[2025-04-04T04:32:26.575+0000] {spark_submit.py:649} INFO - at org.apache.spark.deploy.SparkHadoopUtil$.newConfiguration(SparkHadoopUtil.scala:427)
[2025-04-04T04:32:26.576+0000] {spark_submit.py:649} INFO - at org.apache.spark.deploy.SparkSubmit.$anonfun$prepareSubmitEnvironment$2(SparkSubmit.scala:371)
[2025-04-04T04:32:26.576+0000] {spark_submit.py:649} INFO - at scala.Option.getOrElse(Option.scala:189)
[2025-04-04T04:32:26.577+0000] {spark_submit.py:649} INFO - at org.apache.spark.deploy.SparkSubmit.prepareSubmitEnvironment(SparkSubmit.scala:371)
[2025-04-04T04:32:26.578+0000] {spark_submit.py:649} INFO - at org.apache.spark.deploy.SparkSubmit.org$apache$spark$deploy$SparkSubmit$$runMain(SparkSubmit.scala:964)
[2025-04-04T04:32:26.578+0000] {spark_submit.py:649} INFO - at org.apache.spark.deploy.SparkSubmit.doRunMain$1(SparkSubmit.scala:194)
[2025-04-04T04:32:26.579+0000] {spark_submit.py:649} INFO - at org.apache.spark.deploy.SparkSubmit.submit(SparkSubmit.scala:217)
[2025-04-04T04:32:26.579+0000] {spark_submit.py:649} INFO - at org.apache.spark.deploy.SparkSubmit.doSubmit(SparkSubmit.scala:91)
[2025-04-04T04:32:26.579+0000] {spark_submit.py:649} INFO - at org.apache.spark.deploy.SparkSubmit$$anon$2.doSubmit(SparkSubmit.scala:1120)
[2025-04-04T04:32:26.580+0000] {spark_submit.py:649} INFO - at org.apache.spark.deploy.SparkSubmit$.main(SparkSubmit.scala:1129)
[2025-04-04T04:32:26.580+0000] {spark_submit.py:649} INFO - at org.apache.spark.deploy.SparkSubmit.main(SparkSubmit.scala)
[2025-04-04T04:32:26.580+0000] {spark_submit.py:649} INFO - Caused by: java.lang.ClassNotFoundException: com.ctc.wstx.io.InputBootstrapper
[2025-04-04T04:32:26.581+0000] {spark_submit.py:649} INFO - at java.base/jdk.internal.loader.BuiltinClassLoader.loadClass(BuiltinClassLoader.java:641)
[2025-04-04T04:32:26.581+0000] {spark_submit.py:649} INFO - at java.base/jdk.internal.loader.ClassLoaders$AppClassLoader.loadClass(ClassLoaders.java:188)
[2025-04-04T04:32:26.581+0000] {spark_submit.py:649} INFO - at java.base/java.lang.ClassLoader.loadClass(ClassLoader.java:525)
[2025-04-04T04:32:26.582+0000] {spark_submit.py:649} INFO - ... 11 more
[2025-04-04T04:32:26.604+0000] {taskinstance.py:2698} ERROR - Task failed with exception
Traceback (most recent call last):
  File "/home/airflow/.local/lib/python3.8/site-packages/airflow/models/taskinstance.py", line 433, in _execute_task
    result = execute_callable(context=context, **execute_callable_kwargs)
  File "/home/airflow/.local/lib/python3.8/site-packages/airflow/providers/apache/spark/operators/spark_submit.py", line 176, in execute
    self._hook.submit(self.application)
  File "/home/airflow/.local/lib/python3.8/site-packages/airflow/providers/apache/spark/hooks/spark_submit.py", line 575, in submit
    raise AirflowException(
airflow.exceptions.AirflowException: Cannot execute: spark-submit --master spark://spark-master:7077 --conf spark.master=spark://spark-master:7077 --conf spark.hadoop.fs.s3a.impl=org.apache.hadoop.fs.s3a.S3AFileSystem --conf spark.driver.extraClassPath=/opt/spark-extra-jars/* --conf spark.executor.extraClassPath=/opt/spark-extra-jars/* --jars /opt/spark-extra-jars/hadoop-aws-3.3.6.jar,/opt/spark-extra-jars/aws-java-sdk-bundle-1.12.696.jar --name arrow-spark --verbose --queue root.default --deploy-mode client /opt/spark-app/clean_yellow_tripdata.py. Error code is: 1.
[2025-04-04T04:32:26.608+0000] {taskinstance.py:1138} INFO - Marking task as UP_FOR_RETRY. dag_id=full_pipeline_dag, task_id=clean_data_spark, execution_date=20250404T033934, start_date=20250404T043223, end_date=20250404T043226
[2025-04-04T04:32:26.781+0000] {standard_task_runner.py:107} ERROR - Failed to execute job 252 for task clean_data_spark (Cannot execute: spark-submit --master spark://spark-master:7077 --conf spark.master=spark://spark-master:7077 --conf spark.hadoop.fs.s3a.impl=org.apache.hadoop.fs.s3a.S3AFileSystem --conf spark.driver.extraClassPath=/opt/spark-extra-jars/* --conf spark.executor.extraClassPath=/opt/spark-extra-jars/* --jars /opt/spark-extra-jars/hadoop-aws-3.3.6.jar,/opt/spark-extra-jars/aws-java-sdk-bundle-1.12.696.jar --name arrow-spark --verbose --queue root.default --deploy-mode client /opt/spark-app/clean_yellow_tripdata.py. Error code is: 1.; 63)
[2025-04-04T04:32:26.789+0000] {local_task_job_runner.py:234} INFO - Task exited with return code 1
[2025-04-04T04:32:26.829+0000] {taskinstance.py:3280} INFO - 0 downstream tasks scheduled from follow-on schedule check
