[2025-04-04T04:03:35.674+0000] {taskinstance.py:1956} INFO - Dependencies all met for dep_context=non-requeueable deps ti=<TaskInstance: full_pipeline_dag.clean_data_spark manual__2025-04-04T03:39:34.947255+00:00 [queued]>
[2025-04-04T04:03:35.694+0000] {taskinstance.py:1956} INFO - Dependencies all met for dep_context=requeueable deps ti=<TaskInstance: full_pipeline_dag.clean_data_spark manual__2025-04-04T03:39:34.947255+00:00 [queued]>
[2025-04-04T04:03:35.695+0000] {taskinstance.py:2170} INFO - Starting attempt 9 of 9
[2025-04-04T04:03:35.740+0000] {taskinstance.py:2191} INFO - Executing <Task(SparkSubmitOperator): clean_data_spark> on 2025-04-04 03:39:34.947255+00:00
[2025-04-04T04:03:35.745+0000] {standard_task_runner.py:60} INFO - Started process 471 to run task
[2025-04-04T04:03:35.748+0000] {standard_task_runner.py:87} INFO - Running: ['airflow', 'tasks', 'run', 'full_pipeline_dag', 'clean_data_spark', 'manual__2025-04-04T03:39:34.947255+00:00', '--job-id', '247', '--raw', '--subdir', 'DAGS_FOLDER/full_pipeline_dag.py', '--cfg-path', '/tmp/tmpqa9z9ffw']
[2025-04-04T04:03:35.750+0000] {standard_task_runner.py:88} INFO - Job 247: Subtask clean_data_spark
[2025-04-04T04:03:35.797+0000] {logging_mixin.py:188} WARNING - /home/airflow/.local/lib/python3.8/site-packages/airflow/settings.py:194 DeprecationWarning: The sql_alchemy_conn option in [core] has been moved to the sql_alchemy_conn option in [database] - the old setting has been used, but please update your config.
[2025-04-04T04:03:35.860+0000] {task_command.py:423} INFO - Running <TaskInstance: full_pipeline_dag.clean_data_spark manual__2025-04-04T03:39:34.947255+00:00 [running]> on host c82aa68c3e2c
[2025-04-04T04:03:35.992+0000] {taskinstance.py:2480} INFO - Exporting env vars: AIRFLOW_CTX_DAG_OWNER='airflow' AIRFLOW_CTX_DAG_ID='full_pipeline_dag' AIRFLOW_CTX_TASK_ID='clean_data_spark' AIRFLOW_CTX_EXECUTION_DATE='2025-04-04T03:39:34.947255+00:00' AIRFLOW_CTX_TRY_NUMBER='9' AIRFLOW_CTX_DAG_RUN_ID='manual__2025-04-04T03:39:34.947255+00:00'
[2025-04-04T04:03:36.006+0000] {base.py:83} INFO - Using connection ID 'spark_default' for task execution.
[2025-04-04T04:03:36.008+0000] {spark_submit.py:473} INFO - Spark-Submit cmd: spark-submit --master spark://spark-master:7077 --conf spark.master=spark://spark-master:7077 --conf spark.hadoop.fs.s3a.impl=org.apache.hadoop.fs.s3a.S3AFileSystem --jars /opt/spark-extra-jars/hadoop-aws-3.3.6.jar,/opt/spark-extra-jars/aws-java-sdk-bundle-1.12.696.jar --name arrow-spark --verbose --queue root.default --deploy-mode client /opt/spark-app/clean_yellow_tripdata.py
[2025-04-04T04:03:37.168+0000] {spark_submit.py:649} INFO - Using properties file: null
[2025-04-04T04:03:37.257+0000] {spark_submit.py:649} INFO - Parsed arguments:
[2025-04-04T04:03:37.258+0000] {spark_submit.py:649} INFO - master                  spark://spark-master:7077
[2025-04-04T04:03:37.259+0000] {spark_submit.py:649} INFO - remote                  null
[2025-04-04T04:03:37.259+0000] {spark_submit.py:649} INFO - deployMode              client
[2025-04-04T04:03:37.260+0000] {spark_submit.py:649} INFO - executorMemory          null
[2025-04-04T04:03:37.260+0000] {spark_submit.py:649} INFO - executorCores           null
[2025-04-04T04:03:37.261+0000] {spark_submit.py:649} INFO - totalExecutorCores      null
[2025-04-04T04:03:37.261+0000] {spark_submit.py:649} INFO - propertiesFile          null
[2025-04-04T04:03:37.262+0000] {spark_submit.py:649} INFO - driverMemory            null
[2025-04-04T04:03:37.262+0000] {spark_submit.py:649} INFO - driverCores             null
[2025-04-04T04:03:37.263+0000] {spark_submit.py:649} INFO - driverExtraClassPath    null
[2025-04-04T04:03:37.263+0000] {spark_submit.py:649} INFO - driverExtraLibraryPath  null
[2025-04-04T04:03:37.264+0000] {spark_submit.py:649} INFO - driverExtraJavaOptions  null
[2025-04-04T04:03:37.265+0000] {spark_submit.py:649} INFO - supervise               false
[2025-04-04T04:03:37.265+0000] {spark_submit.py:649} INFO - queue                   root.default
[2025-04-04T04:03:37.266+0000] {spark_submit.py:649} INFO - numExecutors            null
[2025-04-04T04:03:37.266+0000] {spark_submit.py:649} INFO - files                   null
[2025-04-04T04:03:37.267+0000] {spark_submit.py:649} INFO - pyFiles                 null
[2025-04-04T04:03:37.268+0000] {spark_submit.py:649} INFO - archives                null
[2025-04-04T04:03:37.269+0000] {spark_submit.py:649} INFO - mainClass               null
[2025-04-04T04:03:37.269+0000] {spark_submit.py:649} INFO - primaryResource         file:/opt/spark-app/clean_yellow_tripdata.py
[2025-04-04T04:03:37.270+0000] {spark_submit.py:649} INFO - name                    arrow-spark
[2025-04-04T04:03:37.271+0000] {spark_submit.py:649} INFO - childArgs               []
[2025-04-04T04:03:37.271+0000] {spark_submit.py:649} INFO - jars                    file:/opt/spark-extra-jars/hadoop-aws-3.3.6.jar,file:/opt/spark-extra-jars/aws-java-sdk-bundle-1.12.696.jar
[2025-04-04T04:03:37.272+0000] {spark_submit.py:649} INFO - packages                null
[2025-04-04T04:03:37.273+0000] {spark_submit.py:649} INFO - packagesExclusions      null
[2025-04-04T04:03:37.273+0000] {spark_submit.py:649} INFO - repositories            null
[2025-04-04T04:03:37.274+0000] {spark_submit.py:649} INFO - verbose                 true
[2025-04-04T04:03:37.275+0000] {spark_submit.py:649} INFO - 
[2025-04-04T04:03:37.276+0000] {spark_submit.py:649} INFO - Spark properties used, including those specified through
[2025-04-04T04:03:37.276+0000] {spark_submit.py:649} INFO - --conf and those from the properties file null:
[2025-04-04T04:03:37.277+0000] {spark_submit.py:649} INFO - (spark.hadoop.fs.s3a.impl,org.apache.hadoop.fs.s3a.S3AFileSystem)
[2025-04-04T04:03:37.278+0000] {spark_submit.py:649} INFO - (spark.master,spark://spark-master:7077)
[2025-04-04T04:03:37.278+0000] {spark_submit.py:649} INFO - 
[2025-04-04T04:03:37.279+0000] {spark_submit.py:649} INFO - 
[2025-04-04T04:03:37.519+0000] {spark_submit.py:649} INFO - 25/04/04 04:03:37 WARN NativeCodeLoader: Unable to load native-hadoop library for your platform... using builtin-java classes where applicable
[2025-04-04T04:03:37.725+0000] {spark_submit.py:649} INFO - Main class:
[2025-04-04T04:03:37.725+0000] {spark_submit.py:649} INFO - org.apache.spark.deploy.PythonRunner
[2025-04-04T04:03:37.726+0000] {spark_submit.py:649} INFO - Arguments:
[2025-04-04T04:03:37.727+0000] {spark_submit.py:649} INFO - file:/opt/spark-app/clean_yellow_tripdata.py
[2025-04-04T04:03:37.728+0000] {spark_submit.py:649} INFO - null
[2025-04-04T04:03:37.729+0000] {spark_submit.py:649} INFO - Spark config:
[2025-04-04T04:03:37.729+0000] {spark_submit.py:649} INFO - (spark.app.name,arrow-spark)
[2025-04-04T04:03:37.731+0000] {spark_submit.py:649} INFO - (spark.app.submitTime,1743739417701)
[2025-04-04T04:03:37.731+0000] {spark_submit.py:649} INFO - (spark.hadoop.fs.s3a.impl,org.apache.hadoop.fs.s3a.S3AFileSystem)
[2025-04-04T04:03:37.732+0000] {spark_submit.py:649} INFO - (spark.jars,file:/opt/spark-extra-jars/hadoop-aws-3.3.6.jar,file:/opt/spark-extra-jars/aws-java-sdk-bundle-1.12.696.jar)
[2025-04-04T04:03:37.733+0000] {spark_submit.py:649} INFO - (spark.master,spark://spark-master:7077)
[2025-04-04T04:03:37.733+0000] {spark_submit.py:649} INFO - (spark.repl.local.jars,file:/opt/spark-extra-jars/hadoop-aws-3.3.6.jar,file:/opt/spark-extra-jars/aws-java-sdk-bundle-1.12.696.jar)
[2025-04-04T04:03:37.734+0000] {spark_submit.py:649} INFO - (spark.submit.deployMode,client)
[2025-04-04T04:03:37.734+0000] {spark_submit.py:649} INFO - (spark.submit.pyFiles,)
[2025-04-04T04:03:37.735+0000] {spark_submit.py:649} INFO - Classpath elements:
[2025-04-04T04:03:37.736+0000] {spark_submit.py:649} INFO - file:/opt/spark-extra-jars/hadoop-aws-3.3.6.jar
[2025-04-04T04:03:37.736+0000] {spark_submit.py:649} INFO - file:/opt/spark-extra-jars/aws-java-sdk-bundle-1.12.696.jar
[2025-04-04T04:03:37.737+0000] {spark_submit.py:649} INFO - 
[2025-04-04T04:03:37.738+0000] {spark_submit.py:649} INFO - 
[2025-04-04T04:03:37.738+0000] {spark_submit.py:649} INFO - 25/04/04 04:03:37 WARN DependencyUtils: Local jar /opt/spark-extra-jars/hadoop-aws-3.3.6.jar does not exist, skipping.
[2025-04-04T04:03:37.739+0000] {spark_submit.py:649} INFO - 25/04/04 04:03:37 WARN DependencyUtils: Local jar /opt/spark-extra-jars/aws-java-sdk-bundle-1.12.696.jar does not exist, skipping.
[2025-04-04T04:03:38.635+0000] {spark_submit.py:649} INFO - 25/04/04 04:03:38 INFO SparkContext: Running Spark version 3.5.0
[2025-04-04T04:03:38.636+0000] {spark_submit.py:649} INFO - 25/04/04 04:03:38 INFO SparkContext: OS info Linux, 5.15.167.4-microsoft-standard-WSL2, amd64
[2025-04-04T04:03:38.637+0000] {spark_submit.py:649} INFO - 25/04/04 04:03:38 INFO SparkContext: Java version 17.0.14
[2025-04-04T04:03:38.656+0000] {spark_submit.py:649} INFO - 25/04/04 04:03:38 INFO ResourceUtils: ==============================================================
[2025-04-04T04:03:38.656+0000] {spark_submit.py:649} INFO - 25/04/04 04:03:38 INFO ResourceUtils: No custom resources configured for spark.driver.
[2025-04-04T04:03:38.657+0000] {spark_submit.py:649} INFO - 25/04/04 04:03:38 INFO ResourceUtils: ==============================================================
[2025-04-04T04:03:38.657+0000] {spark_submit.py:649} INFO - 25/04/04 04:03:38 INFO SparkContext: Submitted application: CleanYellowData
[2025-04-04T04:03:38.671+0000] {spark_submit.py:649} INFO - 25/04/04 04:03:38 INFO ResourceProfile: Default ResourceProfile created, executor resources: Map(memory -> name: memory, amount: 1024, script: , vendor: , offHeap -> name: offHeap, amount: 0, script: , vendor: ), task resources: Map(cpus -> name: cpus, amount: 1.0)
[2025-04-04T04:03:38.678+0000] {spark_submit.py:649} INFO - 25/04/04 04:03:38 INFO ResourceProfile: Limiting resource is cpu
[2025-04-04T04:03:38.679+0000] {spark_submit.py:649} INFO - 25/04/04 04:03:38 INFO ResourceProfileManager: Added ResourceProfile id: 0
[2025-04-04T04:03:38.717+0000] {spark_submit.py:649} INFO - 25/04/04 04:03:38 INFO SecurityManager: Changing view acls to: airflow
[2025-04-04T04:03:38.719+0000] {spark_submit.py:649} INFO - 25/04/04 04:03:38 INFO SecurityManager: Changing modify acls to: airflow
[2025-04-04T04:03:38.720+0000] {spark_submit.py:649} INFO - 25/04/04 04:03:38 INFO SecurityManager: Changing view acls groups to:
[2025-04-04T04:03:38.721+0000] {spark_submit.py:649} INFO - 25/04/04 04:03:38 INFO SecurityManager: Changing modify acls groups to:
[2025-04-04T04:03:38.721+0000] {spark_submit.py:649} INFO - 25/04/04 04:03:38 INFO SecurityManager: SecurityManager: authentication disabled; ui acls disabled; users with view permissions: airflow; groups with view permissions: EMPTY; users with modify permissions: airflow; groups with modify permissions: EMPTY
[2025-04-04T04:03:38.873+0000] {spark_submit.py:649} INFO - 25/04/04 04:03:38 INFO Utils: Successfully started service 'sparkDriver' on port 44491.
[2025-04-04T04:03:38.894+0000] {spark_submit.py:649} INFO - 25/04/04 04:03:38 INFO SparkEnv: Registering MapOutputTracker
[2025-04-04T04:03:38.924+0000] {spark_submit.py:649} INFO - 25/04/04 04:03:38 INFO SparkEnv: Registering BlockManagerMaster
[2025-04-04T04:03:38.941+0000] {spark_submit.py:649} INFO - 25/04/04 04:03:38 INFO BlockManagerMasterEndpoint: Using org.apache.spark.storage.DefaultTopologyMapper for getting topology information
[2025-04-04T04:03:38.942+0000] {spark_submit.py:649} INFO - 25/04/04 04:03:38 INFO BlockManagerMasterEndpoint: BlockManagerMasterEndpoint up
[2025-04-04T04:03:38.946+0000] {spark_submit.py:649} INFO - 25/04/04 04:03:38 INFO SparkEnv: Registering BlockManagerMasterHeartbeat
[2025-04-04T04:03:38.969+0000] {spark_submit.py:649} INFO - 25/04/04 04:03:38 INFO DiskBlockManager: Created local directory at /tmp/blockmgr-ebfb7bfc-7416-4062-ba06-87d7b104bcab
[2025-04-04T04:03:38.980+0000] {spark_submit.py:649} INFO - 25/04/04 04:03:38 INFO MemoryStore: MemoryStore started with capacity 434.4 MiB
[2025-04-04T04:03:38.996+0000] {spark_submit.py:649} INFO - 25/04/04 04:03:38 INFO SparkEnv: Registering OutputCommitCoordinator
[2025-04-04T04:03:39.111+0000] {spark_submit.py:649} INFO - 25/04/04 04:03:39 INFO JettyUtils: Start Jetty 0.0.0.0:4040 for SparkUI
[2025-04-04T04:03:39.174+0000] {spark_submit.py:649} INFO - 25/04/04 04:03:39 INFO Utils: Successfully started service 'SparkUI' on port 4040.
[2025-04-04T04:03:39.202+0000] {spark_submit.py:649} INFO - 25/04/04 04:03:39 ERROR SparkContext: Failed to add file:/opt/spark-extra-jars/hadoop-aws-3.3.6.jar to Spark environment
[2025-04-04T04:03:39.203+0000] {spark_submit.py:649} INFO - java.io.FileNotFoundException: Jar /opt/spark-extra-jars/hadoop-aws-3.3.6.jar not found
[2025-04-04T04:03:39.203+0000] {spark_submit.py:649} INFO - at org.apache.spark.SparkContext.addLocalJarFile$1(SparkContext.scala:2100)
[2025-04-04T04:03:39.204+0000] {spark_submit.py:649} INFO - at org.apache.spark.SparkContext.addJar(SparkContext.scala:2156)
[2025-04-04T04:03:39.204+0000] {spark_submit.py:649} INFO - at org.apache.spark.SparkContext.$anonfun$new$15(SparkContext.scala:526)
[2025-04-04T04:03:39.205+0000] {spark_submit.py:649} INFO - at org.apache.spark.SparkContext.$anonfun$new$15$adapted(SparkContext.scala:526)
[2025-04-04T04:03:39.205+0000] {spark_submit.py:649} INFO - at scala.collection.mutable.ResizableArray.foreach(ResizableArray.scala:62)
[2025-04-04T04:03:39.206+0000] {spark_submit.py:649} INFO - at scala.collection.mutable.ResizableArray.foreach$(ResizableArray.scala:55)
[2025-04-04T04:03:39.206+0000] {spark_submit.py:649} INFO - at scala.collection.mutable.ArrayBuffer.foreach(ArrayBuffer.scala:49)
[2025-04-04T04:03:39.207+0000] {spark_submit.py:649} INFO - at org.apache.spark.SparkContext.<init>(SparkContext.scala:526)
[2025-04-04T04:03:39.207+0000] {spark_submit.py:649} INFO - at org.apache.spark.api.java.JavaSparkContext.<init>(JavaSparkContext.scala:58)
[2025-04-04T04:03:39.208+0000] {spark_submit.py:649} INFO - at java.base/jdk.internal.reflect.NativeConstructorAccessorImpl.newInstance0(Native Method)
[2025-04-04T04:03:39.208+0000] {spark_submit.py:649} INFO - at java.base/jdk.internal.reflect.NativeConstructorAccessorImpl.newInstance(NativeConstructorAccessorImpl.java:77)
[2025-04-04T04:03:39.209+0000] {spark_submit.py:649} INFO - at java.base/jdk.internal.reflect.DelegatingConstructorAccessorImpl.newInstance(DelegatingConstructorAccessorImpl.java:45)
[2025-04-04T04:03:39.210+0000] {spark_submit.py:649} INFO - at java.base/java.lang.reflect.Constructor.newInstanceWithCaller(Constructor.java:500)
[2025-04-04T04:03:39.210+0000] {spark_submit.py:649} INFO - at java.base/java.lang.reflect.Constructor.newInstance(Constructor.java:481)
[2025-04-04T04:03:39.211+0000] {spark_submit.py:649} INFO - at py4j.reflection.MethodInvoker.invoke(MethodInvoker.java:247)
[2025-04-04T04:03:39.211+0000] {spark_submit.py:649} INFO - at py4j.reflection.ReflectionEngine.invoke(ReflectionEngine.java:374)
[2025-04-04T04:03:39.212+0000] {spark_submit.py:649} INFO - at py4j.Gateway.invoke(Gateway.java:238)
[2025-04-04T04:03:39.212+0000] {spark_submit.py:649} INFO - at py4j.commands.ConstructorCommand.invokeConstructor(ConstructorCommand.java:80)
[2025-04-04T04:03:39.213+0000] {spark_submit.py:649} INFO - at py4j.commands.ConstructorCommand.execute(ConstructorCommand.java:69)
[2025-04-04T04:03:39.213+0000] {spark_submit.py:649} INFO - at py4j.ClientServerConnection.waitForCommands(ClientServerConnection.java:182)
[2025-04-04T04:03:39.214+0000] {spark_submit.py:649} INFO - at py4j.ClientServerConnection.run(ClientServerConnection.java:106)
[2025-04-04T04:03:39.214+0000] {spark_submit.py:649} INFO - at java.base/java.lang.Thread.run(Thread.java:840)
[2025-04-04T04:03:39.215+0000] {spark_submit.py:649} INFO - 25/04/04 04:03:39 ERROR SparkContext: Failed to add file:/opt/spark-extra-jars/aws-java-sdk-bundle-1.12.696.jar to Spark environment
[2025-04-04T04:03:39.215+0000] {spark_submit.py:649} INFO - java.io.FileNotFoundException: Jar /opt/spark-extra-jars/aws-java-sdk-bundle-1.12.696.jar not found
[2025-04-04T04:03:39.216+0000] {spark_submit.py:649} INFO - at org.apache.spark.SparkContext.addLocalJarFile$1(SparkContext.scala:2100)
[2025-04-04T04:03:39.216+0000] {spark_submit.py:649} INFO - at org.apache.spark.SparkContext.addJar(SparkContext.scala:2156)
[2025-04-04T04:03:39.217+0000] {spark_submit.py:649} INFO - at org.apache.spark.SparkContext.$anonfun$new$15(SparkContext.scala:526)
[2025-04-04T04:03:39.217+0000] {spark_submit.py:649} INFO - at org.apache.spark.SparkContext.$anonfun$new$15$adapted(SparkContext.scala:526)
[2025-04-04T04:03:39.218+0000] {spark_submit.py:649} INFO - at scala.collection.mutable.ResizableArray.foreach(ResizableArray.scala:62)
[2025-04-04T04:03:39.218+0000] {spark_submit.py:649} INFO - at scala.collection.mutable.ResizableArray.foreach$(ResizableArray.scala:55)
[2025-04-04T04:03:39.219+0000] {spark_submit.py:649} INFO - at scala.collection.mutable.ArrayBuffer.foreach(ArrayBuffer.scala:49)
[2025-04-04T04:03:39.220+0000] {spark_submit.py:649} INFO - at org.apache.spark.SparkContext.<init>(SparkContext.scala:526)
[2025-04-04T04:03:39.220+0000] {spark_submit.py:649} INFO - at org.apache.spark.api.java.JavaSparkContext.<init>(JavaSparkContext.scala:58)
[2025-04-04T04:03:39.221+0000] {spark_submit.py:649} INFO - at java.base/jdk.internal.reflect.NativeConstructorAccessorImpl.newInstance0(Native Method)
[2025-04-04T04:03:39.221+0000] {spark_submit.py:649} INFO - at java.base/jdk.internal.reflect.NativeConstructorAccessorImpl.newInstance(NativeConstructorAccessorImpl.java:77)
[2025-04-04T04:03:39.222+0000] {spark_submit.py:649} INFO - at java.base/jdk.internal.reflect.DelegatingConstructorAccessorImpl.newInstance(DelegatingConstructorAccessorImpl.java:45)
[2025-04-04T04:03:39.222+0000] {spark_submit.py:649} INFO - at java.base/java.lang.reflect.Constructor.newInstanceWithCaller(Constructor.java:500)
[2025-04-04T04:03:39.223+0000] {spark_submit.py:649} INFO - at java.base/java.lang.reflect.Constructor.newInstance(Constructor.java:481)
[2025-04-04T04:03:39.223+0000] {spark_submit.py:649} INFO - at py4j.reflection.MethodInvoker.invoke(MethodInvoker.java:247)
[2025-04-04T04:03:39.224+0000] {spark_submit.py:649} INFO - at py4j.reflection.ReflectionEngine.invoke(ReflectionEngine.java:374)
[2025-04-04T04:03:39.224+0000] {spark_submit.py:649} INFO - at py4j.Gateway.invoke(Gateway.java:238)
[2025-04-04T04:03:39.225+0000] {spark_submit.py:649} INFO - at py4j.commands.ConstructorCommand.invokeConstructor(ConstructorCommand.java:80)
[2025-04-04T04:03:39.225+0000] {spark_submit.py:649} INFO - at py4j.commands.ConstructorCommand.execute(ConstructorCommand.java:69)
[2025-04-04T04:03:39.225+0000] {spark_submit.py:649} INFO - at py4j.ClientServerConnection.waitForCommands(ClientServerConnection.java:182)
[2025-04-04T04:03:39.226+0000] {spark_submit.py:649} INFO - at py4j.ClientServerConnection.run(ClientServerConnection.java:106)
[2025-04-04T04:03:39.226+0000] {spark_submit.py:649} INFO - at java.base/java.lang.Thread.run(Thread.java:840)
[2025-04-04T04:03:39.271+0000] {spark_submit.py:649} INFO - 25/04/04 04:03:39 INFO StandaloneAppClient$ClientEndpoint: Connecting to master spark://spark-master:7077...
[2025-04-04T04:03:39.304+0000] {spark_submit.py:649} INFO - 25/04/04 04:03:39 INFO TransportClientFactory: Successfully created connection to spark-master/172.24.0.5:7077 after 19 ms (0 ms spent in bootstraps)
[2025-04-04T04:03:39.373+0000] {spark_submit.py:649} INFO - 25/04/04 04:03:39 INFO StandaloneSchedulerBackend: Connected to Spark cluster with app ID app-20250404040339-0002
[2025-04-04T04:03:39.375+0000] {spark_submit.py:649} INFO - 25/04/04 04:03:39 INFO StandaloneAppClient$ClientEndpoint: Executor added: app-20250404040339-0002/0 on worker-20250404040025-172.24.0.8-37225 (172.24.0.8:37225) with 2 core(s)
[2025-04-04T04:03:39.377+0000] {spark_submit.py:649} INFO - 25/04/04 04:03:39 INFO StandaloneSchedulerBackend: Granted executor ID app-20250404040339-0002/0 on hostPort 172.24.0.8:37225 with 2 core(s), 1024.0 MiB RAM
[2025-04-04T04:03:39.382+0000] {spark_submit.py:649} INFO - 25/04/04 04:03:39 INFO Utils: Successfully started service 'org.apache.spark.network.netty.NettyBlockTransferService' on port 42229.
[2025-04-04T04:03:39.383+0000] {spark_submit.py:649} INFO - 25/04/04 04:03:39 INFO NettyBlockTransferService: Server created on c82aa68c3e2c:42229
[2025-04-04T04:03:39.385+0000] {spark_submit.py:649} INFO - 25/04/04 04:03:39 INFO BlockManager: Using org.apache.spark.storage.RandomBlockReplicationPolicy for block replication policy
[2025-04-04T04:03:39.392+0000] {spark_submit.py:649} INFO - 25/04/04 04:03:39 INFO BlockManagerMaster: Registering BlockManager BlockManagerId(driver, c82aa68c3e2c, 42229, None)
[2025-04-04T04:03:39.399+0000] {spark_submit.py:649} INFO - 25/04/04 04:03:39 INFO BlockManagerMasterEndpoint: Registering block manager c82aa68c3e2c:42229 with 434.4 MiB RAM, BlockManagerId(driver, c82aa68c3e2c, 42229, None)
[2025-04-04T04:03:39.403+0000] {spark_submit.py:649} INFO - 25/04/04 04:03:39 INFO BlockManagerMaster: Registered BlockManager BlockManagerId(driver, c82aa68c3e2c, 42229, None)
[2025-04-04T04:03:39.404+0000] {spark_submit.py:649} INFO - 25/04/04 04:03:39 INFO BlockManager: Initialized BlockManager: BlockManagerId(driver, c82aa68c3e2c, 42229, None)
[2025-04-04T04:03:39.417+0000] {spark_submit.py:649} INFO - 25/04/04 04:03:39 INFO StandaloneAppClient$ClientEndpoint: Executor updated: app-20250404040339-0002/0 is now RUNNING
[2025-04-04T04:03:39.576+0000] {spark_submit.py:649} INFO - 25/04/04 04:03:39 INFO StandaloneSchedulerBackend: SchedulerBackend is ready for scheduling beginning after reached minRegisteredResourcesRatio: 0.0
[2025-04-04T04:03:39.757+0000] {spark_submit.py:649} INFO - ✅ Spark session received from DAG
[2025-04-04T04:03:39.758+0000] {spark_submit.py:649} INFO - 📥 Reading raw data...
[2025-04-04T04:03:39.763+0000] {spark_submit.py:649} INFO - 25/04/04 04:03:39 INFO SharedState: Setting hive.metastore.warehouse.dir ('null') to the value of spark.sql.warehouse.dir.
[2025-04-04T04:03:39.765+0000] {spark_submit.py:649} INFO - 25/04/04 04:03:39 INFO SharedState: Warehouse path is 'file:/opt/airflow/spark-warehouse'.
[2025-04-04T04:03:40.368+0000] {spark_submit.py:649} INFO - 25/04/04 04:03:40 WARN FileStreamSink: Assume no metadata directory. Error while looking for metadata directory in the path: s3a://nyc-taxi/raw/yellow_tripdata_2023-01.parquet.
[2025-04-04T04:03:40.370+0000] {spark_submit.py:649} INFO - java.lang.RuntimeException: java.lang.ClassNotFoundException: Class org.apache.hadoop.fs.s3a.S3AFileSystem not found
[2025-04-04T04:03:40.371+0000] {spark_submit.py:649} INFO - at org.apache.hadoop.conf.Configuration.getClass(Configuration.java:2688)
[2025-04-04T04:03:40.372+0000] {spark_submit.py:649} INFO - at org.apache.hadoop.fs.FileSystem.getFileSystemClass(FileSystem.java:3431)
[2025-04-04T04:03:40.373+0000] {spark_submit.py:649} INFO - at org.apache.hadoop.fs.FileSystem.createFileSystem(FileSystem.java:3466)
[2025-04-04T04:03:40.374+0000] {spark_submit.py:649} INFO - at org.apache.hadoop.fs.FileSystem.access$300(FileSystem.java:174)
[2025-04-04T04:03:40.375+0000] {spark_submit.py:649} INFO - at org.apache.hadoop.fs.FileSystem$Cache.getInternal(FileSystem.java:3574)
[2025-04-04T04:03:40.376+0000] {spark_submit.py:649} INFO - at org.apache.hadoop.fs.FileSystem$Cache.get(FileSystem.java:3521)
[2025-04-04T04:03:40.376+0000] {spark_submit.py:649} INFO - at org.apache.hadoop.fs.FileSystem.get(FileSystem.java:540)
[2025-04-04T04:03:40.377+0000] {spark_submit.py:649} INFO - at org.apache.hadoop.fs.Path.getFileSystem(Path.java:365)
[2025-04-04T04:03:40.377+0000] {spark_submit.py:649} INFO - at org.apache.spark.sql.execution.streaming.FileStreamSink$.hasMetadata(FileStreamSink.scala:53)
[2025-04-04T04:03:40.378+0000] {spark_submit.py:649} INFO - at org.apache.spark.sql.execution.datasources.DataSource.resolveRelation(DataSource.scala:366)
[2025-04-04T04:03:40.379+0000] {spark_submit.py:649} INFO - at org.apache.spark.sql.DataFrameReader.loadV1Source(DataFrameReader.scala:229)
[2025-04-04T04:03:40.380+0000] {spark_submit.py:649} INFO - at org.apache.spark.sql.DataFrameReader.$anonfun$load$2(DataFrameReader.scala:211)
[2025-04-04T04:03:40.381+0000] {spark_submit.py:649} INFO - at scala.Option.getOrElse(Option.scala:189)
[2025-04-04T04:03:40.381+0000] {spark_submit.py:649} INFO - at org.apache.spark.sql.DataFrameReader.load(DataFrameReader.scala:211)
[2025-04-04T04:03:40.382+0000] {spark_submit.py:649} INFO - at org.apache.spark.sql.DataFrameReader.parquet(DataFrameReader.scala:563)
[2025-04-04T04:03:40.383+0000] {spark_submit.py:649} INFO - at java.base/jdk.internal.reflect.NativeMethodAccessorImpl.invoke0(Native Method)
[2025-04-04T04:03:40.384+0000] {spark_submit.py:649} INFO - at java.base/jdk.internal.reflect.NativeMethodAccessorImpl.invoke(NativeMethodAccessorImpl.java:77)
[2025-04-04T04:03:40.385+0000] {spark_submit.py:649} INFO - at java.base/jdk.internal.reflect.DelegatingMethodAccessorImpl.invoke(DelegatingMethodAccessorImpl.java:43)
[2025-04-04T04:03:40.385+0000] {spark_submit.py:649} INFO - at java.base/java.lang.reflect.Method.invoke(Method.java:569)
[2025-04-04T04:03:40.386+0000] {spark_submit.py:649} INFO - at py4j.reflection.MethodInvoker.invoke(MethodInvoker.java:244)
[2025-04-04T04:03:40.387+0000] {spark_submit.py:649} INFO - at py4j.reflection.ReflectionEngine.invoke(ReflectionEngine.java:374)
[2025-04-04T04:03:40.388+0000] {spark_submit.py:649} INFO - at py4j.Gateway.invoke(Gateway.java:282)
[2025-04-04T04:03:40.388+0000] {spark_submit.py:649} INFO - at py4j.commands.AbstractCommand.invokeMethod(AbstractCommand.java:132)
[2025-04-04T04:03:40.389+0000] {spark_submit.py:649} INFO - at py4j.commands.CallCommand.execute(CallCommand.java:79)
[2025-04-04T04:03:40.390+0000] {spark_submit.py:649} INFO - at py4j.ClientServerConnection.waitForCommands(ClientServerConnection.java:182)
[2025-04-04T04:03:40.391+0000] {spark_submit.py:649} INFO - at py4j.ClientServerConnection.run(ClientServerConnection.java:106)
[2025-04-04T04:03:40.391+0000] {spark_submit.py:649} INFO - at java.base/java.lang.Thread.run(Thread.java:840)
[2025-04-04T04:03:40.392+0000] {spark_submit.py:649} INFO - Caused by: java.lang.ClassNotFoundException: Class org.apache.hadoop.fs.s3a.S3AFileSystem not found
[2025-04-04T04:03:40.393+0000] {spark_submit.py:649} INFO - at org.apache.hadoop.conf.Configuration.getClassByName(Configuration.java:2592)
[2025-04-04T04:03:40.393+0000] {spark_submit.py:649} INFO - at org.apache.hadoop.conf.Configuration.getClass(Configuration.java:2686)
[2025-04-04T04:03:40.394+0000] {spark_submit.py:649} INFO - ... 26 more
[2025-04-04T04:03:40.488+0000] {spark_submit.py:649} INFO - Traceback (most recent call last):
[2025-04-04T04:03:40.489+0000] {spark_submit.py:649} INFO - File "/opt/spark-app/clean_yellow_tripdata.py", line 9, in <module>
[2025-04-04T04:03:40.495+0000] {spark_submit.py:649} INFO - clean_yellow_tripdata(spark)
[2025-04-04T04:03:40.496+0000] {spark_submit.py:649} INFO - File "/opt/pipeline/transform/clean_yellow_tripdata.py", line 9, in clean_yellow_tripdata
[2025-04-04T04:03:40.502+0000] {spark_submit.py:649} INFO - df = spark.read.parquet(raw_path)
[2025-04-04T04:03:40.503+0000] {spark_submit.py:649} INFO - File "/opt/spark/python/lib/pyspark.zip/pyspark/sql/readwriter.py", line 544, in parquet
[2025-04-04T04:03:40.504+0000] {spark_submit.py:649} INFO - File "/opt/spark/python/lib/py4j-0.10.9.7-src.zip/py4j/java_gateway.py", line 1322, in __call__
[2025-04-04T04:03:40.505+0000] {spark_submit.py:649} INFO - File "/opt/spark/python/lib/pyspark.zip/pyspark/errors/exceptions/captured.py", line 179, in deco
[2025-04-04T04:03:40.505+0000] {spark_submit.py:649} INFO - File "/opt/spark/python/lib/py4j-0.10.9.7-src.zip/py4j/protocol.py", line 326, in get_return_value
[2025-04-04T04:03:40.508+0000] {spark_submit.py:649} INFO - py4j.protocol.Py4JJavaError: An error occurred while calling o27.parquet.
[2025-04-04T04:03:40.509+0000] {spark_submit.py:649} INFO - : java.lang.RuntimeException: java.lang.ClassNotFoundException: Class org.apache.hadoop.fs.s3a.S3AFileSystem not found
[2025-04-04T04:03:40.510+0000] {spark_submit.py:649} INFO - at org.apache.hadoop.conf.Configuration.getClass(Configuration.java:2688)
[2025-04-04T04:03:40.511+0000] {spark_submit.py:649} INFO - at org.apache.hadoop.fs.FileSystem.getFileSystemClass(FileSystem.java:3431)
[2025-04-04T04:03:40.511+0000] {spark_submit.py:649} INFO - at org.apache.hadoop.fs.FileSystem.createFileSystem(FileSystem.java:3466)
[2025-04-04T04:03:40.512+0000] {spark_submit.py:649} INFO - at org.apache.hadoop.fs.FileSystem.access$300(FileSystem.java:174)
[2025-04-04T04:03:40.513+0000] {spark_submit.py:649} INFO - at org.apache.hadoop.fs.FileSystem$Cache.getInternal(FileSystem.java:3574)
[2025-04-04T04:03:40.514+0000] {spark_submit.py:649} INFO - at org.apache.hadoop.fs.FileSystem$Cache.get(FileSystem.java:3521)
[2025-04-04T04:03:40.515+0000] {spark_submit.py:649} INFO - at org.apache.hadoop.fs.FileSystem.get(FileSystem.java:540)
[2025-04-04T04:03:40.516+0000] {spark_submit.py:649} INFO - at org.apache.hadoop.fs.Path.getFileSystem(Path.java:365)
[2025-04-04T04:03:40.517+0000] {spark_submit.py:649} INFO - at org.apache.spark.sql.execution.datasources.DataSource$.$anonfun$checkAndGlobPathIfNecessary$1(DataSource.scala:724)
[2025-04-04T04:03:40.518+0000] {spark_submit.py:649} INFO - at scala.collection.immutable.List.map(List.scala:293)
[2025-04-04T04:03:40.518+0000] {spark_submit.py:649} INFO - at org.apache.spark.sql.execution.datasources.DataSource$.checkAndGlobPathIfNecessary(DataSource.scala:722)
[2025-04-04T04:03:40.519+0000] {spark_submit.py:649} INFO - at org.apache.spark.sql.execution.datasources.DataSource.checkAndGlobPathIfNecessary(DataSource.scala:551)
[2025-04-04T04:03:40.520+0000] {spark_submit.py:649} INFO - at org.apache.spark.sql.execution.datasources.DataSource.resolveRelation(DataSource.scala:404)
[2025-04-04T04:03:40.521+0000] {spark_submit.py:649} INFO - at org.apache.spark.sql.DataFrameReader.loadV1Source(DataFrameReader.scala:229)
[2025-04-04T04:03:40.521+0000] {spark_submit.py:649} INFO - at org.apache.spark.sql.DataFrameReader.$anonfun$load$2(DataFrameReader.scala:211)
[2025-04-04T04:03:40.522+0000] {spark_submit.py:649} INFO - at scala.Option.getOrElse(Option.scala:189)
[2025-04-04T04:03:40.523+0000] {spark_submit.py:649} INFO - at org.apache.spark.sql.DataFrameReader.load(DataFrameReader.scala:211)
[2025-04-04T04:03:40.523+0000] {spark_submit.py:649} INFO - at org.apache.spark.sql.DataFrameReader.parquet(DataFrameReader.scala:563)
[2025-04-04T04:03:40.524+0000] {spark_submit.py:649} INFO - at java.base/jdk.internal.reflect.NativeMethodAccessorImpl.invoke0(Native Method)
[2025-04-04T04:03:40.525+0000] {spark_submit.py:649} INFO - at java.base/jdk.internal.reflect.NativeMethodAccessorImpl.invoke(NativeMethodAccessorImpl.java:77)
[2025-04-04T04:03:40.525+0000] {spark_submit.py:649} INFO - at java.base/jdk.internal.reflect.DelegatingMethodAccessorImpl.invoke(DelegatingMethodAccessorImpl.java:43)
[2025-04-04T04:03:40.526+0000] {spark_submit.py:649} INFO - at java.base/java.lang.reflect.Method.invoke(Method.java:569)
[2025-04-04T04:03:40.527+0000] {spark_submit.py:649} INFO - at py4j.reflection.MethodInvoker.invoke(MethodInvoker.java:244)
[2025-04-04T04:03:40.528+0000] {spark_submit.py:649} INFO - at py4j.reflection.ReflectionEngine.invoke(ReflectionEngine.java:374)
[2025-04-04T04:03:40.529+0000] {spark_submit.py:649} INFO - at py4j.Gateway.invoke(Gateway.java:282)
[2025-04-04T04:03:40.529+0000] {spark_submit.py:649} INFO - at py4j.commands.AbstractCommand.invokeMethod(AbstractCommand.java:132)
[2025-04-04T04:03:40.530+0000] {spark_submit.py:649} INFO - at py4j.commands.CallCommand.execute(CallCommand.java:79)
[2025-04-04T04:03:40.531+0000] {spark_submit.py:649} INFO - at py4j.ClientServerConnection.waitForCommands(ClientServerConnection.java:182)
[2025-04-04T04:03:40.531+0000] {spark_submit.py:649} INFO - at py4j.ClientServerConnection.run(ClientServerConnection.java:106)
[2025-04-04T04:03:40.532+0000] {spark_submit.py:649} INFO - at java.base/java.lang.Thread.run(Thread.java:840)
[2025-04-04T04:03:40.533+0000] {spark_submit.py:649} INFO - Caused by: java.lang.ClassNotFoundException: Class org.apache.hadoop.fs.s3a.S3AFileSystem not found
[2025-04-04T04:03:40.534+0000] {spark_submit.py:649} INFO - at org.apache.hadoop.conf.Configuration.getClassByName(Configuration.java:2592)
[2025-04-04T04:03:40.534+0000] {spark_submit.py:649} INFO - at org.apache.hadoop.conf.Configuration.getClass(Configuration.java:2686)
[2025-04-04T04:03:40.535+0000] {spark_submit.py:649} INFO - ... 29 more
[2025-04-04T04:03:40.536+0000] {spark_submit.py:649} INFO - 
[2025-04-04T04:03:40.560+0000] {spark_submit.py:649} INFO - 25/04/04 04:03:40 INFO SparkContext: Invoking stop() from shutdown hook
[2025-04-04T04:03:40.561+0000] {spark_submit.py:649} INFO - 25/04/04 04:03:40 INFO SparkContext: SparkContext is stopping with exitCode 0.
[2025-04-04T04:03:40.571+0000] {spark_submit.py:649} INFO - 25/04/04 04:03:40 INFO SparkUI: Stopped Spark web UI at http://c82aa68c3e2c:4040
[2025-04-04T04:03:40.574+0000] {spark_submit.py:649} INFO - 25/04/04 04:03:40 INFO StandaloneSchedulerBackend: Shutting down all executors
[2025-04-04T04:03:40.577+0000] {spark_submit.py:649} INFO - 25/04/04 04:03:40 INFO StandaloneSchedulerBackend$StandaloneDriverEndpoint: Asking each executor to shut down
[2025-04-04T04:03:40.594+0000] {spark_submit.py:649} INFO - 25/04/04 04:03:40 INFO MapOutputTrackerMasterEndpoint: MapOutputTrackerMasterEndpoint stopped!
[2025-04-04T04:03:40.606+0000] {spark_submit.py:649} INFO - 25/04/04 04:03:40 INFO MemoryStore: MemoryStore cleared
[2025-04-04T04:03:40.606+0000] {spark_submit.py:649} INFO - 25/04/04 04:03:40 INFO BlockManager: BlockManager stopped
[2025-04-04T04:03:40.610+0000] {spark_submit.py:649} INFO - 25/04/04 04:03:40 INFO BlockManagerMaster: BlockManagerMaster stopped
[2025-04-04T04:03:40.612+0000] {spark_submit.py:649} INFO - 25/04/04 04:03:40 INFO OutputCommitCoordinator$OutputCommitCoordinatorEndpoint: OutputCommitCoordinator stopped!
[2025-04-04T04:03:40.623+0000] {spark_submit.py:649} INFO - 25/04/04 04:03:40 INFO SparkContext: Successfully stopped SparkContext
[2025-04-04T04:03:40.624+0000] {spark_submit.py:649} INFO - 25/04/04 04:03:40 INFO ShutdownHookManager: Shutdown hook called
[2025-04-04T04:03:40.625+0000] {spark_submit.py:649} INFO - 25/04/04 04:03:40 INFO ShutdownHookManager: Deleting directory /tmp/spark-7453fa27-2c86-4e2f-ad98-639882d93c43/pyspark-eca05141-3f22-4812-8b00-379aec229ae0
[2025-04-04T04:03:40.629+0000] {spark_submit.py:649} INFO - 25/04/04 04:03:40 INFO ShutdownHookManager: Deleting directory /tmp/spark-0c3a2a68-5e04-4ef8-bd2e-0236e0a19fe4
[2025-04-04T04:03:40.631+0000] {spark_submit.py:649} INFO - 25/04/04 04:03:40 INFO ShutdownHookManager: Deleting directory /tmp/spark-7453fa27-2c86-4e2f-ad98-639882d93c43
[2025-04-04T04:03:40.687+0000] {taskinstance.py:2698} ERROR - Task failed with exception
Traceback (most recent call last):
  File "/home/airflow/.local/lib/python3.8/site-packages/airflow/models/taskinstance.py", line 433, in _execute_task
    result = execute_callable(context=context, **execute_callable_kwargs)
  File "/home/airflow/.local/lib/python3.8/site-packages/airflow/providers/apache/spark/operators/spark_submit.py", line 176, in execute
    self._hook.submit(self.application)
  File "/home/airflow/.local/lib/python3.8/site-packages/airflow/providers/apache/spark/hooks/spark_submit.py", line 575, in submit
    raise AirflowException(
airflow.exceptions.AirflowException: Cannot execute: spark-submit --master spark://spark-master:7077 --conf spark.master=spark://spark-master:7077 --conf spark.hadoop.fs.s3a.impl=org.apache.hadoop.fs.s3a.S3AFileSystem --jars /opt/spark-extra-jars/hadoop-aws-3.3.6.jar,/opt/spark-extra-jars/aws-java-sdk-bundle-1.12.696.jar --name arrow-spark --verbose --queue root.default --deploy-mode client /opt/spark-app/clean_yellow_tripdata.py. Error code is: 1.
[2025-04-04T04:03:40.694+0000] {taskinstance.py:1138} INFO - Marking task as FAILED. dag_id=full_pipeline_dag, task_id=clean_data_spark, execution_date=20250404T033934, start_date=20250404T040335, end_date=20250404T040340
[2025-04-04T04:03:40.958+0000] {standard_task_runner.py:107} ERROR - Failed to execute job 247 for task clean_data_spark (Cannot execute: spark-submit --master spark://spark-master:7077 --conf spark.master=spark://spark-master:7077 --conf spark.hadoop.fs.s3a.impl=org.apache.hadoop.fs.s3a.S3AFileSystem --jars /opt/spark-extra-jars/hadoop-aws-3.3.6.jar,/opt/spark-extra-jars/aws-java-sdk-bundle-1.12.696.jar --name arrow-spark --verbose --queue root.default --deploy-mode client /opt/spark-app/clean_yellow_tripdata.py. Error code is: 1.; 471)
[2025-04-04T04:03:40.985+0000] {local_task_job_runner.py:234} INFO - Task exited with return code 1
[2025-04-04T04:03:41.036+0000] {taskinstance.py:3280} INFO - 0 downstream tasks scheduled from follow-on schedule check
