[2025-04-04T04:24:03.660+0000] {taskinstance.py:1956} INFO - Dependencies all met for dep_context=non-requeueable deps ti=<TaskInstance: full_pipeline_dag.clean_data_spark manual__2025-04-04T03:39:34.947255+00:00 [queued]>
[2025-04-04T04:24:03.673+0000] {taskinstance.py:1956} INFO - Dependencies all met for dep_context=requeueable deps ti=<TaskInstance: full_pipeline_dag.clean_data_spark manual__2025-04-04T03:39:34.947255+00:00 [queued]>
[2025-04-04T04:24:03.673+0000] {taskinstance.py:2170} INFO - Starting attempt 12 of 12
[2025-04-04T04:24:03.698+0000] {taskinstance.py:2191} INFO - Executing <Task(SparkSubmitOperator): clean_data_spark> on 2025-04-04 03:39:34.947255+00:00
[2025-04-04T04:24:03.701+0000] {standard_task_runner.py:60} INFO - Started process 1168 to run task
[2025-04-04T04:24:03.705+0000] {standard_task_runner.py:87} INFO - Running: ['airflow', 'tasks', 'run', 'full_pipeline_dag', 'clean_data_spark', 'manual__2025-04-04T03:39:34.947255+00:00', '--job-id', '250', '--raw', '--subdir', 'DAGS_FOLDER/full_pipeline_dag.py', '--cfg-path', '/tmp/tmpz7el8h34']
[2025-04-04T04:24:03.706+0000] {standard_task_runner.py:88} INFO - Job 250: Subtask clean_data_spark
[2025-04-04T04:24:03.749+0000] {logging_mixin.py:188} WARNING - /home/airflow/.local/lib/python3.8/site-packages/airflow/settings.py:194 DeprecationWarning: The sql_alchemy_conn option in [core] has been moved to the sql_alchemy_conn option in [database] - the old setting has been used, but please update your config.
[2025-04-04T04:24:03.800+0000] {task_command.py:423} INFO - Running <TaskInstance: full_pipeline_dag.clean_data_spark manual__2025-04-04T03:39:34.947255+00:00 [running]> on host c82aa68c3e2c
[2025-04-04T04:24:03.973+0000] {taskinstance.py:2480} INFO - Exporting env vars: AIRFLOW_CTX_DAG_OWNER='airflow' AIRFLOW_CTX_DAG_ID='full_pipeline_dag' AIRFLOW_CTX_TASK_ID='clean_data_spark' AIRFLOW_CTX_EXECUTION_DATE='2025-04-04T03:39:34.947255+00:00' AIRFLOW_CTX_TRY_NUMBER='12' AIRFLOW_CTX_DAG_RUN_ID='manual__2025-04-04T03:39:34.947255+00:00'
[2025-04-04T04:24:03.999+0000] {base.py:83} INFO - Using connection ID 'spark_default' for task execution.
[2025-04-04T04:24:04.001+0000] {spark_submit.py:473} INFO - Spark-Submit cmd: spark-submit --master spark://spark-master:7077 --conf spark.master=spark://spark-master:7077 --conf spark.hadoop.fs.s3a.impl=org.apache.hadoop.fs.s3a.S3AFileSystem --conf spark.driver.extraClassPath=/opt/spark-extra-jars/* --conf spark.executor.extraClassPath=/opt/spark-extra-jars/* --jars /opt/spark-extra-jars/hadoop-aws-3.3.6.jar,/opt/spark-extra-jars/aws-java-sdk-bundle-1.12.696.jar --name arrow-spark --verbose --queue root.default --deploy-mode client /opt/spark-app/clean_yellow_tripdata.py
[2025-04-04T04:24:05.223+0000] {spark_submit.py:649} INFO - Using properties file: null
[2025-04-04T04:24:05.325+0000] {spark_submit.py:649} INFO - Parsed arguments:
[2025-04-04T04:24:05.326+0000] {spark_submit.py:649} INFO - master                  spark://spark-master:7077
[2025-04-04T04:24:05.327+0000] {spark_submit.py:649} INFO - remote                  null
[2025-04-04T04:24:05.328+0000] {spark_submit.py:649} INFO - deployMode              client
[2025-04-04T04:24:05.329+0000] {spark_submit.py:649} INFO - executorMemory          null
[2025-04-04T04:24:05.330+0000] {spark_submit.py:649} INFO - executorCores           null
[2025-04-04T04:24:05.331+0000] {spark_submit.py:649} INFO - totalExecutorCores      null
[2025-04-04T04:24:05.332+0000] {spark_submit.py:649} INFO - propertiesFile          null
[2025-04-04T04:24:05.333+0000] {spark_submit.py:649} INFO - driverMemory            null
[2025-04-04T04:24:05.334+0000] {spark_submit.py:649} INFO - driverCores             null
[2025-04-04T04:24:05.335+0000] {spark_submit.py:649} INFO - driverExtraClassPath    /opt/spark-extra-jars/*
[2025-04-04T04:24:05.335+0000] {spark_submit.py:649} INFO - driverExtraLibraryPath  null
[2025-04-04T04:24:05.336+0000] {spark_submit.py:649} INFO - driverExtraJavaOptions  null
[2025-04-04T04:24:05.337+0000] {spark_submit.py:649} INFO - supervise               false
[2025-04-04T04:24:05.337+0000] {spark_submit.py:649} INFO - queue                   root.default
[2025-04-04T04:24:05.338+0000] {spark_submit.py:649} INFO - numExecutors            null
[2025-04-04T04:24:05.339+0000] {spark_submit.py:649} INFO - files                   null
[2025-04-04T04:24:05.340+0000] {spark_submit.py:649} INFO - pyFiles                 null
[2025-04-04T04:24:05.341+0000] {spark_submit.py:649} INFO - archives                null
[2025-04-04T04:24:05.341+0000] {spark_submit.py:649} INFO - mainClass               null
[2025-04-04T04:24:05.342+0000] {spark_submit.py:649} INFO - primaryResource         file:/opt/spark-app/clean_yellow_tripdata.py
[2025-04-04T04:24:05.343+0000] {spark_submit.py:649} INFO - name                    arrow-spark
[2025-04-04T04:24:05.344+0000] {spark_submit.py:649} INFO - childArgs               []
[2025-04-04T04:24:05.345+0000] {spark_submit.py:649} INFO - jars                    file:/opt/spark-extra-jars/hadoop-aws-3.3.6.jar,file:/opt/spark-extra-jars/aws-java-sdk-bundle-1.12.696.jar
[2025-04-04T04:24:05.346+0000] {spark_submit.py:649} INFO - packages                null
[2025-04-04T04:24:05.346+0000] {spark_submit.py:649} INFO - packagesExclusions      null
[2025-04-04T04:24:05.347+0000] {spark_submit.py:649} INFO - repositories            null
[2025-04-04T04:24:05.348+0000] {spark_submit.py:649} INFO - verbose                 true
[2025-04-04T04:24:05.352+0000] {spark_submit.py:649} INFO - 
[2025-04-04T04:24:05.353+0000] {spark_submit.py:649} INFO - Spark properties used, including those specified through
[2025-04-04T04:24:05.354+0000] {spark_submit.py:649} INFO - --conf and those from the properties file null:
[2025-04-04T04:24:05.355+0000] {spark_submit.py:649} INFO - (spark.driver.extraClassPath,/opt/spark-extra-jars/*)
[2025-04-04T04:24:05.356+0000] {spark_submit.py:649} INFO - (spark.executor.extraClassPath,/opt/spark-extra-jars/*)
[2025-04-04T04:24:05.357+0000] {spark_submit.py:649} INFO - (spark.hadoop.fs.s3a.impl,org.apache.hadoop.fs.s3a.S3AFileSystem)
[2025-04-04T04:24:05.357+0000] {spark_submit.py:649} INFO - (spark.master,spark://spark-master:7077)
[2025-04-04T04:24:05.358+0000] {spark_submit.py:649} INFO - 
[2025-04-04T04:24:05.359+0000] {spark_submit.py:649} INFO - 
[2025-04-04T04:24:05.604+0000] {spark_submit.py:649} INFO - 25/04/04 04:24:05 WARN NativeCodeLoader: Unable to load native-hadoop library for your platform... using builtin-java classes where applicable
[2025-04-04T04:24:05.754+0000] {spark_submit.py:649} INFO - Main class:
[2025-04-04T04:24:05.755+0000] {spark_submit.py:649} INFO - org.apache.spark.deploy.PythonRunner
[2025-04-04T04:24:05.755+0000] {spark_submit.py:649} INFO - Arguments:
[2025-04-04T04:24:05.756+0000] {spark_submit.py:649} INFO - file:/opt/spark-app/clean_yellow_tripdata.py
[2025-04-04T04:24:05.756+0000] {spark_submit.py:649} INFO - null
[2025-04-04T04:24:05.757+0000] {spark_submit.py:649} INFO - Spark config:
[2025-04-04T04:24:05.757+0000] {spark_submit.py:649} INFO - (spark.app.name,arrow-spark)
[2025-04-04T04:24:05.757+0000] {spark_submit.py:649} INFO - (spark.app.submitTime,1743740645731)
[2025-04-04T04:24:05.758+0000] {spark_submit.py:649} INFO - (spark.driver.extraClassPath,/opt/spark-extra-jars/*)
[2025-04-04T04:24:05.758+0000] {spark_submit.py:649} INFO - (spark.executor.extraClassPath,/opt/spark-extra-jars/*)
[2025-04-04T04:24:05.759+0000] {spark_submit.py:649} INFO - (spark.hadoop.fs.s3a.impl,org.apache.hadoop.fs.s3a.S3AFileSystem)
[2025-04-04T04:24:05.759+0000] {spark_submit.py:649} INFO - (spark.jars,file:/opt/spark-extra-jars/hadoop-aws-3.3.6.jar,file:/opt/spark-extra-jars/aws-java-sdk-bundle-1.12.696.jar)
[2025-04-04T04:24:05.759+0000] {spark_submit.py:649} INFO - (spark.master,spark://spark-master:7077)
[2025-04-04T04:24:05.760+0000] {spark_submit.py:649} INFO - (spark.repl.local.jars,file:/opt/spark-extra-jars/hadoop-aws-3.3.6.jar,file:/opt/spark-extra-jars/aws-java-sdk-bundle-1.12.696.jar)
[2025-04-04T04:24:05.760+0000] {spark_submit.py:649} INFO - (spark.submit.deployMode,client)
[2025-04-04T04:24:05.761+0000] {spark_submit.py:649} INFO - (spark.submit.pyFiles,)
[2025-04-04T04:24:05.761+0000] {spark_submit.py:649} INFO - Classpath elements:
[2025-04-04T04:24:05.762+0000] {spark_submit.py:649} INFO - file:/opt/spark-extra-jars/hadoop-aws-3.3.6.jar
[2025-04-04T04:24:05.762+0000] {spark_submit.py:649} INFO - file:/opt/spark-extra-jars/aws-java-sdk-bundle-1.12.696.jar
[2025-04-04T04:24:05.762+0000] {spark_submit.py:649} INFO - 
[2025-04-04T04:24:05.763+0000] {spark_submit.py:649} INFO - 
[2025-04-04T04:24:05.763+0000] {spark_submit.py:649} INFO - 25/04/04 04:24:05 WARN DependencyUtils: Local jar /opt/spark-extra-jars/hadoop-aws-3.3.6.jar does not exist, skipping.
[2025-04-04T04:24:05.763+0000] {spark_submit.py:649} INFO - 25/04/04 04:24:05 WARN DependencyUtils: Local jar /opt/spark-extra-jars/aws-java-sdk-bundle-1.12.696.jar does not exist, skipping.
[2025-04-04T04:24:06.583+0000] {spark_submit.py:649} INFO - 25/04/04 04:24:06 INFO SparkContext: Running Spark version 3.5.0
[2025-04-04T04:24:06.584+0000] {spark_submit.py:649} INFO - 25/04/04 04:24:06 INFO SparkContext: OS info Linux, 5.15.167.4-microsoft-standard-WSL2, amd64
[2025-04-04T04:24:06.586+0000] {spark_submit.py:649} INFO - 25/04/04 04:24:06 INFO SparkContext: Java version 17.0.14
[2025-04-04T04:24:06.606+0000] {spark_submit.py:649} INFO - 25/04/04 04:24:06 INFO ResourceUtils: ==============================================================
[2025-04-04T04:24:06.608+0000] {spark_submit.py:649} INFO - 25/04/04 04:24:06 INFO ResourceUtils: No custom resources configured for spark.driver.
[2025-04-04T04:24:06.608+0000] {spark_submit.py:649} INFO - 25/04/04 04:24:06 INFO ResourceUtils: ==============================================================
[2025-04-04T04:24:06.609+0000] {spark_submit.py:649} INFO - 25/04/04 04:24:06 INFO SparkContext: Submitted application: CleanYellowData
[2025-04-04T04:24:06.623+0000] {spark_submit.py:649} INFO - 25/04/04 04:24:06 INFO ResourceProfile: Default ResourceProfile created, executor resources: Map(memory -> name: memory, amount: 1024, script: , vendor: , offHeap -> name: offHeap, amount: 0, script: , vendor: ), task resources: Map(cpus -> name: cpus, amount: 1.0)
[2025-04-04T04:24:06.629+0000] {spark_submit.py:649} INFO - 25/04/04 04:24:06 INFO ResourceProfile: Limiting resource is cpu
[2025-04-04T04:24:06.630+0000] {spark_submit.py:649} INFO - 25/04/04 04:24:06 INFO ResourceProfileManager: Added ResourceProfile id: 0
[2025-04-04T04:24:06.663+0000] {spark_submit.py:649} INFO - 25/04/04 04:24:06 INFO SecurityManager: Changing view acls to: airflow
[2025-04-04T04:24:06.664+0000] {spark_submit.py:649} INFO - 25/04/04 04:24:06 INFO SecurityManager: Changing modify acls to: airflow
[2025-04-04T04:24:06.665+0000] {spark_submit.py:649} INFO - 25/04/04 04:24:06 INFO SecurityManager: Changing view acls groups to:
[2025-04-04T04:24:06.666+0000] {spark_submit.py:649} INFO - 25/04/04 04:24:06 INFO SecurityManager: Changing modify acls groups to:
[2025-04-04T04:24:06.666+0000] {spark_submit.py:649} INFO - 25/04/04 04:24:06 INFO SecurityManager: SecurityManager: authentication disabled; ui acls disabled; users with view permissions: airflow; groups with view permissions: EMPTY; users with modify permissions: airflow; groups with modify permissions: EMPTY
[2025-04-04T04:24:06.814+0000] {spark_submit.py:649} INFO - 25/04/04 04:24:06 INFO Utils: Successfully started service 'sparkDriver' on port 46121.
[2025-04-04T04:24:06.833+0000] {spark_submit.py:649} INFO - 25/04/04 04:24:06 INFO SparkEnv: Registering MapOutputTracker
[2025-04-04T04:24:06.866+0000] {spark_submit.py:649} INFO - 25/04/04 04:24:06 INFO SparkEnv: Registering BlockManagerMaster
[2025-04-04T04:24:06.877+0000] {spark_submit.py:649} INFO - 25/04/04 04:24:06 INFO BlockManagerMasterEndpoint: Using org.apache.spark.storage.DefaultTopologyMapper for getting topology information
[2025-04-04T04:24:06.879+0000] {spark_submit.py:649} INFO - 25/04/04 04:24:06 INFO BlockManagerMasterEndpoint: BlockManagerMasterEndpoint up
[2025-04-04T04:24:06.882+0000] {spark_submit.py:649} INFO - 25/04/04 04:24:06 INFO SparkEnv: Registering BlockManagerMasterHeartbeat
[2025-04-04T04:24:06.898+0000] {spark_submit.py:649} INFO - 25/04/04 04:24:06 INFO DiskBlockManager: Created local directory at /tmp/blockmgr-f1fbf823-ed26-4fc5-9314-76b7fa598b34
[2025-04-04T04:24:06.910+0000] {spark_submit.py:649} INFO - 25/04/04 04:24:06 INFO MemoryStore: MemoryStore started with capacity 434.4 MiB
[2025-04-04T04:24:06.929+0000] {spark_submit.py:649} INFO - 25/04/04 04:24:06 INFO SparkEnv: Registering OutputCommitCoordinator
[2025-04-04T04:24:07.018+0000] {spark_submit.py:649} INFO - 25/04/04 04:24:07 INFO JettyUtils: Start Jetty 0.0.0.0:4040 for SparkUI
[2025-04-04T04:24:07.087+0000] {spark_submit.py:649} INFO - 25/04/04 04:24:07 INFO Utils: Successfully started service 'SparkUI' on port 4040.
[2025-04-04T04:24:07.113+0000] {spark_submit.py:649} INFO - 25/04/04 04:24:07 ERROR SparkContext: Failed to add file:/opt/spark-extra-jars/hadoop-aws-3.3.6.jar to Spark environment
[2025-04-04T04:24:07.114+0000] {spark_submit.py:649} INFO - java.io.FileNotFoundException: Jar /opt/spark-extra-jars/hadoop-aws-3.3.6.jar not found
[2025-04-04T04:24:07.114+0000] {spark_submit.py:649} INFO - at org.apache.spark.SparkContext.addLocalJarFile$1(SparkContext.scala:2100)
[2025-04-04T04:24:07.115+0000] {spark_submit.py:649} INFO - at org.apache.spark.SparkContext.addJar(SparkContext.scala:2156)
[2025-04-04T04:24:07.115+0000] {spark_submit.py:649} INFO - at org.apache.spark.SparkContext.$anonfun$new$15(SparkContext.scala:526)
[2025-04-04T04:24:07.116+0000] {spark_submit.py:649} INFO - at org.apache.spark.SparkContext.$anonfun$new$15$adapted(SparkContext.scala:526)
[2025-04-04T04:24:07.116+0000] {spark_submit.py:649} INFO - at scala.collection.mutable.ResizableArray.foreach(ResizableArray.scala:62)
[2025-04-04T04:24:07.117+0000] {spark_submit.py:649} INFO - at scala.collection.mutable.ResizableArray.foreach$(ResizableArray.scala:55)
[2025-04-04T04:24:07.118+0000] {spark_submit.py:649} INFO - at scala.collection.mutable.ArrayBuffer.foreach(ArrayBuffer.scala:49)
[2025-04-04T04:24:07.118+0000] {spark_submit.py:649} INFO - at org.apache.spark.SparkContext.<init>(SparkContext.scala:526)
[2025-04-04T04:24:07.119+0000] {spark_submit.py:649} INFO - at org.apache.spark.api.java.JavaSparkContext.<init>(JavaSparkContext.scala:58)
[2025-04-04T04:24:07.119+0000] {spark_submit.py:649} INFO - at java.base/jdk.internal.reflect.NativeConstructorAccessorImpl.newInstance0(Native Method)
[2025-04-04T04:24:07.120+0000] {spark_submit.py:649} INFO - at java.base/jdk.internal.reflect.NativeConstructorAccessorImpl.newInstance(NativeConstructorAccessorImpl.java:77)
[2025-04-04T04:24:07.120+0000] {spark_submit.py:649} INFO - at java.base/jdk.internal.reflect.DelegatingConstructorAccessorImpl.newInstance(DelegatingConstructorAccessorImpl.java:45)
[2025-04-04T04:24:07.121+0000] {spark_submit.py:649} INFO - at java.base/java.lang.reflect.Constructor.newInstanceWithCaller(Constructor.java:500)
[2025-04-04T04:24:07.122+0000] {spark_submit.py:649} INFO - at java.base/java.lang.reflect.Constructor.newInstance(Constructor.java:481)
[2025-04-04T04:24:07.122+0000] {spark_submit.py:649} INFO - at py4j.reflection.MethodInvoker.invoke(MethodInvoker.java:247)
[2025-04-04T04:24:07.123+0000] {spark_submit.py:649} INFO - at py4j.reflection.ReflectionEngine.invoke(ReflectionEngine.java:374)
[2025-04-04T04:24:07.123+0000] {spark_submit.py:649} INFO - at py4j.Gateway.invoke(Gateway.java:238)
[2025-04-04T04:24:07.124+0000] {spark_submit.py:649} INFO - at py4j.commands.ConstructorCommand.invokeConstructor(ConstructorCommand.java:80)
[2025-04-04T04:24:07.125+0000] {spark_submit.py:649} INFO - at py4j.commands.ConstructorCommand.execute(ConstructorCommand.java:69)
[2025-04-04T04:24:07.125+0000] {spark_submit.py:649} INFO - at py4j.ClientServerConnection.waitForCommands(ClientServerConnection.java:182)
[2025-04-04T04:24:07.125+0000] {spark_submit.py:649} INFO - at py4j.ClientServerConnection.run(ClientServerConnection.java:106)
[2025-04-04T04:24:07.126+0000] {spark_submit.py:649} INFO - at java.base/java.lang.Thread.run(Thread.java:840)
[2025-04-04T04:24:07.127+0000] {spark_submit.py:649} INFO - 25/04/04 04:24:07 ERROR SparkContext: Failed to add file:/opt/spark-extra-jars/aws-java-sdk-bundle-1.12.696.jar to Spark environment
[2025-04-04T04:24:07.127+0000] {spark_submit.py:649} INFO - java.io.FileNotFoundException: Jar /opt/spark-extra-jars/aws-java-sdk-bundle-1.12.696.jar not found
[2025-04-04T04:24:07.127+0000] {spark_submit.py:649} INFO - at org.apache.spark.SparkContext.addLocalJarFile$1(SparkContext.scala:2100)
[2025-04-04T04:24:07.128+0000] {spark_submit.py:649} INFO - at org.apache.spark.SparkContext.addJar(SparkContext.scala:2156)
[2025-04-04T04:24:07.128+0000] {spark_submit.py:649} INFO - at org.apache.spark.SparkContext.$anonfun$new$15(SparkContext.scala:526)
[2025-04-04T04:24:07.128+0000] {spark_submit.py:649} INFO - at org.apache.spark.SparkContext.$anonfun$new$15$adapted(SparkContext.scala:526)
[2025-04-04T04:24:07.129+0000] {spark_submit.py:649} INFO - at scala.collection.mutable.ResizableArray.foreach(ResizableArray.scala:62)
[2025-04-04T04:24:07.129+0000] {spark_submit.py:649} INFO - at scala.collection.mutable.ResizableArray.foreach$(ResizableArray.scala:55)
[2025-04-04T04:24:07.130+0000] {spark_submit.py:649} INFO - at scala.collection.mutable.ArrayBuffer.foreach(ArrayBuffer.scala:49)
[2025-04-04T04:24:07.130+0000] {spark_submit.py:649} INFO - at org.apache.spark.SparkContext.<init>(SparkContext.scala:526)
[2025-04-04T04:24:07.131+0000] {spark_submit.py:649} INFO - at org.apache.spark.api.java.JavaSparkContext.<init>(JavaSparkContext.scala:58)
[2025-04-04T04:24:07.131+0000] {spark_submit.py:649} INFO - at java.base/jdk.internal.reflect.NativeConstructorAccessorImpl.newInstance0(Native Method)
[2025-04-04T04:24:07.131+0000] {spark_submit.py:649} INFO - at java.base/jdk.internal.reflect.NativeConstructorAccessorImpl.newInstance(NativeConstructorAccessorImpl.java:77)
[2025-04-04T04:24:07.132+0000] {spark_submit.py:649} INFO - at java.base/jdk.internal.reflect.DelegatingConstructorAccessorImpl.newInstance(DelegatingConstructorAccessorImpl.java:45)
[2025-04-04T04:24:07.132+0000] {spark_submit.py:649} INFO - at java.base/java.lang.reflect.Constructor.newInstanceWithCaller(Constructor.java:500)
[2025-04-04T04:24:07.132+0000] {spark_submit.py:649} INFO - at java.base/java.lang.reflect.Constructor.newInstance(Constructor.java:481)
[2025-04-04T04:24:07.132+0000] {spark_submit.py:649} INFO - at py4j.reflection.MethodInvoker.invoke(MethodInvoker.java:247)
[2025-04-04T04:24:07.133+0000] {spark_submit.py:649} INFO - at py4j.reflection.ReflectionEngine.invoke(ReflectionEngine.java:374)
[2025-04-04T04:24:07.133+0000] {spark_submit.py:649} INFO - at py4j.Gateway.invoke(Gateway.java:238)
[2025-04-04T04:24:07.133+0000] {spark_submit.py:649} INFO - at py4j.commands.ConstructorCommand.invokeConstructor(ConstructorCommand.java:80)
[2025-04-04T04:24:07.134+0000] {spark_submit.py:649} INFO - at py4j.commands.ConstructorCommand.execute(ConstructorCommand.java:69)
[2025-04-04T04:24:07.134+0000] {spark_submit.py:649} INFO - at py4j.ClientServerConnection.waitForCommands(ClientServerConnection.java:182)
[2025-04-04T04:24:07.134+0000] {spark_submit.py:649} INFO - at py4j.ClientServerConnection.run(ClientServerConnection.java:106)
[2025-04-04T04:24:07.135+0000] {spark_submit.py:649} INFO - at java.base/java.lang.Thread.run(Thread.java:840)
[2025-04-04T04:24:07.165+0000] {spark_submit.py:649} INFO - 25/04/04 04:24:07 INFO StandaloneAppClient$ClientEndpoint: Connecting to master spark://spark-master:7077...
[2025-04-04T04:24:07.196+0000] {spark_submit.py:649} INFO - 25/04/04 04:24:07 INFO TransportClientFactory: Successfully created connection to spark-master/172.24.0.5:7077 after 16 ms (0 ms spent in bootstraps)
[2025-04-04T04:24:07.258+0000] {spark_submit.py:649} INFO - 25/04/04 04:24:07 INFO StandaloneSchedulerBackend: Connected to Spark cluster with app ID app-20250404042407-0005
[2025-04-04T04:24:07.261+0000] {spark_submit.py:649} INFO - 25/04/04 04:24:07 INFO StandaloneAppClient$ClientEndpoint: Executor added: app-20250404042407-0005/0 on worker-20250404040025-172.24.0.8-37225 (172.24.0.8:37225) with 2 core(s)
[2025-04-04T04:24:07.265+0000] {spark_submit.py:649} INFO - 25/04/04 04:24:07 INFO StandaloneSchedulerBackend: Granted executor ID app-20250404042407-0005/0 on hostPort 172.24.0.8:37225 with 2 core(s), 1024.0 MiB RAM
[2025-04-04T04:24:07.276+0000] {spark_submit.py:649} INFO - 25/04/04 04:24:07 INFO Utils: Successfully started service 'org.apache.spark.network.netty.NettyBlockTransferService' on port 45785.
[2025-04-04T04:24:07.278+0000] {spark_submit.py:649} INFO - 25/04/04 04:24:07 INFO NettyBlockTransferService: Server created on c82aa68c3e2c:45785
[2025-04-04T04:24:07.279+0000] {spark_submit.py:649} INFO - 25/04/04 04:24:07 INFO BlockManager: Using org.apache.spark.storage.RandomBlockReplicationPolicy for block replication policy
[2025-04-04T04:24:07.287+0000] {spark_submit.py:649} INFO - 25/04/04 04:24:07 INFO BlockManagerMaster: Registering BlockManager BlockManagerId(driver, c82aa68c3e2c, 45785, None)
[2025-04-04T04:24:07.292+0000] {spark_submit.py:649} INFO - 25/04/04 04:24:07 INFO BlockManagerMasterEndpoint: Registering block manager c82aa68c3e2c:45785 with 434.4 MiB RAM, BlockManagerId(driver, c82aa68c3e2c, 45785, None)
[2025-04-04T04:24:07.294+0000] {spark_submit.py:649} INFO - 25/04/04 04:24:07 INFO BlockManagerMaster: Registered BlockManager BlockManagerId(driver, c82aa68c3e2c, 45785, None)
[2025-04-04T04:24:07.296+0000] {spark_submit.py:649} INFO - 25/04/04 04:24:07 INFO BlockManager: Initialized BlockManager: BlockManagerId(driver, c82aa68c3e2c, 45785, None)
[2025-04-04T04:24:07.324+0000] {spark_submit.py:649} INFO - 25/04/04 04:24:07 INFO StandaloneAppClient$ClientEndpoint: Executor updated: app-20250404042407-0005/0 is now RUNNING
[2025-04-04T04:24:07.461+0000] {spark_submit.py:649} INFO - 25/04/04 04:24:07 INFO StandaloneSchedulerBackend: SchedulerBackend is ready for scheduling beginning after reached minRegisteredResourcesRatio: 0.0
[2025-04-04T04:24:07.591+0000] {spark_submit.py:649} INFO - ✅ Spark session received from DAG
[2025-04-04T04:24:07.592+0000] {spark_submit.py:649} INFO - 📥 Reading raw data...
[2025-04-04T04:24:07.596+0000] {spark_submit.py:649} INFO - 25/04/04 04:24:07 INFO SharedState: Setting hive.metastore.warehouse.dir ('null') to the value of spark.sql.warehouse.dir.
[2025-04-04T04:24:07.597+0000] {spark_submit.py:649} INFO - 25/04/04 04:24:07 INFO SharedState: Warehouse path is 'file:/opt/airflow/spark-warehouse'.
[2025-04-04T04:24:08.147+0000] {spark_submit.py:649} INFO - 25/04/04 04:24:08 WARN FileStreamSink: Assume no metadata directory. Error while looking for metadata directory in the path: s3a://nyc-taxi/raw/yellow_tripdata_2023-01.parquet.
[2025-04-04T04:24:08.148+0000] {spark_submit.py:649} INFO - java.lang.RuntimeException: java.lang.ClassNotFoundException: Class org.apache.hadoop.fs.s3a.S3AFileSystem not found
[2025-04-04T04:24:08.149+0000] {spark_submit.py:649} INFO - at org.apache.hadoop.conf.Configuration.getClass(Configuration.java:2688)
[2025-04-04T04:24:08.150+0000] {spark_submit.py:649} INFO - at org.apache.hadoop.fs.FileSystem.getFileSystemClass(FileSystem.java:3431)
[2025-04-04T04:24:08.150+0000] {spark_submit.py:649} INFO - at org.apache.hadoop.fs.FileSystem.createFileSystem(FileSystem.java:3466)
[2025-04-04T04:24:08.151+0000] {spark_submit.py:649} INFO - at org.apache.hadoop.fs.FileSystem.access$300(FileSystem.java:174)
[2025-04-04T04:24:08.152+0000] {spark_submit.py:649} INFO - at org.apache.hadoop.fs.FileSystem$Cache.getInternal(FileSystem.java:3574)
[2025-04-04T04:24:08.153+0000] {spark_submit.py:649} INFO - at org.apache.hadoop.fs.FileSystem$Cache.get(FileSystem.java:3521)
[2025-04-04T04:24:08.153+0000] {spark_submit.py:649} INFO - at org.apache.hadoop.fs.FileSystem.get(FileSystem.java:540)
[2025-04-04T04:24:08.154+0000] {spark_submit.py:649} INFO - at org.apache.hadoop.fs.Path.getFileSystem(Path.java:365)
[2025-04-04T04:24:08.154+0000] {spark_submit.py:649} INFO - at org.apache.spark.sql.execution.streaming.FileStreamSink$.hasMetadata(FileStreamSink.scala:53)
[2025-04-04T04:24:08.155+0000] {spark_submit.py:649} INFO - at org.apache.spark.sql.execution.datasources.DataSource.resolveRelation(DataSource.scala:366)
[2025-04-04T04:24:08.155+0000] {spark_submit.py:649} INFO - at org.apache.spark.sql.DataFrameReader.loadV1Source(DataFrameReader.scala:229)
[2025-04-04T04:24:08.156+0000] {spark_submit.py:649} INFO - at org.apache.spark.sql.DataFrameReader.$anonfun$load$2(DataFrameReader.scala:211)
[2025-04-04T04:24:08.157+0000] {spark_submit.py:649} INFO - at scala.Option.getOrElse(Option.scala:189)
[2025-04-04T04:24:08.157+0000] {spark_submit.py:649} INFO - at org.apache.spark.sql.DataFrameReader.load(DataFrameReader.scala:211)
[2025-04-04T04:24:08.158+0000] {spark_submit.py:649} INFO - at org.apache.spark.sql.DataFrameReader.parquet(DataFrameReader.scala:563)
[2025-04-04T04:24:08.158+0000] {spark_submit.py:649} INFO - at java.base/jdk.internal.reflect.NativeMethodAccessorImpl.invoke0(Native Method)
[2025-04-04T04:24:08.159+0000] {spark_submit.py:649} INFO - at java.base/jdk.internal.reflect.NativeMethodAccessorImpl.invoke(NativeMethodAccessorImpl.java:77)
[2025-04-04T04:24:08.159+0000] {spark_submit.py:649} INFO - at java.base/jdk.internal.reflect.DelegatingMethodAccessorImpl.invoke(DelegatingMethodAccessorImpl.java:43)
[2025-04-04T04:24:08.160+0000] {spark_submit.py:649} INFO - at java.base/java.lang.reflect.Method.invoke(Method.java:569)
[2025-04-04T04:24:08.160+0000] {spark_submit.py:649} INFO - at py4j.reflection.MethodInvoker.invoke(MethodInvoker.java:244)
[2025-04-04T04:24:08.161+0000] {spark_submit.py:649} INFO - at py4j.reflection.ReflectionEngine.invoke(ReflectionEngine.java:374)
[2025-04-04T04:24:08.161+0000] {spark_submit.py:649} INFO - at py4j.Gateway.invoke(Gateway.java:282)
[2025-04-04T04:24:08.162+0000] {spark_submit.py:649} INFO - at py4j.commands.AbstractCommand.invokeMethod(AbstractCommand.java:132)
[2025-04-04T04:24:08.162+0000] {spark_submit.py:649} INFO - at py4j.commands.CallCommand.execute(CallCommand.java:79)
[2025-04-04T04:24:08.163+0000] {spark_submit.py:649} INFO - at py4j.ClientServerConnection.waitForCommands(ClientServerConnection.java:182)
[2025-04-04T04:24:08.164+0000] {spark_submit.py:649} INFO - at py4j.ClientServerConnection.run(ClientServerConnection.java:106)
[2025-04-04T04:24:08.164+0000] {spark_submit.py:649} INFO - at java.base/java.lang.Thread.run(Thread.java:840)
[2025-04-04T04:24:08.164+0000] {spark_submit.py:649} INFO - Caused by: java.lang.ClassNotFoundException: Class org.apache.hadoop.fs.s3a.S3AFileSystem not found
[2025-04-04T04:24:08.165+0000] {spark_submit.py:649} INFO - at org.apache.hadoop.conf.Configuration.getClassByName(Configuration.java:2592)
[2025-04-04T04:24:08.166+0000] {spark_submit.py:649} INFO - at org.apache.hadoop.conf.Configuration.getClass(Configuration.java:2686)
[2025-04-04T04:24:08.166+0000] {spark_submit.py:649} INFO - ... 26 more
[2025-04-04T04:24:08.226+0000] {spark_submit.py:649} INFO - Traceback (most recent call last):
[2025-04-04T04:24:08.227+0000] {spark_submit.py:649} INFO - File "/opt/spark-app/clean_yellow_tripdata.py", line 9, in <module>
[2025-04-04T04:24:08.230+0000] {spark_submit.py:649} INFO - clean_yellow_tripdata(spark)
[2025-04-04T04:24:08.231+0000] {spark_submit.py:649} INFO - File "/opt/pipeline/transform/clean_yellow_tripdata.py", line 9, in clean_yellow_tripdata
[2025-04-04T04:24:08.235+0000] {spark_submit.py:649} INFO - df = spark.read.parquet(raw_path)
[2025-04-04T04:24:08.235+0000] {spark_submit.py:649} INFO - File "/opt/spark/python/lib/pyspark.zip/pyspark/sql/readwriter.py", line 544, in parquet
[2025-04-04T04:24:08.236+0000] {spark_submit.py:649} INFO - File "/opt/spark/python/lib/py4j-0.10.9.7-src.zip/py4j/java_gateway.py", line 1322, in __call__
[2025-04-04T04:24:08.237+0000] {spark_submit.py:649} INFO - File "/opt/spark/python/lib/pyspark.zip/pyspark/errors/exceptions/captured.py", line 179, in deco
[2025-04-04T04:24:08.238+0000] {spark_submit.py:649} INFO - File "/opt/spark/python/lib/py4j-0.10.9.7-src.zip/py4j/protocol.py", line 326, in get_return_value
[2025-04-04T04:24:08.239+0000] {spark_submit.py:649} INFO - py4j.protocol.Py4JJavaError: An error occurred while calling o29.parquet.
[2025-04-04T04:24:08.240+0000] {spark_submit.py:649} INFO - : java.lang.RuntimeException: java.lang.ClassNotFoundException: Class org.apache.hadoop.fs.s3a.S3AFileSystem not found
[2025-04-04T04:24:08.240+0000] {spark_submit.py:649} INFO - at org.apache.hadoop.conf.Configuration.getClass(Configuration.java:2688)
[2025-04-04T04:24:08.241+0000] {spark_submit.py:649} INFO - at org.apache.hadoop.fs.FileSystem.getFileSystemClass(FileSystem.java:3431)
[2025-04-04T04:24:08.241+0000] {spark_submit.py:649} INFO - at org.apache.hadoop.fs.FileSystem.createFileSystem(FileSystem.java:3466)
[2025-04-04T04:24:08.242+0000] {spark_submit.py:649} INFO - at org.apache.hadoop.fs.FileSystem.access$300(FileSystem.java:174)
[2025-04-04T04:24:08.242+0000] {spark_submit.py:649} INFO - at org.apache.hadoop.fs.FileSystem$Cache.getInternal(FileSystem.java:3574)
[2025-04-04T04:24:08.243+0000] {spark_submit.py:649} INFO - at org.apache.hadoop.fs.FileSystem$Cache.get(FileSystem.java:3521)
[2025-04-04T04:24:08.243+0000] {spark_submit.py:649} INFO - at org.apache.hadoop.fs.FileSystem.get(FileSystem.java:540)
[2025-04-04T04:24:08.244+0000] {spark_submit.py:649} INFO - at org.apache.hadoop.fs.Path.getFileSystem(Path.java:365)
[2025-04-04T04:24:08.244+0000] {spark_submit.py:649} INFO - at org.apache.spark.sql.execution.datasources.DataSource$.$anonfun$checkAndGlobPathIfNecessary$1(DataSource.scala:724)
[2025-04-04T04:24:08.245+0000] {spark_submit.py:649} INFO - at scala.collection.immutable.List.map(List.scala:293)
[2025-04-04T04:24:08.246+0000] {spark_submit.py:649} INFO - at org.apache.spark.sql.execution.datasources.DataSource$.checkAndGlobPathIfNecessary(DataSource.scala:722)
[2025-04-04T04:24:08.246+0000] {spark_submit.py:649} INFO - at org.apache.spark.sql.execution.datasources.DataSource.checkAndGlobPathIfNecessary(DataSource.scala:551)
[2025-04-04T04:24:08.247+0000] {spark_submit.py:649} INFO - at org.apache.spark.sql.execution.datasources.DataSource.resolveRelation(DataSource.scala:404)
[2025-04-04T04:24:08.248+0000] {spark_submit.py:649} INFO - at org.apache.spark.sql.DataFrameReader.loadV1Source(DataFrameReader.scala:229)
[2025-04-04T04:24:08.249+0000] {spark_submit.py:649} INFO - at org.apache.spark.sql.DataFrameReader.$anonfun$load$2(DataFrameReader.scala:211)
[2025-04-04T04:24:08.249+0000] {spark_submit.py:649} INFO - at scala.Option.getOrElse(Option.scala:189)
[2025-04-04T04:24:08.250+0000] {spark_submit.py:649} INFO - at org.apache.spark.sql.DataFrameReader.load(DataFrameReader.scala:211)
[2025-04-04T04:24:08.250+0000] {spark_submit.py:649} INFO - at org.apache.spark.sql.DataFrameReader.parquet(DataFrameReader.scala:563)
[2025-04-04T04:24:08.251+0000] {spark_submit.py:649} INFO - at java.base/jdk.internal.reflect.NativeMethodAccessorImpl.invoke0(Native Method)
[2025-04-04T04:24:08.252+0000] {spark_submit.py:649} INFO - at java.base/jdk.internal.reflect.NativeMethodAccessorImpl.invoke(NativeMethodAccessorImpl.java:77)
[2025-04-04T04:24:08.252+0000] {spark_submit.py:649} INFO - at java.base/jdk.internal.reflect.DelegatingMethodAccessorImpl.invoke(DelegatingMethodAccessorImpl.java:43)
[2025-04-04T04:24:08.253+0000] {spark_submit.py:649} INFO - at java.base/java.lang.reflect.Method.invoke(Method.java:569)
[2025-04-04T04:24:08.253+0000] {spark_submit.py:649} INFO - at py4j.reflection.MethodInvoker.invoke(MethodInvoker.java:244)
[2025-04-04T04:24:08.254+0000] {spark_submit.py:649} INFO - at py4j.reflection.ReflectionEngine.invoke(ReflectionEngine.java:374)
[2025-04-04T04:24:08.255+0000] {spark_submit.py:649} INFO - at py4j.Gateway.invoke(Gateway.java:282)
[2025-04-04T04:24:08.255+0000] {spark_submit.py:649} INFO - at py4j.commands.AbstractCommand.invokeMethod(AbstractCommand.java:132)
[2025-04-04T04:24:08.256+0000] {spark_submit.py:649} INFO - at py4j.commands.CallCommand.execute(CallCommand.java:79)
[2025-04-04T04:24:08.257+0000] {spark_submit.py:649} INFO - at py4j.ClientServerConnection.waitForCommands(ClientServerConnection.java:182)
[2025-04-04T04:24:08.257+0000] {spark_submit.py:649} INFO - at py4j.ClientServerConnection.run(ClientServerConnection.java:106)
[2025-04-04T04:24:08.258+0000] {spark_submit.py:649} INFO - at java.base/java.lang.Thread.run(Thread.java:840)
[2025-04-04T04:24:08.259+0000] {spark_submit.py:649} INFO - Caused by: java.lang.ClassNotFoundException: Class org.apache.hadoop.fs.s3a.S3AFileSystem not found
[2025-04-04T04:24:08.259+0000] {spark_submit.py:649} INFO - at org.apache.hadoop.conf.Configuration.getClassByName(Configuration.java:2592)
[2025-04-04T04:24:08.260+0000] {spark_submit.py:649} INFO - at org.apache.hadoop.conf.Configuration.getClass(Configuration.java:2686)
[2025-04-04T04:24:08.260+0000] {spark_submit.py:649} INFO - ... 29 more
[2025-04-04T04:24:08.261+0000] {spark_submit.py:649} INFO - 
[2025-04-04T04:24:08.302+0000] {spark_submit.py:649} INFO - 25/04/04 04:24:08 INFO SparkContext: Invoking stop() from shutdown hook
[2025-04-04T04:24:08.303+0000] {spark_submit.py:649} INFO - 25/04/04 04:24:08 INFO SparkContext: SparkContext is stopping with exitCode 0.
[2025-04-04T04:24:08.316+0000] {spark_submit.py:649} INFO - 25/04/04 04:24:08 INFO SparkUI: Stopped Spark web UI at http://c82aa68c3e2c:4040
[2025-04-04T04:24:08.320+0000] {spark_submit.py:649} INFO - 25/04/04 04:24:08 INFO StandaloneSchedulerBackend: Shutting down all executors
[2025-04-04T04:24:08.324+0000] {spark_submit.py:649} INFO - 25/04/04 04:24:08 INFO StandaloneSchedulerBackend$StandaloneDriverEndpoint: Asking each executor to shut down
[2025-04-04T04:24:08.341+0000] {spark_submit.py:649} INFO - 25/04/04 04:24:08 INFO MapOutputTrackerMasterEndpoint: MapOutputTrackerMasterEndpoint stopped!
[2025-04-04T04:24:08.354+0000] {spark_submit.py:649} INFO - 25/04/04 04:24:08 INFO MemoryStore: MemoryStore cleared
[2025-04-04T04:24:08.355+0000] {spark_submit.py:649} INFO - 25/04/04 04:24:08 INFO BlockManager: BlockManager stopped
[2025-04-04T04:24:08.358+0000] {spark_submit.py:649} INFO - 25/04/04 04:24:08 INFO BlockManagerMaster: BlockManagerMaster stopped
[2025-04-04T04:24:08.360+0000] {spark_submit.py:649} INFO - 25/04/04 04:24:08 INFO OutputCommitCoordinator$OutputCommitCoordinatorEndpoint: OutputCommitCoordinator stopped!
[2025-04-04T04:24:08.371+0000] {spark_submit.py:649} INFO - 25/04/04 04:24:08 INFO SparkContext: Successfully stopped SparkContext
[2025-04-04T04:24:08.372+0000] {spark_submit.py:649} INFO - 25/04/04 04:24:08 INFO ShutdownHookManager: Shutdown hook called
[2025-04-04T04:24:08.372+0000] {spark_submit.py:649} INFO - 25/04/04 04:24:08 INFO ShutdownHookManager: Deleting directory /tmp/spark-151b59c0-1457-400f-b4de-9b1c38a839cf
[2025-04-04T04:24:08.376+0000] {spark_submit.py:649} INFO - 25/04/04 04:24:08 INFO ShutdownHookManager: Deleting directory /tmp/spark-d46b0dfd-9c6e-44df-bdd2-449e8b112ce2
[2025-04-04T04:24:08.380+0000] {spark_submit.py:649} INFO - 25/04/04 04:24:08 INFO ShutdownHookManager: Deleting directory /tmp/spark-d46b0dfd-9c6e-44df-bdd2-449e8b112ce2/pyspark-940fad40-9fc0-47c7-a8ff-f728e9a2de0a
[2025-04-04T04:24:08.447+0000] {taskinstance.py:2698} ERROR - Task failed with exception
Traceback (most recent call last):
  File "/home/airflow/.local/lib/python3.8/site-packages/airflow/models/taskinstance.py", line 433, in _execute_task
    result = execute_callable(context=context, **execute_callable_kwargs)
  File "/home/airflow/.local/lib/python3.8/site-packages/airflow/providers/apache/spark/operators/spark_submit.py", line 176, in execute
    self._hook.submit(self.application)
  File "/home/airflow/.local/lib/python3.8/site-packages/airflow/providers/apache/spark/hooks/spark_submit.py", line 575, in submit
    raise AirflowException(
airflow.exceptions.AirflowException: Cannot execute: spark-submit --master spark://spark-master:7077 --conf spark.master=spark://spark-master:7077 --conf spark.hadoop.fs.s3a.impl=org.apache.hadoop.fs.s3a.S3AFileSystem --conf spark.driver.extraClassPath=/opt/spark-extra-jars/* --conf spark.executor.extraClassPath=/opt/spark-extra-jars/* --jars /opt/spark-extra-jars/hadoop-aws-3.3.6.jar,/opt/spark-extra-jars/aws-java-sdk-bundle-1.12.696.jar --name arrow-spark --verbose --queue root.default --deploy-mode client /opt/spark-app/clean_yellow_tripdata.py. Error code is: 1.
[2025-04-04T04:24:08.452+0000] {taskinstance.py:1138} INFO - Marking task as FAILED. dag_id=full_pipeline_dag, task_id=clean_data_spark, execution_date=20250404T033934, start_date=20250404T042403, end_date=20250404T042408
[2025-04-04T04:24:08.619+0000] {standard_task_runner.py:107} ERROR - Failed to execute job 250 for task clean_data_spark (Cannot execute: spark-submit --master spark://spark-master:7077 --conf spark.master=spark://spark-master:7077 --conf spark.hadoop.fs.s3a.impl=org.apache.hadoop.fs.s3a.S3AFileSystem --conf spark.driver.extraClassPath=/opt/spark-extra-jars/* --conf spark.executor.extraClassPath=/opt/spark-extra-jars/* --jars /opt/spark-extra-jars/hadoop-aws-3.3.6.jar,/opt/spark-extra-jars/aws-java-sdk-bundle-1.12.696.jar --name arrow-spark --verbose --queue root.default --deploy-mode client /opt/spark-app/clean_yellow_tripdata.py. Error code is: 1.; 1168)
[2025-04-04T04:24:08.668+0000] {local_task_job_runner.py:234} INFO - Task exited with return code 1
[2025-04-04T04:24:08.731+0000] {taskinstance.py:3280} INFO - 0 downstream tasks scheduled from follow-on schedule check
