[2025-04-04T03:42:27.726+0000] {taskinstance.py:1956} INFO - Dependencies all met for dep_context=non-requeueable deps ti=<TaskInstance: full_pipeline_dag.clean_data_spark manual__2025-04-04T03:39:34.947255+00:00 [queued]>
[2025-04-04T03:42:27.742+0000] {taskinstance.py:1956} INFO - Dependencies all met for dep_context=requeueable deps ti=<TaskInstance: full_pipeline_dag.clean_data_spark manual__2025-04-04T03:39:34.947255+00:00 [queued]>
[2025-04-04T03:42:27.742+0000] {taskinstance.py:2170} INFO - Starting attempt 3 of 3
[2025-04-04T03:42:27.777+0000] {taskinstance.py:2191} INFO - Executing <Task(SparkSubmitOperator): clean_data_spark> on 2025-04-04 03:39:34.947255+00:00
[2025-04-04T03:42:27.782+0000] {standard_task_runner.py:60} INFO - Started process 1128 to run task
[2025-04-04T03:42:27.784+0000] {standard_task_runner.py:87} INFO - Running: ['airflow', 'tasks', 'run', 'full_pipeline_dag', 'clean_data_spark', 'manual__2025-04-04T03:39:34.947255+00:00', '--job-id', '237', '--raw', '--subdir', 'DAGS_FOLDER/full_pipeline_dag.py', '--cfg-path', '/tmp/tmp37021p03']
[2025-04-04T03:42:27.789+0000] {standard_task_runner.py:88} INFO - Job 237: Subtask clean_data_spark
[2025-04-04T03:42:27.854+0000] {logging_mixin.py:188} WARNING - /home/airflow/.local/lib/python3.8/site-packages/airflow/settings.py:194 DeprecationWarning: The sql_alchemy_conn option in [core] has been moved to the sql_alchemy_conn option in [database] - the old setting has been used, but please update your config.
[2025-04-04T03:42:27.923+0000] {task_command.py:423} INFO - Running <TaskInstance: full_pipeline_dag.clean_data_spark manual__2025-04-04T03:39:34.947255+00:00 [running]> on host d1dcd11a0d3d
[2025-04-04T03:42:28.083+0000] {taskinstance.py:2480} INFO - Exporting env vars: AIRFLOW_CTX_DAG_OWNER='airflow' AIRFLOW_CTX_DAG_ID='full_pipeline_dag' AIRFLOW_CTX_TASK_ID='clean_data_spark' AIRFLOW_CTX_EXECUTION_DATE='2025-04-04T03:39:34.947255+00:00' AIRFLOW_CTX_TRY_NUMBER='3' AIRFLOW_CTX_DAG_RUN_ID='manual__2025-04-04T03:39:34.947255+00:00'
[2025-04-04T03:42:28.104+0000] {base.py:83} INFO - Using connection ID 'spark_default' for task execution.
[2025-04-04T03:42:28.105+0000] {spark_submit.py:473} INFO - Spark-Submit cmd: spark-submit --master spark://spark-master:7077 --conf spark.master=spark://spark-master:7077 --jars /opt/spark/jars/hadoop-aws-3.3.6.jar,/opt/spark/jars/aws-java-sdk-bundle-1.12.696.jar --name arrow-spark --verbose --queue root.default --deploy-mode client /opt/spark-app/clean_yellow_tripdata.py
[2025-04-04T03:42:29.255+0000] {spark_submit.py:649} INFO - Using properties file: null
[2025-04-04T03:42:29.360+0000] {spark_submit.py:649} INFO - Parsed arguments:
[2025-04-04T03:42:29.361+0000] {spark_submit.py:649} INFO - master                  spark://spark-master:7077
[2025-04-04T03:42:29.362+0000] {spark_submit.py:649} INFO - remote                  null
[2025-04-04T03:42:29.362+0000] {spark_submit.py:649} INFO - deployMode              client
[2025-04-04T03:42:29.363+0000] {spark_submit.py:649} INFO - executorMemory          null
[2025-04-04T03:42:29.364+0000] {spark_submit.py:649} INFO - executorCores           null
[2025-04-04T03:42:29.365+0000] {spark_submit.py:649} INFO - totalExecutorCores      null
[2025-04-04T03:42:29.365+0000] {spark_submit.py:649} INFO - propertiesFile          null
[2025-04-04T03:42:29.366+0000] {spark_submit.py:649} INFO - driverMemory            null
[2025-04-04T03:42:29.366+0000] {spark_submit.py:649} INFO - driverCores             null
[2025-04-04T03:42:29.366+0000] {spark_submit.py:649} INFO - driverExtraClassPath    null
[2025-04-04T03:42:29.367+0000] {spark_submit.py:649} INFO - driverExtraLibraryPath  null
[2025-04-04T03:42:29.367+0000] {spark_submit.py:649} INFO - driverExtraJavaOptions  null
[2025-04-04T03:42:29.368+0000] {spark_submit.py:649} INFO - supervise               false
[2025-04-04T03:42:29.368+0000] {spark_submit.py:649} INFO - queue                   root.default
[2025-04-04T03:42:29.369+0000] {spark_submit.py:649} INFO - numExecutors            null
[2025-04-04T03:42:29.369+0000] {spark_submit.py:649} INFO - files                   null
[2025-04-04T03:42:29.370+0000] {spark_submit.py:649} INFO - pyFiles                 null
[2025-04-04T03:42:29.370+0000] {spark_submit.py:649} INFO - archives                null
[2025-04-04T03:42:29.370+0000] {spark_submit.py:649} INFO - mainClass               null
[2025-04-04T03:42:29.371+0000] {spark_submit.py:649} INFO - primaryResource         file:/opt/spark-app/clean_yellow_tripdata.py
[2025-04-04T03:42:29.372+0000] {spark_submit.py:649} INFO - name                    arrow-spark
[2025-04-04T03:42:29.372+0000] {spark_submit.py:649} INFO - childArgs               []
[2025-04-04T03:42:29.373+0000] {spark_submit.py:649} INFO - jars                    file:/opt/spark-3.5.0-bin-hadoop3/jars/hadoop-aws-3.3.6.jar,file:/opt/spark-3.5.0-bin-hadoop3/jars/aws-java-sdk-bundle-1.12.696.jar
[2025-04-04T03:42:29.373+0000] {spark_submit.py:649} INFO - packages                null
[2025-04-04T03:42:29.374+0000] {spark_submit.py:649} INFO - packagesExclusions      null
[2025-04-04T03:42:29.374+0000] {spark_submit.py:649} INFO - repositories            null
[2025-04-04T03:42:29.375+0000] {spark_submit.py:649} INFO - verbose                 true
[2025-04-04T03:42:29.375+0000] {spark_submit.py:649} INFO - 
[2025-04-04T03:42:29.376+0000] {spark_submit.py:649} INFO - Spark properties used, including those specified through
[2025-04-04T03:42:29.376+0000] {spark_submit.py:649} INFO - --conf and those from the properties file null:
[2025-04-04T03:42:29.377+0000] {spark_submit.py:649} INFO - (spark.master,spark://spark-master:7077)
[2025-04-04T03:42:29.377+0000] {spark_submit.py:649} INFO - 
[2025-04-04T03:42:29.378+0000] {spark_submit.py:649} INFO - 
[2025-04-04T03:42:29.644+0000] {spark_submit.py:649} INFO - 25/04/04 03:42:29 WARN NativeCodeLoader: Unable to load native-hadoop library for your platform... using builtin-java classes where applicable
[2025-04-04T03:42:29.832+0000] {spark_submit.py:649} INFO - Main class:
[2025-04-04T03:42:29.833+0000] {spark_submit.py:649} INFO - org.apache.spark.deploy.PythonRunner
[2025-04-04T03:42:29.834+0000] {spark_submit.py:649} INFO - Arguments:
[2025-04-04T03:42:29.835+0000] {spark_submit.py:649} INFO - file:/opt/spark-app/clean_yellow_tripdata.py
[2025-04-04T03:42:29.836+0000] {spark_submit.py:649} INFO - null
[2025-04-04T03:42:29.837+0000] {spark_submit.py:649} INFO - Spark config:
[2025-04-04T03:42:29.838+0000] {spark_submit.py:649} INFO - (spark.app.name,arrow-spark)
[2025-04-04T03:42:29.839+0000] {spark_submit.py:649} INFO - (spark.app.submitTime,1743738149797)
[2025-04-04T03:42:29.839+0000] {spark_submit.py:649} INFO - (spark.jars,file:/opt/spark-3.5.0-bin-hadoop3/jars/hadoop-aws-3.3.6.jar,file:/opt/spark-3.5.0-bin-hadoop3/jars/aws-java-sdk-bundle-1.12.696.jar)
[2025-04-04T03:42:29.840+0000] {spark_submit.py:649} INFO - (spark.master,spark://spark-master:7077)
[2025-04-04T03:42:29.841+0000] {spark_submit.py:649} INFO - (spark.repl.local.jars,file:/opt/spark-3.5.0-bin-hadoop3/jars/hadoop-aws-3.3.6.jar,file:/opt/spark-3.5.0-bin-hadoop3/jars/aws-java-sdk-bundle-1.12.696.jar)
[2025-04-04T03:42:29.841+0000] {spark_submit.py:649} INFO - (spark.submit.deployMode,client)
[2025-04-04T03:42:29.842+0000] {spark_submit.py:649} INFO - (spark.submit.pyFiles,)
[2025-04-04T03:42:29.843+0000] {spark_submit.py:649} INFO - Classpath elements:
[2025-04-04T03:42:29.843+0000] {spark_submit.py:649} INFO - file:/opt/spark-3.5.0-bin-hadoop3/jars/hadoop-aws-3.3.6.jar
[2025-04-04T03:42:29.844+0000] {spark_submit.py:649} INFO - file:/opt/spark-3.5.0-bin-hadoop3/jars/aws-java-sdk-bundle-1.12.696.jar
[2025-04-04T03:42:29.845+0000] {spark_submit.py:649} INFO - 
[2025-04-04T03:42:29.847+0000] {spark_submit.py:649} INFO - 
[2025-04-04T03:42:29.848+0000] {spark_submit.py:649} INFO - 25/04/04 03:42:29 WARN DependencyUtils: Local jar /opt/spark-3.5.0-bin-hadoop3/jars/hadoop-aws-3.3.6.jar does not exist, skipping.
[2025-04-04T03:42:29.849+0000] {spark_submit.py:649} INFO - 25/04/04 03:42:29 WARN DependencyUtils: Local jar /opt/spark-3.5.0-bin-hadoop3/jars/aws-java-sdk-bundle-1.12.696.jar does not exist, skipping.
[2025-04-04T03:42:30.761+0000] {spark_submit.py:649} INFO - 25/04/04 03:42:30 INFO SparkContext: Running Spark version 3.5.0
[2025-04-04T03:42:30.762+0000] {spark_submit.py:649} INFO - 25/04/04 03:42:30 INFO SparkContext: OS info Linux, 5.15.167.4-microsoft-standard-WSL2, amd64
[2025-04-04T03:42:30.763+0000] {spark_submit.py:649} INFO - 25/04/04 03:42:30 INFO SparkContext: Java version 17.0.14
[2025-04-04T03:42:30.780+0000] {spark_submit.py:649} INFO - 25/04/04 03:42:30 INFO ResourceUtils: ==============================================================
[2025-04-04T03:42:30.781+0000] {spark_submit.py:649} INFO - 25/04/04 03:42:30 INFO ResourceUtils: No custom resources configured for spark.driver.
[2025-04-04T03:42:30.782+0000] {spark_submit.py:649} INFO - 25/04/04 03:42:30 INFO ResourceUtils: ==============================================================
[2025-04-04T03:42:30.783+0000] {spark_submit.py:649} INFO - 25/04/04 03:42:30 INFO SparkContext: Submitted application: CleanYellowData
[2025-04-04T03:42:30.795+0000] {spark_submit.py:649} INFO - 25/04/04 03:42:30 INFO ResourceProfile: Default ResourceProfile created, executor resources: Map(memory -> name: memory, amount: 1024, script: , vendor: , offHeap -> name: offHeap, amount: 0, script: , vendor: ), task resources: Map(cpus -> name: cpus, amount: 1.0)
[2025-04-04T03:42:30.802+0000] {spark_submit.py:649} INFO - 25/04/04 03:42:30 INFO ResourceProfile: Limiting resource is cpu
[2025-04-04T03:42:30.802+0000] {spark_submit.py:649} INFO - 25/04/04 03:42:30 INFO ResourceProfileManager: Added ResourceProfile id: 0
[2025-04-04T03:42:30.842+0000] {spark_submit.py:649} INFO - 25/04/04 03:42:30 INFO SecurityManager: Changing view acls to: airflow
[2025-04-04T03:42:30.842+0000] {spark_submit.py:649} INFO - 25/04/04 03:42:30 INFO SecurityManager: Changing modify acls to: airflow
[2025-04-04T03:42:30.843+0000] {spark_submit.py:649} INFO - 25/04/04 03:42:30 INFO SecurityManager: Changing view acls groups to:
[2025-04-04T03:42:30.844+0000] {spark_submit.py:649} INFO - 25/04/04 03:42:30 INFO SecurityManager: Changing modify acls groups to:
[2025-04-04T03:42:30.844+0000] {spark_submit.py:649} INFO - 25/04/04 03:42:30 INFO SecurityManager: SecurityManager: authentication disabled; ui acls disabled; users with view permissions: airflow; groups with view permissions: EMPTY; users with modify permissions: airflow; groups with modify permissions: EMPTY
[2025-04-04T03:42:30.992+0000] {spark_submit.py:649} INFO - 25/04/04 03:42:30 INFO Utils: Successfully started service 'sparkDriver' on port 37861.
[2025-04-04T03:42:31.011+0000] {spark_submit.py:649} INFO - 25/04/04 03:42:31 INFO SparkEnv: Registering MapOutputTracker
[2025-04-04T03:42:31.046+0000] {spark_submit.py:649} INFO - 25/04/04 03:42:31 INFO SparkEnv: Registering BlockManagerMaster
[2025-04-04T03:42:31.062+0000] {spark_submit.py:649} INFO - 25/04/04 03:42:31 INFO BlockManagerMasterEndpoint: Using org.apache.spark.storage.DefaultTopologyMapper for getting topology information
[2025-04-04T03:42:31.063+0000] {spark_submit.py:649} INFO - 25/04/04 03:42:31 INFO BlockManagerMasterEndpoint: BlockManagerMasterEndpoint up
[2025-04-04T03:42:31.066+0000] {spark_submit.py:649} INFO - 25/04/04 03:42:31 INFO SparkEnv: Registering BlockManagerMasterHeartbeat
[2025-04-04T03:42:31.092+0000] {spark_submit.py:649} INFO - 25/04/04 03:42:31 INFO DiskBlockManager: Created local directory at /tmp/blockmgr-13dc86a0-fd52-4abd-be72-ab66030afcfb
[2025-04-04T03:42:31.102+0000] {spark_submit.py:649} INFO - 25/04/04 03:42:31 INFO MemoryStore: MemoryStore started with capacity 434.4 MiB
[2025-04-04T03:42:31.114+0000] {spark_submit.py:649} INFO - 25/04/04 03:42:31 INFO SparkEnv: Registering OutputCommitCoordinator
[2025-04-04T03:42:31.213+0000] {spark_submit.py:649} INFO - 25/04/04 03:42:31 INFO JettyUtils: Start Jetty 0.0.0.0:4040 for SparkUI
[2025-04-04T03:42:31.281+0000] {spark_submit.py:649} INFO - 25/04/04 03:42:31 INFO Utils: Successfully started service 'SparkUI' on port 4040.
[2025-04-04T03:42:31.310+0000] {spark_submit.py:649} INFO - 25/04/04 03:42:31 ERROR SparkContext: Failed to add file:/opt/spark-3.5.0-bin-hadoop3/jars/hadoop-aws-3.3.6.jar to Spark environment
[2025-04-04T03:42:31.311+0000] {spark_submit.py:649} INFO - java.io.FileNotFoundException: Jar /opt/spark-3.5.0-bin-hadoop3/jars/hadoop-aws-3.3.6.jar not found
[2025-04-04T03:42:31.311+0000] {spark_submit.py:649} INFO - at org.apache.spark.SparkContext.addLocalJarFile$1(SparkContext.scala:2100)
[2025-04-04T03:42:31.312+0000] {spark_submit.py:649} INFO - at org.apache.spark.SparkContext.addJar(SparkContext.scala:2156)
[2025-04-04T03:42:31.312+0000] {spark_submit.py:649} INFO - at org.apache.spark.SparkContext.$anonfun$new$15(SparkContext.scala:526)
[2025-04-04T03:42:31.313+0000] {spark_submit.py:649} INFO - at org.apache.spark.SparkContext.$anonfun$new$15$adapted(SparkContext.scala:526)
[2025-04-04T03:42:31.313+0000] {spark_submit.py:649} INFO - at scala.collection.mutable.ResizableArray.foreach(ResizableArray.scala:62)
[2025-04-04T03:42:31.314+0000] {spark_submit.py:649} INFO - at scala.collection.mutable.ResizableArray.foreach$(ResizableArray.scala:55)
[2025-04-04T03:42:31.314+0000] {spark_submit.py:649} INFO - at scala.collection.mutable.ArrayBuffer.foreach(ArrayBuffer.scala:49)
[2025-04-04T03:42:31.315+0000] {spark_submit.py:649} INFO - at org.apache.spark.SparkContext.<init>(SparkContext.scala:526)
[2025-04-04T03:42:31.315+0000] {spark_submit.py:649} INFO - at org.apache.spark.api.java.JavaSparkContext.<init>(JavaSparkContext.scala:58)
[2025-04-04T03:42:31.316+0000] {spark_submit.py:649} INFO - at java.base/jdk.internal.reflect.NativeConstructorAccessorImpl.newInstance0(Native Method)
[2025-04-04T03:42:31.316+0000] {spark_submit.py:649} INFO - at java.base/jdk.internal.reflect.NativeConstructorAccessorImpl.newInstance(NativeConstructorAccessorImpl.java:77)
[2025-04-04T03:42:31.317+0000] {spark_submit.py:649} INFO - at java.base/jdk.internal.reflect.DelegatingConstructorAccessorImpl.newInstance(DelegatingConstructorAccessorImpl.java:45)
[2025-04-04T03:42:31.317+0000] {spark_submit.py:649} INFO - at java.base/java.lang.reflect.Constructor.newInstanceWithCaller(Constructor.java:500)
[2025-04-04T03:42:31.318+0000] {spark_submit.py:649} INFO - at java.base/java.lang.reflect.Constructor.newInstance(Constructor.java:481)
[2025-04-04T03:42:31.318+0000] {spark_submit.py:649} INFO - at py4j.reflection.MethodInvoker.invoke(MethodInvoker.java:247)
[2025-04-04T03:42:31.319+0000] {spark_submit.py:649} INFO - at py4j.reflection.ReflectionEngine.invoke(ReflectionEngine.java:374)
[2025-04-04T03:42:31.320+0000] {spark_submit.py:649} INFO - at py4j.Gateway.invoke(Gateway.java:238)
[2025-04-04T03:42:31.320+0000] {spark_submit.py:649} INFO - at py4j.commands.ConstructorCommand.invokeConstructor(ConstructorCommand.java:80)
[2025-04-04T03:42:31.321+0000] {spark_submit.py:649} INFO - at py4j.commands.ConstructorCommand.execute(ConstructorCommand.java:69)
[2025-04-04T03:42:31.321+0000] {spark_submit.py:649} INFO - at py4j.ClientServerConnection.waitForCommands(ClientServerConnection.java:182)
[2025-04-04T03:42:31.322+0000] {spark_submit.py:649} INFO - at py4j.ClientServerConnection.run(ClientServerConnection.java:106)
[2025-04-04T03:42:31.323+0000] {spark_submit.py:649} INFO - at java.base/java.lang.Thread.run(Thread.java:840)
[2025-04-04T03:42:31.324+0000] {spark_submit.py:649} INFO - 25/04/04 03:42:31 ERROR SparkContext: Failed to add file:/opt/spark-3.5.0-bin-hadoop3/jars/aws-java-sdk-bundle-1.12.696.jar to Spark environment
[2025-04-04T03:42:31.324+0000] {spark_submit.py:649} INFO - java.io.FileNotFoundException: Jar /opt/spark-3.5.0-bin-hadoop3/jars/aws-java-sdk-bundle-1.12.696.jar not found
[2025-04-04T03:42:31.325+0000] {spark_submit.py:649} INFO - at org.apache.spark.SparkContext.addLocalJarFile$1(SparkContext.scala:2100)
[2025-04-04T03:42:31.326+0000] {spark_submit.py:649} INFO - at org.apache.spark.SparkContext.addJar(SparkContext.scala:2156)
[2025-04-04T03:42:31.326+0000] {spark_submit.py:649} INFO - at org.apache.spark.SparkContext.$anonfun$new$15(SparkContext.scala:526)
[2025-04-04T03:42:31.327+0000] {spark_submit.py:649} INFO - at org.apache.spark.SparkContext.$anonfun$new$15$adapted(SparkContext.scala:526)
[2025-04-04T03:42:31.328+0000] {spark_submit.py:649} INFO - at scala.collection.mutable.ResizableArray.foreach(ResizableArray.scala:62)
[2025-04-04T03:42:31.329+0000] {spark_submit.py:649} INFO - at scala.collection.mutable.ResizableArray.foreach$(ResizableArray.scala:55)
[2025-04-04T03:42:31.329+0000] {spark_submit.py:649} INFO - at scala.collection.mutable.ArrayBuffer.foreach(ArrayBuffer.scala:49)
[2025-04-04T03:42:31.330+0000] {spark_submit.py:649} INFO - at org.apache.spark.SparkContext.<init>(SparkContext.scala:526)
[2025-04-04T03:42:31.330+0000] {spark_submit.py:649} INFO - at org.apache.spark.api.java.JavaSparkContext.<init>(JavaSparkContext.scala:58)
[2025-04-04T03:42:31.331+0000] {spark_submit.py:649} INFO - at java.base/jdk.internal.reflect.NativeConstructorAccessorImpl.newInstance0(Native Method)
[2025-04-04T03:42:31.331+0000] {spark_submit.py:649} INFO - at java.base/jdk.internal.reflect.NativeConstructorAccessorImpl.newInstance(NativeConstructorAccessorImpl.java:77)
[2025-04-04T03:42:31.332+0000] {spark_submit.py:649} INFO - at java.base/jdk.internal.reflect.DelegatingConstructorAccessorImpl.newInstance(DelegatingConstructorAccessorImpl.java:45)
[2025-04-04T03:42:31.332+0000] {spark_submit.py:649} INFO - at java.base/java.lang.reflect.Constructor.newInstanceWithCaller(Constructor.java:500)
[2025-04-04T03:42:31.332+0000] {spark_submit.py:649} INFO - at java.base/java.lang.reflect.Constructor.newInstance(Constructor.java:481)
[2025-04-04T03:42:31.333+0000] {spark_submit.py:649} INFO - at py4j.reflection.MethodInvoker.invoke(MethodInvoker.java:247)
[2025-04-04T03:42:31.333+0000] {spark_submit.py:649} INFO - at py4j.reflection.ReflectionEngine.invoke(ReflectionEngine.java:374)
[2025-04-04T03:42:31.333+0000] {spark_submit.py:649} INFO - at py4j.Gateway.invoke(Gateway.java:238)
[2025-04-04T03:42:31.334+0000] {spark_submit.py:649} INFO - at py4j.commands.ConstructorCommand.invokeConstructor(ConstructorCommand.java:80)
[2025-04-04T03:42:31.334+0000] {spark_submit.py:649} INFO - at py4j.commands.ConstructorCommand.execute(ConstructorCommand.java:69)
[2025-04-04T03:42:31.335+0000] {spark_submit.py:649} INFO - at py4j.ClientServerConnection.waitForCommands(ClientServerConnection.java:182)
[2025-04-04T03:42:31.335+0000] {spark_submit.py:649} INFO - at py4j.ClientServerConnection.run(ClientServerConnection.java:106)
[2025-04-04T03:42:31.336+0000] {spark_submit.py:649} INFO - at java.base/java.lang.Thread.run(Thread.java:840)
[2025-04-04T03:42:31.379+0000] {spark_submit.py:649} INFO - 25/04/04 03:42:31 INFO StandaloneAppClient$ClientEndpoint: Connecting to master spark://spark-master:7077...
[2025-04-04T03:42:31.410+0000] {spark_submit.py:649} INFO - 25/04/04 03:42:31 INFO TransportClientFactory: Successfully created connection to spark-master/172.24.0.5:7077 after 16 ms (0 ms spent in bootstraps)
[2025-04-04T03:42:31.471+0000] {spark_submit.py:649} INFO - 25/04/04 03:42:31 INFO StandaloneSchedulerBackend: Connected to Spark cluster with app ID app-20250404034231-0005
[2025-04-04T03:42:31.473+0000] {spark_submit.py:649} INFO - 25/04/04 03:42:31 INFO StandaloneAppClient$ClientEndpoint: Executor added: app-20250404034231-0005/0 on worker-20250404033545-172.24.0.7-44149 (172.24.0.7:44149) with 2 core(s)
[2025-04-04T03:42:31.476+0000] {spark_submit.py:649} INFO - 25/04/04 03:42:31 INFO StandaloneSchedulerBackend: Granted executor ID app-20250404034231-0005/0 on hostPort 172.24.0.7:44149 with 2 core(s), 1024.0 MiB RAM
[2025-04-04T03:42:31.482+0000] {spark_submit.py:649} INFO - 25/04/04 03:42:31 INFO Utils: Successfully started service 'org.apache.spark.network.netty.NettyBlockTransferService' on port 41197.
[2025-04-04T03:42:31.484+0000] {spark_submit.py:649} INFO - 25/04/04 03:42:31 INFO NettyBlockTransferService: Server created on d1dcd11a0d3d:41197
[2025-04-04T03:42:31.485+0000] {spark_submit.py:649} INFO - 25/04/04 03:42:31 INFO BlockManager: Using org.apache.spark.storage.RandomBlockReplicationPolicy for block replication policy
[2025-04-04T03:42:31.494+0000] {spark_submit.py:649} INFO - 25/04/04 03:42:31 INFO BlockManagerMaster: Registering BlockManager BlockManagerId(driver, d1dcd11a0d3d, 41197, None)
[2025-04-04T03:42:31.499+0000] {spark_submit.py:649} INFO - 25/04/04 03:42:31 INFO BlockManagerMasterEndpoint: Registering block manager d1dcd11a0d3d:41197 with 434.4 MiB RAM, BlockManagerId(driver, d1dcd11a0d3d, 41197, None)
[2025-04-04T03:42:31.503+0000] {spark_submit.py:649} INFO - 25/04/04 03:42:31 INFO BlockManagerMaster: Registered BlockManager BlockManagerId(driver, d1dcd11a0d3d, 41197, None)
[2025-04-04T03:42:31.504+0000] {spark_submit.py:649} INFO - 25/04/04 03:42:31 INFO BlockManager: Initialized BlockManager: BlockManagerId(driver, d1dcd11a0d3d, 41197, None)
[2025-04-04T03:42:31.517+0000] {spark_submit.py:649} INFO - 25/04/04 03:42:31 INFO StandaloneAppClient$ClientEndpoint: Executor updated: app-20250404034231-0005/0 is now RUNNING
[2025-04-04T03:42:31.672+0000] {spark_submit.py:649} INFO - 25/04/04 03:42:31 INFO StandaloneSchedulerBackend: SchedulerBackend is ready for scheduling beginning after reached minRegisteredResourcesRatio: 0.0
[2025-04-04T03:42:31.876+0000] {spark_submit.py:649} INFO - ✅ Spark session received from DAG
[2025-04-04T03:42:31.877+0000] {spark_submit.py:649} INFO - 📥 Reading raw data...
[2025-04-04T03:42:31.881+0000] {spark_submit.py:649} INFO - 25/04/04 03:42:31 INFO SharedState: Setting hive.metastore.warehouse.dir ('null') to the value of spark.sql.warehouse.dir.
[2025-04-04T03:42:31.883+0000] {spark_submit.py:649} INFO - 25/04/04 03:42:31 INFO SharedState: Warehouse path is 'file:/opt/airflow/spark-warehouse'.
[2025-04-04T03:42:32.555+0000] {spark_submit.py:649} INFO - 25/04/04 03:42:32 WARN FileStreamSink: Assume no metadata directory. Error while looking for metadata directory in the path: s3a://nyc-taxi/raw/yellow_tripdata_2023-01.parquet.
[2025-04-04T03:42:32.556+0000] {spark_submit.py:649} INFO - java.lang.RuntimeException: java.lang.ClassNotFoundException: Class org.apache.hadoop.fs.s3a.S3AFileSystem not found
[2025-04-04T03:42:32.557+0000] {spark_submit.py:649} INFO - at org.apache.hadoop.conf.Configuration.getClass(Configuration.java:2688)
[2025-04-04T03:42:32.558+0000] {spark_submit.py:649} INFO - at org.apache.hadoop.fs.FileSystem.getFileSystemClass(FileSystem.java:3431)
[2025-04-04T03:42:32.559+0000] {spark_submit.py:649} INFO - at org.apache.hadoop.fs.FileSystem.createFileSystem(FileSystem.java:3466)
[2025-04-04T03:42:32.559+0000] {spark_submit.py:649} INFO - at org.apache.hadoop.fs.FileSystem.access$300(FileSystem.java:174)
[2025-04-04T03:42:32.560+0000] {spark_submit.py:649} INFO - at org.apache.hadoop.fs.FileSystem$Cache.getInternal(FileSystem.java:3574)
[2025-04-04T03:42:32.560+0000] {spark_submit.py:649} INFO - at org.apache.hadoop.fs.FileSystem$Cache.get(FileSystem.java:3521)
[2025-04-04T03:42:32.561+0000] {spark_submit.py:649} INFO - at org.apache.hadoop.fs.FileSystem.get(FileSystem.java:540)
[2025-04-04T03:42:32.562+0000] {spark_submit.py:649} INFO - at org.apache.hadoop.fs.Path.getFileSystem(Path.java:365)
[2025-04-04T03:42:32.562+0000] {spark_submit.py:649} INFO - at org.apache.spark.sql.execution.streaming.FileStreamSink$.hasMetadata(FileStreamSink.scala:53)
[2025-04-04T03:42:32.563+0000] {spark_submit.py:649} INFO - at org.apache.spark.sql.execution.datasources.DataSource.resolveRelation(DataSource.scala:366)
[2025-04-04T03:42:32.564+0000] {spark_submit.py:649} INFO - at org.apache.spark.sql.DataFrameReader.loadV1Source(DataFrameReader.scala:229)
[2025-04-04T03:42:32.564+0000] {spark_submit.py:649} INFO - at org.apache.spark.sql.DataFrameReader.$anonfun$load$2(DataFrameReader.scala:211)
[2025-04-04T03:42:32.565+0000] {spark_submit.py:649} INFO - at scala.Option.getOrElse(Option.scala:189)
[2025-04-04T03:42:32.565+0000] {spark_submit.py:649} INFO - at org.apache.spark.sql.DataFrameReader.load(DataFrameReader.scala:211)
[2025-04-04T03:42:32.566+0000] {spark_submit.py:649} INFO - at org.apache.spark.sql.DataFrameReader.parquet(DataFrameReader.scala:563)
[2025-04-04T03:42:32.567+0000] {spark_submit.py:649} INFO - at java.base/jdk.internal.reflect.NativeMethodAccessorImpl.invoke0(Native Method)
[2025-04-04T03:42:32.567+0000] {spark_submit.py:649} INFO - at java.base/jdk.internal.reflect.NativeMethodAccessorImpl.invoke(NativeMethodAccessorImpl.java:77)
[2025-04-04T03:42:32.568+0000] {spark_submit.py:649} INFO - at java.base/jdk.internal.reflect.DelegatingMethodAccessorImpl.invoke(DelegatingMethodAccessorImpl.java:43)
[2025-04-04T03:42:32.569+0000] {spark_submit.py:649} INFO - at java.base/java.lang.reflect.Method.invoke(Method.java:569)
[2025-04-04T03:42:32.569+0000] {spark_submit.py:649} INFO - at py4j.reflection.MethodInvoker.invoke(MethodInvoker.java:244)
[2025-04-04T03:42:32.570+0000] {spark_submit.py:649} INFO - at py4j.reflection.ReflectionEngine.invoke(ReflectionEngine.java:374)
[2025-04-04T03:42:32.570+0000] {spark_submit.py:649} INFO - at py4j.Gateway.invoke(Gateway.java:282)
[2025-04-04T03:42:32.571+0000] {spark_submit.py:649} INFO - at py4j.commands.AbstractCommand.invokeMethod(AbstractCommand.java:132)
[2025-04-04T03:42:32.571+0000] {spark_submit.py:649} INFO - at py4j.commands.CallCommand.execute(CallCommand.java:79)
[2025-04-04T03:42:32.572+0000] {spark_submit.py:649} INFO - at py4j.ClientServerConnection.waitForCommands(ClientServerConnection.java:182)
[2025-04-04T03:42:32.573+0000] {spark_submit.py:649} INFO - at py4j.ClientServerConnection.run(ClientServerConnection.java:106)
[2025-04-04T03:42:32.574+0000] {spark_submit.py:649} INFO - at java.base/java.lang.Thread.run(Thread.java:840)
[2025-04-04T03:42:32.574+0000] {spark_submit.py:649} INFO - Caused by: java.lang.ClassNotFoundException: Class org.apache.hadoop.fs.s3a.S3AFileSystem not found
[2025-04-04T03:42:32.575+0000] {spark_submit.py:649} INFO - at org.apache.hadoop.conf.Configuration.getClassByName(Configuration.java:2592)
[2025-04-04T03:42:32.575+0000] {spark_submit.py:649} INFO - at org.apache.hadoop.conf.Configuration.getClass(Configuration.java:2686)
[2025-04-04T03:42:32.576+0000] {spark_submit.py:649} INFO - ... 26 more
[2025-04-04T03:42:32.657+0000] {spark_submit.py:649} INFO - Traceback (most recent call last):
[2025-04-04T03:42:32.658+0000] {spark_submit.py:649} INFO - File "/opt/spark-app/clean_yellow_tripdata.py", line 9, in <module>
[2025-04-04T03:42:32.662+0000] {spark_submit.py:649} INFO - clean_yellow_tripdata(spark)
[2025-04-04T03:42:32.663+0000] {spark_submit.py:649} INFO - File "/opt/pipeline/transform/clean_yellow_tripdata.py", line 9, in clean_yellow_tripdata
[2025-04-04T03:42:32.667+0000] {spark_submit.py:649} INFO - df = spark.read.parquet(raw_path)
[2025-04-04T03:42:32.668+0000] {spark_submit.py:649} INFO - File "/opt/spark/python/lib/pyspark.zip/pyspark/sql/readwriter.py", line 544, in parquet
[2025-04-04T03:42:32.668+0000] {spark_submit.py:649} INFO - File "/opt/spark/python/lib/py4j-0.10.9.7-src.zip/py4j/java_gateway.py", line 1322, in __call__
[2025-04-04T03:42:32.669+0000] {spark_submit.py:649} INFO - File "/opt/spark/python/lib/pyspark.zip/pyspark/errors/exceptions/captured.py", line 179, in deco
[2025-04-04T03:42:32.670+0000] {spark_submit.py:649} INFO - File "/opt/spark/python/lib/py4j-0.10.9.7-src.zip/py4j/protocol.py", line 326, in get_return_value
[2025-04-04T03:42:32.672+0000] {spark_submit.py:649} INFO - py4j.protocol.Py4JJavaError: An error occurred while calling o26.parquet.
[2025-04-04T03:42:32.673+0000] {spark_submit.py:649} INFO - : java.lang.RuntimeException: java.lang.ClassNotFoundException: Class org.apache.hadoop.fs.s3a.S3AFileSystem not found
[2025-04-04T03:42:32.673+0000] {spark_submit.py:649} INFO - at org.apache.hadoop.conf.Configuration.getClass(Configuration.java:2688)
[2025-04-04T03:42:32.674+0000] {spark_submit.py:649} INFO - at org.apache.hadoop.fs.FileSystem.getFileSystemClass(FileSystem.java:3431)
[2025-04-04T03:42:32.675+0000] {spark_submit.py:649} INFO - at org.apache.hadoop.fs.FileSystem.createFileSystem(FileSystem.java:3466)
[2025-04-04T03:42:32.675+0000] {spark_submit.py:649} INFO - at org.apache.hadoop.fs.FileSystem.access$300(FileSystem.java:174)
[2025-04-04T03:42:32.676+0000] {spark_submit.py:649} INFO - at org.apache.hadoop.fs.FileSystem$Cache.getInternal(FileSystem.java:3574)
[2025-04-04T03:42:32.676+0000] {spark_submit.py:649} INFO - at org.apache.hadoop.fs.FileSystem$Cache.get(FileSystem.java:3521)
[2025-04-04T03:42:32.677+0000] {spark_submit.py:649} INFO - at org.apache.hadoop.fs.FileSystem.get(FileSystem.java:540)
[2025-04-04T03:42:32.677+0000] {spark_submit.py:649} INFO - at org.apache.hadoop.fs.Path.getFileSystem(Path.java:365)
[2025-04-04T03:42:32.678+0000] {spark_submit.py:649} INFO - at org.apache.spark.sql.execution.datasources.DataSource$.$anonfun$checkAndGlobPathIfNecessary$1(DataSource.scala:724)
[2025-04-04T03:42:32.679+0000] {spark_submit.py:649} INFO - at scala.collection.immutable.List.map(List.scala:293)
[2025-04-04T03:42:32.679+0000] {spark_submit.py:649} INFO - at org.apache.spark.sql.execution.datasources.DataSource$.checkAndGlobPathIfNecessary(DataSource.scala:722)
[2025-04-04T03:42:32.680+0000] {spark_submit.py:649} INFO - at org.apache.spark.sql.execution.datasources.DataSource.checkAndGlobPathIfNecessary(DataSource.scala:551)
[2025-04-04T03:42:32.680+0000] {spark_submit.py:649} INFO - at org.apache.spark.sql.execution.datasources.DataSource.resolveRelation(DataSource.scala:404)
[2025-04-04T03:42:32.681+0000] {spark_submit.py:649} INFO - at org.apache.spark.sql.DataFrameReader.loadV1Source(DataFrameReader.scala:229)
[2025-04-04T03:42:32.681+0000] {spark_submit.py:649} INFO - at org.apache.spark.sql.DataFrameReader.$anonfun$load$2(DataFrameReader.scala:211)
[2025-04-04T03:42:32.682+0000] {spark_submit.py:649} INFO - at scala.Option.getOrElse(Option.scala:189)
[2025-04-04T03:42:32.683+0000] {spark_submit.py:649} INFO - at org.apache.spark.sql.DataFrameReader.load(DataFrameReader.scala:211)
[2025-04-04T03:42:32.683+0000] {spark_submit.py:649} INFO - at org.apache.spark.sql.DataFrameReader.parquet(DataFrameReader.scala:563)
[2025-04-04T03:42:32.684+0000] {spark_submit.py:649} INFO - at java.base/jdk.internal.reflect.NativeMethodAccessorImpl.invoke0(Native Method)
[2025-04-04T03:42:32.684+0000] {spark_submit.py:649} INFO - at java.base/jdk.internal.reflect.NativeMethodAccessorImpl.invoke(NativeMethodAccessorImpl.java:77)
[2025-04-04T03:42:32.685+0000] {spark_submit.py:649} INFO - at java.base/jdk.internal.reflect.DelegatingMethodAccessorImpl.invoke(DelegatingMethodAccessorImpl.java:43)
[2025-04-04T03:42:32.686+0000] {spark_submit.py:649} INFO - at java.base/java.lang.reflect.Method.invoke(Method.java:569)
[2025-04-04T03:42:32.686+0000] {spark_submit.py:649} INFO - at py4j.reflection.MethodInvoker.invoke(MethodInvoker.java:244)
[2025-04-04T03:42:32.687+0000] {spark_submit.py:649} INFO - at py4j.reflection.ReflectionEngine.invoke(ReflectionEngine.java:374)
[2025-04-04T03:42:32.687+0000] {spark_submit.py:649} INFO - at py4j.Gateway.invoke(Gateway.java:282)
[2025-04-04T03:42:32.688+0000] {spark_submit.py:649} INFO - at py4j.commands.AbstractCommand.invokeMethod(AbstractCommand.java:132)
[2025-04-04T03:42:32.688+0000] {spark_submit.py:649} INFO - at py4j.commands.CallCommand.execute(CallCommand.java:79)
[2025-04-04T03:42:32.689+0000] {spark_submit.py:649} INFO - at py4j.ClientServerConnection.waitForCommands(ClientServerConnection.java:182)
[2025-04-04T03:42:32.689+0000] {spark_submit.py:649} INFO - at py4j.ClientServerConnection.run(ClientServerConnection.java:106)
[2025-04-04T03:42:32.690+0000] {spark_submit.py:649} INFO - at java.base/java.lang.Thread.run(Thread.java:840)
[2025-04-04T03:42:32.690+0000] {spark_submit.py:649} INFO - Caused by: java.lang.ClassNotFoundException: Class org.apache.hadoop.fs.s3a.S3AFileSystem not found
[2025-04-04T03:42:32.691+0000] {spark_submit.py:649} INFO - at org.apache.hadoop.conf.Configuration.getClassByName(Configuration.java:2592)
[2025-04-04T03:42:32.691+0000] {spark_submit.py:649} INFO - at org.apache.hadoop.conf.Configuration.getClass(Configuration.java:2686)
[2025-04-04T03:42:32.692+0000] {spark_submit.py:649} INFO - ... 29 more
[2025-04-04T03:42:32.692+0000] {spark_submit.py:649} INFO - 
[2025-04-04T03:42:32.730+0000] {spark_submit.py:649} INFO - 25/04/04 03:42:32 INFO SparkContext: Invoking stop() from shutdown hook
[2025-04-04T03:42:32.732+0000] {spark_submit.py:649} INFO - 25/04/04 03:42:32 INFO SparkContext: SparkContext is stopping with exitCode 0.
[2025-04-04T03:42:32.743+0000] {spark_submit.py:649} INFO - 25/04/04 03:42:32 INFO SparkUI: Stopped Spark web UI at http://d1dcd11a0d3d:4040
[2025-04-04T03:42:32.747+0000] {spark_submit.py:649} INFO - 25/04/04 03:42:32 INFO StandaloneSchedulerBackend: Shutting down all executors
[2025-04-04T03:42:32.750+0000] {spark_submit.py:649} INFO - 25/04/04 03:42:32 INFO StandaloneSchedulerBackend$StandaloneDriverEndpoint: Asking each executor to shut down
[2025-04-04T03:42:32.770+0000] {spark_submit.py:649} INFO - 25/04/04 03:42:32 INFO MapOutputTrackerMasterEndpoint: MapOutputTrackerMasterEndpoint stopped!
[2025-04-04T03:42:32.782+0000] {spark_submit.py:649} INFO - 25/04/04 03:42:32 INFO MemoryStore: MemoryStore cleared
[2025-04-04T03:42:32.783+0000] {spark_submit.py:649} INFO - 25/04/04 03:42:32 INFO BlockManager: BlockManager stopped
[2025-04-04T03:42:32.787+0000] {spark_submit.py:649} INFO - 25/04/04 03:42:32 INFO BlockManagerMaster: BlockManagerMaster stopped
[2025-04-04T03:42:32.789+0000] {spark_submit.py:649} INFO - 25/04/04 03:42:32 INFO OutputCommitCoordinator$OutputCommitCoordinatorEndpoint: OutputCommitCoordinator stopped!
[2025-04-04T03:42:32.798+0000] {spark_submit.py:649} INFO - 25/04/04 03:42:32 INFO SparkContext: Successfully stopped SparkContext
[2025-04-04T03:42:32.799+0000] {spark_submit.py:649} INFO - 25/04/04 03:42:32 INFO ShutdownHookManager: Shutdown hook called
[2025-04-04T03:42:32.800+0000] {spark_submit.py:649} INFO - 25/04/04 03:42:32 INFO ShutdownHookManager: Deleting directory /tmp/spark-09381fb3-ebf4-4f20-971b-9bdf9db7c9af
[2025-04-04T03:42:32.802+0000] {spark_submit.py:649} INFO - 25/04/04 03:42:32 INFO ShutdownHookManager: Deleting directory /tmp/spark-09381fb3-ebf4-4f20-971b-9bdf9db7c9af/pyspark-412d28a5-2215-4909-9ed6-3e54c8cee73e
[2025-04-04T03:42:32.805+0000] {spark_submit.py:649} INFO - 25/04/04 03:42:32 INFO ShutdownHookManager: Deleting directory /tmp/spark-9142e146-302e-4820-bdcc-311008a60328
[2025-04-04T03:42:32.853+0000] {taskinstance.py:2698} ERROR - Task failed with exception
Traceback (most recent call last):
  File "/home/airflow/.local/lib/python3.8/site-packages/airflow/models/taskinstance.py", line 433, in _execute_task
    result = execute_callable(context=context, **execute_callable_kwargs)
  File "/home/airflow/.local/lib/python3.8/site-packages/airflow/providers/apache/spark/operators/spark_submit.py", line 176, in execute
    self._hook.submit(self.application)
  File "/home/airflow/.local/lib/python3.8/site-packages/airflow/providers/apache/spark/hooks/spark_submit.py", line 575, in submit
    raise AirflowException(
airflow.exceptions.AirflowException: Cannot execute: spark-submit --master spark://spark-master:7077 --conf spark.master=spark://spark-master:7077 --jars /opt/spark/jars/hadoop-aws-3.3.6.jar,/opt/spark/jars/aws-java-sdk-bundle-1.12.696.jar --name arrow-spark --verbose --queue root.default --deploy-mode client /opt/spark-app/clean_yellow_tripdata.py. Error code is: 1.
[2025-04-04T03:42:32.857+0000] {taskinstance.py:1138} INFO - Marking task as FAILED. dag_id=full_pipeline_dag, task_id=clean_data_spark, execution_date=20250404T033934, start_date=20250404T034227, end_date=20250404T034232
[2025-04-04T03:42:33.051+0000] {standard_task_runner.py:107} ERROR - Failed to execute job 237 for task clean_data_spark (Cannot execute: spark-submit --master spark://spark-master:7077 --conf spark.master=spark://spark-master:7077 --jars /opt/spark/jars/hadoop-aws-3.3.6.jar,/opt/spark/jars/aws-java-sdk-bundle-1.12.696.jar --name arrow-spark --verbose --queue root.default --deploy-mode client /opt/spark-app/clean_yellow_tripdata.py. Error code is: 1.; 1128)
[2025-04-04T03:42:33.107+0000] {local_task_job_runner.py:234} INFO - Task exited with return code 1
[2025-04-04T03:42:33.148+0000] {taskinstance.py:3280} INFO - 0 downstream tasks scheduled from follow-on schedule check
