[2025-04-04T04:33:29.680+0000] {taskinstance.py:1956} INFO - Dependencies all met for dep_context=non-requeueable deps ti=<TaskInstance: full_pipeline_dag.clean_data_spark manual__2025-04-04T03:39:34.947255+00:00 [queued]>
[2025-04-04T04:33:29.700+0000] {taskinstance.py:1956} INFO - Dependencies all met for dep_context=requeueable deps ti=<TaskInstance: full_pipeline_dag.clean_data_spark manual__2025-04-04T03:39:34.947255+00:00 [queued]>
[2025-04-04T04:33:29.701+0000] {taskinstance.py:2170} INFO - Starting attempt 14 of 15
[2025-04-04T04:33:29.746+0000] {taskinstance.py:2191} INFO - Executing <Task(SparkSubmitOperator): clean_data_spark> on 2025-04-04 03:39:34.947255+00:00
[2025-04-04T04:33:29.750+0000] {standard_task_runner.py:60} INFO - Started process 140 to run task
[2025-04-04T04:33:29.753+0000] {standard_task_runner.py:87} INFO - Running: ['airflow', 'tasks', 'run', 'full_pipeline_dag', 'clean_data_spark', 'manual__2025-04-04T03:39:34.947255+00:00', '--job-id', '253', '--raw', '--subdir', 'DAGS_FOLDER/full_pipeline_dag.py', '--cfg-path', '/tmp/tmpt7455en8']
[2025-04-04T04:33:29.755+0000] {standard_task_runner.py:88} INFO - Job 253: Subtask clean_data_spark
[2025-04-04T04:33:29.799+0000] {logging_mixin.py:188} WARNING - /home/airflow/.local/lib/python3.8/site-packages/airflow/settings.py:194 DeprecationWarning: The sql_alchemy_conn option in [core] has been moved to the sql_alchemy_conn option in [database] - the old setting has been used, but please update your config.
[2025-04-04T04:33:29.852+0000] {task_command.py:423} INFO - Running <TaskInstance: full_pipeline_dag.clean_data_spark manual__2025-04-04T03:39:34.947255+00:00 [running]> on host a9e9654e9b9a
[2025-04-04T04:33:30.001+0000] {taskinstance.py:2480} INFO - Exporting env vars: AIRFLOW_CTX_DAG_OWNER='airflow' AIRFLOW_CTX_DAG_ID='full_pipeline_dag' AIRFLOW_CTX_TASK_ID='clean_data_spark' AIRFLOW_CTX_EXECUTION_DATE='2025-04-04T03:39:34.947255+00:00' AIRFLOW_CTX_TRY_NUMBER='14' AIRFLOW_CTX_DAG_RUN_ID='manual__2025-04-04T03:39:34.947255+00:00'
[2025-04-04T04:33:30.017+0000] {base.py:83} INFO - Using connection ID 'spark_default' for task execution.
[2025-04-04T04:33:30.018+0000] {spark_submit.py:473} INFO - Spark-Submit cmd: spark-submit --master spark://spark-master:7077 --conf spark.master=spark://spark-master:7077 --conf spark.hadoop.fs.s3a.impl=org.apache.hadoop.fs.s3a.S3AFileSystem --conf spark.driver.extraClassPath=/opt/spark-extra-jars/* --conf spark.executor.extraClassPath=/opt/spark-extra-jars/* --jars /opt/spark-extra-jars/hadoop-aws-3.3.6.jar,/opt/spark-extra-jars/aws-java-sdk-bundle-1.12.696.jar --name arrow-spark --verbose --queue root.default --deploy-mode client /opt/spark-app/clean_yellow_tripdata.py
[2025-04-04T04:33:31.986+0000] {spark_submit.py:649} INFO - Using properties file: null
[2025-04-04T04:33:32.082+0000] {spark_submit.py:649} INFO - Parsed arguments:
[2025-04-04T04:33:32.083+0000] {spark_submit.py:649} INFO - master                  spark://spark-master:7077
[2025-04-04T04:33:32.085+0000] {spark_submit.py:649} INFO - remote                  null
[2025-04-04T04:33:32.086+0000] {spark_submit.py:649} INFO - deployMode              client
[2025-04-04T04:33:32.087+0000] {spark_submit.py:649} INFO - executorMemory          null
[2025-04-04T04:33:32.088+0000] {spark_submit.py:649} INFO - executorCores           null
[2025-04-04T04:33:32.089+0000] {spark_submit.py:649} INFO - totalExecutorCores      null
[2025-04-04T04:33:32.090+0000] {spark_submit.py:649} INFO - propertiesFile          null
[2025-04-04T04:33:32.091+0000] {spark_submit.py:649} INFO - driverMemory            null
[2025-04-04T04:33:32.092+0000] {spark_submit.py:649} INFO - driverCores             null
[2025-04-04T04:33:32.093+0000] {spark_submit.py:649} INFO - driverExtraClassPath    /opt/spark-extra-jars/*
[2025-04-04T04:33:32.094+0000] {spark_submit.py:649} INFO - driverExtraLibraryPath  null
[2025-04-04T04:33:32.095+0000] {spark_submit.py:649} INFO - driverExtraJavaOptions  null
[2025-04-04T04:33:32.095+0000] {spark_submit.py:649} INFO - supervise               false
[2025-04-04T04:33:32.096+0000] {spark_submit.py:649} INFO - queue                   root.default
[2025-04-04T04:33:32.097+0000] {spark_submit.py:649} INFO - numExecutors            null
[2025-04-04T04:33:32.098+0000] {spark_submit.py:649} INFO - files                   null
[2025-04-04T04:33:32.098+0000] {spark_submit.py:649} INFO - pyFiles                 null
[2025-04-04T04:33:32.099+0000] {spark_submit.py:649} INFO - archives                null
[2025-04-04T04:33:32.100+0000] {spark_submit.py:649} INFO - mainClass               null
[2025-04-04T04:33:32.101+0000] {spark_submit.py:649} INFO - primaryResource         file:/opt/spark-app/clean_yellow_tripdata.py
[2025-04-04T04:33:32.102+0000] {spark_submit.py:649} INFO - name                    arrow-spark
[2025-04-04T04:33:32.103+0000] {spark_submit.py:649} INFO - childArgs               []
[2025-04-04T04:33:32.103+0000] {spark_submit.py:649} INFO - jars                    file:/opt/spark-extra-jars/hadoop-aws-3.3.6.jar,file:/opt/spark-extra-jars/aws-java-sdk-bundle-1.12.696.jar
[2025-04-04T04:33:32.104+0000] {spark_submit.py:649} INFO - packages                null
[2025-04-04T04:33:32.105+0000] {spark_submit.py:649} INFO - packagesExclusions      null
[2025-04-04T04:33:32.106+0000] {spark_submit.py:649} INFO - repositories            null
[2025-04-04T04:33:32.107+0000] {spark_submit.py:649} INFO - verbose                 true
[2025-04-04T04:33:32.107+0000] {spark_submit.py:649} INFO - 
[2025-04-04T04:33:32.108+0000] {spark_submit.py:649} INFO - Spark properties used, including those specified through
[2025-04-04T04:33:32.109+0000] {spark_submit.py:649} INFO - --conf and those from the properties file null:
[2025-04-04T04:33:32.110+0000] {spark_submit.py:649} INFO - (spark.driver.extraClassPath,/opt/spark-extra-jars/*)
[2025-04-04T04:33:32.110+0000] {spark_submit.py:649} INFO - (spark.executor.extraClassPath,/opt/spark-extra-jars/*)
[2025-04-04T04:33:32.111+0000] {spark_submit.py:649} INFO - (spark.hadoop.fs.s3a.impl,org.apache.hadoop.fs.s3a.S3AFileSystem)
[2025-04-04T04:33:32.112+0000] {spark_submit.py:649} INFO - (spark.master,spark://spark-master:7077)
[2025-04-04T04:33:32.112+0000] {spark_submit.py:649} INFO - 
[2025-04-04T04:33:32.113+0000] {spark_submit.py:649} INFO - 
[2025-04-04T04:33:32.197+0000] {spark_submit.py:649} INFO - Exception in thread "main" java.lang.NoClassDefFoundError: com/ctc/wstx/io/InputBootstrapper
[2025-04-04T04:33:32.197+0000] {spark_submit.py:649} INFO - at org.apache.spark.deploy.SparkHadoopUtil$.newConfiguration(SparkHadoopUtil.scala:427)
[2025-04-04T04:33:32.198+0000] {spark_submit.py:649} INFO - at org.apache.spark.deploy.SparkSubmit.$anonfun$prepareSubmitEnvironment$2(SparkSubmit.scala:371)
[2025-04-04T04:33:32.199+0000] {spark_submit.py:649} INFO - at scala.Option.getOrElse(Option.scala:189)
[2025-04-04T04:33:32.199+0000] {spark_submit.py:649} INFO - at org.apache.spark.deploy.SparkSubmit.prepareSubmitEnvironment(SparkSubmit.scala:371)
[2025-04-04T04:33:32.200+0000] {spark_submit.py:649} INFO - at org.apache.spark.deploy.SparkSubmit.org$apache$spark$deploy$SparkSubmit$$runMain(SparkSubmit.scala:964)
[2025-04-04T04:33:32.200+0000] {spark_submit.py:649} INFO - at org.apache.spark.deploy.SparkSubmit.doRunMain$1(SparkSubmit.scala:194)
[2025-04-04T04:33:32.201+0000] {spark_submit.py:649} INFO - at org.apache.spark.deploy.SparkSubmit.submit(SparkSubmit.scala:217)
[2025-04-04T04:33:32.202+0000] {spark_submit.py:649} INFO - at org.apache.spark.deploy.SparkSubmit.doSubmit(SparkSubmit.scala:91)
[2025-04-04T04:33:32.202+0000] {spark_submit.py:649} INFO - at org.apache.spark.deploy.SparkSubmit$$anon$2.doSubmit(SparkSubmit.scala:1120)
[2025-04-04T04:33:32.203+0000] {spark_submit.py:649} INFO - at org.apache.spark.deploy.SparkSubmit$.main(SparkSubmit.scala:1129)
[2025-04-04T04:33:32.203+0000] {spark_submit.py:649} INFO - at org.apache.spark.deploy.SparkSubmit.main(SparkSubmit.scala)
[2025-04-04T04:33:32.203+0000] {spark_submit.py:649} INFO - Caused by: java.lang.ClassNotFoundException: com.ctc.wstx.io.InputBootstrapper
[2025-04-04T04:33:32.204+0000] {spark_submit.py:649} INFO - at java.base/jdk.internal.loader.BuiltinClassLoader.loadClass(BuiltinClassLoader.java:641)
[2025-04-04T04:33:32.205+0000] {spark_submit.py:649} INFO - at java.base/jdk.internal.loader.ClassLoaders$AppClassLoader.loadClass(ClassLoaders.java:188)
[2025-04-04T04:33:32.205+0000] {spark_submit.py:649} INFO - at java.base/java.lang.ClassLoader.loadClass(ClassLoader.java:525)
[2025-04-04T04:33:32.205+0000] {spark_submit.py:649} INFO - ... 11 more
[2025-04-04T04:33:32.225+0000] {taskinstance.py:2698} ERROR - Task failed with exception
Traceback (most recent call last):
  File "/home/airflow/.local/lib/python3.8/site-packages/airflow/models/taskinstance.py", line 433, in _execute_task
    result = execute_callable(context=context, **execute_callable_kwargs)
  File "/home/airflow/.local/lib/python3.8/site-packages/airflow/providers/apache/spark/operators/spark_submit.py", line 176, in execute
    self._hook.submit(self.application)
  File "/home/airflow/.local/lib/python3.8/site-packages/airflow/providers/apache/spark/hooks/spark_submit.py", line 575, in submit
    raise AirflowException(
airflow.exceptions.AirflowException: Cannot execute: spark-submit --master spark://spark-master:7077 --conf spark.master=spark://spark-master:7077 --conf spark.hadoop.fs.s3a.impl=org.apache.hadoop.fs.s3a.S3AFileSystem --conf spark.driver.extraClassPath=/opt/spark-extra-jars/* --conf spark.executor.extraClassPath=/opt/spark-extra-jars/* --jars /opt/spark-extra-jars/hadoop-aws-3.3.6.jar,/opt/spark-extra-jars/aws-java-sdk-bundle-1.12.696.jar --name arrow-spark --verbose --queue root.default --deploy-mode client /opt/spark-app/clean_yellow_tripdata.py. Error code is: 1.
[2025-04-04T04:33:32.229+0000] {taskinstance.py:1138} INFO - Marking task as UP_FOR_RETRY. dag_id=full_pipeline_dag, task_id=clean_data_spark, execution_date=20250404T033934, start_date=20250404T043329, end_date=20250404T043332
[2025-04-04T04:33:32.368+0000] {standard_task_runner.py:107} ERROR - Failed to execute job 253 for task clean_data_spark (Cannot execute: spark-submit --master spark://spark-master:7077 --conf spark.master=spark://spark-master:7077 --conf spark.hadoop.fs.s3a.impl=org.apache.hadoop.fs.s3a.S3AFileSystem --conf spark.driver.extraClassPath=/opt/spark-extra-jars/* --conf spark.executor.extraClassPath=/opt/spark-extra-jars/* --jars /opt/spark-extra-jars/hadoop-aws-3.3.6.jar,/opt/spark-extra-jars/aws-java-sdk-bundle-1.12.696.jar --name arrow-spark --verbose --queue root.default --deploy-mode client /opt/spark-app/clean_yellow_tripdata.py. Error code is: 1.; 140)
[2025-04-04T04:33:32.377+0000] {local_task_job_runner.py:234} INFO - Task exited with return code 1
[2025-04-04T04:33:32.437+0000] {taskinstance.py:3280} INFO - 0 downstream tasks scheduled from follow-on schedule check
