[2025-04-04T03:40:10.024+0000] {taskinstance.py:1956} INFO - Dependencies all met for dep_context=non-requeueable deps ti=<TaskInstance: full_pipeline_dag.clean_data_spark manual__2025-04-04T03:39:34.947255+00:00 [queued]>
[2025-04-04T03:40:10.040+0000] {taskinstance.py:1956} INFO - Dependencies all met for dep_context=requeueable deps ti=<TaskInstance: full_pipeline_dag.clean_data_spark manual__2025-04-04T03:39:34.947255+00:00 [queued]>
[2025-04-04T03:40:10.040+0000] {taskinstance.py:2170} INFO - Starting attempt 1 of 3
[2025-04-04T03:40:10.118+0000] {taskinstance.py:2191} INFO - Executing <Task(SparkSubmitOperator): clean_data_spark> on 2025-04-04 03:39:34.947255+00:00
[2025-04-04T03:40:10.122+0000] {standard_task_runner.py:60} INFO - Started process 715 to run task
[2025-04-04T03:40:10.124+0000] {standard_task_runner.py:87} INFO - Running: ['airflow', 'tasks', 'run', 'full_pipeline_dag', 'clean_data_spark', 'manual__2025-04-04T03:39:34.947255+00:00', '--job-id', '235', '--raw', '--subdir', 'DAGS_FOLDER/full_pipeline_dag.py', '--cfg-path', '/tmp/tmpsuv73py4']
[2025-04-04T03:40:10.126+0000] {standard_task_runner.py:88} INFO - Job 235: Subtask clean_data_spark
[2025-04-04T03:40:10.223+0000] {logging_mixin.py:188} WARNING - /home/airflow/.local/lib/python3.8/site-packages/airflow/settings.py:194 DeprecationWarning: The sql_alchemy_conn option in [core] has been moved to the sql_alchemy_conn option in [database] - the old setting has been used, but please update your config.
[2025-04-04T03:40:10.304+0000] {task_command.py:423} INFO - Running <TaskInstance: full_pipeline_dag.clean_data_spark manual__2025-04-04T03:39:34.947255+00:00 [running]> on host d1dcd11a0d3d
[2025-04-04T03:40:10.465+0000] {taskinstance.py:2480} INFO - Exporting env vars: AIRFLOW_CTX_DAG_OWNER='airflow' AIRFLOW_CTX_DAG_ID='full_pipeline_dag' AIRFLOW_CTX_TASK_ID='clean_data_spark' AIRFLOW_CTX_EXECUTION_DATE='2025-04-04T03:39:34.947255+00:00' AIRFLOW_CTX_TRY_NUMBER='1' AIRFLOW_CTX_DAG_RUN_ID='manual__2025-04-04T03:39:34.947255+00:00'
[2025-04-04T03:40:10.487+0000] {base.py:83} INFO - Using connection ID 'spark_default' for task execution.
[2025-04-04T03:40:10.489+0000] {spark_submit.py:473} INFO - Spark-Submit cmd: spark-submit --master spark://spark-master:7077 --conf spark.master=spark://spark-master:7077 --jars /opt/spark/jars/hadoop-aws-3.3.6.jar,/opt/spark/jars/aws-java-sdk-bundle-1.12.696.jar --name arrow-spark --verbose --queue root.default --deploy-mode client /opt/spark-app/clean_yellow_tripdata.py
[2025-04-04T03:40:11.750+0000] {spark_submit.py:649} INFO - Using properties file: null
[2025-04-04T03:40:11.846+0000] {spark_submit.py:649} INFO - Parsed arguments:
[2025-04-04T03:40:11.847+0000] {spark_submit.py:649} INFO - master                  spark://spark-master:7077
[2025-04-04T03:40:11.848+0000] {spark_submit.py:649} INFO - remote                  null
[2025-04-04T03:40:11.849+0000] {spark_submit.py:649} INFO - deployMode              client
[2025-04-04T03:40:11.850+0000] {spark_submit.py:649} INFO - executorMemory          null
[2025-04-04T03:40:11.851+0000] {spark_submit.py:649} INFO - executorCores           null
[2025-04-04T03:40:11.852+0000] {spark_submit.py:649} INFO - totalExecutorCores      null
[2025-04-04T03:40:11.853+0000] {spark_submit.py:649} INFO - propertiesFile          null
[2025-04-04T03:40:11.854+0000] {spark_submit.py:649} INFO - driverMemory            null
[2025-04-04T03:40:11.855+0000] {spark_submit.py:649} INFO - driverCores             null
[2025-04-04T03:40:11.856+0000] {spark_submit.py:649} INFO - driverExtraClassPath    null
[2025-04-04T03:40:11.858+0000] {spark_submit.py:649} INFO - driverExtraLibraryPath  null
[2025-04-04T03:40:11.860+0000] {spark_submit.py:649} INFO - driverExtraJavaOptions  null
[2025-04-04T03:40:11.861+0000] {spark_submit.py:649} INFO - supervise               false
[2025-04-04T03:40:11.862+0000] {spark_submit.py:649} INFO - queue                   root.default
[2025-04-04T03:40:11.863+0000] {spark_submit.py:649} INFO - numExecutors            null
[2025-04-04T03:40:11.864+0000] {spark_submit.py:649} INFO - files                   null
[2025-04-04T03:40:11.865+0000] {spark_submit.py:649} INFO - pyFiles                 null
[2025-04-04T03:40:11.866+0000] {spark_submit.py:649} INFO - archives                null
[2025-04-04T03:40:11.867+0000] {spark_submit.py:649} INFO - mainClass               null
[2025-04-04T03:40:11.868+0000] {spark_submit.py:649} INFO - primaryResource         file:/opt/spark-app/clean_yellow_tripdata.py
[2025-04-04T03:40:11.869+0000] {spark_submit.py:649} INFO - name                    arrow-spark
[2025-04-04T03:40:11.871+0000] {spark_submit.py:649} INFO - childArgs               []
[2025-04-04T03:40:11.872+0000] {spark_submit.py:649} INFO - jars                    file:/opt/spark-3.5.0-bin-hadoop3/jars/hadoop-aws-3.3.6.jar,file:/opt/spark-3.5.0-bin-hadoop3/jars/aws-java-sdk-bundle-1.12.696.jar
[2025-04-04T03:40:11.874+0000] {spark_submit.py:649} INFO - packages                null
[2025-04-04T03:40:11.875+0000] {spark_submit.py:649} INFO - packagesExclusions      null
[2025-04-04T03:40:11.876+0000] {spark_submit.py:649} INFO - repositories            null
[2025-04-04T03:40:11.877+0000] {spark_submit.py:649} INFO - verbose                 true
[2025-04-04T03:40:11.878+0000] {spark_submit.py:649} INFO - 
[2025-04-04T03:40:11.879+0000] {spark_submit.py:649} INFO - Spark properties used, including those specified through
[2025-04-04T03:40:11.880+0000] {spark_submit.py:649} INFO - --conf and those from the properties file null:
[2025-04-04T03:40:11.881+0000] {spark_submit.py:649} INFO - (spark.master,spark://spark-master:7077)
[2025-04-04T03:40:11.882+0000] {spark_submit.py:649} INFO - 
[2025-04-04T03:40:11.883+0000] {spark_submit.py:649} INFO - 
[2025-04-04T03:40:12.302+0000] {spark_submit.py:649} INFO - 25/04/04 03:40:12 WARN NativeCodeLoader: Unable to load native-hadoop library for your platform... using builtin-java classes where applicable
[2025-04-04T03:40:12.444+0000] {spark_submit.py:649} INFO - Main class:
[2025-04-04T03:40:12.445+0000] {spark_submit.py:649} INFO - org.apache.spark.deploy.PythonRunner
[2025-04-04T03:40:12.446+0000] {spark_submit.py:649} INFO - Arguments:
[2025-04-04T03:40:12.446+0000] {spark_submit.py:649} INFO - file:/opt/spark-app/clean_yellow_tripdata.py
[2025-04-04T03:40:12.447+0000] {spark_submit.py:649} INFO - null
[2025-04-04T03:40:12.447+0000] {spark_submit.py:649} INFO - Spark config:
[2025-04-04T03:40:12.448+0000] {spark_submit.py:649} INFO - (spark.app.name,arrow-spark)
[2025-04-04T03:40:12.448+0000] {spark_submit.py:649} INFO - (spark.app.submitTime,1743738012428)
[2025-04-04T03:40:12.449+0000] {spark_submit.py:649} INFO - (spark.jars,file:/opt/spark-3.5.0-bin-hadoop3/jars/hadoop-aws-3.3.6.jar,file:/opt/spark-3.5.0-bin-hadoop3/jars/aws-java-sdk-bundle-1.12.696.jar)
[2025-04-04T03:40:12.449+0000] {spark_submit.py:649} INFO - (spark.master,spark://spark-master:7077)
[2025-04-04T03:40:12.450+0000] {spark_submit.py:649} INFO - (spark.repl.local.jars,file:/opt/spark-3.5.0-bin-hadoop3/jars/hadoop-aws-3.3.6.jar,file:/opt/spark-3.5.0-bin-hadoop3/jars/aws-java-sdk-bundle-1.12.696.jar)
[2025-04-04T03:40:12.450+0000] {spark_submit.py:649} INFO - (spark.submit.deployMode,client)
[2025-04-04T03:40:12.451+0000] {spark_submit.py:649} INFO - (spark.submit.pyFiles,)
[2025-04-04T03:40:12.451+0000] {spark_submit.py:649} INFO - Classpath elements:
[2025-04-04T03:40:12.452+0000] {spark_submit.py:649} INFO - file:/opt/spark-3.5.0-bin-hadoop3/jars/hadoop-aws-3.3.6.jar
[2025-04-04T03:40:12.452+0000] {spark_submit.py:649} INFO - file:/opt/spark-3.5.0-bin-hadoop3/jars/aws-java-sdk-bundle-1.12.696.jar
[2025-04-04T03:40:12.453+0000] {spark_submit.py:649} INFO - 
[2025-04-04T03:40:12.453+0000] {spark_submit.py:649} INFO - 
[2025-04-04T03:40:12.454+0000] {spark_submit.py:649} INFO - 25/04/04 03:40:12 WARN DependencyUtils: Local jar /opt/spark-3.5.0-bin-hadoop3/jars/hadoop-aws-3.3.6.jar does not exist, skipping.
[2025-04-04T03:40:12.454+0000] {spark_submit.py:649} INFO - 25/04/04 03:40:12 WARN DependencyUtils: Local jar /opt/spark-3.5.0-bin-hadoop3/jars/aws-java-sdk-bundle-1.12.696.jar does not exist, skipping.
[2025-04-04T03:40:13.313+0000] {spark_submit.py:649} INFO - 25/04/04 03:40:13 INFO SparkContext: Running Spark version 3.5.0
[2025-04-04T03:40:13.314+0000] {spark_submit.py:649} INFO - 25/04/04 03:40:13 INFO SparkContext: OS info Linux, 5.15.167.4-microsoft-standard-WSL2, amd64
[2025-04-04T03:40:13.314+0000] {spark_submit.py:649} INFO - 25/04/04 03:40:13 INFO SparkContext: Java version 17.0.14
[2025-04-04T03:40:13.337+0000] {spark_submit.py:649} INFO - 25/04/04 03:40:13 INFO ResourceUtils: ==============================================================
[2025-04-04T03:40:13.337+0000] {spark_submit.py:649} INFO - 25/04/04 03:40:13 INFO ResourceUtils: No custom resources configured for spark.driver.
[2025-04-04T03:40:13.338+0000] {spark_submit.py:649} INFO - 25/04/04 03:40:13 INFO ResourceUtils: ==============================================================
[2025-04-04T03:40:13.339+0000] {spark_submit.py:649} INFO - 25/04/04 03:40:13 INFO SparkContext: Submitted application: CleanYellowData
[2025-04-04T03:40:13.353+0000] {spark_submit.py:649} INFO - 25/04/04 03:40:13 INFO ResourceProfile: Default ResourceProfile created, executor resources: Map(memory -> name: memory, amount: 1024, script: , vendor: , offHeap -> name: offHeap, amount: 0, script: , vendor: ), task resources: Map(cpus -> name: cpus, amount: 1.0)
[2025-04-04T03:40:13.360+0000] {spark_submit.py:649} INFO - 25/04/04 03:40:13 INFO ResourceProfile: Limiting resource is cpu
[2025-04-04T03:40:13.361+0000] {spark_submit.py:649} INFO - 25/04/04 03:40:13 INFO ResourceProfileManager: Added ResourceProfile id: 0
[2025-04-04T03:40:13.401+0000] {spark_submit.py:649} INFO - 25/04/04 03:40:13 INFO SecurityManager: Changing view acls to: airflow
[2025-04-04T03:40:13.402+0000] {spark_submit.py:649} INFO - 25/04/04 03:40:13 INFO SecurityManager: Changing modify acls to: airflow
[2025-04-04T03:40:13.403+0000] {spark_submit.py:649} INFO - 25/04/04 03:40:13 INFO SecurityManager: Changing view acls groups to:
[2025-04-04T03:40:13.404+0000] {spark_submit.py:649} INFO - 25/04/04 03:40:13 INFO SecurityManager: Changing modify acls groups to:
[2025-04-04T03:40:13.404+0000] {spark_submit.py:649} INFO - 25/04/04 03:40:13 INFO SecurityManager: SecurityManager: authentication disabled; ui acls disabled; users with view permissions: airflow; groups with view permissions: EMPTY; users with modify permissions: airflow; groups with modify permissions: EMPTY
[2025-04-04T03:40:13.581+0000] {spark_submit.py:649} INFO - 25/04/04 03:40:13 INFO Utils: Successfully started service 'sparkDriver' on port 45157.
[2025-04-04T03:40:13.599+0000] {spark_submit.py:649} INFO - 25/04/04 03:40:13 INFO SparkEnv: Registering MapOutputTracker
[2025-04-04T03:40:13.627+0000] {spark_submit.py:649} INFO - 25/04/04 03:40:13 INFO SparkEnv: Registering BlockManagerMaster
[2025-04-04T03:40:13.642+0000] {spark_submit.py:649} INFO - 25/04/04 03:40:13 INFO BlockManagerMasterEndpoint: Using org.apache.spark.storage.DefaultTopologyMapper for getting topology information
[2025-04-04T03:40:13.643+0000] {spark_submit.py:649} INFO - 25/04/04 03:40:13 INFO BlockManagerMasterEndpoint: BlockManagerMasterEndpoint up
[2025-04-04T03:40:13.646+0000] {spark_submit.py:649} INFO - 25/04/04 03:40:13 INFO SparkEnv: Registering BlockManagerMasterHeartbeat
[2025-04-04T03:40:13.671+0000] {spark_submit.py:649} INFO - 25/04/04 03:40:13 INFO DiskBlockManager: Created local directory at /tmp/blockmgr-a029da16-9ee3-49db-8950-c2c6d6e558d3
[2025-04-04T03:40:13.681+0000] {spark_submit.py:649} INFO - 25/04/04 03:40:13 INFO MemoryStore: MemoryStore started with capacity 434.4 MiB
[2025-04-04T03:40:13.695+0000] {spark_submit.py:649} INFO - 25/04/04 03:40:13 INFO SparkEnv: Registering OutputCommitCoordinator
[2025-04-04T03:40:13.788+0000] {spark_submit.py:649} INFO - 25/04/04 03:40:13 INFO JettyUtils: Start Jetty 0.0.0.0:4040 for SparkUI
[2025-04-04T03:40:13.848+0000] {spark_submit.py:649} INFO - 25/04/04 03:40:13 INFO Utils: Successfully started service 'SparkUI' on port 4040.
[2025-04-04T03:40:13.874+0000] {spark_submit.py:649} INFO - 25/04/04 03:40:13 ERROR SparkContext: Failed to add file:/opt/spark-3.5.0-bin-hadoop3/jars/hadoop-aws-3.3.6.jar to Spark environment
[2025-04-04T03:40:13.875+0000] {spark_submit.py:649} INFO - java.io.FileNotFoundException: Jar /opt/spark-3.5.0-bin-hadoop3/jars/hadoop-aws-3.3.6.jar not found
[2025-04-04T03:40:13.876+0000] {spark_submit.py:649} INFO - at org.apache.spark.SparkContext.addLocalJarFile$1(SparkContext.scala:2100)
[2025-04-04T03:40:13.877+0000] {spark_submit.py:649} INFO - at org.apache.spark.SparkContext.addJar(SparkContext.scala:2156)
[2025-04-04T03:40:13.877+0000] {spark_submit.py:649} INFO - at org.apache.spark.SparkContext.$anonfun$new$15(SparkContext.scala:526)
[2025-04-04T03:40:13.878+0000] {spark_submit.py:649} INFO - at org.apache.spark.SparkContext.$anonfun$new$15$adapted(SparkContext.scala:526)
[2025-04-04T03:40:13.879+0000] {spark_submit.py:649} INFO - at scala.collection.mutable.ResizableArray.foreach(ResizableArray.scala:62)
[2025-04-04T03:40:13.879+0000] {spark_submit.py:649} INFO - at scala.collection.mutable.ResizableArray.foreach$(ResizableArray.scala:55)
[2025-04-04T03:40:13.880+0000] {spark_submit.py:649} INFO - at scala.collection.mutable.ArrayBuffer.foreach(ArrayBuffer.scala:49)
[2025-04-04T03:40:13.881+0000] {spark_submit.py:649} INFO - at org.apache.spark.SparkContext.<init>(SparkContext.scala:526)
[2025-04-04T03:40:13.881+0000] {spark_submit.py:649} INFO - at org.apache.spark.api.java.JavaSparkContext.<init>(JavaSparkContext.scala:58)
[2025-04-04T03:40:13.882+0000] {spark_submit.py:649} INFO - at java.base/jdk.internal.reflect.NativeConstructorAccessorImpl.newInstance0(Native Method)
[2025-04-04T03:40:13.883+0000] {spark_submit.py:649} INFO - at java.base/jdk.internal.reflect.NativeConstructorAccessorImpl.newInstance(NativeConstructorAccessorImpl.java:77)
[2025-04-04T03:40:13.884+0000] {spark_submit.py:649} INFO - at java.base/jdk.internal.reflect.DelegatingConstructorAccessorImpl.newInstance(DelegatingConstructorAccessorImpl.java:45)
[2025-04-04T03:40:13.884+0000] {spark_submit.py:649} INFO - at java.base/java.lang.reflect.Constructor.newInstanceWithCaller(Constructor.java:500)
[2025-04-04T03:40:13.885+0000] {spark_submit.py:649} INFO - at java.base/java.lang.reflect.Constructor.newInstance(Constructor.java:481)
[2025-04-04T03:40:13.886+0000] {spark_submit.py:649} INFO - at py4j.reflection.MethodInvoker.invoke(MethodInvoker.java:247)
[2025-04-04T03:40:13.886+0000] {spark_submit.py:649} INFO - at py4j.reflection.ReflectionEngine.invoke(ReflectionEngine.java:374)
[2025-04-04T03:40:13.887+0000] {spark_submit.py:649} INFO - at py4j.Gateway.invoke(Gateway.java:238)
[2025-04-04T03:40:13.888+0000] {spark_submit.py:649} INFO - at py4j.commands.ConstructorCommand.invokeConstructor(ConstructorCommand.java:80)
[2025-04-04T03:40:13.888+0000] {spark_submit.py:649} INFO - at py4j.commands.ConstructorCommand.execute(ConstructorCommand.java:69)
[2025-04-04T03:40:13.889+0000] {spark_submit.py:649} INFO - at py4j.ClientServerConnection.waitForCommands(ClientServerConnection.java:182)
[2025-04-04T03:40:13.890+0000] {spark_submit.py:649} INFO - at py4j.ClientServerConnection.run(ClientServerConnection.java:106)
[2025-04-04T03:40:13.890+0000] {spark_submit.py:649} INFO - at java.base/java.lang.Thread.run(Thread.java:840)
[2025-04-04T03:40:13.891+0000] {spark_submit.py:649} INFO - 25/04/04 03:40:13 ERROR SparkContext: Failed to add file:/opt/spark-3.5.0-bin-hadoop3/jars/aws-java-sdk-bundle-1.12.696.jar to Spark environment
[2025-04-04T03:40:13.891+0000] {spark_submit.py:649} INFO - java.io.FileNotFoundException: Jar /opt/spark-3.5.0-bin-hadoop3/jars/aws-java-sdk-bundle-1.12.696.jar not found
[2025-04-04T03:40:13.892+0000] {spark_submit.py:649} INFO - at org.apache.spark.SparkContext.addLocalJarFile$1(SparkContext.scala:2100)
[2025-04-04T03:40:13.893+0000] {spark_submit.py:649} INFO - at org.apache.spark.SparkContext.addJar(SparkContext.scala:2156)
[2025-04-04T03:40:13.894+0000] {spark_submit.py:649} INFO - at org.apache.spark.SparkContext.$anonfun$new$15(SparkContext.scala:526)
[2025-04-04T03:40:13.894+0000] {spark_submit.py:649} INFO - at org.apache.spark.SparkContext.$anonfun$new$15$adapted(SparkContext.scala:526)
[2025-04-04T03:40:13.896+0000] {spark_submit.py:649} INFO - at scala.collection.mutable.ResizableArray.foreach(ResizableArray.scala:62)
[2025-04-04T03:40:13.896+0000] {spark_submit.py:649} INFO - at scala.collection.mutable.ResizableArray.foreach$(ResizableArray.scala:55)
[2025-04-04T03:40:13.897+0000] {spark_submit.py:649} INFO - at scala.collection.mutable.ArrayBuffer.foreach(ArrayBuffer.scala:49)
[2025-04-04T03:40:13.897+0000] {spark_submit.py:649} INFO - at org.apache.spark.SparkContext.<init>(SparkContext.scala:526)
[2025-04-04T03:40:13.898+0000] {spark_submit.py:649} INFO - at org.apache.spark.api.java.JavaSparkContext.<init>(JavaSparkContext.scala:58)
[2025-04-04T03:40:13.899+0000] {spark_submit.py:649} INFO - at java.base/jdk.internal.reflect.NativeConstructorAccessorImpl.newInstance0(Native Method)
[2025-04-04T03:40:13.900+0000] {spark_submit.py:649} INFO - at java.base/jdk.internal.reflect.NativeConstructorAccessorImpl.newInstance(NativeConstructorAccessorImpl.java:77)
[2025-04-04T03:40:13.900+0000] {spark_submit.py:649} INFO - at java.base/jdk.internal.reflect.DelegatingConstructorAccessorImpl.newInstance(DelegatingConstructorAccessorImpl.java:45)
[2025-04-04T03:40:13.901+0000] {spark_submit.py:649} INFO - at java.base/java.lang.reflect.Constructor.newInstanceWithCaller(Constructor.java:500)
[2025-04-04T03:40:13.902+0000] {spark_submit.py:649} INFO - at java.base/java.lang.reflect.Constructor.newInstance(Constructor.java:481)
[2025-04-04T03:40:13.903+0000] {spark_submit.py:649} INFO - at py4j.reflection.MethodInvoker.invoke(MethodInvoker.java:247)
[2025-04-04T03:40:13.904+0000] {spark_submit.py:649} INFO - at py4j.reflection.ReflectionEngine.invoke(ReflectionEngine.java:374)
[2025-04-04T03:40:13.905+0000] {spark_submit.py:649} INFO - at py4j.Gateway.invoke(Gateway.java:238)
[2025-04-04T03:40:13.905+0000] {spark_submit.py:649} INFO - at py4j.commands.ConstructorCommand.invokeConstructor(ConstructorCommand.java:80)
[2025-04-04T03:40:13.906+0000] {spark_submit.py:649} INFO - at py4j.commands.ConstructorCommand.execute(ConstructorCommand.java:69)
[2025-04-04T03:40:13.907+0000] {spark_submit.py:649} INFO - at py4j.ClientServerConnection.waitForCommands(ClientServerConnection.java:182)
[2025-04-04T03:40:13.908+0000] {spark_submit.py:649} INFO - at py4j.ClientServerConnection.run(ClientServerConnection.java:106)
[2025-04-04T03:40:13.909+0000] {spark_submit.py:649} INFO - at java.base/java.lang.Thread.run(Thread.java:840)
[2025-04-04T03:40:13.935+0000] {spark_submit.py:649} INFO - 25/04/04 03:40:13 INFO StandaloneAppClient$ClientEndpoint: Connecting to master spark://spark-master:7077...
[2025-04-04T03:40:13.964+0000] {spark_submit.py:649} INFO - 25/04/04 03:40:13 INFO TransportClientFactory: Successfully created connection to spark-master/172.24.0.5:7077 after 16 ms (0 ms spent in bootstraps)
[2025-04-04T03:40:14.028+0000] {spark_submit.py:649} INFO - 25/04/04 03:40:14 INFO StandaloneSchedulerBackend: Connected to Spark cluster with app ID app-20250404034014-0003
[2025-04-04T03:40:14.031+0000] {spark_submit.py:649} INFO - 25/04/04 03:40:14 INFO StandaloneAppClient$ClientEndpoint: Executor added: app-20250404034014-0003/0 on worker-20250404033545-172.24.0.7-44149 (172.24.0.7:44149) with 2 core(s)
[2025-04-04T03:40:14.034+0000] {spark_submit.py:649} INFO - 25/04/04 03:40:14 INFO StandaloneSchedulerBackend: Granted executor ID app-20250404034014-0003/0 on hostPort 172.24.0.7:44149 with 2 core(s), 1024.0 MiB RAM
[2025-04-04T03:40:14.037+0000] {spark_submit.py:649} INFO - 25/04/04 03:40:14 INFO Utils: Successfully started service 'org.apache.spark.network.netty.NettyBlockTransferService' on port 40745.
[2025-04-04T03:40:14.039+0000] {spark_submit.py:649} INFO - 25/04/04 03:40:14 INFO NettyBlockTransferService: Server created on d1dcd11a0d3d:40745
[2025-04-04T03:40:14.041+0000] {spark_submit.py:649} INFO - 25/04/04 03:40:14 INFO BlockManager: Using org.apache.spark.storage.RandomBlockReplicationPolicy for block replication policy
[2025-04-04T03:40:14.047+0000] {spark_submit.py:649} INFO - 25/04/04 03:40:14 INFO BlockManagerMaster: Registering BlockManager BlockManagerId(driver, d1dcd11a0d3d, 40745, None)
[2025-04-04T03:40:14.050+0000] {spark_submit.py:649} INFO - 25/04/04 03:40:14 INFO BlockManagerMasterEndpoint: Registering block manager d1dcd11a0d3d:40745 with 434.4 MiB RAM, BlockManagerId(driver, d1dcd11a0d3d, 40745, None)
[2025-04-04T03:40:14.053+0000] {spark_submit.py:649} INFO - 25/04/04 03:40:14 INFO BlockManagerMaster: Registered BlockManager BlockManagerId(driver, d1dcd11a0d3d, 40745, None)
[2025-04-04T03:40:14.054+0000] {spark_submit.py:649} INFO - 25/04/04 03:40:14 INFO BlockManager: Initialized BlockManager: BlockManagerId(driver, d1dcd11a0d3d, 40745, None)
[2025-04-04T03:40:14.074+0000] {spark_submit.py:649} INFO - 25/04/04 03:40:14 INFO StandaloneAppClient$ClientEndpoint: Executor updated: app-20250404034014-0003/0 is now RUNNING
[2025-04-04T03:40:14.220+0000] {spark_submit.py:649} INFO - 25/04/04 03:40:14 INFO StandaloneSchedulerBackend: SchedulerBackend is ready for scheduling beginning after reached minRegisteredResourcesRatio: 0.0
[2025-04-04T03:40:14.387+0000] {spark_submit.py:649} INFO - ✅ Spark session received from DAG
[2025-04-04T03:40:14.389+0000] {spark_submit.py:649} INFO - 📥 Reading raw data...
[2025-04-04T03:40:14.393+0000] {spark_submit.py:649} INFO - 25/04/04 03:40:14 INFO SharedState: Setting hive.metastore.warehouse.dir ('null') to the value of spark.sql.warehouse.dir.
[2025-04-04T03:40:14.395+0000] {spark_submit.py:649} INFO - 25/04/04 03:40:14 INFO SharedState: Warehouse path is 'file:/opt/airflow/spark-warehouse'.
[2025-04-04T03:40:15.066+0000] {spark_submit.py:649} INFO - 25/04/04 03:40:15 WARN FileStreamSink: Assume no metadata directory. Error while looking for metadata directory in the path: s3a://nyc-taxi/raw/yellow_tripdata_2023-01.parquet.
[2025-04-04T03:40:15.067+0000] {spark_submit.py:649} INFO - java.lang.RuntimeException: java.lang.ClassNotFoundException: Class org.apache.hadoop.fs.s3a.S3AFileSystem not found
[2025-04-04T03:40:15.067+0000] {spark_submit.py:649} INFO - at org.apache.hadoop.conf.Configuration.getClass(Configuration.java:2688)
[2025-04-04T03:40:15.068+0000] {spark_submit.py:649} INFO - at org.apache.hadoop.fs.FileSystem.getFileSystemClass(FileSystem.java:3431)
[2025-04-04T03:40:15.068+0000] {spark_submit.py:649} INFO - at org.apache.hadoop.fs.FileSystem.createFileSystem(FileSystem.java:3466)
[2025-04-04T03:40:15.069+0000] {spark_submit.py:649} INFO - at org.apache.hadoop.fs.FileSystem.access$300(FileSystem.java:174)
[2025-04-04T03:40:15.070+0000] {spark_submit.py:649} INFO - at org.apache.hadoop.fs.FileSystem$Cache.getInternal(FileSystem.java:3574)
[2025-04-04T03:40:15.070+0000] {spark_submit.py:649} INFO - at org.apache.hadoop.fs.FileSystem$Cache.get(FileSystem.java:3521)
[2025-04-04T03:40:15.072+0000] {spark_submit.py:649} INFO - at org.apache.hadoop.fs.FileSystem.get(FileSystem.java:540)
[2025-04-04T03:40:15.072+0000] {spark_submit.py:649} INFO - at org.apache.hadoop.fs.Path.getFileSystem(Path.java:365)
[2025-04-04T03:40:15.073+0000] {spark_submit.py:649} INFO - at org.apache.spark.sql.execution.streaming.FileStreamSink$.hasMetadata(FileStreamSink.scala:53)
[2025-04-04T03:40:15.073+0000] {spark_submit.py:649} INFO - at org.apache.spark.sql.execution.datasources.DataSource.resolveRelation(DataSource.scala:366)
[2025-04-04T03:40:15.074+0000] {spark_submit.py:649} INFO - at org.apache.spark.sql.DataFrameReader.loadV1Source(DataFrameReader.scala:229)
[2025-04-04T03:40:15.075+0000] {spark_submit.py:649} INFO - at org.apache.spark.sql.DataFrameReader.$anonfun$load$2(DataFrameReader.scala:211)
[2025-04-04T03:40:15.076+0000] {spark_submit.py:649} INFO - at scala.Option.getOrElse(Option.scala:189)
[2025-04-04T03:40:15.077+0000] {spark_submit.py:649} INFO - at org.apache.spark.sql.DataFrameReader.load(DataFrameReader.scala:211)
[2025-04-04T03:40:15.077+0000] {spark_submit.py:649} INFO - at org.apache.spark.sql.DataFrameReader.parquet(DataFrameReader.scala:563)
[2025-04-04T03:40:15.078+0000] {spark_submit.py:649} INFO - at java.base/jdk.internal.reflect.NativeMethodAccessorImpl.invoke0(Native Method)
[2025-04-04T03:40:15.079+0000] {spark_submit.py:649} INFO - at java.base/jdk.internal.reflect.NativeMethodAccessorImpl.invoke(NativeMethodAccessorImpl.java:77)
[2025-04-04T03:40:15.080+0000] {spark_submit.py:649} INFO - at java.base/jdk.internal.reflect.DelegatingMethodAccessorImpl.invoke(DelegatingMethodAccessorImpl.java:43)
[2025-04-04T03:40:15.080+0000] {spark_submit.py:649} INFO - at java.base/java.lang.reflect.Method.invoke(Method.java:569)
[2025-04-04T03:40:15.081+0000] {spark_submit.py:649} INFO - at py4j.reflection.MethodInvoker.invoke(MethodInvoker.java:244)
[2025-04-04T03:40:15.082+0000] {spark_submit.py:649} INFO - at py4j.reflection.ReflectionEngine.invoke(ReflectionEngine.java:374)
[2025-04-04T03:40:15.082+0000] {spark_submit.py:649} INFO - at py4j.Gateway.invoke(Gateway.java:282)
[2025-04-04T03:40:15.083+0000] {spark_submit.py:649} INFO - at py4j.commands.AbstractCommand.invokeMethod(AbstractCommand.java:132)
[2025-04-04T03:40:15.084+0000] {spark_submit.py:649} INFO - at py4j.commands.CallCommand.execute(CallCommand.java:79)
[2025-04-04T03:40:15.084+0000] {spark_submit.py:649} INFO - at py4j.ClientServerConnection.waitForCommands(ClientServerConnection.java:182)
[2025-04-04T03:40:15.085+0000] {spark_submit.py:649} INFO - at py4j.ClientServerConnection.run(ClientServerConnection.java:106)
[2025-04-04T03:40:15.085+0000] {spark_submit.py:649} INFO - at java.base/java.lang.Thread.run(Thread.java:840)
[2025-04-04T03:40:15.086+0000] {spark_submit.py:649} INFO - Caused by: java.lang.ClassNotFoundException: Class org.apache.hadoop.fs.s3a.S3AFileSystem not found
[2025-04-04T03:40:15.087+0000] {spark_submit.py:649} INFO - at org.apache.hadoop.conf.Configuration.getClassByName(Configuration.java:2592)
[2025-04-04T03:40:15.087+0000] {spark_submit.py:649} INFO - at org.apache.hadoop.conf.Configuration.getClass(Configuration.java:2686)
[2025-04-04T03:40:15.088+0000] {spark_submit.py:649} INFO - ... 26 more
[2025-04-04T03:40:15.164+0000] {spark_submit.py:649} INFO - Traceback (most recent call last):
[2025-04-04T03:40:15.164+0000] {spark_submit.py:649} INFO - File "/opt/spark-app/clean_yellow_tripdata.py", line 9, in <module>
[2025-04-04T03:40:15.169+0000] {spark_submit.py:649} INFO - clean_yellow_tripdata(spark)
[2025-04-04T03:40:15.169+0000] {spark_submit.py:649} INFO - File "/opt/pipeline/transform/clean_yellow_tripdata.py", line 9, in clean_yellow_tripdata
[2025-04-04T03:40:15.174+0000] {spark_submit.py:649} INFO - df = spark.read.parquet(raw_path)
[2025-04-04T03:40:15.174+0000] {spark_submit.py:649} INFO - File "/opt/spark/python/lib/pyspark.zip/pyspark/sql/readwriter.py", line 544, in parquet
[2025-04-04T03:40:15.175+0000] {spark_submit.py:649} INFO - File "/opt/spark/python/lib/py4j-0.10.9.7-src.zip/py4j/java_gateway.py", line 1322, in __call__
[2025-04-04T03:40:15.176+0000] {spark_submit.py:649} INFO - File "/opt/spark/python/lib/pyspark.zip/pyspark/errors/exceptions/captured.py", line 179, in deco
[2025-04-04T03:40:15.176+0000] {spark_submit.py:649} INFO - File "/opt/spark/python/lib/py4j-0.10.9.7-src.zip/py4j/protocol.py", line 326, in get_return_value
[2025-04-04T03:40:15.179+0000] {spark_submit.py:649} INFO - py4j.protocol.Py4JJavaError: An error occurred while calling o26.parquet.
[2025-04-04T03:40:15.180+0000] {spark_submit.py:649} INFO - : java.lang.RuntimeException: java.lang.ClassNotFoundException: Class org.apache.hadoop.fs.s3a.S3AFileSystem not found
[2025-04-04T03:40:15.180+0000] {spark_submit.py:649} INFO - at org.apache.hadoop.conf.Configuration.getClass(Configuration.java:2688)
[2025-04-04T03:40:15.181+0000] {spark_submit.py:649} INFO - at org.apache.hadoop.fs.FileSystem.getFileSystemClass(FileSystem.java:3431)
[2025-04-04T03:40:15.181+0000] {spark_submit.py:649} INFO - at org.apache.hadoop.fs.FileSystem.createFileSystem(FileSystem.java:3466)
[2025-04-04T03:40:15.182+0000] {spark_submit.py:649} INFO - at org.apache.hadoop.fs.FileSystem.access$300(FileSystem.java:174)
[2025-04-04T03:40:15.182+0000] {spark_submit.py:649} INFO - at org.apache.hadoop.fs.FileSystem$Cache.getInternal(FileSystem.java:3574)
[2025-04-04T03:40:15.183+0000] {spark_submit.py:649} INFO - at org.apache.hadoop.fs.FileSystem$Cache.get(FileSystem.java:3521)
[2025-04-04T03:40:15.184+0000] {spark_submit.py:649} INFO - at org.apache.hadoop.fs.FileSystem.get(FileSystem.java:540)
[2025-04-04T03:40:15.184+0000] {spark_submit.py:649} INFO - at org.apache.hadoop.fs.Path.getFileSystem(Path.java:365)
[2025-04-04T03:40:15.185+0000] {spark_submit.py:649} INFO - at org.apache.spark.sql.execution.datasources.DataSource$.$anonfun$checkAndGlobPathIfNecessary$1(DataSource.scala:724)
[2025-04-04T03:40:15.185+0000] {spark_submit.py:649} INFO - at scala.collection.immutable.List.map(List.scala:293)
[2025-04-04T03:40:15.186+0000] {spark_submit.py:649} INFO - at org.apache.spark.sql.execution.datasources.DataSource$.checkAndGlobPathIfNecessary(DataSource.scala:722)
[2025-04-04T03:40:15.186+0000] {spark_submit.py:649} INFO - at org.apache.spark.sql.execution.datasources.DataSource.checkAndGlobPathIfNecessary(DataSource.scala:551)
[2025-04-04T03:40:15.187+0000] {spark_submit.py:649} INFO - at org.apache.spark.sql.execution.datasources.DataSource.resolveRelation(DataSource.scala:404)
[2025-04-04T03:40:15.187+0000] {spark_submit.py:649} INFO - at org.apache.spark.sql.DataFrameReader.loadV1Source(DataFrameReader.scala:229)
[2025-04-04T03:40:15.188+0000] {spark_submit.py:649} INFO - at org.apache.spark.sql.DataFrameReader.$anonfun$load$2(DataFrameReader.scala:211)
[2025-04-04T03:40:15.189+0000] {spark_submit.py:649} INFO - at scala.Option.getOrElse(Option.scala:189)
[2025-04-04T03:40:15.190+0000] {spark_submit.py:649} INFO - at org.apache.spark.sql.DataFrameReader.load(DataFrameReader.scala:211)
[2025-04-04T03:40:15.190+0000] {spark_submit.py:649} INFO - at org.apache.spark.sql.DataFrameReader.parquet(DataFrameReader.scala:563)
[2025-04-04T03:40:15.191+0000] {spark_submit.py:649} INFO - at java.base/jdk.internal.reflect.NativeMethodAccessorImpl.invoke0(Native Method)
[2025-04-04T03:40:15.191+0000] {spark_submit.py:649} INFO - at java.base/jdk.internal.reflect.NativeMethodAccessorImpl.invoke(NativeMethodAccessorImpl.java:77)
[2025-04-04T03:40:15.192+0000] {spark_submit.py:649} INFO - at java.base/jdk.internal.reflect.DelegatingMethodAccessorImpl.invoke(DelegatingMethodAccessorImpl.java:43)
[2025-04-04T03:40:15.193+0000] {spark_submit.py:649} INFO - at java.base/java.lang.reflect.Method.invoke(Method.java:569)
[2025-04-04T03:40:15.193+0000] {spark_submit.py:649} INFO - at py4j.reflection.MethodInvoker.invoke(MethodInvoker.java:244)
[2025-04-04T03:40:15.194+0000] {spark_submit.py:649} INFO - at py4j.reflection.ReflectionEngine.invoke(ReflectionEngine.java:374)
[2025-04-04T03:40:15.194+0000] {spark_submit.py:649} INFO - at py4j.Gateway.invoke(Gateway.java:282)
[2025-04-04T03:40:15.195+0000] {spark_submit.py:649} INFO - at py4j.commands.AbstractCommand.invokeMethod(AbstractCommand.java:132)
[2025-04-04T03:40:15.196+0000] {spark_submit.py:649} INFO - at py4j.commands.CallCommand.execute(CallCommand.java:79)
[2025-04-04T03:40:15.196+0000] {spark_submit.py:649} INFO - at py4j.ClientServerConnection.waitForCommands(ClientServerConnection.java:182)
[2025-04-04T03:40:15.197+0000] {spark_submit.py:649} INFO - at py4j.ClientServerConnection.run(ClientServerConnection.java:106)
[2025-04-04T03:40:15.198+0000] {spark_submit.py:649} INFO - at java.base/java.lang.Thread.run(Thread.java:840)
[2025-04-04T03:40:15.198+0000] {spark_submit.py:649} INFO - Caused by: java.lang.ClassNotFoundException: Class org.apache.hadoop.fs.s3a.S3AFileSystem not found
[2025-04-04T03:40:15.198+0000] {spark_submit.py:649} INFO - at org.apache.hadoop.conf.Configuration.getClassByName(Configuration.java:2592)
[2025-04-04T03:40:15.199+0000] {spark_submit.py:649} INFO - at org.apache.hadoop.conf.Configuration.getClass(Configuration.java:2686)
[2025-04-04T03:40:15.199+0000] {spark_submit.py:649} INFO - ... 29 more
[2025-04-04T03:40:15.200+0000] {spark_submit.py:649} INFO - 
[2025-04-04T03:40:15.245+0000] {spark_submit.py:649} INFO - 25/04/04 03:40:15 INFO SparkContext: Invoking stop() from shutdown hook
[2025-04-04T03:40:15.246+0000] {spark_submit.py:649} INFO - 25/04/04 03:40:15 INFO SparkContext: SparkContext is stopping with exitCode 0.
[2025-04-04T03:40:15.259+0000] {spark_submit.py:649} INFO - 25/04/04 03:40:15 INFO SparkUI: Stopped Spark web UI at http://d1dcd11a0d3d:4040
[2025-04-04T03:40:15.267+0000] {spark_submit.py:649} INFO - 25/04/04 03:40:15 INFO StandaloneSchedulerBackend: Shutting down all executors
[2025-04-04T03:40:15.271+0000] {spark_submit.py:649} INFO - 25/04/04 03:40:15 INFO StandaloneSchedulerBackend$StandaloneDriverEndpoint: Asking each executor to shut down
[2025-04-04T03:40:15.289+0000] {spark_submit.py:649} INFO - 25/04/04 03:40:15 INFO MapOutputTrackerMasterEndpoint: MapOutputTrackerMasterEndpoint stopped!
[2025-04-04T03:40:15.310+0000] {spark_submit.py:649} INFO - 25/04/04 03:40:15 INFO MemoryStore: MemoryStore cleared
[2025-04-04T03:40:15.311+0000] {spark_submit.py:649} INFO - 25/04/04 03:40:15 INFO BlockManager: BlockManager stopped
[2025-04-04T03:40:15.317+0000] {spark_submit.py:649} INFO - 25/04/04 03:40:15 INFO BlockManagerMaster: BlockManagerMaster stopped
[2025-04-04T03:40:15.319+0000] {spark_submit.py:649} INFO - 25/04/04 03:40:15 INFO OutputCommitCoordinator$OutputCommitCoordinatorEndpoint: OutputCommitCoordinator stopped!
[2025-04-04T03:40:15.336+0000] {spark_submit.py:649} INFO - 25/04/04 03:40:15 INFO SparkContext: Successfully stopped SparkContext
[2025-04-04T03:40:15.337+0000] {spark_submit.py:649} INFO - 25/04/04 03:40:15 INFO ShutdownHookManager: Shutdown hook called
[2025-04-04T03:40:15.337+0000] {spark_submit.py:649} INFO - 25/04/04 03:40:15 INFO ShutdownHookManager: Deleting directory /tmp/spark-c6db39c2-84af-49de-bf6f-9c5ccb1c4d6e
[2025-04-04T03:40:15.342+0000] {spark_submit.py:649} INFO - 25/04/04 03:40:15 INFO ShutdownHookManager: Deleting directory /tmp/spark-c6db39c2-84af-49de-bf6f-9c5ccb1c4d6e/pyspark-58a02924-3a4d-4246-a54a-396d0ec7e423
[2025-04-04T03:40:15.347+0000] {spark_submit.py:649} INFO - 25/04/04 03:40:15 INFO ShutdownHookManager: Deleting directory /tmp/spark-f1d3e72e-40e0-4080-8de3-cc61db5ec0b5
[2025-04-04T03:40:15.391+0000] {taskinstance.py:2698} ERROR - Task failed with exception
Traceback (most recent call last):
  File "/home/airflow/.local/lib/python3.8/site-packages/airflow/models/taskinstance.py", line 433, in _execute_task
    result = execute_callable(context=context, **execute_callable_kwargs)
  File "/home/airflow/.local/lib/python3.8/site-packages/airflow/providers/apache/spark/operators/spark_submit.py", line 176, in execute
    self._hook.submit(self.application)
  File "/home/airflow/.local/lib/python3.8/site-packages/airflow/providers/apache/spark/hooks/spark_submit.py", line 575, in submit
    raise AirflowException(
airflow.exceptions.AirflowException: Cannot execute: spark-submit --master spark://spark-master:7077 --conf spark.master=spark://spark-master:7077 --jars /opt/spark/jars/hadoop-aws-3.3.6.jar,/opt/spark/jars/aws-java-sdk-bundle-1.12.696.jar --name arrow-spark --verbose --queue root.default --deploy-mode client /opt/spark-app/clean_yellow_tripdata.py. Error code is: 1.
[2025-04-04T03:40:15.397+0000] {taskinstance.py:1138} INFO - Marking task as UP_FOR_RETRY. dag_id=full_pipeline_dag, task_id=clean_data_spark, execution_date=20250404T033934, start_date=20250404T034010, end_date=20250404T034015
[2025-04-04T03:40:15.526+0000] {standard_task_runner.py:107} ERROR - Failed to execute job 235 for task clean_data_spark (Cannot execute: spark-submit --master spark://spark-master:7077 --conf spark.master=spark://spark-master:7077 --jars /opt/spark/jars/hadoop-aws-3.3.6.jar,/opt/spark/jars/aws-java-sdk-bundle-1.12.696.jar --name arrow-spark --verbose --queue root.default --deploy-mode client /opt/spark-app/clean_yellow_tripdata.py. Error code is: 1.; 715)
[2025-04-04T03:40:15.534+0000] {local_task_job_runner.py:234} INFO - Task exited with return code 1
[2025-04-04T03:40:15.557+0000] {taskinstance.py:3280} INFO - 0 downstream tasks scheduled from follow-on schedule check
