[2025-04-04T04:36:28.052+0000] {taskinstance.py:1956} INFO - Dependencies all met for dep_context=non-requeueable deps ti=<TaskInstance: full_pipeline_dag.clean_data_spark manual__2025-04-04T03:39:34.947255+00:00 [queued]>
[2025-04-04T04:36:28.079+0000] {taskinstance.py:1956} INFO - Dependencies all met for dep_context=requeueable deps ti=<TaskInstance: full_pipeline_dag.clean_data_spark manual__2025-04-04T03:39:34.947255+00:00 [queued]>
[2025-04-04T04:36:28.080+0000] {taskinstance.py:2170} INFO - Starting attempt 17 of 17
[2025-04-04T04:36:28.144+0000] {taskinstance.py:2191} INFO - Executing <Task(SparkSubmitOperator): clean_data_spark> on 2025-04-04 03:39:34.947255+00:00
[2025-04-04T04:36:28.148+0000] {standard_task_runner.py:60} INFO - Started process 643 to run task
[2025-04-04T04:36:28.151+0000] {standard_task_runner.py:87} INFO - Running: ['airflow', 'tasks', 'run', 'full_pipeline_dag', 'clean_data_spark', 'manual__2025-04-04T03:39:34.947255+00:00', '--job-id', '256', '--raw', '--subdir', 'DAGS_FOLDER/full_pipeline_dag.py', '--cfg-path', '/tmp/tmpd78y5v3m']
[2025-04-04T04:36:28.154+0000] {standard_task_runner.py:88} INFO - Job 256: Subtask clean_data_spark
[2025-04-04T04:36:28.185+0000] {logging_mixin.py:188} WARNING - /home/airflow/.local/lib/python3.8/site-packages/airflow/settings.py:194 DeprecationWarning: The sql_alchemy_conn option in [core] has been moved to the sql_alchemy_conn option in [database] - the old setting has been used, but please update your config.
[2025-04-04T04:36:28.226+0000] {task_command.py:423} INFO - Running <TaskInstance: full_pipeline_dag.clean_data_spark manual__2025-04-04T03:39:34.947255+00:00 [running]> on host a9e9654e9b9a
[2025-04-04T04:36:28.316+0000] {taskinstance.py:2480} INFO - Exporting env vars: AIRFLOW_CTX_DAG_OWNER='airflow' AIRFLOW_CTX_DAG_ID='full_pipeline_dag' AIRFLOW_CTX_TASK_ID='clean_data_spark' AIRFLOW_CTX_EXECUTION_DATE='2025-04-04T03:39:34.947255+00:00' AIRFLOW_CTX_TRY_NUMBER='17' AIRFLOW_CTX_DAG_RUN_ID='manual__2025-04-04T03:39:34.947255+00:00'
[2025-04-04T04:36:28.326+0000] {base.py:83} INFO - Using connection ID 'spark_default' for task execution.
[2025-04-04T04:36:28.327+0000] {spark_submit.py:473} INFO - Spark-Submit cmd: spark-submit --master spark://spark-master:7077 --conf spark.master=spark://spark-master:7077 --conf spark.hadoop.fs.s3a.impl=org.apache.hadoop.fs.s3a.S3AFileSystem --jars /opt/spark-extra-jars/hadoop-aws-3.3.6.jar,/opt/spark-extra-jars/aws-java-sdk-bundle-1.12.696.jar --name arrow-spark --verbose --queue root.default --deploy-mode client /opt/spark-app/clean_yellow_tripdata.py
[2025-04-04T04:36:29.837+0000] {spark_submit.py:649} INFO - Using properties file: null
[2025-04-04T04:36:29.930+0000] {spark_submit.py:649} INFO - Parsed arguments:
[2025-04-04T04:36:29.931+0000] {spark_submit.py:649} INFO - master                  spark://spark-master:7077
[2025-04-04T04:36:29.931+0000] {spark_submit.py:649} INFO - remote                  null
[2025-04-04T04:36:29.932+0000] {spark_submit.py:649} INFO - deployMode              client
[2025-04-04T04:36:29.933+0000] {spark_submit.py:649} INFO - executorMemory          null
[2025-04-04T04:36:29.934+0000] {spark_submit.py:649} INFO - executorCores           null
[2025-04-04T04:36:29.935+0000] {spark_submit.py:649} INFO - totalExecutorCores      null
[2025-04-04T04:36:29.936+0000] {spark_submit.py:649} INFO - propertiesFile          null
[2025-04-04T04:36:29.936+0000] {spark_submit.py:649} INFO - driverMemory            null
[2025-04-04T04:36:29.937+0000] {spark_submit.py:649} INFO - driverCores             null
[2025-04-04T04:36:29.938+0000] {spark_submit.py:649} INFO - driverExtraClassPath    null
[2025-04-04T04:36:29.939+0000] {spark_submit.py:649} INFO - driverExtraLibraryPath  null
[2025-04-04T04:36:29.940+0000] {spark_submit.py:649} INFO - driverExtraJavaOptions  null
[2025-04-04T04:36:29.942+0000] {spark_submit.py:649} INFO - supervise               false
[2025-04-04T04:36:29.943+0000] {spark_submit.py:649} INFO - queue                   root.default
[2025-04-04T04:36:29.944+0000] {spark_submit.py:649} INFO - numExecutors            null
[2025-04-04T04:36:29.945+0000] {spark_submit.py:649} INFO - files                   null
[2025-04-04T04:36:29.946+0000] {spark_submit.py:649} INFO - pyFiles                 null
[2025-04-04T04:36:29.946+0000] {spark_submit.py:649} INFO - archives                null
[2025-04-04T04:36:29.947+0000] {spark_submit.py:649} INFO - mainClass               null
[2025-04-04T04:36:29.947+0000] {spark_submit.py:649} INFO - primaryResource         file:/opt/spark-app/clean_yellow_tripdata.py
[2025-04-04T04:36:29.948+0000] {spark_submit.py:649} INFO - name                    arrow-spark
[2025-04-04T04:36:29.949+0000] {spark_submit.py:649} INFO - childArgs               []
[2025-04-04T04:36:29.950+0000] {spark_submit.py:649} INFO - jars                    file:/opt/spark-extra-jars/hadoop-aws-3.3.6.jar,file:/opt/spark-extra-jars/aws-java-sdk-bundle-1.12.696.jar
[2025-04-04T04:36:29.951+0000] {spark_submit.py:649} INFO - packages                null
[2025-04-04T04:36:29.952+0000] {spark_submit.py:649} INFO - packagesExclusions      null
[2025-04-04T04:36:29.953+0000] {spark_submit.py:649} INFO - repositories            null
[2025-04-04T04:36:29.954+0000] {spark_submit.py:649} INFO - verbose                 true
[2025-04-04T04:36:29.954+0000] {spark_submit.py:649} INFO - 
[2025-04-04T04:36:29.955+0000] {spark_submit.py:649} INFO - Spark properties used, including those specified through
[2025-04-04T04:36:29.956+0000] {spark_submit.py:649} INFO - --conf and those from the properties file null:
[2025-04-04T04:36:29.957+0000] {spark_submit.py:649} INFO - (spark.hadoop.fs.s3a.impl,org.apache.hadoop.fs.s3a.S3AFileSystem)
[2025-04-04T04:36:29.958+0000] {spark_submit.py:649} INFO - (spark.master,spark://spark-master:7077)
[2025-04-04T04:36:29.959+0000] {spark_submit.py:649} INFO - 
[2025-04-04T04:36:29.960+0000] {spark_submit.py:649} INFO - 
[2025-04-04T04:36:30.229+0000] {spark_submit.py:649} INFO - 25/04/04 04:36:30 WARN NativeCodeLoader: Unable to load native-hadoop library for your platform... using builtin-java classes where applicable
[2025-04-04T04:36:30.490+0000] {spark_submit.py:649} INFO - Main class:
[2025-04-04T04:36:30.492+0000] {spark_submit.py:649} INFO - org.apache.spark.deploy.PythonRunner
[2025-04-04T04:36:30.494+0000] {spark_submit.py:649} INFO - Arguments:
[2025-04-04T04:36:30.495+0000] {spark_submit.py:649} INFO - file:/opt/spark-app/clean_yellow_tripdata.py
[2025-04-04T04:36:30.496+0000] {spark_submit.py:649} INFO - null
[2025-04-04T04:36:30.499+0000] {spark_submit.py:649} INFO - Spark config:
[2025-04-04T04:36:30.500+0000] {spark_submit.py:649} INFO - (spark.app.name,arrow-spark)
[2025-04-04T04:36:30.501+0000] {spark_submit.py:649} INFO - (spark.app.submitTime,1743741390447)
[2025-04-04T04:36:30.502+0000] {spark_submit.py:649} INFO - (spark.hadoop.fs.s3a.impl,org.apache.hadoop.fs.s3a.S3AFileSystem)
[2025-04-04T04:36:30.502+0000] {spark_submit.py:649} INFO - (spark.jars,file:///opt/spark-extra-jars/hadoop-aws-3.3.6.jar,file:///opt/spark-extra-jars/aws-java-sdk-bundle-1.12.696.jar)
[2025-04-04T04:36:30.503+0000] {spark_submit.py:649} INFO - (spark.master,spark://spark-master:7077)
[2025-04-04T04:36:30.504+0000] {spark_submit.py:649} INFO - (spark.repl.local.jars,file:///opt/spark-extra-jars/hadoop-aws-3.3.6.jar,file:///opt/spark-extra-jars/aws-java-sdk-bundle-1.12.696.jar)
[2025-04-04T04:36:30.504+0000] {spark_submit.py:649} INFO - (spark.submit.deployMode,client)
[2025-04-04T04:36:30.505+0000] {spark_submit.py:649} INFO - (spark.submit.pyFiles,)
[2025-04-04T04:36:30.506+0000] {spark_submit.py:649} INFO - Classpath elements:
[2025-04-04T04:36:30.506+0000] {spark_submit.py:649} INFO - file:///opt/spark-extra-jars/hadoop-aws-3.3.6.jar
[2025-04-04T04:36:30.507+0000] {spark_submit.py:649} INFO - file:///opt/spark-extra-jars/aws-java-sdk-bundle-1.12.696.jar
[2025-04-04T04:36:30.508+0000] {spark_submit.py:649} INFO - 
[2025-04-04T04:36:30.509+0000] {spark_submit.py:649} INFO - 
[2025-04-04T04:36:32.254+0000] {spark_submit.py:649} INFO - 25/04/04 04:36:32 INFO SparkContext: Running Spark version 3.5.0
[2025-04-04T04:36:32.256+0000] {spark_submit.py:649} INFO - 25/04/04 04:36:32 INFO SparkContext: OS info Linux, 5.15.167.4-microsoft-standard-WSL2, amd64
[2025-04-04T04:36:32.256+0000] {spark_submit.py:649} INFO - 25/04/04 04:36:32 INFO SparkContext: Java version 17.0.14
[2025-04-04T04:36:32.277+0000] {spark_submit.py:649} INFO - 25/04/04 04:36:32 INFO ResourceUtils: ==============================================================
[2025-04-04T04:36:32.278+0000] {spark_submit.py:649} INFO - 25/04/04 04:36:32 INFO ResourceUtils: No custom resources configured for spark.driver.
[2025-04-04T04:36:32.279+0000] {spark_submit.py:649} INFO - 25/04/04 04:36:32 INFO ResourceUtils: ==============================================================
[2025-04-04T04:36:32.280+0000] {spark_submit.py:649} INFO - 25/04/04 04:36:32 INFO SparkContext: Submitted application: CleanYellowData
[2025-04-04T04:36:32.294+0000] {spark_submit.py:649} INFO - 25/04/04 04:36:32 INFO ResourceProfile: Default ResourceProfile created, executor resources: Map(memory -> name: memory, amount: 1024, script: , vendor: , offHeap -> name: offHeap, amount: 0, script: , vendor: ), task resources: Map(cpus -> name: cpus, amount: 1.0)
[2025-04-04T04:36:32.300+0000] {spark_submit.py:649} INFO - 25/04/04 04:36:32 INFO ResourceProfile: Limiting resource is cpu
[2025-04-04T04:36:32.300+0000] {spark_submit.py:649} INFO - 25/04/04 04:36:32 INFO ResourceProfileManager: Added ResourceProfile id: 0
[2025-04-04T04:36:32.347+0000] {spark_submit.py:649} INFO - 25/04/04 04:36:32 INFO SecurityManager: Changing view acls to: airflow
[2025-04-04T04:36:32.348+0000] {spark_submit.py:649} INFO - 25/04/04 04:36:32 INFO SecurityManager: Changing modify acls to: airflow
[2025-04-04T04:36:32.348+0000] {spark_submit.py:649} INFO - 25/04/04 04:36:32 INFO SecurityManager: Changing view acls groups to:
[2025-04-04T04:36:32.349+0000] {spark_submit.py:649} INFO - 25/04/04 04:36:32 INFO SecurityManager: Changing modify acls groups to:
[2025-04-04T04:36:32.350+0000] {spark_submit.py:649} INFO - 25/04/04 04:36:32 INFO SecurityManager: SecurityManager: authentication disabled; ui acls disabled; users with view permissions: airflow; groups with view permissions: EMPTY; users with modify permissions: airflow; groups with modify permissions: EMPTY
[2025-04-04T04:36:32.569+0000] {spark_submit.py:649} INFO - 25/04/04 04:36:32 INFO Utils: Successfully started service 'sparkDriver' on port 36437.
[2025-04-04T04:36:32.598+0000] {spark_submit.py:649} INFO - 25/04/04 04:36:32 INFO SparkEnv: Registering MapOutputTracker
[2025-04-04T04:36:32.648+0000] {spark_submit.py:649} INFO - 25/04/04 04:36:32 INFO SparkEnv: Registering BlockManagerMaster
[2025-04-04T04:36:32.667+0000] {spark_submit.py:649} INFO - 25/04/04 04:36:32 INFO BlockManagerMasterEndpoint: Using org.apache.spark.storage.DefaultTopologyMapper for getting topology information
[2025-04-04T04:36:32.669+0000] {spark_submit.py:649} INFO - 25/04/04 04:36:32 INFO BlockManagerMasterEndpoint: BlockManagerMasterEndpoint up
[2025-04-04T04:36:32.673+0000] {spark_submit.py:649} INFO - 25/04/04 04:36:32 INFO SparkEnv: Registering BlockManagerMasterHeartbeat
[2025-04-04T04:36:32.690+0000] {spark_submit.py:649} INFO - 25/04/04 04:36:32 INFO DiskBlockManager: Created local directory at /tmp/blockmgr-d063f19b-eda2-402f-ace8-ae3b577353cb
[2025-04-04T04:36:32.700+0000] {spark_submit.py:649} INFO - 25/04/04 04:36:32 INFO MemoryStore: MemoryStore started with capacity 434.4 MiB
[2025-04-04T04:36:32.712+0000] {spark_submit.py:649} INFO - 25/04/04 04:36:32 INFO SparkEnv: Registering OutputCommitCoordinator
[2025-04-04T04:36:32.822+0000] {spark_submit.py:649} INFO - 25/04/04 04:36:32 INFO JettyUtils: Start Jetty 0.0.0.0:4040 for SparkUI
[2025-04-04T04:36:32.875+0000] {spark_submit.py:649} INFO - 25/04/04 04:36:32 INFO Utils: Successfully started service 'SparkUI' on port 4040.
[2025-04-04T04:36:32.905+0000] {spark_submit.py:649} INFO - 25/04/04 04:36:32 INFO SparkContext: Added JAR file:///opt/spark-extra-jars/hadoop-aws-3.3.6.jar at spark://a9e9654e9b9a:36437/jars/hadoop-aws-3.3.6.jar with timestamp 1743741392246
[2025-04-04T04:36:32.907+0000] {spark_submit.py:649} INFO - 25/04/04 04:36:32 INFO SparkContext: Added JAR file:///opt/spark-extra-jars/aws-java-sdk-bundle-1.12.696.jar at spark://a9e9654e9b9a:36437/jars/aws-java-sdk-bundle-1.12.696.jar with timestamp 1743741392246
[2025-04-04T04:36:32.963+0000] {spark_submit.py:649} INFO - 25/04/04 04:36:32 INFO StandaloneAppClient$ClientEndpoint: Connecting to master spark://spark-master:7077...
[2025-04-04T04:36:32.997+0000] {spark_submit.py:649} INFO - 25/04/04 04:36:32 INFO TransportClientFactory: Successfully created connection to spark-master/172.24.0.4:7077 after 17 ms (0 ms spent in bootstraps)
[2025-04-04T04:36:33.081+0000] {spark_submit.py:649} INFO - 25/04/04 04:36:33 INFO StandaloneSchedulerBackend: Connected to Spark cluster with app ID app-20250404043633-0002
[2025-04-04T04:36:33.089+0000] {spark_submit.py:649} INFO - 25/04/04 04:36:33 INFO StandaloneAppClient$ClientEndpoint: Executor added: app-20250404043633-0002/0 on worker-20250404043115-172.24.0.6-42861 (172.24.0.6:42861) with 2 core(s)
[2025-04-04T04:36:33.092+0000] {spark_submit.py:649} INFO - 25/04/04 04:36:33 INFO StandaloneSchedulerBackend: Granted executor ID app-20250404043633-0002/0 on hostPort 172.24.0.6:42861 with 2 core(s), 1024.0 MiB RAM
[2025-04-04T04:36:33.093+0000] {spark_submit.py:649} INFO - 25/04/04 04:36:33 INFO Utils: Successfully started service 'org.apache.spark.network.netty.NettyBlockTransferService' on port 39929.
[2025-04-04T04:36:33.094+0000] {spark_submit.py:649} INFO - 25/04/04 04:36:33 INFO NettyBlockTransferService: Server created on a9e9654e9b9a:39929
[2025-04-04T04:36:33.095+0000] {spark_submit.py:649} INFO - 25/04/04 04:36:33 INFO BlockManager: Using org.apache.spark.storage.RandomBlockReplicationPolicy for block replication policy
[2025-04-04T04:36:33.102+0000] {spark_submit.py:649} INFO - 25/04/04 04:36:33 INFO BlockManagerMaster: Registering BlockManager BlockManagerId(driver, a9e9654e9b9a, 39929, None)
[2025-04-04T04:36:33.107+0000] {spark_submit.py:649} INFO - 25/04/04 04:36:33 INFO BlockManagerMasterEndpoint: Registering block manager a9e9654e9b9a:39929 with 434.4 MiB RAM, BlockManagerId(driver, a9e9654e9b9a, 39929, None)
[2025-04-04T04:36:33.109+0000] {spark_submit.py:649} INFO - 25/04/04 04:36:33 INFO BlockManagerMaster: Registered BlockManager BlockManagerId(driver, a9e9654e9b9a, 39929, None)
[2025-04-04T04:36:33.111+0000] {spark_submit.py:649} INFO - 25/04/04 04:36:33 INFO BlockManager: Initialized BlockManager: BlockManagerId(driver, a9e9654e9b9a, 39929, None)
[2025-04-04T04:36:33.144+0000] {spark_submit.py:649} INFO - 25/04/04 04:36:33 INFO StandaloneAppClient$ClientEndpoint: Executor updated: app-20250404043633-0002/0 is now RUNNING
[2025-04-04T04:36:33.307+0000] {spark_submit.py:649} INFO - 25/04/04 04:36:33 INFO StandaloneSchedulerBackend: SchedulerBackend is ready for scheduling beginning after reached minRegisteredResourcesRatio: 0.0
[2025-04-04T04:36:33.486+0000] {spark_submit.py:649} INFO - ✅ Spark session received from DAG
[2025-04-04T04:36:33.487+0000] {spark_submit.py:649} INFO - 📥 Reading raw data...
[2025-04-04T04:36:33.491+0000] {spark_submit.py:649} INFO - 25/04/04 04:36:33 INFO SharedState: Setting hive.metastore.warehouse.dir ('null') to the value of spark.sql.warehouse.dir.
[2025-04-04T04:36:33.493+0000] {spark_submit.py:649} INFO - 25/04/04 04:36:33 INFO SharedState: Warehouse path is 'file:/opt/airflow/spark-warehouse'.
[2025-04-04T04:36:34.532+0000] {spark_submit.py:649} INFO - Traceback (most recent call last):
[2025-04-04T04:36:34.533+0000] {spark_submit.py:649} INFO - File "/opt/spark-app/clean_yellow_tripdata.py", line 9, in <module>
[2025-04-04T04:36:34.537+0000] {spark_submit.py:649} INFO - clean_yellow_tripdata(spark)
[2025-04-04T04:36:34.538+0000] {spark_submit.py:649} INFO - File "/opt/pipeline/transform/clean_yellow_tripdata.py", line 9, in clean_yellow_tripdata
[2025-04-04T04:36:34.541+0000] {spark_submit.py:649} INFO - df = spark.read.parquet(raw_path)
[2025-04-04T04:36:34.541+0000] {spark_submit.py:649} INFO - File "/opt/spark/python/lib/pyspark.zip/pyspark/sql/readwriter.py", line 544, in parquet
[2025-04-04T04:36:34.542+0000] {spark_submit.py:649} INFO - File "/opt/spark/python/lib/py4j-0.10.9.7-src.zip/py4j/java_gateway.py", line 1322, in __call__
[2025-04-04T04:36:34.543+0000] {spark_submit.py:649} INFO - File "/opt/spark/python/lib/pyspark.zip/pyspark/errors/exceptions/captured.py", line 179, in deco
[2025-04-04T04:36:34.543+0000] {spark_submit.py:649} INFO - File "/opt/spark/python/lib/py4j-0.10.9.7-src.zip/py4j/protocol.py", line 326, in get_return_value
[2025-04-04T04:36:34.545+0000] {spark_submit.py:649} INFO - py4j.protocol.Py4JJavaError: An error occurred while calling o27.parquet.
[2025-04-04T04:36:34.545+0000] {spark_submit.py:649} INFO - : java.lang.NoClassDefFoundError: org/apache/hadoop/fs/impl/prefetch/PrefetchingStatistics
[2025-04-04T04:36:34.546+0000] {spark_submit.py:649} INFO - at java.base/java.lang.ClassLoader.defineClass1(Native Method)
[2025-04-04T04:36:34.547+0000] {spark_submit.py:649} INFO - at java.base/java.lang.ClassLoader.defineClass(ClassLoader.java:1017)
[2025-04-04T04:36:34.547+0000] {spark_submit.py:649} INFO - at java.base/java.security.SecureClassLoader.defineClass(SecureClassLoader.java:150)
[2025-04-04T04:36:34.548+0000] {spark_submit.py:649} INFO - at java.base/java.net.URLClassLoader.defineClass(URLClassLoader.java:524)
[2025-04-04T04:36:34.548+0000] {spark_submit.py:649} INFO - at java.base/java.net.URLClassLoader$1.run(URLClassLoader.java:427)
[2025-04-04T04:36:34.549+0000] {spark_submit.py:649} INFO - at java.base/java.net.URLClassLoader$1.run(URLClassLoader.java:421)
[2025-04-04T04:36:34.549+0000] {spark_submit.py:649} INFO - at java.base/java.security.AccessController.doPrivileged(AccessController.java:712)
[2025-04-04T04:36:34.550+0000] {spark_submit.py:649} INFO - at java.base/java.net.URLClassLoader.findClass(URLClassLoader.java:420)
[2025-04-04T04:36:34.550+0000] {spark_submit.py:649} INFO - at java.base/java.lang.ClassLoader.loadClass(ClassLoader.java:592)
[2025-04-04T04:36:34.551+0000] {spark_submit.py:649} INFO - at java.base/java.lang.ClassLoader.loadClass(ClassLoader.java:525)
[2025-04-04T04:36:34.551+0000] {spark_submit.py:649} INFO - at org.apache.hadoop.fs.s3a.S3AFileSystem.initialize(S3AFileSystem.java:519)
[2025-04-04T04:36:34.552+0000] {spark_submit.py:649} INFO - at org.apache.hadoop.fs.FileSystem.createFileSystem(FileSystem.java:3469)
[2025-04-04T04:36:34.552+0000] {spark_submit.py:649} INFO - at org.apache.hadoop.fs.FileSystem.access$300(FileSystem.java:174)
[2025-04-04T04:36:34.553+0000] {spark_submit.py:649} INFO - at org.apache.hadoop.fs.FileSystem$Cache.getInternal(FileSystem.java:3574)
[2025-04-04T04:36:34.553+0000] {spark_submit.py:649} INFO - at org.apache.hadoop.fs.FileSystem$Cache.get(FileSystem.java:3521)
[2025-04-04T04:36:34.554+0000] {spark_submit.py:649} INFO - at org.apache.hadoop.fs.FileSystem.get(FileSystem.java:540)
[2025-04-04T04:36:34.554+0000] {spark_submit.py:649} INFO - at org.apache.hadoop.fs.Path.getFileSystem(Path.java:365)
[2025-04-04T04:36:34.555+0000] {spark_submit.py:649} INFO - at org.apache.spark.sql.execution.streaming.FileStreamSink$.hasMetadata(FileStreamSink.scala:53)
[2025-04-04T04:36:34.555+0000] {spark_submit.py:649} INFO - at org.apache.spark.sql.execution.datasources.DataSource.resolveRelation(DataSource.scala:366)
[2025-04-04T04:36:34.555+0000] {spark_submit.py:649} INFO - at org.apache.spark.sql.DataFrameReader.loadV1Source(DataFrameReader.scala:229)
[2025-04-04T04:36:34.556+0000] {spark_submit.py:649} INFO - at org.apache.spark.sql.DataFrameReader.$anonfun$load$2(DataFrameReader.scala:211)
[2025-04-04T04:36:34.556+0000] {spark_submit.py:649} INFO - at scala.Option.getOrElse(Option.scala:189)
[2025-04-04T04:36:34.557+0000] {spark_submit.py:649} INFO - at org.apache.spark.sql.DataFrameReader.load(DataFrameReader.scala:211)
[2025-04-04T04:36:34.557+0000] {spark_submit.py:649} INFO - at org.apache.spark.sql.DataFrameReader.parquet(DataFrameReader.scala:563)
[2025-04-04T04:36:34.558+0000] {spark_submit.py:649} INFO - at java.base/jdk.internal.reflect.NativeMethodAccessorImpl.invoke0(Native Method)
[2025-04-04T04:36:34.558+0000] {spark_submit.py:649} INFO - at java.base/jdk.internal.reflect.NativeMethodAccessorImpl.invoke(NativeMethodAccessorImpl.java:77)
[2025-04-04T04:36:34.559+0000] {spark_submit.py:649} INFO - at java.base/jdk.internal.reflect.DelegatingMethodAccessorImpl.invoke(DelegatingMethodAccessorImpl.java:43)
[2025-04-04T04:36:34.559+0000] {spark_submit.py:649} INFO - at java.base/java.lang.reflect.Method.invoke(Method.java:569)
[2025-04-04T04:36:34.560+0000] {spark_submit.py:649} INFO - at py4j.reflection.MethodInvoker.invoke(MethodInvoker.java:244)
[2025-04-04T04:36:34.560+0000] {spark_submit.py:649} INFO - at py4j.reflection.ReflectionEngine.invoke(ReflectionEngine.java:374)
[2025-04-04T04:36:34.560+0000] {spark_submit.py:649} INFO - at py4j.Gateway.invoke(Gateway.java:282)
[2025-04-04T04:36:34.561+0000] {spark_submit.py:649} INFO - at py4j.commands.AbstractCommand.invokeMethod(AbstractCommand.java:132)
[2025-04-04T04:36:34.561+0000] {spark_submit.py:649} INFO - at py4j.commands.CallCommand.execute(CallCommand.java:79)
[2025-04-04T04:36:34.562+0000] {spark_submit.py:649} INFO - at py4j.ClientServerConnection.waitForCommands(ClientServerConnection.java:182)
[2025-04-04T04:36:34.562+0000] {spark_submit.py:649} INFO - at py4j.ClientServerConnection.run(ClientServerConnection.java:106)
[2025-04-04T04:36:34.563+0000] {spark_submit.py:649} INFO - at java.base/java.lang.Thread.run(Thread.java:840)
[2025-04-04T04:36:34.563+0000] {spark_submit.py:649} INFO - Caused by: java.lang.ClassNotFoundException: org.apache.hadoop.fs.impl.prefetch.PrefetchingStatistics
[2025-04-04T04:36:34.564+0000] {spark_submit.py:649} INFO - at java.base/java.net.URLClassLoader.findClass(URLClassLoader.java:445)
[2025-04-04T04:36:34.564+0000] {spark_submit.py:649} INFO - at java.base/java.lang.ClassLoader.loadClass(ClassLoader.java:592)
[2025-04-04T04:36:34.565+0000] {spark_submit.py:649} INFO - at java.base/java.lang.ClassLoader.loadClass(ClassLoader.java:525)
[2025-04-04T04:36:34.565+0000] {spark_submit.py:649} INFO - ... 36 more
[2025-04-04T04:36:34.566+0000] {spark_submit.py:649} INFO - 
[2025-04-04T04:36:34.592+0000] {spark_submit.py:649} INFO - 25/04/04 04:36:34 INFO SparkContext: Invoking stop() from shutdown hook
[2025-04-04T04:36:34.593+0000] {spark_submit.py:649} INFO - 25/04/04 04:36:34 INFO SparkContext: SparkContext is stopping with exitCode 0.
[2025-04-04T04:36:34.615+0000] {spark_submit.py:649} INFO - 25/04/04 04:36:34 INFO SparkUI: Stopped Spark web UI at http://a9e9654e9b9a:4040
[2025-04-04T04:36:34.622+0000] {spark_submit.py:649} INFO - 25/04/04 04:36:34 INFO StandaloneSchedulerBackend: Shutting down all executors
[2025-04-04T04:36:34.628+0000] {spark_submit.py:649} INFO - 25/04/04 04:36:34 INFO StandaloneSchedulerBackend$StandaloneDriverEndpoint: Asking each executor to shut down
[2025-04-04T04:36:34.667+0000] {spark_submit.py:649} INFO - 25/04/04 04:36:34 INFO MapOutputTrackerMasterEndpoint: MapOutputTrackerMasterEndpoint stopped!
[2025-04-04T04:36:34.696+0000] {spark_submit.py:649} INFO - 25/04/04 04:36:34 INFO MemoryStore: MemoryStore cleared
[2025-04-04T04:36:34.697+0000] {spark_submit.py:649} INFO - 25/04/04 04:36:34 INFO BlockManager: BlockManager stopped
[2025-04-04T04:36:34.704+0000] {spark_submit.py:649} INFO - 25/04/04 04:36:34 INFO BlockManagerMaster: BlockManagerMaster stopped
[2025-04-04T04:36:34.706+0000] {spark_submit.py:649} INFO - 25/04/04 04:36:34 INFO OutputCommitCoordinator$OutputCommitCoordinatorEndpoint: OutputCommitCoordinator stopped!
[2025-04-04T04:36:34.722+0000] {spark_submit.py:649} INFO - 25/04/04 04:36:34 INFO SparkContext: Successfully stopped SparkContext
[2025-04-04T04:36:34.724+0000] {spark_submit.py:649} INFO - 25/04/04 04:36:34 INFO ShutdownHookManager: Shutdown hook called
[2025-04-04T04:36:34.725+0000] {spark_submit.py:649} INFO - 25/04/04 04:36:34 INFO ShutdownHookManager: Deleting directory /tmp/spark-e2befbb8-e249-4ec6-b8d0-b503522a1c7f
[2025-04-04T04:36:34.730+0000] {spark_submit.py:649} INFO - 25/04/04 04:36:34 INFO ShutdownHookManager: Deleting directory /tmp/spark-e2befbb8-e249-4ec6-b8d0-b503522a1c7f/pyspark-6eb8ecd5-ad26-4e35-a423-84517258a17e
[2025-04-04T04:36:34.735+0000] {spark_submit.py:649} INFO - 25/04/04 04:36:34 INFO ShutdownHookManager: Deleting directory /tmp/spark-433a8c5b-dcf3-4c59-8ce0-62bde0ed4a3e
[2025-04-04T04:36:34.794+0000] {taskinstance.py:2698} ERROR - Task failed with exception
Traceback (most recent call last):
  File "/home/airflow/.local/lib/python3.8/site-packages/airflow/models/taskinstance.py", line 433, in _execute_task
    result = execute_callable(context=context, **execute_callable_kwargs)
  File "/home/airflow/.local/lib/python3.8/site-packages/airflow/providers/apache/spark/operators/spark_submit.py", line 176, in execute
    self._hook.submit(self.application)
  File "/home/airflow/.local/lib/python3.8/site-packages/airflow/providers/apache/spark/hooks/spark_submit.py", line 575, in submit
    raise AirflowException(
airflow.exceptions.AirflowException: Cannot execute: spark-submit --master spark://spark-master:7077 --conf spark.master=spark://spark-master:7077 --conf spark.hadoop.fs.s3a.impl=org.apache.hadoop.fs.s3a.S3AFileSystem --jars /opt/spark-extra-jars/hadoop-aws-3.3.6.jar,/opt/spark-extra-jars/aws-java-sdk-bundle-1.12.696.jar --name arrow-spark --verbose --queue root.default --deploy-mode client /opt/spark-app/clean_yellow_tripdata.py. Error code is: 1.
[2025-04-04T04:36:34.801+0000] {taskinstance.py:1138} INFO - Marking task as FAILED. dag_id=full_pipeline_dag, task_id=clean_data_spark, execution_date=20250404T033934, start_date=20250404T043628, end_date=20250404T043634
[2025-04-04T04:36:35.009+0000] {standard_task_runner.py:107} ERROR - Failed to execute job 256 for task clean_data_spark (Cannot execute: spark-submit --master spark://spark-master:7077 --conf spark.master=spark://spark-master:7077 --conf spark.hadoop.fs.s3a.impl=org.apache.hadoop.fs.s3a.S3AFileSystem --jars /opt/spark-extra-jars/hadoop-aws-3.3.6.jar,/opt/spark-extra-jars/aws-java-sdk-bundle-1.12.696.jar --name arrow-spark --verbose --queue root.default --deploy-mode client /opt/spark-app/clean_yellow_tripdata.py. Error code is: 1.; 643)
[2025-04-04T04:36:35.020+0000] {local_task_job_runner.py:234} INFO - Task exited with return code 1
[2025-04-04T04:36:35.049+0000] {taskinstance.py:3280} INFO - 0 downstream tasks scheduled from follow-on schedule check
