[2025-04-04T04:35:18.155+0000] {taskinstance.py:1956} INFO - Dependencies all met for dep_context=non-requeueable deps ti=<TaskInstance: full_pipeline_dag.clean_data_spark manual__2025-04-04T03:39:34.947255+00:00 [queued]>
[2025-04-04T04:35:18.185+0000] {taskinstance.py:1956} INFO - Dependencies all met for dep_context=requeueable deps ti=<TaskInstance: full_pipeline_dag.clean_data_spark manual__2025-04-04T03:39:34.947255+00:00 [queued]>
[2025-04-04T04:35:18.187+0000] {taskinstance.py:2170} INFO - Starting attempt 16 of 17
[2025-04-04T04:35:18.266+0000] {taskinstance.py:2191} INFO - Executing <Task(SparkSubmitOperator): clean_data_spark> on 2025-04-04 03:39:34.947255+00:00
[2025-04-04T04:35:18.272+0000] {standard_task_runner.py:60} INFO - Started process 430 to run task
[2025-04-04T04:35:18.281+0000] {standard_task_runner.py:87} INFO - Running: ['airflow', 'tasks', 'run', 'full_pipeline_dag', 'clean_data_spark', 'manual__2025-04-04T03:39:34.947255+00:00', '--job-id', '255', '--raw', '--subdir', 'DAGS_FOLDER/full_pipeline_dag.py', '--cfg-path', '/tmp/tmpyhol7oiw']
[2025-04-04T04:35:18.289+0000] {standard_task_runner.py:88} INFO - Job 255: Subtask clean_data_spark
[2025-04-04T04:35:18.352+0000] {logging_mixin.py:188} WARNING - /home/airflow/.local/lib/python3.8/site-packages/airflow/settings.py:194 DeprecationWarning: The sql_alchemy_conn option in [core] has been moved to the sql_alchemy_conn option in [database] - the old setting has been used, but please update your config.
[2025-04-04T04:35:18.439+0000] {task_command.py:423} INFO - Running <TaskInstance: full_pipeline_dag.clean_data_spark manual__2025-04-04T03:39:34.947255+00:00 [running]> on host a9e9654e9b9a
[2025-04-04T04:35:18.611+0000] {taskinstance.py:2480} INFO - Exporting env vars: AIRFLOW_CTX_DAG_OWNER='airflow' AIRFLOW_CTX_DAG_ID='full_pipeline_dag' AIRFLOW_CTX_TASK_ID='clean_data_spark' AIRFLOW_CTX_EXECUTION_DATE='2025-04-04T03:39:34.947255+00:00' AIRFLOW_CTX_TRY_NUMBER='16' AIRFLOW_CTX_DAG_RUN_ID='manual__2025-04-04T03:39:34.947255+00:00'
[2025-04-04T04:35:18.632+0000] {base.py:83} INFO - Using connection ID 'spark_default' for task execution.
[2025-04-04T04:35:18.633+0000] {spark_submit.py:473} INFO - Spark-Submit cmd: spark-submit --master spark://spark-master:7077 --conf spark.master=spark://spark-master:7077 --conf spark.hadoop.fs.s3a.impl=org.apache.hadoop.fs.s3a.S3AFileSystem --jars /opt/spark-extra-jars/hadoop-aws-3.3.6.jar,/opt/spark-extra-jars/aws-java-sdk-bundle-1.12.696.jar --name arrow-spark --verbose --queue root.default --deploy-mode client /opt/spark-app/clean_yellow_tripdata.py
[2025-04-04T04:35:19.911+0000] {spark_submit.py:649} INFO - Using properties file: null
[2025-04-04T04:35:19.997+0000] {spark_submit.py:649} INFO - Parsed arguments:
[2025-04-04T04:35:19.998+0000] {spark_submit.py:649} INFO - master                  spark://spark-master:7077
[2025-04-04T04:35:19.999+0000] {spark_submit.py:649} INFO - remote                  null
[2025-04-04T04:35:20.000+0000] {spark_submit.py:649} INFO - deployMode              client
[2025-04-04T04:35:20.000+0000] {spark_submit.py:649} INFO - executorMemory          null
[2025-04-04T04:35:20.001+0000] {spark_submit.py:649} INFO - executorCores           null
[2025-04-04T04:35:20.001+0000] {spark_submit.py:649} INFO - totalExecutorCores      null
[2025-04-04T04:35:20.002+0000] {spark_submit.py:649} INFO - propertiesFile          null
[2025-04-04T04:35:20.003+0000] {spark_submit.py:649} INFO - driverMemory            null
[2025-04-04T04:35:20.003+0000] {spark_submit.py:649} INFO - driverCores             null
[2025-04-04T04:35:20.004+0000] {spark_submit.py:649} INFO - driverExtraClassPath    null
[2025-04-04T04:35:20.005+0000] {spark_submit.py:649} INFO - driverExtraLibraryPath  null
[2025-04-04T04:35:20.005+0000] {spark_submit.py:649} INFO - driverExtraJavaOptions  null
[2025-04-04T04:35:20.006+0000] {spark_submit.py:649} INFO - supervise               false
[2025-04-04T04:35:20.007+0000] {spark_submit.py:649} INFO - queue                   root.default
[2025-04-04T04:35:20.007+0000] {spark_submit.py:649} INFO - numExecutors            null
[2025-04-04T04:35:20.008+0000] {spark_submit.py:649} INFO - files                   null
[2025-04-04T04:35:20.009+0000] {spark_submit.py:649} INFO - pyFiles                 null
[2025-04-04T04:35:20.010+0000] {spark_submit.py:649} INFO - archives                null
[2025-04-04T04:35:20.011+0000] {spark_submit.py:649} INFO - mainClass               null
[2025-04-04T04:35:20.013+0000] {spark_submit.py:649} INFO - primaryResource         file:/opt/spark-app/clean_yellow_tripdata.py
[2025-04-04T04:35:20.015+0000] {spark_submit.py:649} INFO - name                    arrow-spark
[2025-04-04T04:35:20.016+0000] {spark_submit.py:649} INFO - childArgs               []
[2025-04-04T04:35:20.017+0000] {spark_submit.py:649} INFO - jars                    file:/opt/spark-extra-jars/hadoop-aws-3.3.6.jar,file:/opt/spark-extra-jars/aws-java-sdk-bundle-1.12.696.jar
[2025-04-04T04:35:20.018+0000] {spark_submit.py:649} INFO - packages                null
[2025-04-04T04:35:20.018+0000] {spark_submit.py:649} INFO - packagesExclusions      null
[2025-04-04T04:35:20.019+0000] {spark_submit.py:649} INFO - repositories            null
[2025-04-04T04:35:20.019+0000] {spark_submit.py:649} INFO - verbose                 true
[2025-04-04T04:35:20.020+0000] {spark_submit.py:649} INFO - 
[2025-04-04T04:35:20.021+0000] {spark_submit.py:649} INFO - Spark properties used, including those specified through
[2025-04-04T04:35:20.022+0000] {spark_submit.py:649} INFO - --conf and those from the properties file null:
[2025-04-04T04:35:20.023+0000] {spark_submit.py:649} INFO - (spark.hadoop.fs.s3a.impl,org.apache.hadoop.fs.s3a.S3AFileSystem)
[2025-04-04T04:35:20.024+0000] {spark_submit.py:649} INFO - (spark.master,spark://spark-master:7077)
[2025-04-04T04:35:20.025+0000] {spark_submit.py:649} INFO - 
[2025-04-04T04:35:20.026+0000] {spark_submit.py:649} INFO - 
[2025-04-04T04:35:20.312+0000] {spark_submit.py:649} INFO - 25/04/04 04:35:20 WARN NativeCodeLoader: Unable to load native-hadoop library for your platform... using builtin-java classes where applicable
[2025-04-04T04:35:20.508+0000] {spark_submit.py:649} INFO - Main class:
[2025-04-04T04:35:20.509+0000] {spark_submit.py:649} INFO - org.apache.spark.deploy.PythonRunner
[2025-04-04T04:35:20.509+0000] {spark_submit.py:649} INFO - Arguments:
[2025-04-04T04:35:20.510+0000] {spark_submit.py:649} INFO - file:/opt/spark-app/clean_yellow_tripdata.py
[2025-04-04T04:35:20.510+0000] {spark_submit.py:649} INFO - null
[2025-04-04T04:35:20.511+0000] {spark_submit.py:649} INFO - Spark config:
[2025-04-04T04:35:20.511+0000] {spark_submit.py:649} INFO - (spark.app.name,arrow-spark)
[2025-04-04T04:35:20.512+0000] {spark_submit.py:649} INFO - (spark.app.submitTime,1743741320489)
[2025-04-04T04:35:20.512+0000] {spark_submit.py:649} INFO - (spark.hadoop.fs.s3a.impl,org.apache.hadoop.fs.s3a.S3AFileSystem)
[2025-04-04T04:35:20.513+0000] {spark_submit.py:649} INFO - (spark.jars,file:///opt/spark-extra-jars/hadoop-aws-3.3.6.jar,file:///opt/spark-extra-jars/aws-java-sdk-bundle-1.12.696.jar)
[2025-04-04T04:35:20.513+0000] {spark_submit.py:649} INFO - (spark.master,spark://spark-master:7077)
[2025-04-04T04:35:20.514+0000] {spark_submit.py:649} INFO - (spark.repl.local.jars,file:///opt/spark-extra-jars/hadoop-aws-3.3.6.jar,file:///opt/spark-extra-jars/aws-java-sdk-bundle-1.12.696.jar)
[2025-04-04T04:35:20.514+0000] {spark_submit.py:649} INFO - (spark.submit.deployMode,client)
[2025-04-04T04:35:20.514+0000] {spark_submit.py:649} INFO - (spark.submit.pyFiles,)
[2025-04-04T04:35:20.515+0000] {spark_submit.py:649} INFO - Classpath elements:
[2025-04-04T04:35:20.515+0000] {spark_submit.py:649} INFO - file:///opt/spark-extra-jars/hadoop-aws-3.3.6.jar
[2025-04-04T04:35:20.516+0000] {spark_submit.py:649} INFO - file:///opt/spark-extra-jars/aws-java-sdk-bundle-1.12.696.jar
[2025-04-04T04:35:20.516+0000] {spark_submit.py:649} INFO - 
[2025-04-04T04:35:20.517+0000] {spark_submit.py:649} INFO - 
[2025-04-04T04:35:22.075+0000] {spark_submit.py:649} INFO - 25/04/04 04:35:22 INFO SparkContext: Running Spark version 3.5.0
[2025-04-04T04:35:22.076+0000] {spark_submit.py:649} INFO - 25/04/04 04:35:22 INFO SparkContext: OS info Linux, 5.15.167.4-microsoft-standard-WSL2, amd64
[2025-04-04T04:35:22.076+0000] {spark_submit.py:649} INFO - 25/04/04 04:35:22 INFO SparkContext: Java version 17.0.14
[2025-04-04T04:35:22.098+0000] {spark_submit.py:649} INFO - 25/04/04 04:35:22 INFO ResourceUtils: ==============================================================
[2025-04-04T04:35:22.099+0000] {spark_submit.py:649} INFO - 25/04/04 04:35:22 INFO ResourceUtils: No custom resources configured for spark.driver.
[2025-04-04T04:35:22.100+0000] {spark_submit.py:649} INFO - 25/04/04 04:35:22 INFO ResourceUtils: ==============================================================
[2025-04-04T04:35:22.100+0000] {spark_submit.py:649} INFO - 25/04/04 04:35:22 INFO SparkContext: Submitted application: CleanYellowData
[2025-04-04T04:35:22.115+0000] {spark_submit.py:649} INFO - 25/04/04 04:35:22 INFO ResourceProfile: Default ResourceProfile created, executor resources: Map(memory -> name: memory, amount: 1024, script: , vendor: , offHeap -> name: offHeap, amount: 0, script: , vendor: ), task resources: Map(cpus -> name: cpus, amount: 1.0)
[2025-04-04T04:35:22.122+0000] {spark_submit.py:649} INFO - 25/04/04 04:35:22 INFO ResourceProfile: Limiting resource is cpu
[2025-04-04T04:35:22.123+0000] {spark_submit.py:649} INFO - 25/04/04 04:35:22 INFO ResourceProfileManager: Added ResourceProfile id: 0
[2025-04-04T04:35:22.172+0000] {spark_submit.py:649} INFO - 25/04/04 04:35:22 INFO SecurityManager: Changing view acls to: airflow
[2025-04-04T04:35:22.174+0000] {spark_submit.py:649} INFO - 25/04/04 04:35:22 INFO SecurityManager: Changing modify acls to: airflow
[2025-04-04T04:35:22.175+0000] {spark_submit.py:649} INFO - 25/04/04 04:35:22 INFO SecurityManager: Changing view acls groups to:
[2025-04-04T04:35:22.175+0000] {spark_submit.py:649} INFO - 25/04/04 04:35:22 INFO SecurityManager: Changing modify acls groups to:
[2025-04-04T04:35:22.176+0000] {spark_submit.py:649} INFO - 25/04/04 04:35:22 INFO SecurityManager: SecurityManager: authentication disabled; ui acls disabled; users with view permissions: airflow; groups with view permissions: EMPTY; users with modify permissions: airflow; groups with modify permissions: EMPTY
[2025-04-04T04:35:22.432+0000] {spark_submit.py:649} INFO - 25/04/04 04:35:22 INFO Utils: Successfully started service 'sparkDriver' on port 42615.
[2025-04-04T04:35:22.465+0000] {spark_submit.py:649} INFO - 25/04/04 04:35:22 INFO SparkEnv: Registering MapOutputTracker
[2025-04-04T04:35:22.502+0000] {spark_submit.py:649} INFO - 25/04/04 04:35:22 INFO SparkEnv: Registering BlockManagerMaster
[2025-04-04T04:35:22.516+0000] {spark_submit.py:649} INFO - 25/04/04 04:35:22 INFO BlockManagerMasterEndpoint: Using org.apache.spark.storage.DefaultTopologyMapper for getting topology information
[2025-04-04T04:35:22.518+0000] {spark_submit.py:649} INFO - 25/04/04 04:35:22 INFO BlockManagerMasterEndpoint: BlockManagerMasterEndpoint up
[2025-04-04T04:35:22.524+0000] {spark_submit.py:649} INFO - 25/04/04 04:35:22 INFO SparkEnv: Registering BlockManagerMasterHeartbeat
[2025-04-04T04:35:22.542+0000] {spark_submit.py:649} INFO - 25/04/04 04:35:22 INFO DiskBlockManager: Created local directory at /tmp/blockmgr-c48114ba-1292-4d69-a8e0-770f4f97f55f
[2025-04-04T04:35:22.553+0000] {spark_submit.py:649} INFO - 25/04/04 04:35:22 INFO MemoryStore: MemoryStore started with capacity 434.4 MiB
[2025-04-04T04:35:22.578+0000] {spark_submit.py:649} INFO - 25/04/04 04:35:22 INFO SparkEnv: Registering OutputCommitCoordinator
[2025-04-04T04:35:22.679+0000] {spark_submit.py:649} INFO - 25/04/04 04:35:22 INFO JettyUtils: Start Jetty 0.0.0.0:4040 for SparkUI
[2025-04-04T04:35:22.746+0000] {spark_submit.py:649} INFO - 25/04/04 04:35:22 INFO Utils: Successfully started service 'SparkUI' on port 4040.
[2025-04-04T04:35:22.805+0000] {spark_submit.py:649} INFO - 25/04/04 04:35:22 INFO SparkContext: Added JAR file:///opt/spark-extra-jars/hadoop-aws-3.3.6.jar at spark://a9e9654e9b9a:42615/jars/hadoop-aws-3.3.6.jar with timestamp 1743741322067
[2025-04-04T04:35:22.806+0000] {spark_submit.py:649} INFO - 25/04/04 04:35:22 INFO SparkContext: Added JAR file:///opt/spark-extra-jars/aws-java-sdk-bundle-1.12.696.jar at spark://a9e9654e9b9a:42615/jars/aws-java-sdk-bundle-1.12.696.jar with timestamp 1743741322067
[2025-04-04T04:35:22.888+0000] {spark_submit.py:649} INFO - 25/04/04 04:35:22 INFO StandaloneAppClient$ClientEndpoint: Connecting to master spark://spark-master:7077...
[2025-04-04T04:35:22.938+0000] {spark_submit.py:649} INFO - 25/04/04 04:35:22 INFO TransportClientFactory: Successfully created connection to spark-master/172.24.0.4:7077 after 30 ms (0 ms spent in bootstraps)
[2025-04-04T04:35:23.012+0000] {spark_submit.py:649} INFO - 25/04/04 04:35:23 INFO StandaloneSchedulerBackend: Connected to Spark cluster with app ID app-20250404043523-0001
[2025-04-04T04:35:23.015+0000] {spark_submit.py:649} INFO - 25/04/04 04:35:23 INFO StandaloneAppClient$ClientEndpoint: Executor added: app-20250404043523-0001/0 on worker-20250404043115-172.24.0.6-42861 (172.24.0.6:42861) with 2 core(s)
[2025-04-04T04:35:23.017+0000] {spark_submit.py:649} INFO - 25/04/04 04:35:23 INFO StandaloneSchedulerBackend: Granted executor ID app-20250404043523-0001/0 on hostPort 172.24.0.6:42861 with 2 core(s), 1024.0 MiB RAM
[2025-04-04T04:35:23.023+0000] {spark_submit.py:649} INFO - 25/04/04 04:35:23 INFO Utils: Successfully started service 'org.apache.spark.network.netty.NettyBlockTransferService' on port 42297.
[2025-04-04T04:35:23.024+0000] {spark_submit.py:649} INFO - 25/04/04 04:35:23 INFO NettyBlockTransferService: Server created on a9e9654e9b9a:42297
[2025-04-04T04:35:23.025+0000] {spark_submit.py:649} INFO - 25/04/04 04:35:23 INFO BlockManager: Using org.apache.spark.storage.RandomBlockReplicationPolicy for block replication policy
[2025-04-04T04:35:23.029+0000] {spark_submit.py:649} INFO - 25/04/04 04:35:23 INFO BlockManagerMaster: Registering BlockManager BlockManagerId(driver, a9e9654e9b9a, 42297, None)
[2025-04-04T04:35:23.033+0000] {spark_submit.py:649} INFO - 25/04/04 04:35:23 INFO BlockManagerMasterEndpoint: Registering block manager a9e9654e9b9a:42297 with 434.4 MiB RAM, BlockManagerId(driver, a9e9654e9b9a, 42297, None)
[2025-04-04T04:35:23.036+0000] {spark_submit.py:649} INFO - 25/04/04 04:35:23 INFO BlockManagerMaster: Registered BlockManager BlockManagerId(driver, a9e9654e9b9a, 42297, None)
[2025-04-04T04:35:23.037+0000] {spark_submit.py:649} INFO - 25/04/04 04:35:23 INFO BlockManager: Initialized BlockManager: BlockManagerId(driver, a9e9654e9b9a, 42297, None)
[2025-04-04T04:35:23.059+0000] {spark_submit.py:649} INFO - 25/04/04 04:35:23 INFO StandaloneAppClient$ClientEndpoint: Executor updated: app-20250404043523-0001/0 is now RUNNING
[2025-04-04T04:35:23.285+0000] {spark_submit.py:649} INFO - 25/04/04 04:35:23 INFO StandaloneSchedulerBackend: SchedulerBackend is ready for scheduling beginning after reached minRegisteredResourcesRatio: 0.0
[2025-04-04T04:35:23.503+0000] {spark_submit.py:649} INFO - ✅ Spark session received from DAG
[2025-04-04T04:35:23.504+0000] {spark_submit.py:649} INFO - 📥 Reading raw data...
[2025-04-04T04:35:23.509+0000] {spark_submit.py:649} INFO - 25/04/04 04:35:23 INFO SharedState: Setting hive.metastore.warehouse.dir ('null') to the value of spark.sql.warehouse.dir.
[2025-04-04T04:35:23.511+0000] {spark_submit.py:649} INFO - 25/04/04 04:35:23 INFO SharedState: Warehouse path is 'file:/opt/airflow/spark-warehouse'.
[2025-04-04T04:35:24.580+0000] {spark_submit.py:649} INFO - Traceback (most recent call last):
[2025-04-04T04:35:24.580+0000] {spark_submit.py:649} INFO - File "/opt/spark-app/clean_yellow_tripdata.py", line 9, in <module>
[2025-04-04T04:35:24.585+0000] {spark_submit.py:649} INFO - clean_yellow_tripdata(spark)
[2025-04-04T04:35:24.586+0000] {spark_submit.py:649} INFO - File "/opt/pipeline/transform/clean_yellow_tripdata.py", line 9, in clean_yellow_tripdata
[2025-04-04T04:35:24.596+0000] {spark_submit.py:649} INFO - df = spark.read.parquet(raw_path)
[2025-04-04T04:35:24.597+0000] {spark_submit.py:649} INFO - File "/opt/spark/python/lib/pyspark.zip/pyspark/sql/readwriter.py", line 544, in parquet
[2025-04-04T04:35:24.598+0000] {spark_submit.py:649} INFO - File "/opt/spark/python/lib/py4j-0.10.9.7-src.zip/py4j/java_gateway.py", line 1322, in __call__
[2025-04-04T04:35:24.599+0000] {spark_submit.py:649} INFO - File "/opt/spark/python/lib/pyspark.zip/pyspark/errors/exceptions/captured.py", line 179, in deco
[2025-04-04T04:35:24.600+0000] {spark_submit.py:649} INFO - File "/opt/spark/python/lib/py4j-0.10.9.7-src.zip/py4j/protocol.py", line 326, in get_return_value
[2025-04-04T04:35:24.602+0000] {spark_submit.py:649} INFO - py4j.protocol.Py4JJavaError: An error occurred while calling o27.parquet.
[2025-04-04T04:35:24.603+0000] {spark_submit.py:649} INFO - : java.lang.NoClassDefFoundError: org/apache/hadoop/fs/impl/prefetch/PrefetchingStatistics
[2025-04-04T04:35:24.604+0000] {spark_submit.py:649} INFO - at java.base/java.lang.ClassLoader.defineClass1(Native Method)
[2025-04-04T04:35:24.605+0000] {spark_submit.py:649} INFO - at java.base/java.lang.ClassLoader.defineClass(ClassLoader.java:1017)
[2025-04-04T04:35:24.605+0000] {spark_submit.py:649} INFO - at java.base/java.security.SecureClassLoader.defineClass(SecureClassLoader.java:150)
[2025-04-04T04:35:24.606+0000] {spark_submit.py:649} INFO - at java.base/java.net.URLClassLoader.defineClass(URLClassLoader.java:524)
[2025-04-04T04:35:24.606+0000] {spark_submit.py:649} INFO - at java.base/java.net.URLClassLoader$1.run(URLClassLoader.java:427)
[2025-04-04T04:35:24.607+0000] {spark_submit.py:649} INFO - at java.base/java.net.URLClassLoader$1.run(URLClassLoader.java:421)
[2025-04-04T04:35:24.608+0000] {spark_submit.py:649} INFO - at java.base/java.security.AccessController.doPrivileged(AccessController.java:712)
[2025-04-04T04:35:24.609+0000] {spark_submit.py:649} INFO - at java.base/java.net.URLClassLoader.findClass(URLClassLoader.java:420)
[2025-04-04T04:35:24.609+0000] {spark_submit.py:649} INFO - at java.base/java.lang.ClassLoader.loadClass(ClassLoader.java:592)
[2025-04-04T04:35:24.610+0000] {spark_submit.py:649} INFO - at java.base/java.lang.ClassLoader.loadClass(ClassLoader.java:525)
[2025-04-04T04:35:24.611+0000] {spark_submit.py:649} INFO - at org.apache.hadoop.fs.s3a.S3AFileSystem.initialize(S3AFileSystem.java:519)
[2025-04-04T04:35:24.611+0000] {spark_submit.py:649} INFO - at org.apache.hadoop.fs.FileSystem.createFileSystem(FileSystem.java:3469)
[2025-04-04T04:35:24.612+0000] {spark_submit.py:649} INFO - at org.apache.hadoop.fs.FileSystem.access$300(FileSystem.java:174)
[2025-04-04T04:35:24.613+0000] {spark_submit.py:649} INFO - at org.apache.hadoop.fs.FileSystem$Cache.getInternal(FileSystem.java:3574)
[2025-04-04T04:35:24.613+0000] {spark_submit.py:649} INFO - at org.apache.hadoop.fs.FileSystem$Cache.get(FileSystem.java:3521)
[2025-04-04T04:35:24.614+0000] {spark_submit.py:649} INFO - at org.apache.hadoop.fs.FileSystem.get(FileSystem.java:540)
[2025-04-04T04:35:24.615+0000] {spark_submit.py:649} INFO - at org.apache.hadoop.fs.Path.getFileSystem(Path.java:365)
[2025-04-04T04:35:24.616+0000] {spark_submit.py:649} INFO - at org.apache.spark.sql.execution.streaming.FileStreamSink$.hasMetadata(FileStreamSink.scala:53)
[2025-04-04T04:35:24.616+0000] {spark_submit.py:649} INFO - at org.apache.spark.sql.execution.datasources.DataSource.resolveRelation(DataSource.scala:366)
[2025-04-04T04:35:24.617+0000] {spark_submit.py:649} INFO - at org.apache.spark.sql.DataFrameReader.loadV1Source(DataFrameReader.scala:229)
[2025-04-04T04:35:24.618+0000] {spark_submit.py:649} INFO - at org.apache.spark.sql.DataFrameReader.$anonfun$load$2(DataFrameReader.scala:211)
[2025-04-04T04:35:24.618+0000] {spark_submit.py:649} INFO - at scala.Option.getOrElse(Option.scala:189)
[2025-04-04T04:35:24.619+0000] {spark_submit.py:649} INFO - at org.apache.spark.sql.DataFrameReader.load(DataFrameReader.scala:211)
[2025-04-04T04:35:24.620+0000] {spark_submit.py:649} INFO - at org.apache.spark.sql.DataFrameReader.parquet(DataFrameReader.scala:563)
[2025-04-04T04:35:24.620+0000] {spark_submit.py:649} INFO - at java.base/jdk.internal.reflect.NativeMethodAccessorImpl.invoke0(Native Method)
[2025-04-04T04:35:24.621+0000] {spark_submit.py:649} INFO - at java.base/jdk.internal.reflect.NativeMethodAccessorImpl.invoke(NativeMethodAccessorImpl.java:77)
[2025-04-04T04:35:24.622+0000] {spark_submit.py:649} INFO - at java.base/jdk.internal.reflect.DelegatingMethodAccessorImpl.invoke(DelegatingMethodAccessorImpl.java:43)
[2025-04-04T04:35:24.622+0000] {spark_submit.py:649} INFO - at java.base/java.lang.reflect.Method.invoke(Method.java:569)
[2025-04-04T04:35:24.623+0000] {spark_submit.py:649} INFO - at py4j.reflection.MethodInvoker.invoke(MethodInvoker.java:244)
[2025-04-04T04:35:24.624+0000] {spark_submit.py:649} INFO - at py4j.reflection.ReflectionEngine.invoke(ReflectionEngine.java:374)
[2025-04-04T04:35:24.624+0000] {spark_submit.py:649} INFO - at py4j.Gateway.invoke(Gateway.java:282)
[2025-04-04T04:35:24.625+0000] {spark_submit.py:649} INFO - at py4j.commands.AbstractCommand.invokeMethod(AbstractCommand.java:132)
[2025-04-04T04:35:24.626+0000] {spark_submit.py:649} INFO - at py4j.commands.CallCommand.execute(CallCommand.java:79)
[2025-04-04T04:35:24.626+0000] {spark_submit.py:649} INFO - at py4j.ClientServerConnection.waitForCommands(ClientServerConnection.java:182)
[2025-04-04T04:35:24.627+0000] {spark_submit.py:649} INFO - at py4j.ClientServerConnection.run(ClientServerConnection.java:106)
[2025-04-04T04:35:24.628+0000] {spark_submit.py:649} INFO - at java.base/java.lang.Thread.run(Thread.java:840)
[2025-04-04T04:35:24.628+0000] {spark_submit.py:649} INFO - Caused by: java.lang.ClassNotFoundException: org.apache.hadoop.fs.impl.prefetch.PrefetchingStatistics
[2025-04-04T04:35:24.629+0000] {spark_submit.py:649} INFO - at java.base/java.net.URLClassLoader.findClass(URLClassLoader.java:445)
[2025-04-04T04:35:24.630+0000] {spark_submit.py:649} INFO - at java.base/java.lang.ClassLoader.loadClass(ClassLoader.java:592)
[2025-04-04T04:35:24.631+0000] {spark_submit.py:649} INFO - at java.base/java.lang.ClassLoader.loadClass(ClassLoader.java:525)
[2025-04-04T04:35:24.631+0000] {spark_submit.py:649} INFO - ... 36 more
[2025-04-04T04:35:24.632+0000] {spark_submit.py:649} INFO - 
[2025-04-04T04:35:24.671+0000] {spark_submit.py:649} INFO - 25/04/04 04:35:24 INFO SparkContext: Invoking stop() from shutdown hook
[2025-04-04T04:35:24.672+0000] {spark_submit.py:649} INFO - 25/04/04 04:35:24 INFO SparkContext: SparkContext is stopping with exitCode 0.
[2025-04-04T04:35:24.697+0000] {spark_submit.py:649} INFO - 25/04/04 04:35:24 INFO SparkUI: Stopped Spark web UI at http://a9e9654e9b9a:4040
[2025-04-04T04:35:24.704+0000] {spark_submit.py:649} INFO - 25/04/04 04:35:24 INFO StandaloneSchedulerBackend: Shutting down all executors
[2025-04-04T04:35:24.709+0000] {spark_submit.py:649} INFO - 25/04/04 04:35:24 INFO StandaloneSchedulerBackend$StandaloneDriverEndpoint: Asking each executor to shut down
[2025-04-04T04:35:24.730+0000] {spark_submit.py:649} INFO - 25/04/04 04:35:24 INFO MapOutputTrackerMasterEndpoint: MapOutputTrackerMasterEndpoint stopped!
[2025-04-04T04:35:24.745+0000] {spark_submit.py:649} INFO - 25/04/04 04:35:24 INFO MemoryStore: MemoryStore cleared
[2025-04-04T04:35:24.746+0000] {spark_submit.py:649} INFO - 25/04/04 04:35:24 INFO BlockManager: BlockManager stopped
[2025-04-04T04:35:24.753+0000] {spark_submit.py:649} INFO - 25/04/04 04:35:24 INFO BlockManagerMaster: BlockManagerMaster stopped
[2025-04-04T04:35:24.755+0000] {spark_submit.py:649} INFO - 25/04/04 04:35:24 INFO OutputCommitCoordinator$OutputCommitCoordinatorEndpoint: OutputCommitCoordinator stopped!
[2025-04-04T04:35:24.765+0000] {spark_submit.py:649} INFO - 25/04/04 04:35:24 INFO SparkContext: Successfully stopped SparkContext
[2025-04-04T04:35:24.766+0000] {spark_submit.py:649} INFO - 25/04/04 04:35:24 INFO ShutdownHookManager: Shutdown hook called
[2025-04-04T04:35:24.767+0000] {spark_submit.py:649} INFO - 25/04/04 04:35:24 INFO ShutdownHookManager: Deleting directory /tmp/spark-a9198876-1315-4939-95ca-44e74ecbeeb5/pyspark-e9b1c2f5-310b-4cca-8aac-3dba5d9931fa
[2025-04-04T04:35:24.772+0000] {spark_submit.py:649} INFO - 25/04/04 04:35:24 INFO ShutdownHookManager: Deleting directory /tmp/spark-318006af-a372-4c7a-9d6a-f9147047140e
[2025-04-04T04:35:24.776+0000] {spark_submit.py:649} INFO - 25/04/04 04:35:24 INFO ShutdownHookManager: Deleting directory /tmp/spark-a9198876-1315-4939-95ca-44e74ecbeeb5
[2025-04-04T04:35:24.824+0000] {taskinstance.py:2698} ERROR - Task failed with exception
Traceback (most recent call last):
  File "/home/airflow/.local/lib/python3.8/site-packages/airflow/models/taskinstance.py", line 433, in _execute_task
    result = execute_callable(context=context, **execute_callable_kwargs)
  File "/home/airflow/.local/lib/python3.8/site-packages/airflow/providers/apache/spark/operators/spark_submit.py", line 176, in execute
    self._hook.submit(self.application)
  File "/home/airflow/.local/lib/python3.8/site-packages/airflow/providers/apache/spark/hooks/spark_submit.py", line 575, in submit
    raise AirflowException(
airflow.exceptions.AirflowException: Cannot execute: spark-submit --master spark://spark-master:7077 --conf spark.master=spark://spark-master:7077 --conf spark.hadoop.fs.s3a.impl=org.apache.hadoop.fs.s3a.S3AFileSystem --jars /opt/spark-extra-jars/hadoop-aws-3.3.6.jar,/opt/spark-extra-jars/aws-java-sdk-bundle-1.12.696.jar --name arrow-spark --verbose --queue root.default --deploy-mode client /opt/spark-app/clean_yellow_tripdata.py. Error code is: 1.
[2025-04-04T04:35:24.831+0000] {taskinstance.py:1138} INFO - Marking task as UP_FOR_RETRY. dag_id=full_pipeline_dag, task_id=clean_data_spark, execution_date=20250404T033934, start_date=20250404T043518, end_date=20250404T043524
[2025-04-04T04:35:25.025+0000] {standard_task_runner.py:107} ERROR - Failed to execute job 255 for task clean_data_spark (Cannot execute: spark-submit --master spark://spark-master:7077 --conf spark.master=spark://spark-master:7077 --conf spark.hadoop.fs.s3a.impl=org.apache.hadoop.fs.s3a.S3AFileSystem --jars /opt/spark-extra-jars/hadoop-aws-3.3.6.jar,/opt/spark-extra-jars/aws-java-sdk-bundle-1.12.696.jar --name arrow-spark --verbose --queue root.default --deploy-mode client /opt/spark-app/clean_yellow_tripdata.py. Error code is: 1.; 430)
[2025-04-04T04:35:25.047+0000] {local_task_job_runner.py:234} INFO - Task exited with return code 1
[2025-04-04T04:35:25.092+0000] {taskinstance.py:3280} INFO - 0 downstream tasks scheduled from follow-on schedule check
