[2025-04-04T04:21:45.695+0000] {taskinstance.py:1956} INFO - Dependencies all met for dep_context=non-requeueable deps ti=<TaskInstance: full_pipeline_dag.clean_data_spark manual__2025-04-04T03:39:34.947255+00:00 [queued]>
[2025-04-04T04:21:45.722+0000] {taskinstance.py:1956} INFO - Dependencies all met for dep_context=requeueable deps ti=<TaskInstance: full_pipeline_dag.clean_data_spark manual__2025-04-04T03:39:34.947255+00:00 [queued]>
[2025-04-04T04:21:45.722+0000] {taskinstance.py:2170} INFO - Starting attempt 10 of 12
[2025-04-04T04:21:45.772+0000] {taskinstance.py:2191} INFO - Executing <Task(SparkSubmitOperator): clean_data_spark> on 2025-04-04 03:39:34.947255+00:00
[2025-04-04T04:21:45.777+0000] {standard_task_runner.py:60} INFO - Started process 748 to run task
[2025-04-04T04:21:45.779+0000] {standard_task_runner.py:87} INFO - Running: ['airflow', 'tasks', 'run', 'full_pipeline_dag', 'clean_data_spark', 'manual__2025-04-04T03:39:34.947255+00:00', '--job-id', '248', '--raw', '--subdir', 'DAGS_FOLDER/full_pipeline_dag.py', '--cfg-path', '/tmp/tmpghhnw2ae']
[2025-04-04T04:21:45.781+0000] {standard_task_runner.py:88} INFO - Job 248: Subtask clean_data_spark
[2025-04-04T04:21:45.844+0000] {logging_mixin.py:188} WARNING - /home/airflow/.local/lib/python3.8/site-packages/airflow/settings.py:194 DeprecationWarning: The sql_alchemy_conn option in [core] has been moved to the sql_alchemy_conn option in [database] - the old setting has been used, but please update your config.
[2025-04-04T04:21:45.935+0000] {task_command.py:423} INFO - Running <TaskInstance: full_pipeline_dag.clean_data_spark manual__2025-04-04T03:39:34.947255+00:00 [running]> on host c82aa68c3e2c
[2025-04-04T04:21:46.120+0000] {taskinstance.py:2480} INFO - Exporting env vars: AIRFLOW_CTX_DAG_OWNER='airflow' AIRFLOW_CTX_DAG_ID='full_pipeline_dag' AIRFLOW_CTX_TASK_ID='clean_data_spark' AIRFLOW_CTX_EXECUTION_DATE='2025-04-04T03:39:34.947255+00:00' AIRFLOW_CTX_TRY_NUMBER='10' AIRFLOW_CTX_DAG_RUN_ID='manual__2025-04-04T03:39:34.947255+00:00'
[2025-04-04T04:21:46.135+0000] {base.py:83} INFO - Using connection ID 'spark_default' for task execution.
[2025-04-04T04:21:46.137+0000] {spark_submit.py:473} INFO - Spark-Submit cmd: spark-submit --master spark://spark-master:7077 --conf spark.master=spark://spark-master:7077 --conf spark.hadoop.fs.s3a.impl=org.apache.hadoop.fs.s3a.S3AFileSystem --conf spark.driver.extraClassPath=/opt/spark-extra-jars/* --conf spark.executor.extraClassPath=/opt/spark-extra-jars/* --jars /opt/spark-extra-jars/hadoop-aws-3.3.6.jar,/opt/spark-extra-jars/aws-java-sdk-bundle-1.12.696.jar --name arrow-spark --verbose --queue root.default --deploy-mode client /opt/spark-app/clean_yellow_tripdata.py
[2025-04-04T04:21:47.996+0000] {spark_submit.py:649} INFO - Using properties file: null
[2025-04-04T04:21:48.095+0000] {spark_submit.py:649} INFO - Parsed arguments:
[2025-04-04T04:21:48.096+0000] {spark_submit.py:649} INFO - master                  spark://spark-master:7077
[2025-04-04T04:21:48.097+0000] {spark_submit.py:649} INFO - remote                  null
[2025-04-04T04:21:48.098+0000] {spark_submit.py:649} INFO - deployMode              client
[2025-04-04T04:21:48.098+0000] {spark_submit.py:649} INFO - executorMemory          null
[2025-04-04T04:21:48.099+0000] {spark_submit.py:649} INFO - executorCores           null
[2025-04-04T04:21:48.101+0000] {spark_submit.py:649} INFO - totalExecutorCores      null
[2025-04-04T04:21:48.101+0000] {spark_submit.py:649} INFO - propertiesFile          null
[2025-04-04T04:21:48.102+0000] {spark_submit.py:649} INFO - driverMemory            null
[2025-04-04T04:21:48.103+0000] {spark_submit.py:649} INFO - driverCores             null
[2025-04-04T04:21:48.103+0000] {spark_submit.py:649} INFO - driverExtraClassPath    /opt/spark-extra-jars/*
[2025-04-04T04:21:48.104+0000] {spark_submit.py:649} INFO - driverExtraLibraryPath  null
[2025-04-04T04:21:48.105+0000] {spark_submit.py:649} INFO - driverExtraJavaOptions  null
[2025-04-04T04:21:48.106+0000] {spark_submit.py:649} INFO - supervise               false
[2025-04-04T04:21:48.107+0000] {spark_submit.py:649} INFO - queue                   root.default
[2025-04-04T04:21:48.108+0000] {spark_submit.py:649} INFO - numExecutors            null
[2025-04-04T04:21:48.108+0000] {spark_submit.py:649} INFO - files                   null
[2025-04-04T04:21:48.109+0000] {spark_submit.py:649} INFO - pyFiles                 null
[2025-04-04T04:21:48.110+0000] {spark_submit.py:649} INFO - archives                null
[2025-04-04T04:21:48.111+0000] {spark_submit.py:649} INFO - mainClass               null
[2025-04-04T04:21:48.111+0000] {spark_submit.py:649} INFO - primaryResource         file:/opt/spark-app/clean_yellow_tripdata.py
[2025-04-04T04:21:48.112+0000] {spark_submit.py:649} INFO - name                    arrow-spark
[2025-04-04T04:21:48.113+0000] {spark_submit.py:649} INFO - childArgs               []
[2025-04-04T04:21:48.114+0000] {spark_submit.py:649} INFO - jars                    file:/opt/spark-extra-jars/hadoop-aws-3.3.6.jar,file:/opt/spark-extra-jars/aws-java-sdk-bundle-1.12.696.jar
[2025-04-04T04:21:48.114+0000] {spark_submit.py:649} INFO - packages                null
[2025-04-04T04:21:48.115+0000] {spark_submit.py:649} INFO - packagesExclusions      null
[2025-04-04T04:21:48.116+0000] {spark_submit.py:649} INFO - repositories            null
[2025-04-04T04:21:48.116+0000] {spark_submit.py:649} INFO - verbose                 true
[2025-04-04T04:21:48.117+0000] {spark_submit.py:649} INFO - 
[2025-04-04T04:21:48.118+0000] {spark_submit.py:649} INFO - Spark properties used, including those specified through
[2025-04-04T04:21:48.119+0000] {spark_submit.py:649} INFO - --conf and those from the properties file null:
[2025-04-04T04:21:48.120+0000] {spark_submit.py:649} INFO - (spark.driver.extraClassPath,/opt/spark-extra-jars/*)
[2025-04-04T04:21:48.120+0000] {spark_submit.py:649} INFO - (spark.executor.extraClassPath,/opt/spark-extra-jars/*)
[2025-04-04T04:21:48.121+0000] {spark_submit.py:649} INFO - (spark.hadoop.fs.s3a.impl,org.apache.hadoop.fs.s3a.S3AFileSystem)
[2025-04-04T04:21:48.122+0000] {spark_submit.py:649} INFO - (spark.master,spark://spark-master:7077)
[2025-04-04T04:21:48.123+0000] {spark_submit.py:649} INFO - 
[2025-04-04T04:21:48.123+0000] {spark_submit.py:649} INFO - 
[2025-04-04T04:21:48.630+0000] {spark_submit.py:649} INFO - 25/04/04 04:21:48 WARN NativeCodeLoader: Unable to load native-hadoop library for your platform... using builtin-java classes where applicable
[2025-04-04T04:21:48.926+0000] {spark_submit.py:649} INFO - Main class:
[2025-04-04T04:21:48.927+0000] {spark_submit.py:649} INFO - org.apache.spark.deploy.PythonRunner
[2025-04-04T04:21:48.928+0000] {spark_submit.py:649} INFO - Arguments:
[2025-04-04T04:21:48.928+0000] {spark_submit.py:649} INFO - file:/opt/spark-app/clean_yellow_tripdata.py
[2025-04-04T04:21:48.929+0000] {spark_submit.py:649} INFO - null
[2025-04-04T04:21:48.929+0000] {spark_submit.py:649} INFO - Spark config:
[2025-04-04T04:21:48.929+0000] {spark_submit.py:649} INFO - (spark.app.name,arrow-spark)
[2025-04-04T04:21:48.930+0000] {spark_submit.py:649} INFO - (spark.app.submitTime,1743740508908)
[2025-04-04T04:21:48.930+0000] {spark_submit.py:649} INFO - (spark.driver.extraClassPath,/opt/spark-extra-jars/*)
[2025-04-04T04:21:48.931+0000] {spark_submit.py:649} INFO - (spark.executor.extraClassPath,/opt/spark-extra-jars/*)
[2025-04-04T04:21:48.931+0000] {spark_submit.py:649} INFO - (spark.hadoop.fs.s3a.impl,org.apache.hadoop.fs.s3a.S3AFileSystem)
[2025-04-04T04:21:48.931+0000] {spark_submit.py:649} INFO - (spark.jars,file:/opt/spark-extra-jars/hadoop-aws-3.3.6.jar,file:/opt/spark-extra-jars/aws-java-sdk-bundle-1.12.696.jar)
[2025-04-04T04:21:48.932+0000] {spark_submit.py:649} INFO - (spark.master,spark://spark-master:7077)
[2025-04-04T04:21:48.932+0000] {spark_submit.py:649} INFO - (spark.repl.local.jars,file:/opt/spark-extra-jars/hadoop-aws-3.3.6.jar,file:/opt/spark-extra-jars/aws-java-sdk-bundle-1.12.696.jar)
[2025-04-04T04:21:48.933+0000] {spark_submit.py:649} INFO - (spark.submit.deployMode,client)
[2025-04-04T04:21:48.933+0000] {spark_submit.py:649} INFO - (spark.submit.pyFiles,)
[2025-04-04T04:21:48.934+0000] {spark_submit.py:649} INFO - Classpath elements:
[2025-04-04T04:21:48.934+0000] {spark_submit.py:649} INFO - file:/opt/spark-extra-jars/hadoop-aws-3.3.6.jar
[2025-04-04T04:21:48.934+0000] {spark_submit.py:649} INFO - file:/opt/spark-extra-jars/aws-java-sdk-bundle-1.12.696.jar
[2025-04-04T04:21:48.935+0000] {spark_submit.py:649} INFO - 
[2025-04-04T04:21:48.935+0000] {spark_submit.py:649} INFO - 
[2025-04-04T04:21:48.935+0000] {spark_submit.py:649} INFO - 25/04/04 04:21:48 WARN DependencyUtils: Local jar /opt/spark-extra-jars/hadoop-aws-3.3.6.jar does not exist, skipping.
[2025-04-04T04:21:48.936+0000] {spark_submit.py:649} INFO - 25/04/04 04:21:48 WARN DependencyUtils: Local jar /opt/spark-extra-jars/aws-java-sdk-bundle-1.12.696.jar does not exist, skipping.
[2025-04-04T04:21:49.816+0000] {spark_submit.py:649} INFO - 25/04/04 04:21:49 INFO SparkContext: Running Spark version 3.5.0
[2025-04-04T04:21:49.817+0000] {spark_submit.py:649} INFO - 25/04/04 04:21:49 INFO SparkContext: OS info Linux, 5.15.167.4-microsoft-standard-WSL2, amd64
[2025-04-04T04:21:49.818+0000] {spark_submit.py:649} INFO - 25/04/04 04:21:49 INFO SparkContext: Java version 17.0.14
[2025-04-04T04:21:49.839+0000] {spark_submit.py:649} INFO - 25/04/04 04:21:49 INFO ResourceUtils: ==============================================================
[2025-04-04T04:21:49.840+0000] {spark_submit.py:649} INFO - 25/04/04 04:21:49 INFO ResourceUtils: No custom resources configured for spark.driver.
[2025-04-04T04:21:49.841+0000] {spark_submit.py:649} INFO - 25/04/04 04:21:49 INFO ResourceUtils: ==============================================================
[2025-04-04T04:21:49.841+0000] {spark_submit.py:649} INFO - 25/04/04 04:21:49 INFO SparkContext: Submitted application: CleanYellowData
[2025-04-04T04:21:49.858+0000] {spark_submit.py:649} INFO - 25/04/04 04:21:49 INFO ResourceProfile: Default ResourceProfile created, executor resources: Map(memory -> name: memory, amount: 1024, script: , vendor: , offHeap -> name: offHeap, amount: 0, script: , vendor: ), task resources: Map(cpus -> name: cpus, amount: 1.0)
[2025-04-04T04:21:49.865+0000] {spark_submit.py:649} INFO - 25/04/04 04:21:49 INFO ResourceProfile: Limiting resource is cpu
[2025-04-04T04:21:49.866+0000] {spark_submit.py:649} INFO - 25/04/04 04:21:49 INFO ResourceProfileManager: Added ResourceProfile id: 0
[2025-04-04T04:21:49.932+0000] {spark_submit.py:649} INFO - 25/04/04 04:21:49 INFO SecurityManager: Changing view acls to: airflow
[2025-04-04T04:21:49.933+0000] {spark_submit.py:649} INFO - 25/04/04 04:21:49 INFO SecurityManager: Changing modify acls to: airflow
[2025-04-04T04:21:49.934+0000] {spark_submit.py:649} INFO - 25/04/04 04:21:49 INFO SecurityManager: Changing view acls groups to:
[2025-04-04T04:21:49.935+0000] {spark_submit.py:649} INFO - 25/04/04 04:21:49 INFO SecurityManager: Changing modify acls groups to:
[2025-04-04T04:21:49.936+0000] {spark_submit.py:649} INFO - 25/04/04 04:21:49 INFO SecurityManager: SecurityManager: authentication disabled; ui acls disabled; users with view permissions: airflow; groups with view permissions: EMPTY; users with modify permissions: airflow; groups with modify permissions: EMPTY
[2025-04-04T04:21:50.138+0000] {spark_submit.py:649} INFO - 25/04/04 04:21:50 INFO Utils: Successfully started service 'sparkDriver' on port 44639.
[2025-04-04T04:21:50.175+0000] {spark_submit.py:649} INFO - 25/04/04 04:21:50 INFO SparkEnv: Registering MapOutputTracker
[2025-04-04T04:21:50.226+0000] {spark_submit.py:649} INFO - 25/04/04 04:21:50 INFO SparkEnv: Registering BlockManagerMaster
[2025-04-04T04:21:50.248+0000] {spark_submit.py:649} INFO - 25/04/04 04:21:50 INFO BlockManagerMasterEndpoint: Using org.apache.spark.storage.DefaultTopologyMapper for getting topology information
[2025-04-04T04:21:50.252+0000] {spark_submit.py:649} INFO - 25/04/04 04:21:50 INFO BlockManagerMasterEndpoint: BlockManagerMasterEndpoint up
[2025-04-04T04:21:50.259+0000] {spark_submit.py:649} INFO - 25/04/04 04:21:50 INFO SparkEnv: Registering BlockManagerMasterHeartbeat
[2025-04-04T04:21:50.310+0000] {spark_submit.py:649} INFO - 25/04/04 04:21:50 INFO DiskBlockManager: Created local directory at /tmp/blockmgr-778e1371-567d-494a-b00f-9f63352d9265
[2025-04-04T04:21:50.326+0000] {spark_submit.py:649} INFO - 25/04/04 04:21:50 INFO MemoryStore: MemoryStore started with capacity 434.4 MiB
[2025-04-04T04:21:50.348+0000] {spark_submit.py:649} INFO - 25/04/04 04:21:50 INFO SparkEnv: Registering OutputCommitCoordinator
[2025-04-04T04:21:50.508+0000] {spark_submit.py:649} INFO - 25/04/04 04:21:50 INFO JettyUtils: Start Jetty 0.0.0.0:4040 for SparkUI
[2025-04-04T04:21:50.571+0000] {spark_submit.py:649} INFO - 25/04/04 04:21:50 INFO Utils: Successfully started service 'SparkUI' on port 4040.
[2025-04-04T04:21:50.600+0000] {spark_submit.py:649} INFO - 25/04/04 04:21:50 ERROR SparkContext: Failed to add file:/opt/spark-extra-jars/hadoop-aws-3.3.6.jar to Spark environment
[2025-04-04T04:21:50.601+0000] {spark_submit.py:649} INFO - java.io.FileNotFoundException: Jar /opt/spark-extra-jars/hadoop-aws-3.3.6.jar not found
[2025-04-04T04:21:50.602+0000] {spark_submit.py:649} INFO - at org.apache.spark.SparkContext.addLocalJarFile$1(SparkContext.scala:2100)
[2025-04-04T04:21:50.603+0000] {spark_submit.py:649} INFO - at org.apache.spark.SparkContext.addJar(SparkContext.scala:2156)
[2025-04-04T04:21:50.603+0000] {spark_submit.py:649} INFO - at org.apache.spark.SparkContext.$anonfun$new$15(SparkContext.scala:526)
[2025-04-04T04:21:50.604+0000] {spark_submit.py:649} INFO - at org.apache.spark.SparkContext.$anonfun$new$15$adapted(SparkContext.scala:526)
[2025-04-04T04:21:50.604+0000] {spark_submit.py:649} INFO - at scala.collection.mutable.ResizableArray.foreach(ResizableArray.scala:62)
[2025-04-04T04:21:50.605+0000] {spark_submit.py:649} INFO - at scala.collection.mutable.ResizableArray.foreach$(ResizableArray.scala:55)
[2025-04-04T04:21:50.606+0000] {spark_submit.py:649} INFO - at scala.collection.mutable.ArrayBuffer.foreach(ArrayBuffer.scala:49)
[2025-04-04T04:21:50.606+0000] {spark_submit.py:649} INFO - at org.apache.spark.SparkContext.<init>(SparkContext.scala:526)
[2025-04-04T04:21:50.607+0000] {spark_submit.py:649} INFO - at org.apache.spark.api.java.JavaSparkContext.<init>(JavaSparkContext.scala:58)
[2025-04-04T04:21:50.608+0000] {spark_submit.py:649} INFO - at java.base/jdk.internal.reflect.NativeConstructorAccessorImpl.newInstance0(Native Method)
[2025-04-04T04:21:50.608+0000] {spark_submit.py:649} INFO - at java.base/jdk.internal.reflect.NativeConstructorAccessorImpl.newInstance(NativeConstructorAccessorImpl.java:77)
[2025-04-04T04:21:50.609+0000] {spark_submit.py:649} INFO - at java.base/jdk.internal.reflect.DelegatingConstructorAccessorImpl.newInstance(DelegatingConstructorAccessorImpl.java:45)
[2025-04-04T04:21:50.609+0000] {spark_submit.py:649} INFO - at java.base/java.lang.reflect.Constructor.newInstanceWithCaller(Constructor.java:500)
[2025-04-04T04:21:50.609+0000] {spark_submit.py:649} INFO - at java.base/java.lang.reflect.Constructor.newInstance(Constructor.java:481)
[2025-04-04T04:21:50.610+0000] {spark_submit.py:649} INFO - at py4j.reflection.MethodInvoker.invoke(MethodInvoker.java:247)
[2025-04-04T04:21:50.610+0000] {spark_submit.py:649} INFO - at py4j.reflection.ReflectionEngine.invoke(ReflectionEngine.java:374)
[2025-04-04T04:21:50.611+0000] {spark_submit.py:649} INFO - at py4j.Gateway.invoke(Gateway.java:238)
[2025-04-04T04:21:50.612+0000] {spark_submit.py:649} INFO - at py4j.commands.ConstructorCommand.invokeConstructor(ConstructorCommand.java:80)
[2025-04-04T04:21:50.612+0000] {spark_submit.py:649} INFO - at py4j.commands.ConstructorCommand.execute(ConstructorCommand.java:69)
[2025-04-04T04:21:50.613+0000] {spark_submit.py:649} INFO - at py4j.ClientServerConnection.waitForCommands(ClientServerConnection.java:182)
[2025-04-04T04:21:50.613+0000] {spark_submit.py:649} INFO - at py4j.ClientServerConnection.run(ClientServerConnection.java:106)
[2025-04-04T04:21:50.614+0000] {spark_submit.py:649} INFO - at java.base/java.lang.Thread.run(Thread.java:840)
[2025-04-04T04:21:50.615+0000] {spark_submit.py:649} INFO - 25/04/04 04:21:50 ERROR SparkContext: Failed to add file:/opt/spark-extra-jars/aws-java-sdk-bundle-1.12.696.jar to Spark environment
[2025-04-04T04:21:50.615+0000] {spark_submit.py:649} INFO - java.io.FileNotFoundException: Jar /opt/spark-extra-jars/aws-java-sdk-bundle-1.12.696.jar not found
[2025-04-04T04:21:50.616+0000] {spark_submit.py:649} INFO - at org.apache.spark.SparkContext.addLocalJarFile$1(SparkContext.scala:2100)
[2025-04-04T04:21:50.616+0000] {spark_submit.py:649} INFO - at org.apache.spark.SparkContext.addJar(SparkContext.scala:2156)
[2025-04-04T04:21:50.617+0000] {spark_submit.py:649} INFO - at org.apache.spark.SparkContext.$anonfun$new$15(SparkContext.scala:526)
[2025-04-04T04:21:50.617+0000] {spark_submit.py:649} INFO - at org.apache.spark.SparkContext.$anonfun$new$15$adapted(SparkContext.scala:526)
[2025-04-04T04:21:50.617+0000] {spark_submit.py:649} INFO - at scala.collection.mutable.ResizableArray.foreach(ResizableArray.scala:62)
[2025-04-04T04:21:50.618+0000] {spark_submit.py:649} INFO - at scala.collection.mutable.ResizableArray.foreach$(ResizableArray.scala:55)
[2025-04-04T04:21:50.618+0000] {spark_submit.py:649} INFO - at scala.collection.mutable.ArrayBuffer.foreach(ArrayBuffer.scala:49)
[2025-04-04T04:21:50.619+0000] {spark_submit.py:649} INFO - at org.apache.spark.SparkContext.<init>(SparkContext.scala:526)
[2025-04-04T04:21:50.620+0000] {spark_submit.py:649} INFO - at org.apache.spark.api.java.JavaSparkContext.<init>(JavaSparkContext.scala:58)
[2025-04-04T04:21:50.621+0000] {spark_submit.py:649} INFO - at java.base/jdk.internal.reflect.NativeConstructorAccessorImpl.newInstance0(Native Method)
[2025-04-04T04:21:50.621+0000] {spark_submit.py:649} INFO - at java.base/jdk.internal.reflect.NativeConstructorAccessorImpl.newInstance(NativeConstructorAccessorImpl.java:77)
[2025-04-04T04:21:50.622+0000] {spark_submit.py:649} INFO - at java.base/jdk.internal.reflect.DelegatingConstructorAccessorImpl.newInstance(DelegatingConstructorAccessorImpl.java:45)
[2025-04-04T04:21:50.622+0000] {spark_submit.py:649} INFO - at java.base/java.lang.reflect.Constructor.newInstanceWithCaller(Constructor.java:500)
[2025-04-04T04:21:50.622+0000] {spark_submit.py:649} INFO - at java.base/java.lang.reflect.Constructor.newInstance(Constructor.java:481)
[2025-04-04T04:21:50.623+0000] {spark_submit.py:649} INFO - at py4j.reflection.MethodInvoker.invoke(MethodInvoker.java:247)
[2025-04-04T04:21:50.623+0000] {spark_submit.py:649} INFO - at py4j.reflection.ReflectionEngine.invoke(ReflectionEngine.java:374)
[2025-04-04T04:21:50.624+0000] {spark_submit.py:649} INFO - at py4j.Gateway.invoke(Gateway.java:238)
[2025-04-04T04:21:50.624+0000] {spark_submit.py:649} INFO - at py4j.commands.ConstructorCommand.invokeConstructor(ConstructorCommand.java:80)
[2025-04-04T04:21:50.624+0000] {spark_submit.py:649} INFO - at py4j.commands.ConstructorCommand.execute(ConstructorCommand.java:69)
[2025-04-04T04:21:50.625+0000] {spark_submit.py:649} INFO - at py4j.ClientServerConnection.waitForCommands(ClientServerConnection.java:182)
[2025-04-04T04:21:50.625+0000] {spark_submit.py:649} INFO - at py4j.ClientServerConnection.run(ClientServerConnection.java:106)
[2025-04-04T04:21:50.626+0000] {spark_submit.py:649} INFO - at java.base/java.lang.Thread.run(Thread.java:840)
[2025-04-04T04:21:50.666+0000] {spark_submit.py:649} INFO - 25/04/04 04:21:50 INFO StandaloneAppClient$ClientEndpoint: Connecting to master spark://spark-master:7077...
[2025-04-04T04:21:50.703+0000] {spark_submit.py:649} INFO - 25/04/04 04:21:50 INFO TransportClientFactory: Successfully created connection to spark-master/172.24.0.5:7077 after 19 ms (0 ms spent in bootstraps)
[2025-04-04T04:21:50.797+0000] {spark_submit.py:649} INFO - 25/04/04 04:21:50 INFO StandaloneSchedulerBackend: Connected to Spark cluster with app ID app-20250404042150-0003
[2025-04-04T04:21:50.800+0000] {spark_submit.py:649} INFO - 25/04/04 04:21:50 INFO StandaloneAppClient$ClientEndpoint: Executor added: app-20250404042150-0003/0 on worker-20250404040025-172.24.0.8-37225 (172.24.0.8:37225) with 2 core(s)
[2025-04-04T04:21:50.803+0000] {spark_submit.py:649} INFO - 25/04/04 04:21:50 INFO StandaloneSchedulerBackend: Granted executor ID app-20250404042150-0003/0 on hostPort 172.24.0.8:37225 with 2 core(s), 1024.0 MiB RAM
[2025-04-04T04:21:50.811+0000] {spark_submit.py:649} INFO - 25/04/04 04:21:50 INFO Utils: Successfully started service 'org.apache.spark.network.netty.NettyBlockTransferService' on port 37117.
[2025-04-04T04:21:50.811+0000] {spark_submit.py:649} INFO - 25/04/04 04:21:50 INFO NettyBlockTransferService: Server created on c82aa68c3e2c:37117
[2025-04-04T04:21:50.814+0000] {spark_submit.py:649} INFO - 25/04/04 04:21:50 INFO BlockManager: Using org.apache.spark.storage.RandomBlockReplicationPolicy for block replication policy
[2025-04-04T04:21:50.819+0000] {spark_submit.py:649} INFO - 25/04/04 04:21:50 INFO BlockManagerMaster: Registering BlockManager BlockManagerId(driver, c82aa68c3e2c, 37117, None)
[2025-04-04T04:21:50.822+0000] {spark_submit.py:649} INFO - 25/04/04 04:21:50 INFO BlockManagerMasterEndpoint: Registering block manager c82aa68c3e2c:37117 with 434.4 MiB RAM, BlockManagerId(driver, c82aa68c3e2c, 37117, None)
[2025-04-04T04:21:50.824+0000] {spark_submit.py:649} INFO - 25/04/04 04:21:50 INFO BlockManagerMaster: Registered BlockManager BlockManagerId(driver, c82aa68c3e2c, 37117, None)
[2025-04-04T04:21:50.825+0000] {spark_submit.py:649} INFO - 25/04/04 04:21:50 INFO BlockManager: Initialized BlockManager: BlockManagerId(driver, c82aa68c3e2c, 37117, None)
[2025-04-04T04:21:50.889+0000] {spark_submit.py:649} INFO - 25/04/04 04:21:50 INFO StandaloneAppClient$ClientEndpoint: Executor updated: app-20250404042150-0003/0 is now RUNNING
[2025-04-04T04:21:51.048+0000] {spark_submit.py:649} INFO - 25/04/04 04:21:51 INFO StandaloneSchedulerBackend: SchedulerBackend is ready for scheduling beginning after reached minRegisteredResourcesRatio: 0.0
[2025-04-04T04:21:51.227+0000] {spark_submit.py:649} INFO - ✅ Spark session received from DAG
[2025-04-04T04:21:51.229+0000] {spark_submit.py:649} INFO - 📥 Reading raw data...
[2025-04-04T04:21:51.238+0000] {spark_submit.py:649} INFO - 25/04/04 04:21:51 INFO SharedState: Setting hive.metastore.warehouse.dir ('null') to the value of spark.sql.warehouse.dir.
[2025-04-04T04:21:51.240+0000] {spark_submit.py:649} INFO - 25/04/04 04:21:51 INFO SharedState: Warehouse path is 'file:/opt/airflow/spark-warehouse'.
[2025-04-04T04:21:52.097+0000] {spark_submit.py:649} INFO - 25/04/04 04:21:52 WARN FileStreamSink: Assume no metadata directory. Error while looking for metadata directory in the path: s3a://nyc-taxi/raw/yellow_tripdata_2023-01.parquet.
[2025-04-04T04:21:52.098+0000] {spark_submit.py:649} INFO - java.lang.RuntimeException: java.lang.ClassNotFoundException: Class org.apache.hadoop.fs.s3a.S3AFileSystem not found
[2025-04-04T04:21:52.099+0000] {spark_submit.py:649} INFO - at org.apache.hadoop.conf.Configuration.getClass(Configuration.java:2688)
[2025-04-04T04:21:52.100+0000] {spark_submit.py:649} INFO - at org.apache.hadoop.fs.FileSystem.getFileSystemClass(FileSystem.java:3431)
[2025-04-04T04:21:52.100+0000] {spark_submit.py:649} INFO - at org.apache.hadoop.fs.FileSystem.createFileSystem(FileSystem.java:3466)
[2025-04-04T04:21:52.101+0000] {spark_submit.py:649} INFO - at org.apache.hadoop.fs.FileSystem.access$300(FileSystem.java:174)
[2025-04-04T04:21:52.102+0000] {spark_submit.py:649} INFO - at org.apache.hadoop.fs.FileSystem$Cache.getInternal(FileSystem.java:3574)
[2025-04-04T04:21:52.102+0000] {spark_submit.py:649} INFO - at org.apache.hadoop.fs.FileSystem$Cache.get(FileSystem.java:3521)
[2025-04-04T04:21:52.103+0000] {spark_submit.py:649} INFO - at org.apache.hadoop.fs.FileSystem.get(FileSystem.java:540)
[2025-04-04T04:21:52.103+0000] {spark_submit.py:649} INFO - at org.apache.hadoop.fs.Path.getFileSystem(Path.java:365)
[2025-04-04T04:21:52.104+0000] {spark_submit.py:649} INFO - at org.apache.spark.sql.execution.streaming.FileStreamSink$.hasMetadata(FileStreamSink.scala:53)
[2025-04-04T04:21:52.105+0000] {spark_submit.py:649} INFO - at org.apache.spark.sql.execution.datasources.DataSource.resolveRelation(DataSource.scala:366)
[2025-04-04T04:21:52.105+0000] {spark_submit.py:649} INFO - at org.apache.spark.sql.DataFrameReader.loadV1Source(DataFrameReader.scala:229)
[2025-04-04T04:21:52.106+0000] {spark_submit.py:649} INFO - at org.apache.spark.sql.DataFrameReader.$anonfun$load$2(DataFrameReader.scala:211)
[2025-04-04T04:21:52.107+0000] {spark_submit.py:649} INFO - at scala.Option.getOrElse(Option.scala:189)
[2025-04-04T04:21:52.108+0000] {spark_submit.py:649} INFO - at org.apache.spark.sql.DataFrameReader.load(DataFrameReader.scala:211)
[2025-04-04T04:21:52.108+0000] {spark_submit.py:649} INFO - at org.apache.spark.sql.DataFrameReader.parquet(DataFrameReader.scala:563)
[2025-04-04T04:21:52.109+0000] {spark_submit.py:649} INFO - at java.base/jdk.internal.reflect.NativeMethodAccessorImpl.invoke0(Native Method)
[2025-04-04T04:21:52.110+0000] {spark_submit.py:649} INFO - at java.base/jdk.internal.reflect.NativeMethodAccessorImpl.invoke(NativeMethodAccessorImpl.java:77)
[2025-04-04T04:21:52.110+0000] {spark_submit.py:649} INFO - at java.base/jdk.internal.reflect.DelegatingMethodAccessorImpl.invoke(DelegatingMethodAccessorImpl.java:43)
[2025-04-04T04:21:52.111+0000] {spark_submit.py:649} INFO - at java.base/java.lang.reflect.Method.invoke(Method.java:569)
[2025-04-04T04:21:52.111+0000] {spark_submit.py:649} INFO - at py4j.reflection.MethodInvoker.invoke(MethodInvoker.java:244)
[2025-04-04T04:21:52.112+0000] {spark_submit.py:649} INFO - at py4j.reflection.ReflectionEngine.invoke(ReflectionEngine.java:374)
[2025-04-04T04:21:52.113+0000] {spark_submit.py:649} INFO - at py4j.Gateway.invoke(Gateway.java:282)
[2025-04-04T04:21:52.113+0000] {spark_submit.py:649} INFO - at py4j.commands.AbstractCommand.invokeMethod(AbstractCommand.java:132)
[2025-04-04T04:21:52.114+0000] {spark_submit.py:649} INFO - at py4j.commands.CallCommand.execute(CallCommand.java:79)
[2025-04-04T04:21:52.115+0000] {spark_submit.py:649} INFO - at py4j.ClientServerConnection.waitForCommands(ClientServerConnection.java:182)
[2025-04-04T04:21:52.115+0000] {spark_submit.py:649} INFO - at py4j.ClientServerConnection.run(ClientServerConnection.java:106)
[2025-04-04T04:21:52.116+0000] {spark_submit.py:649} INFO - at java.base/java.lang.Thread.run(Thread.java:840)
[2025-04-04T04:21:52.116+0000] {spark_submit.py:649} INFO - Caused by: java.lang.ClassNotFoundException: Class org.apache.hadoop.fs.s3a.S3AFileSystem not found
[2025-04-04T04:21:52.117+0000] {spark_submit.py:649} INFO - at org.apache.hadoop.conf.Configuration.getClassByName(Configuration.java:2592)
[2025-04-04T04:21:52.117+0000] {spark_submit.py:649} INFO - at org.apache.hadoop.conf.Configuration.getClass(Configuration.java:2686)
[2025-04-04T04:21:52.118+0000] {spark_submit.py:649} INFO - ... 26 more
[2025-04-04T04:21:52.190+0000] {spark_submit.py:649} INFO - Traceback (most recent call last):
[2025-04-04T04:21:52.191+0000] {spark_submit.py:649} INFO - File "/opt/spark-app/clean_yellow_tripdata.py", line 9, in <module>
[2025-04-04T04:21:52.194+0000] {spark_submit.py:649} INFO - clean_yellow_tripdata(spark)
[2025-04-04T04:21:52.194+0000] {spark_submit.py:649} INFO - File "/opt/pipeline/transform/clean_yellow_tripdata.py", line 9, in clean_yellow_tripdata
[2025-04-04T04:21:52.219+0000] {spark_submit.py:649} INFO - df = spark.read.parquet(raw_path)
[2025-04-04T04:21:52.220+0000] {spark_submit.py:649} INFO - File "/opt/spark/python/lib/pyspark.zip/pyspark/sql/readwriter.py", line 544, in parquet
[2025-04-04T04:21:52.220+0000] {spark_submit.py:649} INFO - File "/opt/spark/python/lib/py4j-0.10.9.7-src.zip/py4j/java_gateway.py", line 1322, in __call__
[2025-04-04T04:21:52.221+0000] {spark_submit.py:649} INFO - File "/opt/spark/python/lib/pyspark.zip/pyspark/errors/exceptions/captured.py", line 179, in deco
[2025-04-04T04:21:52.221+0000] {spark_submit.py:649} INFO - File "/opt/spark/python/lib/py4j-0.10.9.7-src.zip/py4j/protocol.py", line 326, in get_return_value
[2025-04-04T04:21:52.223+0000] {spark_submit.py:649} INFO - py4j.protocol.Py4JJavaError: An error occurred while calling o29.parquet.
[2025-04-04T04:21:52.224+0000] {spark_submit.py:649} INFO - : java.lang.RuntimeException: java.lang.ClassNotFoundException: Class org.apache.hadoop.fs.s3a.S3AFileSystem not found
[2025-04-04T04:21:52.224+0000] {spark_submit.py:649} INFO - at org.apache.hadoop.conf.Configuration.getClass(Configuration.java:2688)
[2025-04-04T04:21:52.225+0000] {spark_submit.py:649} INFO - at org.apache.hadoop.fs.FileSystem.getFileSystemClass(FileSystem.java:3431)
[2025-04-04T04:21:52.225+0000] {spark_submit.py:649} INFO - at org.apache.hadoop.fs.FileSystem.createFileSystem(FileSystem.java:3466)
[2025-04-04T04:21:52.226+0000] {spark_submit.py:649} INFO - at org.apache.hadoop.fs.FileSystem.access$300(FileSystem.java:174)
[2025-04-04T04:21:52.226+0000] {spark_submit.py:649} INFO - at org.apache.hadoop.fs.FileSystem$Cache.getInternal(FileSystem.java:3574)
[2025-04-04T04:21:52.227+0000] {spark_submit.py:649} INFO - at org.apache.hadoop.fs.FileSystem$Cache.get(FileSystem.java:3521)
[2025-04-04T04:21:52.228+0000] {spark_submit.py:649} INFO - at org.apache.hadoop.fs.FileSystem.get(FileSystem.java:540)
[2025-04-04T04:21:52.228+0000] {spark_submit.py:649} INFO - at org.apache.hadoop.fs.Path.getFileSystem(Path.java:365)
[2025-04-04T04:21:52.229+0000] {spark_submit.py:649} INFO - at org.apache.spark.sql.execution.datasources.DataSource$.$anonfun$checkAndGlobPathIfNecessary$1(DataSource.scala:724)
[2025-04-04T04:21:52.230+0000] {spark_submit.py:649} INFO - at scala.collection.immutable.List.map(List.scala:293)
[2025-04-04T04:21:52.231+0000] {spark_submit.py:649} INFO - at org.apache.spark.sql.execution.datasources.DataSource$.checkAndGlobPathIfNecessary(DataSource.scala:722)
[2025-04-04T04:21:52.232+0000] {spark_submit.py:649} INFO - at org.apache.spark.sql.execution.datasources.DataSource.checkAndGlobPathIfNecessary(DataSource.scala:551)
[2025-04-04T04:21:52.232+0000] {spark_submit.py:649} INFO - at org.apache.spark.sql.execution.datasources.DataSource.resolveRelation(DataSource.scala:404)
[2025-04-04T04:21:52.233+0000] {spark_submit.py:649} INFO - at org.apache.spark.sql.DataFrameReader.loadV1Source(DataFrameReader.scala:229)
[2025-04-04T04:21:52.233+0000] {spark_submit.py:649} INFO - at org.apache.spark.sql.DataFrameReader.$anonfun$load$2(DataFrameReader.scala:211)
[2025-04-04T04:21:52.234+0000] {spark_submit.py:649} INFO - at scala.Option.getOrElse(Option.scala:189)
[2025-04-04T04:21:52.234+0000] {spark_submit.py:649} INFO - at org.apache.spark.sql.DataFrameReader.load(DataFrameReader.scala:211)
[2025-04-04T04:21:52.235+0000] {spark_submit.py:649} INFO - at org.apache.spark.sql.DataFrameReader.parquet(DataFrameReader.scala:563)
[2025-04-04T04:21:52.235+0000] {spark_submit.py:649} INFO - at java.base/jdk.internal.reflect.NativeMethodAccessorImpl.invoke0(Native Method)
[2025-04-04T04:21:52.235+0000] {spark_submit.py:649} INFO - at java.base/jdk.internal.reflect.NativeMethodAccessorImpl.invoke(NativeMethodAccessorImpl.java:77)
[2025-04-04T04:21:52.236+0000] {spark_submit.py:649} INFO - at java.base/jdk.internal.reflect.DelegatingMethodAccessorImpl.invoke(DelegatingMethodAccessorImpl.java:43)
[2025-04-04T04:21:52.236+0000] {spark_submit.py:649} INFO - at java.base/java.lang.reflect.Method.invoke(Method.java:569)
[2025-04-04T04:21:52.237+0000] {spark_submit.py:649} INFO - at py4j.reflection.MethodInvoker.invoke(MethodInvoker.java:244)
[2025-04-04T04:21:52.237+0000] {spark_submit.py:649} INFO - at py4j.reflection.ReflectionEngine.invoke(ReflectionEngine.java:374)
[2025-04-04T04:21:52.237+0000] {spark_submit.py:649} INFO - at py4j.Gateway.invoke(Gateway.java:282)
[2025-04-04T04:21:52.238+0000] {spark_submit.py:649} INFO - at py4j.commands.AbstractCommand.invokeMethod(AbstractCommand.java:132)
[2025-04-04T04:21:52.238+0000] {spark_submit.py:649} INFO - at py4j.commands.CallCommand.execute(CallCommand.java:79)
[2025-04-04T04:21:52.239+0000] {spark_submit.py:649} INFO - at py4j.ClientServerConnection.waitForCommands(ClientServerConnection.java:182)
[2025-04-04T04:21:52.239+0000] {spark_submit.py:649} INFO - at py4j.ClientServerConnection.run(ClientServerConnection.java:106)
[2025-04-04T04:21:52.240+0000] {spark_submit.py:649} INFO - at java.base/java.lang.Thread.run(Thread.java:840)
[2025-04-04T04:21:52.240+0000] {spark_submit.py:649} INFO - Caused by: java.lang.ClassNotFoundException: Class org.apache.hadoop.fs.s3a.S3AFileSystem not found
[2025-04-04T04:21:52.240+0000] {spark_submit.py:649} INFO - at org.apache.hadoop.conf.Configuration.getClassByName(Configuration.java:2592)
[2025-04-04T04:21:52.241+0000] {spark_submit.py:649} INFO - at org.apache.hadoop.conf.Configuration.getClass(Configuration.java:2686)
[2025-04-04T04:21:52.241+0000] {spark_submit.py:649} INFO - ... 29 more
[2025-04-04T04:21:52.241+0000] {spark_submit.py:649} INFO - 
[2025-04-04T04:21:52.276+0000] {spark_submit.py:649} INFO - 25/04/04 04:21:52 INFO SparkContext: Invoking stop() from shutdown hook
[2025-04-04T04:21:52.277+0000] {spark_submit.py:649} INFO - 25/04/04 04:21:52 INFO SparkContext: SparkContext is stopping with exitCode 0.
[2025-04-04T04:21:52.293+0000] {spark_submit.py:649} INFO - 25/04/04 04:21:52 INFO SparkUI: Stopped Spark web UI at http://c82aa68c3e2c:4040
[2025-04-04T04:21:52.298+0000] {spark_submit.py:649} INFO - 25/04/04 04:21:52 INFO StandaloneSchedulerBackend: Shutting down all executors
[2025-04-04T04:21:52.302+0000] {spark_submit.py:649} INFO - 25/04/04 04:21:52 INFO StandaloneSchedulerBackend$StandaloneDriverEndpoint: Asking each executor to shut down
[2025-04-04T04:21:52.321+0000] {spark_submit.py:649} INFO - 25/04/04 04:21:52 INFO MapOutputTrackerMasterEndpoint: MapOutputTrackerMasterEndpoint stopped!
[2025-04-04T04:21:52.339+0000] {spark_submit.py:649} INFO - 25/04/04 04:21:52 INFO MemoryStore: MemoryStore cleared
[2025-04-04T04:21:52.341+0000] {spark_submit.py:649} INFO - 25/04/04 04:21:52 INFO BlockManager: BlockManager stopped
[2025-04-04T04:21:52.346+0000] {spark_submit.py:649} INFO - 25/04/04 04:21:52 INFO BlockManagerMaster: BlockManagerMaster stopped
[2025-04-04T04:21:52.348+0000] {spark_submit.py:649} INFO - 25/04/04 04:21:52 INFO OutputCommitCoordinator$OutputCommitCoordinatorEndpoint: OutputCommitCoordinator stopped!
[2025-04-04T04:21:52.360+0000] {spark_submit.py:649} INFO - 25/04/04 04:21:52 INFO SparkContext: Successfully stopped SparkContext
[2025-04-04T04:21:52.360+0000] {spark_submit.py:649} INFO - 25/04/04 04:21:52 INFO ShutdownHookManager: Shutdown hook called
[2025-04-04T04:21:52.361+0000] {spark_submit.py:649} INFO - 25/04/04 04:21:52 INFO ShutdownHookManager: Deleting directory /tmp/spark-1aaec6b4-0438-4ff4-adf6-b04c802c084e
[2025-04-04T04:21:52.366+0000] {spark_submit.py:649} INFO - 25/04/04 04:21:52 INFO ShutdownHookManager: Deleting directory /tmp/spark-7e5cb77f-a15e-49cd-87d6-d39eb38fbab9
[2025-04-04T04:21:52.373+0000] {spark_submit.py:649} INFO - 25/04/04 04:21:52 INFO ShutdownHookManager: Deleting directory /tmp/spark-7e5cb77f-a15e-49cd-87d6-d39eb38fbab9/pyspark-0ed9651f-2986-44a8-97f8-0ddd50d413c4
[2025-04-04T04:21:52.420+0000] {taskinstance.py:2698} ERROR - Task failed with exception
Traceback (most recent call last):
  File "/home/airflow/.local/lib/python3.8/site-packages/airflow/models/taskinstance.py", line 433, in _execute_task
    result = execute_callable(context=context, **execute_callable_kwargs)
  File "/home/airflow/.local/lib/python3.8/site-packages/airflow/providers/apache/spark/operators/spark_submit.py", line 176, in execute
    self._hook.submit(self.application)
  File "/home/airflow/.local/lib/python3.8/site-packages/airflow/providers/apache/spark/hooks/spark_submit.py", line 575, in submit
    raise AirflowException(
airflow.exceptions.AirflowException: Cannot execute: spark-submit --master spark://spark-master:7077 --conf spark.master=spark://spark-master:7077 --conf spark.hadoop.fs.s3a.impl=org.apache.hadoop.fs.s3a.S3AFileSystem --conf spark.driver.extraClassPath=/opt/spark-extra-jars/* --conf spark.executor.extraClassPath=/opt/spark-extra-jars/* --jars /opt/spark-extra-jars/hadoop-aws-3.3.6.jar,/opt/spark-extra-jars/aws-java-sdk-bundle-1.12.696.jar --name arrow-spark --verbose --queue root.default --deploy-mode client /opt/spark-app/clean_yellow_tripdata.py. Error code is: 1.
[2025-04-04T04:21:52.426+0000] {taskinstance.py:1138} INFO - Marking task as UP_FOR_RETRY. dag_id=full_pipeline_dag, task_id=clean_data_spark, execution_date=20250404T033934, start_date=20250404T042145, end_date=20250404T042152
[2025-04-04T04:21:52.594+0000] {standard_task_runner.py:107} ERROR - Failed to execute job 248 for task clean_data_spark (Cannot execute: spark-submit --master spark://spark-master:7077 --conf spark.master=spark://spark-master:7077 --conf spark.hadoop.fs.s3a.impl=org.apache.hadoop.fs.s3a.S3AFileSystem --conf spark.driver.extraClassPath=/opt/spark-extra-jars/* --conf spark.executor.extraClassPath=/opt/spark-extra-jars/* --jars /opt/spark-extra-jars/hadoop-aws-3.3.6.jar,/opt/spark-extra-jars/aws-java-sdk-bundle-1.12.696.jar --name arrow-spark --verbose --queue root.default --deploy-mode client /opt/spark-app/clean_yellow_tripdata.py. Error code is: 1.; 748)
[2025-04-04T04:21:52.639+0000] {local_task_job_runner.py:234} INFO - Task exited with return code 1
[2025-04-04T04:21:52.686+0000] {taskinstance.py:3280} INFO - 0 downstream tasks scheduled from follow-on schedule check
