[2025-04-04T03:56:48.898+0000] {taskinstance.py:1956} INFO - Dependencies all met for dep_context=non-requeueable deps ti=<TaskInstance: full_pipeline_dag.clean_data_spark manual__2025-04-04T03:39:34.947255+00:00 [queued]>
[2025-04-04T03:56:48.925+0000] {taskinstance.py:1956} INFO - Dependencies all met for dep_context=requeueable deps ti=<TaskInstance: full_pipeline_dag.clean_data_spark manual__2025-04-04T03:39:34.947255+00:00 [queued]>
[2025-04-04T03:56:48.925+0000] {taskinstance.py:2170} INFO - Starting attempt 4 of 6
[2025-04-04T03:56:48.959+0000] {taskinstance.py:2191} INFO - Executing <Task(SparkSubmitOperator): clean_data_spark> on 2025-04-04 03:39:34.947255+00:00
[2025-04-04T03:56:48.962+0000] {standard_task_runner.py:60} INFO - Started process 71 to run task
[2025-04-04T03:56:48.965+0000] {standard_task_runner.py:87} INFO - Running: ['airflow', 'tasks', 'run', 'full_pipeline_dag', 'clean_data_spark', 'manual__2025-04-04T03:39:34.947255+00:00', '--job-id', '241', '--raw', '--subdir', 'DAGS_FOLDER/full_pipeline_dag.py', '--cfg-path', '/tmp/tmp_t9ucvit']
[2025-04-04T03:56:48.967+0000] {standard_task_runner.py:88} INFO - Job 241: Subtask clean_data_spark
[2025-04-04T03:56:49.002+0000] {logging_mixin.py:188} WARNING - /home/airflow/.local/lib/python3.8/site-packages/airflow/settings.py:194 DeprecationWarning: The sql_alchemy_conn option in [core] has been moved to the sql_alchemy_conn option in [database] - the old setting has been used, but please update your config.
[2025-04-04T03:56:49.043+0000] {task_command.py:423} INFO - Running <TaskInstance: full_pipeline_dag.clean_data_spark manual__2025-04-04T03:39:34.947255+00:00 [running]> on host 2f2a4ac03060
[2025-04-04T03:56:49.249+0000] {taskinstance.py:2480} INFO - Exporting env vars: AIRFLOW_CTX_DAG_OWNER='airflow' AIRFLOW_CTX_DAG_ID='full_pipeline_dag' AIRFLOW_CTX_TASK_ID='clean_data_spark' AIRFLOW_CTX_EXECUTION_DATE='2025-04-04T03:39:34.947255+00:00' AIRFLOW_CTX_TRY_NUMBER='4' AIRFLOW_CTX_DAG_RUN_ID='manual__2025-04-04T03:39:34.947255+00:00'
[2025-04-04T03:56:49.263+0000] {base.py:83} INFO - Using connection ID 'spark_default' for task execution.
[2025-04-04T03:56:49.264+0000] {spark_submit.py:473} INFO - Spark-Submit cmd: spark-submit --master spark://spark-master:7077 --conf spark.master=spark://spark-master:7077 --conf spark.hadoop.fs.s3a.impl=org.apache.hadoop.fs.s3a.S3AFileSystem --jars /opt/spark/jars/hadoop-aws-3.3.6.jar,/opt/spark/jars/aws-java-sdk-bundle-1.12.696.jar --name arrow-spark --verbose --queue root.default --deploy-mode client /opt/spark-app/clean_yellow_tripdata.py
[2025-04-04T03:56:50.560+0000] {spark_submit.py:649} INFO - Using properties file: null
[2025-04-04T03:56:50.636+0000] {spark_submit.py:649} INFO - Parsed arguments:
[2025-04-04T03:56:50.638+0000] {spark_submit.py:649} INFO - master                  spark://spark-master:7077
[2025-04-04T03:56:50.639+0000] {spark_submit.py:649} INFO - remote                  null
[2025-04-04T03:56:50.639+0000] {spark_submit.py:649} INFO - deployMode              client
[2025-04-04T03:56:50.640+0000] {spark_submit.py:649} INFO - executorMemory          null
[2025-04-04T03:56:50.640+0000] {spark_submit.py:649} INFO - executorCores           null
[2025-04-04T03:56:50.640+0000] {spark_submit.py:649} INFO - totalExecutorCores      null
[2025-04-04T03:56:50.641+0000] {spark_submit.py:649} INFO - propertiesFile          null
[2025-04-04T03:56:50.641+0000] {spark_submit.py:649} INFO - driverMemory            null
[2025-04-04T03:56:50.641+0000] {spark_submit.py:649} INFO - driverCores             null
[2025-04-04T03:56:50.642+0000] {spark_submit.py:649} INFO - driverExtraClassPath    null
[2025-04-04T03:56:50.642+0000] {spark_submit.py:649} INFO - driverExtraLibraryPath  null
[2025-04-04T03:56:50.643+0000] {spark_submit.py:649} INFO - driverExtraJavaOptions  null
[2025-04-04T03:56:50.643+0000] {spark_submit.py:649} INFO - supervise               false
[2025-04-04T03:56:50.643+0000] {spark_submit.py:649} INFO - queue                   root.default
[2025-04-04T03:56:50.644+0000] {spark_submit.py:649} INFO - numExecutors            null
[2025-04-04T03:56:50.644+0000] {spark_submit.py:649} INFO - files                   null
[2025-04-04T03:56:50.645+0000] {spark_submit.py:649} INFO - pyFiles                 null
[2025-04-04T03:56:50.645+0000] {spark_submit.py:649} INFO - archives                null
[2025-04-04T03:56:50.645+0000] {spark_submit.py:649} INFO - mainClass               null
[2025-04-04T03:56:50.646+0000] {spark_submit.py:649} INFO - primaryResource         file:/opt/spark-app/clean_yellow_tripdata.py
[2025-04-04T03:56:50.646+0000] {spark_submit.py:649} INFO - name                    arrow-spark
[2025-04-04T03:56:50.647+0000] {spark_submit.py:649} INFO - childArgs               []
[2025-04-04T03:56:50.647+0000] {spark_submit.py:649} INFO - jars                    file:/opt/spark-3.5.0-bin-hadoop3/jars/hadoop-aws-3.3.6.jar,file:/opt/spark-3.5.0-bin-hadoop3/jars/aws-java-sdk-bundle-1.12.696.jar
[2025-04-04T03:56:50.647+0000] {spark_submit.py:649} INFO - packages                null
[2025-04-04T03:56:50.648+0000] {spark_submit.py:649} INFO - packagesExclusions      null
[2025-04-04T03:56:50.648+0000] {spark_submit.py:649} INFO - repositories            null
[2025-04-04T03:56:50.649+0000] {spark_submit.py:649} INFO - verbose                 true
[2025-04-04T03:56:50.650+0000] {spark_submit.py:649} INFO - 
[2025-04-04T03:56:50.650+0000] {spark_submit.py:649} INFO - Spark properties used, including those specified through
[2025-04-04T03:56:50.651+0000] {spark_submit.py:649} INFO - --conf and those from the properties file null:
[2025-04-04T03:56:50.651+0000] {spark_submit.py:649} INFO - (spark.hadoop.fs.s3a.impl,org.apache.hadoop.fs.s3a.S3AFileSystem)
[2025-04-04T03:56:50.652+0000] {spark_submit.py:649} INFO - (spark.master,spark://spark-master:7077)
[2025-04-04T03:56:50.652+0000] {spark_submit.py:649} INFO - 
[2025-04-04T03:56:50.653+0000] {spark_submit.py:649} INFO - 
[2025-04-04T03:56:50.942+0000] {spark_submit.py:649} INFO - 25/04/04 03:56:50 WARN NativeCodeLoader: Unable to load native-hadoop library for your platform... using builtin-java classes where applicable
[2025-04-04T03:56:51.100+0000] {spark_submit.py:649} INFO - Main class:
[2025-04-04T03:56:51.101+0000] {spark_submit.py:649} INFO - org.apache.spark.deploy.PythonRunner
[2025-04-04T03:56:51.101+0000] {spark_submit.py:649} INFO - Arguments:
[2025-04-04T03:56:51.102+0000] {spark_submit.py:649} INFO - file:/opt/spark-app/clean_yellow_tripdata.py
[2025-04-04T03:56:51.103+0000] {spark_submit.py:649} INFO - null
[2025-04-04T03:56:51.104+0000] {spark_submit.py:649} INFO - Spark config:
[2025-04-04T03:56:51.104+0000] {spark_submit.py:649} INFO - (spark.app.name,arrow-spark)
[2025-04-04T03:56:51.104+0000] {spark_submit.py:649} INFO - (spark.app.submitTime,1743739011087)
[2025-04-04T03:56:51.105+0000] {spark_submit.py:649} INFO - (spark.hadoop.fs.s3a.impl,org.apache.hadoop.fs.s3a.S3AFileSystem)
[2025-04-04T03:56:51.106+0000] {spark_submit.py:649} INFO - (spark.jars,file:/opt/spark-3.5.0-bin-hadoop3/jars/hadoop-aws-3.3.6.jar,file:/opt/spark-3.5.0-bin-hadoop3/jars/aws-java-sdk-bundle-1.12.696.jar)
[2025-04-04T03:56:51.106+0000] {spark_submit.py:649} INFO - (spark.master,spark://spark-master:7077)
[2025-04-04T03:56:51.107+0000] {spark_submit.py:649} INFO - (spark.repl.local.jars,file:/opt/spark-3.5.0-bin-hadoop3/jars/hadoop-aws-3.3.6.jar,file:/opt/spark-3.5.0-bin-hadoop3/jars/aws-java-sdk-bundle-1.12.696.jar)
[2025-04-04T03:56:51.108+0000] {spark_submit.py:649} INFO - (spark.submit.deployMode,client)
[2025-04-04T03:56:51.108+0000] {spark_submit.py:649} INFO - (spark.submit.pyFiles,)
[2025-04-04T03:56:51.109+0000] {spark_submit.py:649} INFO - Classpath elements:
[2025-04-04T03:56:51.109+0000] {spark_submit.py:649} INFO - file:/opt/spark-3.5.0-bin-hadoop3/jars/hadoop-aws-3.3.6.jar
[2025-04-04T03:56:51.110+0000] {spark_submit.py:649} INFO - file:/opt/spark-3.5.0-bin-hadoop3/jars/aws-java-sdk-bundle-1.12.696.jar
[2025-04-04T03:56:51.110+0000] {spark_submit.py:649} INFO - 
[2025-04-04T03:56:51.110+0000] {spark_submit.py:649} INFO - 
[2025-04-04T03:56:51.111+0000] {spark_submit.py:649} INFO - 25/04/04 03:56:51 WARN DependencyUtils: Local jar /opt/spark-3.5.0-bin-hadoop3/jars/hadoop-aws-3.3.6.jar does not exist, skipping.
[2025-04-04T03:56:51.111+0000] {spark_submit.py:649} INFO - 25/04/04 03:56:51 WARN DependencyUtils: Local jar /opt/spark-3.5.0-bin-hadoop3/jars/aws-java-sdk-bundle-1.12.696.jar does not exist, skipping.
[2025-04-04T03:56:52.022+0000] {spark_submit.py:649} INFO - 25/04/04 03:56:52 INFO SparkContext: Running Spark version 3.5.0
[2025-04-04T03:56:52.024+0000] {spark_submit.py:649} INFO - 25/04/04 03:56:52 INFO SparkContext: OS info Linux, 5.15.167.4-microsoft-standard-WSL2, amd64
[2025-04-04T03:56:52.025+0000] {spark_submit.py:649} INFO - 25/04/04 03:56:52 INFO SparkContext: Java version 17.0.14
[2025-04-04T03:56:52.049+0000] {spark_submit.py:649} INFO - 25/04/04 03:56:52 INFO ResourceUtils: ==============================================================
[2025-04-04T03:56:52.050+0000] {spark_submit.py:649} INFO - 25/04/04 03:56:52 INFO ResourceUtils: No custom resources configured for spark.driver.
[2025-04-04T03:56:52.051+0000] {spark_submit.py:649} INFO - 25/04/04 03:56:52 INFO ResourceUtils: ==============================================================
[2025-04-04T03:56:52.051+0000] {spark_submit.py:649} INFO - 25/04/04 03:56:52 INFO SparkContext: Submitted application: CleanYellowData
[2025-04-04T03:56:52.075+0000] {spark_submit.py:649} INFO - 25/04/04 03:56:52 INFO ResourceProfile: Default ResourceProfile created, executor resources: Map(memory -> name: memory, amount: 1024, script: , vendor: , offHeap -> name: offHeap, amount: 0, script: , vendor: ), task resources: Map(cpus -> name: cpus, amount: 1.0)
[2025-04-04T03:56:52.083+0000] {spark_submit.py:649} INFO - 25/04/04 03:56:52 INFO ResourceProfile: Limiting resource is cpu
[2025-04-04T03:56:52.084+0000] {spark_submit.py:649} INFO - 25/04/04 03:56:52 INFO ResourceProfileManager: Added ResourceProfile id: 0
[2025-04-04T03:56:52.163+0000] {spark_submit.py:649} INFO - 25/04/04 03:56:52 INFO SecurityManager: Changing view acls to: airflow
[2025-04-04T03:56:52.164+0000] {spark_submit.py:649} INFO - 25/04/04 03:56:52 INFO SecurityManager: Changing modify acls to: airflow
[2025-04-04T03:56:52.165+0000] {spark_submit.py:649} INFO - 25/04/04 03:56:52 INFO SecurityManager: Changing view acls groups to:
[2025-04-04T03:56:52.165+0000] {spark_submit.py:649} INFO - 25/04/04 03:56:52 INFO SecurityManager: Changing modify acls groups to:
[2025-04-04T03:56:52.165+0000] {spark_submit.py:649} INFO - 25/04/04 03:56:52 INFO SecurityManager: SecurityManager: authentication disabled; ui acls disabled; users with view permissions: airflow; groups with view permissions: EMPTY; users with modify permissions: airflow; groups with modify permissions: EMPTY
[2025-04-04T03:56:52.414+0000] {spark_submit.py:649} INFO - 25/04/04 03:56:52 INFO Utils: Successfully started service 'sparkDriver' on port 46209.
[2025-04-04T03:56:52.467+0000] {spark_submit.py:649} INFO - 25/04/04 03:56:52 INFO SparkEnv: Registering MapOutputTracker
[2025-04-04T03:56:52.504+0000] {spark_submit.py:649} INFO - 25/04/04 03:56:52 INFO SparkEnv: Registering BlockManagerMaster
[2025-04-04T03:56:52.519+0000] {spark_submit.py:649} INFO - 25/04/04 03:56:52 INFO BlockManagerMasterEndpoint: Using org.apache.spark.storage.DefaultTopologyMapper for getting topology information
[2025-04-04T03:56:52.520+0000] {spark_submit.py:649} INFO - 25/04/04 03:56:52 INFO BlockManagerMasterEndpoint: BlockManagerMasterEndpoint up
[2025-04-04T03:56:52.525+0000] {spark_submit.py:649} INFO - 25/04/04 03:56:52 INFO SparkEnv: Registering BlockManagerMasterHeartbeat
[2025-04-04T03:56:52.547+0000] {spark_submit.py:649} INFO - 25/04/04 03:56:52 INFO DiskBlockManager: Created local directory at /tmp/blockmgr-aee4e27a-5bcb-46b3-922e-36c9e2be48e8
[2025-04-04T03:56:52.564+0000] {spark_submit.py:649} INFO - 25/04/04 03:56:52 INFO MemoryStore: MemoryStore started with capacity 434.4 MiB
[2025-04-04T03:56:52.580+0000] {spark_submit.py:649} INFO - 25/04/04 03:56:52 INFO SparkEnv: Registering OutputCommitCoordinator
[2025-04-04T03:56:52.715+0000] {spark_submit.py:649} INFO - 25/04/04 03:56:52 INFO JettyUtils: Start Jetty 0.0.0.0:4040 for SparkUI
[2025-04-04T03:56:52.828+0000] {spark_submit.py:649} INFO - 25/04/04 03:56:52 INFO Utils: Successfully started service 'SparkUI' on port 4040.
[2025-04-04T03:56:52.879+0000] {spark_submit.py:649} INFO - 25/04/04 03:56:52 ERROR SparkContext: Failed to add file:/opt/spark-3.5.0-bin-hadoop3/jars/hadoop-aws-3.3.6.jar to Spark environment
[2025-04-04T03:56:52.880+0000] {spark_submit.py:649} INFO - java.io.FileNotFoundException: Jar /opt/spark-3.5.0-bin-hadoop3/jars/hadoop-aws-3.3.6.jar not found
[2025-04-04T03:56:52.880+0000] {spark_submit.py:649} INFO - at org.apache.spark.SparkContext.addLocalJarFile$1(SparkContext.scala:2100)
[2025-04-04T03:56:52.881+0000] {spark_submit.py:649} INFO - at org.apache.spark.SparkContext.addJar(SparkContext.scala:2156)
[2025-04-04T03:56:52.881+0000] {spark_submit.py:649} INFO - at org.apache.spark.SparkContext.$anonfun$new$15(SparkContext.scala:526)
[2025-04-04T03:56:52.882+0000] {spark_submit.py:649} INFO - at org.apache.spark.SparkContext.$anonfun$new$15$adapted(SparkContext.scala:526)
[2025-04-04T03:56:52.883+0000] {spark_submit.py:649} INFO - at scala.collection.mutable.ResizableArray.foreach(ResizableArray.scala:62)
[2025-04-04T03:56:52.883+0000] {spark_submit.py:649} INFO - at scala.collection.mutable.ResizableArray.foreach$(ResizableArray.scala:55)
[2025-04-04T03:56:52.883+0000] {spark_submit.py:649} INFO - at scala.collection.mutable.ArrayBuffer.foreach(ArrayBuffer.scala:49)
[2025-04-04T03:56:52.884+0000] {spark_submit.py:649} INFO - at org.apache.spark.SparkContext.<init>(SparkContext.scala:526)
[2025-04-04T03:56:52.884+0000] {spark_submit.py:649} INFO - at org.apache.spark.api.java.JavaSparkContext.<init>(JavaSparkContext.scala:58)
[2025-04-04T03:56:52.885+0000] {spark_submit.py:649} INFO - at java.base/jdk.internal.reflect.NativeConstructorAccessorImpl.newInstance0(Native Method)
[2025-04-04T03:56:52.885+0000] {spark_submit.py:649} INFO - at java.base/jdk.internal.reflect.NativeConstructorAccessorImpl.newInstance(NativeConstructorAccessorImpl.java:77)
[2025-04-04T03:56:52.886+0000] {spark_submit.py:649} INFO - at java.base/jdk.internal.reflect.DelegatingConstructorAccessorImpl.newInstance(DelegatingConstructorAccessorImpl.java:45)
[2025-04-04T03:56:52.887+0000] {spark_submit.py:649} INFO - at java.base/java.lang.reflect.Constructor.newInstanceWithCaller(Constructor.java:500)
[2025-04-04T03:56:52.888+0000] {spark_submit.py:649} INFO - at java.base/java.lang.reflect.Constructor.newInstance(Constructor.java:481)
[2025-04-04T03:56:52.889+0000] {spark_submit.py:649} INFO - at py4j.reflection.MethodInvoker.invoke(MethodInvoker.java:247)
[2025-04-04T03:56:52.890+0000] {spark_submit.py:649} INFO - at py4j.reflection.ReflectionEngine.invoke(ReflectionEngine.java:374)
[2025-04-04T03:56:52.891+0000] {spark_submit.py:649} INFO - at py4j.Gateway.invoke(Gateway.java:238)
[2025-04-04T03:56:52.891+0000] {spark_submit.py:649} INFO - at py4j.commands.ConstructorCommand.invokeConstructor(ConstructorCommand.java:80)
[2025-04-04T03:56:52.891+0000] {spark_submit.py:649} INFO - at py4j.commands.ConstructorCommand.execute(ConstructorCommand.java:69)
[2025-04-04T03:56:52.892+0000] {spark_submit.py:649} INFO - at py4j.ClientServerConnection.waitForCommands(ClientServerConnection.java:182)
[2025-04-04T03:56:52.893+0000] {spark_submit.py:649} INFO - at py4j.ClientServerConnection.run(ClientServerConnection.java:106)
[2025-04-04T03:56:52.893+0000] {spark_submit.py:649} INFO - at java.base/java.lang.Thread.run(Thread.java:840)
[2025-04-04T03:56:52.894+0000] {spark_submit.py:649} INFO - 25/04/04 03:56:52 ERROR SparkContext: Failed to add file:/opt/spark-3.5.0-bin-hadoop3/jars/aws-java-sdk-bundle-1.12.696.jar to Spark environment
[2025-04-04T03:56:52.894+0000] {spark_submit.py:649} INFO - java.io.FileNotFoundException: Jar /opt/spark-3.5.0-bin-hadoop3/jars/aws-java-sdk-bundle-1.12.696.jar not found
[2025-04-04T03:56:52.894+0000] {spark_submit.py:649} INFO - at org.apache.spark.SparkContext.addLocalJarFile$1(SparkContext.scala:2100)
[2025-04-04T03:56:52.894+0000] {spark_submit.py:649} INFO - at org.apache.spark.SparkContext.addJar(SparkContext.scala:2156)
[2025-04-04T03:56:52.895+0000] {spark_submit.py:649} INFO - at org.apache.spark.SparkContext.$anonfun$new$15(SparkContext.scala:526)
[2025-04-04T03:56:52.895+0000] {spark_submit.py:649} INFO - at org.apache.spark.SparkContext.$anonfun$new$15$adapted(SparkContext.scala:526)
[2025-04-04T03:56:52.895+0000] {spark_submit.py:649} INFO - at scala.collection.mutable.ResizableArray.foreach(ResizableArray.scala:62)
[2025-04-04T03:56:52.896+0000] {spark_submit.py:649} INFO - at scala.collection.mutable.ResizableArray.foreach$(ResizableArray.scala:55)
[2025-04-04T03:56:52.896+0000] {spark_submit.py:649} INFO - at scala.collection.mutable.ArrayBuffer.foreach(ArrayBuffer.scala:49)
[2025-04-04T03:56:52.896+0000] {spark_submit.py:649} INFO - at org.apache.spark.SparkContext.<init>(SparkContext.scala:526)
[2025-04-04T03:56:52.896+0000] {spark_submit.py:649} INFO - at org.apache.spark.api.java.JavaSparkContext.<init>(JavaSparkContext.scala:58)
[2025-04-04T03:56:52.897+0000] {spark_submit.py:649} INFO - at java.base/jdk.internal.reflect.NativeConstructorAccessorImpl.newInstance0(Native Method)
[2025-04-04T03:56:52.897+0000] {spark_submit.py:649} INFO - at java.base/jdk.internal.reflect.NativeConstructorAccessorImpl.newInstance(NativeConstructorAccessorImpl.java:77)
[2025-04-04T03:56:52.897+0000] {spark_submit.py:649} INFO - at java.base/jdk.internal.reflect.DelegatingConstructorAccessorImpl.newInstance(DelegatingConstructorAccessorImpl.java:45)
[2025-04-04T03:56:52.898+0000] {spark_submit.py:649} INFO - at java.base/java.lang.reflect.Constructor.newInstanceWithCaller(Constructor.java:500)
[2025-04-04T03:56:52.898+0000] {spark_submit.py:649} INFO - at java.base/java.lang.reflect.Constructor.newInstance(Constructor.java:481)
[2025-04-04T03:56:52.898+0000] {spark_submit.py:649} INFO - at py4j.reflection.MethodInvoker.invoke(MethodInvoker.java:247)
[2025-04-04T03:56:52.898+0000] {spark_submit.py:649} INFO - at py4j.reflection.ReflectionEngine.invoke(ReflectionEngine.java:374)
[2025-04-04T03:56:52.899+0000] {spark_submit.py:649} INFO - at py4j.Gateway.invoke(Gateway.java:238)
[2025-04-04T03:56:52.899+0000] {spark_submit.py:649} INFO - at py4j.commands.ConstructorCommand.invokeConstructor(ConstructorCommand.java:80)
[2025-04-04T03:56:52.899+0000] {spark_submit.py:649} INFO - at py4j.commands.ConstructorCommand.execute(ConstructorCommand.java:69)
[2025-04-04T03:56:52.899+0000] {spark_submit.py:649} INFO - at py4j.ClientServerConnection.waitForCommands(ClientServerConnection.java:182)
[2025-04-04T03:56:52.900+0000] {spark_submit.py:649} INFO - at py4j.ClientServerConnection.run(ClientServerConnection.java:106)
[2025-04-04T03:56:52.900+0000] {spark_submit.py:649} INFO - at java.base/java.lang.Thread.run(Thread.java:840)
[2025-04-04T03:56:52.993+0000] {spark_submit.py:649} INFO - 25/04/04 03:56:52 INFO StandaloneAppClient$ClientEndpoint: Connecting to master spark://spark-master:7077...
[2025-04-04T03:56:53.048+0000] {spark_submit.py:649} INFO - 25/04/04 03:56:53 INFO TransportClientFactory: Successfully created connection to spark-master/172.24.0.3:7077 after 31 ms (0 ms spent in bootstraps)
[2025-04-04T03:56:53.339+0000] {spark_submit.py:649} INFO - 25/04/04 03:56:53 INFO StandaloneSchedulerBackend: Connected to Spark cluster with app ID app-20250404035653-0000
[2025-04-04T03:56:53.348+0000] {spark_submit.py:649} INFO - 25/04/04 03:56:53 INFO Utils: Successfully started service 'org.apache.spark.network.netty.NettyBlockTransferService' on port 44391.
[2025-04-04T03:56:53.348+0000] {spark_submit.py:649} INFO - 25/04/04 03:56:53 INFO NettyBlockTransferService: Server created on 2f2a4ac03060:44391
[2025-04-04T03:56:53.349+0000] {spark_submit.py:649} INFO - 25/04/04 03:56:53 INFO BlockManager: Using org.apache.spark.storage.RandomBlockReplicationPolicy for block replication policy
[2025-04-04T03:56:53.359+0000] {spark_submit.py:649} INFO - 25/04/04 03:56:53 INFO BlockManagerMaster: Registering BlockManager BlockManagerId(driver, 2f2a4ac03060, 44391, None)
[2025-04-04T03:56:53.364+0000] {spark_submit.py:649} INFO - 25/04/04 03:56:53 INFO BlockManagerMasterEndpoint: Registering block manager 2f2a4ac03060:44391 with 434.4 MiB RAM, BlockManagerId(driver, 2f2a4ac03060, 44391, None)
[2025-04-04T03:56:53.367+0000] {spark_submit.py:649} INFO - 25/04/04 03:56:53 INFO BlockManagerMaster: Registered BlockManager BlockManagerId(driver, 2f2a4ac03060, 44391, None)
[2025-04-04T03:56:53.369+0000] {spark_submit.py:649} INFO - 25/04/04 03:56:53 INFO StandaloneAppClient$ClientEndpoint: Executor added: app-20250404035653-0000/0 on worker-20250404035254-172.24.0.8-37625 (172.24.0.8:37625) with 2 core(s)
[2025-04-04T03:56:53.370+0000] {spark_submit.py:649} INFO - 25/04/04 03:56:53 INFO BlockManager: Initialized BlockManager: BlockManagerId(driver, 2f2a4ac03060, 44391, None)
[2025-04-04T03:56:53.373+0000] {spark_submit.py:649} INFO - 25/04/04 03:56:53 INFO StandaloneSchedulerBackend: Granted executor ID app-20250404035653-0000/0 on hostPort 172.24.0.8:37625 with 2 core(s), 1024.0 MiB RAM
[2025-04-04T03:56:53.565+0000] {spark_submit.py:649} INFO - 25/04/04 03:56:53 INFO StandaloneAppClient$ClientEndpoint: Executor updated: app-20250404035653-0000/0 is now RUNNING
[2025-04-04T03:56:53.664+0000] {spark_submit.py:649} INFO - 25/04/04 03:56:53 INFO StandaloneSchedulerBackend: SchedulerBackend is ready for scheduling beginning after reached minRegisteredResourcesRatio: 0.0
[2025-04-04T03:56:53.991+0000] {spark_submit.py:649} INFO - ✅ Spark session received from DAG
[2025-04-04T03:56:53.992+0000] {spark_submit.py:649} INFO - 📥 Reading raw data...
[2025-04-04T03:56:54.001+0000] {spark_submit.py:649} INFO - 25/04/04 03:56:54 INFO SharedState: Setting hive.metastore.warehouse.dir ('null') to the value of spark.sql.warehouse.dir.
[2025-04-04T03:56:54.006+0000] {spark_submit.py:649} INFO - 25/04/04 03:56:54 INFO SharedState: Warehouse path is 'file:/opt/airflow/spark-warehouse'.
[2025-04-04T03:56:55.397+0000] {spark_submit.py:649} INFO - 25/04/04 03:56:55 WARN FileStreamSink: Assume no metadata directory. Error while looking for metadata directory in the path: s3a://nyc-taxi/raw/yellow_tripdata_2023-01.parquet.
[2025-04-04T03:56:55.398+0000] {spark_submit.py:649} INFO - java.lang.RuntimeException: java.lang.ClassNotFoundException: Class org.apache.hadoop.fs.s3a.S3AFileSystem not found
[2025-04-04T03:56:55.399+0000] {spark_submit.py:649} INFO - at org.apache.hadoop.conf.Configuration.getClass(Configuration.java:2688)
[2025-04-04T03:56:55.400+0000] {spark_submit.py:649} INFO - at org.apache.hadoop.fs.FileSystem.getFileSystemClass(FileSystem.java:3431)
[2025-04-04T03:56:55.401+0000] {spark_submit.py:649} INFO - at org.apache.hadoop.fs.FileSystem.createFileSystem(FileSystem.java:3466)
[2025-04-04T03:56:55.402+0000] {spark_submit.py:649} INFO - at org.apache.hadoop.fs.FileSystem.access$300(FileSystem.java:174)
[2025-04-04T03:56:55.402+0000] {spark_submit.py:649} INFO - at org.apache.hadoop.fs.FileSystem$Cache.getInternal(FileSystem.java:3574)
[2025-04-04T03:56:55.402+0000] {spark_submit.py:649} INFO - at org.apache.hadoop.fs.FileSystem$Cache.get(FileSystem.java:3521)
[2025-04-04T03:56:55.403+0000] {spark_submit.py:649} INFO - at org.apache.hadoop.fs.FileSystem.get(FileSystem.java:540)
[2025-04-04T03:56:55.403+0000] {spark_submit.py:649} INFO - at org.apache.hadoop.fs.Path.getFileSystem(Path.java:365)
[2025-04-04T03:56:55.404+0000] {spark_submit.py:649} INFO - at org.apache.spark.sql.execution.streaming.FileStreamSink$.hasMetadata(FileStreamSink.scala:53)
[2025-04-04T03:56:55.404+0000] {spark_submit.py:649} INFO - at org.apache.spark.sql.execution.datasources.DataSource.resolveRelation(DataSource.scala:366)
[2025-04-04T03:56:55.405+0000] {spark_submit.py:649} INFO - at org.apache.spark.sql.DataFrameReader.loadV1Source(DataFrameReader.scala:229)
[2025-04-04T03:56:55.405+0000] {spark_submit.py:649} INFO - at org.apache.spark.sql.DataFrameReader.$anonfun$load$2(DataFrameReader.scala:211)
[2025-04-04T03:56:55.406+0000] {spark_submit.py:649} INFO - at scala.Option.getOrElse(Option.scala:189)
[2025-04-04T03:56:55.406+0000] {spark_submit.py:649} INFO - at org.apache.spark.sql.DataFrameReader.load(DataFrameReader.scala:211)
[2025-04-04T03:56:55.406+0000] {spark_submit.py:649} INFO - at org.apache.spark.sql.DataFrameReader.parquet(DataFrameReader.scala:563)
[2025-04-04T03:56:55.407+0000] {spark_submit.py:649} INFO - at java.base/jdk.internal.reflect.NativeMethodAccessorImpl.invoke0(Native Method)
[2025-04-04T03:56:55.407+0000] {spark_submit.py:649} INFO - at java.base/jdk.internal.reflect.NativeMethodAccessorImpl.invoke(NativeMethodAccessorImpl.java:77)
[2025-04-04T03:56:55.408+0000] {spark_submit.py:649} INFO - at java.base/jdk.internal.reflect.DelegatingMethodAccessorImpl.invoke(DelegatingMethodAccessorImpl.java:43)
[2025-04-04T03:56:55.408+0000] {spark_submit.py:649} INFO - at java.base/java.lang.reflect.Method.invoke(Method.java:569)
[2025-04-04T03:56:55.409+0000] {spark_submit.py:649} INFO - at py4j.reflection.MethodInvoker.invoke(MethodInvoker.java:244)
[2025-04-04T03:56:55.409+0000] {spark_submit.py:649} INFO - at py4j.reflection.ReflectionEngine.invoke(ReflectionEngine.java:374)
[2025-04-04T03:56:55.409+0000] {spark_submit.py:649} INFO - at py4j.Gateway.invoke(Gateway.java:282)
[2025-04-04T03:56:55.410+0000] {spark_submit.py:649} INFO - at py4j.commands.AbstractCommand.invokeMethod(AbstractCommand.java:132)
[2025-04-04T03:56:55.410+0000] {spark_submit.py:649} INFO - at py4j.commands.CallCommand.execute(CallCommand.java:79)
[2025-04-04T03:56:55.411+0000] {spark_submit.py:649} INFO - at py4j.ClientServerConnection.waitForCommands(ClientServerConnection.java:182)
[2025-04-04T03:56:55.411+0000] {spark_submit.py:649} INFO - at py4j.ClientServerConnection.run(ClientServerConnection.java:106)
[2025-04-04T03:56:55.412+0000] {spark_submit.py:649} INFO - at java.base/java.lang.Thread.run(Thread.java:840)
[2025-04-04T03:56:55.412+0000] {spark_submit.py:649} INFO - Caused by: java.lang.ClassNotFoundException: Class org.apache.hadoop.fs.s3a.S3AFileSystem not found
[2025-04-04T03:56:55.412+0000] {spark_submit.py:649} INFO - at org.apache.hadoop.conf.Configuration.getClassByName(Configuration.java:2592)
[2025-04-04T03:56:55.413+0000] {spark_submit.py:649} INFO - at org.apache.hadoop.conf.Configuration.getClass(Configuration.java:2686)
[2025-04-04T03:56:55.413+0000] {spark_submit.py:649} INFO - ... 26 more
[2025-04-04T03:56:55.473+0000] {spark_submit.py:649} INFO - Traceback (most recent call last):
[2025-04-04T03:56:55.474+0000] {spark_submit.py:649} INFO - File "/opt/spark-app/clean_yellow_tripdata.py", line 9, in <module>
[2025-04-04T03:56:55.478+0000] {spark_submit.py:649} INFO - clean_yellow_tripdata(spark)
[2025-04-04T03:56:55.478+0000] {spark_submit.py:649} INFO - File "/opt/pipeline/transform/clean_yellow_tripdata.py", line 9, in clean_yellow_tripdata
[2025-04-04T03:56:55.484+0000] {spark_submit.py:649} INFO - df = spark.read.parquet(raw_path)
[2025-04-04T03:56:55.485+0000] {spark_submit.py:649} INFO - File "/opt/spark/python/lib/pyspark.zip/pyspark/sql/readwriter.py", line 544, in parquet
[2025-04-04T03:56:55.485+0000] {spark_submit.py:649} INFO - File "/opt/spark/python/lib/py4j-0.10.9.7-src.zip/py4j/java_gateway.py", line 1322, in __call__
[2025-04-04T03:56:55.486+0000] {spark_submit.py:649} INFO - File "/opt/spark/python/lib/pyspark.zip/pyspark/errors/exceptions/captured.py", line 179, in deco
[2025-04-04T03:56:55.487+0000] {spark_submit.py:649} INFO - File "/opt/spark/python/lib/py4j-0.10.9.7-src.zip/py4j/protocol.py", line 326, in get_return_value
[2025-04-04T03:56:55.489+0000] {spark_submit.py:649} INFO - py4j.protocol.Py4JJavaError: An error occurred while calling o27.parquet.
[2025-04-04T03:56:55.490+0000] {spark_submit.py:649} INFO - : java.lang.RuntimeException: java.lang.ClassNotFoundException: Class org.apache.hadoop.fs.s3a.S3AFileSystem not found
[2025-04-04T03:56:55.491+0000] {spark_submit.py:649} INFO - at org.apache.hadoop.conf.Configuration.getClass(Configuration.java:2688)
[2025-04-04T03:56:55.491+0000] {spark_submit.py:649} INFO - at org.apache.hadoop.fs.FileSystem.getFileSystemClass(FileSystem.java:3431)
[2025-04-04T03:56:55.492+0000] {spark_submit.py:649} INFO - at org.apache.hadoop.fs.FileSystem.createFileSystem(FileSystem.java:3466)
[2025-04-04T03:56:55.492+0000] {spark_submit.py:649} INFO - at org.apache.hadoop.fs.FileSystem.access$300(FileSystem.java:174)
[2025-04-04T03:56:55.493+0000] {spark_submit.py:649} INFO - at org.apache.hadoop.fs.FileSystem$Cache.getInternal(FileSystem.java:3574)
[2025-04-04T03:56:55.493+0000] {spark_submit.py:649} INFO - at org.apache.hadoop.fs.FileSystem$Cache.get(FileSystem.java:3521)
[2025-04-04T03:56:55.494+0000] {spark_submit.py:649} INFO - at org.apache.hadoop.fs.FileSystem.get(FileSystem.java:540)
[2025-04-04T03:56:55.494+0000] {spark_submit.py:649} INFO - at org.apache.hadoop.fs.Path.getFileSystem(Path.java:365)
[2025-04-04T03:56:55.494+0000] {spark_submit.py:649} INFO - at org.apache.spark.sql.execution.datasources.DataSource$.$anonfun$checkAndGlobPathIfNecessary$1(DataSource.scala:724)
[2025-04-04T03:56:55.495+0000] {spark_submit.py:649} INFO - at scala.collection.immutable.List.map(List.scala:293)
[2025-04-04T03:56:55.496+0000] {spark_submit.py:649} INFO - at org.apache.spark.sql.execution.datasources.DataSource$.checkAndGlobPathIfNecessary(DataSource.scala:722)
[2025-04-04T03:56:55.496+0000] {spark_submit.py:649} INFO - at org.apache.spark.sql.execution.datasources.DataSource.checkAndGlobPathIfNecessary(DataSource.scala:551)
[2025-04-04T03:56:55.497+0000] {spark_submit.py:649} INFO - at org.apache.spark.sql.execution.datasources.DataSource.resolveRelation(DataSource.scala:404)
[2025-04-04T03:56:55.497+0000] {spark_submit.py:649} INFO - at org.apache.spark.sql.DataFrameReader.loadV1Source(DataFrameReader.scala:229)
[2025-04-04T03:56:55.498+0000] {spark_submit.py:649} INFO - at org.apache.spark.sql.DataFrameReader.$anonfun$load$2(DataFrameReader.scala:211)
[2025-04-04T03:56:55.498+0000] {spark_submit.py:649} INFO - at scala.Option.getOrElse(Option.scala:189)
[2025-04-04T03:56:55.498+0000] {spark_submit.py:649} INFO - at org.apache.spark.sql.DataFrameReader.load(DataFrameReader.scala:211)
[2025-04-04T03:56:55.499+0000] {spark_submit.py:649} INFO - at org.apache.spark.sql.DataFrameReader.parquet(DataFrameReader.scala:563)
[2025-04-04T03:56:55.500+0000] {spark_submit.py:649} INFO - at java.base/jdk.internal.reflect.NativeMethodAccessorImpl.invoke0(Native Method)
[2025-04-04T03:56:55.500+0000] {spark_submit.py:649} INFO - at java.base/jdk.internal.reflect.NativeMethodAccessorImpl.invoke(NativeMethodAccessorImpl.java:77)
[2025-04-04T03:56:55.501+0000] {spark_submit.py:649} INFO - at java.base/jdk.internal.reflect.DelegatingMethodAccessorImpl.invoke(DelegatingMethodAccessorImpl.java:43)
[2025-04-04T03:56:55.502+0000] {spark_submit.py:649} INFO - at java.base/java.lang.reflect.Method.invoke(Method.java:569)
[2025-04-04T03:56:55.502+0000] {spark_submit.py:649} INFO - at py4j.reflection.MethodInvoker.invoke(MethodInvoker.java:244)
[2025-04-04T03:56:55.502+0000] {spark_submit.py:649} INFO - at py4j.reflection.ReflectionEngine.invoke(ReflectionEngine.java:374)
[2025-04-04T03:56:55.503+0000] {spark_submit.py:649} INFO - at py4j.Gateway.invoke(Gateway.java:282)
[2025-04-04T03:56:55.503+0000] {spark_submit.py:649} INFO - at py4j.commands.AbstractCommand.invokeMethod(AbstractCommand.java:132)
[2025-04-04T03:56:55.504+0000] {spark_submit.py:649} INFO - at py4j.commands.CallCommand.execute(CallCommand.java:79)
[2025-04-04T03:56:55.504+0000] {spark_submit.py:649} INFO - at py4j.ClientServerConnection.waitForCommands(ClientServerConnection.java:182)
[2025-04-04T03:56:55.505+0000] {spark_submit.py:649} INFO - at py4j.ClientServerConnection.run(ClientServerConnection.java:106)
[2025-04-04T03:56:55.505+0000] {spark_submit.py:649} INFO - at java.base/java.lang.Thread.run(Thread.java:840)
[2025-04-04T03:56:55.506+0000] {spark_submit.py:649} INFO - Caused by: java.lang.ClassNotFoundException: Class org.apache.hadoop.fs.s3a.S3AFileSystem not found
[2025-04-04T03:56:55.506+0000] {spark_submit.py:649} INFO - at org.apache.hadoop.conf.Configuration.getClassByName(Configuration.java:2592)
[2025-04-04T03:56:55.507+0000] {spark_submit.py:649} INFO - at org.apache.hadoop.conf.Configuration.getClass(Configuration.java:2686)
[2025-04-04T03:56:55.507+0000] {spark_submit.py:649} INFO - ... 29 more
[2025-04-04T03:56:55.507+0000] {spark_submit.py:649} INFO - 
[2025-04-04T03:56:55.544+0000] {spark_submit.py:649} INFO - 25/04/04 03:56:55 INFO SparkContext: Invoking stop() from shutdown hook
[2025-04-04T03:56:55.545+0000] {spark_submit.py:649} INFO - 25/04/04 03:56:55 INFO SparkContext: SparkContext is stopping with exitCode 0.
[2025-04-04T03:56:55.560+0000] {spark_submit.py:649} INFO - 25/04/04 03:56:55 INFO SparkUI: Stopped Spark web UI at http://2f2a4ac03060:4040
[2025-04-04T03:56:55.564+0000] {spark_submit.py:649} INFO - 25/04/04 03:56:55 INFO StandaloneSchedulerBackend: Shutting down all executors
[2025-04-04T03:56:55.570+0000] {spark_submit.py:649} INFO - 25/04/04 03:56:55 INFO StandaloneSchedulerBackend$StandaloneDriverEndpoint: Asking each executor to shut down
[2025-04-04T03:56:55.588+0000] {spark_submit.py:649} INFO - 25/04/04 03:56:55 INFO MapOutputTrackerMasterEndpoint: MapOutputTrackerMasterEndpoint stopped!
[2025-04-04T03:56:55.651+0000] {spark_submit.py:649} INFO - 25/04/04 03:56:55 INFO MemoryStore: MemoryStore cleared
[2025-04-04T03:56:55.652+0000] {spark_submit.py:649} INFO - 25/04/04 03:56:55 INFO BlockManager: BlockManager stopped
[2025-04-04T03:56:55.663+0000] {spark_submit.py:649} INFO - 25/04/04 03:56:55 INFO BlockManagerMaster: BlockManagerMaster stopped
[2025-04-04T03:56:55.667+0000] {spark_submit.py:649} INFO - 25/04/04 03:56:55 INFO OutputCommitCoordinator$OutputCommitCoordinatorEndpoint: OutputCommitCoordinator stopped!
[2025-04-04T03:56:55.696+0000] {spark_submit.py:649} INFO - 25/04/04 03:56:55 INFO SparkContext: Successfully stopped SparkContext
[2025-04-04T03:56:55.697+0000] {spark_submit.py:649} INFO - 25/04/04 03:56:55 INFO ShutdownHookManager: Shutdown hook called
[2025-04-04T03:56:55.698+0000] {spark_submit.py:649} INFO - 25/04/04 03:56:55 INFO ShutdownHookManager: Deleting directory /tmp/spark-b930d2fb-96c0-4c1a-ba4f-2ac77f71c88d
[2025-04-04T03:56:55.702+0000] {spark_submit.py:649} INFO - 25/04/04 03:56:55 INFO ShutdownHookManager: Deleting directory /tmp/spark-999a9a98-a5dc-4cc8-9569-5ec85f8de773
[2025-04-04T03:56:55.719+0000] {spark_submit.py:649} INFO - 25/04/04 03:56:55 INFO ShutdownHookManager: Deleting directory /tmp/spark-b930d2fb-96c0-4c1a-ba4f-2ac77f71c88d/pyspark-ec79493c-c9fd-4ebf-8021-5c3db2a6e451
[2025-04-04T03:56:55.798+0000] {taskinstance.py:2698} ERROR - Task failed with exception
Traceback (most recent call last):
  File "/home/airflow/.local/lib/python3.8/site-packages/airflow/models/taskinstance.py", line 433, in _execute_task
    result = execute_callable(context=context, **execute_callable_kwargs)
  File "/home/airflow/.local/lib/python3.8/site-packages/airflow/providers/apache/spark/operators/spark_submit.py", line 176, in execute
    self._hook.submit(self.application)
  File "/home/airflow/.local/lib/python3.8/site-packages/airflow/providers/apache/spark/hooks/spark_submit.py", line 575, in submit
    raise AirflowException(
airflow.exceptions.AirflowException: Cannot execute: spark-submit --master spark://spark-master:7077 --conf spark.master=spark://spark-master:7077 --conf spark.hadoop.fs.s3a.impl=org.apache.hadoop.fs.s3a.S3AFileSystem --jars /opt/spark/jars/hadoop-aws-3.3.6.jar,/opt/spark/jars/aws-java-sdk-bundle-1.12.696.jar --name arrow-spark --verbose --queue root.default --deploy-mode client /opt/spark-app/clean_yellow_tripdata.py. Error code is: 1.
[2025-04-04T03:56:55.807+0000] {taskinstance.py:1138} INFO - Marking task as UP_FOR_RETRY. dag_id=full_pipeline_dag, task_id=clean_data_spark, execution_date=20250404T033934, start_date=20250404T035648, end_date=20250404T035655
[2025-04-04T03:56:56.022+0000] {standard_task_runner.py:107} ERROR - Failed to execute job 241 for task clean_data_spark (Cannot execute: spark-submit --master spark://spark-master:7077 --conf spark.master=spark://spark-master:7077 --conf spark.hadoop.fs.s3a.impl=org.apache.hadoop.fs.s3a.S3AFileSystem --jars /opt/spark/jars/hadoop-aws-3.3.6.jar,/opt/spark/jars/aws-java-sdk-bundle-1.12.696.jar --name arrow-spark --verbose --queue root.default --deploy-mode client /opt/spark-app/clean_yellow_tripdata.py. Error code is: 1.; 71)
[2025-04-04T03:56:56.037+0000] {local_task_job_runner.py:234} INFO - Task exited with return code 1
[2025-04-04T03:56:56.073+0000] {taskinstance.py:3280} INFO - 0 downstream tasks scheduled from follow-on schedule check
