[2025-04-04T04:01:18.051+0000] {taskinstance.py:1956} INFO - Dependencies all met for dep_context=non-requeueable deps ti=<TaskInstance: full_pipeline_dag.clean_data_spark manual__2025-04-04T03:39:34.947255+00:00 [queued]>
[2025-04-04T04:01:18.066+0000] {taskinstance.py:1956} INFO - Dependencies all met for dep_context=requeueable deps ti=<TaskInstance: full_pipeline_dag.clean_data_spark manual__2025-04-04T03:39:34.947255+00:00 [queued]>
[2025-04-04T04:01:18.066+0000] {taskinstance.py:2170} INFO - Starting attempt 7 of 9
[2025-04-04T04:01:18.107+0000] {taskinstance.py:2191} INFO - Executing <Task(SparkSubmitOperator): clean_data_spark> on 2025-04-04 03:39:34.947255+00:00
[2025-04-04T04:01:18.111+0000] {standard_task_runner.py:60} INFO - Started process 57 to run task
[2025-04-04T04:01:18.114+0000] {standard_task_runner.py:87} INFO - Running: ['airflow', 'tasks', 'run', 'full_pipeline_dag', 'clean_data_spark', 'manual__2025-04-04T03:39:34.947255+00:00', '--job-id', '245', '--raw', '--subdir', 'DAGS_FOLDER/full_pipeline_dag.py', '--cfg-path', '/tmp/tmpe_eef_zt']
[2025-04-04T04:01:18.118+0000] {standard_task_runner.py:88} INFO - Job 245: Subtask clean_data_spark
[2025-04-04T04:01:18.172+0000] {logging_mixin.py:188} WARNING - /home/airflow/.local/lib/python3.8/site-packages/airflow/settings.py:194 DeprecationWarning: The sql_alchemy_conn option in [core] has been moved to the sql_alchemy_conn option in [database] - the old setting has been used, but please update your config.
[2025-04-04T04:01:18.226+0000] {task_command.py:423} INFO - Running <TaskInstance: full_pipeline_dag.clean_data_spark manual__2025-04-04T03:39:34.947255+00:00 [running]> on host c82aa68c3e2c
[2025-04-04T04:01:18.358+0000] {taskinstance.py:2480} INFO - Exporting env vars: AIRFLOW_CTX_DAG_OWNER='airflow' AIRFLOW_CTX_DAG_ID='full_pipeline_dag' AIRFLOW_CTX_TASK_ID='clean_data_spark' AIRFLOW_CTX_EXECUTION_DATE='2025-04-04T03:39:34.947255+00:00' AIRFLOW_CTX_TRY_NUMBER='7' AIRFLOW_CTX_DAG_RUN_ID='manual__2025-04-04T03:39:34.947255+00:00'
[2025-04-04T04:01:18.369+0000] {base.py:83} INFO - Using connection ID 'spark_default' for task execution.
[2025-04-04T04:01:18.370+0000] {spark_submit.py:473} INFO - Spark-Submit cmd: spark-submit --master spark://spark-master:7077 --conf spark.master=spark://spark-master:7077 --conf spark.hadoop.fs.s3a.impl=org.apache.hadoop.fs.s3a.S3AFileSystem --jars /opt/spark-extra-jars/hadoop-aws-3.3.6.jar,/opt/spark-extra-jars/aws-java-sdk-bundle-1.12.696.jar --name arrow-spark --verbose --queue root.default --deploy-mode client /opt/spark-app/clean_yellow_tripdata.py
[2025-04-04T04:01:19.580+0000] {spark_submit.py:649} INFO - Using properties file: null
[2025-04-04T04:01:19.677+0000] {spark_submit.py:649} INFO - Parsed arguments:
[2025-04-04T04:01:19.678+0000] {spark_submit.py:649} INFO - master                  spark://spark-master:7077
[2025-04-04T04:01:19.679+0000] {spark_submit.py:649} INFO - remote                  null
[2025-04-04T04:01:19.679+0000] {spark_submit.py:649} INFO - deployMode              client
[2025-04-04T04:01:19.680+0000] {spark_submit.py:649} INFO - executorMemory          null
[2025-04-04T04:01:19.681+0000] {spark_submit.py:649} INFO - executorCores           null
[2025-04-04T04:01:19.682+0000] {spark_submit.py:649} INFO - totalExecutorCores      null
[2025-04-04T04:01:19.683+0000] {spark_submit.py:649} INFO - propertiesFile          null
[2025-04-04T04:01:19.684+0000] {spark_submit.py:649} INFO - driverMemory            null
[2025-04-04T04:01:19.685+0000] {spark_submit.py:649} INFO - driverCores             null
[2025-04-04T04:01:19.686+0000] {spark_submit.py:649} INFO - driverExtraClassPath    null
[2025-04-04T04:01:19.687+0000] {spark_submit.py:649} INFO - driverExtraLibraryPath  null
[2025-04-04T04:01:19.688+0000] {spark_submit.py:649} INFO - driverExtraJavaOptions  null
[2025-04-04T04:01:19.689+0000] {spark_submit.py:649} INFO - supervise               false
[2025-04-04T04:01:19.690+0000] {spark_submit.py:649} INFO - queue                   root.default
[2025-04-04T04:01:19.690+0000] {spark_submit.py:649} INFO - numExecutors            null
[2025-04-04T04:01:19.691+0000] {spark_submit.py:649} INFO - files                   null
[2025-04-04T04:01:19.691+0000] {spark_submit.py:649} INFO - pyFiles                 null
[2025-04-04T04:01:19.692+0000] {spark_submit.py:649} INFO - archives                null
[2025-04-04T04:01:19.693+0000] {spark_submit.py:649} INFO - mainClass               null
[2025-04-04T04:01:19.694+0000] {spark_submit.py:649} INFO - primaryResource         file:/opt/spark-app/clean_yellow_tripdata.py
[2025-04-04T04:01:19.694+0000] {spark_submit.py:649} INFO - name                    arrow-spark
[2025-04-04T04:01:19.695+0000] {spark_submit.py:649} INFO - childArgs               []
[2025-04-04T04:01:19.696+0000] {spark_submit.py:649} INFO - jars                    file:/opt/spark-extra-jars/hadoop-aws-3.3.6.jar,file:/opt/spark-extra-jars/aws-java-sdk-bundle-1.12.696.jar
[2025-04-04T04:01:19.697+0000] {spark_submit.py:649} INFO - packages                null
[2025-04-04T04:01:19.697+0000] {spark_submit.py:649} INFO - packagesExclusions      null
[2025-04-04T04:01:19.698+0000] {spark_submit.py:649} INFO - repositories            null
[2025-04-04T04:01:19.699+0000] {spark_submit.py:649} INFO - verbose                 true
[2025-04-04T04:01:19.700+0000] {spark_submit.py:649} INFO - 
[2025-04-04T04:01:19.700+0000] {spark_submit.py:649} INFO - Spark properties used, including those specified through
[2025-04-04T04:01:19.702+0000] {spark_submit.py:649} INFO - --conf and those from the properties file null:
[2025-04-04T04:01:19.702+0000] {spark_submit.py:649} INFO - (spark.hadoop.fs.s3a.impl,org.apache.hadoop.fs.s3a.S3AFileSystem)
[2025-04-04T04:01:19.703+0000] {spark_submit.py:649} INFO - (spark.master,spark://spark-master:7077)
[2025-04-04T04:01:19.704+0000] {spark_submit.py:649} INFO - 
[2025-04-04T04:01:19.705+0000] {spark_submit.py:649} INFO - 
[2025-04-04T04:01:19.960+0000] {spark_submit.py:649} INFO - 25/04/04 04:01:19 WARN NativeCodeLoader: Unable to load native-hadoop library for your platform... using builtin-java classes where applicable
[2025-04-04T04:01:20.130+0000] {spark_submit.py:649} INFO - Main class:
[2025-04-04T04:01:20.131+0000] {spark_submit.py:649} INFO - org.apache.spark.deploy.PythonRunner
[2025-04-04T04:01:20.132+0000] {spark_submit.py:649} INFO - Arguments:
[2025-04-04T04:01:20.132+0000] {spark_submit.py:649} INFO - file:/opt/spark-app/clean_yellow_tripdata.py
[2025-04-04T04:01:20.133+0000] {spark_submit.py:649} INFO - null
[2025-04-04T04:01:20.133+0000] {spark_submit.py:649} INFO - Spark config:
[2025-04-04T04:01:20.133+0000] {spark_submit.py:649} INFO - (spark.app.name,arrow-spark)
[2025-04-04T04:01:20.134+0000] {spark_submit.py:649} INFO - (spark.app.submitTime,1743739280104)
[2025-04-04T04:01:20.135+0000] {spark_submit.py:649} INFO - (spark.hadoop.fs.s3a.impl,org.apache.hadoop.fs.s3a.S3AFileSystem)
[2025-04-04T04:01:20.136+0000] {spark_submit.py:649} INFO - (spark.jars,file:/opt/spark-extra-jars/hadoop-aws-3.3.6.jar,file:/opt/spark-extra-jars/aws-java-sdk-bundle-1.12.696.jar)
[2025-04-04T04:01:20.136+0000] {spark_submit.py:649} INFO - (spark.master,spark://spark-master:7077)
[2025-04-04T04:01:20.137+0000] {spark_submit.py:649} INFO - (spark.repl.local.jars,file:/opt/spark-extra-jars/hadoop-aws-3.3.6.jar,file:/opt/spark-extra-jars/aws-java-sdk-bundle-1.12.696.jar)
[2025-04-04T04:01:20.137+0000] {spark_submit.py:649} INFO - (spark.submit.deployMode,client)
[2025-04-04T04:01:20.138+0000] {spark_submit.py:649} INFO - (spark.submit.pyFiles,)
[2025-04-04T04:01:20.138+0000] {spark_submit.py:649} INFO - Classpath elements:
[2025-04-04T04:01:20.138+0000] {spark_submit.py:649} INFO - file:/opt/spark-extra-jars/hadoop-aws-3.3.6.jar
[2025-04-04T04:01:20.139+0000] {spark_submit.py:649} INFO - file:/opt/spark-extra-jars/aws-java-sdk-bundle-1.12.696.jar
[2025-04-04T04:01:20.139+0000] {spark_submit.py:649} INFO - 
[2025-04-04T04:01:20.140+0000] {spark_submit.py:649} INFO - 
[2025-04-04T04:01:20.140+0000] {spark_submit.py:649} INFO - 25/04/04 04:01:20 WARN DependencyUtils: Local jar /opt/spark-extra-jars/hadoop-aws-3.3.6.jar does not exist, skipping.
[2025-04-04T04:01:20.141+0000] {spark_submit.py:649} INFO - 25/04/04 04:01:20 WARN DependencyUtils: Local jar /opt/spark-extra-jars/aws-java-sdk-bundle-1.12.696.jar does not exist, skipping.
[2025-04-04T04:01:20.995+0000] {spark_submit.py:649} INFO - 25/04/04 04:01:20 INFO SparkContext: Running Spark version 3.5.0
[2025-04-04T04:01:20.996+0000] {spark_submit.py:649} INFO - 25/04/04 04:01:20 INFO SparkContext: OS info Linux, 5.15.167.4-microsoft-standard-WSL2, amd64
[2025-04-04T04:01:20.997+0000] {spark_submit.py:649} INFO - 25/04/04 04:01:20 INFO SparkContext: Java version 17.0.14
[2025-04-04T04:01:21.027+0000] {spark_submit.py:649} INFO - 25/04/04 04:01:21 INFO ResourceUtils: ==============================================================
[2025-04-04T04:01:21.028+0000] {spark_submit.py:649} INFO - 25/04/04 04:01:21 INFO ResourceUtils: No custom resources configured for spark.driver.
[2025-04-04T04:01:21.028+0000] {spark_submit.py:649} INFO - 25/04/04 04:01:21 INFO ResourceUtils: ==============================================================
[2025-04-04T04:01:21.029+0000] {spark_submit.py:649} INFO - 25/04/04 04:01:21 INFO SparkContext: Submitted application: CleanYellowData
[2025-04-04T04:01:21.047+0000] {spark_submit.py:649} INFO - 25/04/04 04:01:21 INFO ResourceProfile: Default ResourceProfile created, executor resources: Map(memory -> name: memory, amount: 1024, script: , vendor: , offHeap -> name: offHeap, amount: 0, script: , vendor: ), task resources: Map(cpus -> name: cpus, amount: 1.0)
[2025-04-04T04:01:21.055+0000] {spark_submit.py:649} INFO - 25/04/04 04:01:21 INFO ResourceProfile: Limiting resource is cpu
[2025-04-04T04:01:21.056+0000] {spark_submit.py:649} INFO - 25/04/04 04:01:21 INFO ResourceProfileManager: Added ResourceProfile id: 0
[2025-04-04T04:01:21.110+0000] {spark_submit.py:649} INFO - 25/04/04 04:01:21 INFO SecurityManager: Changing view acls to: airflow
[2025-04-04T04:01:21.111+0000] {spark_submit.py:649} INFO - 25/04/04 04:01:21 INFO SecurityManager: Changing modify acls to: airflow
[2025-04-04T04:01:21.111+0000] {spark_submit.py:649} INFO - 25/04/04 04:01:21 INFO SecurityManager: Changing view acls groups to:
[2025-04-04T04:01:21.112+0000] {spark_submit.py:649} INFO - 25/04/04 04:01:21 INFO SecurityManager: Changing modify acls groups to:
[2025-04-04T04:01:21.112+0000] {spark_submit.py:649} INFO - 25/04/04 04:01:21 INFO SecurityManager: SecurityManager: authentication disabled; ui acls disabled; users with view permissions: airflow; groups with view permissions: EMPTY; users with modify permissions: airflow; groups with modify permissions: EMPTY
[2025-04-04T04:01:21.346+0000] {spark_submit.py:649} INFO - 25/04/04 04:01:21 INFO Utils: Successfully started service 'sparkDriver' on port 44351.
[2025-04-04T04:01:21.379+0000] {spark_submit.py:649} INFO - 25/04/04 04:01:21 INFO SparkEnv: Registering MapOutputTracker
[2025-04-04T04:01:21.422+0000] {spark_submit.py:649} INFO - 25/04/04 04:01:21 INFO SparkEnv: Registering BlockManagerMaster
[2025-04-04T04:01:21.440+0000] {spark_submit.py:649} INFO - 25/04/04 04:01:21 INFO BlockManagerMasterEndpoint: Using org.apache.spark.storage.DefaultTopologyMapper for getting topology information
[2025-04-04T04:01:21.441+0000] {spark_submit.py:649} INFO - 25/04/04 04:01:21 INFO BlockManagerMasterEndpoint: BlockManagerMasterEndpoint up
[2025-04-04T04:01:21.447+0000] {spark_submit.py:649} INFO - 25/04/04 04:01:21 INFO SparkEnv: Registering BlockManagerMasterHeartbeat
[2025-04-04T04:01:21.479+0000] {spark_submit.py:649} INFO - 25/04/04 04:01:21 INFO DiskBlockManager: Created local directory at /tmp/blockmgr-1872fa85-e7da-403c-a14d-045743539a0a
[2025-04-04T04:01:21.493+0000] {spark_submit.py:649} INFO - 25/04/04 04:01:21 INFO MemoryStore: MemoryStore started with capacity 434.4 MiB
[2025-04-04T04:01:21.510+0000] {spark_submit.py:649} INFO - 25/04/04 04:01:21 INFO SparkEnv: Registering OutputCommitCoordinator
[2025-04-04T04:01:21.639+0000] {spark_submit.py:649} INFO - 25/04/04 04:01:21 INFO JettyUtils: Start Jetty 0.0.0.0:4040 for SparkUI
[2025-04-04T04:01:21.714+0000] {spark_submit.py:649} INFO - 25/04/04 04:01:21 INFO Utils: Successfully started service 'SparkUI' on port 4040.
[2025-04-04T04:01:21.756+0000] {spark_submit.py:649} INFO - 25/04/04 04:01:21 ERROR SparkContext: Failed to add file:/opt/spark-extra-jars/hadoop-aws-3.3.6.jar to Spark environment
[2025-04-04T04:01:21.757+0000] {spark_submit.py:649} INFO - java.io.FileNotFoundException: Jar /opt/spark-extra-jars/hadoop-aws-3.3.6.jar not found
[2025-04-04T04:01:21.757+0000] {spark_submit.py:649} INFO - at org.apache.spark.SparkContext.addLocalJarFile$1(SparkContext.scala:2100)
[2025-04-04T04:01:21.758+0000] {spark_submit.py:649} INFO - at org.apache.spark.SparkContext.addJar(SparkContext.scala:2156)
[2025-04-04T04:01:21.759+0000] {spark_submit.py:649} INFO - at org.apache.spark.SparkContext.$anonfun$new$15(SparkContext.scala:526)
[2025-04-04T04:01:21.759+0000] {spark_submit.py:649} INFO - at org.apache.spark.SparkContext.$anonfun$new$15$adapted(SparkContext.scala:526)
[2025-04-04T04:01:21.760+0000] {spark_submit.py:649} INFO - at scala.collection.mutable.ResizableArray.foreach(ResizableArray.scala:62)
[2025-04-04T04:01:21.761+0000] {spark_submit.py:649} INFO - at scala.collection.mutable.ResizableArray.foreach$(ResizableArray.scala:55)
[2025-04-04T04:01:21.761+0000] {spark_submit.py:649} INFO - at scala.collection.mutable.ArrayBuffer.foreach(ArrayBuffer.scala:49)
[2025-04-04T04:01:21.762+0000] {spark_submit.py:649} INFO - at org.apache.spark.SparkContext.<init>(SparkContext.scala:526)
[2025-04-04T04:01:21.762+0000] {spark_submit.py:649} INFO - at org.apache.spark.api.java.JavaSparkContext.<init>(JavaSparkContext.scala:58)
[2025-04-04T04:01:21.763+0000] {spark_submit.py:649} INFO - at java.base/jdk.internal.reflect.NativeConstructorAccessorImpl.newInstance0(Native Method)
[2025-04-04T04:01:21.763+0000] {spark_submit.py:649} INFO - at java.base/jdk.internal.reflect.NativeConstructorAccessorImpl.newInstance(NativeConstructorAccessorImpl.java:77)
[2025-04-04T04:01:21.764+0000] {spark_submit.py:649} INFO - at java.base/jdk.internal.reflect.DelegatingConstructorAccessorImpl.newInstance(DelegatingConstructorAccessorImpl.java:45)
[2025-04-04T04:01:21.765+0000] {spark_submit.py:649} INFO - at java.base/java.lang.reflect.Constructor.newInstanceWithCaller(Constructor.java:500)
[2025-04-04T04:01:21.765+0000] {spark_submit.py:649} INFO - at java.base/java.lang.reflect.Constructor.newInstance(Constructor.java:481)
[2025-04-04T04:01:21.766+0000] {spark_submit.py:649} INFO - at py4j.reflection.MethodInvoker.invoke(MethodInvoker.java:247)
[2025-04-04T04:01:21.767+0000] {spark_submit.py:649} INFO - at py4j.reflection.ReflectionEngine.invoke(ReflectionEngine.java:374)
[2025-04-04T04:01:21.768+0000] {spark_submit.py:649} INFO - at py4j.Gateway.invoke(Gateway.java:238)
[2025-04-04T04:01:21.769+0000] {spark_submit.py:649} INFO - at py4j.commands.ConstructorCommand.invokeConstructor(ConstructorCommand.java:80)
[2025-04-04T04:01:21.770+0000] {spark_submit.py:649} INFO - at py4j.commands.ConstructorCommand.execute(ConstructorCommand.java:69)
[2025-04-04T04:01:21.770+0000] {spark_submit.py:649} INFO - at py4j.ClientServerConnection.waitForCommands(ClientServerConnection.java:182)
[2025-04-04T04:01:21.771+0000] {spark_submit.py:649} INFO - at py4j.ClientServerConnection.run(ClientServerConnection.java:106)
[2025-04-04T04:01:21.772+0000] {spark_submit.py:649} INFO - at java.base/java.lang.Thread.run(Thread.java:840)
[2025-04-04T04:01:21.772+0000] {spark_submit.py:649} INFO - 25/04/04 04:01:21 ERROR SparkContext: Failed to add file:/opt/spark-extra-jars/aws-java-sdk-bundle-1.12.696.jar to Spark environment
[2025-04-04T04:01:21.773+0000] {spark_submit.py:649} INFO - java.io.FileNotFoundException: Jar /opt/spark-extra-jars/aws-java-sdk-bundle-1.12.696.jar not found
[2025-04-04T04:01:21.773+0000] {spark_submit.py:649} INFO - at org.apache.spark.SparkContext.addLocalJarFile$1(SparkContext.scala:2100)
[2025-04-04T04:01:21.774+0000] {spark_submit.py:649} INFO - at org.apache.spark.SparkContext.addJar(SparkContext.scala:2156)
[2025-04-04T04:01:21.774+0000] {spark_submit.py:649} INFO - at org.apache.spark.SparkContext.$anonfun$new$15(SparkContext.scala:526)
[2025-04-04T04:01:21.775+0000] {spark_submit.py:649} INFO - at org.apache.spark.SparkContext.$anonfun$new$15$adapted(SparkContext.scala:526)
[2025-04-04T04:01:21.776+0000] {spark_submit.py:649} INFO - at scala.collection.mutable.ResizableArray.foreach(ResizableArray.scala:62)
[2025-04-04T04:01:21.776+0000] {spark_submit.py:649} INFO - at scala.collection.mutable.ResizableArray.foreach$(ResizableArray.scala:55)
[2025-04-04T04:01:21.777+0000] {spark_submit.py:649} INFO - at scala.collection.mutable.ArrayBuffer.foreach(ArrayBuffer.scala:49)
[2025-04-04T04:01:21.777+0000] {spark_submit.py:649} INFO - at org.apache.spark.SparkContext.<init>(SparkContext.scala:526)
[2025-04-04T04:01:21.778+0000] {spark_submit.py:649} INFO - at org.apache.spark.api.java.JavaSparkContext.<init>(JavaSparkContext.scala:58)
[2025-04-04T04:01:21.778+0000] {spark_submit.py:649} INFO - at java.base/jdk.internal.reflect.NativeConstructorAccessorImpl.newInstance0(Native Method)
[2025-04-04T04:01:21.779+0000] {spark_submit.py:649} INFO - at java.base/jdk.internal.reflect.NativeConstructorAccessorImpl.newInstance(NativeConstructorAccessorImpl.java:77)
[2025-04-04T04:01:21.779+0000] {spark_submit.py:649} INFO - at java.base/jdk.internal.reflect.DelegatingConstructorAccessorImpl.newInstance(DelegatingConstructorAccessorImpl.java:45)
[2025-04-04T04:01:21.779+0000] {spark_submit.py:649} INFO - at java.base/java.lang.reflect.Constructor.newInstanceWithCaller(Constructor.java:500)
[2025-04-04T04:01:21.780+0000] {spark_submit.py:649} INFO - at java.base/java.lang.reflect.Constructor.newInstance(Constructor.java:481)
[2025-04-04T04:01:21.780+0000] {spark_submit.py:649} INFO - at py4j.reflection.MethodInvoker.invoke(MethodInvoker.java:247)
[2025-04-04T04:01:21.780+0000] {spark_submit.py:649} INFO - at py4j.reflection.ReflectionEngine.invoke(ReflectionEngine.java:374)
[2025-04-04T04:01:21.781+0000] {spark_submit.py:649} INFO - at py4j.Gateway.invoke(Gateway.java:238)
[2025-04-04T04:01:21.781+0000] {spark_submit.py:649} INFO - at py4j.commands.ConstructorCommand.invokeConstructor(ConstructorCommand.java:80)
[2025-04-04T04:01:21.781+0000] {spark_submit.py:649} INFO - at py4j.commands.ConstructorCommand.execute(ConstructorCommand.java:69)
[2025-04-04T04:01:21.782+0000] {spark_submit.py:649} INFO - at py4j.ClientServerConnection.waitForCommands(ClientServerConnection.java:182)
[2025-04-04T04:01:21.783+0000] {spark_submit.py:649} INFO - at py4j.ClientServerConnection.run(ClientServerConnection.java:106)
[2025-04-04T04:01:21.783+0000] {spark_submit.py:649} INFO - at java.base/java.lang.Thread.run(Thread.java:840)
[2025-04-04T04:01:21.829+0000] {spark_submit.py:649} INFO - 25/04/04 04:01:21 INFO StandaloneAppClient$ClientEndpoint: Connecting to master spark://spark-master:7077...
[2025-04-04T04:01:21.884+0000] {spark_submit.py:649} INFO - 25/04/04 04:01:21 INFO TransportClientFactory: Successfully created connection to spark-master/172.24.0.5:7077 after 32 ms (0 ms spent in bootstraps)
[2025-04-04T04:01:22.053+0000] {spark_submit.py:649} INFO - 25/04/04 04:01:22 INFO StandaloneSchedulerBackend: Connected to Spark cluster with app ID app-20250404040122-0000
[2025-04-04T04:01:22.061+0000] {spark_submit.py:649} INFO - 25/04/04 04:01:22 INFO Utils: Successfully started service 'org.apache.spark.network.netty.NettyBlockTransferService' on port 34953.
[2025-04-04T04:01:22.062+0000] {spark_submit.py:649} INFO - 25/04/04 04:01:22 INFO NettyBlockTransferService: Server created on c82aa68c3e2c:34953
[2025-04-04T04:01:22.063+0000] {spark_submit.py:649} INFO - 25/04/04 04:01:22 INFO BlockManager: Using org.apache.spark.storage.RandomBlockReplicationPolicy for block replication policy
[2025-04-04T04:01:22.068+0000] {spark_submit.py:649} INFO - 25/04/04 04:01:22 INFO BlockManagerMaster: Registering BlockManager BlockManagerId(driver, c82aa68c3e2c, 34953, None)
[2025-04-04T04:01:22.073+0000] {spark_submit.py:649} INFO - 25/04/04 04:01:22 INFO BlockManagerMasterEndpoint: Registering block manager c82aa68c3e2c:34953 with 434.4 MiB RAM, BlockManagerId(driver, c82aa68c3e2c, 34953, None)
[2025-04-04T04:01:22.076+0000] {spark_submit.py:649} INFO - 25/04/04 04:01:22 INFO BlockManagerMaster: Registered BlockManager BlockManagerId(driver, c82aa68c3e2c, 34953, None)
[2025-04-04T04:01:22.077+0000] {spark_submit.py:649} INFO - 25/04/04 04:01:22 INFO StandaloneAppClient$ClientEndpoint: Executor added: app-20250404040122-0000/0 on worker-20250404040025-172.24.0.8-37225 (172.24.0.8:37225) with 2 core(s)
[2025-04-04T04:01:22.078+0000] {spark_submit.py:649} INFO - 25/04/04 04:01:22 INFO BlockManager: Initialized BlockManager: BlockManagerId(driver, c82aa68c3e2c, 34953, None)
[2025-04-04T04:01:22.080+0000] {spark_submit.py:649} INFO - 25/04/04 04:01:22 INFO StandaloneSchedulerBackend: Granted executor ID app-20250404040122-0000/0 on hostPort 172.24.0.8:37225 with 2 core(s), 1024.0 MiB RAM
[2025-04-04T04:01:22.254+0000] {spark_submit.py:649} INFO - 25/04/04 04:01:22 INFO StandaloneAppClient$ClientEndpoint: Executor updated: app-20250404040122-0000/0 is now RUNNING
[2025-04-04T04:01:22.296+0000] {spark_submit.py:649} INFO - 25/04/04 04:01:22 INFO StandaloneSchedulerBackend: SchedulerBackend is ready for scheduling beginning after reached minRegisteredResourcesRatio: 0.0
[2025-04-04T04:01:22.491+0000] {spark_submit.py:649} INFO - ✅ Spark session received from DAG
[2025-04-04T04:01:22.492+0000] {spark_submit.py:649} INFO - 📥 Reading raw data...
[2025-04-04T04:01:22.497+0000] {spark_submit.py:649} INFO - 25/04/04 04:01:22 INFO SharedState: Setting hive.metastore.warehouse.dir ('null') to the value of spark.sql.warehouse.dir.
[2025-04-04T04:01:22.499+0000] {spark_submit.py:649} INFO - 25/04/04 04:01:22 INFO SharedState: Warehouse path is 'file:/opt/airflow/spark-warehouse'.
[2025-04-04T04:01:23.425+0000] {spark_submit.py:649} INFO - 25/04/04 04:01:23 WARN FileStreamSink: Assume no metadata directory. Error while looking for metadata directory in the path: s3a://nyc-taxi/raw/yellow_tripdata_2023-01.parquet.
[2025-04-04T04:01:23.427+0000] {spark_submit.py:649} INFO - java.lang.RuntimeException: java.lang.ClassNotFoundException: Class org.apache.hadoop.fs.s3a.S3AFileSystem not found
[2025-04-04T04:01:23.428+0000] {spark_submit.py:649} INFO - at org.apache.hadoop.conf.Configuration.getClass(Configuration.java:2688)
[2025-04-04T04:01:23.429+0000] {spark_submit.py:649} INFO - at org.apache.hadoop.fs.FileSystem.getFileSystemClass(FileSystem.java:3431)
[2025-04-04T04:01:23.430+0000] {spark_submit.py:649} INFO - at org.apache.hadoop.fs.FileSystem.createFileSystem(FileSystem.java:3466)
[2025-04-04T04:01:23.431+0000] {spark_submit.py:649} INFO - at org.apache.hadoop.fs.FileSystem.access$300(FileSystem.java:174)
[2025-04-04T04:01:23.431+0000] {spark_submit.py:649} INFO - at org.apache.hadoop.fs.FileSystem$Cache.getInternal(FileSystem.java:3574)
[2025-04-04T04:01:23.432+0000] {spark_submit.py:649} INFO - at org.apache.hadoop.fs.FileSystem$Cache.get(FileSystem.java:3521)
[2025-04-04T04:01:23.433+0000] {spark_submit.py:649} INFO - at org.apache.hadoop.fs.FileSystem.get(FileSystem.java:540)
[2025-04-04T04:01:23.433+0000] {spark_submit.py:649} INFO - at org.apache.hadoop.fs.Path.getFileSystem(Path.java:365)
[2025-04-04T04:01:23.434+0000] {spark_submit.py:649} INFO - at org.apache.spark.sql.execution.streaming.FileStreamSink$.hasMetadata(FileStreamSink.scala:53)
[2025-04-04T04:01:23.435+0000] {spark_submit.py:649} INFO - at org.apache.spark.sql.execution.datasources.DataSource.resolveRelation(DataSource.scala:366)
[2025-04-04T04:01:23.436+0000] {spark_submit.py:649} INFO - at org.apache.spark.sql.DataFrameReader.loadV1Source(DataFrameReader.scala:229)
[2025-04-04T04:01:23.437+0000] {spark_submit.py:649} INFO - at org.apache.spark.sql.DataFrameReader.$anonfun$load$2(DataFrameReader.scala:211)
[2025-04-04T04:01:23.437+0000] {spark_submit.py:649} INFO - at scala.Option.getOrElse(Option.scala:189)
[2025-04-04T04:01:23.438+0000] {spark_submit.py:649} INFO - at org.apache.spark.sql.DataFrameReader.load(DataFrameReader.scala:211)
[2025-04-04T04:01:23.439+0000] {spark_submit.py:649} INFO - at org.apache.spark.sql.DataFrameReader.parquet(DataFrameReader.scala:563)
[2025-04-04T04:01:23.439+0000] {spark_submit.py:649} INFO - at java.base/jdk.internal.reflect.NativeMethodAccessorImpl.invoke0(Native Method)
[2025-04-04T04:01:23.440+0000] {spark_submit.py:649} INFO - at java.base/jdk.internal.reflect.NativeMethodAccessorImpl.invoke(NativeMethodAccessorImpl.java:77)
[2025-04-04T04:01:23.440+0000] {spark_submit.py:649} INFO - at java.base/jdk.internal.reflect.DelegatingMethodAccessorImpl.invoke(DelegatingMethodAccessorImpl.java:43)
[2025-04-04T04:01:23.441+0000] {spark_submit.py:649} INFO - at java.base/java.lang.reflect.Method.invoke(Method.java:569)
[2025-04-04T04:01:23.442+0000] {spark_submit.py:649} INFO - at py4j.reflection.MethodInvoker.invoke(MethodInvoker.java:244)
[2025-04-04T04:01:23.442+0000] {spark_submit.py:649} INFO - at py4j.reflection.ReflectionEngine.invoke(ReflectionEngine.java:374)
[2025-04-04T04:01:23.443+0000] {spark_submit.py:649} INFO - at py4j.Gateway.invoke(Gateway.java:282)
[2025-04-04T04:01:23.443+0000] {spark_submit.py:649} INFO - at py4j.commands.AbstractCommand.invokeMethod(AbstractCommand.java:132)
[2025-04-04T04:01:23.444+0000] {spark_submit.py:649} INFO - at py4j.commands.CallCommand.execute(CallCommand.java:79)
[2025-04-04T04:01:23.444+0000] {spark_submit.py:649} INFO - at py4j.ClientServerConnection.waitForCommands(ClientServerConnection.java:182)
[2025-04-04T04:01:23.445+0000] {spark_submit.py:649} INFO - at py4j.ClientServerConnection.run(ClientServerConnection.java:106)
[2025-04-04T04:01:23.445+0000] {spark_submit.py:649} INFO - at java.base/java.lang.Thread.run(Thread.java:840)
[2025-04-04T04:01:23.446+0000] {spark_submit.py:649} INFO - Caused by: java.lang.ClassNotFoundException: Class org.apache.hadoop.fs.s3a.S3AFileSystem not found
[2025-04-04T04:01:23.446+0000] {spark_submit.py:649} INFO - at org.apache.hadoop.conf.Configuration.getClassByName(Configuration.java:2592)
[2025-04-04T04:01:23.447+0000] {spark_submit.py:649} INFO - at org.apache.hadoop.conf.Configuration.getClass(Configuration.java:2686)
[2025-04-04T04:01:23.447+0000] {spark_submit.py:649} INFO - ... 26 more
[2025-04-04T04:01:23.573+0000] {spark_submit.py:649} INFO - Traceback (most recent call last):
[2025-04-04T04:01:23.575+0000] {spark_submit.py:649} INFO - File "/opt/spark-app/clean_yellow_tripdata.py", line 9, in <module>
[2025-04-04T04:01:23.579+0000] {spark_submit.py:649} INFO - clean_yellow_tripdata(spark)
[2025-04-04T04:01:23.580+0000] {spark_submit.py:649} INFO - File "/opt/pipeline/transform/clean_yellow_tripdata.py", line 9, in clean_yellow_tripdata
[2025-04-04T04:01:23.585+0000] {spark_submit.py:649} INFO - df = spark.read.parquet(raw_path)
[2025-04-04T04:01:23.586+0000] {spark_submit.py:649} INFO - File "/opt/spark/python/lib/pyspark.zip/pyspark/sql/readwriter.py", line 544, in parquet
[2025-04-04T04:01:23.587+0000] {spark_submit.py:649} INFO - File "/opt/spark/python/lib/py4j-0.10.9.7-src.zip/py4j/java_gateway.py", line 1322, in __call__
[2025-04-04T04:01:23.588+0000] {spark_submit.py:649} INFO - File "/opt/spark/python/lib/pyspark.zip/pyspark/errors/exceptions/captured.py", line 179, in deco
[2025-04-04T04:01:23.588+0000] {spark_submit.py:649} INFO - File "/opt/spark/python/lib/py4j-0.10.9.7-src.zip/py4j/protocol.py", line 326, in get_return_value
[2025-04-04T04:01:23.591+0000] {spark_submit.py:649} INFO - py4j.protocol.Py4JJavaError: An error occurred while calling o27.parquet.
[2025-04-04T04:01:23.592+0000] {spark_submit.py:649} INFO - : java.lang.RuntimeException: java.lang.ClassNotFoundException: Class org.apache.hadoop.fs.s3a.S3AFileSystem not found
[2025-04-04T04:01:23.593+0000] {spark_submit.py:649} INFO - at org.apache.hadoop.conf.Configuration.getClass(Configuration.java:2688)
[2025-04-04T04:01:23.594+0000] {spark_submit.py:649} INFO - at org.apache.hadoop.fs.FileSystem.getFileSystemClass(FileSystem.java:3431)
[2025-04-04T04:01:23.594+0000] {spark_submit.py:649} INFO - at org.apache.hadoop.fs.FileSystem.createFileSystem(FileSystem.java:3466)
[2025-04-04T04:01:23.595+0000] {spark_submit.py:649} INFO - at org.apache.hadoop.fs.FileSystem.access$300(FileSystem.java:174)
[2025-04-04T04:01:23.596+0000] {spark_submit.py:649} INFO - at org.apache.hadoop.fs.FileSystem$Cache.getInternal(FileSystem.java:3574)
[2025-04-04T04:01:23.596+0000] {spark_submit.py:649} INFO - at org.apache.hadoop.fs.FileSystem$Cache.get(FileSystem.java:3521)
[2025-04-04T04:01:23.598+0000] {spark_submit.py:649} INFO - at org.apache.hadoop.fs.FileSystem.get(FileSystem.java:540)
[2025-04-04T04:01:23.599+0000] {spark_submit.py:649} INFO - at org.apache.hadoop.fs.Path.getFileSystem(Path.java:365)
[2025-04-04T04:01:23.621+0000] {spark_submit.py:649} INFO - at org.apache.spark.sql.execution.datasources.DataSource$.$anonfun$checkAndGlobPathIfNecessary$1(DataSource.scala:724)
[2025-04-04T04:01:23.623+0000] {spark_submit.py:649} INFO - at scala.collection.immutable.List.map(List.scala:293)
[2025-04-04T04:01:23.624+0000] {spark_submit.py:649} INFO - at org.apache.spark.sql.execution.datasources.DataSource$.checkAndGlobPathIfNecessary(DataSource.scala:722)
[2025-04-04T04:01:23.625+0000] {spark_submit.py:649} INFO - at org.apache.spark.sql.execution.datasources.DataSource.checkAndGlobPathIfNecessary(DataSource.scala:551)
[2025-04-04T04:01:23.625+0000] {spark_submit.py:649} INFO - at org.apache.spark.sql.execution.datasources.DataSource.resolveRelation(DataSource.scala:404)
[2025-04-04T04:01:23.626+0000] {spark_submit.py:649} INFO - at org.apache.spark.sql.DataFrameReader.loadV1Source(DataFrameReader.scala:229)
[2025-04-04T04:01:23.627+0000] {spark_submit.py:649} INFO - at org.apache.spark.sql.DataFrameReader.$anonfun$load$2(DataFrameReader.scala:211)
[2025-04-04T04:01:23.628+0000] {spark_submit.py:649} INFO - at scala.Option.getOrElse(Option.scala:189)
[2025-04-04T04:01:23.628+0000] {spark_submit.py:649} INFO - at org.apache.spark.sql.DataFrameReader.load(DataFrameReader.scala:211)
[2025-04-04T04:01:23.629+0000] {spark_submit.py:649} INFO - at org.apache.spark.sql.DataFrameReader.parquet(DataFrameReader.scala:563)
[2025-04-04T04:01:23.629+0000] {spark_submit.py:649} INFO - at java.base/jdk.internal.reflect.NativeMethodAccessorImpl.invoke0(Native Method)
[2025-04-04T04:01:23.630+0000] {spark_submit.py:649} INFO - at java.base/jdk.internal.reflect.NativeMethodAccessorImpl.invoke(NativeMethodAccessorImpl.java:77)
[2025-04-04T04:01:23.631+0000] {spark_submit.py:649} INFO - at java.base/jdk.internal.reflect.DelegatingMethodAccessorImpl.invoke(DelegatingMethodAccessorImpl.java:43)
[2025-04-04T04:01:23.631+0000] {spark_submit.py:649} INFO - at java.base/java.lang.reflect.Method.invoke(Method.java:569)
[2025-04-04T04:01:23.632+0000] {spark_submit.py:649} INFO - at py4j.reflection.MethodInvoker.invoke(MethodInvoker.java:244)
[2025-04-04T04:01:23.633+0000] {spark_submit.py:649} INFO - at py4j.reflection.ReflectionEngine.invoke(ReflectionEngine.java:374)
[2025-04-04T04:01:23.633+0000] {spark_submit.py:649} INFO - at py4j.Gateway.invoke(Gateway.java:282)
[2025-04-04T04:01:23.634+0000] {spark_submit.py:649} INFO - at py4j.commands.AbstractCommand.invokeMethod(AbstractCommand.java:132)
[2025-04-04T04:01:23.634+0000] {spark_submit.py:649} INFO - at py4j.commands.CallCommand.execute(CallCommand.java:79)
[2025-04-04T04:01:23.635+0000] {spark_submit.py:649} INFO - at py4j.ClientServerConnection.waitForCommands(ClientServerConnection.java:182)
[2025-04-04T04:01:23.635+0000] {spark_submit.py:649} INFO - at py4j.ClientServerConnection.run(ClientServerConnection.java:106)
[2025-04-04T04:01:23.636+0000] {spark_submit.py:649} INFO - at java.base/java.lang.Thread.run(Thread.java:840)
[2025-04-04T04:01:23.636+0000] {spark_submit.py:649} INFO - Caused by: java.lang.ClassNotFoundException: Class org.apache.hadoop.fs.s3a.S3AFileSystem not found
[2025-04-04T04:01:23.637+0000] {spark_submit.py:649} INFO - at org.apache.hadoop.conf.Configuration.getClassByName(Configuration.java:2592)
[2025-04-04T04:01:23.637+0000] {spark_submit.py:649} INFO - at org.apache.hadoop.conf.Configuration.getClass(Configuration.java:2686)
[2025-04-04T04:01:23.638+0000] {spark_submit.py:649} INFO - ... 29 more
[2025-04-04T04:01:23.639+0000] {spark_submit.py:649} INFO - 
[2025-04-04T04:01:23.718+0000] {spark_submit.py:649} INFO - 25/04/04 04:01:23 INFO SparkContext: Invoking stop() from shutdown hook
[2025-04-04T04:01:23.719+0000] {spark_submit.py:649} INFO - 25/04/04 04:01:23 INFO SparkContext: SparkContext is stopping with exitCode 0.
[2025-04-04T04:01:23.729+0000] {spark_submit.py:649} INFO - 25/04/04 04:01:23 INFO SparkUI: Stopped Spark web UI at http://c82aa68c3e2c:4040
[2025-04-04T04:01:23.734+0000] {spark_submit.py:649} INFO - 25/04/04 04:01:23 INFO StandaloneSchedulerBackend: Shutting down all executors
[2025-04-04T04:01:23.738+0000] {spark_submit.py:649} INFO - 25/04/04 04:01:23 INFO StandaloneSchedulerBackend$StandaloneDriverEndpoint: Asking each executor to shut down
[2025-04-04T04:01:23.754+0000] {spark_submit.py:649} INFO - 25/04/04 04:01:23 INFO MapOutputTrackerMasterEndpoint: MapOutputTrackerMasterEndpoint stopped!
[2025-04-04T04:01:23.776+0000] {spark_submit.py:649} INFO - 25/04/04 04:01:23 INFO MemoryStore: MemoryStore cleared
[2025-04-04T04:01:23.777+0000] {spark_submit.py:649} INFO - 25/04/04 04:01:23 INFO BlockManager: BlockManager stopped
[2025-04-04T04:01:23.782+0000] {spark_submit.py:649} INFO - 25/04/04 04:01:23 INFO BlockManagerMaster: BlockManagerMaster stopped
[2025-04-04T04:01:23.785+0000] {spark_submit.py:649} INFO - 25/04/04 04:01:23 INFO OutputCommitCoordinator$OutputCommitCoordinatorEndpoint: OutputCommitCoordinator stopped!
[2025-04-04T04:01:23.797+0000] {spark_submit.py:649} INFO - 25/04/04 04:01:23 INFO SparkContext: Successfully stopped SparkContext
[2025-04-04T04:01:23.799+0000] {spark_submit.py:649} INFO - 25/04/04 04:01:23 INFO ShutdownHookManager: Shutdown hook called
[2025-04-04T04:01:23.801+0000] {spark_submit.py:649} INFO - 25/04/04 04:01:23 INFO ShutdownHookManager: Deleting directory /tmp/spark-e236cc2b-0bb8-4ddd-9ec7-5fcc11a075a9
[2025-04-04T04:01:23.828+0000] {spark_submit.py:649} INFO - 25/04/04 04:01:23 INFO ShutdownHookManager: Deleting directory /tmp/spark-e236cc2b-0bb8-4ddd-9ec7-5fcc11a075a9/pyspark-35930d92-8dff-4937-bfac-c9e1ec8e4574
[2025-04-04T04:01:23.834+0000] {spark_submit.py:649} INFO - 25/04/04 04:01:23 INFO ShutdownHookManager: Deleting directory /tmp/spark-ac83760e-e0f2-4ba4-a442-7c509d7a6e8e
[2025-04-04T04:01:23.888+0000] {taskinstance.py:2698} ERROR - Task failed with exception
Traceback (most recent call last):
  File "/home/airflow/.local/lib/python3.8/site-packages/airflow/models/taskinstance.py", line 433, in _execute_task
    result = execute_callable(context=context, **execute_callable_kwargs)
  File "/home/airflow/.local/lib/python3.8/site-packages/airflow/providers/apache/spark/operators/spark_submit.py", line 176, in execute
    self._hook.submit(self.application)
  File "/home/airflow/.local/lib/python3.8/site-packages/airflow/providers/apache/spark/hooks/spark_submit.py", line 575, in submit
    raise AirflowException(
airflow.exceptions.AirflowException: Cannot execute: spark-submit --master spark://spark-master:7077 --conf spark.master=spark://spark-master:7077 --conf spark.hadoop.fs.s3a.impl=org.apache.hadoop.fs.s3a.S3AFileSystem --jars /opt/spark-extra-jars/hadoop-aws-3.3.6.jar,/opt/spark-extra-jars/aws-java-sdk-bundle-1.12.696.jar --name arrow-spark --verbose --queue root.default --deploy-mode client /opt/spark-app/clean_yellow_tripdata.py. Error code is: 1.
[2025-04-04T04:01:23.899+0000] {taskinstance.py:1138} INFO - Marking task as UP_FOR_RETRY. dag_id=full_pipeline_dag, task_id=clean_data_spark, execution_date=20250404T033934, start_date=20250404T040118, end_date=20250404T040123
[2025-04-04T04:01:24.190+0000] {standard_task_runner.py:107} ERROR - Failed to execute job 245 for task clean_data_spark (Cannot execute: spark-submit --master spark://spark-master:7077 --conf spark.master=spark://spark-master:7077 --conf spark.hadoop.fs.s3a.impl=org.apache.hadoop.fs.s3a.S3AFileSystem --jars /opt/spark-extra-jars/hadoop-aws-3.3.6.jar,/opt/spark-extra-jars/aws-java-sdk-bundle-1.12.696.jar --name arrow-spark --verbose --queue root.default --deploy-mode client /opt/spark-app/clean_yellow_tripdata.py. Error code is: 1.; 57)
[2025-04-04T04:01:24.207+0000] {local_task_job_runner.py:234} INFO - Task exited with return code 1
[2025-04-04T04:01:24.255+0000] {taskinstance.py:3280} INFO - 0 downstream tasks scheduled from follow-on schedule check
