[2025-04-04T03:41:18.586+0000] {taskinstance.py:1956} INFO - Dependencies all met for dep_context=non-requeueable deps ti=<TaskInstance: full_pipeline_dag.clean_data_spark manual__2025-04-04T03:39:34.947255+00:00 [queued]>
[2025-04-04T03:41:18.614+0000] {taskinstance.py:1956} INFO - Dependencies all met for dep_context=requeueable deps ti=<TaskInstance: full_pipeline_dag.clean_data_spark manual__2025-04-04T03:39:34.947255+00:00 [queued]>
[2025-04-04T03:41:18.614+0000] {taskinstance.py:2170} INFO - Starting attempt 2 of 3
[2025-04-04T03:41:18.653+0000] {taskinstance.py:2191} INFO - Executing <Task(SparkSubmitOperator): clean_data_spark> on 2025-04-04 03:39:34.947255+00:00
[2025-04-04T03:41:18.657+0000] {standard_task_runner.py:60} INFO - Started process 921 to run task
[2025-04-04T03:41:18.660+0000] {standard_task_runner.py:87} INFO - Running: ['airflow', 'tasks', 'run', 'full_pipeline_dag', 'clean_data_spark', 'manual__2025-04-04T03:39:34.947255+00:00', '--job-id', '236', '--raw', '--subdir', 'DAGS_FOLDER/full_pipeline_dag.py', '--cfg-path', '/tmp/tmpxyvpsnls']
[2025-04-04T03:41:18.662+0000] {standard_task_runner.py:88} INFO - Job 236: Subtask clean_data_spark
[2025-04-04T03:41:18.714+0000] {logging_mixin.py:188} WARNING - /home/airflow/.local/lib/python3.8/site-packages/airflow/settings.py:194 DeprecationWarning: The sql_alchemy_conn option in [core] has been moved to the sql_alchemy_conn option in [database] - the old setting has been used, but please update your config.
[2025-04-04T03:41:18.777+0000] {task_command.py:423} INFO - Running <TaskInstance: full_pipeline_dag.clean_data_spark manual__2025-04-04T03:39:34.947255+00:00 [running]> on host d1dcd11a0d3d
[2025-04-04T03:41:18.930+0000] {taskinstance.py:2480} INFO - Exporting env vars: AIRFLOW_CTX_DAG_OWNER='airflow' AIRFLOW_CTX_DAG_ID='full_pipeline_dag' AIRFLOW_CTX_TASK_ID='clean_data_spark' AIRFLOW_CTX_EXECUTION_DATE='2025-04-04T03:39:34.947255+00:00' AIRFLOW_CTX_TRY_NUMBER='2' AIRFLOW_CTX_DAG_RUN_ID='manual__2025-04-04T03:39:34.947255+00:00'
[2025-04-04T03:41:18.944+0000] {base.py:83} INFO - Using connection ID 'spark_default' for task execution.
[2025-04-04T03:41:18.945+0000] {spark_submit.py:473} INFO - Spark-Submit cmd: spark-submit --master spark://spark-master:7077 --conf spark.master=spark://spark-master:7077 --jars /opt/spark/jars/hadoop-aws-3.3.6.jar,/opt/spark/jars/aws-java-sdk-bundle-1.12.696.jar --name arrow-spark --verbose --queue root.default --deploy-mode client /opt/spark-app/clean_yellow_tripdata.py
[2025-04-04T03:41:20.170+0000] {spark_submit.py:649} INFO - Using properties file: null
[2025-04-04T03:41:20.264+0000] {spark_submit.py:649} INFO - Parsed arguments:
[2025-04-04T03:41:20.265+0000] {spark_submit.py:649} INFO - master                  spark://spark-master:7077
[2025-04-04T03:41:20.265+0000] {spark_submit.py:649} INFO - remote                  null
[2025-04-04T03:41:20.266+0000] {spark_submit.py:649} INFO - deployMode              client
[2025-04-04T03:41:20.266+0000] {spark_submit.py:649} INFO - executorMemory          null
[2025-04-04T03:41:20.267+0000] {spark_submit.py:649} INFO - executorCores           null
[2025-04-04T03:41:20.267+0000] {spark_submit.py:649} INFO - totalExecutorCores      null
[2025-04-04T03:41:20.268+0000] {spark_submit.py:649} INFO - propertiesFile          null
[2025-04-04T03:41:20.269+0000] {spark_submit.py:649} INFO - driverMemory            null
[2025-04-04T03:41:20.269+0000] {spark_submit.py:649} INFO - driverCores             null
[2025-04-04T03:41:20.269+0000] {spark_submit.py:649} INFO - driverExtraClassPath    null
[2025-04-04T03:41:20.270+0000] {spark_submit.py:649} INFO - driverExtraLibraryPath  null
[2025-04-04T03:41:20.270+0000] {spark_submit.py:649} INFO - driverExtraJavaOptions  null
[2025-04-04T03:41:20.271+0000] {spark_submit.py:649} INFO - supervise               false
[2025-04-04T03:41:20.271+0000] {spark_submit.py:649} INFO - queue                   root.default
[2025-04-04T03:41:20.272+0000] {spark_submit.py:649} INFO - numExecutors            null
[2025-04-04T03:41:20.272+0000] {spark_submit.py:649} INFO - files                   null
[2025-04-04T03:41:20.273+0000] {spark_submit.py:649} INFO - pyFiles                 null
[2025-04-04T03:41:20.274+0000] {spark_submit.py:649} INFO - archives                null
[2025-04-04T03:41:20.274+0000] {spark_submit.py:649} INFO - mainClass               null
[2025-04-04T03:41:20.275+0000] {spark_submit.py:649} INFO - primaryResource         file:/opt/spark-app/clean_yellow_tripdata.py
[2025-04-04T03:41:20.275+0000] {spark_submit.py:649} INFO - name                    arrow-spark
[2025-04-04T03:41:20.276+0000] {spark_submit.py:649} INFO - childArgs               []
[2025-04-04T03:41:20.276+0000] {spark_submit.py:649} INFO - jars                    file:/opt/spark-3.5.0-bin-hadoop3/jars/hadoop-aws-3.3.6.jar,file:/opt/spark-3.5.0-bin-hadoop3/jars/aws-java-sdk-bundle-1.12.696.jar
[2025-04-04T03:41:20.277+0000] {spark_submit.py:649} INFO - packages                null
[2025-04-04T03:41:20.277+0000] {spark_submit.py:649} INFO - packagesExclusions      null
[2025-04-04T03:41:20.278+0000] {spark_submit.py:649} INFO - repositories            null
[2025-04-04T03:41:20.279+0000] {spark_submit.py:649} INFO - verbose                 true
[2025-04-04T03:41:20.279+0000] {spark_submit.py:649} INFO - 
[2025-04-04T03:41:20.280+0000] {spark_submit.py:649} INFO - Spark properties used, including those specified through
[2025-04-04T03:41:20.280+0000] {spark_submit.py:649} INFO - --conf and those from the properties file null:
[2025-04-04T03:41:20.281+0000] {spark_submit.py:649} INFO - (spark.master,spark://spark-master:7077)
[2025-04-04T03:41:20.281+0000] {spark_submit.py:649} INFO - 
[2025-04-04T03:41:20.282+0000] {spark_submit.py:649} INFO - 
[2025-04-04T03:41:20.514+0000] {spark_submit.py:649} INFO - 25/04/04 03:41:20 WARN NativeCodeLoader: Unable to load native-hadoop library for your platform... using builtin-java classes where applicable
[2025-04-04T03:41:20.651+0000] {spark_submit.py:649} INFO - Main class:
[2025-04-04T03:41:20.652+0000] {spark_submit.py:649} INFO - org.apache.spark.deploy.PythonRunner
[2025-04-04T03:41:20.653+0000] {spark_submit.py:649} INFO - Arguments:
[2025-04-04T03:41:20.653+0000] {spark_submit.py:649} INFO - file:/opt/spark-app/clean_yellow_tripdata.py
[2025-04-04T03:41:20.654+0000] {spark_submit.py:649} INFO - null
[2025-04-04T03:41:20.654+0000] {spark_submit.py:649} INFO - Spark config:
[2025-04-04T03:41:20.655+0000] {spark_submit.py:649} INFO - (spark.app.name,arrow-spark)
[2025-04-04T03:41:20.655+0000] {spark_submit.py:649} INFO - (spark.app.submitTime,1743738080638)
[2025-04-04T03:41:20.656+0000] {spark_submit.py:649} INFO - (spark.jars,file:/opt/spark-3.5.0-bin-hadoop3/jars/hadoop-aws-3.3.6.jar,file:/opt/spark-3.5.0-bin-hadoop3/jars/aws-java-sdk-bundle-1.12.696.jar)
[2025-04-04T03:41:20.656+0000] {spark_submit.py:649} INFO - (spark.master,spark://spark-master:7077)
[2025-04-04T03:41:20.657+0000] {spark_submit.py:649} INFO - (spark.repl.local.jars,file:/opt/spark-3.5.0-bin-hadoop3/jars/hadoop-aws-3.3.6.jar,file:/opt/spark-3.5.0-bin-hadoop3/jars/aws-java-sdk-bundle-1.12.696.jar)
[2025-04-04T03:41:20.657+0000] {spark_submit.py:649} INFO - (spark.submit.deployMode,client)
[2025-04-04T03:41:20.657+0000] {spark_submit.py:649} INFO - (spark.submit.pyFiles,)
[2025-04-04T03:41:20.658+0000] {spark_submit.py:649} INFO - Classpath elements:
[2025-04-04T03:41:20.659+0000] {spark_submit.py:649} INFO - file:/opt/spark-3.5.0-bin-hadoop3/jars/hadoop-aws-3.3.6.jar
[2025-04-04T03:41:20.659+0000] {spark_submit.py:649} INFO - file:/opt/spark-3.5.0-bin-hadoop3/jars/aws-java-sdk-bundle-1.12.696.jar
[2025-04-04T03:41:20.660+0000] {spark_submit.py:649} INFO - 
[2025-04-04T03:41:20.660+0000] {spark_submit.py:649} INFO - 
[2025-04-04T03:41:20.661+0000] {spark_submit.py:649} INFO - 25/04/04 03:41:20 WARN DependencyUtils: Local jar /opt/spark-3.5.0-bin-hadoop3/jars/hadoop-aws-3.3.6.jar does not exist, skipping.
[2025-04-04T03:41:20.661+0000] {spark_submit.py:649} INFO - 25/04/04 03:41:20 WARN DependencyUtils: Local jar /opt/spark-3.5.0-bin-hadoop3/jars/aws-java-sdk-bundle-1.12.696.jar does not exist, skipping.
[2025-04-04T03:41:21.512+0000] {spark_submit.py:649} INFO - 25/04/04 03:41:21 INFO SparkContext: Running Spark version 3.5.0
[2025-04-04T03:41:21.513+0000] {spark_submit.py:649} INFO - 25/04/04 03:41:21 INFO SparkContext: OS info Linux, 5.15.167.4-microsoft-standard-WSL2, amd64
[2025-04-04T03:41:21.514+0000] {spark_submit.py:649} INFO - 25/04/04 03:41:21 INFO SparkContext: Java version 17.0.14
[2025-04-04T03:41:21.618+0000] {spark_submit.py:649} INFO - 25/04/04 03:41:21 INFO ResourceUtils: ==============================================================
[2025-04-04T03:41:21.619+0000] {spark_submit.py:649} INFO - 25/04/04 03:41:21 INFO ResourceUtils: No custom resources configured for spark.driver.
[2025-04-04T03:41:21.620+0000] {spark_submit.py:649} INFO - 25/04/04 03:41:21 INFO ResourceUtils: ==============================================================
[2025-04-04T03:41:21.621+0000] {spark_submit.py:649} INFO - 25/04/04 03:41:21 INFO SparkContext: Submitted application: CleanYellowData
[2025-04-04T03:41:21.655+0000] {spark_submit.py:649} INFO - 25/04/04 03:41:21 INFO ResourceProfile: Default ResourceProfile created, executor resources: Map(memory -> name: memory, amount: 1024, script: , vendor: , offHeap -> name: offHeap, amount: 0, script: , vendor: ), task resources: Map(cpus -> name: cpus, amount: 1.0)
[2025-04-04T03:41:21.667+0000] {spark_submit.py:649} INFO - 25/04/04 03:41:21 INFO ResourceProfile: Limiting resource is cpu
[2025-04-04T03:41:21.669+0000] {spark_submit.py:649} INFO - 25/04/04 03:41:21 INFO ResourceProfileManager: Added ResourceProfile id: 0
[2025-04-04T03:41:21.766+0000] {spark_submit.py:649} INFO - 25/04/04 03:41:21 INFO SecurityManager: Changing view acls to: airflow
[2025-04-04T03:41:21.768+0000] {spark_submit.py:649} INFO - 25/04/04 03:41:21 INFO SecurityManager: Changing modify acls to: airflow
[2025-04-04T03:41:21.769+0000] {spark_submit.py:649} INFO - 25/04/04 03:41:21 INFO SecurityManager: Changing view acls groups to:
[2025-04-04T03:41:21.775+0000] {spark_submit.py:649} INFO - 25/04/04 03:41:21 INFO SecurityManager: Changing modify acls groups to:
[2025-04-04T03:41:21.789+0000] {spark_submit.py:649} INFO - 25/04/04 03:41:21 INFO SecurityManager: SecurityManager: authentication disabled; ui acls disabled; users with view permissions: airflow; groups with view permissions: EMPTY; users with modify permissions: airflow; groups with modify permissions: EMPTY
[2025-04-04T03:41:21.989+0000] {spark_submit.py:649} INFO - 25/04/04 03:41:21 INFO Utils: Successfully started service 'sparkDriver' on port 43933.
[2025-04-04T03:41:22.017+0000] {spark_submit.py:649} INFO - 25/04/04 03:41:22 INFO SparkEnv: Registering MapOutputTracker
[2025-04-04T03:41:22.063+0000] {spark_submit.py:649} INFO - 25/04/04 03:41:22 INFO SparkEnv: Registering BlockManagerMaster
[2025-04-04T03:41:22.080+0000] {spark_submit.py:649} INFO - 25/04/04 03:41:22 INFO BlockManagerMasterEndpoint: Using org.apache.spark.storage.DefaultTopologyMapper for getting topology information
[2025-04-04T03:41:22.081+0000] {spark_submit.py:649} INFO - 25/04/04 03:41:22 INFO BlockManagerMasterEndpoint: BlockManagerMasterEndpoint up
[2025-04-04T03:41:22.088+0000] {spark_submit.py:649} INFO - 25/04/04 03:41:22 INFO SparkEnv: Registering BlockManagerMasterHeartbeat
[2025-04-04T03:41:22.121+0000] {spark_submit.py:649} INFO - 25/04/04 03:41:22 INFO DiskBlockManager: Created local directory at /tmp/blockmgr-0247fd3e-3e2f-4ed7-9a8b-5a04b96d7320
[2025-04-04T03:41:22.141+0000] {spark_submit.py:649} INFO - 25/04/04 03:41:22 INFO MemoryStore: MemoryStore started with capacity 434.4 MiB
[2025-04-04T03:41:22.162+0000] {spark_submit.py:649} INFO - 25/04/04 03:41:22 INFO SparkEnv: Registering OutputCommitCoordinator
[2025-04-04T03:41:22.305+0000] {spark_submit.py:649} INFO - 25/04/04 03:41:22 INFO JettyUtils: Start Jetty 0.0.0.0:4040 for SparkUI
[2025-04-04T03:41:22.379+0000] {spark_submit.py:649} INFO - 25/04/04 03:41:22 INFO Utils: Successfully started service 'SparkUI' on port 4040.
[2025-04-04T03:41:22.416+0000] {spark_submit.py:649} INFO - 25/04/04 03:41:22 ERROR SparkContext: Failed to add file:/opt/spark-3.5.0-bin-hadoop3/jars/hadoop-aws-3.3.6.jar to Spark environment
[2025-04-04T03:41:22.417+0000] {spark_submit.py:649} INFO - java.io.FileNotFoundException: Jar /opt/spark-3.5.0-bin-hadoop3/jars/hadoop-aws-3.3.6.jar not found
[2025-04-04T03:41:22.418+0000] {spark_submit.py:649} INFO - at org.apache.spark.SparkContext.addLocalJarFile$1(SparkContext.scala:2100)
[2025-04-04T03:41:22.418+0000] {spark_submit.py:649} INFO - at org.apache.spark.SparkContext.addJar(SparkContext.scala:2156)
[2025-04-04T03:41:22.419+0000] {spark_submit.py:649} INFO - at org.apache.spark.SparkContext.$anonfun$new$15(SparkContext.scala:526)
[2025-04-04T03:41:22.420+0000] {spark_submit.py:649} INFO - at org.apache.spark.SparkContext.$anonfun$new$15$adapted(SparkContext.scala:526)
[2025-04-04T03:41:22.420+0000] {spark_submit.py:649} INFO - at scala.collection.mutable.ResizableArray.foreach(ResizableArray.scala:62)
[2025-04-04T03:41:22.421+0000] {spark_submit.py:649} INFO - at scala.collection.mutable.ResizableArray.foreach$(ResizableArray.scala:55)
[2025-04-04T03:41:22.421+0000] {spark_submit.py:649} INFO - at scala.collection.mutable.ArrayBuffer.foreach(ArrayBuffer.scala:49)
[2025-04-04T03:41:22.421+0000] {spark_submit.py:649} INFO - at org.apache.spark.SparkContext.<init>(SparkContext.scala:526)
[2025-04-04T03:41:22.422+0000] {spark_submit.py:649} INFO - at org.apache.spark.api.java.JavaSparkContext.<init>(JavaSparkContext.scala:58)
[2025-04-04T03:41:22.422+0000] {spark_submit.py:649} INFO - at java.base/jdk.internal.reflect.NativeConstructorAccessorImpl.newInstance0(Native Method)
[2025-04-04T03:41:22.423+0000] {spark_submit.py:649} INFO - at java.base/jdk.internal.reflect.NativeConstructorAccessorImpl.newInstance(NativeConstructorAccessorImpl.java:77)
[2025-04-04T03:41:22.424+0000] {spark_submit.py:649} INFO - at java.base/jdk.internal.reflect.DelegatingConstructorAccessorImpl.newInstance(DelegatingConstructorAccessorImpl.java:45)
[2025-04-04T03:41:22.424+0000] {spark_submit.py:649} INFO - at java.base/java.lang.reflect.Constructor.newInstanceWithCaller(Constructor.java:500)
[2025-04-04T03:41:22.425+0000] {spark_submit.py:649} INFO - at java.base/java.lang.reflect.Constructor.newInstance(Constructor.java:481)
[2025-04-04T03:41:22.426+0000] {spark_submit.py:649} INFO - at py4j.reflection.MethodInvoker.invoke(MethodInvoker.java:247)
[2025-04-04T03:41:22.426+0000] {spark_submit.py:649} INFO - at py4j.reflection.ReflectionEngine.invoke(ReflectionEngine.java:374)
[2025-04-04T03:41:22.427+0000] {spark_submit.py:649} INFO - at py4j.Gateway.invoke(Gateway.java:238)
[2025-04-04T03:41:22.428+0000] {spark_submit.py:649} INFO - at py4j.commands.ConstructorCommand.invokeConstructor(ConstructorCommand.java:80)
[2025-04-04T03:41:22.428+0000] {spark_submit.py:649} INFO - at py4j.commands.ConstructorCommand.execute(ConstructorCommand.java:69)
[2025-04-04T03:41:22.429+0000] {spark_submit.py:649} INFO - at py4j.ClientServerConnection.waitForCommands(ClientServerConnection.java:182)
[2025-04-04T03:41:22.430+0000] {spark_submit.py:649} INFO - at py4j.ClientServerConnection.run(ClientServerConnection.java:106)
[2025-04-04T03:41:22.430+0000] {spark_submit.py:649} INFO - at java.base/java.lang.Thread.run(Thread.java:840)
[2025-04-04T03:41:22.431+0000] {spark_submit.py:649} INFO - 25/04/04 03:41:22 ERROR SparkContext: Failed to add file:/opt/spark-3.5.0-bin-hadoop3/jars/aws-java-sdk-bundle-1.12.696.jar to Spark environment
[2025-04-04T03:41:22.431+0000] {spark_submit.py:649} INFO - java.io.FileNotFoundException: Jar /opt/spark-3.5.0-bin-hadoop3/jars/aws-java-sdk-bundle-1.12.696.jar not found
[2025-04-04T03:41:22.432+0000] {spark_submit.py:649} INFO - at org.apache.spark.SparkContext.addLocalJarFile$1(SparkContext.scala:2100)
[2025-04-04T03:41:22.433+0000] {spark_submit.py:649} INFO - at org.apache.spark.SparkContext.addJar(SparkContext.scala:2156)
[2025-04-04T03:41:22.433+0000] {spark_submit.py:649} INFO - at org.apache.spark.SparkContext.$anonfun$new$15(SparkContext.scala:526)
[2025-04-04T03:41:22.434+0000] {spark_submit.py:649} INFO - at org.apache.spark.SparkContext.$anonfun$new$15$adapted(SparkContext.scala:526)
[2025-04-04T03:41:22.435+0000] {spark_submit.py:649} INFO - at scala.collection.mutable.ResizableArray.foreach(ResizableArray.scala:62)
[2025-04-04T03:41:22.435+0000] {spark_submit.py:649} INFO - at scala.collection.mutable.ResizableArray.foreach$(ResizableArray.scala:55)
[2025-04-04T03:41:22.436+0000] {spark_submit.py:649} INFO - at scala.collection.mutable.ArrayBuffer.foreach(ArrayBuffer.scala:49)
[2025-04-04T03:41:22.436+0000] {spark_submit.py:649} INFO - at org.apache.spark.SparkContext.<init>(SparkContext.scala:526)
[2025-04-04T03:41:22.437+0000] {spark_submit.py:649} INFO - at org.apache.spark.api.java.JavaSparkContext.<init>(JavaSparkContext.scala:58)
[2025-04-04T03:41:22.437+0000] {spark_submit.py:649} INFO - at java.base/jdk.internal.reflect.NativeConstructorAccessorImpl.newInstance0(Native Method)
[2025-04-04T03:41:22.438+0000] {spark_submit.py:649} INFO - at java.base/jdk.internal.reflect.NativeConstructorAccessorImpl.newInstance(NativeConstructorAccessorImpl.java:77)
[2025-04-04T03:41:22.438+0000] {spark_submit.py:649} INFO - at java.base/jdk.internal.reflect.DelegatingConstructorAccessorImpl.newInstance(DelegatingConstructorAccessorImpl.java:45)
[2025-04-04T03:41:22.439+0000] {spark_submit.py:649} INFO - at java.base/java.lang.reflect.Constructor.newInstanceWithCaller(Constructor.java:500)
[2025-04-04T03:41:22.439+0000] {spark_submit.py:649} INFO - at java.base/java.lang.reflect.Constructor.newInstance(Constructor.java:481)
[2025-04-04T03:41:22.440+0000] {spark_submit.py:649} INFO - at py4j.reflection.MethodInvoker.invoke(MethodInvoker.java:247)
[2025-04-04T03:41:22.441+0000] {spark_submit.py:649} INFO - at py4j.reflection.ReflectionEngine.invoke(ReflectionEngine.java:374)
[2025-04-04T03:41:22.441+0000] {spark_submit.py:649} INFO - at py4j.Gateway.invoke(Gateway.java:238)
[2025-04-04T03:41:22.442+0000] {spark_submit.py:649} INFO - at py4j.commands.ConstructorCommand.invokeConstructor(ConstructorCommand.java:80)
[2025-04-04T03:41:22.442+0000] {spark_submit.py:649} INFO - at py4j.commands.ConstructorCommand.execute(ConstructorCommand.java:69)
[2025-04-04T03:41:22.443+0000] {spark_submit.py:649} INFO - at py4j.ClientServerConnection.waitForCommands(ClientServerConnection.java:182)
[2025-04-04T03:41:22.444+0000] {spark_submit.py:649} INFO - at py4j.ClientServerConnection.run(ClientServerConnection.java:106)
[2025-04-04T03:41:22.444+0000] {spark_submit.py:649} INFO - at java.base/java.lang.Thread.run(Thread.java:840)
[2025-04-04T03:41:22.499+0000] {spark_submit.py:649} INFO - 25/04/04 03:41:22 INFO StandaloneAppClient$ClientEndpoint: Connecting to master spark://spark-master:7077...
[2025-04-04T03:41:22.544+0000] {spark_submit.py:649} INFO - 25/04/04 03:41:22 INFO TransportClientFactory: Successfully created connection to spark-master/172.24.0.5:7077 after 21 ms (0 ms spent in bootstraps)
[2025-04-04T03:41:22.634+0000] {spark_submit.py:649} INFO - 25/04/04 03:41:22 INFO StandaloneSchedulerBackend: Connected to Spark cluster with app ID app-20250404034122-0004
[2025-04-04T03:41:22.636+0000] {spark_submit.py:649} INFO - 25/04/04 03:41:22 INFO StandaloneAppClient$ClientEndpoint: Executor added: app-20250404034122-0004/0 on worker-20250404033545-172.24.0.7-44149 (172.24.0.7:44149) with 2 core(s)
[2025-04-04T03:41:22.638+0000] {spark_submit.py:649} INFO - 25/04/04 03:41:22 INFO StandaloneSchedulerBackend: Granted executor ID app-20250404034122-0004/0 on hostPort 172.24.0.7:44149 with 2 core(s), 1024.0 MiB RAM
[2025-04-04T03:41:22.643+0000] {spark_submit.py:649} INFO - 25/04/04 03:41:22 INFO Utils: Successfully started service 'org.apache.spark.network.netty.NettyBlockTransferService' on port 36613.
[2025-04-04T03:41:22.644+0000] {spark_submit.py:649} INFO - 25/04/04 03:41:22 INFO NettyBlockTransferService: Server created on d1dcd11a0d3d:36613
[2025-04-04T03:41:22.645+0000] {spark_submit.py:649} INFO - 25/04/04 03:41:22 INFO BlockManager: Using org.apache.spark.storage.RandomBlockReplicationPolicy for block replication policy
[2025-04-04T03:41:22.650+0000] {spark_submit.py:649} INFO - 25/04/04 03:41:22 INFO BlockManagerMaster: Registering BlockManager BlockManagerId(driver, d1dcd11a0d3d, 36613, None)
[2025-04-04T03:41:22.654+0000] {spark_submit.py:649} INFO - 25/04/04 03:41:22 INFO BlockManagerMasterEndpoint: Registering block manager d1dcd11a0d3d:36613 with 434.4 MiB RAM, BlockManagerId(driver, d1dcd11a0d3d, 36613, None)
[2025-04-04T03:41:22.657+0000] {spark_submit.py:649} INFO - 25/04/04 03:41:22 INFO BlockManagerMaster: Registered BlockManager BlockManagerId(driver, d1dcd11a0d3d, 36613, None)
[2025-04-04T03:41:22.659+0000] {spark_submit.py:649} INFO - 25/04/04 03:41:22 INFO BlockManager: Initialized BlockManager: BlockManagerId(driver, d1dcd11a0d3d, 36613, None)
[2025-04-04T03:41:22.674+0000] {spark_submit.py:649} INFO - 25/04/04 03:41:22 INFO StandaloneAppClient$ClientEndpoint: Executor updated: app-20250404034122-0004/0 is now RUNNING
[2025-04-04T03:41:22.846+0000] {spark_submit.py:649} INFO - 25/04/04 03:41:22 INFO StandaloneSchedulerBackend: SchedulerBackend is ready for scheduling beginning after reached minRegisteredResourcesRatio: 0.0
[2025-04-04T03:41:23.008+0000] {spark_submit.py:649} INFO - ✅ Spark session received from DAG
[2025-04-04T03:41:23.009+0000] {spark_submit.py:649} INFO - 📥 Reading raw data...
[2025-04-04T03:41:23.014+0000] {spark_submit.py:649} INFO - 25/04/04 03:41:23 INFO SharedState: Setting hive.metastore.warehouse.dir ('null') to the value of spark.sql.warehouse.dir.
[2025-04-04T03:41:23.017+0000] {spark_submit.py:649} INFO - 25/04/04 03:41:23 INFO SharedState: Warehouse path is 'file:/opt/airflow/spark-warehouse'.
[2025-04-04T03:41:23.776+0000] {spark_submit.py:649} INFO - 25/04/04 03:41:23 WARN FileStreamSink: Assume no metadata directory. Error while looking for metadata directory in the path: s3a://nyc-taxi/raw/yellow_tripdata_2023-01.parquet.
[2025-04-04T03:41:23.778+0000] {spark_submit.py:649} INFO - java.lang.RuntimeException: java.lang.ClassNotFoundException: Class org.apache.hadoop.fs.s3a.S3AFileSystem not found
[2025-04-04T03:41:23.779+0000] {spark_submit.py:649} INFO - at org.apache.hadoop.conf.Configuration.getClass(Configuration.java:2688)
[2025-04-04T03:41:23.779+0000] {spark_submit.py:649} INFO - at org.apache.hadoop.fs.FileSystem.getFileSystemClass(FileSystem.java:3431)
[2025-04-04T03:41:23.780+0000] {spark_submit.py:649} INFO - at org.apache.hadoop.fs.FileSystem.createFileSystem(FileSystem.java:3466)
[2025-04-04T03:41:23.781+0000] {spark_submit.py:649} INFO - at org.apache.hadoop.fs.FileSystem.access$300(FileSystem.java:174)
[2025-04-04T03:41:23.781+0000] {spark_submit.py:649} INFO - at org.apache.hadoop.fs.FileSystem$Cache.getInternal(FileSystem.java:3574)
[2025-04-04T03:41:23.782+0000] {spark_submit.py:649} INFO - at org.apache.hadoop.fs.FileSystem$Cache.get(FileSystem.java:3521)
[2025-04-04T03:41:23.783+0000] {spark_submit.py:649} INFO - at org.apache.hadoop.fs.FileSystem.get(FileSystem.java:540)
[2025-04-04T03:41:23.783+0000] {spark_submit.py:649} INFO - at org.apache.hadoop.fs.Path.getFileSystem(Path.java:365)
[2025-04-04T03:41:23.784+0000] {spark_submit.py:649} INFO - at org.apache.spark.sql.execution.streaming.FileStreamSink$.hasMetadata(FileStreamSink.scala:53)
[2025-04-04T03:41:23.785+0000] {spark_submit.py:649} INFO - at org.apache.spark.sql.execution.datasources.DataSource.resolveRelation(DataSource.scala:366)
[2025-04-04T03:41:23.785+0000] {spark_submit.py:649} INFO - at org.apache.spark.sql.DataFrameReader.loadV1Source(DataFrameReader.scala:229)
[2025-04-04T03:41:23.786+0000] {spark_submit.py:649} INFO - at org.apache.spark.sql.DataFrameReader.$anonfun$load$2(DataFrameReader.scala:211)
[2025-04-04T03:41:23.786+0000] {spark_submit.py:649} INFO - at scala.Option.getOrElse(Option.scala:189)
[2025-04-04T03:41:23.787+0000] {spark_submit.py:649} INFO - at org.apache.spark.sql.DataFrameReader.load(DataFrameReader.scala:211)
[2025-04-04T03:41:23.788+0000] {spark_submit.py:649} INFO - at org.apache.spark.sql.DataFrameReader.parquet(DataFrameReader.scala:563)
[2025-04-04T03:41:23.788+0000] {spark_submit.py:649} INFO - at java.base/jdk.internal.reflect.NativeMethodAccessorImpl.invoke0(Native Method)
[2025-04-04T03:41:23.789+0000] {spark_submit.py:649} INFO - at java.base/jdk.internal.reflect.NativeMethodAccessorImpl.invoke(NativeMethodAccessorImpl.java:77)
[2025-04-04T03:41:23.790+0000] {spark_submit.py:649} INFO - at java.base/jdk.internal.reflect.DelegatingMethodAccessorImpl.invoke(DelegatingMethodAccessorImpl.java:43)
[2025-04-04T03:41:23.790+0000] {spark_submit.py:649} INFO - at java.base/java.lang.reflect.Method.invoke(Method.java:569)
[2025-04-04T03:41:23.791+0000] {spark_submit.py:649} INFO - at py4j.reflection.MethodInvoker.invoke(MethodInvoker.java:244)
[2025-04-04T03:41:23.791+0000] {spark_submit.py:649} INFO - at py4j.reflection.ReflectionEngine.invoke(ReflectionEngine.java:374)
[2025-04-04T03:41:23.791+0000] {spark_submit.py:649} INFO - at py4j.Gateway.invoke(Gateway.java:282)
[2025-04-04T03:41:23.792+0000] {spark_submit.py:649} INFO - at py4j.commands.AbstractCommand.invokeMethod(AbstractCommand.java:132)
[2025-04-04T03:41:23.792+0000] {spark_submit.py:649} INFO - at py4j.commands.CallCommand.execute(CallCommand.java:79)
[2025-04-04T03:41:23.793+0000] {spark_submit.py:649} INFO - at py4j.ClientServerConnection.waitForCommands(ClientServerConnection.java:182)
[2025-04-04T03:41:23.793+0000] {spark_submit.py:649} INFO - at py4j.ClientServerConnection.run(ClientServerConnection.java:106)
[2025-04-04T03:41:23.794+0000] {spark_submit.py:649} INFO - at java.base/java.lang.Thread.run(Thread.java:840)
[2025-04-04T03:41:23.795+0000] {spark_submit.py:649} INFO - Caused by: java.lang.ClassNotFoundException: Class org.apache.hadoop.fs.s3a.S3AFileSystem not found
[2025-04-04T03:41:23.795+0000] {spark_submit.py:649} INFO - at org.apache.hadoop.conf.Configuration.getClassByName(Configuration.java:2592)
[2025-04-04T03:41:23.796+0000] {spark_submit.py:649} INFO - at org.apache.hadoop.conf.Configuration.getClass(Configuration.java:2686)
[2025-04-04T03:41:23.796+0000] {spark_submit.py:649} INFO - ... 26 more
[2025-04-04T03:41:23.885+0000] {spark_submit.py:649} INFO - Traceback (most recent call last):
[2025-04-04T03:41:23.886+0000] {spark_submit.py:649} INFO - File "/opt/spark-app/clean_yellow_tripdata.py", line 9, in <module>
[2025-04-04T03:41:23.890+0000] {spark_submit.py:649} INFO - clean_yellow_tripdata(spark)
[2025-04-04T03:41:23.890+0000] {spark_submit.py:649} INFO - File "/opt/pipeline/transform/clean_yellow_tripdata.py", line 9, in clean_yellow_tripdata
[2025-04-04T03:41:23.893+0000] {spark_submit.py:649} INFO - df = spark.read.parquet(raw_path)
[2025-04-04T03:41:23.894+0000] {spark_submit.py:649} INFO - File "/opt/spark/python/lib/pyspark.zip/pyspark/sql/readwriter.py", line 544, in parquet
[2025-04-04T03:41:23.894+0000] {spark_submit.py:649} INFO - File "/opt/spark/python/lib/py4j-0.10.9.7-src.zip/py4j/java_gateway.py", line 1322, in __call__
[2025-04-04T03:41:23.895+0000] {spark_submit.py:649} INFO - File "/opt/spark/python/lib/pyspark.zip/pyspark/errors/exceptions/captured.py", line 179, in deco
[2025-04-04T03:41:23.896+0000] {spark_submit.py:649} INFO - File "/opt/spark/python/lib/py4j-0.10.9.7-src.zip/py4j/protocol.py", line 326, in get_return_value
[2025-04-04T03:41:23.897+0000] {spark_submit.py:649} INFO - py4j.protocol.Py4JJavaError: An error occurred while calling o26.parquet.
[2025-04-04T03:41:23.898+0000] {spark_submit.py:649} INFO - : java.lang.RuntimeException: java.lang.ClassNotFoundException: Class org.apache.hadoop.fs.s3a.S3AFileSystem not found
[2025-04-04T03:41:23.899+0000] {spark_submit.py:649} INFO - at org.apache.hadoop.conf.Configuration.getClass(Configuration.java:2688)
[2025-04-04T03:41:23.899+0000] {spark_submit.py:649} INFO - at org.apache.hadoop.fs.FileSystem.getFileSystemClass(FileSystem.java:3431)
[2025-04-04T03:41:23.900+0000] {spark_submit.py:649} INFO - at org.apache.hadoop.fs.FileSystem.createFileSystem(FileSystem.java:3466)
[2025-04-04T03:41:23.900+0000] {spark_submit.py:649} INFO - at org.apache.hadoop.fs.FileSystem.access$300(FileSystem.java:174)
[2025-04-04T03:41:23.901+0000] {spark_submit.py:649} INFO - at org.apache.hadoop.fs.FileSystem$Cache.getInternal(FileSystem.java:3574)
[2025-04-04T03:41:23.902+0000] {spark_submit.py:649} INFO - at org.apache.hadoop.fs.FileSystem$Cache.get(FileSystem.java:3521)
[2025-04-04T03:41:23.902+0000] {spark_submit.py:649} INFO - at org.apache.hadoop.fs.FileSystem.get(FileSystem.java:540)
[2025-04-04T03:41:23.903+0000] {spark_submit.py:649} INFO - at org.apache.hadoop.fs.Path.getFileSystem(Path.java:365)
[2025-04-04T03:41:23.903+0000] {spark_submit.py:649} INFO - at org.apache.spark.sql.execution.datasources.DataSource$.$anonfun$checkAndGlobPathIfNecessary$1(DataSource.scala:724)
[2025-04-04T03:41:23.904+0000] {spark_submit.py:649} INFO - at scala.collection.immutable.List.map(List.scala:293)
[2025-04-04T03:41:23.905+0000] {spark_submit.py:649} INFO - at org.apache.spark.sql.execution.datasources.DataSource$.checkAndGlobPathIfNecessary(DataSource.scala:722)
[2025-04-04T03:41:23.905+0000] {spark_submit.py:649} INFO - at org.apache.spark.sql.execution.datasources.DataSource.checkAndGlobPathIfNecessary(DataSource.scala:551)
[2025-04-04T03:41:23.906+0000] {spark_submit.py:649} INFO - at org.apache.spark.sql.execution.datasources.DataSource.resolveRelation(DataSource.scala:404)
[2025-04-04T03:41:23.906+0000] {spark_submit.py:649} INFO - at org.apache.spark.sql.DataFrameReader.loadV1Source(DataFrameReader.scala:229)
[2025-04-04T03:41:23.907+0000] {spark_submit.py:649} INFO - at org.apache.spark.sql.DataFrameReader.$anonfun$load$2(DataFrameReader.scala:211)
[2025-04-04T03:41:23.907+0000] {spark_submit.py:649} INFO - at scala.Option.getOrElse(Option.scala:189)
[2025-04-04T03:41:23.907+0000] {spark_submit.py:649} INFO - at org.apache.spark.sql.DataFrameReader.load(DataFrameReader.scala:211)
[2025-04-04T03:41:23.908+0000] {spark_submit.py:649} INFO - at org.apache.spark.sql.DataFrameReader.parquet(DataFrameReader.scala:563)
[2025-04-04T03:41:23.909+0000] {spark_submit.py:649} INFO - at java.base/jdk.internal.reflect.NativeMethodAccessorImpl.invoke0(Native Method)
[2025-04-04T03:41:23.909+0000] {spark_submit.py:649} INFO - at java.base/jdk.internal.reflect.NativeMethodAccessorImpl.invoke(NativeMethodAccessorImpl.java:77)
[2025-04-04T03:41:23.910+0000] {spark_submit.py:649} INFO - at java.base/jdk.internal.reflect.DelegatingMethodAccessorImpl.invoke(DelegatingMethodAccessorImpl.java:43)
[2025-04-04T03:41:23.910+0000] {spark_submit.py:649} INFO - at java.base/java.lang.reflect.Method.invoke(Method.java:569)
[2025-04-04T03:41:23.910+0000] {spark_submit.py:649} INFO - at py4j.reflection.MethodInvoker.invoke(MethodInvoker.java:244)
[2025-04-04T03:41:23.911+0000] {spark_submit.py:649} INFO - at py4j.reflection.ReflectionEngine.invoke(ReflectionEngine.java:374)
[2025-04-04T03:41:23.912+0000] {spark_submit.py:649} INFO - at py4j.Gateway.invoke(Gateway.java:282)
[2025-04-04T03:41:23.912+0000] {spark_submit.py:649} INFO - at py4j.commands.AbstractCommand.invokeMethod(AbstractCommand.java:132)
[2025-04-04T03:41:23.913+0000] {spark_submit.py:649} INFO - at py4j.commands.CallCommand.execute(CallCommand.java:79)
[2025-04-04T03:41:23.913+0000] {spark_submit.py:649} INFO - at py4j.ClientServerConnection.waitForCommands(ClientServerConnection.java:182)
[2025-04-04T03:41:23.914+0000] {spark_submit.py:649} INFO - at py4j.ClientServerConnection.run(ClientServerConnection.java:106)
[2025-04-04T03:41:23.914+0000] {spark_submit.py:649} INFO - at java.base/java.lang.Thread.run(Thread.java:840)
[2025-04-04T03:41:23.914+0000] {spark_submit.py:649} INFO - Caused by: java.lang.ClassNotFoundException: Class org.apache.hadoop.fs.s3a.S3AFileSystem not found
[2025-04-04T03:41:23.915+0000] {spark_submit.py:649} INFO - at org.apache.hadoop.conf.Configuration.getClassByName(Configuration.java:2592)
[2025-04-04T03:41:23.915+0000] {spark_submit.py:649} INFO - at org.apache.hadoop.conf.Configuration.getClass(Configuration.java:2686)
[2025-04-04T03:41:23.916+0000] {spark_submit.py:649} INFO - ... 29 more
[2025-04-04T03:41:23.917+0000] {spark_submit.py:649} INFO - 
[2025-04-04T03:41:23.950+0000] {spark_submit.py:649} INFO - 25/04/04 03:41:23 INFO SparkContext: Invoking stop() from shutdown hook
[2025-04-04T03:41:23.952+0000] {spark_submit.py:649} INFO - 25/04/04 03:41:23 INFO SparkContext: SparkContext is stopping with exitCode 0.
[2025-04-04T03:41:23.965+0000] {spark_submit.py:649} INFO - 25/04/04 03:41:23 INFO SparkUI: Stopped Spark web UI at http://d1dcd11a0d3d:4040
[2025-04-04T03:41:23.969+0000] {spark_submit.py:649} INFO - 25/04/04 03:41:23 INFO StandaloneSchedulerBackend: Shutting down all executors
[2025-04-04T03:41:23.972+0000] {spark_submit.py:649} INFO - 25/04/04 03:41:23 INFO StandaloneSchedulerBackend$StandaloneDriverEndpoint: Asking each executor to shut down
[2025-04-04T03:41:23.990+0000] {spark_submit.py:649} INFO - 25/04/04 03:41:23 INFO MapOutputTrackerMasterEndpoint: MapOutputTrackerMasterEndpoint stopped!
[2025-04-04T03:41:24.006+0000] {spark_submit.py:649} INFO - 25/04/04 03:41:24 INFO MemoryStore: MemoryStore cleared
[2025-04-04T03:41:24.007+0000] {spark_submit.py:649} INFO - 25/04/04 03:41:24 INFO BlockManager: BlockManager stopped
[2025-04-04T03:41:24.011+0000] {spark_submit.py:649} INFO - 25/04/04 03:41:24 INFO BlockManagerMaster: BlockManagerMaster stopped
[2025-04-04T03:41:24.013+0000] {spark_submit.py:649} INFO - 25/04/04 03:41:24 INFO OutputCommitCoordinator$OutputCommitCoordinatorEndpoint: OutputCommitCoordinator stopped!
[2025-04-04T03:41:24.021+0000] {spark_submit.py:649} INFO - 25/04/04 03:41:24 INFO SparkContext: Successfully stopped SparkContext
[2025-04-04T03:41:24.021+0000] {spark_submit.py:649} INFO - 25/04/04 03:41:24 INFO ShutdownHookManager: Shutdown hook called
[2025-04-04T03:41:24.022+0000] {spark_submit.py:649} INFO - 25/04/04 03:41:24 INFO ShutdownHookManager: Deleting directory /tmp/spark-241d33f5-213d-4fcf-85fb-3eb4d5ca4454/pyspark-38e8c297-916c-4094-8901-025b58d849b7
[2025-04-04T03:41:24.024+0000] {spark_submit.py:649} INFO - 25/04/04 03:41:24 INFO ShutdownHookManager: Deleting directory /tmp/spark-241d33f5-213d-4fcf-85fb-3eb4d5ca4454
[2025-04-04T03:41:24.027+0000] {spark_submit.py:649} INFO - 25/04/04 03:41:24 INFO ShutdownHookManager: Deleting directory /tmp/spark-267c8633-65b7-4df7-a167-79e16811c5ec
[2025-04-04T03:41:24.071+0000] {taskinstance.py:2698} ERROR - Task failed with exception
Traceback (most recent call last):
  File "/home/airflow/.local/lib/python3.8/site-packages/airflow/models/taskinstance.py", line 433, in _execute_task
    result = execute_callable(context=context, **execute_callable_kwargs)
  File "/home/airflow/.local/lib/python3.8/site-packages/airflow/providers/apache/spark/operators/spark_submit.py", line 176, in execute
    self._hook.submit(self.application)
  File "/home/airflow/.local/lib/python3.8/site-packages/airflow/providers/apache/spark/hooks/spark_submit.py", line 575, in submit
    raise AirflowException(
airflow.exceptions.AirflowException: Cannot execute: spark-submit --master spark://spark-master:7077 --conf spark.master=spark://spark-master:7077 --jars /opt/spark/jars/hadoop-aws-3.3.6.jar,/opt/spark/jars/aws-java-sdk-bundle-1.12.696.jar --name arrow-spark --verbose --queue root.default --deploy-mode client /opt/spark-app/clean_yellow_tripdata.py. Error code is: 1.
[2025-04-04T03:41:24.079+0000] {taskinstance.py:1138} INFO - Marking task as UP_FOR_RETRY. dag_id=full_pipeline_dag, task_id=clean_data_spark, execution_date=20250404T033934, start_date=20250404T034118, end_date=20250404T034124
[2025-04-04T03:41:24.271+0000] {standard_task_runner.py:107} ERROR - Failed to execute job 236 for task clean_data_spark (Cannot execute: spark-submit --master spark://spark-master:7077 --conf spark.master=spark://spark-master:7077 --jars /opt/spark/jars/hadoop-aws-3.3.6.jar,/opt/spark/jars/aws-java-sdk-bundle-1.12.696.jar --name arrow-spark --verbose --queue root.default --deploy-mode client /opt/spark-app/clean_yellow_tripdata.py. Error code is: 1.; 921)
[2025-04-04T03:41:24.288+0000] {local_task_job_runner.py:234} INFO - Task exited with return code 1
[2025-04-04T03:41:24.338+0000] {taskinstance.py:3280} INFO - 0 downstream tasks scheduled from follow-on schedule check
