[2025-04-04T04:22:55.299+0000] {taskinstance.py:1956} INFO - Dependencies all met for dep_context=non-requeueable deps ti=<TaskInstance: full_pipeline_dag.clean_data_spark manual__2025-04-04T03:39:34.947255+00:00 [queued]>
[2025-04-04T04:22:55.322+0000] {taskinstance.py:1956} INFO - Dependencies all met for dep_context=requeueable deps ti=<TaskInstance: full_pipeline_dag.clean_data_spark manual__2025-04-04T03:39:34.947255+00:00 [queued]>
[2025-04-04T04:22:55.322+0000] {taskinstance.py:2170} INFO - Starting attempt 11 of 12
[2025-04-04T04:22:55.381+0000] {taskinstance.py:2191} INFO - Executing <Task(SparkSubmitOperator): clean_data_spark> on 2025-04-04 03:39:34.947255+00:00
[2025-04-04T04:22:55.385+0000] {standard_task_runner.py:60} INFO - Started process 958 to run task
[2025-04-04T04:22:55.389+0000] {standard_task_runner.py:87} INFO - Running: ['airflow', 'tasks', 'run', 'full_pipeline_dag', 'clean_data_spark', 'manual__2025-04-04T03:39:34.947255+00:00', '--job-id', '249', '--raw', '--subdir', 'DAGS_FOLDER/full_pipeline_dag.py', '--cfg-path', '/tmp/tmp72cee3ui']
[2025-04-04T04:22:55.392+0000] {standard_task_runner.py:88} INFO - Job 249: Subtask clean_data_spark
[2025-04-04T04:22:55.434+0000] {logging_mixin.py:188} WARNING - /home/airflow/.local/lib/python3.8/site-packages/airflow/settings.py:194 DeprecationWarning: The sql_alchemy_conn option in [core] has been moved to the sql_alchemy_conn option in [database] - the old setting has been used, but please update your config.
[2025-04-04T04:22:55.487+0000] {task_command.py:423} INFO - Running <TaskInstance: full_pipeline_dag.clean_data_spark manual__2025-04-04T03:39:34.947255+00:00 [running]> on host c82aa68c3e2c
[2025-04-04T04:22:55.616+0000] {taskinstance.py:2480} INFO - Exporting env vars: AIRFLOW_CTX_DAG_OWNER='airflow' AIRFLOW_CTX_DAG_ID='full_pipeline_dag' AIRFLOW_CTX_TASK_ID='clean_data_spark' AIRFLOW_CTX_EXECUTION_DATE='2025-04-04T03:39:34.947255+00:00' AIRFLOW_CTX_TRY_NUMBER='11' AIRFLOW_CTX_DAG_RUN_ID='manual__2025-04-04T03:39:34.947255+00:00'
[2025-04-04T04:22:55.635+0000] {base.py:83} INFO - Using connection ID 'spark_default' for task execution.
[2025-04-04T04:22:55.636+0000] {spark_submit.py:473} INFO - Spark-Submit cmd: spark-submit --master spark://spark-master:7077 --conf spark.master=spark://spark-master:7077 --conf spark.hadoop.fs.s3a.impl=org.apache.hadoop.fs.s3a.S3AFileSystem --conf spark.driver.extraClassPath=/opt/spark-extra-jars/* --conf spark.executor.extraClassPath=/opt/spark-extra-jars/* --jars /opt/spark-extra-jars/hadoop-aws-3.3.6.jar,/opt/spark-extra-jars/aws-java-sdk-bundle-1.12.696.jar --name arrow-spark --verbose --queue root.default --deploy-mode client /opt/spark-app/clean_yellow_tripdata.py
[2025-04-04T04:22:56.881+0000] {spark_submit.py:649} INFO - Using properties file: null
[2025-04-04T04:22:56.998+0000] {spark_submit.py:649} INFO - Parsed arguments:
[2025-04-04T04:22:56.999+0000] {spark_submit.py:649} INFO - master                  spark://spark-master:7077
[2025-04-04T04:22:57.000+0000] {spark_submit.py:649} INFO - remote                  null
[2025-04-04T04:22:57.001+0000] {spark_submit.py:649} INFO - deployMode              client
[2025-04-04T04:22:57.002+0000] {spark_submit.py:649} INFO - executorMemory          null
[2025-04-04T04:22:57.003+0000] {spark_submit.py:649} INFO - executorCores           null
[2025-04-04T04:22:57.004+0000] {spark_submit.py:649} INFO - totalExecutorCores      null
[2025-04-04T04:22:57.005+0000] {spark_submit.py:649} INFO - propertiesFile          null
[2025-04-04T04:22:57.006+0000] {spark_submit.py:649} INFO - driverMemory            null
[2025-04-04T04:22:57.006+0000] {spark_submit.py:649} INFO - driverCores             null
[2025-04-04T04:22:57.007+0000] {spark_submit.py:649} INFO - driverExtraClassPath    /opt/spark-extra-jars/*
[2025-04-04T04:22:57.008+0000] {spark_submit.py:649} INFO - driverExtraLibraryPath  null
[2025-04-04T04:22:57.008+0000] {spark_submit.py:649} INFO - driverExtraJavaOptions  null
[2025-04-04T04:22:57.009+0000] {spark_submit.py:649} INFO - supervise               false
[2025-04-04T04:22:57.010+0000] {spark_submit.py:649} INFO - queue                   root.default
[2025-04-04T04:22:57.011+0000] {spark_submit.py:649} INFO - numExecutors            null
[2025-04-04T04:22:57.012+0000] {spark_submit.py:649} INFO - files                   null
[2025-04-04T04:22:57.014+0000] {spark_submit.py:649} INFO - pyFiles                 null
[2025-04-04T04:22:57.015+0000] {spark_submit.py:649} INFO - archives                null
[2025-04-04T04:22:57.015+0000] {spark_submit.py:649} INFO - mainClass               null
[2025-04-04T04:22:57.016+0000] {spark_submit.py:649} INFO - primaryResource         file:/opt/spark-app/clean_yellow_tripdata.py
[2025-04-04T04:22:57.018+0000] {spark_submit.py:649} INFO - name                    arrow-spark
[2025-04-04T04:22:57.019+0000] {spark_submit.py:649} INFO - childArgs               []
[2025-04-04T04:22:57.020+0000] {spark_submit.py:649} INFO - jars                    file:/opt/spark-extra-jars/hadoop-aws-3.3.6.jar,file:/opt/spark-extra-jars/aws-java-sdk-bundle-1.12.696.jar
[2025-04-04T04:22:57.021+0000] {spark_submit.py:649} INFO - packages                null
[2025-04-04T04:22:57.021+0000] {spark_submit.py:649} INFO - packagesExclusions      null
[2025-04-04T04:22:57.022+0000] {spark_submit.py:649} INFO - repositories            null
[2025-04-04T04:22:57.023+0000] {spark_submit.py:649} INFO - verbose                 true
[2025-04-04T04:22:57.024+0000] {spark_submit.py:649} INFO - 
[2025-04-04T04:22:57.025+0000] {spark_submit.py:649} INFO - Spark properties used, including those specified through
[2025-04-04T04:22:57.025+0000] {spark_submit.py:649} INFO - --conf and those from the properties file null:
[2025-04-04T04:22:57.026+0000] {spark_submit.py:649} INFO - (spark.driver.extraClassPath,/opt/spark-extra-jars/*)
[2025-04-04T04:22:57.026+0000] {spark_submit.py:649} INFO - (spark.executor.extraClassPath,/opt/spark-extra-jars/*)
[2025-04-04T04:22:57.027+0000] {spark_submit.py:649} INFO - (spark.hadoop.fs.s3a.impl,org.apache.hadoop.fs.s3a.S3AFileSystem)
[2025-04-04T04:22:57.027+0000] {spark_submit.py:649} INFO - (spark.master,spark://spark-master:7077)
[2025-04-04T04:22:57.028+0000] {spark_submit.py:649} INFO - 
[2025-04-04T04:22:57.029+0000] {spark_submit.py:649} INFO - 
[2025-04-04T04:22:57.366+0000] {spark_submit.py:649} INFO - 25/04/04 04:22:57 WARN NativeCodeLoader: Unable to load native-hadoop library for your platform... using builtin-java classes where applicable
[2025-04-04T04:22:57.575+0000] {spark_submit.py:649} INFO - Main class:
[2025-04-04T04:22:57.576+0000] {spark_submit.py:649} INFO - org.apache.spark.deploy.PythonRunner
[2025-04-04T04:22:57.577+0000] {spark_submit.py:649} INFO - Arguments:
[2025-04-04T04:22:57.578+0000] {spark_submit.py:649} INFO - file:/opt/spark-app/clean_yellow_tripdata.py
[2025-04-04T04:22:57.578+0000] {spark_submit.py:649} INFO - null
[2025-04-04T04:22:57.579+0000] {spark_submit.py:649} INFO - Spark config:
[2025-04-04T04:22:57.579+0000] {spark_submit.py:649} INFO - (spark.app.name,arrow-spark)
[2025-04-04T04:22:57.579+0000] {spark_submit.py:649} INFO - (spark.app.submitTime,1743740577542)
[2025-04-04T04:22:57.580+0000] {spark_submit.py:649} INFO - (spark.driver.extraClassPath,/opt/spark-extra-jars/*)
[2025-04-04T04:22:57.580+0000] {spark_submit.py:649} INFO - (spark.executor.extraClassPath,/opt/spark-extra-jars/*)
[2025-04-04T04:22:57.580+0000] {spark_submit.py:649} INFO - (spark.hadoop.fs.s3a.impl,org.apache.hadoop.fs.s3a.S3AFileSystem)
[2025-04-04T04:22:57.581+0000] {spark_submit.py:649} INFO - (spark.jars,file:/opt/spark-extra-jars/hadoop-aws-3.3.6.jar,file:/opt/spark-extra-jars/aws-java-sdk-bundle-1.12.696.jar)
[2025-04-04T04:22:57.581+0000] {spark_submit.py:649} INFO - (spark.master,spark://spark-master:7077)
[2025-04-04T04:22:57.581+0000] {spark_submit.py:649} INFO - (spark.repl.local.jars,file:/opt/spark-extra-jars/hadoop-aws-3.3.6.jar,file:/opt/spark-extra-jars/aws-java-sdk-bundle-1.12.696.jar)
[2025-04-04T04:22:57.581+0000] {spark_submit.py:649} INFO - (spark.submit.deployMode,client)
[2025-04-04T04:22:57.582+0000] {spark_submit.py:649} INFO - (spark.submit.pyFiles,)
[2025-04-04T04:22:57.582+0000] {spark_submit.py:649} INFO - Classpath elements:
[2025-04-04T04:22:57.583+0000] {spark_submit.py:649} INFO - file:/opt/spark-extra-jars/hadoop-aws-3.3.6.jar
[2025-04-04T04:22:57.584+0000] {spark_submit.py:649} INFO - file:/opt/spark-extra-jars/aws-java-sdk-bundle-1.12.696.jar
[2025-04-04T04:22:57.584+0000] {spark_submit.py:649} INFO - 
[2025-04-04T04:22:57.585+0000] {spark_submit.py:649} INFO - 
[2025-04-04T04:22:57.586+0000] {spark_submit.py:649} INFO - 25/04/04 04:22:57 WARN DependencyUtils: Local jar /opt/spark-extra-jars/hadoop-aws-3.3.6.jar does not exist, skipping.
[2025-04-04T04:22:57.587+0000] {spark_submit.py:649} INFO - 25/04/04 04:22:57 WARN DependencyUtils: Local jar /opt/spark-extra-jars/aws-java-sdk-bundle-1.12.696.jar does not exist, skipping.
[2025-04-04T04:22:58.450+0000] {spark_submit.py:649} INFO - 25/04/04 04:22:58 INFO SparkContext: Running Spark version 3.5.0
[2025-04-04T04:22:58.453+0000] {spark_submit.py:649} INFO - 25/04/04 04:22:58 INFO SparkContext: OS info Linux, 5.15.167.4-microsoft-standard-WSL2, amd64
[2025-04-04T04:22:58.455+0000] {spark_submit.py:649} INFO - 25/04/04 04:22:58 INFO SparkContext: Java version 17.0.14
[2025-04-04T04:22:58.476+0000] {spark_submit.py:649} INFO - 25/04/04 04:22:58 INFO ResourceUtils: ==============================================================
[2025-04-04T04:22:58.477+0000] {spark_submit.py:649} INFO - 25/04/04 04:22:58 INFO ResourceUtils: No custom resources configured for spark.driver.
[2025-04-04T04:22:58.478+0000] {spark_submit.py:649} INFO - 25/04/04 04:22:58 INFO ResourceUtils: ==============================================================
[2025-04-04T04:22:58.479+0000] {spark_submit.py:649} INFO - 25/04/04 04:22:58 INFO SparkContext: Submitted application: CleanYellowData
[2025-04-04T04:22:58.495+0000] {spark_submit.py:649} INFO - 25/04/04 04:22:58 INFO ResourceProfile: Default ResourceProfile created, executor resources: Map(memory -> name: memory, amount: 1024, script: , vendor: , offHeap -> name: offHeap, amount: 0, script: , vendor: ), task resources: Map(cpus -> name: cpus, amount: 1.0)
[2025-04-04T04:22:58.505+0000] {spark_submit.py:649} INFO - 25/04/04 04:22:58 INFO ResourceProfile: Limiting resource is cpu
[2025-04-04T04:22:58.506+0000] {spark_submit.py:649} INFO - 25/04/04 04:22:58 INFO ResourceProfileManager: Added ResourceProfile id: 0
[2025-04-04T04:22:58.560+0000] {spark_submit.py:649} INFO - 25/04/04 04:22:58 INFO SecurityManager: Changing view acls to: airflow
[2025-04-04T04:22:58.561+0000] {spark_submit.py:649} INFO - 25/04/04 04:22:58 INFO SecurityManager: Changing modify acls to: airflow
[2025-04-04T04:22:58.562+0000] {spark_submit.py:649} INFO - 25/04/04 04:22:58 INFO SecurityManager: Changing view acls groups to:
[2025-04-04T04:22:58.562+0000] {spark_submit.py:649} INFO - 25/04/04 04:22:58 INFO SecurityManager: Changing modify acls groups to:
[2025-04-04T04:22:58.562+0000] {spark_submit.py:649} INFO - 25/04/04 04:22:58 INFO SecurityManager: SecurityManager: authentication disabled; ui acls disabled; users with view permissions: airflow; groups with view permissions: EMPTY; users with modify permissions: airflow; groups with modify permissions: EMPTY
[2025-04-04T04:22:58.771+0000] {spark_submit.py:649} INFO - 25/04/04 04:22:58 INFO Utils: Successfully started service 'sparkDriver' on port 37009.
[2025-04-04T04:22:58.795+0000] {spark_submit.py:649} INFO - 25/04/04 04:22:58 INFO SparkEnv: Registering MapOutputTracker
[2025-04-04T04:22:58.839+0000] {spark_submit.py:649} INFO - 25/04/04 04:22:58 INFO SparkEnv: Registering BlockManagerMaster
[2025-04-04T04:22:58.854+0000] {spark_submit.py:649} INFO - 25/04/04 04:22:58 INFO BlockManagerMasterEndpoint: Using org.apache.spark.storage.DefaultTopologyMapper for getting topology information
[2025-04-04T04:22:58.855+0000] {spark_submit.py:649} INFO - 25/04/04 04:22:58 INFO BlockManagerMasterEndpoint: BlockManagerMasterEndpoint up
[2025-04-04T04:22:58.858+0000] {spark_submit.py:649} INFO - 25/04/04 04:22:58 INFO SparkEnv: Registering BlockManagerMasterHeartbeat
[2025-04-04T04:22:58.887+0000] {spark_submit.py:649} INFO - 25/04/04 04:22:58 INFO DiskBlockManager: Created local directory at /tmp/blockmgr-a9f0b073-195f-4d35-a31e-777f1e50ec8c
[2025-04-04T04:22:58.897+0000] {spark_submit.py:649} INFO - 25/04/04 04:22:58 INFO MemoryStore: MemoryStore started with capacity 434.4 MiB
[2025-04-04T04:22:58.909+0000] {spark_submit.py:649} INFO - 25/04/04 04:22:58 INFO SparkEnv: Registering OutputCommitCoordinator
[2025-04-04T04:22:59.023+0000] {spark_submit.py:649} INFO - 25/04/04 04:22:59 INFO JettyUtils: Start Jetty 0.0.0.0:4040 for SparkUI
[2025-04-04T04:22:59.091+0000] {spark_submit.py:649} INFO - 25/04/04 04:22:59 INFO Utils: Successfully started service 'SparkUI' on port 4040.
[2025-04-04T04:22:59.122+0000] {spark_submit.py:649} INFO - 25/04/04 04:22:59 ERROR SparkContext: Failed to add file:/opt/spark-extra-jars/hadoop-aws-3.3.6.jar to Spark environment
[2025-04-04T04:22:59.123+0000] {spark_submit.py:649} INFO - java.io.FileNotFoundException: Jar /opt/spark-extra-jars/hadoop-aws-3.3.6.jar not found
[2025-04-04T04:22:59.124+0000] {spark_submit.py:649} INFO - at org.apache.spark.SparkContext.addLocalJarFile$1(SparkContext.scala:2100)
[2025-04-04T04:22:59.124+0000] {spark_submit.py:649} INFO - at org.apache.spark.SparkContext.addJar(SparkContext.scala:2156)
[2025-04-04T04:22:59.125+0000] {spark_submit.py:649} INFO - at org.apache.spark.SparkContext.$anonfun$new$15(SparkContext.scala:526)
[2025-04-04T04:22:59.125+0000] {spark_submit.py:649} INFO - at org.apache.spark.SparkContext.$anonfun$new$15$adapted(SparkContext.scala:526)
[2025-04-04T04:22:59.126+0000] {spark_submit.py:649} INFO - at scala.collection.mutable.ResizableArray.foreach(ResizableArray.scala:62)
[2025-04-04T04:22:59.127+0000] {spark_submit.py:649} INFO - at scala.collection.mutable.ResizableArray.foreach$(ResizableArray.scala:55)
[2025-04-04T04:22:59.127+0000] {spark_submit.py:649} INFO - at scala.collection.mutable.ArrayBuffer.foreach(ArrayBuffer.scala:49)
[2025-04-04T04:22:59.128+0000] {spark_submit.py:649} INFO - at org.apache.spark.SparkContext.<init>(SparkContext.scala:526)
[2025-04-04T04:22:59.128+0000] {spark_submit.py:649} INFO - at org.apache.spark.api.java.JavaSparkContext.<init>(JavaSparkContext.scala:58)
[2025-04-04T04:22:59.129+0000] {spark_submit.py:649} INFO - at java.base/jdk.internal.reflect.NativeConstructorAccessorImpl.newInstance0(Native Method)
[2025-04-04T04:22:59.129+0000] {spark_submit.py:649} INFO - at java.base/jdk.internal.reflect.NativeConstructorAccessorImpl.newInstance(NativeConstructorAccessorImpl.java:77)
[2025-04-04T04:22:59.130+0000] {spark_submit.py:649} INFO - at java.base/jdk.internal.reflect.DelegatingConstructorAccessorImpl.newInstance(DelegatingConstructorAccessorImpl.java:45)
[2025-04-04T04:22:59.131+0000] {spark_submit.py:649} INFO - at java.base/java.lang.reflect.Constructor.newInstanceWithCaller(Constructor.java:500)
[2025-04-04T04:22:59.131+0000] {spark_submit.py:649} INFO - at java.base/java.lang.reflect.Constructor.newInstance(Constructor.java:481)
[2025-04-04T04:22:59.132+0000] {spark_submit.py:649} INFO - at py4j.reflection.MethodInvoker.invoke(MethodInvoker.java:247)
[2025-04-04T04:22:59.133+0000] {spark_submit.py:649} INFO - at py4j.reflection.ReflectionEngine.invoke(ReflectionEngine.java:374)
[2025-04-04T04:22:59.133+0000] {spark_submit.py:649} INFO - at py4j.Gateway.invoke(Gateway.java:238)
[2025-04-04T04:22:59.134+0000] {spark_submit.py:649} INFO - at py4j.commands.ConstructorCommand.invokeConstructor(ConstructorCommand.java:80)
[2025-04-04T04:22:59.135+0000] {spark_submit.py:649} INFO - at py4j.commands.ConstructorCommand.execute(ConstructorCommand.java:69)
[2025-04-04T04:22:59.135+0000] {spark_submit.py:649} INFO - at py4j.ClientServerConnection.waitForCommands(ClientServerConnection.java:182)
[2025-04-04T04:22:59.136+0000] {spark_submit.py:649} INFO - at py4j.ClientServerConnection.run(ClientServerConnection.java:106)
[2025-04-04T04:22:59.136+0000] {spark_submit.py:649} INFO - at java.base/java.lang.Thread.run(Thread.java:840)
[2025-04-04T04:22:59.137+0000] {spark_submit.py:649} INFO - 25/04/04 04:22:59 ERROR SparkContext: Failed to add file:/opt/spark-extra-jars/aws-java-sdk-bundle-1.12.696.jar to Spark environment
[2025-04-04T04:22:59.138+0000] {spark_submit.py:649} INFO - java.io.FileNotFoundException: Jar /opt/spark-extra-jars/aws-java-sdk-bundle-1.12.696.jar not found
[2025-04-04T04:22:59.139+0000] {spark_submit.py:649} INFO - at org.apache.spark.SparkContext.addLocalJarFile$1(SparkContext.scala:2100)
[2025-04-04T04:22:59.139+0000] {spark_submit.py:649} INFO - at org.apache.spark.SparkContext.addJar(SparkContext.scala:2156)
[2025-04-04T04:22:59.140+0000] {spark_submit.py:649} INFO - at org.apache.spark.SparkContext.$anonfun$new$15(SparkContext.scala:526)
[2025-04-04T04:22:59.141+0000] {spark_submit.py:649} INFO - at org.apache.spark.SparkContext.$anonfun$new$15$adapted(SparkContext.scala:526)
[2025-04-04T04:22:59.141+0000] {spark_submit.py:649} INFO - at scala.collection.mutable.ResizableArray.foreach(ResizableArray.scala:62)
[2025-04-04T04:22:59.142+0000] {spark_submit.py:649} INFO - at scala.collection.mutable.ResizableArray.foreach$(ResizableArray.scala:55)
[2025-04-04T04:22:59.142+0000] {spark_submit.py:649} INFO - at scala.collection.mutable.ArrayBuffer.foreach(ArrayBuffer.scala:49)
[2025-04-04T04:22:59.143+0000] {spark_submit.py:649} INFO - at org.apache.spark.SparkContext.<init>(SparkContext.scala:526)
[2025-04-04T04:22:59.143+0000] {spark_submit.py:649} INFO - at org.apache.spark.api.java.JavaSparkContext.<init>(JavaSparkContext.scala:58)
[2025-04-04T04:22:59.144+0000] {spark_submit.py:649} INFO - at java.base/jdk.internal.reflect.NativeConstructorAccessorImpl.newInstance0(Native Method)
[2025-04-04T04:22:59.144+0000] {spark_submit.py:649} INFO - at java.base/jdk.internal.reflect.NativeConstructorAccessorImpl.newInstance(NativeConstructorAccessorImpl.java:77)
[2025-04-04T04:22:59.145+0000] {spark_submit.py:649} INFO - at java.base/jdk.internal.reflect.DelegatingConstructorAccessorImpl.newInstance(DelegatingConstructorAccessorImpl.java:45)
[2025-04-04T04:22:59.145+0000] {spark_submit.py:649} INFO - at java.base/java.lang.reflect.Constructor.newInstanceWithCaller(Constructor.java:500)
[2025-04-04T04:22:59.146+0000] {spark_submit.py:649} INFO - at java.base/java.lang.reflect.Constructor.newInstance(Constructor.java:481)
[2025-04-04T04:22:59.146+0000] {spark_submit.py:649} INFO - at py4j.reflection.MethodInvoker.invoke(MethodInvoker.java:247)
[2025-04-04T04:22:59.147+0000] {spark_submit.py:649} INFO - at py4j.reflection.ReflectionEngine.invoke(ReflectionEngine.java:374)
[2025-04-04T04:22:59.147+0000] {spark_submit.py:649} INFO - at py4j.Gateway.invoke(Gateway.java:238)
[2025-04-04T04:22:59.148+0000] {spark_submit.py:649} INFO - at py4j.commands.ConstructorCommand.invokeConstructor(ConstructorCommand.java:80)
[2025-04-04T04:22:59.148+0000] {spark_submit.py:649} INFO - at py4j.commands.ConstructorCommand.execute(ConstructorCommand.java:69)
[2025-04-04T04:22:59.149+0000] {spark_submit.py:649} INFO - at py4j.ClientServerConnection.waitForCommands(ClientServerConnection.java:182)
[2025-04-04T04:22:59.149+0000] {spark_submit.py:649} INFO - at py4j.ClientServerConnection.run(ClientServerConnection.java:106)
[2025-04-04T04:22:59.150+0000] {spark_submit.py:649} INFO - at java.base/java.lang.Thread.run(Thread.java:840)
[2025-04-04T04:22:59.185+0000] {spark_submit.py:649} INFO - 25/04/04 04:22:59 INFO StandaloneAppClient$ClientEndpoint: Connecting to master spark://spark-master:7077...
[2025-04-04T04:22:59.220+0000] {spark_submit.py:649} INFO - 25/04/04 04:22:59 INFO TransportClientFactory: Successfully created connection to spark-master/172.24.0.5:7077 after 17 ms (0 ms spent in bootstraps)
[2025-04-04T04:22:59.294+0000] {spark_submit.py:649} INFO - 25/04/04 04:22:59 INFO StandaloneSchedulerBackend: Connected to Spark cluster with app ID app-20250404042259-0004
[2025-04-04T04:22:59.296+0000] {spark_submit.py:649} INFO - 25/04/04 04:22:59 INFO StandaloneAppClient$ClientEndpoint: Executor added: app-20250404042259-0004/0 on worker-20250404040025-172.24.0.8-37225 (172.24.0.8:37225) with 2 core(s)
[2025-04-04T04:22:59.297+0000] {spark_submit.py:649} INFO - 25/04/04 04:22:59 INFO StandaloneSchedulerBackend: Granted executor ID app-20250404042259-0004/0 on hostPort 172.24.0.8:37225 with 2 core(s), 1024.0 MiB RAM
[2025-04-04T04:22:59.305+0000] {spark_submit.py:649} INFO - 25/04/04 04:22:59 INFO Utils: Successfully started service 'org.apache.spark.network.netty.NettyBlockTransferService' on port 36609.
[2025-04-04T04:22:59.306+0000] {spark_submit.py:649} INFO - 25/04/04 04:22:59 INFO NettyBlockTransferService: Server created on c82aa68c3e2c:36609
[2025-04-04T04:22:59.307+0000] {spark_submit.py:649} INFO - 25/04/04 04:22:59 INFO BlockManager: Using org.apache.spark.storage.RandomBlockReplicationPolicy for block replication policy
[2025-04-04T04:22:59.312+0000] {spark_submit.py:649} INFO - 25/04/04 04:22:59 INFO BlockManagerMaster: Registering BlockManager BlockManagerId(driver, c82aa68c3e2c, 36609, None)
[2025-04-04T04:22:59.315+0000] {spark_submit.py:649} INFO - 25/04/04 04:22:59 INFO BlockManagerMasterEndpoint: Registering block manager c82aa68c3e2c:36609 with 434.4 MiB RAM, BlockManagerId(driver, c82aa68c3e2c, 36609, None)
[2025-04-04T04:22:59.318+0000] {spark_submit.py:649} INFO - 25/04/04 04:22:59 INFO BlockManagerMaster: Registered BlockManager BlockManagerId(driver, c82aa68c3e2c, 36609, None)
[2025-04-04T04:22:59.319+0000] {spark_submit.py:649} INFO - 25/04/04 04:22:59 INFO BlockManager: Initialized BlockManager: BlockManagerId(driver, c82aa68c3e2c, 36609, None)
[2025-04-04T04:22:59.352+0000] {spark_submit.py:649} INFO - 25/04/04 04:22:59 INFO StandaloneAppClient$ClientEndpoint: Executor updated: app-20250404042259-0004/0 is now RUNNING
[2025-04-04T04:22:59.539+0000] {spark_submit.py:649} INFO - 25/04/04 04:22:59 INFO StandaloneSchedulerBackend: SchedulerBackend is ready for scheduling beginning after reached minRegisteredResourcesRatio: 0.0
[2025-04-04T04:22:59.696+0000] {spark_submit.py:649} INFO - ✅ Spark session received from DAG
[2025-04-04T04:22:59.697+0000] {spark_submit.py:649} INFO - 📥 Reading raw data...
[2025-04-04T04:22:59.701+0000] {spark_submit.py:649} INFO - 25/04/04 04:22:59 INFO SharedState: Setting hive.metastore.warehouse.dir ('null') to the value of spark.sql.warehouse.dir.
[2025-04-04T04:22:59.704+0000] {spark_submit.py:649} INFO - 25/04/04 04:22:59 INFO SharedState: Warehouse path is 'file:/opt/airflow/spark-warehouse'.
[2025-04-04T04:23:00.408+0000] {spark_submit.py:649} INFO - 25/04/04 04:23:00 WARN FileStreamSink: Assume no metadata directory. Error while looking for metadata directory in the path: s3a://nyc-taxi/raw/yellow_tripdata_2023-01.parquet.
[2025-04-04T04:23:00.409+0000] {spark_submit.py:649} INFO - java.lang.RuntimeException: java.lang.ClassNotFoundException: Class org.apache.hadoop.fs.s3a.S3AFileSystem not found
[2025-04-04T04:23:00.410+0000] {spark_submit.py:649} INFO - at org.apache.hadoop.conf.Configuration.getClass(Configuration.java:2688)
[2025-04-04T04:23:00.411+0000] {spark_submit.py:649} INFO - at org.apache.hadoop.fs.FileSystem.getFileSystemClass(FileSystem.java:3431)
[2025-04-04T04:23:00.412+0000] {spark_submit.py:649} INFO - at org.apache.hadoop.fs.FileSystem.createFileSystem(FileSystem.java:3466)
[2025-04-04T04:23:00.412+0000] {spark_submit.py:649} INFO - at org.apache.hadoop.fs.FileSystem.access$300(FileSystem.java:174)
[2025-04-04T04:23:00.413+0000] {spark_submit.py:649} INFO - at org.apache.hadoop.fs.FileSystem$Cache.getInternal(FileSystem.java:3574)
[2025-04-04T04:23:00.413+0000] {spark_submit.py:649} INFO - at org.apache.hadoop.fs.FileSystem$Cache.get(FileSystem.java:3521)
[2025-04-04T04:23:00.414+0000] {spark_submit.py:649} INFO - at org.apache.hadoop.fs.FileSystem.get(FileSystem.java:540)
[2025-04-04T04:23:00.414+0000] {spark_submit.py:649} INFO - at org.apache.hadoop.fs.Path.getFileSystem(Path.java:365)
[2025-04-04T04:23:00.415+0000] {spark_submit.py:649} INFO - at org.apache.spark.sql.execution.streaming.FileStreamSink$.hasMetadata(FileStreamSink.scala:53)
[2025-04-04T04:23:00.416+0000] {spark_submit.py:649} INFO - at org.apache.spark.sql.execution.datasources.DataSource.resolveRelation(DataSource.scala:366)
[2025-04-04T04:23:00.416+0000] {spark_submit.py:649} INFO - at org.apache.spark.sql.DataFrameReader.loadV1Source(DataFrameReader.scala:229)
[2025-04-04T04:23:00.417+0000] {spark_submit.py:649} INFO - at org.apache.spark.sql.DataFrameReader.$anonfun$load$2(DataFrameReader.scala:211)
[2025-04-04T04:23:00.417+0000] {spark_submit.py:649} INFO - at scala.Option.getOrElse(Option.scala:189)
[2025-04-04T04:23:00.418+0000] {spark_submit.py:649} INFO - at org.apache.spark.sql.DataFrameReader.load(DataFrameReader.scala:211)
[2025-04-04T04:23:00.419+0000] {spark_submit.py:649} INFO - at org.apache.spark.sql.DataFrameReader.parquet(DataFrameReader.scala:563)
[2025-04-04T04:23:00.419+0000] {spark_submit.py:649} INFO - at java.base/jdk.internal.reflect.NativeMethodAccessorImpl.invoke0(Native Method)
[2025-04-04T04:23:00.420+0000] {spark_submit.py:649} INFO - at java.base/jdk.internal.reflect.NativeMethodAccessorImpl.invoke(NativeMethodAccessorImpl.java:77)
[2025-04-04T04:23:00.420+0000] {spark_submit.py:649} INFO - at java.base/jdk.internal.reflect.DelegatingMethodAccessorImpl.invoke(DelegatingMethodAccessorImpl.java:43)
[2025-04-04T04:23:00.421+0000] {spark_submit.py:649} INFO - at java.base/java.lang.reflect.Method.invoke(Method.java:569)
[2025-04-04T04:23:00.421+0000] {spark_submit.py:649} INFO - at py4j.reflection.MethodInvoker.invoke(MethodInvoker.java:244)
[2025-04-04T04:23:00.422+0000] {spark_submit.py:649} INFO - at py4j.reflection.ReflectionEngine.invoke(ReflectionEngine.java:374)
[2025-04-04T04:23:00.422+0000] {spark_submit.py:649} INFO - at py4j.Gateway.invoke(Gateway.java:282)
[2025-04-04T04:23:00.423+0000] {spark_submit.py:649} INFO - at py4j.commands.AbstractCommand.invokeMethod(AbstractCommand.java:132)
[2025-04-04T04:23:00.423+0000] {spark_submit.py:649} INFO - at py4j.commands.CallCommand.execute(CallCommand.java:79)
[2025-04-04T04:23:00.424+0000] {spark_submit.py:649} INFO - at py4j.ClientServerConnection.waitForCommands(ClientServerConnection.java:182)
[2025-04-04T04:23:00.424+0000] {spark_submit.py:649} INFO - at py4j.ClientServerConnection.run(ClientServerConnection.java:106)
[2025-04-04T04:23:00.425+0000] {spark_submit.py:649} INFO - at java.base/java.lang.Thread.run(Thread.java:840)
[2025-04-04T04:23:00.425+0000] {spark_submit.py:649} INFO - Caused by: java.lang.ClassNotFoundException: Class org.apache.hadoop.fs.s3a.S3AFileSystem not found
[2025-04-04T04:23:00.426+0000] {spark_submit.py:649} INFO - at org.apache.hadoop.conf.Configuration.getClassByName(Configuration.java:2592)
[2025-04-04T04:23:00.426+0000] {spark_submit.py:649} INFO - at org.apache.hadoop.conf.Configuration.getClass(Configuration.java:2686)
[2025-04-04T04:23:00.427+0000] {spark_submit.py:649} INFO - ... 26 more
[2025-04-04T04:23:00.533+0000] {spark_submit.py:649} INFO - Traceback (most recent call last):
[2025-04-04T04:23:00.535+0000] {spark_submit.py:649} INFO - File "/opt/spark-app/clean_yellow_tripdata.py", line 9, in <module>
[2025-04-04T04:23:00.538+0000] {spark_submit.py:649} INFO - clean_yellow_tripdata(spark)
[2025-04-04T04:23:00.539+0000] {spark_submit.py:649} INFO - File "/opt/pipeline/transform/clean_yellow_tripdata.py", line 9, in clean_yellow_tripdata
[2025-04-04T04:23:00.544+0000] {spark_submit.py:649} INFO - df = spark.read.parquet(raw_path)
[2025-04-04T04:23:00.545+0000] {spark_submit.py:649} INFO - File "/opt/spark/python/lib/pyspark.zip/pyspark/sql/readwriter.py", line 544, in parquet
[2025-04-04T04:23:00.546+0000] {spark_submit.py:649} INFO - File "/opt/spark/python/lib/py4j-0.10.9.7-src.zip/py4j/java_gateway.py", line 1322, in __call__
[2025-04-04T04:23:00.546+0000] {spark_submit.py:649} INFO - File "/opt/spark/python/lib/pyspark.zip/pyspark/errors/exceptions/captured.py", line 179, in deco
[2025-04-04T04:23:00.547+0000] {spark_submit.py:649} INFO - File "/opt/spark/python/lib/py4j-0.10.9.7-src.zip/py4j/protocol.py", line 326, in get_return_value
[2025-04-04T04:23:00.550+0000] {spark_submit.py:649} INFO - py4j.protocol.Py4JJavaError: An error occurred while calling o29.parquet.
[2025-04-04T04:23:00.551+0000] {spark_submit.py:649} INFO - : java.lang.RuntimeException: java.lang.ClassNotFoundException: Class org.apache.hadoop.fs.s3a.S3AFileSystem not found
[2025-04-04T04:23:00.551+0000] {spark_submit.py:649} INFO - at org.apache.hadoop.conf.Configuration.getClass(Configuration.java:2688)
[2025-04-04T04:23:00.552+0000] {spark_submit.py:649} INFO - at org.apache.hadoop.fs.FileSystem.getFileSystemClass(FileSystem.java:3431)
[2025-04-04T04:23:00.553+0000] {spark_submit.py:649} INFO - at org.apache.hadoop.fs.FileSystem.createFileSystem(FileSystem.java:3466)
[2025-04-04T04:23:00.553+0000] {spark_submit.py:649} INFO - at org.apache.hadoop.fs.FileSystem.access$300(FileSystem.java:174)
[2025-04-04T04:23:00.554+0000] {spark_submit.py:649} INFO - at org.apache.hadoop.fs.FileSystem$Cache.getInternal(FileSystem.java:3574)
[2025-04-04T04:23:00.555+0000] {spark_submit.py:649} INFO - at org.apache.hadoop.fs.FileSystem$Cache.get(FileSystem.java:3521)
[2025-04-04T04:23:00.555+0000] {spark_submit.py:649} INFO - at org.apache.hadoop.fs.FileSystem.get(FileSystem.java:540)
[2025-04-04T04:23:00.556+0000] {spark_submit.py:649} INFO - at org.apache.hadoop.fs.Path.getFileSystem(Path.java:365)
[2025-04-04T04:23:00.556+0000] {spark_submit.py:649} INFO - at org.apache.spark.sql.execution.datasources.DataSource$.$anonfun$checkAndGlobPathIfNecessary$1(DataSource.scala:724)
[2025-04-04T04:23:00.557+0000] {spark_submit.py:649} INFO - at scala.collection.immutable.List.map(List.scala:293)
[2025-04-04T04:23:00.557+0000] {spark_submit.py:649} INFO - at org.apache.spark.sql.execution.datasources.DataSource$.checkAndGlobPathIfNecessary(DataSource.scala:722)
[2025-04-04T04:23:00.558+0000] {spark_submit.py:649} INFO - at org.apache.spark.sql.execution.datasources.DataSource.checkAndGlobPathIfNecessary(DataSource.scala:551)
[2025-04-04T04:23:00.559+0000] {spark_submit.py:649} INFO - at org.apache.spark.sql.execution.datasources.DataSource.resolveRelation(DataSource.scala:404)
[2025-04-04T04:23:00.560+0000] {spark_submit.py:649} INFO - at org.apache.spark.sql.DataFrameReader.loadV1Source(DataFrameReader.scala:229)
[2025-04-04T04:23:00.560+0000] {spark_submit.py:649} INFO - at org.apache.spark.sql.DataFrameReader.$anonfun$load$2(DataFrameReader.scala:211)
[2025-04-04T04:23:00.561+0000] {spark_submit.py:649} INFO - at scala.Option.getOrElse(Option.scala:189)
[2025-04-04T04:23:00.562+0000] {spark_submit.py:649} INFO - at org.apache.spark.sql.DataFrameReader.load(DataFrameReader.scala:211)
[2025-04-04T04:23:00.562+0000] {spark_submit.py:649} INFO - at org.apache.spark.sql.DataFrameReader.parquet(DataFrameReader.scala:563)
[2025-04-04T04:23:00.563+0000] {spark_submit.py:649} INFO - at java.base/jdk.internal.reflect.NativeMethodAccessorImpl.invoke0(Native Method)
[2025-04-04T04:23:00.563+0000] {spark_submit.py:649} INFO - at java.base/jdk.internal.reflect.NativeMethodAccessorImpl.invoke(NativeMethodAccessorImpl.java:77)
[2025-04-04T04:23:00.564+0000] {spark_submit.py:649} INFO - at java.base/jdk.internal.reflect.DelegatingMethodAccessorImpl.invoke(DelegatingMethodAccessorImpl.java:43)
[2025-04-04T04:23:00.565+0000] {spark_submit.py:649} INFO - at java.base/java.lang.reflect.Method.invoke(Method.java:569)
[2025-04-04T04:23:00.566+0000] {spark_submit.py:649} INFO - at py4j.reflection.MethodInvoker.invoke(MethodInvoker.java:244)
[2025-04-04T04:23:00.566+0000] {spark_submit.py:649} INFO - at py4j.reflection.ReflectionEngine.invoke(ReflectionEngine.java:374)
[2025-04-04T04:23:00.567+0000] {spark_submit.py:649} INFO - at py4j.Gateway.invoke(Gateway.java:282)
[2025-04-04T04:23:00.568+0000] {spark_submit.py:649} INFO - at py4j.commands.AbstractCommand.invokeMethod(AbstractCommand.java:132)
[2025-04-04T04:23:00.568+0000] {spark_submit.py:649} INFO - at py4j.commands.CallCommand.execute(CallCommand.java:79)
[2025-04-04T04:23:00.569+0000] {spark_submit.py:649} INFO - at py4j.ClientServerConnection.waitForCommands(ClientServerConnection.java:182)
[2025-04-04T04:23:00.569+0000] {spark_submit.py:649} INFO - at py4j.ClientServerConnection.run(ClientServerConnection.java:106)
[2025-04-04T04:23:00.570+0000] {spark_submit.py:649} INFO - at java.base/java.lang.Thread.run(Thread.java:840)
[2025-04-04T04:23:00.570+0000] {spark_submit.py:649} INFO - Caused by: java.lang.ClassNotFoundException: Class org.apache.hadoop.fs.s3a.S3AFileSystem not found
[2025-04-04T04:23:00.571+0000] {spark_submit.py:649} INFO - at org.apache.hadoop.conf.Configuration.getClassByName(Configuration.java:2592)
[2025-04-04T04:23:00.571+0000] {spark_submit.py:649} INFO - at org.apache.hadoop.conf.Configuration.getClass(Configuration.java:2686)
[2025-04-04T04:23:00.572+0000] {spark_submit.py:649} INFO - ... 29 more
[2025-04-04T04:23:00.573+0000] {spark_submit.py:649} INFO - 
[2025-04-04T04:23:00.626+0000] {spark_submit.py:649} INFO - 25/04/04 04:23:00 INFO SparkContext: Invoking stop() from shutdown hook
[2025-04-04T04:23:00.626+0000] {spark_submit.py:649} INFO - 25/04/04 04:23:00 INFO SparkContext: SparkContext is stopping with exitCode 0.
[2025-04-04T04:23:00.642+0000] {spark_submit.py:649} INFO - 25/04/04 04:23:00 INFO SparkUI: Stopped Spark web UI at http://c82aa68c3e2c:4040
[2025-04-04T04:23:00.647+0000] {spark_submit.py:649} INFO - 25/04/04 04:23:00 INFO StandaloneSchedulerBackend: Shutting down all executors
[2025-04-04T04:23:00.653+0000] {spark_submit.py:649} INFO - 25/04/04 04:23:00 INFO StandaloneSchedulerBackend$StandaloneDriverEndpoint: Asking each executor to shut down
[2025-04-04T04:23:00.678+0000] {spark_submit.py:649} INFO - 25/04/04 04:23:00 INFO MapOutputTrackerMasterEndpoint: MapOutputTrackerMasterEndpoint stopped!
[2025-04-04T04:23:00.691+0000] {spark_submit.py:649} INFO - 25/04/04 04:23:00 INFO MemoryStore: MemoryStore cleared
[2025-04-04T04:23:00.691+0000] {spark_submit.py:649} INFO - 25/04/04 04:23:00 INFO BlockManager: BlockManager stopped
[2025-04-04T04:23:00.696+0000] {spark_submit.py:649} INFO - 25/04/04 04:23:00 INFO BlockManagerMaster: BlockManagerMaster stopped
[2025-04-04T04:23:00.700+0000] {spark_submit.py:649} INFO - 25/04/04 04:23:00 INFO OutputCommitCoordinator$OutputCommitCoordinatorEndpoint: OutputCommitCoordinator stopped!
[2025-04-04T04:23:00.712+0000] {spark_submit.py:649} INFO - 25/04/04 04:23:00 INFO SparkContext: Successfully stopped SparkContext
[2025-04-04T04:23:00.713+0000] {spark_submit.py:649} INFO - 25/04/04 04:23:00 INFO ShutdownHookManager: Shutdown hook called
[2025-04-04T04:23:00.713+0000] {spark_submit.py:649} INFO - 25/04/04 04:23:00 INFO ShutdownHookManager: Deleting directory /tmp/spark-8e5c00f4-645e-4bd5-86aa-8994aea3f8e3
[2025-04-04T04:23:00.718+0000] {spark_submit.py:649} INFO - 25/04/04 04:23:00 INFO ShutdownHookManager: Deleting directory /tmp/spark-8e5c00f4-645e-4bd5-86aa-8994aea3f8e3/pyspark-94e1cf27-66f1-40ac-bf30-075ada7fd660
[2025-04-04T04:23:00.723+0000] {spark_submit.py:649} INFO - 25/04/04 04:23:00 INFO ShutdownHookManager: Deleting directory /tmp/spark-c23944f3-c313-44b9-b740-c17a508fda56
[2025-04-04T04:23:00.774+0000] {taskinstance.py:2698} ERROR - Task failed with exception
Traceback (most recent call last):
  File "/home/airflow/.local/lib/python3.8/site-packages/airflow/models/taskinstance.py", line 433, in _execute_task
    result = execute_callable(context=context, **execute_callable_kwargs)
  File "/home/airflow/.local/lib/python3.8/site-packages/airflow/providers/apache/spark/operators/spark_submit.py", line 176, in execute
    self._hook.submit(self.application)
  File "/home/airflow/.local/lib/python3.8/site-packages/airflow/providers/apache/spark/hooks/spark_submit.py", line 575, in submit
    raise AirflowException(
airflow.exceptions.AirflowException: Cannot execute: spark-submit --master spark://spark-master:7077 --conf spark.master=spark://spark-master:7077 --conf spark.hadoop.fs.s3a.impl=org.apache.hadoop.fs.s3a.S3AFileSystem --conf spark.driver.extraClassPath=/opt/spark-extra-jars/* --conf spark.executor.extraClassPath=/opt/spark-extra-jars/* --jars /opt/spark-extra-jars/hadoop-aws-3.3.6.jar,/opt/spark-extra-jars/aws-java-sdk-bundle-1.12.696.jar --name arrow-spark --verbose --queue root.default --deploy-mode client /opt/spark-app/clean_yellow_tripdata.py. Error code is: 1.
[2025-04-04T04:23:00.779+0000] {taskinstance.py:1138} INFO - Marking task as UP_FOR_RETRY. dag_id=full_pipeline_dag, task_id=clean_data_spark, execution_date=20250404T033934, start_date=20250404T042255, end_date=20250404T042300
[2025-04-04T04:23:00.909+0000] {standard_task_runner.py:107} ERROR - Failed to execute job 249 for task clean_data_spark (Cannot execute: spark-submit --master spark://spark-master:7077 --conf spark.master=spark://spark-master:7077 --conf spark.hadoop.fs.s3a.impl=org.apache.hadoop.fs.s3a.S3AFileSystem --conf spark.driver.extraClassPath=/opt/spark-extra-jars/* --conf spark.executor.extraClassPath=/opt/spark-extra-jars/* --jars /opt/spark-extra-jars/hadoop-aws-3.3.6.jar,/opt/spark-extra-jars/aws-java-sdk-bundle-1.12.696.jar --name arrow-spark --verbose --queue root.default --deploy-mode client /opt/spark-app/clean_yellow_tripdata.py. Error code is: 1.; 958)
[2025-04-04T04:23:00.934+0000] {local_task_job_runner.py:234} INFO - Task exited with return code 1
[2025-04-04T04:23:00.983+0000] {taskinstance.py:3280} INFO - 0 downstream tasks scheduled from follow-on schedule check
