[2025-04-04T03:59:10.065+0000] {taskinstance.py:1956} INFO - Dependencies all met for dep_context=non-requeueable deps ti=<TaskInstance: full_pipeline_dag.clean_data_spark manual__2025-04-04T03:39:34.947255+00:00 [queued]>
[2025-04-04T03:59:10.088+0000] {taskinstance.py:1956} INFO - Dependencies all met for dep_context=requeueable deps ti=<TaskInstance: full_pipeline_dag.clean_data_spark manual__2025-04-04T03:39:34.947255+00:00 [queued]>
[2025-04-04T03:59:10.089+0000] {taskinstance.py:2170} INFO - Starting attempt 6 of 6
[2025-04-04T03:59:10.135+0000] {taskinstance.py:2191} INFO - Executing <Task(SparkSubmitOperator): clean_data_spark> on 2025-04-04 03:39:34.947255+00:00
[2025-04-04T03:59:10.142+0000] {standard_task_runner.py:60} INFO - Started process 482 to run task
[2025-04-04T03:59:10.148+0000] {standard_task_runner.py:87} INFO - Running: ['airflow', 'tasks', 'run', 'full_pipeline_dag', 'clean_data_spark', 'manual__2025-04-04T03:39:34.947255+00:00', '--job-id', '243', '--raw', '--subdir', 'DAGS_FOLDER/full_pipeline_dag.py', '--cfg-path', '/tmp/tmpdaym54x3']
[2025-04-04T03:59:10.150+0000] {standard_task_runner.py:88} INFO - Job 243: Subtask clean_data_spark
[2025-04-04T03:59:10.202+0000] {logging_mixin.py:188} WARNING - /home/airflow/.local/lib/python3.8/site-packages/airflow/settings.py:194 DeprecationWarning: The sql_alchemy_conn option in [core] has been moved to the sql_alchemy_conn option in [database] - the old setting has been used, but please update your config.
[2025-04-04T03:59:10.266+0000] {task_command.py:423} INFO - Running <TaskInstance: full_pipeline_dag.clean_data_spark manual__2025-04-04T03:39:34.947255+00:00 [running]> on host 2f2a4ac03060
[2025-04-04T03:59:10.458+0000] {taskinstance.py:2480} INFO - Exporting env vars: AIRFLOW_CTX_DAG_OWNER='airflow' AIRFLOW_CTX_DAG_ID='full_pipeline_dag' AIRFLOW_CTX_TASK_ID='clean_data_spark' AIRFLOW_CTX_EXECUTION_DATE='2025-04-04T03:39:34.947255+00:00' AIRFLOW_CTX_TRY_NUMBER='6' AIRFLOW_CTX_DAG_RUN_ID='manual__2025-04-04T03:39:34.947255+00:00'
[2025-04-04T03:59:10.471+0000] {base.py:83} INFO - Using connection ID 'spark_default' for task execution.
[2025-04-04T03:59:10.473+0000] {spark_submit.py:473} INFO - Spark-Submit cmd: spark-submit --master spark://spark-master:7077 --conf spark.master=spark://spark-master:7077 --conf spark.hadoop.fs.s3a.impl=org.apache.hadoop.fs.s3a.S3AFileSystem --jars /opt/spark-extra-jars/hadoop-aws-3.3.6.jar,/opt/spark-extra-jars/aws-java-sdk-bundle-1.12.696.jar --name arrow-spark --verbose --queue root.default --deploy-mode client /opt/spark-app/clean_yellow_tripdata.py
[2025-04-04T03:59:11.632+0000] {spark_submit.py:649} INFO - Using properties file: null
[2025-04-04T03:59:11.716+0000] {spark_submit.py:649} INFO - Parsed arguments:
[2025-04-04T03:59:11.717+0000] {spark_submit.py:649} INFO - master                  spark://spark-master:7077
[2025-04-04T03:59:11.718+0000] {spark_submit.py:649} INFO - remote                  null
[2025-04-04T03:59:11.718+0000] {spark_submit.py:649} INFO - deployMode              client
[2025-04-04T03:59:11.718+0000] {spark_submit.py:649} INFO - executorMemory          null
[2025-04-04T03:59:11.719+0000] {spark_submit.py:649} INFO - executorCores           null
[2025-04-04T03:59:11.719+0000] {spark_submit.py:649} INFO - totalExecutorCores      null
[2025-04-04T03:59:11.720+0000] {spark_submit.py:649} INFO - propertiesFile          null
[2025-04-04T03:59:11.721+0000] {spark_submit.py:649} INFO - driverMemory            null
[2025-04-04T03:59:11.721+0000] {spark_submit.py:649} INFO - driverCores             null
[2025-04-04T03:59:11.722+0000] {spark_submit.py:649} INFO - driverExtraClassPath    null
[2025-04-04T03:59:11.722+0000] {spark_submit.py:649} INFO - driverExtraLibraryPath  null
[2025-04-04T03:59:11.723+0000] {spark_submit.py:649} INFO - driverExtraJavaOptions  null
[2025-04-04T03:59:11.723+0000] {spark_submit.py:649} INFO - supervise               false
[2025-04-04T03:59:11.724+0000] {spark_submit.py:649} INFO - queue                   root.default
[2025-04-04T03:59:11.725+0000] {spark_submit.py:649} INFO - numExecutors            null
[2025-04-04T03:59:11.725+0000] {spark_submit.py:649} INFO - files                   null
[2025-04-04T03:59:11.726+0000] {spark_submit.py:649} INFO - pyFiles                 null
[2025-04-04T03:59:11.726+0000] {spark_submit.py:649} INFO - archives                null
[2025-04-04T03:59:11.727+0000] {spark_submit.py:649} INFO - mainClass               null
[2025-04-04T03:59:11.727+0000] {spark_submit.py:649} INFO - primaryResource         file:/opt/spark-app/clean_yellow_tripdata.py
[2025-04-04T03:59:11.728+0000] {spark_submit.py:649} INFO - name                    arrow-spark
[2025-04-04T03:59:11.729+0000] {spark_submit.py:649} INFO - childArgs               []
[2025-04-04T03:59:11.729+0000] {spark_submit.py:649} INFO - jars                    file:/opt/spark-extra-jars/hadoop-aws-3.3.6.jar,file:/opt/spark-extra-jars/aws-java-sdk-bundle-1.12.696.jar
[2025-04-04T03:59:11.729+0000] {spark_submit.py:649} INFO - packages                null
[2025-04-04T03:59:11.730+0000] {spark_submit.py:649} INFO - packagesExclusions      null
[2025-04-04T03:59:11.731+0000] {spark_submit.py:649} INFO - repositories            null
[2025-04-04T03:59:11.731+0000] {spark_submit.py:649} INFO - verbose                 true
[2025-04-04T03:59:11.732+0000] {spark_submit.py:649} INFO - 
[2025-04-04T03:59:11.732+0000] {spark_submit.py:649} INFO - Spark properties used, including those specified through
[2025-04-04T03:59:11.733+0000] {spark_submit.py:649} INFO - --conf and those from the properties file null:
[2025-04-04T03:59:11.734+0000] {spark_submit.py:649} INFO - (spark.hadoop.fs.s3a.impl,org.apache.hadoop.fs.s3a.S3AFileSystem)
[2025-04-04T03:59:11.734+0000] {spark_submit.py:649} INFO - (spark.master,spark://spark-master:7077)
[2025-04-04T03:59:11.735+0000] {spark_submit.py:649} INFO - 
[2025-04-04T03:59:11.735+0000] {spark_submit.py:649} INFO - 
[2025-04-04T03:59:11.971+0000] {spark_submit.py:649} INFO - 25/04/04 03:59:11 WARN NativeCodeLoader: Unable to load native-hadoop library for your platform... using builtin-java classes where applicable
[2025-04-04T03:59:12.111+0000] {spark_submit.py:649} INFO - Main class:
[2025-04-04T03:59:12.113+0000] {spark_submit.py:649} INFO - org.apache.spark.deploy.PythonRunner
[2025-04-04T03:59:12.115+0000] {spark_submit.py:649} INFO - Arguments:
[2025-04-04T03:59:12.118+0000] {spark_submit.py:649} INFO - file:/opt/spark-app/clean_yellow_tripdata.py
[2025-04-04T03:59:12.119+0000] {spark_submit.py:649} INFO - null
[2025-04-04T03:59:12.120+0000] {spark_submit.py:649} INFO - Spark config:
[2025-04-04T03:59:12.121+0000] {spark_submit.py:649} INFO - (spark.app.name,arrow-spark)
[2025-04-04T03:59:12.122+0000] {spark_submit.py:649} INFO - (spark.app.submitTime,1743739152092)
[2025-04-04T03:59:12.123+0000] {spark_submit.py:649} INFO - (spark.hadoop.fs.s3a.impl,org.apache.hadoop.fs.s3a.S3AFileSystem)
[2025-04-04T03:59:12.125+0000] {spark_submit.py:649} INFO - (spark.jars,file:/opt/spark-extra-jars/hadoop-aws-3.3.6.jar,file:/opt/spark-extra-jars/aws-java-sdk-bundle-1.12.696.jar)
[2025-04-04T03:59:12.127+0000] {spark_submit.py:649} INFO - (spark.master,spark://spark-master:7077)
[2025-04-04T03:59:12.128+0000] {spark_submit.py:649} INFO - (spark.repl.local.jars,file:/opt/spark-extra-jars/hadoop-aws-3.3.6.jar,file:/opt/spark-extra-jars/aws-java-sdk-bundle-1.12.696.jar)
[2025-04-04T03:59:12.129+0000] {spark_submit.py:649} INFO - (spark.submit.deployMode,client)
[2025-04-04T03:59:12.129+0000] {spark_submit.py:649} INFO - (spark.submit.pyFiles,)
[2025-04-04T03:59:12.130+0000] {spark_submit.py:649} INFO - Classpath elements:
[2025-04-04T03:59:12.130+0000] {spark_submit.py:649} INFO - file:/opt/spark-extra-jars/hadoop-aws-3.3.6.jar
[2025-04-04T03:59:12.130+0000] {spark_submit.py:649} INFO - file:/opt/spark-extra-jars/aws-java-sdk-bundle-1.12.696.jar
[2025-04-04T03:59:12.131+0000] {spark_submit.py:649} INFO - 
[2025-04-04T03:59:12.131+0000] {spark_submit.py:649} INFO - 
[2025-04-04T03:59:12.132+0000] {spark_submit.py:649} INFO - 25/04/04 03:59:12 WARN DependencyUtils: Local jar /opt/spark-extra-jars/hadoop-aws-3.3.6.jar does not exist, skipping.
[2025-04-04T03:59:12.133+0000] {spark_submit.py:649} INFO - 25/04/04 03:59:12 WARN DependencyUtils: Local jar /opt/spark-extra-jars/aws-java-sdk-bundle-1.12.696.jar does not exist, skipping.
[2025-04-04T03:59:12.937+0000] {spark_submit.py:649} INFO - 25/04/04 03:59:12 INFO SparkContext: Running Spark version 3.5.0
[2025-04-04T03:59:12.938+0000] {spark_submit.py:649} INFO - 25/04/04 03:59:12 INFO SparkContext: OS info Linux, 5.15.167.4-microsoft-standard-WSL2, amd64
[2025-04-04T03:59:12.939+0000] {spark_submit.py:649} INFO - 25/04/04 03:59:12 INFO SparkContext: Java version 17.0.14
[2025-04-04T03:59:12.962+0000] {spark_submit.py:649} INFO - 25/04/04 03:59:12 INFO ResourceUtils: ==============================================================
[2025-04-04T03:59:12.963+0000] {spark_submit.py:649} INFO - 25/04/04 03:59:12 INFO ResourceUtils: No custom resources configured for spark.driver.
[2025-04-04T03:59:12.963+0000] {spark_submit.py:649} INFO - 25/04/04 03:59:12 INFO ResourceUtils: ==============================================================
[2025-04-04T03:59:12.964+0000] {spark_submit.py:649} INFO - 25/04/04 03:59:12 INFO SparkContext: Submitted application: CleanYellowData
[2025-04-04T03:59:12.980+0000] {spark_submit.py:649} INFO - 25/04/04 03:59:12 INFO ResourceProfile: Default ResourceProfile created, executor resources: Map(memory -> name: memory, amount: 1024, script: , vendor: , offHeap -> name: offHeap, amount: 0, script: , vendor: ), task resources: Map(cpus -> name: cpus, amount: 1.0)
[2025-04-04T03:59:12.985+0000] {spark_submit.py:649} INFO - 25/04/04 03:59:12 INFO ResourceProfile: Limiting resource is cpu
[2025-04-04T03:59:12.986+0000] {spark_submit.py:649} INFO - 25/04/04 03:59:12 INFO ResourceProfileManager: Added ResourceProfile id: 0
[2025-04-04T03:59:13.031+0000] {spark_submit.py:649} INFO - 25/04/04 03:59:13 INFO SecurityManager: Changing view acls to: airflow
[2025-04-04T03:59:13.032+0000] {spark_submit.py:649} INFO - 25/04/04 03:59:13 INFO SecurityManager: Changing modify acls to: airflow
[2025-04-04T03:59:13.032+0000] {spark_submit.py:649} INFO - 25/04/04 03:59:13 INFO SecurityManager: Changing view acls groups to:
[2025-04-04T03:59:13.033+0000] {spark_submit.py:649} INFO - 25/04/04 03:59:13 INFO SecurityManager: Changing modify acls groups to:
[2025-04-04T03:59:13.033+0000] {spark_submit.py:649} INFO - 25/04/04 03:59:13 INFO SecurityManager: SecurityManager: authentication disabled; ui acls disabled; users with view permissions: airflow; groups with view permissions: EMPTY; users with modify permissions: airflow; groups with modify permissions: EMPTY
[2025-04-04T03:59:13.183+0000] {spark_submit.py:649} INFO - 25/04/04 03:59:13 INFO Utils: Successfully started service 'sparkDriver' on port 36247.
[2025-04-04T03:59:13.211+0000] {spark_submit.py:649} INFO - 25/04/04 03:59:13 INFO SparkEnv: Registering MapOutputTracker
[2025-04-04T03:59:13.238+0000] {spark_submit.py:649} INFO - 25/04/04 03:59:13 INFO SparkEnv: Registering BlockManagerMaster
[2025-04-04T03:59:13.256+0000] {spark_submit.py:649} INFO - 25/04/04 03:59:13 INFO BlockManagerMasterEndpoint: Using org.apache.spark.storage.DefaultTopologyMapper for getting topology information
[2025-04-04T03:59:13.257+0000] {spark_submit.py:649} INFO - 25/04/04 03:59:13 INFO BlockManagerMasterEndpoint: BlockManagerMasterEndpoint up
[2025-04-04T03:59:13.262+0000] {spark_submit.py:649} INFO - 25/04/04 03:59:13 INFO SparkEnv: Registering BlockManagerMasterHeartbeat
[2025-04-04T03:59:13.283+0000] {spark_submit.py:649} INFO - 25/04/04 03:59:13 INFO DiskBlockManager: Created local directory at /tmp/blockmgr-ad660401-35f2-47bd-ad97-d8b5bea4050f
[2025-04-04T03:59:13.295+0000] {spark_submit.py:649} INFO - 25/04/04 03:59:13 INFO MemoryStore: MemoryStore started with capacity 434.4 MiB
[2025-04-04T03:59:13.309+0000] {spark_submit.py:649} INFO - 25/04/04 03:59:13 INFO SparkEnv: Registering OutputCommitCoordinator
[2025-04-04T03:59:13.429+0000] {spark_submit.py:649} INFO - 25/04/04 03:59:13 INFO JettyUtils: Start Jetty 0.0.0.0:4040 for SparkUI
[2025-04-04T03:59:13.475+0000] {spark_submit.py:649} INFO - 25/04/04 03:59:13 INFO Utils: Successfully started service 'SparkUI' on port 4040.
[2025-04-04T03:59:13.502+0000] {spark_submit.py:649} INFO - 25/04/04 03:59:13 ERROR SparkContext: Failed to add file:/opt/spark-extra-jars/hadoop-aws-3.3.6.jar to Spark environment
[2025-04-04T03:59:13.503+0000] {spark_submit.py:649} INFO - java.io.FileNotFoundException: Jar /opt/spark-extra-jars/hadoop-aws-3.3.6.jar not found
[2025-04-04T03:59:13.504+0000] {spark_submit.py:649} INFO - at org.apache.spark.SparkContext.addLocalJarFile$1(SparkContext.scala:2100)
[2025-04-04T03:59:13.505+0000] {spark_submit.py:649} INFO - at org.apache.spark.SparkContext.addJar(SparkContext.scala:2156)
[2025-04-04T03:59:13.506+0000] {spark_submit.py:649} INFO - at org.apache.spark.SparkContext.$anonfun$new$15(SparkContext.scala:526)
[2025-04-04T03:59:13.507+0000] {spark_submit.py:649} INFO - at org.apache.spark.SparkContext.$anonfun$new$15$adapted(SparkContext.scala:526)
[2025-04-04T03:59:13.507+0000] {spark_submit.py:649} INFO - at scala.collection.mutable.ResizableArray.foreach(ResizableArray.scala:62)
[2025-04-04T03:59:13.508+0000] {spark_submit.py:649} INFO - at scala.collection.mutable.ResizableArray.foreach$(ResizableArray.scala:55)
[2025-04-04T03:59:13.508+0000] {spark_submit.py:649} INFO - at scala.collection.mutable.ArrayBuffer.foreach(ArrayBuffer.scala:49)
[2025-04-04T03:59:13.509+0000] {spark_submit.py:649} INFO - at org.apache.spark.SparkContext.<init>(SparkContext.scala:526)
[2025-04-04T03:59:13.510+0000] {spark_submit.py:649} INFO - at org.apache.spark.api.java.JavaSparkContext.<init>(JavaSparkContext.scala:58)
[2025-04-04T03:59:13.510+0000] {spark_submit.py:649} INFO - at java.base/jdk.internal.reflect.NativeConstructorAccessorImpl.newInstance0(Native Method)
[2025-04-04T03:59:13.511+0000] {spark_submit.py:649} INFO - at java.base/jdk.internal.reflect.NativeConstructorAccessorImpl.newInstance(NativeConstructorAccessorImpl.java:77)
[2025-04-04T03:59:13.512+0000] {spark_submit.py:649} INFO - at java.base/jdk.internal.reflect.DelegatingConstructorAccessorImpl.newInstance(DelegatingConstructorAccessorImpl.java:45)
[2025-04-04T03:59:13.512+0000] {spark_submit.py:649} INFO - at java.base/java.lang.reflect.Constructor.newInstanceWithCaller(Constructor.java:500)
[2025-04-04T03:59:13.513+0000] {spark_submit.py:649} INFO - at java.base/java.lang.reflect.Constructor.newInstance(Constructor.java:481)
[2025-04-04T03:59:13.513+0000] {spark_submit.py:649} INFO - at py4j.reflection.MethodInvoker.invoke(MethodInvoker.java:247)
[2025-04-04T03:59:13.514+0000] {spark_submit.py:649} INFO - at py4j.reflection.ReflectionEngine.invoke(ReflectionEngine.java:374)
[2025-04-04T03:59:13.514+0000] {spark_submit.py:649} INFO - at py4j.Gateway.invoke(Gateway.java:238)
[2025-04-04T03:59:13.515+0000] {spark_submit.py:649} INFO - at py4j.commands.ConstructorCommand.invokeConstructor(ConstructorCommand.java:80)
[2025-04-04T03:59:13.515+0000] {spark_submit.py:649} INFO - at py4j.commands.ConstructorCommand.execute(ConstructorCommand.java:69)
[2025-04-04T03:59:13.516+0000] {spark_submit.py:649} INFO - at py4j.ClientServerConnection.waitForCommands(ClientServerConnection.java:182)
[2025-04-04T03:59:13.516+0000] {spark_submit.py:649} INFO - at py4j.ClientServerConnection.run(ClientServerConnection.java:106)
[2025-04-04T03:59:13.517+0000] {spark_submit.py:649} INFO - at java.base/java.lang.Thread.run(Thread.java:840)
[2025-04-04T03:59:13.517+0000] {spark_submit.py:649} INFO - 25/04/04 03:59:13 ERROR SparkContext: Failed to add file:/opt/spark-extra-jars/aws-java-sdk-bundle-1.12.696.jar to Spark environment
[2025-04-04T03:59:13.517+0000] {spark_submit.py:649} INFO - java.io.FileNotFoundException: Jar /opt/spark-extra-jars/aws-java-sdk-bundle-1.12.696.jar not found
[2025-04-04T03:59:13.518+0000] {spark_submit.py:649} INFO - at org.apache.spark.SparkContext.addLocalJarFile$1(SparkContext.scala:2100)
[2025-04-04T03:59:13.518+0000] {spark_submit.py:649} INFO - at org.apache.spark.SparkContext.addJar(SparkContext.scala:2156)
[2025-04-04T03:59:13.519+0000] {spark_submit.py:649} INFO - at org.apache.spark.SparkContext.$anonfun$new$15(SparkContext.scala:526)
[2025-04-04T03:59:13.519+0000] {spark_submit.py:649} INFO - at org.apache.spark.SparkContext.$anonfun$new$15$adapted(SparkContext.scala:526)
[2025-04-04T03:59:13.520+0000] {spark_submit.py:649} INFO - at scala.collection.mutable.ResizableArray.foreach(ResizableArray.scala:62)
[2025-04-04T03:59:13.520+0000] {spark_submit.py:649} INFO - at scala.collection.mutable.ResizableArray.foreach$(ResizableArray.scala:55)
[2025-04-04T03:59:13.520+0000] {spark_submit.py:649} INFO - at scala.collection.mutable.ArrayBuffer.foreach(ArrayBuffer.scala:49)
[2025-04-04T03:59:13.520+0000] {spark_submit.py:649} INFO - at org.apache.spark.SparkContext.<init>(SparkContext.scala:526)
[2025-04-04T03:59:13.521+0000] {spark_submit.py:649} INFO - at org.apache.spark.api.java.JavaSparkContext.<init>(JavaSparkContext.scala:58)
[2025-04-04T03:59:13.521+0000] {spark_submit.py:649} INFO - at java.base/jdk.internal.reflect.NativeConstructorAccessorImpl.newInstance0(Native Method)
[2025-04-04T03:59:13.521+0000] {spark_submit.py:649} INFO - at java.base/jdk.internal.reflect.NativeConstructorAccessorImpl.newInstance(NativeConstructorAccessorImpl.java:77)
[2025-04-04T03:59:13.522+0000] {spark_submit.py:649} INFO - at java.base/jdk.internal.reflect.DelegatingConstructorAccessorImpl.newInstance(DelegatingConstructorAccessorImpl.java:45)
[2025-04-04T03:59:13.522+0000] {spark_submit.py:649} INFO - at java.base/java.lang.reflect.Constructor.newInstanceWithCaller(Constructor.java:500)
[2025-04-04T03:59:13.522+0000] {spark_submit.py:649} INFO - at java.base/java.lang.reflect.Constructor.newInstance(Constructor.java:481)
[2025-04-04T03:59:13.523+0000] {spark_submit.py:649} INFO - at py4j.reflection.MethodInvoker.invoke(MethodInvoker.java:247)
[2025-04-04T03:59:13.523+0000] {spark_submit.py:649} INFO - at py4j.reflection.ReflectionEngine.invoke(ReflectionEngine.java:374)
[2025-04-04T03:59:13.523+0000] {spark_submit.py:649} INFO - at py4j.Gateway.invoke(Gateway.java:238)
[2025-04-04T03:59:13.524+0000] {spark_submit.py:649} INFO - at py4j.commands.ConstructorCommand.invokeConstructor(ConstructorCommand.java:80)
[2025-04-04T03:59:13.524+0000] {spark_submit.py:649} INFO - at py4j.commands.ConstructorCommand.execute(ConstructorCommand.java:69)
[2025-04-04T03:59:13.524+0000] {spark_submit.py:649} INFO - at py4j.ClientServerConnection.waitForCommands(ClientServerConnection.java:182)
[2025-04-04T03:59:13.524+0000] {spark_submit.py:649} INFO - at py4j.ClientServerConnection.run(ClientServerConnection.java:106)
[2025-04-04T03:59:13.525+0000] {spark_submit.py:649} INFO - at java.base/java.lang.Thread.run(Thread.java:840)
[2025-04-04T03:59:13.555+0000] {spark_submit.py:649} INFO - 25/04/04 03:59:13 INFO StandaloneAppClient$ClientEndpoint: Connecting to master spark://spark-master:7077...
[2025-04-04T03:59:13.590+0000] {spark_submit.py:649} INFO - 25/04/04 03:59:13 INFO TransportClientFactory: Successfully created connection to spark-master/172.24.0.3:7077 after 20 ms (0 ms spent in bootstraps)
[2025-04-04T03:59:13.655+0000] {spark_submit.py:649} INFO - 25/04/04 03:59:13 INFO StandaloneSchedulerBackend: Connected to Spark cluster with app ID app-20250404035913-0002
[2025-04-04T03:59:13.659+0000] {spark_submit.py:649} INFO - 25/04/04 03:59:13 INFO StandaloneAppClient$ClientEndpoint: Executor added: app-20250404035913-0002/0 on worker-20250404035254-172.24.0.8-37625 (172.24.0.8:37625) with 2 core(s)
[2025-04-04T03:59:13.661+0000] {spark_submit.py:649} INFO - 25/04/04 03:59:13 INFO StandaloneSchedulerBackend: Granted executor ID app-20250404035913-0002/0 on hostPort 172.24.0.8:37625 with 2 core(s), 1024.0 MiB RAM
[2025-04-04T03:59:13.664+0000] {spark_submit.py:649} INFO - 25/04/04 03:59:13 INFO Utils: Successfully started service 'org.apache.spark.network.netty.NettyBlockTransferService' on port 46747.
[2025-04-04T03:59:13.665+0000] {spark_submit.py:649} INFO - 25/04/04 03:59:13 INFO NettyBlockTransferService: Server created on 2f2a4ac03060:46747
[2025-04-04T03:59:13.667+0000] {spark_submit.py:649} INFO - 25/04/04 03:59:13 INFO BlockManager: Using org.apache.spark.storage.RandomBlockReplicationPolicy for block replication policy
[2025-04-04T03:59:13.673+0000] {spark_submit.py:649} INFO - 25/04/04 03:59:13 INFO BlockManagerMaster: Registering BlockManager BlockManagerId(driver, 2f2a4ac03060, 46747, None)
[2025-04-04T03:59:13.677+0000] {spark_submit.py:649} INFO - 25/04/04 03:59:13 INFO BlockManagerMasterEndpoint: Registering block manager 2f2a4ac03060:46747 with 434.4 MiB RAM, BlockManagerId(driver, 2f2a4ac03060, 46747, None)
[2025-04-04T03:59:13.679+0000] {spark_submit.py:649} INFO - 25/04/04 03:59:13 INFO BlockManagerMaster: Registered BlockManager BlockManagerId(driver, 2f2a4ac03060, 46747, None)
[2025-04-04T03:59:13.680+0000] {spark_submit.py:649} INFO - 25/04/04 03:59:13 INFO BlockManager: Initialized BlockManager: BlockManagerId(driver, 2f2a4ac03060, 46747, None)
[2025-04-04T03:59:13.716+0000] {spark_submit.py:649} INFO - 25/04/04 03:59:13 INFO StandaloneAppClient$ClientEndpoint: Executor updated: app-20250404035913-0002/0 is now RUNNING
[2025-04-04T03:59:13.876+0000] {spark_submit.py:649} INFO - 25/04/04 03:59:13 INFO StandaloneSchedulerBackend: SchedulerBackend is ready for scheduling beginning after reached minRegisteredResourcesRatio: 0.0
[2025-04-04T03:59:14.048+0000] {spark_submit.py:649} INFO - ✅ Spark session received from DAG
[2025-04-04T03:59:14.049+0000] {spark_submit.py:649} INFO - 📥 Reading raw data...
[2025-04-04T03:59:14.055+0000] {spark_submit.py:649} INFO - 25/04/04 03:59:14 INFO SharedState: Setting hive.metastore.warehouse.dir ('null') to the value of spark.sql.warehouse.dir.
[2025-04-04T03:59:14.057+0000] {spark_submit.py:649} INFO - 25/04/04 03:59:14 INFO SharedState: Warehouse path is 'file:/opt/airflow/spark-warehouse'.
[2025-04-04T03:59:15.615+0000] {spark_submit.py:649} INFO - 25/04/04 03:59:15 WARN FileStreamSink: Assume no metadata directory. Error while looking for metadata directory in the path: s3a://nyc-taxi/raw/yellow_tripdata_2023-01.parquet.
[2025-04-04T03:59:15.616+0000] {spark_submit.py:649} INFO - java.lang.RuntimeException: java.lang.ClassNotFoundException: Class org.apache.hadoop.fs.s3a.S3AFileSystem not found
[2025-04-04T03:59:15.616+0000] {spark_submit.py:649} INFO - at org.apache.hadoop.conf.Configuration.getClass(Configuration.java:2688)
[2025-04-04T03:59:15.617+0000] {spark_submit.py:649} INFO - at org.apache.hadoop.fs.FileSystem.getFileSystemClass(FileSystem.java:3431)
[2025-04-04T03:59:15.617+0000] {spark_submit.py:649} INFO - at org.apache.hadoop.fs.FileSystem.createFileSystem(FileSystem.java:3466)
[2025-04-04T03:59:15.618+0000] {spark_submit.py:649} INFO - at org.apache.hadoop.fs.FileSystem.access$300(FileSystem.java:174)
[2025-04-04T03:59:15.619+0000] {spark_submit.py:649} INFO - at org.apache.hadoop.fs.FileSystem$Cache.getInternal(FileSystem.java:3574)
[2025-04-04T03:59:15.619+0000] {spark_submit.py:649} INFO - at org.apache.hadoop.fs.FileSystem$Cache.get(FileSystem.java:3521)
[2025-04-04T03:59:15.620+0000] {spark_submit.py:649} INFO - at org.apache.hadoop.fs.FileSystem.get(FileSystem.java:540)
[2025-04-04T03:59:15.621+0000] {spark_submit.py:649} INFO - at org.apache.hadoop.fs.Path.getFileSystem(Path.java:365)
[2025-04-04T03:59:15.621+0000] {spark_submit.py:649} INFO - at org.apache.spark.sql.execution.streaming.FileStreamSink$.hasMetadata(FileStreamSink.scala:53)
[2025-04-04T03:59:15.622+0000] {spark_submit.py:649} INFO - at org.apache.spark.sql.execution.datasources.DataSource.resolveRelation(DataSource.scala:366)
[2025-04-04T03:59:15.622+0000] {spark_submit.py:649} INFO - at org.apache.spark.sql.DataFrameReader.loadV1Source(DataFrameReader.scala:229)
[2025-04-04T03:59:15.623+0000] {spark_submit.py:649} INFO - at org.apache.spark.sql.DataFrameReader.$anonfun$load$2(DataFrameReader.scala:211)
[2025-04-04T03:59:15.624+0000] {spark_submit.py:649} INFO - at scala.Option.getOrElse(Option.scala:189)
[2025-04-04T03:59:15.624+0000] {spark_submit.py:649} INFO - at org.apache.spark.sql.DataFrameReader.load(DataFrameReader.scala:211)
[2025-04-04T03:59:15.625+0000] {spark_submit.py:649} INFO - at org.apache.spark.sql.DataFrameReader.parquet(DataFrameReader.scala:563)
[2025-04-04T03:59:15.625+0000] {spark_submit.py:649} INFO - at java.base/jdk.internal.reflect.NativeMethodAccessorImpl.invoke0(Native Method)
[2025-04-04T03:59:15.626+0000] {spark_submit.py:649} INFO - at java.base/jdk.internal.reflect.NativeMethodAccessorImpl.invoke(NativeMethodAccessorImpl.java:77)
[2025-04-04T03:59:15.626+0000] {spark_submit.py:649} INFO - at java.base/jdk.internal.reflect.DelegatingMethodAccessorImpl.invoke(DelegatingMethodAccessorImpl.java:43)
[2025-04-04T03:59:15.626+0000] {spark_submit.py:649} INFO - at java.base/java.lang.reflect.Method.invoke(Method.java:569)
[2025-04-04T03:59:15.627+0000] {spark_submit.py:649} INFO - at py4j.reflection.MethodInvoker.invoke(MethodInvoker.java:244)
[2025-04-04T03:59:15.627+0000] {spark_submit.py:649} INFO - at py4j.reflection.ReflectionEngine.invoke(ReflectionEngine.java:374)
[2025-04-04T03:59:15.628+0000] {spark_submit.py:649} INFO - at py4j.Gateway.invoke(Gateway.java:282)
[2025-04-04T03:59:15.628+0000] {spark_submit.py:649} INFO - at py4j.commands.AbstractCommand.invokeMethod(AbstractCommand.java:132)
[2025-04-04T03:59:15.629+0000] {spark_submit.py:649} INFO - at py4j.commands.CallCommand.execute(CallCommand.java:79)
[2025-04-04T03:59:15.629+0000] {spark_submit.py:649} INFO - at py4j.ClientServerConnection.waitForCommands(ClientServerConnection.java:182)
[2025-04-04T03:59:15.630+0000] {spark_submit.py:649} INFO - at py4j.ClientServerConnection.run(ClientServerConnection.java:106)
[2025-04-04T03:59:15.630+0000] {spark_submit.py:649} INFO - at java.base/java.lang.Thread.run(Thread.java:840)
[2025-04-04T03:59:15.631+0000] {spark_submit.py:649} INFO - Caused by: java.lang.ClassNotFoundException: Class org.apache.hadoop.fs.s3a.S3AFileSystem not found
[2025-04-04T03:59:15.631+0000] {spark_submit.py:649} INFO - at org.apache.hadoop.conf.Configuration.getClassByName(Configuration.java:2592)
[2025-04-04T03:59:15.631+0000] {spark_submit.py:649} INFO - at org.apache.hadoop.conf.Configuration.getClass(Configuration.java:2686)
[2025-04-04T03:59:15.632+0000] {spark_submit.py:649} INFO - ... 26 more
[2025-04-04T03:59:15.703+0000] {spark_submit.py:649} INFO - Traceback (most recent call last):
[2025-04-04T03:59:15.704+0000] {spark_submit.py:649} INFO - File "/opt/spark-app/clean_yellow_tripdata.py", line 9, in <module>
[2025-04-04T03:59:15.709+0000] {spark_submit.py:649} INFO - clean_yellow_tripdata(spark)
[2025-04-04T03:59:15.710+0000] {spark_submit.py:649} INFO - File "/opt/pipeline/transform/clean_yellow_tripdata.py", line 9, in clean_yellow_tripdata
[2025-04-04T03:59:15.715+0000] {spark_submit.py:649} INFO - df = spark.read.parquet(raw_path)
[2025-04-04T03:59:15.716+0000] {spark_submit.py:649} INFO - File "/opt/spark/python/lib/pyspark.zip/pyspark/sql/readwriter.py", line 544, in parquet
[2025-04-04T03:59:15.717+0000] {spark_submit.py:649} INFO - File "/opt/spark/python/lib/py4j-0.10.9.7-src.zip/py4j/java_gateway.py", line 1322, in __call__
[2025-04-04T03:59:15.717+0000] {spark_submit.py:649} INFO - File "/opt/spark/python/lib/pyspark.zip/pyspark/errors/exceptions/captured.py", line 179, in deco
[2025-04-04T03:59:15.718+0000] {spark_submit.py:649} INFO - File "/opt/spark/python/lib/py4j-0.10.9.7-src.zip/py4j/protocol.py", line 326, in get_return_value
[2025-04-04T03:59:15.720+0000] {spark_submit.py:649} INFO - py4j.protocol.Py4JJavaError: An error occurred while calling o27.parquet.
[2025-04-04T03:59:15.721+0000] {spark_submit.py:649} INFO - : java.lang.RuntimeException: java.lang.ClassNotFoundException: Class org.apache.hadoop.fs.s3a.S3AFileSystem not found
[2025-04-04T03:59:15.721+0000] {spark_submit.py:649} INFO - at org.apache.hadoop.conf.Configuration.getClass(Configuration.java:2688)
[2025-04-04T03:59:15.722+0000] {spark_submit.py:649} INFO - at org.apache.hadoop.fs.FileSystem.getFileSystemClass(FileSystem.java:3431)
[2025-04-04T03:59:15.723+0000] {spark_submit.py:649} INFO - at org.apache.hadoop.fs.FileSystem.createFileSystem(FileSystem.java:3466)
[2025-04-04T03:59:15.723+0000] {spark_submit.py:649} INFO - at org.apache.hadoop.fs.FileSystem.access$300(FileSystem.java:174)
[2025-04-04T03:59:15.724+0000] {spark_submit.py:649} INFO - at org.apache.hadoop.fs.FileSystem$Cache.getInternal(FileSystem.java:3574)
[2025-04-04T03:59:15.725+0000] {spark_submit.py:649} INFO - at org.apache.hadoop.fs.FileSystem$Cache.get(FileSystem.java:3521)
[2025-04-04T03:59:15.726+0000] {spark_submit.py:649} INFO - at org.apache.hadoop.fs.FileSystem.get(FileSystem.java:540)
[2025-04-04T03:59:15.726+0000] {spark_submit.py:649} INFO - at org.apache.hadoop.fs.Path.getFileSystem(Path.java:365)
[2025-04-04T03:59:15.727+0000] {spark_submit.py:649} INFO - at org.apache.spark.sql.execution.datasources.DataSource$.$anonfun$checkAndGlobPathIfNecessary$1(DataSource.scala:724)
[2025-04-04T03:59:15.728+0000] {spark_submit.py:649} INFO - at scala.collection.immutable.List.map(List.scala:293)
[2025-04-04T03:59:15.729+0000] {spark_submit.py:649} INFO - at org.apache.spark.sql.execution.datasources.DataSource$.checkAndGlobPathIfNecessary(DataSource.scala:722)
[2025-04-04T03:59:15.729+0000] {spark_submit.py:649} INFO - at org.apache.spark.sql.execution.datasources.DataSource.checkAndGlobPathIfNecessary(DataSource.scala:551)
[2025-04-04T03:59:15.730+0000] {spark_submit.py:649} INFO - at org.apache.spark.sql.execution.datasources.DataSource.resolveRelation(DataSource.scala:404)
[2025-04-04T03:59:15.730+0000] {spark_submit.py:649} INFO - at org.apache.spark.sql.DataFrameReader.loadV1Source(DataFrameReader.scala:229)
[2025-04-04T03:59:15.731+0000] {spark_submit.py:649} INFO - at org.apache.spark.sql.DataFrameReader.$anonfun$load$2(DataFrameReader.scala:211)
[2025-04-04T03:59:15.732+0000] {spark_submit.py:649} INFO - at scala.Option.getOrElse(Option.scala:189)
[2025-04-04T03:59:15.732+0000] {spark_submit.py:649} INFO - at org.apache.spark.sql.DataFrameReader.load(DataFrameReader.scala:211)
[2025-04-04T03:59:15.733+0000] {spark_submit.py:649} INFO - at org.apache.spark.sql.DataFrameReader.parquet(DataFrameReader.scala:563)
[2025-04-04T03:59:15.734+0000] {spark_submit.py:649} INFO - at java.base/jdk.internal.reflect.NativeMethodAccessorImpl.invoke0(Native Method)
[2025-04-04T03:59:15.735+0000] {spark_submit.py:649} INFO - at java.base/jdk.internal.reflect.NativeMethodAccessorImpl.invoke(NativeMethodAccessorImpl.java:77)
[2025-04-04T03:59:15.736+0000] {spark_submit.py:649} INFO - at java.base/jdk.internal.reflect.DelegatingMethodAccessorImpl.invoke(DelegatingMethodAccessorImpl.java:43)
[2025-04-04T03:59:15.736+0000] {spark_submit.py:649} INFO - at java.base/java.lang.reflect.Method.invoke(Method.java:569)
[2025-04-04T03:59:15.737+0000] {spark_submit.py:649} INFO - at py4j.reflection.MethodInvoker.invoke(MethodInvoker.java:244)
[2025-04-04T03:59:15.738+0000] {spark_submit.py:649} INFO - at py4j.reflection.ReflectionEngine.invoke(ReflectionEngine.java:374)
[2025-04-04T03:59:15.738+0000] {spark_submit.py:649} INFO - at py4j.Gateway.invoke(Gateway.java:282)
[2025-04-04T03:59:15.739+0000] {spark_submit.py:649} INFO - at py4j.commands.AbstractCommand.invokeMethod(AbstractCommand.java:132)
[2025-04-04T03:59:15.739+0000] {spark_submit.py:649} INFO - at py4j.commands.CallCommand.execute(CallCommand.java:79)
[2025-04-04T03:59:15.740+0000] {spark_submit.py:649} INFO - at py4j.ClientServerConnection.waitForCommands(ClientServerConnection.java:182)
[2025-04-04T03:59:15.741+0000] {spark_submit.py:649} INFO - at py4j.ClientServerConnection.run(ClientServerConnection.java:106)
[2025-04-04T03:59:15.741+0000] {spark_submit.py:649} INFO - at java.base/java.lang.Thread.run(Thread.java:840)
[2025-04-04T03:59:15.742+0000] {spark_submit.py:649} INFO - Caused by: java.lang.ClassNotFoundException: Class org.apache.hadoop.fs.s3a.S3AFileSystem not found
[2025-04-04T03:59:15.742+0000] {spark_submit.py:649} INFO - at org.apache.hadoop.conf.Configuration.getClassByName(Configuration.java:2592)
[2025-04-04T03:59:15.743+0000] {spark_submit.py:649} INFO - at org.apache.hadoop.conf.Configuration.getClass(Configuration.java:2686)
[2025-04-04T03:59:15.744+0000] {spark_submit.py:649} INFO - ... 29 more
[2025-04-04T03:59:15.744+0000] {spark_submit.py:649} INFO - 
[2025-04-04T03:59:15.765+0000] {spark_submit.py:649} INFO - 25/04/04 03:59:15 INFO SparkContext: Invoking stop() from shutdown hook
[2025-04-04T03:59:15.766+0000] {spark_submit.py:649} INFO - 25/04/04 03:59:15 INFO SparkContext: SparkContext is stopping with exitCode 0.
[2025-04-04T03:59:15.780+0000] {spark_submit.py:649} INFO - 25/04/04 03:59:15 INFO SparkUI: Stopped Spark web UI at http://2f2a4ac03060:4040
[2025-04-04T03:59:15.783+0000] {spark_submit.py:649} INFO - 25/04/04 03:59:15 INFO StandaloneSchedulerBackend: Shutting down all executors
[2025-04-04T03:59:15.786+0000] {spark_submit.py:649} INFO - 25/04/04 03:59:15 INFO StandaloneSchedulerBackend$StandaloneDriverEndpoint: Asking each executor to shut down
[2025-04-04T03:59:15.802+0000] {spark_submit.py:649} INFO - 25/04/04 03:59:15 INFO MapOutputTrackerMasterEndpoint: MapOutputTrackerMasterEndpoint stopped!
[2025-04-04T03:59:15.817+0000] {spark_submit.py:649} INFO - 25/04/04 03:59:15 INFO MemoryStore: MemoryStore cleared
[2025-04-04T03:59:15.818+0000] {spark_submit.py:649} INFO - 25/04/04 03:59:15 INFO BlockManager: BlockManager stopped
[2025-04-04T03:59:15.825+0000] {spark_submit.py:649} INFO - 25/04/04 03:59:15 INFO BlockManagerMaster: BlockManagerMaster stopped
[2025-04-04T03:59:15.827+0000] {spark_submit.py:649} INFO - 25/04/04 03:59:15 INFO OutputCommitCoordinator$OutputCommitCoordinatorEndpoint: OutputCommitCoordinator stopped!
[2025-04-04T03:59:15.839+0000] {spark_submit.py:649} INFO - 25/04/04 03:59:15 INFO SparkContext: Successfully stopped SparkContext
[2025-04-04T03:59:15.840+0000] {spark_submit.py:649} INFO - 25/04/04 03:59:15 INFO ShutdownHookManager: Shutdown hook called
[2025-04-04T03:59:15.841+0000] {spark_submit.py:649} INFO - 25/04/04 03:59:15 INFO ShutdownHookManager: Deleting directory /tmp/spark-7f21ee6e-31c5-4268-9331-36cb127c9244
[2025-04-04T03:59:15.844+0000] {spark_submit.py:649} INFO - 25/04/04 03:59:15 INFO ShutdownHookManager: Deleting directory /tmp/spark-ff6741d7-ec33-40ef-b12a-58b109855a1e/pyspark-fa0fa6d9-0bec-4fb2-817b-11cdd0f29ac7
[2025-04-04T03:59:15.847+0000] {spark_submit.py:649} INFO - 25/04/04 03:59:15 INFO ShutdownHookManager: Deleting directory /tmp/spark-ff6741d7-ec33-40ef-b12a-58b109855a1e
[2025-04-04T03:59:15.909+0000] {taskinstance.py:2698} ERROR - Task failed with exception
Traceback (most recent call last):
  File "/home/airflow/.local/lib/python3.8/site-packages/airflow/models/taskinstance.py", line 433, in _execute_task
    result = execute_callable(context=context, **execute_callable_kwargs)
  File "/home/airflow/.local/lib/python3.8/site-packages/airflow/providers/apache/spark/operators/spark_submit.py", line 176, in execute
    self._hook.submit(self.application)
  File "/home/airflow/.local/lib/python3.8/site-packages/airflow/providers/apache/spark/hooks/spark_submit.py", line 575, in submit
    raise AirflowException(
airflow.exceptions.AirflowException: Cannot execute: spark-submit --master spark://spark-master:7077 --conf spark.master=spark://spark-master:7077 --conf spark.hadoop.fs.s3a.impl=org.apache.hadoop.fs.s3a.S3AFileSystem --jars /opt/spark-extra-jars/hadoop-aws-3.3.6.jar,/opt/spark-extra-jars/aws-java-sdk-bundle-1.12.696.jar --name arrow-spark --verbose --queue root.default --deploy-mode client /opt/spark-app/clean_yellow_tripdata.py. Error code is: 1.
[2025-04-04T03:59:15.913+0000] {taskinstance.py:1138} INFO - Marking task as FAILED. dag_id=full_pipeline_dag, task_id=clean_data_spark, execution_date=20250404T033934, start_date=20250404T035910, end_date=20250404T035915
[2025-04-04T03:59:16.099+0000] {standard_task_runner.py:107} ERROR - Failed to execute job 243 for task clean_data_spark (Cannot execute: spark-submit --master spark://spark-master:7077 --conf spark.master=spark://spark-master:7077 --conf spark.hadoop.fs.s3a.impl=org.apache.hadoop.fs.s3a.S3AFileSystem --jars /opt/spark-extra-jars/hadoop-aws-3.3.6.jar,/opt/spark-extra-jars/aws-java-sdk-bundle-1.12.696.jar --name arrow-spark --verbose --queue root.default --deploy-mode client /opt/spark-app/clean_yellow_tripdata.py. Error code is: 1.; 482)
[2025-04-04T03:59:16.123+0000] {local_task_job_runner.py:234} INFO - Task exited with return code 1
[2025-04-04T03:59:16.167+0000] {taskinstance.py:3280} INFO - 0 downstream tasks scheduled from follow-on schedule check
