[2025-04-03T17:59:10.354+0000] {taskinstance.py:1956} INFO - Dependencies all met for dep_context=non-requeueable deps ti=<TaskInstance: full_pipeline_dag.clean_data_spark manual__2025-04-03T17:58:23.440177+00:00 [queued]>
[2025-04-03T17:59:10.365+0000] {taskinstance.py:1956} INFO - Dependencies all met for dep_context=requeueable deps ti=<TaskInstance: full_pipeline_dag.clean_data_spark manual__2025-04-03T17:58:23.440177+00:00 [queued]>
[2025-04-03T17:59:10.365+0000] {taskinstance.py:2170} INFO - Starting attempt 1 of 3
[2025-04-03T17:59:10.391+0000] {taskinstance.py:2191} INFO - Executing <Task(SparkSubmitOperator): clean_data_spark> on 2025-04-03 17:58:23.440177+00:00
[2025-04-03T17:59:10.396+0000] {standard_task_runner.py:60} INFO - Started process 106 to run task
[2025-04-03T17:59:10.398+0000] {standard_task_runner.py:87} INFO - Running: ['airflow', 'tasks', 'run', 'full_pipeline_dag', 'clean_data_spark', 'manual__2025-04-03T17:58:23.440177+00:00', '--job-id', '178', '--raw', '--subdir', 'DAGS_FOLDER/full_pipeline_dag.py', '--cfg-path', '/tmp/tmpjdm3gvhu']
[2025-04-03T17:59:10.401+0000] {standard_task_runner.py:88} INFO - Job 178: Subtask clean_data_spark
[2025-04-03T17:59:10.430+0000] {logging_mixin.py:188} WARNING - /home/airflow/.local/lib/python3.8/site-packages/airflow/settings.py:194 DeprecationWarning: The sql_alchemy_conn option in [core] has been moved to the sql_alchemy_conn option in [database] - the old setting has been used, but please update your config.
[2025-04-03T17:59:10.481+0000] {task_command.py:423} INFO - Running <TaskInstance: full_pipeline_dag.clean_data_spark manual__2025-04-03T17:58:23.440177+00:00 [running]> on host 6fec89899925
[2025-04-03T17:59:10.594+0000] {taskinstance.py:2480} INFO - Exporting env vars: AIRFLOW_CTX_DAG_OWNER='airflow' AIRFLOW_CTX_DAG_ID='full_pipeline_dag' AIRFLOW_CTX_TASK_ID='clean_data_spark' AIRFLOW_CTX_EXECUTION_DATE='2025-04-03T17:58:23.440177+00:00' AIRFLOW_CTX_TRY_NUMBER='1' AIRFLOW_CTX_DAG_RUN_ID='manual__2025-04-03T17:58:23.440177+00:00'
[2025-04-03T17:59:10.611+0000] {base.py:83} INFO - Using connection ID 'spark_default' for task execution.
[2025-04-03T17:59:10.612+0000] {spark_submit.py:473} INFO - Spark-Submit cmd: spark-submit --master spark://spark-master:7077 --name arrow-spark --verbose --queue root.default --deploy-mode client /opt/spark-app/clean_yellow_tripdata.py
[2025-04-03T17:59:11.767+0000] {spark_submit.py:649} INFO - Using properties file: null
[2025-04-03T17:59:11.859+0000] {spark_submit.py:649} INFO - Parsed arguments:
[2025-04-03T17:59:11.859+0000] {spark_submit.py:649} INFO - master                  spark://spark-master:7077
[2025-04-03T17:59:11.860+0000] {spark_submit.py:649} INFO - remote                  null
[2025-04-03T17:59:11.860+0000] {spark_submit.py:649} INFO - deployMode              client
[2025-04-03T17:59:11.861+0000] {spark_submit.py:649} INFO - executorMemory          null
[2025-04-03T17:59:11.861+0000] {spark_submit.py:649} INFO - executorCores           null
[2025-04-03T17:59:11.862+0000] {spark_submit.py:649} INFO - totalExecutorCores      null
[2025-04-03T17:59:11.862+0000] {spark_submit.py:649} INFO - propertiesFile          null
[2025-04-03T17:59:11.863+0000] {spark_submit.py:649} INFO - driverMemory            null
[2025-04-03T17:59:11.863+0000] {spark_submit.py:649} INFO - driverCores             null
[2025-04-03T17:59:11.864+0000] {spark_submit.py:649} INFO - driverExtraClassPath    null
[2025-04-03T17:59:11.864+0000] {spark_submit.py:649} INFO - driverExtraLibraryPath  null
[2025-04-03T17:59:11.864+0000] {spark_submit.py:649} INFO - driverExtraJavaOptions  null
[2025-04-03T17:59:11.865+0000] {spark_submit.py:649} INFO - supervise               false
[2025-04-03T17:59:11.865+0000] {spark_submit.py:649} INFO - queue                   root.default
[2025-04-03T17:59:11.866+0000] {spark_submit.py:649} INFO - numExecutors            null
[2025-04-03T17:59:11.866+0000] {spark_submit.py:649} INFO - files                   null
[2025-04-03T17:59:11.867+0000] {spark_submit.py:649} INFO - pyFiles                 null
[2025-04-03T17:59:11.867+0000] {spark_submit.py:649} INFO - archives                null
[2025-04-03T17:59:11.868+0000] {spark_submit.py:649} INFO - mainClass               null
[2025-04-03T17:59:11.868+0000] {spark_submit.py:649} INFO - primaryResource         file:/opt/spark-app/clean_yellow_tripdata.py
[2025-04-03T17:59:11.869+0000] {spark_submit.py:649} INFO - name                    arrow-spark
[2025-04-03T17:59:11.869+0000] {spark_submit.py:649} INFO - childArgs               []
[2025-04-03T17:59:11.870+0000] {spark_submit.py:649} INFO - jars                    null
[2025-04-03T17:59:11.870+0000] {spark_submit.py:649} INFO - packages                null
[2025-04-03T17:59:11.871+0000] {spark_submit.py:649} INFO - packagesExclusions      null
[2025-04-03T17:59:11.871+0000] {spark_submit.py:649} INFO - repositories            null
[2025-04-03T17:59:11.872+0000] {spark_submit.py:649} INFO - verbose                 true
[2025-04-03T17:59:11.872+0000] {spark_submit.py:649} INFO - 
[2025-04-03T17:59:11.873+0000] {spark_submit.py:649} INFO - Spark properties used, including those specified through
[2025-04-03T17:59:11.873+0000] {spark_submit.py:649} INFO - --conf and those from the properties file null:
[2025-04-03T17:59:11.874+0000] {spark_submit.py:649} INFO - 
[2025-04-03T17:59:11.874+0000] {spark_submit.py:649} INFO - 
[2025-04-03T17:59:11.875+0000] {spark_submit.py:649} INFO - 
[2025-04-03T17:59:12.129+0000] {spark_submit.py:649} INFO - Main class:
[2025-04-03T17:59:12.130+0000] {spark_submit.py:649} INFO - org.apache.spark.deploy.PythonRunner
[2025-04-03T17:59:12.130+0000] {spark_submit.py:649} INFO - Arguments:
[2025-04-03T17:59:12.131+0000] {spark_submit.py:649} INFO - file:/opt/spark-app/clean_yellow_tripdata.py
[2025-04-03T17:59:12.131+0000] {spark_submit.py:649} INFO - null
[2025-04-03T17:59:12.132+0000] {spark_submit.py:649} INFO - Spark config:
[2025-04-03T17:59:12.133+0000] {spark_submit.py:649} INFO - (spark.app.name,arrow-spark)
[2025-04-03T17:59:12.134+0000] {spark_submit.py:649} INFO - (spark.app.submitTime,1743703152113)
[2025-04-03T17:59:12.134+0000] {spark_submit.py:649} INFO - (spark.master,spark://spark-master:7077)
[2025-04-03T17:59:12.135+0000] {spark_submit.py:649} INFO - (spark.submit.deployMode,client)
[2025-04-03T17:59:12.135+0000] {spark_submit.py:649} INFO - (spark.submit.pyFiles,)
[2025-04-03T17:59:12.136+0000] {spark_submit.py:649} INFO - Classpath elements:
[2025-04-03T17:59:12.136+0000] {spark_submit.py:649} INFO - 
[2025-04-03T17:59:12.137+0000] {spark_submit.py:649} INFO - 
[2025-04-03T17:59:12.138+0000] {spark_submit.py:649} INFO - 
[2025-04-03T17:59:12.263+0000] {spark_submit.py:649} INFO - python3: can't open file '/opt/spark-app/clean_yellow_tripdata.py': [Errno 2] No such file or directory
[2025-04-03T17:59:12.288+0000] {spark_submit.py:649} INFO - 25/04/03 17:59:12 INFO ShutdownHookManager: Shutdown hook called
[2025-04-03T17:59:12.295+0000] {spark_submit.py:649} INFO - 25/04/03 17:59:12 INFO ShutdownHookManager: Deleting directory /tmp/spark-ff73ffe1-882c-4b45-877b-3c0a73f65d2b
[2025-04-03T17:59:12.351+0000] {taskinstance.py:2698} ERROR - Task failed with exception
Traceback (most recent call last):
  File "/home/airflow/.local/lib/python3.8/site-packages/airflow/models/taskinstance.py", line 433, in _execute_task
    result = execute_callable(context=context, **execute_callable_kwargs)
  File "/home/airflow/.local/lib/python3.8/site-packages/airflow/providers/apache/spark/operators/spark_submit.py", line 176, in execute
    self._hook.submit(self.application)
  File "/home/airflow/.local/lib/python3.8/site-packages/airflow/providers/apache/spark/hooks/spark_submit.py", line 575, in submit
    raise AirflowException(
airflow.exceptions.AirflowException: Cannot execute: spark-submit --master spark://spark-master:7077 --name arrow-spark --verbose --queue root.default --deploy-mode client /opt/spark-app/clean_yellow_tripdata.py. Error code is: 2.
[2025-04-03T17:59:12.359+0000] {taskinstance.py:1138} INFO - Marking task as UP_FOR_RETRY. dag_id=full_pipeline_dag, task_id=clean_data_spark, execution_date=20250403T175823, start_date=20250403T175910, end_date=20250403T175912
[2025-04-03T17:59:12.537+0000] {standard_task_runner.py:107} ERROR - Failed to execute job 178 for task clean_data_spark (Cannot execute: spark-submit --master spark://spark-master:7077 --name arrow-spark --verbose --queue root.default --deploy-mode client /opt/spark-app/clean_yellow_tripdata.py. Error code is: 2.; 106)
[2025-04-03T17:59:12.581+0000] {local_task_job_runner.py:234} INFO - Task exited with return code 1
[2025-04-03T17:59:12.652+0000] {taskinstance.py:3280} INFO - 0 downstream tasks scheduled from follow-on schedule check
