[2025-04-03T18:00:16.438+0000] {taskinstance.py:1956} INFO - Dependencies all met for dep_context=non-requeueable deps ti=<TaskInstance: full_pipeline_dag.clean_data_spark manual__2025-04-03T17:58:23.440177+00:00 [queued]>
[2025-04-03T18:00:16.463+0000] {taskinstance.py:1956} INFO - Dependencies all met for dep_context=requeueable deps ti=<TaskInstance: full_pipeline_dag.clean_data_spark manual__2025-04-03T17:58:23.440177+00:00 [queued]>
[2025-04-03T18:00:16.464+0000] {taskinstance.py:2170} INFO - Starting attempt 2 of 3
[2025-04-03T18:00:16.521+0000] {taskinstance.py:2191} INFO - Executing <Task(SparkSubmitOperator): clean_data_spark> on 2025-04-03 17:58:23.440177+00:00
[2025-04-03T18:00:16.527+0000] {standard_task_runner.py:60} INFO - Started process 190 to run task
[2025-04-03T18:00:16.531+0000] {standard_task_runner.py:87} INFO - Running: ['airflow', 'tasks', 'run', 'full_pipeline_dag', 'clean_data_spark', 'manual__2025-04-03T17:58:23.440177+00:00', '--job-id', '179', '--raw', '--subdir', 'DAGS_FOLDER/full_pipeline_dag.py', '--cfg-path', '/tmp/tmpmcg3ci1d']
[2025-04-03T18:00:16.533+0000] {standard_task_runner.py:88} INFO - Job 179: Subtask clean_data_spark
[2025-04-03T18:00:16.585+0000] {logging_mixin.py:188} WARNING - /home/airflow/.local/lib/python3.8/site-packages/airflow/settings.py:194 DeprecationWarning: The sql_alchemy_conn option in [core] has been moved to the sql_alchemy_conn option in [database] - the old setting has been used, but please update your config.
[2025-04-03T18:00:16.680+0000] {task_command.py:423} INFO - Running <TaskInstance: full_pipeline_dag.clean_data_spark manual__2025-04-03T17:58:23.440177+00:00 [running]> on host 6fec89899925
[2025-04-03T18:00:16.862+0000] {taskinstance.py:2480} INFO - Exporting env vars: AIRFLOW_CTX_DAG_OWNER='airflow' AIRFLOW_CTX_DAG_ID='full_pipeline_dag' AIRFLOW_CTX_TASK_ID='clean_data_spark' AIRFLOW_CTX_EXECUTION_DATE='2025-04-03T17:58:23.440177+00:00' AIRFLOW_CTX_TRY_NUMBER='2' AIRFLOW_CTX_DAG_RUN_ID='manual__2025-04-03T17:58:23.440177+00:00'
[2025-04-03T18:00:16.886+0000] {base.py:83} INFO - Using connection ID 'spark_default' for task execution.
[2025-04-03T18:00:16.888+0000] {spark_submit.py:473} INFO - Spark-Submit cmd: spark-submit --master spark://spark-master:7077 --name arrow-spark --verbose --queue root.default --deploy-mode client /opt/spark-app/clean_yellow_tripdata.py
[2025-04-03T18:00:17.918+0000] {spark_submit.py:649} INFO - Using properties file: null
[2025-04-03T18:00:18.028+0000] {spark_submit.py:649} INFO - Parsed arguments:
[2025-04-03T18:00:18.028+0000] {spark_submit.py:649} INFO - master                  spark://spark-master:7077
[2025-04-03T18:00:18.029+0000] {spark_submit.py:649} INFO - remote                  null
[2025-04-03T18:00:18.029+0000] {spark_submit.py:649} INFO - deployMode              client
[2025-04-03T18:00:18.030+0000] {spark_submit.py:649} INFO - executorMemory          null
[2025-04-03T18:00:18.030+0000] {spark_submit.py:649} INFO - executorCores           null
[2025-04-03T18:00:18.030+0000] {spark_submit.py:649} INFO - totalExecutorCores      null
[2025-04-03T18:00:18.031+0000] {spark_submit.py:649} INFO - propertiesFile          null
[2025-04-03T18:00:18.031+0000] {spark_submit.py:649} INFO - driverMemory            null
[2025-04-03T18:00:18.032+0000] {spark_submit.py:649} INFO - driverCores             null
[2025-04-03T18:00:18.032+0000] {spark_submit.py:649} INFO - driverExtraClassPath    null
[2025-04-03T18:00:18.033+0000] {spark_submit.py:649} INFO - driverExtraLibraryPath  null
[2025-04-03T18:00:18.033+0000] {spark_submit.py:649} INFO - driverExtraJavaOptions  null
[2025-04-03T18:00:18.033+0000] {spark_submit.py:649} INFO - supervise               false
[2025-04-03T18:00:18.034+0000] {spark_submit.py:649} INFO - queue                   root.default
[2025-04-03T18:00:18.034+0000] {spark_submit.py:649} INFO - numExecutors            null
[2025-04-03T18:00:18.034+0000] {spark_submit.py:649} INFO - files                   null
[2025-04-03T18:00:18.035+0000] {spark_submit.py:649} INFO - pyFiles                 null
[2025-04-03T18:00:18.035+0000] {spark_submit.py:649} INFO - archives                null
[2025-04-03T18:00:18.035+0000] {spark_submit.py:649} INFO - mainClass               null
[2025-04-03T18:00:18.036+0000] {spark_submit.py:649} INFO - primaryResource         file:/opt/spark-app/clean_yellow_tripdata.py
[2025-04-03T18:00:18.036+0000] {spark_submit.py:649} INFO - name                    arrow-spark
[2025-04-03T18:00:18.036+0000] {spark_submit.py:649} INFO - childArgs               []
[2025-04-03T18:00:18.036+0000] {spark_submit.py:649} INFO - jars                    null
[2025-04-03T18:00:18.037+0000] {spark_submit.py:649} INFO - packages                null
[2025-04-03T18:00:18.037+0000] {spark_submit.py:649} INFO - packagesExclusions      null
[2025-04-03T18:00:18.037+0000] {spark_submit.py:649} INFO - repositories            null
[2025-04-03T18:00:18.037+0000] {spark_submit.py:649} INFO - verbose                 true
[2025-04-03T18:00:18.038+0000] {spark_submit.py:649} INFO - 
[2025-04-03T18:00:18.038+0000] {spark_submit.py:649} INFO - Spark properties used, including those specified through
[2025-04-03T18:00:18.038+0000] {spark_submit.py:649} INFO - --conf and those from the properties file null:
[2025-04-03T18:00:18.038+0000] {spark_submit.py:649} INFO - 
[2025-04-03T18:00:18.038+0000] {spark_submit.py:649} INFO - 
[2025-04-03T18:00:18.039+0000] {spark_submit.py:649} INFO - 
[2025-04-03T18:00:18.327+0000] {spark_submit.py:649} INFO - Main class:
[2025-04-03T18:00:18.328+0000] {spark_submit.py:649} INFO - org.apache.spark.deploy.PythonRunner
[2025-04-03T18:00:18.329+0000] {spark_submit.py:649} INFO - Arguments:
[2025-04-03T18:00:18.329+0000] {spark_submit.py:649} INFO - file:/opt/spark-app/clean_yellow_tripdata.py
[2025-04-03T18:00:18.330+0000] {spark_submit.py:649} INFO - null
[2025-04-03T18:00:18.332+0000] {spark_submit.py:649} INFO - Spark config:
[2025-04-03T18:00:18.333+0000] {spark_submit.py:649} INFO - (spark.app.name,arrow-spark)
[2025-04-03T18:00:18.333+0000] {spark_submit.py:649} INFO - (spark.app.submitTime,1743703218309)
[2025-04-03T18:00:18.334+0000] {spark_submit.py:649} INFO - (spark.master,spark://spark-master:7077)
[2025-04-03T18:00:18.334+0000] {spark_submit.py:649} INFO - (spark.submit.deployMode,client)
[2025-04-03T18:00:18.335+0000] {spark_submit.py:649} INFO - (spark.submit.pyFiles,)
[2025-04-03T18:00:18.335+0000] {spark_submit.py:649} INFO - Classpath elements:
[2025-04-03T18:00:18.336+0000] {spark_submit.py:649} INFO - 
[2025-04-03T18:00:18.337+0000] {spark_submit.py:649} INFO - 
[2025-04-03T18:00:18.337+0000] {spark_submit.py:649} INFO - 
[2025-04-03T18:00:18.518+0000] {spark_submit.py:649} INFO - python3: can't open file '/opt/spark-app/clean_yellow_tripdata.py': [Errno 2] No such file or directory
[2025-04-03T18:00:18.557+0000] {spark_submit.py:649} INFO - 25/04/03 18:00:18 INFO ShutdownHookManager: Shutdown hook called
[2025-04-03T18:00:18.562+0000] {spark_submit.py:649} INFO - 25/04/03 18:00:18 INFO ShutdownHookManager: Deleting directory /tmp/spark-83ad77ce-f0e3-45e5-96e3-c0b528973270
[2025-04-03T18:00:18.623+0000] {taskinstance.py:2698} ERROR - Task failed with exception
Traceback (most recent call last):
  File "/home/airflow/.local/lib/python3.8/site-packages/airflow/models/taskinstance.py", line 433, in _execute_task
    result = execute_callable(context=context, **execute_callable_kwargs)
  File "/home/airflow/.local/lib/python3.8/site-packages/airflow/providers/apache/spark/operators/spark_submit.py", line 176, in execute
    self._hook.submit(self.application)
  File "/home/airflow/.local/lib/python3.8/site-packages/airflow/providers/apache/spark/hooks/spark_submit.py", line 575, in submit
    raise AirflowException(
airflow.exceptions.AirflowException: Cannot execute: spark-submit --master spark://spark-master:7077 --name arrow-spark --verbose --queue root.default --deploy-mode client /opt/spark-app/clean_yellow_tripdata.py. Error code is: 2.
[2025-04-03T18:00:18.628+0000] {taskinstance.py:1138} INFO - Marking task as UP_FOR_RETRY. dag_id=full_pipeline_dag, task_id=clean_data_spark, execution_date=20250403T175823, start_date=20250403T180016, end_date=20250403T180018
[2025-04-03T18:00:18.838+0000] {standard_task_runner.py:107} ERROR - Failed to execute job 179 for task clean_data_spark (Cannot execute: spark-submit --master spark://spark-master:7077 --name arrow-spark --verbose --queue root.default --deploy-mode client /opt/spark-app/clean_yellow_tripdata.py. Error code is: 2.; 190)
[2025-04-03T18:00:18.879+0000] {local_task_job_runner.py:234} INFO - Task exited with return code 1
[2025-04-03T18:00:18.919+0000] {taskinstance.py:3280} INFO - 0 downstream tasks scheduled from follow-on schedule check
