[2025-04-04T02:27:50.865+0000] {taskinstance.py:1956} INFO - Dependencies all met for dep_context=non-requeueable deps ti=<TaskInstance: full_pipeline_dag.upload_raw_to_minio scheduled__2025-04-03T00:00:00+00:00 [queued]>
[2025-04-04T02:27:50.911+0000] {taskinstance.py:1956} INFO - Dependencies all met for dep_context=requeueable deps ti=<TaskInstance: full_pipeline_dag.upload_raw_to_minio scheduled__2025-04-03T00:00:00+00:00 [queued]>
[2025-04-04T02:27:50.913+0000] {taskinstance.py:2170} INFO - Starting attempt 1 of 3
[2025-04-04T02:27:51.049+0000] {taskinstance.py:2191} INFO - Executing <Task(PythonOperator): upload_raw_to_minio> on 2025-04-03 00:00:00+00:00
[2025-04-04T02:27:51.060+0000] {standard_task_runner.py:60} INFO - Started process 478 to run task
[2025-04-04T02:27:51.068+0000] {standard_task_runner.py:87} INFO - Running: ['airflow', 'tasks', 'run', 'full_pipeline_dag', 'upload_raw_to_minio', 'scheduled__2025-04-03T00:00:00+00:00', '--job-id', '224', '--raw', '--subdir', 'DAGS_FOLDER/full_pipeline_dag.py', '--cfg-path', '/tmp/tmpwq5db14p']
[2025-04-04T02:27:51.072+0000] {standard_task_runner.py:88} INFO - Job 224: Subtask upload_raw_to_minio
[2025-04-04T02:27:51.192+0000] {logging_mixin.py:188} WARNING - /home/airflow/.local/lib/python3.8/site-packages/airflow/settings.py:194 DeprecationWarning: The sql_alchemy_conn option in [core] has been moved to the sql_alchemy_conn option in [database] - the old setting has been used, but please update your config.
[2025-04-04T02:27:51.399+0000] {task_command.py:423} INFO - Running <TaskInstance: full_pipeline_dag.upload_raw_to_minio scheduled__2025-04-03T00:00:00+00:00 [running]> on host 31d7429ea047
[2025-04-04T02:27:51.843+0000] {taskinstance.py:2480} INFO - Exporting env vars: AIRFLOW_CTX_DAG_OWNER='airflow' AIRFLOW_CTX_DAG_ID='full_pipeline_dag' AIRFLOW_CTX_TASK_ID='upload_raw_to_minio' AIRFLOW_CTX_EXECUTION_DATE='2025-04-03T00:00:00+00:00' AIRFLOW_CTX_TRY_NUMBER='1' AIRFLOW_CTX_DAG_RUN_ID='scheduled__2025-04-03T00:00:00+00:00'
[2025-04-04T02:27:53.296+0000] {base.py:83} INFO - Using connection ID 'minio_conn' for task execution.
[2025-04-04T02:27:53.297+0000] {connection_wrapper.py:378} INFO - AWS Connection (conn_id='minio_conn', conn_type='aws') credentials retrieved from login and password.
[2025-04-04T02:27:53.299+0000] {logging_mixin.py:188} WARNING - <string>:9 AirflowProviderDeprecationWarning: extra['host'] is deprecated and will be removed in a future release. Please set extra['endpoint_url'] instead
[2025-04-04T02:27:54.588+0000] {logging_mixin.py:188} INFO - 🆕 Bucket 'nyc-taxi' not found. Creating...
[2025-04-04T02:27:54.615+0000] {logging_mixin.py:188} INFO - ✅ Bucket 'nyc-taxi' created.
[2025-04-04T02:27:54.617+0000] {logging_mixin.py:188} INFO - ☁️ Uploading /opt/data/raw/yellow_tripdata_2023-01.parquet to s3://nyc-taxi/raw/yellow_tripdata_2023-01.parquet
[2025-04-04T02:27:56.809+0000] {logging_mixin.py:188} INFO - ✅ Upload complete using S3Hook!
[2025-04-04T02:27:56.810+0000] {python.py:201} INFO - Done. Returned value was: None
[2025-04-04T02:27:56.839+0000] {taskinstance.py:1138} INFO - Marking task as SUCCESS. dag_id=full_pipeline_dag, task_id=upload_raw_to_minio, execution_date=20250403T000000, start_date=20250404T022750, end_date=20250404T022756
[2025-04-04T02:27:56.980+0000] {local_task_job_runner.py:234} INFO - Task exited with return code 0
[2025-04-04T02:27:57.145+0000] {taskinstance.py:3280} INFO - 1 downstream tasks scheduled from follow-on schedule check
