[2025-04-03T18:05:38.737+0000] {taskinstance.py:1956} INFO - Dependencies all met for dep_context=non-requeueable deps ti=<TaskInstance: full_pipeline_dag.clean_data_spark manual__2025-04-03T18:03:54.215230+00:00 [queued]>
[2025-04-03T18:05:38.752+0000] {taskinstance.py:1956} INFO - Dependencies all met for dep_context=requeueable deps ti=<TaskInstance: full_pipeline_dag.clean_data_spark manual__2025-04-03T18:03:54.215230+00:00 [queued]>
[2025-04-03T18:05:38.753+0000] {taskinstance.py:2170} INFO - Starting attempt 2 of 3
[2025-04-03T18:05:38.805+0000] {taskinstance.py:2191} INFO - Executing <Task(SparkSubmitOperator): clean_data_spark> on 2025-04-03 18:03:54.215230+00:00
[2025-04-03T18:05:38.810+0000] {standard_task_runner.py:60} INFO - Started process 504 to run task
[2025-04-03T18:05:38.813+0000] {standard_task_runner.py:87} INFO - Running: ['airflow', 'tasks', 'run', 'full_pipeline_dag', 'clean_data_spark', 'manual__2025-04-03T18:03:54.215230+00:00', '--job-id', '184', '--raw', '--subdir', 'DAGS_FOLDER/full_pipeline_dag.py', '--cfg-path', '/tmp/tmpo6yglgyn']
[2025-04-03T18:05:38.815+0000] {standard_task_runner.py:88} INFO - Job 184: Subtask clean_data_spark
[2025-04-03T18:05:38.869+0000] {logging_mixin.py:188} WARNING - /home/airflow/.local/lib/python3.8/site-packages/airflow/settings.py:194 DeprecationWarning: The sql_alchemy_conn option in [core] has been moved to the sql_alchemy_conn option in [database] - the old setting has been used, but please update your config.
[2025-04-03T18:05:38.947+0000] {task_command.py:423} INFO - Running <TaskInstance: full_pipeline_dag.clean_data_spark manual__2025-04-03T18:03:54.215230+00:00 [running]> on host 6fec89899925
[2025-04-03T18:05:39.162+0000] {taskinstance.py:2480} INFO - Exporting env vars: AIRFLOW_CTX_DAG_OWNER='airflow' AIRFLOW_CTX_DAG_ID='full_pipeline_dag' AIRFLOW_CTX_TASK_ID='clean_data_spark' AIRFLOW_CTX_EXECUTION_DATE='2025-04-03T18:03:54.215230+00:00' AIRFLOW_CTX_TRY_NUMBER='2' AIRFLOW_CTX_DAG_RUN_ID='manual__2025-04-03T18:03:54.215230+00:00'
[2025-04-03T18:05:39.182+0000] {base.py:83} INFO - Using connection ID 'spark_default' for task execution.
[2025-04-03T18:05:39.184+0000] {spark_submit.py:473} INFO - Spark-Submit cmd: spark-submit --master spark://spark-master:7077 --name arrow-spark --verbose --queue root.default --deploy-mode client /opt/spark-app/clean_yellow_tripdata.py
[2025-04-03T18:05:40.342+0000] {spark_submit.py:649} INFO - Using properties file: null
[2025-04-03T18:05:40.485+0000] {spark_submit.py:649} INFO - Parsed arguments:
[2025-04-03T18:05:40.486+0000] {spark_submit.py:649} INFO - master                  spark://spark-master:7077
[2025-04-03T18:05:40.486+0000] {spark_submit.py:649} INFO - remote                  null
[2025-04-03T18:05:40.487+0000] {spark_submit.py:649} INFO - deployMode              client
[2025-04-03T18:05:40.487+0000] {spark_submit.py:649} INFO - executorMemory          null
[2025-04-03T18:05:40.488+0000] {spark_submit.py:649} INFO - executorCores           null
[2025-04-03T18:05:40.489+0000] {spark_submit.py:649} INFO - totalExecutorCores      null
[2025-04-03T18:05:40.489+0000] {spark_submit.py:649} INFO - propertiesFile          null
[2025-04-03T18:05:40.490+0000] {spark_submit.py:649} INFO - driverMemory            null
[2025-04-03T18:05:40.491+0000] {spark_submit.py:649} INFO - driverCores             null
[2025-04-03T18:05:40.491+0000] {spark_submit.py:649} INFO - driverExtraClassPath    null
[2025-04-03T18:05:40.492+0000] {spark_submit.py:649} INFO - driverExtraLibraryPath  null
[2025-04-03T18:05:40.492+0000] {spark_submit.py:649} INFO - driverExtraJavaOptions  null
[2025-04-03T18:05:40.493+0000] {spark_submit.py:649} INFO - supervise               false
[2025-04-03T18:05:40.493+0000] {spark_submit.py:649} INFO - queue                   root.default
[2025-04-03T18:05:40.494+0000] {spark_submit.py:649} INFO - numExecutors            null
[2025-04-03T18:05:40.494+0000] {spark_submit.py:649} INFO - files                   null
[2025-04-03T18:05:40.495+0000] {spark_submit.py:649} INFO - pyFiles                 null
[2025-04-03T18:05:40.495+0000] {spark_submit.py:649} INFO - archives                null
[2025-04-03T18:05:40.496+0000] {spark_submit.py:649} INFO - mainClass               null
[2025-04-03T18:05:40.496+0000] {spark_submit.py:649} INFO - primaryResource         file:/opt/spark-app/clean_yellow_tripdata.py
[2025-04-03T18:05:40.497+0000] {spark_submit.py:649} INFO - name                    arrow-spark
[2025-04-03T18:05:40.498+0000] {spark_submit.py:649} INFO - childArgs               []
[2025-04-03T18:05:40.498+0000] {spark_submit.py:649} INFO - jars                    null
[2025-04-03T18:05:40.499+0000] {spark_submit.py:649} INFO - packages                null
[2025-04-03T18:05:40.499+0000] {spark_submit.py:649} INFO - packagesExclusions      null
[2025-04-03T18:05:40.500+0000] {spark_submit.py:649} INFO - repositories            null
[2025-04-03T18:05:40.500+0000] {spark_submit.py:649} INFO - verbose                 true
[2025-04-03T18:05:40.501+0000] {spark_submit.py:649} INFO - 
[2025-04-03T18:05:40.501+0000] {spark_submit.py:649} INFO - Spark properties used, including those specified through
[2025-04-03T18:05:40.502+0000] {spark_submit.py:649} INFO - --conf and those from the properties file null:
[2025-04-03T18:05:40.502+0000] {spark_submit.py:649} INFO - 
[2025-04-03T18:05:40.503+0000] {spark_submit.py:649} INFO - 
[2025-04-03T18:05:40.503+0000] {spark_submit.py:649} INFO - 
[2025-04-03T18:05:40.732+0000] {spark_submit.py:649} INFO - Main class:
[2025-04-03T18:05:40.733+0000] {spark_submit.py:649} INFO - org.apache.spark.deploy.PythonRunner
[2025-04-03T18:05:40.733+0000] {spark_submit.py:649} INFO - Arguments:
[2025-04-03T18:05:40.734+0000] {spark_submit.py:649} INFO - file:/opt/spark-app/clean_yellow_tripdata.py
[2025-04-03T18:05:40.734+0000] {spark_submit.py:649} INFO - null
[2025-04-03T18:05:40.736+0000] {spark_submit.py:649} INFO - Spark config:
[2025-04-03T18:05:40.736+0000] {spark_submit.py:649} INFO - (spark.app.name,arrow-spark)
[2025-04-03T18:05:40.737+0000] {spark_submit.py:649} INFO - (spark.app.submitTime,1743703540711)
[2025-04-03T18:05:40.737+0000] {spark_submit.py:649} INFO - (spark.master,spark://spark-master:7077)
[2025-04-03T18:05:40.738+0000] {spark_submit.py:649} INFO - (spark.submit.deployMode,client)
[2025-04-03T18:05:40.739+0000] {spark_submit.py:649} INFO - (spark.submit.pyFiles,)
[2025-04-03T18:05:40.739+0000] {spark_submit.py:649} INFO - Classpath elements:
[2025-04-03T18:05:40.740+0000] {spark_submit.py:649} INFO - 
[2025-04-03T18:05:40.740+0000] {spark_submit.py:649} INFO - 
[2025-04-03T18:05:40.740+0000] {spark_submit.py:649} INFO - 
[2025-04-03T18:05:40.838+0000] {spark_submit.py:649} INFO - python3: can't open file '/opt/spark-app/clean_yellow_tripdata.py': [Errno 2] No such file or directory
[2025-04-03T18:05:40.849+0000] {spark_submit.py:649} INFO - 25/04/03 18:05:40 INFO ShutdownHookManager: Shutdown hook called
[2025-04-03T18:05:40.851+0000] {spark_submit.py:649} INFO - 25/04/03 18:05:40 INFO ShutdownHookManager: Deleting directory /tmp/spark-19820729-c844-4108-81bc-34e3f8f7655a
[2025-04-03T18:05:40.901+0000] {taskinstance.py:2698} ERROR - Task failed with exception
Traceback (most recent call last):
  File "/home/airflow/.local/lib/python3.8/site-packages/airflow/models/taskinstance.py", line 433, in _execute_task
    result = execute_callable(context=context, **execute_callable_kwargs)
  File "/home/airflow/.local/lib/python3.8/site-packages/airflow/providers/apache/spark/operators/spark_submit.py", line 176, in execute
    self._hook.submit(self.application)
  File "/home/airflow/.local/lib/python3.8/site-packages/airflow/providers/apache/spark/hooks/spark_submit.py", line 575, in submit
    raise AirflowException(
airflow.exceptions.AirflowException: Cannot execute: spark-submit --master spark://spark-master:7077 --name arrow-spark --verbose --queue root.default --deploy-mode client /opt/spark-app/clean_yellow_tripdata.py. Error code is: 2.
[2025-04-03T18:05:40.905+0000] {taskinstance.py:1138} INFO - Marking task as UP_FOR_RETRY. dag_id=full_pipeline_dag, task_id=clean_data_spark, execution_date=20250403T180354, start_date=20250403T180538, end_date=20250403T180540
[2025-04-03T18:05:41.059+0000] {standard_task_runner.py:107} ERROR - Failed to execute job 184 for task clean_data_spark (Cannot execute: spark-submit --master spark://spark-master:7077 --name arrow-spark --verbose --queue root.default --deploy-mode client /opt/spark-app/clean_yellow_tripdata.py. Error code is: 2.; 504)
[2025-04-03T18:05:41.079+0000] {local_task_job_runner.py:234} INFO - Task exited with return code 1
[2025-04-03T18:05:41.116+0000] {taskinstance.py:3280} INFO - 0 downstream tasks scheduled from follow-on schedule check
