[2025-04-03T18:04:33.704+0000] {taskinstance.py:1956} INFO - Dependencies all met for dep_context=non-requeueable deps ti=<TaskInstance: full_pipeline_dag.clean_data_spark manual__2025-04-03T18:03:54.215230+00:00 [queued]>
[2025-04-03T18:04:33.718+0000] {taskinstance.py:1956} INFO - Dependencies all met for dep_context=requeueable deps ti=<TaskInstance: full_pipeline_dag.clean_data_spark manual__2025-04-03T18:03:54.215230+00:00 [queued]>
[2025-04-03T18:04:33.718+0000] {taskinstance.py:2170} INFO - Starting attempt 1 of 3
[2025-04-03T18:04:33.748+0000] {taskinstance.py:2191} INFO - Executing <Task(SparkSubmitOperator): clean_data_spark> on 2025-04-03 18:03:54.215230+00:00
[2025-04-03T18:04:33.753+0000] {standard_task_runner.py:60} INFO - Started process 413 to run task
[2025-04-03T18:04:33.756+0000] {standard_task_runner.py:87} INFO - Running: ['airflow', 'tasks', 'run', 'full_pipeline_dag', 'clean_data_spark', 'manual__2025-04-03T18:03:54.215230+00:00', '--job-id', '183', '--raw', '--subdir', 'DAGS_FOLDER/full_pipeline_dag.py', '--cfg-path', '/tmp/tmpqno09wym']
[2025-04-03T18:04:33.761+0000] {standard_task_runner.py:88} INFO - Job 183: Subtask clean_data_spark
[2025-04-03T18:04:33.860+0000] {logging_mixin.py:188} WARNING - /home/airflow/.local/lib/python3.8/site-packages/airflow/settings.py:194 DeprecationWarning: The sql_alchemy_conn option in [core] has been moved to the sql_alchemy_conn option in [database] - the old setting has been used, but please update your config.
[2025-04-03T18:04:33.948+0000] {task_command.py:423} INFO - Running <TaskInstance: full_pipeline_dag.clean_data_spark manual__2025-04-03T18:03:54.215230+00:00 [running]> on host 6fec89899925
[2025-04-03T18:04:34.153+0000] {taskinstance.py:2480} INFO - Exporting env vars: AIRFLOW_CTX_DAG_OWNER='airflow' AIRFLOW_CTX_DAG_ID='full_pipeline_dag' AIRFLOW_CTX_TASK_ID='clean_data_spark' AIRFLOW_CTX_EXECUTION_DATE='2025-04-03T18:03:54.215230+00:00' AIRFLOW_CTX_TRY_NUMBER='1' AIRFLOW_CTX_DAG_RUN_ID='manual__2025-04-03T18:03:54.215230+00:00'
[2025-04-03T18:04:34.178+0000] {base.py:83} INFO - Using connection ID 'spark_default' for task execution.
[2025-04-03T18:04:34.179+0000] {spark_submit.py:473} INFO - Spark-Submit cmd: spark-submit --master spark://spark-master:7077 --name arrow-spark --verbose --queue root.default --deploy-mode client /opt/spark-app/clean_yellow_tripdata.py
[2025-04-03T18:04:35.363+0000] {spark_submit.py:649} INFO - Using properties file: null
[2025-04-03T18:04:35.461+0000] {spark_submit.py:649} INFO - Parsed arguments:
[2025-04-03T18:04:35.462+0000] {spark_submit.py:649} INFO - master                  spark://spark-master:7077
[2025-04-03T18:04:35.463+0000] {spark_submit.py:649} INFO - remote                  null
[2025-04-03T18:04:35.463+0000] {spark_submit.py:649} INFO - deployMode              client
[2025-04-03T18:04:35.464+0000] {spark_submit.py:649} INFO - executorMemory          null
[2025-04-03T18:04:35.464+0000] {spark_submit.py:649} INFO - executorCores           null
[2025-04-03T18:04:35.465+0000] {spark_submit.py:649} INFO - totalExecutorCores      null
[2025-04-03T18:04:35.465+0000] {spark_submit.py:649} INFO - propertiesFile          null
[2025-04-03T18:04:35.466+0000] {spark_submit.py:649} INFO - driverMemory            null
[2025-04-03T18:04:35.466+0000] {spark_submit.py:649} INFO - driverCores             null
[2025-04-03T18:04:35.467+0000] {spark_submit.py:649} INFO - driverExtraClassPath    null
[2025-04-03T18:04:35.467+0000] {spark_submit.py:649} INFO - driverExtraLibraryPath  null
[2025-04-03T18:04:35.467+0000] {spark_submit.py:649} INFO - driverExtraJavaOptions  null
[2025-04-03T18:04:35.468+0000] {spark_submit.py:649} INFO - supervise               false
[2025-04-03T18:04:35.468+0000] {spark_submit.py:649} INFO - queue                   root.default
[2025-04-03T18:04:35.469+0000] {spark_submit.py:649} INFO - numExecutors            null
[2025-04-03T18:04:35.469+0000] {spark_submit.py:649} INFO - files                   null
[2025-04-03T18:04:35.469+0000] {spark_submit.py:649} INFO - pyFiles                 null
[2025-04-03T18:04:35.470+0000] {spark_submit.py:649} INFO - archives                null
[2025-04-03T18:04:35.470+0000] {spark_submit.py:649} INFO - mainClass               null
[2025-04-03T18:04:35.471+0000] {spark_submit.py:649} INFO - primaryResource         file:/opt/spark-app/clean_yellow_tripdata.py
[2025-04-03T18:04:35.471+0000] {spark_submit.py:649} INFO - name                    arrow-spark
[2025-04-03T18:04:35.472+0000] {spark_submit.py:649} INFO - childArgs               []
[2025-04-03T18:04:35.472+0000] {spark_submit.py:649} INFO - jars                    null
[2025-04-03T18:04:35.473+0000] {spark_submit.py:649} INFO - packages                null
[2025-04-03T18:04:35.473+0000] {spark_submit.py:649} INFO - packagesExclusions      null
[2025-04-03T18:04:35.473+0000] {spark_submit.py:649} INFO - repositories            null
[2025-04-03T18:04:35.474+0000] {spark_submit.py:649} INFO - verbose                 true
[2025-04-03T18:04:35.475+0000] {spark_submit.py:649} INFO - 
[2025-04-03T18:04:35.475+0000] {spark_submit.py:649} INFO - Spark properties used, including those specified through
[2025-04-03T18:04:35.476+0000] {spark_submit.py:649} INFO - --conf and those from the properties file null:
[2025-04-03T18:04:35.476+0000] {spark_submit.py:649} INFO - 
[2025-04-03T18:04:35.477+0000] {spark_submit.py:649} INFO - 
[2025-04-03T18:04:35.477+0000] {spark_submit.py:649} INFO - 
[2025-04-03T18:04:35.665+0000] {spark_submit.py:649} INFO - Main class:
[2025-04-03T18:04:35.666+0000] {spark_submit.py:649} INFO - org.apache.spark.deploy.PythonRunner
[2025-04-03T18:04:35.667+0000] {spark_submit.py:649} INFO - Arguments:
[2025-04-03T18:04:35.668+0000] {spark_submit.py:649} INFO - file:/opt/spark-app/clean_yellow_tripdata.py
[2025-04-03T18:04:35.668+0000] {spark_submit.py:649} INFO - null
[2025-04-03T18:04:35.669+0000] {spark_submit.py:649} INFO - Spark config:
[2025-04-03T18:04:35.669+0000] {spark_submit.py:649} INFO - (spark.app.name,arrow-spark)
[2025-04-03T18:04:35.670+0000] {spark_submit.py:649} INFO - (spark.app.submitTime,1743703475651)
[2025-04-03T18:04:35.670+0000] {spark_submit.py:649} INFO - (spark.master,spark://spark-master:7077)
[2025-04-03T18:04:35.671+0000] {spark_submit.py:649} INFO - (spark.submit.deployMode,client)
[2025-04-03T18:04:35.671+0000] {spark_submit.py:649} INFO - (spark.submit.pyFiles,)
[2025-04-03T18:04:35.672+0000] {spark_submit.py:649} INFO - Classpath elements:
[2025-04-03T18:04:35.672+0000] {spark_submit.py:649} INFO - 
[2025-04-03T18:04:35.673+0000] {spark_submit.py:649} INFO - 
[2025-04-03T18:04:35.673+0000] {spark_submit.py:649} INFO - 
[2025-04-03T18:04:35.759+0000] {spark_submit.py:649} INFO - python3: can't open file '/opt/spark-app/clean_yellow_tripdata.py': [Errno 2] No such file or directory
[2025-04-03T18:04:35.766+0000] {spark_submit.py:649} INFO - 25/04/03 18:04:35 INFO ShutdownHookManager: Shutdown hook called
[2025-04-03T18:04:35.768+0000] {spark_submit.py:649} INFO - 25/04/03 18:04:35 INFO ShutdownHookManager: Deleting directory /tmp/spark-45d21e2e-6202-4c92-b99f-ae3551c4a05d
[2025-04-03T18:04:35.815+0000] {taskinstance.py:2698} ERROR - Task failed with exception
Traceback (most recent call last):
  File "/home/airflow/.local/lib/python3.8/site-packages/airflow/models/taskinstance.py", line 433, in _execute_task
    result = execute_callable(context=context, **execute_callable_kwargs)
  File "/home/airflow/.local/lib/python3.8/site-packages/airflow/providers/apache/spark/operators/spark_submit.py", line 176, in execute
    self._hook.submit(self.application)
  File "/home/airflow/.local/lib/python3.8/site-packages/airflow/providers/apache/spark/hooks/spark_submit.py", line 575, in submit
    raise AirflowException(
airflow.exceptions.AirflowException: Cannot execute: spark-submit --master spark://spark-master:7077 --name arrow-spark --verbose --queue root.default --deploy-mode client /opt/spark-app/clean_yellow_tripdata.py. Error code is: 2.
[2025-04-03T18:04:35.819+0000] {taskinstance.py:1138} INFO - Marking task as UP_FOR_RETRY. dag_id=full_pipeline_dag, task_id=clean_data_spark, execution_date=20250403T180354, start_date=20250403T180433, end_date=20250403T180435
[2025-04-03T18:04:35.996+0000] {standard_task_runner.py:107} ERROR - Failed to execute job 183 for task clean_data_spark (Cannot execute: spark-submit --master spark://spark-master:7077 --name arrow-spark --verbose --queue root.default --deploy-mode client /opt/spark-app/clean_yellow_tripdata.py. Error code is: 2.; 413)
[2025-04-03T18:04:36.020+0000] {local_task_job_runner.py:234} INFO - Task exited with return code 1
[2025-04-03T18:04:36.111+0000] {taskinstance.py:3280} INFO - 0 downstream tasks scheduled from follow-on schedule check
