[2025-04-03T18:16:11.078+0000] {taskinstance.py:1956} INFO - Dependencies all met for dep_context=non-requeueable deps ti=<TaskInstance: full_pipeline_dag.clean_data_spark manual__2025-04-03T18:13:14.694266+00:00 [queued]>
[2025-04-03T18:16:11.099+0000] {taskinstance.py:1956} INFO - Dependencies all met for dep_context=requeueable deps ti=<TaskInstance: full_pipeline_dag.clean_data_spark manual__2025-04-03T18:13:14.694266+00:00 [queued]>
[2025-04-03T18:16:11.100+0000] {taskinstance.py:2170} INFO - Starting attempt 3 of 3
[2025-04-03T18:16:11.158+0000] {taskinstance.py:2191} INFO - Executing <Task(SparkSubmitOperator): clean_data_spark> on 2025-04-03 18:13:14.694266+00:00
[2025-04-03T18:16:11.163+0000] {standard_task_runner.py:60} INFO - Started process 515 to run task
[2025-04-03T18:16:11.167+0000] {standard_task_runner.py:87} INFO - Running: ['airflow', 'tasks', 'run', 'full_pipeline_dag', 'clean_data_spark', 'manual__2025-04-03T18:13:14.694266+00:00', '--job-id', '191', '--raw', '--subdir', 'DAGS_FOLDER/full_pipeline_dag.py', '--cfg-path', '/tmp/tmpquoy1i41']
[2025-04-03T18:16:11.170+0000] {standard_task_runner.py:88} INFO - Job 191: Subtask clean_data_spark
[2025-04-03T18:16:11.223+0000] {logging_mixin.py:188} WARNING - /home/airflow/.local/lib/python3.8/site-packages/airflow/settings.py:194 DeprecationWarning: The sql_alchemy_conn option in [core] has been moved to the sql_alchemy_conn option in [database] - the old setting has been used, but please update your config.
[2025-04-03T18:16:11.316+0000] {task_command.py:423} INFO - Running <TaskInstance: full_pipeline_dag.clean_data_spark manual__2025-04-03T18:13:14.694266+00:00 [running]> on host 279edff2d996
[2025-04-03T18:16:11.500+0000] {taskinstance.py:2480} INFO - Exporting env vars: AIRFLOW_CTX_DAG_OWNER='airflow' AIRFLOW_CTX_DAG_ID='full_pipeline_dag' AIRFLOW_CTX_TASK_ID='clean_data_spark' AIRFLOW_CTX_EXECUTION_DATE='2025-04-03T18:13:14.694266+00:00' AIRFLOW_CTX_TRY_NUMBER='3' AIRFLOW_CTX_DAG_RUN_ID='manual__2025-04-03T18:13:14.694266+00:00'
[2025-04-03T18:16:11.522+0000] {base.py:83} INFO - Using connection ID 'spark_default' for task execution.
[2025-04-03T18:16:11.524+0000] {spark_submit.py:473} INFO - Spark-Submit cmd: spark-submit --master spark://spark-master:7077 --name arrow-spark --verbose --queue root.default --deploy-mode client /opt/spark-app/clean_yellow_tripdata.py
[2025-04-03T18:16:13.247+0000] {spark_submit.py:649} INFO - Using properties file: null
[2025-04-03T18:16:13.416+0000] {spark_submit.py:649} INFO - Parsed arguments:
[2025-04-03T18:16:13.417+0000] {spark_submit.py:649} INFO - master                  spark://spark-master:7077
[2025-04-03T18:16:13.418+0000] {spark_submit.py:649} INFO - remote                  null
[2025-04-03T18:16:13.419+0000] {spark_submit.py:649} INFO - deployMode              client
[2025-04-03T18:16:13.420+0000] {spark_submit.py:649} INFO - executorMemory          null
[2025-04-03T18:16:13.420+0000] {spark_submit.py:649} INFO - executorCores           null
[2025-04-03T18:16:13.421+0000] {spark_submit.py:649} INFO - totalExecutorCores      null
[2025-04-03T18:16:13.422+0000] {spark_submit.py:649} INFO - propertiesFile          null
[2025-04-03T18:16:13.422+0000] {spark_submit.py:649} INFO - driverMemory            null
[2025-04-03T18:16:13.423+0000] {spark_submit.py:649} INFO - driverCores             null
[2025-04-03T18:16:13.424+0000] {spark_submit.py:649} INFO - driverExtraClassPath    null
[2025-04-03T18:16:13.424+0000] {spark_submit.py:649} INFO - driverExtraLibraryPath  null
[2025-04-03T18:16:13.425+0000] {spark_submit.py:649} INFO - driverExtraJavaOptions  null
[2025-04-03T18:16:13.426+0000] {spark_submit.py:649} INFO - supervise               false
[2025-04-03T18:16:13.426+0000] {spark_submit.py:649} INFO - queue                   root.default
[2025-04-03T18:16:13.427+0000] {spark_submit.py:649} INFO - numExecutors            null
[2025-04-03T18:16:13.427+0000] {spark_submit.py:649} INFO - files                   null
[2025-04-03T18:16:13.428+0000] {spark_submit.py:649} INFO - pyFiles                 null
[2025-04-03T18:16:13.429+0000] {spark_submit.py:649} INFO - archives                null
[2025-04-03T18:16:13.430+0000] {spark_submit.py:649} INFO - mainClass               null
[2025-04-03T18:16:13.430+0000] {spark_submit.py:649} INFO - primaryResource         file:/opt/spark-app/clean_yellow_tripdata.py
[2025-04-03T18:16:13.431+0000] {spark_submit.py:649} INFO - name                    arrow-spark
[2025-04-03T18:16:13.432+0000] {spark_submit.py:649} INFO - childArgs               []
[2025-04-03T18:16:13.432+0000] {spark_submit.py:649} INFO - jars                    null
[2025-04-03T18:16:13.433+0000] {spark_submit.py:649} INFO - packages                null
[2025-04-03T18:16:13.433+0000] {spark_submit.py:649} INFO - packagesExclusions      null
[2025-04-03T18:16:13.434+0000] {spark_submit.py:649} INFO - repositories            null
[2025-04-03T18:16:13.435+0000] {spark_submit.py:649} INFO - verbose                 true
[2025-04-03T18:16:13.435+0000] {spark_submit.py:649} INFO - 
[2025-04-03T18:16:13.436+0000] {spark_submit.py:649} INFO - Spark properties used, including those specified through
[2025-04-03T18:16:13.437+0000] {spark_submit.py:649} INFO - --conf and those from the properties file null:
[2025-04-03T18:16:13.437+0000] {spark_submit.py:649} INFO - 
[2025-04-03T18:16:13.438+0000] {spark_submit.py:649} INFO - 
[2025-04-03T18:16:13.439+0000] {spark_submit.py:649} INFO - 
[2025-04-03T18:16:13.698+0000] {spark_submit.py:649} INFO - Main class:
[2025-04-03T18:16:13.699+0000] {spark_submit.py:649} INFO - org.apache.spark.deploy.PythonRunner
[2025-04-03T18:16:13.700+0000] {spark_submit.py:649} INFO - Arguments:
[2025-04-03T18:16:13.701+0000] {spark_submit.py:649} INFO - file:/opt/spark-app/clean_yellow_tripdata.py
[2025-04-03T18:16:13.701+0000] {spark_submit.py:649} INFO - null
[2025-04-03T18:16:13.702+0000] {spark_submit.py:649} INFO - Spark config:
[2025-04-03T18:16:13.702+0000] {spark_submit.py:649} INFO - (spark.app.name,arrow-spark)
[2025-04-03T18:16:13.703+0000] {spark_submit.py:649} INFO - (spark.app.submitTime,1743704173676)
[2025-04-03T18:16:13.703+0000] {spark_submit.py:649} INFO - (spark.master,spark://spark-master:7077)
[2025-04-03T18:16:13.704+0000] {spark_submit.py:649} INFO - (spark.submit.deployMode,client)
[2025-04-03T18:16:13.704+0000] {spark_submit.py:649} INFO - (spark.submit.pyFiles,)
[2025-04-03T18:16:13.705+0000] {spark_submit.py:649} INFO - Classpath elements:
[2025-04-03T18:16:13.705+0000] {spark_submit.py:649} INFO - 
[2025-04-03T18:16:13.706+0000] {spark_submit.py:649} INFO - 
[2025-04-03T18:16:13.707+0000] {spark_submit.py:649} INFO - 
[2025-04-03T18:16:14.668+0000] {spark_submit.py:649} INFO - 25/04/03 18:16:14 INFO SparkContext: Running Spark version 3.5.0
[2025-04-03T18:16:14.670+0000] {spark_submit.py:649} INFO - 25/04/03 18:16:14 INFO SparkContext: OS info Linux, 5.15.167.4-microsoft-standard-WSL2, amd64
[2025-04-03T18:16:14.671+0000] {spark_submit.py:649} INFO - 25/04/03 18:16:14 INFO SparkContext: Java version 17.0.14
[2025-04-03T18:16:14.715+0000] {spark_submit.py:649} INFO - 25/04/03 18:16:14 WARN NativeCodeLoader: Unable to load native-hadoop library for your platform... using builtin-java classes where applicable
[2025-04-03T18:16:14.804+0000] {spark_submit.py:649} INFO - 25/04/03 18:16:14 INFO ResourceUtils: ==============================================================
[2025-04-03T18:16:14.806+0000] {spark_submit.py:649} INFO - 25/04/03 18:16:14 INFO ResourceUtils: No custom resources configured for spark.driver.
[2025-04-03T18:16:14.807+0000] {spark_submit.py:649} INFO - 25/04/03 18:16:14 INFO ResourceUtils: ==============================================================
[2025-04-03T18:16:14.808+0000] {spark_submit.py:649} INFO - 25/04/03 18:16:14 INFO SparkContext: Submitted application: CleanYellowData
[2025-04-03T18:16:14.826+0000] {spark_submit.py:649} INFO - 25/04/03 18:16:14 INFO ResourceProfile: Default ResourceProfile created, executor resources: Map(memory -> name: memory, amount: 1024, script: , vendor: , offHeap -> name: offHeap, amount: 0, script: , vendor: ), task resources: Map(cpus -> name: cpus, amount: 1.0)
[2025-04-03T18:16:14.836+0000] {spark_submit.py:649} INFO - 25/04/03 18:16:14 INFO ResourceProfile: Limiting resource is cpu
[2025-04-03T18:16:14.837+0000] {spark_submit.py:649} INFO - 25/04/03 18:16:14 INFO ResourceProfileManager: Added ResourceProfile id: 0
[2025-04-03T18:16:14.878+0000] {spark_submit.py:649} INFO - 25/04/03 18:16:14 INFO SecurityManager: Changing view acls to: airflow
[2025-04-03T18:16:14.880+0000] {spark_submit.py:649} INFO - 25/04/03 18:16:14 INFO SecurityManager: Changing modify acls to: airflow
[2025-04-03T18:16:14.880+0000] {spark_submit.py:649} INFO - 25/04/03 18:16:14 INFO SecurityManager: Changing view acls groups to:
[2025-04-03T18:16:14.881+0000] {spark_submit.py:649} INFO - 25/04/03 18:16:14 INFO SecurityManager: Changing modify acls groups to:
[2025-04-03T18:16:14.882+0000] {spark_submit.py:649} INFO - 25/04/03 18:16:14 INFO SecurityManager: SecurityManager: authentication disabled; ui acls disabled; users with view permissions: airflow; groups with view permissions: EMPTY; users with modify permissions: airflow; groups with modify permissions: EMPTY
[2025-04-03T18:16:15.090+0000] {spark_submit.py:649} INFO - 25/04/03 18:16:15 INFO Utils: Successfully started service 'sparkDriver' on port 36033.
[2025-04-03T18:16:15.117+0000] {spark_submit.py:649} INFO - 25/04/03 18:16:15 INFO SparkEnv: Registering MapOutputTracker
[2025-04-03T18:16:15.145+0000] {spark_submit.py:649} INFO - 25/04/03 18:16:15 INFO SparkEnv: Registering BlockManagerMaster
[2025-04-03T18:16:15.158+0000] {spark_submit.py:649} INFO - 25/04/03 18:16:15 INFO BlockManagerMasterEndpoint: Using org.apache.spark.storage.DefaultTopologyMapper for getting topology information
[2025-04-03T18:16:15.159+0000] {spark_submit.py:649} INFO - 25/04/03 18:16:15 INFO BlockManagerMasterEndpoint: BlockManagerMasterEndpoint up
[2025-04-03T18:16:15.163+0000] {spark_submit.py:649} INFO - 25/04/03 18:16:15 INFO SparkEnv: Registering BlockManagerMasterHeartbeat
[2025-04-03T18:16:15.181+0000] {spark_submit.py:649} INFO - 25/04/03 18:16:15 INFO DiskBlockManager: Created local directory at /tmp/blockmgr-fe61390d-0638-4fe3-bea8-db30e1e81a06
[2025-04-03T18:16:15.196+0000] {spark_submit.py:649} INFO - 25/04/03 18:16:15 INFO MemoryStore: MemoryStore started with capacity 434.4 MiB
[2025-04-03T18:16:15.226+0000] {spark_submit.py:649} INFO - 25/04/03 18:16:15 INFO SparkEnv: Registering OutputCommitCoordinator
[2025-04-03T18:16:15.343+0000] {spark_submit.py:649} INFO - 25/04/03 18:16:15 INFO JettyUtils: Start Jetty 0.0.0.0:4040 for SparkUI
[2025-04-03T18:16:15.414+0000] {spark_submit.py:649} INFO - 25/04/03 18:16:15 INFO Utils: Successfully started service 'SparkUI' on port 4040.
[2025-04-03T18:16:15.559+0000] {spark_submit.py:649} INFO - 25/04/03 18:16:15 INFO StandaloneAppClient$ClientEndpoint: Connecting to master spark://spark-master:7077...
[2025-04-03T18:16:15.599+0000] {spark_submit.py:649} INFO - 25/04/03 18:16:15 INFO TransportClientFactory: Successfully created connection to spark-master/172.24.0.2:7077 after 21 ms (0 ms spent in bootstraps)
[2025-04-03T18:16:15.668+0000] {spark_submit.py:649} INFO - 25/04/03 18:16:15 INFO StandaloneSchedulerBackend: Connected to Spark cluster with app ID app-20250403181615-0002
[2025-04-03T18:16:15.669+0000] {spark_submit.py:649} INFO - 25/04/03 18:16:15 INFO StandaloneAppClient$ClientEndpoint: Executor added: app-20250403181615-0002/0 on worker-20250403181245-172.24.0.6-45293 (172.24.0.6:45293) with 16 core(s)
[2025-04-03T18:16:15.673+0000] {spark_submit.py:649} INFO - 25/04/03 18:16:15 INFO StandaloneSchedulerBackend: Granted executor ID app-20250403181615-0002/0 on hostPort 172.24.0.6:45293 with 16 core(s), 1024.0 MiB RAM
[2025-04-03T18:16:15.679+0000] {spark_submit.py:649} INFO - 25/04/03 18:16:15 INFO Utils: Successfully started service 'org.apache.spark.network.netty.NettyBlockTransferService' on port 33287.
[2025-04-03T18:16:15.680+0000] {spark_submit.py:649} INFO - 25/04/03 18:16:15 INFO NettyBlockTransferService: Server created on 279edff2d996:33287
[2025-04-03T18:16:15.681+0000] {spark_submit.py:649} INFO - 25/04/03 18:16:15 INFO BlockManager: Using org.apache.spark.storage.RandomBlockReplicationPolicy for block replication policy
[2025-04-03T18:16:15.686+0000] {spark_submit.py:649} INFO - 25/04/03 18:16:15 INFO BlockManagerMaster: Registering BlockManager BlockManagerId(driver, 279edff2d996, 33287, None)
[2025-04-03T18:16:15.689+0000] {spark_submit.py:649} INFO - 25/04/03 18:16:15 INFO BlockManagerMasterEndpoint: Registering block manager 279edff2d996:33287 with 434.4 MiB RAM, BlockManagerId(driver, 279edff2d996, 33287, None)
[2025-04-03T18:16:15.692+0000] {spark_submit.py:649} INFO - 25/04/03 18:16:15 INFO BlockManagerMaster: Registered BlockManager BlockManagerId(driver, 279edff2d996, 33287, None)
[2025-04-03T18:16:15.694+0000] {spark_submit.py:649} INFO - 25/04/03 18:16:15 INFO BlockManager: Initialized BlockManager: BlockManagerId(driver, 279edff2d996, 33287, None)
[2025-04-03T18:16:15.720+0000] {spark_submit.py:649} INFO - 25/04/03 18:16:15 INFO StandaloneAppClient$ClientEndpoint: Executor updated: app-20250403181615-0002/0 is now RUNNING
[2025-04-03T18:16:15.951+0000] {spark_submit.py:649} INFO - 25/04/03 18:16:15 INFO StandaloneSchedulerBackend: SchedulerBackend is ready for scheduling beginning after reached minRegisteredResourcesRatio: 0.0
[2025-04-03T18:16:16.209+0000] {spark_submit.py:649} INFO - Traceback (most recent call last):
[2025-04-03T18:16:16.210+0000] {spark_submit.py:649} INFO - File "/opt/spark-app/clean_yellow_tripdata.py", line 9, in <module>
[2025-04-03T18:16:16.214+0000] {spark_submit.py:649} INFO - clean_yellow_tripdata(spark)
[2025-04-03T18:16:16.215+0000] {spark_submit.py:649} INFO - TypeError: clean_yellow_tripdata() takes 0 positional arguments but 1 was given
[2025-04-03T18:16:16.289+0000] {spark_submit.py:649} INFO - 25/04/03 18:16:16 INFO SparkContext: Invoking stop() from shutdown hook
[2025-04-03T18:16:16.292+0000] {spark_submit.py:649} INFO - 25/04/03 18:16:16 INFO SparkContext: SparkContext is stopping with exitCode 0.
[2025-04-03T18:16:16.319+0000] {spark_submit.py:649} INFO - 25/04/03 18:16:16 INFO SparkUI: Stopped Spark web UI at http://279edff2d996:4040
[2025-04-03T18:16:16.327+0000] {spark_submit.py:649} INFO - 25/04/03 18:16:16 INFO StandaloneSchedulerBackend: Shutting down all executors
[2025-04-03T18:16:16.333+0000] {spark_submit.py:649} INFO - 25/04/03 18:16:16 INFO StandaloneSchedulerBackend$StandaloneDriverEndpoint: Asking each executor to shut down
[2025-04-03T18:16:16.364+0000] {spark_submit.py:649} INFO - 25/04/03 18:16:16 INFO MapOutputTrackerMasterEndpoint: MapOutputTrackerMasterEndpoint stopped!
[2025-04-03T18:16:16.387+0000] {spark_submit.py:649} INFO - 25/04/03 18:16:16 INFO MemoryStore: MemoryStore cleared
[2025-04-03T18:16:16.388+0000] {spark_submit.py:649} INFO - 25/04/03 18:16:16 INFO BlockManager: BlockManager stopped
[2025-04-03T18:16:16.397+0000] {spark_submit.py:649} INFO - 25/04/03 18:16:16 INFO BlockManagerMaster: BlockManagerMaster stopped
[2025-04-03T18:16:16.401+0000] {spark_submit.py:649} INFO - 25/04/03 18:16:16 INFO OutputCommitCoordinator$OutputCommitCoordinatorEndpoint: OutputCommitCoordinator stopped!
[2025-04-03T18:16:16.418+0000] {spark_submit.py:649} INFO - 25/04/03 18:16:16 INFO SparkContext: Successfully stopped SparkContext
[2025-04-03T18:16:16.419+0000] {spark_submit.py:649} INFO - 25/04/03 18:16:16 INFO ShutdownHookManager: Shutdown hook called
[2025-04-03T18:16:16.420+0000] {spark_submit.py:649} INFO - 25/04/03 18:16:16 INFO ShutdownHookManager: Deleting directory /tmp/spark-bb0df7e2-7992-42e4-aaad-7d551a9d228e
[2025-04-03T18:16:16.428+0000] {spark_submit.py:649} INFO - 25/04/03 18:16:16 INFO ShutdownHookManager: Deleting directory /tmp/spark-82f7dc98-90ae-49fd-bafa-4b95c3be46fc
[2025-04-03T18:16:16.434+0000] {spark_submit.py:649} INFO - 25/04/03 18:16:16 INFO ShutdownHookManager: Deleting directory /tmp/spark-82f7dc98-90ae-49fd-bafa-4b95c3be46fc/pyspark-fa14cb68-9450-4509-8ee4-7ea62b8b8794
[2025-04-03T18:16:16.507+0000] {taskinstance.py:2698} ERROR - Task failed with exception
Traceback (most recent call last):
  File "/home/airflow/.local/lib/python3.8/site-packages/airflow/models/taskinstance.py", line 433, in _execute_task
    result = execute_callable(context=context, **execute_callable_kwargs)
  File "/home/airflow/.local/lib/python3.8/site-packages/airflow/providers/apache/spark/operators/spark_submit.py", line 176, in execute
    self._hook.submit(self.application)
  File "/home/airflow/.local/lib/python3.8/site-packages/airflow/providers/apache/spark/hooks/spark_submit.py", line 575, in submit
    raise AirflowException(
airflow.exceptions.AirflowException: Cannot execute: spark-submit --master spark://spark-master:7077 --name arrow-spark --verbose --queue root.default --deploy-mode client /opt/spark-app/clean_yellow_tripdata.py. Error code is: 1.
[2025-04-03T18:16:16.515+0000] {taskinstance.py:1138} INFO - Marking task as FAILED. dag_id=full_pipeline_dag, task_id=clean_data_spark, execution_date=20250403T181314, start_date=20250403T181611, end_date=20250403T181616
[2025-04-03T18:16:16.741+0000] {standard_task_runner.py:107} ERROR - Failed to execute job 191 for task clean_data_spark (Cannot execute: spark-submit --master spark://spark-master:7077 --name arrow-spark --verbose --queue root.default --deploy-mode client /opt/spark-app/clean_yellow_tripdata.py. Error code is: 1.; 515)
[2025-04-03T18:16:16.763+0000] {local_task_job_runner.py:234} INFO - Task exited with return code 1
[2025-04-03T18:16:16.806+0000] {taskinstance.py:3280} INFO - 0 downstream tasks scheduled from follow-on schedule check
