[2025-04-03T18:13:53.784+0000] {taskinstance.py:1956} INFO - Dependencies all met for dep_context=non-requeueable deps ti=<TaskInstance: full_pipeline_dag.clean_data_spark manual__2025-04-03T18:13:14.694266+00:00 [queued]>
[2025-04-03T18:13:53.800+0000] {taskinstance.py:1956} INFO - Dependencies all met for dep_context=requeueable deps ti=<TaskInstance: full_pipeline_dag.clean_data_spark manual__2025-04-03T18:13:14.694266+00:00 [queued]>
[2025-04-03T18:13:53.801+0000] {taskinstance.py:2170} INFO - Starting attempt 1 of 3
[2025-04-03T18:13:53.918+0000] {taskinstance.py:2191} INFO - Executing <Task(SparkSubmitOperator): clean_data_spark> on 2025-04-03 18:13:14.694266+00:00
[2025-04-03T18:13:53.923+0000] {standard_task_runner.py:60} INFO - Started process 102 to run task
[2025-04-03T18:13:53.926+0000] {standard_task_runner.py:87} INFO - Running: ['airflow', 'tasks', 'run', 'full_pipeline_dag', 'clean_data_spark', 'manual__2025-04-03T18:13:14.694266+00:00', '--job-id', '189', '--raw', '--subdir', 'DAGS_FOLDER/full_pipeline_dag.py', '--cfg-path', '/tmp/tmp_v5yotu3']
[2025-04-03T18:13:53.928+0000] {standard_task_runner.py:88} INFO - Job 189: Subtask clean_data_spark
[2025-04-03T18:13:54.005+0000] {logging_mixin.py:188} WARNING - /home/airflow/.local/lib/python3.8/site-packages/airflow/settings.py:194 DeprecationWarning: The sql_alchemy_conn option in [core] has been moved to the sql_alchemy_conn option in [database] - the old setting has been used, but please update your config.
[2025-04-03T18:13:54.070+0000] {task_command.py:423} INFO - Running <TaskInstance: full_pipeline_dag.clean_data_spark manual__2025-04-03T18:13:14.694266+00:00 [running]> on host 279edff2d996
[2025-04-03T18:13:54.214+0000] {taskinstance.py:2480} INFO - Exporting env vars: AIRFLOW_CTX_DAG_OWNER='airflow' AIRFLOW_CTX_DAG_ID='full_pipeline_dag' AIRFLOW_CTX_TASK_ID='clean_data_spark' AIRFLOW_CTX_EXECUTION_DATE='2025-04-03T18:13:14.694266+00:00' AIRFLOW_CTX_TRY_NUMBER='1' AIRFLOW_CTX_DAG_RUN_ID='manual__2025-04-03T18:13:14.694266+00:00'
[2025-04-03T18:13:54.229+0000] {base.py:83} INFO - Using connection ID 'spark_default' for task execution.
[2025-04-03T18:13:54.230+0000] {spark_submit.py:473} INFO - Spark-Submit cmd: spark-submit --master spark://spark-master:7077 --name arrow-spark --verbose --queue root.default --deploy-mode client /opt/spark-app/clean_yellow_tripdata.py
[2025-04-03T18:13:55.402+0000] {spark_submit.py:649} INFO - Using properties file: null
[2025-04-03T18:13:55.508+0000] {spark_submit.py:649} INFO - Parsed arguments:
[2025-04-03T18:13:55.508+0000] {spark_submit.py:649} INFO - master                  spark://spark-master:7077
[2025-04-03T18:13:55.509+0000] {spark_submit.py:649} INFO - remote                  null
[2025-04-03T18:13:55.510+0000] {spark_submit.py:649} INFO - deployMode              client
[2025-04-03T18:13:55.511+0000] {spark_submit.py:649} INFO - executorMemory          null
[2025-04-03T18:13:55.511+0000] {spark_submit.py:649} INFO - executorCores           null
[2025-04-03T18:13:55.512+0000] {spark_submit.py:649} INFO - totalExecutorCores      null
[2025-04-03T18:13:55.512+0000] {spark_submit.py:649} INFO - propertiesFile          null
[2025-04-03T18:13:55.513+0000] {spark_submit.py:649} INFO - driverMemory            null
[2025-04-03T18:13:55.514+0000] {spark_submit.py:649} INFO - driverCores             null
[2025-04-03T18:13:55.514+0000] {spark_submit.py:649} INFO - driverExtraClassPath    null
[2025-04-03T18:13:55.515+0000] {spark_submit.py:649} INFO - driverExtraLibraryPath  null
[2025-04-03T18:13:55.515+0000] {spark_submit.py:649} INFO - driverExtraJavaOptions  null
[2025-04-03T18:13:55.516+0000] {spark_submit.py:649} INFO - supervise               false
[2025-04-03T18:13:55.516+0000] {spark_submit.py:649} INFO - queue                   root.default
[2025-04-03T18:13:55.517+0000] {spark_submit.py:649} INFO - numExecutors            null
[2025-04-03T18:13:55.517+0000] {spark_submit.py:649} INFO - files                   null
[2025-04-03T18:13:55.518+0000] {spark_submit.py:649} INFO - pyFiles                 null
[2025-04-03T18:13:55.519+0000] {spark_submit.py:649} INFO - archives                null
[2025-04-03T18:13:55.520+0000] {spark_submit.py:649} INFO - mainClass               null
[2025-04-03T18:13:55.520+0000] {spark_submit.py:649} INFO - primaryResource         file:/opt/spark-app/clean_yellow_tripdata.py
[2025-04-03T18:13:55.521+0000] {spark_submit.py:649} INFO - name                    arrow-spark
[2025-04-03T18:13:55.522+0000] {spark_submit.py:649} INFO - childArgs               []
[2025-04-03T18:13:55.523+0000] {spark_submit.py:649} INFO - jars                    null
[2025-04-03T18:13:55.524+0000] {spark_submit.py:649} INFO - packages                null
[2025-04-03T18:13:55.525+0000] {spark_submit.py:649} INFO - packagesExclusions      null
[2025-04-03T18:13:55.525+0000] {spark_submit.py:649} INFO - repositories            null
[2025-04-03T18:13:55.527+0000] {spark_submit.py:649} INFO - verbose                 true
[2025-04-03T18:13:55.528+0000] {spark_submit.py:649} INFO - 
[2025-04-03T18:13:55.528+0000] {spark_submit.py:649} INFO - Spark properties used, including those specified through
[2025-04-03T18:13:55.529+0000] {spark_submit.py:649} INFO - --conf and those from the properties file null:
[2025-04-03T18:13:55.530+0000] {spark_submit.py:649} INFO - 
[2025-04-03T18:13:55.531+0000] {spark_submit.py:649} INFO - 
[2025-04-03T18:13:55.532+0000] {spark_submit.py:649} INFO - 
[2025-04-03T18:13:55.753+0000] {spark_submit.py:649} INFO - Main class:
[2025-04-03T18:13:55.754+0000] {spark_submit.py:649} INFO - org.apache.spark.deploy.PythonRunner
[2025-04-03T18:13:55.754+0000] {spark_submit.py:649} INFO - Arguments:
[2025-04-03T18:13:55.755+0000] {spark_submit.py:649} INFO - file:/opt/spark-app/clean_yellow_tripdata.py
[2025-04-03T18:13:55.755+0000] {spark_submit.py:649} INFO - null
[2025-04-03T18:13:55.757+0000] {spark_submit.py:649} INFO - Spark config:
[2025-04-03T18:13:55.757+0000] {spark_submit.py:649} INFO - (spark.app.name,arrow-spark)
[2025-04-03T18:13:55.758+0000] {spark_submit.py:649} INFO - (spark.app.submitTime,1743704035733)
[2025-04-03T18:13:55.758+0000] {spark_submit.py:649} INFO - (spark.master,spark://spark-master:7077)
[2025-04-03T18:13:55.759+0000] {spark_submit.py:649} INFO - (spark.submit.deployMode,client)
[2025-04-03T18:13:55.760+0000] {spark_submit.py:649} INFO - (spark.submit.pyFiles,)
[2025-04-03T18:13:55.760+0000] {spark_submit.py:649} INFO - Classpath elements:
[2025-04-03T18:13:55.761+0000] {spark_submit.py:649} INFO - 
[2025-04-03T18:13:55.762+0000] {spark_submit.py:649} INFO - 
[2025-04-03T18:13:55.762+0000] {spark_submit.py:649} INFO - 
[2025-04-03T18:13:56.717+0000] {spark_submit.py:649} INFO - 25/04/03 18:13:56 INFO SparkContext: Running Spark version 3.5.0
[2025-04-03T18:13:56.718+0000] {spark_submit.py:649} INFO - 25/04/03 18:13:56 INFO SparkContext: OS info Linux, 5.15.167.4-microsoft-standard-WSL2, amd64
[2025-04-03T18:13:56.719+0000] {spark_submit.py:649} INFO - 25/04/03 18:13:56 INFO SparkContext: Java version 17.0.14
[2025-04-03T18:13:56.779+0000] {spark_submit.py:649} INFO - 25/04/03 18:13:56 WARN NativeCodeLoader: Unable to load native-hadoop library for your platform... using builtin-java classes where applicable
[2025-04-03T18:13:56.881+0000] {spark_submit.py:649} INFO - 25/04/03 18:13:56 INFO ResourceUtils: ==============================================================
[2025-04-03T18:13:56.882+0000] {spark_submit.py:649} INFO - 25/04/03 18:13:56 INFO ResourceUtils: No custom resources configured for spark.driver.
[2025-04-03T18:13:56.883+0000] {spark_submit.py:649} INFO - 25/04/03 18:13:56 INFO ResourceUtils: ==============================================================
[2025-04-03T18:13:56.883+0000] {spark_submit.py:649} INFO - 25/04/03 18:13:56 INFO SparkContext: Submitted application: CleanYellowData
[2025-04-03T18:13:56.900+0000] {spark_submit.py:649} INFO - 25/04/03 18:13:56 INFO ResourceProfile: Default ResourceProfile created, executor resources: Map(memory -> name: memory, amount: 1024, script: , vendor: , offHeap -> name: offHeap, amount: 0, script: , vendor: ), task resources: Map(cpus -> name: cpus, amount: 1.0)
[2025-04-03T18:13:56.906+0000] {spark_submit.py:649} INFO - 25/04/03 18:13:56 INFO ResourceProfile: Limiting resource is cpu
[2025-04-03T18:13:56.907+0000] {spark_submit.py:649} INFO - 25/04/03 18:13:56 INFO ResourceProfileManager: Added ResourceProfile id: 0
[2025-04-03T18:13:56.964+0000] {spark_submit.py:649} INFO - 25/04/03 18:13:56 INFO SecurityManager: Changing view acls to: airflow
[2025-04-03T18:13:56.965+0000] {spark_submit.py:649} INFO - 25/04/03 18:13:56 INFO SecurityManager: Changing modify acls to: airflow
[2025-04-03T18:13:56.966+0000] {spark_submit.py:649} INFO - 25/04/03 18:13:56 INFO SecurityManager: Changing view acls groups to:
[2025-04-03T18:13:56.967+0000] {spark_submit.py:649} INFO - 25/04/03 18:13:56 INFO SecurityManager: Changing modify acls groups to:
[2025-04-03T18:13:56.968+0000] {spark_submit.py:649} INFO - 25/04/03 18:13:56 INFO SecurityManager: SecurityManager: authentication disabled; ui acls disabled; users with view permissions: airflow; groups with view permissions: EMPTY; users with modify permissions: airflow; groups with modify permissions: EMPTY
[2025-04-03T18:13:57.194+0000] {spark_submit.py:649} INFO - 25/04/03 18:13:57 INFO Utils: Successfully started service 'sparkDriver' on port 43723.
[2025-04-03T18:13:57.229+0000] {spark_submit.py:649} INFO - 25/04/03 18:13:57 INFO SparkEnv: Registering MapOutputTracker
[2025-04-03T18:13:57.271+0000] {spark_submit.py:649} INFO - 25/04/03 18:13:57 INFO SparkEnv: Registering BlockManagerMaster
[2025-04-03T18:13:57.293+0000] {spark_submit.py:649} INFO - 25/04/03 18:13:57 INFO BlockManagerMasterEndpoint: Using org.apache.spark.storage.DefaultTopologyMapper for getting topology information
[2025-04-03T18:13:57.294+0000] {spark_submit.py:649} INFO - 25/04/03 18:13:57 INFO BlockManagerMasterEndpoint: BlockManagerMasterEndpoint up
[2025-04-03T18:13:57.301+0000] {spark_submit.py:649} INFO - 25/04/03 18:13:57 INFO SparkEnv: Registering BlockManagerMasterHeartbeat
[2025-04-03T18:13:57.330+0000] {spark_submit.py:649} INFO - 25/04/03 18:13:57 INFO DiskBlockManager: Created local directory at /tmp/blockmgr-dd491dc3-7614-47f2-b2c0-f94dd5918996
[2025-04-03T18:13:57.345+0000] {spark_submit.py:649} INFO - 25/04/03 18:13:57 INFO MemoryStore: MemoryStore started with capacity 434.4 MiB
[2025-04-03T18:13:57.361+0000] {spark_submit.py:649} INFO - 25/04/03 18:13:57 INFO SparkEnv: Registering OutputCommitCoordinator
[2025-04-03T18:13:57.507+0000] {spark_submit.py:649} INFO - 25/04/03 18:13:57 INFO JettyUtils: Start Jetty 0.0.0.0:4040 for SparkUI
[2025-04-03T18:13:57.579+0000] {spark_submit.py:649} INFO - 25/04/03 18:13:57 INFO Utils: Successfully started service 'SparkUI' on port 4040.
[2025-04-03T18:13:57.705+0000] {spark_submit.py:649} INFO - 25/04/03 18:13:57 INFO StandaloneAppClient$ClientEndpoint: Connecting to master spark://spark-master:7077...
[2025-04-03T18:13:57.767+0000] {spark_submit.py:649} INFO - 25/04/03 18:13:57 INFO TransportClientFactory: Successfully created connection to spark-master/172.24.0.2:7077 after 29 ms (0 ms spent in bootstraps)
[2025-04-03T18:13:57.940+0000] {spark_submit.py:649} INFO - 25/04/03 18:13:57 INFO StandaloneSchedulerBackend: Connected to Spark cluster with app ID app-20250403181357-0000
[2025-04-03T18:13:57.954+0000] {spark_submit.py:649} INFO - 25/04/03 18:13:57 INFO Utils: Successfully started service 'org.apache.spark.network.netty.NettyBlockTransferService' on port 37155.
[2025-04-03T18:13:57.956+0000] {spark_submit.py:649} INFO - 25/04/03 18:13:57 INFO NettyBlockTransferService: Server created on 279edff2d996:37155
[2025-04-03T18:13:57.961+0000] {spark_submit.py:649} INFO - 25/04/03 18:13:57 INFO BlockManager: Using org.apache.spark.storage.RandomBlockReplicationPolicy for block replication policy
[2025-04-03T18:13:57.970+0000] {spark_submit.py:649} INFO - 25/04/03 18:13:57 INFO BlockManagerMaster: Registering BlockManager BlockManagerId(driver, 279edff2d996, 37155, None)
[2025-04-03T18:13:57.982+0000] {spark_submit.py:649} INFO - 25/04/03 18:13:57 INFO BlockManagerMasterEndpoint: Registering block manager 279edff2d996:37155 with 434.4 MiB RAM, BlockManagerId(driver, 279edff2d996, 37155, None)
[2025-04-03T18:13:57.987+0000] {spark_submit.py:649} INFO - 25/04/03 18:13:57 INFO BlockManagerMaster: Registered BlockManager BlockManagerId(driver, 279edff2d996, 37155, None)
[2025-04-03T18:13:57.988+0000] {spark_submit.py:649} INFO - 25/04/03 18:13:57 INFO StandaloneAppClient$ClientEndpoint: Executor added: app-20250403181357-0000/0 on worker-20250403181245-172.24.0.6-45293 (172.24.0.6:45293) with 16 core(s)
[2025-04-03T18:13:57.990+0000] {spark_submit.py:649} INFO - 25/04/03 18:13:57 INFO BlockManager: Initialized BlockManager: BlockManagerId(driver, 279edff2d996, 37155, None)
[2025-04-03T18:13:57.995+0000] {spark_submit.py:649} INFO - 25/04/03 18:13:57 INFO StandaloneSchedulerBackend: Granted executor ID app-20250403181357-0000/0 on hostPort 172.24.0.6:45293 with 16 core(s), 1024.0 MiB RAM
[2025-04-03T18:13:58.226+0000] {spark_submit.py:649} INFO - 25/04/03 18:13:58 INFO StandaloneAppClient$ClientEndpoint: Executor updated: app-20250403181357-0000/0 is now RUNNING
[2025-04-03T18:13:58.392+0000] {spark_submit.py:649} INFO - 25/04/03 18:13:58 INFO StandaloneSchedulerBackend: SchedulerBackend is ready for scheduling beginning after reached minRegisteredResourcesRatio: 0.0
[2025-04-03T18:13:58.726+0000] {spark_submit.py:649} INFO - Traceback (most recent call last):
[2025-04-03T18:13:58.728+0000] {spark_submit.py:649} INFO - File "/opt/spark-app/clean_yellow_tripdata.py", line 9, in <module>
[2025-04-03T18:13:58.732+0000] {spark_submit.py:649} INFO - clean_yellow_tripdata(spark)
[2025-04-03T18:13:58.733+0000] {spark_submit.py:649} INFO - TypeError: clean_yellow_tripdata() takes 0 positional arguments but 1 was given
[2025-04-03T18:13:58.849+0000] {spark_submit.py:649} INFO - 25/04/03 18:13:58 INFO SparkContext: Invoking stop() from shutdown hook
[2025-04-03T18:13:58.851+0000] {spark_submit.py:649} INFO - 25/04/03 18:13:58 INFO SparkContext: SparkContext is stopping with exitCode 0.
[2025-04-03T18:13:58.898+0000] {spark_submit.py:649} INFO - 25/04/03 18:13:58 INFO SparkUI: Stopped Spark web UI at http://279edff2d996:4040
[2025-04-03T18:13:58.917+0000] {spark_submit.py:649} INFO - 25/04/03 18:13:58 INFO StandaloneSchedulerBackend: Shutting down all executors
[2025-04-03T18:13:58.931+0000] {spark_submit.py:649} INFO - 25/04/03 18:13:58 INFO StandaloneSchedulerBackend$StandaloneDriverEndpoint: Asking each executor to shut down
[2025-04-03T18:13:58.981+0000] {spark_submit.py:649} INFO - 25/04/03 18:13:58 INFO MapOutputTrackerMasterEndpoint: MapOutputTrackerMasterEndpoint stopped!
[2025-04-03T18:13:59.015+0000] {spark_submit.py:649} INFO - 25/04/03 18:13:59 INFO MemoryStore: MemoryStore cleared
[2025-04-03T18:13:59.016+0000] {spark_submit.py:649} INFO - 25/04/03 18:13:59 INFO BlockManager: BlockManager stopped
[2025-04-03T18:13:59.027+0000] {spark_submit.py:649} INFO - 25/04/03 18:13:59 INFO BlockManagerMaster: BlockManagerMaster stopped
[2025-04-03T18:13:59.031+0000] {spark_submit.py:649} INFO - 25/04/03 18:13:59 INFO OutputCommitCoordinator$OutputCommitCoordinatorEndpoint: OutputCommitCoordinator stopped!
[2025-04-03T18:13:59.062+0000] {spark_submit.py:649} INFO - 25/04/03 18:13:59 INFO SparkContext: Successfully stopped SparkContext
[2025-04-03T18:13:59.063+0000] {spark_submit.py:649} INFO - 25/04/03 18:13:59 INFO ShutdownHookManager: Shutdown hook called
[2025-04-03T18:13:59.063+0000] {spark_submit.py:649} INFO - 25/04/03 18:13:59 INFO ShutdownHookManager: Deleting directory /tmp/spark-87282c20-1e96-4d33-9bb5-fe9f7bd541f9
[2025-04-03T18:13:59.068+0000] {spark_submit.py:649} INFO - 25/04/03 18:13:59 INFO ShutdownHookManager: Deleting directory /tmp/spark-16cda564-4f69-4270-8f13-01bf6a8a4dfc/pyspark-faee21fb-6b7c-4251-835c-e3c10fd78f7d
[2025-04-03T18:13:59.073+0000] {spark_submit.py:649} INFO - 25/04/03 18:13:59 INFO ShutdownHookManager: Deleting directory /tmp/spark-16cda564-4f69-4270-8f13-01bf6a8a4dfc
[2025-04-03T18:13:59.132+0000] {taskinstance.py:2698} ERROR - Task failed with exception
Traceback (most recent call last):
  File "/home/airflow/.local/lib/python3.8/site-packages/airflow/models/taskinstance.py", line 433, in _execute_task
    result = execute_callable(context=context, **execute_callable_kwargs)
  File "/home/airflow/.local/lib/python3.8/site-packages/airflow/providers/apache/spark/operators/spark_submit.py", line 176, in execute
    self._hook.submit(self.application)
  File "/home/airflow/.local/lib/python3.8/site-packages/airflow/providers/apache/spark/hooks/spark_submit.py", line 575, in submit
    raise AirflowException(
airflow.exceptions.AirflowException: Cannot execute: spark-submit --master spark://spark-master:7077 --name arrow-spark --verbose --queue root.default --deploy-mode client /opt/spark-app/clean_yellow_tripdata.py. Error code is: 1.
[2025-04-03T18:13:59.137+0000] {taskinstance.py:1138} INFO - Marking task as UP_FOR_RETRY. dag_id=full_pipeline_dag, task_id=clean_data_spark, execution_date=20250403T181314, start_date=20250403T181353, end_date=20250403T181359
[2025-04-03T18:13:59.360+0000] {standard_task_runner.py:107} ERROR - Failed to execute job 189 for task clean_data_spark (Cannot execute: spark-submit --master spark://spark-master:7077 --name arrow-spark --verbose --queue root.default --deploy-mode client /opt/spark-app/clean_yellow_tripdata.py. Error code is: 1.; 102)
[2025-04-03T18:13:59.380+0000] {local_task_job_runner.py:234} INFO - Task exited with return code 1
[2025-04-03T18:13:59.429+0000] {taskinstance.py:3280} INFO - 0 downstream tasks scheduled from follow-on schedule check
