[2025-04-03T18:15:02.981+0000] {taskinstance.py:1956} INFO - Dependencies all met for dep_context=non-requeueable deps ti=<TaskInstance: full_pipeline_dag.clean_data_spark manual__2025-04-03T18:13:14.694266+00:00 [queued]>
[2025-04-03T18:15:03.010+0000] {taskinstance.py:1956} INFO - Dependencies all met for dep_context=requeueable deps ti=<TaskInstance: full_pipeline_dag.clean_data_spark manual__2025-04-03T18:13:14.694266+00:00 [queued]>
[2025-04-03T18:15:03.011+0000] {taskinstance.py:2170} INFO - Starting attempt 2 of 3
[2025-04-03T18:15:03.069+0000] {taskinstance.py:2191} INFO - Executing <Task(SparkSubmitOperator): clean_data_spark> on 2025-04-03 18:13:14.694266+00:00
[2025-04-03T18:15:03.075+0000] {standard_task_runner.py:60} INFO - Started process 309 to run task
[2025-04-03T18:15:03.081+0000] {standard_task_runner.py:87} INFO - Running: ['airflow', 'tasks', 'run', 'full_pipeline_dag', 'clean_data_spark', 'manual__2025-04-03T18:13:14.694266+00:00', '--job-id', '190', '--raw', '--subdir', 'DAGS_FOLDER/full_pipeline_dag.py', '--cfg-path', '/tmp/tmpabfsebl6']
[2025-04-03T18:15:03.085+0000] {standard_task_runner.py:88} INFO - Job 190: Subtask clean_data_spark
[2025-04-03T18:15:03.154+0000] {logging_mixin.py:188} WARNING - /home/airflow/.local/lib/python3.8/site-packages/airflow/settings.py:194 DeprecationWarning: The sql_alchemy_conn option in [core] has been moved to the sql_alchemy_conn option in [database] - the old setting has been used, but please update your config.
[2025-04-03T18:15:03.235+0000] {task_command.py:423} INFO - Running <TaskInstance: full_pipeline_dag.clean_data_spark manual__2025-04-03T18:13:14.694266+00:00 [running]> on host 279edff2d996
[2025-04-03T18:15:03.415+0000] {taskinstance.py:2480} INFO - Exporting env vars: AIRFLOW_CTX_DAG_OWNER='airflow' AIRFLOW_CTX_DAG_ID='full_pipeline_dag' AIRFLOW_CTX_TASK_ID='clean_data_spark' AIRFLOW_CTX_EXECUTION_DATE='2025-04-03T18:13:14.694266+00:00' AIRFLOW_CTX_TRY_NUMBER='2' AIRFLOW_CTX_DAG_RUN_ID='manual__2025-04-03T18:13:14.694266+00:00'
[2025-04-03T18:15:03.443+0000] {base.py:83} INFO - Using connection ID 'spark_default' for task execution.
[2025-04-03T18:15:03.446+0000] {spark_submit.py:473} INFO - Spark-Submit cmd: spark-submit --master spark://spark-master:7077 --name arrow-spark --verbose --queue root.default --deploy-mode client /opt/spark-app/clean_yellow_tripdata.py
[2025-04-03T18:15:04.842+0000] {spark_submit.py:649} INFO - Using properties file: null
[2025-04-03T18:15:04.949+0000] {spark_submit.py:649} INFO - Parsed arguments:
[2025-04-03T18:15:04.950+0000] {spark_submit.py:649} INFO - master                  spark://spark-master:7077
[2025-04-03T18:15:04.951+0000] {spark_submit.py:649} INFO - remote                  null
[2025-04-03T18:15:04.952+0000] {spark_submit.py:649} INFO - deployMode              client
[2025-04-03T18:15:04.952+0000] {spark_submit.py:649} INFO - executorMemory          null
[2025-04-03T18:15:04.953+0000] {spark_submit.py:649} INFO - executorCores           null
[2025-04-03T18:15:04.953+0000] {spark_submit.py:649} INFO - totalExecutorCores      null
[2025-04-03T18:15:04.954+0000] {spark_submit.py:649} INFO - propertiesFile          null
[2025-04-03T18:15:04.955+0000] {spark_submit.py:649} INFO - driverMemory            null
[2025-04-03T18:15:04.956+0000] {spark_submit.py:649} INFO - driverCores             null
[2025-04-03T18:15:04.956+0000] {spark_submit.py:649} INFO - driverExtraClassPath    null
[2025-04-03T18:15:04.957+0000] {spark_submit.py:649} INFO - driverExtraLibraryPath  null
[2025-04-03T18:15:04.957+0000] {spark_submit.py:649} INFO - driverExtraJavaOptions  null
[2025-04-03T18:15:04.958+0000] {spark_submit.py:649} INFO - supervise               false
[2025-04-03T18:15:04.958+0000] {spark_submit.py:649} INFO - queue                   root.default
[2025-04-03T18:15:04.959+0000] {spark_submit.py:649} INFO - numExecutors            null
[2025-04-03T18:15:04.960+0000] {spark_submit.py:649} INFO - files                   null
[2025-04-03T18:15:04.960+0000] {spark_submit.py:649} INFO - pyFiles                 null
[2025-04-03T18:15:04.961+0000] {spark_submit.py:649} INFO - archives                null
[2025-04-03T18:15:04.962+0000] {spark_submit.py:649} INFO - mainClass               null
[2025-04-03T18:15:04.962+0000] {spark_submit.py:649} INFO - primaryResource         file:/opt/spark-app/clean_yellow_tripdata.py
[2025-04-03T18:15:04.963+0000] {spark_submit.py:649} INFO - name                    arrow-spark
[2025-04-03T18:15:04.963+0000] {spark_submit.py:649} INFO - childArgs               []
[2025-04-03T18:15:04.964+0000] {spark_submit.py:649} INFO - jars                    null
[2025-04-03T18:15:04.965+0000] {spark_submit.py:649} INFO - packages                null
[2025-04-03T18:15:04.966+0000] {spark_submit.py:649} INFO - packagesExclusions      null
[2025-04-03T18:15:04.966+0000] {spark_submit.py:649} INFO - repositories            null
[2025-04-03T18:15:04.967+0000] {spark_submit.py:649} INFO - verbose                 true
[2025-04-03T18:15:04.967+0000] {spark_submit.py:649} INFO - 
[2025-04-03T18:15:04.968+0000] {spark_submit.py:649} INFO - Spark properties used, including those specified through
[2025-04-03T18:15:04.969+0000] {spark_submit.py:649} INFO - --conf and those from the properties file null:
[2025-04-03T18:15:04.969+0000] {spark_submit.py:649} INFO - 
[2025-04-03T18:15:04.970+0000] {spark_submit.py:649} INFO - 
[2025-04-03T18:15:04.970+0000] {spark_submit.py:649} INFO - 
[2025-04-03T18:15:05.188+0000] {spark_submit.py:649} INFO - Main class:
[2025-04-03T18:15:05.189+0000] {spark_submit.py:649} INFO - org.apache.spark.deploy.PythonRunner
[2025-04-03T18:15:05.189+0000] {spark_submit.py:649} INFO - Arguments:
[2025-04-03T18:15:05.190+0000] {spark_submit.py:649} INFO - file:/opt/spark-app/clean_yellow_tripdata.py
[2025-04-03T18:15:05.190+0000] {spark_submit.py:649} INFO - null
[2025-04-03T18:15:05.191+0000] {spark_submit.py:649} INFO - Spark config:
[2025-04-03T18:15:05.192+0000] {spark_submit.py:649} INFO - (spark.app.name,arrow-spark)
[2025-04-03T18:15:05.193+0000] {spark_submit.py:649} INFO - (spark.app.submitTime,1743704105166)
[2025-04-03T18:15:05.193+0000] {spark_submit.py:649} INFO - (spark.master,spark://spark-master:7077)
[2025-04-03T18:15:05.194+0000] {spark_submit.py:649} INFO - (spark.submit.deployMode,client)
[2025-04-03T18:15:05.195+0000] {spark_submit.py:649} INFO - (spark.submit.pyFiles,)
[2025-04-03T18:15:05.195+0000] {spark_submit.py:649} INFO - Classpath elements:
[2025-04-03T18:15:05.196+0000] {spark_submit.py:649} INFO - 
[2025-04-03T18:15:05.196+0000] {spark_submit.py:649} INFO - 
[2025-04-03T18:15:05.197+0000] {spark_submit.py:649} INFO - 
[2025-04-03T18:15:06.139+0000] {spark_submit.py:649} INFO - 25/04/03 18:15:06 INFO SparkContext: Running Spark version 3.5.0
[2025-04-03T18:15:06.140+0000] {spark_submit.py:649} INFO - 25/04/03 18:15:06 INFO SparkContext: OS info Linux, 5.15.167.4-microsoft-standard-WSL2, amd64
[2025-04-03T18:15:06.141+0000] {spark_submit.py:649} INFO - 25/04/03 18:15:06 INFO SparkContext: Java version 17.0.14
[2025-04-03T18:15:06.191+0000] {spark_submit.py:649} INFO - 25/04/03 18:15:06 WARN NativeCodeLoader: Unable to load native-hadoop library for your platform... using builtin-java classes where applicable
[2025-04-03T18:15:06.279+0000] {spark_submit.py:649} INFO - 25/04/03 18:15:06 INFO ResourceUtils: ==============================================================
[2025-04-03T18:15:06.280+0000] {spark_submit.py:649} INFO - 25/04/03 18:15:06 INFO ResourceUtils: No custom resources configured for spark.driver.
[2025-04-03T18:15:06.281+0000] {spark_submit.py:649} INFO - 25/04/03 18:15:06 INFO ResourceUtils: ==============================================================
[2025-04-03T18:15:06.282+0000] {spark_submit.py:649} INFO - 25/04/03 18:15:06 INFO SparkContext: Submitted application: CleanYellowData
[2025-04-03T18:15:06.300+0000] {spark_submit.py:649} INFO - 25/04/03 18:15:06 INFO ResourceProfile: Default ResourceProfile created, executor resources: Map(memory -> name: memory, amount: 1024, script: , vendor: , offHeap -> name: offHeap, amount: 0, script: , vendor: ), task resources: Map(cpus -> name: cpus, amount: 1.0)
[2025-04-03T18:15:06.307+0000] {spark_submit.py:649} INFO - 25/04/03 18:15:06 INFO ResourceProfile: Limiting resource is cpu
[2025-04-03T18:15:06.309+0000] {spark_submit.py:649} INFO - 25/04/03 18:15:06 INFO ResourceProfileManager: Added ResourceProfile id: 0
[2025-04-03T18:15:06.356+0000] {spark_submit.py:649} INFO - 25/04/03 18:15:06 INFO SecurityManager: Changing view acls to: airflow
[2025-04-03T18:15:06.357+0000] {spark_submit.py:649} INFO - 25/04/03 18:15:06 INFO SecurityManager: Changing modify acls to: airflow
[2025-04-03T18:15:06.358+0000] {spark_submit.py:649} INFO - 25/04/03 18:15:06 INFO SecurityManager: Changing view acls groups to:
[2025-04-03T18:15:06.359+0000] {spark_submit.py:649} INFO - 25/04/03 18:15:06 INFO SecurityManager: Changing modify acls groups to:
[2025-04-03T18:15:06.360+0000] {spark_submit.py:649} INFO - 25/04/03 18:15:06 INFO SecurityManager: SecurityManager: authentication disabled; ui acls disabled; users with view permissions: airflow; groups with view permissions: EMPTY; users with modify permissions: airflow; groups with modify permissions: EMPTY
[2025-04-03T18:15:06.560+0000] {spark_submit.py:649} INFO - 25/04/03 18:15:06 INFO Utils: Successfully started service 'sparkDriver' on port 44837.
[2025-04-03T18:15:06.587+0000] {spark_submit.py:649} INFO - 25/04/03 18:15:06 INFO SparkEnv: Registering MapOutputTracker
[2025-04-03T18:15:06.616+0000] {spark_submit.py:649} INFO - 25/04/03 18:15:06 INFO SparkEnv: Registering BlockManagerMaster
[2025-04-03T18:15:06.634+0000] {spark_submit.py:649} INFO - 25/04/03 18:15:06 INFO BlockManagerMasterEndpoint: Using org.apache.spark.storage.DefaultTopologyMapper for getting topology information
[2025-04-03T18:15:06.636+0000] {spark_submit.py:649} INFO - 25/04/03 18:15:06 INFO BlockManagerMasterEndpoint: BlockManagerMasterEndpoint up
[2025-04-03T18:15:06.656+0000] {spark_submit.py:649} INFO - 25/04/03 18:15:06 INFO SparkEnv: Registering BlockManagerMasterHeartbeat
[2025-04-03T18:15:06.679+0000] {spark_submit.py:649} INFO - 25/04/03 18:15:06 INFO DiskBlockManager: Created local directory at /tmp/blockmgr-c5a0dbd3-0ab2-45c4-a32a-9cee5de007f4
[2025-04-03T18:15:06.691+0000] {spark_submit.py:649} INFO - 25/04/03 18:15:06 INFO MemoryStore: MemoryStore started with capacity 434.4 MiB
[2025-04-03T18:15:06.711+0000] {spark_submit.py:649} INFO - 25/04/03 18:15:06 INFO SparkEnv: Registering OutputCommitCoordinator
[2025-04-03T18:15:06.840+0000] {spark_submit.py:649} INFO - 25/04/03 18:15:06 INFO JettyUtils: Start Jetty 0.0.0.0:4040 for SparkUI
[2025-04-03T18:15:06.912+0000] {spark_submit.py:649} INFO - 25/04/03 18:15:06 INFO Utils: Successfully started service 'SparkUI' on port 4040.
[2025-04-03T18:15:07.051+0000] {spark_submit.py:649} INFO - 25/04/03 18:15:07 INFO StandaloneAppClient$ClientEndpoint: Connecting to master spark://spark-master:7077...
[2025-04-03T18:15:07.110+0000] {spark_submit.py:649} INFO - 25/04/03 18:15:07 INFO TransportClientFactory: Successfully created connection to spark-master/172.24.0.2:7077 after 26 ms (0 ms spent in bootstraps)
[2025-04-03T18:15:07.206+0000] {spark_submit.py:649} INFO - 25/04/03 18:15:07 INFO StandaloneSchedulerBackend: Connected to Spark cluster with app ID app-20250403181507-0001
[2025-04-03T18:15:07.209+0000] {spark_submit.py:649} INFO - 25/04/03 18:15:07 INFO StandaloneAppClient$ClientEndpoint: Executor added: app-20250403181507-0001/0 on worker-20250403181245-172.24.0.6-45293 (172.24.0.6:45293) with 16 core(s)
[2025-04-03T18:15:07.212+0000] {spark_submit.py:649} INFO - 25/04/03 18:15:07 INFO StandaloneSchedulerBackend: Granted executor ID app-20250403181507-0001/0 on hostPort 172.24.0.6:45293 with 16 core(s), 1024.0 MiB RAM
[2025-04-03T18:15:07.215+0000] {spark_submit.py:649} INFO - 25/04/03 18:15:07 INFO Utils: Successfully started service 'org.apache.spark.network.netty.NettyBlockTransferService' on port 46189.
[2025-04-03T18:15:07.216+0000] {spark_submit.py:649} INFO - 25/04/03 18:15:07 INFO NettyBlockTransferService: Server created on 279edff2d996:46189
[2025-04-03T18:15:07.218+0000] {spark_submit.py:649} INFO - 25/04/03 18:15:07 INFO BlockManager: Using org.apache.spark.storage.RandomBlockReplicationPolicy for block replication policy
[2025-04-03T18:15:07.228+0000] {spark_submit.py:649} INFO - 25/04/03 18:15:07 INFO BlockManagerMaster: Registering BlockManager BlockManagerId(driver, 279edff2d996, 46189, None)
[2025-04-03T18:15:07.232+0000] {spark_submit.py:649} INFO - 25/04/03 18:15:07 INFO BlockManagerMasterEndpoint: Registering block manager 279edff2d996:46189 with 434.4 MiB RAM, BlockManagerId(driver, 279edff2d996, 46189, None)
[2025-04-03T18:15:07.236+0000] {spark_submit.py:649} INFO - 25/04/03 18:15:07 INFO BlockManagerMaster: Registered BlockManager BlockManagerId(driver, 279edff2d996, 46189, None)
[2025-04-03T18:15:07.238+0000] {spark_submit.py:649} INFO - 25/04/03 18:15:07 INFO BlockManager: Initialized BlockManager: BlockManagerId(driver, 279edff2d996, 46189, None)
[2025-04-03T18:15:07.264+0000] {spark_submit.py:649} INFO - 25/04/03 18:15:07 INFO StandaloneAppClient$ClientEndpoint: Executor updated: app-20250403181507-0001/0 is now RUNNING
[2025-04-03T18:15:07.483+0000] {spark_submit.py:649} INFO - 25/04/03 18:15:07 INFO StandaloneSchedulerBackend: SchedulerBackend is ready for scheduling beginning after reached minRegisteredResourcesRatio: 0.0
[2025-04-03T18:15:07.677+0000] {spark_submit.py:649} INFO - Traceback (most recent call last):
[2025-04-03T18:15:07.677+0000] {spark_submit.py:649} INFO - File "/opt/spark-app/clean_yellow_tripdata.py", line 9, in <module>
[2025-04-03T18:15:07.682+0000] {spark_submit.py:649} INFO - clean_yellow_tripdata(spark)
[2025-04-03T18:15:07.683+0000] {spark_submit.py:649} INFO - TypeError: clean_yellow_tripdata() takes 0 positional arguments but 1 was given
[2025-04-03T18:15:07.752+0000] {spark_submit.py:649} INFO - 25/04/03 18:15:07 INFO SparkContext: Invoking stop() from shutdown hook
[2025-04-03T18:15:07.753+0000] {spark_submit.py:649} INFO - 25/04/03 18:15:07 INFO SparkContext: SparkContext is stopping with exitCode 0.
[2025-04-03T18:15:07.771+0000] {spark_submit.py:649} INFO - 25/04/03 18:15:07 INFO SparkUI: Stopped Spark web UI at http://279edff2d996:4040
[2025-04-03T18:15:07.778+0000] {spark_submit.py:649} INFO - 25/04/03 18:15:07 INFO StandaloneSchedulerBackend: Shutting down all executors
[2025-04-03T18:15:07.784+0000] {spark_submit.py:649} INFO - 25/04/03 18:15:07 INFO StandaloneSchedulerBackend$StandaloneDriverEndpoint: Asking each executor to shut down
[2025-04-03T18:15:07.806+0000] {spark_submit.py:649} INFO - 25/04/03 18:15:07 INFO MapOutputTrackerMasterEndpoint: MapOutputTrackerMasterEndpoint stopped!
[2025-04-03T18:15:07.823+0000] {spark_submit.py:649} INFO - 25/04/03 18:15:07 INFO MemoryStore: MemoryStore cleared
[2025-04-03T18:15:07.824+0000] {spark_submit.py:649} INFO - 25/04/03 18:15:07 INFO BlockManager: BlockManager stopped
[2025-04-03T18:15:07.831+0000] {spark_submit.py:649} INFO - 25/04/03 18:15:07 INFO BlockManagerMaster: BlockManagerMaster stopped
[2025-04-03T18:15:07.833+0000] {spark_submit.py:649} INFO - 25/04/03 18:15:07 INFO OutputCommitCoordinator$OutputCommitCoordinatorEndpoint: OutputCommitCoordinator stopped!
[2025-04-03T18:15:07.848+0000] {spark_submit.py:649} INFO - 25/04/03 18:15:07 INFO SparkContext: Successfully stopped SparkContext
[2025-04-03T18:15:07.849+0000] {spark_submit.py:649} INFO - 25/04/03 18:15:07 INFO ShutdownHookManager: Shutdown hook called
[2025-04-03T18:15:07.850+0000] {spark_submit.py:649} INFO - 25/04/03 18:15:07 INFO ShutdownHookManager: Deleting directory /tmp/spark-261bfe5c-b35e-44f6-ba88-874188fa9121
[2025-04-03T18:15:07.854+0000] {spark_submit.py:649} INFO - 25/04/03 18:15:07 INFO ShutdownHookManager: Deleting directory /tmp/spark-bf726e5a-feb2-4627-8f00-a1b60af7e9cb
[2025-04-03T18:15:07.859+0000] {spark_submit.py:649} INFO - 25/04/03 18:15:07 INFO ShutdownHookManager: Deleting directory /tmp/spark-261bfe5c-b35e-44f6-ba88-874188fa9121/pyspark-0481961b-6e41-4b8c-900d-b10b95a49fa7
[2025-04-03T18:15:07.903+0000] {taskinstance.py:2698} ERROR - Task failed with exception
Traceback (most recent call last):
  File "/home/airflow/.local/lib/python3.8/site-packages/airflow/models/taskinstance.py", line 433, in _execute_task
    result = execute_callable(context=context, **execute_callable_kwargs)
  File "/home/airflow/.local/lib/python3.8/site-packages/airflow/providers/apache/spark/operators/spark_submit.py", line 176, in execute
    self._hook.submit(self.application)
  File "/home/airflow/.local/lib/python3.8/site-packages/airflow/providers/apache/spark/hooks/spark_submit.py", line 575, in submit
    raise AirflowException(
airflow.exceptions.AirflowException: Cannot execute: spark-submit --master spark://spark-master:7077 --name arrow-spark --verbose --queue root.default --deploy-mode client /opt/spark-app/clean_yellow_tripdata.py. Error code is: 1.
[2025-04-03T18:15:07.909+0000] {taskinstance.py:1138} INFO - Marking task as UP_FOR_RETRY. dag_id=full_pipeline_dag, task_id=clean_data_spark, execution_date=20250403T181314, start_date=20250403T181502, end_date=20250403T181507
[2025-04-03T18:15:08.098+0000] {standard_task_runner.py:107} ERROR - Failed to execute job 190 for task clean_data_spark (Cannot execute: spark-submit --master spark://spark-master:7077 --name arrow-spark --verbose --queue root.default --deploy-mode client /opt/spark-app/clean_yellow_tripdata.py. Error code is: 1.; 309)
[2025-04-03T18:15:08.200+0000] {local_task_job_runner.py:234} INFO - Task exited with return code 1
[2025-04-03T18:15:08.249+0000] {taskinstance.py:3280} INFO - 0 downstream tasks scheduled from follow-on schedule check
