[2025-04-04T03:39:08.508+0000] {taskinstance.py:1956} INFO - Dependencies all met for dep_context=non-requeueable deps ti=<TaskInstance: full_pipeline_dag.clean_data_spark scheduled__2025-04-03T00:00:00+00:00 [queued]>
[2025-04-04T03:39:08.518+0000] {taskinstance.py:1956} INFO - Dependencies all met for dep_context=requeueable deps ti=<TaskInstance: full_pipeline_dag.clean_data_spark scheduled__2025-04-03T00:00:00+00:00 [queued]>
[2025-04-04T03:39:08.519+0000] {taskinstance.py:2170} INFO - Starting attempt 6 of 6
[2025-04-04T03:39:08.592+0000] {taskinstance.py:2191} INFO - Executing <Task(SparkSubmitOperator): clean_data_spark> on 2025-04-03 00:00:00+00:00
[2025-04-04T03:39:08.596+0000] {standard_task_runner.py:60} INFO - Started process 464 to run task
[2025-04-04T03:39:08.599+0000] {standard_task_runner.py:87} INFO - Running: ['airflow', 'tasks', 'run', 'full_pipeline_dag', 'clean_data_spark', 'scheduled__2025-04-03T00:00:00+00:00', '--job-id', '232', '--raw', '--subdir', 'DAGS_FOLDER/full_pipeline_dag.py', '--cfg-path', '/tmp/tmp06or8v75']
[2025-04-04T03:39:08.601+0000] {standard_task_runner.py:88} INFO - Job 232: Subtask clean_data_spark
[2025-04-04T03:39:08.673+0000] {logging_mixin.py:188} WARNING - /home/airflow/.local/lib/python3.8/site-packages/airflow/settings.py:194 DeprecationWarning: The sql_alchemy_conn option in [core] has been moved to the sql_alchemy_conn option in [database] - the old setting has been used, but please update your config.
[2025-04-04T03:39:08.746+0000] {task_command.py:423} INFO - Running <TaskInstance: full_pipeline_dag.clean_data_spark scheduled__2025-04-03T00:00:00+00:00 [running]> on host d1dcd11a0d3d
[2025-04-04T03:39:08.891+0000] {taskinstance.py:2480} INFO - Exporting env vars: AIRFLOW_CTX_DAG_OWNER='airflow' AIRFLOW_CTX_DAG_ID='full_pipeline_dag' AIRFLOW_CTX_TASK_ID='clean_data_spark' AIRFLOW_CTX_EXECUTION_DATE='2025-04-03T00:00:00+00:00' AIRFLOW_CTX_TRY_NUMBER='6' AIRFLOW_CTX_DAG_RUN_ID='scheduled__2025-04-03T00:00:00+00:00'
[2025-04-04T03:39:08.927+0000] {base.py:83} INFO - Using connection ID 'spark_default' for task execution.
[2025-04-04T03:39:08.928+0000] {spark_submit.py:473} INFO - Spark-Submit cmd: spark-submit --master spark://spark-master:7077 --conf spark.master=spark://spark-master:7077 --jars /opt/spark/jars/hadoop-aws-3.3.6.jar,/opt/spark/jars/aws-java-sdk-bundle-1.12.696.jar --name arrow-spark --verbose --queue root.default --deploy-mode client /opt/spark-app/clean_yellow_tripdata.py
[2025-04-04T03:39:10.056+0000] {spark_submit.py:649} INFO - Using properties file: null
[2025-04-04T03:39:10.133+0000] {spark_submit.py:649} INFO - Parsed arguments:
[2025-04-04T03:39:10.134+0000] {spark_submit.py:649} INFO - master                  spark://spark-master:7077
[2025-04-04T03:39:10.135+0000] {spark_submit.py:649} INFO - remote                  null
[2025-04-04T03:39:10.136+0000] {spark_submit.py:649} INFO - deployMode              client
[2025-04-04T03:39:10.136+0000] {spark_submit.py:649} INFO - executorMemory          null
[2025-04-04T03:39:10.137+0000] {spark_submit.py:649} INFO - executorCores           null
[2025-04-04T03:39:10.138+0000] {spark_submit.py:649} INFO - totalExecutorCores      null
[2025-04-04T03:39:10.138+0000] {spark_submit.py:649} INFO - propertiesFile          null
[2025-04-04T03:39:10.139+0000] {spark_submit.py:649} INFO - driverMemory            null
[2025-04-04T03:39:10.140+0000] {spark_submit.py:649} INFO - driverCores             null
[2025-04-04T03:39:10.140+0000] {spark_submit.py:649} INFO - driverExtraClassPath    null
[2025-04-04T03:39:10.141+0000] {spark_submit.py:649} INFO - driverExtraLibraryPath  null
[2025-04-04T03:39:10.141+0000] {spark_submit.py:649} INFO - driverExtraJavaOptions  null
[2025-04-04T03:39:10.142+0000] {spark_submit.py:649} INFO - supervise               false
[2025-04-04T03:39:10.143+0000] {spark_submit.py:649} INFO - queue                   root.default
[2025-04-04T03:39:10.143+0000] {spark_submit.py:649} INFO - numExecutors            null
[2025-04-04T03:39:10.144+0000] {spark_submit.py:649} INFO - files                   null
[2025-04-04T03:39:10.144+0000] {spark_submit.py:649} INFO - pyFiles                 null
[2025-04-04T03:39:10.145+0000] {spark_submit.py:649} INFO - archives                null
[2025-04-04T03:39:10.145+0000] {spark_submit.py:649} INFO - mainClass               null
[2025-04-04T03:39:10.146+0000] {spark_submit.py:649} INFO - primaryResource         file:/opt/spark-app/clean_yellow_tripdata.py
[2025-04-04T03:39:10.146+0000] {spark_submit.py:649} INFO - name                    arrow-spark
[2025-04-04T03:39:10.147+0000] {spark_submit.py:649} INFO - childArgs               []
[2025-04-04T03:39:10.147+0000] {spark_submit.py:649} INFO - jars                    file:/opt/spark-3.5.0-bin-hadoop3/jars/hadoop-aws-3.3.6.jar,file:/opt/spark-3.5.0-bin-hadoop3/jars/aws-java-sdk-bundle-1.12.696.jar
[2025-04-04T03:39:10.148+0000] {spark_submit.py:649} INFO - packages                null
[2025-04-04T03:39:10.149+0000] {spark_submit.py:649} INFO - packagesExclusions      null
[2025-04-04T03:39:10.149+0000] {spark_submit.py:649} INFO - repositories            null
[2025-04-04T03:39:10.150+0000] {spark_submit.py:649} INFO - verbose                 true
[2025-04-04T03:39:10.150+0000] {spark_submit.py:649} INFO - 
[2025-04-04T03:39:10.151+0000] {spark_submit.py:649} INFO - Spark properties used, including those specified through
[2025-04-04T03:39:10.151+0000] {spark_submit.py:649} INFO - --conf and those from the properties file null:
[2025-04-04T03:39:10.152+0000] {spark_submit.py:649} INFO - (spark.master,spark://spark-master:7077)
[2025-04-04T03:39:10.152+0000] {spark_submit.py:649} INFO - 
[2025-04-04T03:39:10.153+0000] {spark_submit.py:649} INFO - 
[2025-04-04T03:39:10.383+0000] {spark_submit.py:649} INFO - 25/04/04 03:39:10 WARN NativeCodeLoader: Unable to load native-hadoop library for your platform... using builtin-java classes where applicable
[2025-04-04T03:39:10.516+0000] {spark_submit.py:649} INFO - Main class:
[2025-04-04T03:39:10.517+0000] {spark_submit.py:649} INFO - org.apache.spark.deploy.PythonRunner
[2025-04-04T03:39:10.517+0000] {spark_submit.py:649} INFO - Arguments:
[2025-04-04T03:39:10.518+0000] {spark_submit.py:649} INFO - file:/opt/spark-app/clean_yellow_tripdata.py
[2025-04-04T03:39:10.519+0000] {spark_submit.py:649} INFO - null
[2025-04-04T03:39:10.519+0000] {spark_submit.py:649} INFO - Spark config:
[2025-04-04T03:39:10.520+0000] {spark_submit.py:649} INFO - (spark.app.name,arrow-spark)
[2025-04-04T03:39:10.520+0000] {spark_submit.py:649} INFO - (spark.app.submitTime,1743737950503)
[2025-04-04T03:39:10.520+0000] {spark_submit.py:649} INFO - (spark.jars,file:/opt/spark-3.5.0-bin-hadoop3/jars/hadoop-aws-3.3.6.jar,file:/opt/spark-3.5.0-bin-hadoop3/jars/aws-java-sdk-bundle-1.12.696.jar)
[2025-04-04T03:39:10.521+0000] {spark_submit.py:649} INFO - (spark.master,spark://spark-master:7077)
[2025-04-04T03:39:10.521+0000] {spark_submit.py:649} INFO - (spark.repl.local.jars,file:/opt/spark-3.5.0-bin-hadoop3/jars/hadoop-aws-3.3.6.jar,file:/opt/spark-3.5.0-bin-hadoop3/jars/aws-java-sdk-bundle-1.12.696.jar)
[2025-04-04T03:39:10.522+0000] {spark_submit.py:649} INFO - (spark.submit.deployMode,client)
[2025-04-04T03:39:10.523+0000] {spark_submit.py:649} INFO - (spark.submit.pyFiles,)
[2025-04-04T03:39:10.523+0000] {spark_submit.py:649} INFO - Classpath elements:
[2025-04-04T03:39:10.524+0000] {spark_submit.py:649} INFO - file:/opt/spark-3.5.0-bin-hadoop3/jars/hadoop-aws-3.3.6.jar
[2025-04-04T03:39:10.524+0000] {spark_submit.py:649} INFO - file:/opt/spark-3.5.0-bin-hadoop3/jars/aws-java-sdk-bundle-1.12.696.jar
[2025-04-04T03:39:10.525+0000] {spark_submit.py:649} INFO - 
[2025-04-04T03:39:10.525+0000] {spark_submit.py:649} INFO - 
[2025-04-04T03:39:10.525+0000] {spark_submit.py:649} INFO - 25/04/04 03:39:10 WARN DependencyUtils: Local jar /opt/spark-3.5.0-bin-hadoop3/jars/hadoop-aws-3.3.6.jar does not exist, skipping.
[2025-04-04T03:39:10.526+0000] {spark_submit.py:649} INFO - 25/04/04 03:39:10 WARN DependencyUtils: Local jar /opt/spark-3.5.0-bin-hadoop3/jars/aws-java-sdk-bundle-1.12.696.jar does not exist, skipping.
[2025-04-04T03:39:11.284+0000] {spark_submit.py:649} INFO - 25/04/04 03:39:11 INFO SparkContext: Running Spark version 3.5.0
[2025-04-04T03:39:11.285+0000] {spark_submit.py:649} INFO - 25/04/04 03:39:11 INFO SparkContext: OS info Linux, 5.15.167.4-microsoft-standard-WSL2, amd64
[2025-04-04T03:39:11.286+0000] {spark_submit.py:649} INFO - 25/04/04 03:39:11 INFO SparkContext: Java version 17.0.14
[2025-04-04T03:39:11.302+0000] {spark_submit.py:649} INFO - 25/04/04 03:39:11 INFO ResourceUtils: ==============================================================
[2025-04-04T03:39:11.303+0000] {spark_submit.py:649} INFO - 25/04/04 03:39:11 INFO ResourceUtils: No custom resources configured for spark.driver.
[2025-04-04T03:39:11.303+0000] {spark_submit.py:649} INFO - 25/04/04 03:39:11 INFO ResourceUtils: ==============================================================
[2025-04-04T03:39:11.304+0000] {spark_submit.py:649} INFO - 25/04/04 03:39:11 INFO SparkContext: Submitted application: CleanYellowData
[2025-04-04T03:39:11.316+0000] {spark_submit.py:649} INFO - 25/04/04 03:39:11 INFO ResourceProfile: Default ResourceProfile created, executor resources: Map(memory -> name: memory, amount: 1024, script: , vendor: , offHeap -> name: offHeap, amount: 0, script: , vendor: ), task resources: Map(cpus -> name: cpus, amount: 1.0)
[2025-04-04T03:39:11.321+0000] {spark_submit.py:649} INFO - 25/04/04 03:39:11 INFO ResourceProfile: Limiting resource is cpu
[2025-04-04T03:39:11.321+0000] {spark_submit.py:649} INFO - 25/04/04 03:39:11 INFO ResourceProfileManager: Added ResourceProfile id: 0
[2025-04-04T03:39:11.356+0000] {spark_submit.py:649} INFO - 25/04/04 03:39:11 INFO SecurityManager: Changing view acls to: airflow
[2025-04-04T03:39:11.357+0000] {spark_submit.py:649} INFO - 25/04/04 03:39:11 INFO SecurityManager: Changing modify acls to: airflow
[2025-04-04T03:39:11.357+0000] {spark_submit.py:649} INFO - 25/04/04 03:39:11 INFO SecurityManager: Changing view acls groups to:
[2025-04-04T03:39:11.358+0000] {spark_submit.py:649} INFO - 25/04/04 03:39:11 INFO SecurityManager: Changing modify acls groups to:
[2025-04-04T03:39:11.358+0000] {spark_submit.py:649} INFO - 25/04/04 03:39:11 INFO SecurityManager: SecurityManager: authentication disabled; ui acls disabled; users with view permissions: airflow; groups with view permissions: EMPTY; users with modify permissions: airflow; groups with modify permissions: EMPTY
[2025-04-04T03:39:11.503+0000] {spark_submit.py:649} INFO - 25/04/04 03:39:11 INFO Utils: Successfully started service 'sparkDriver' on port 35863.
[2025-04-04T03:39:11.524+0000] {spark_submit.py:649} INFO - 25/04/04 03:39:11 INFO SparkEnv: Registering MapOutputTracker
[2025-04-04T03:39:11.554+0000] {spark_submit.py:649} INFO - 25/04/04 03:39:11 INFO SparkEnv: Registering BlockManagerMaster
[2025-04-04T03:39:11.566+0000] {spark_submit.py:649} INFO - 25/04/04 03:39:11 INFO BlockManagerMasterEndpoint: Using org.apache.spark.storage.DefaultTopologyMapper for getting topology information
[2025-04-04T03:39:11.567+0000] {spark_submit.py:649} INFO - 25/04/04 03:39:11 INFO BlockManagerMasterEndpoint: BlockManagerMasterEndpoint up
[2025-04-04T03:39:11.570+0000] {spark_submit.py:649} INFO - 25/04/04 03:39:11 INFO SparkEnv: Registering BlockManagerMasterHeartbeat
[2025-04-04T03:39:11.586+0000] {spark_submit.py:649} INFO - 25/04/04 03:39:11 INFO DiskBlockManager: Created local directory at /tmp/blockmgr-670b9d95-4373-4e9f-b8d6-4e89fac97399
[2025-04-04T03:39:11.610+0000] {spark_submit.py:649} INFO - 25/04/04 03:39:11 INFO MemoryStore: MemoryStore started with capacity 434.4 MiB
[2025-04-04T03:39:11.628+0000] {spark_submit.py:649} INFO - 25/04/04 03:39:11 INFO SparkEnv: Registering OutputCommitCoordinator
[2025-04-04T03:39:11.720+0000] {spark_submit.py:649} INFO - 25/04/04 03:39:11 INFO JettyUtils: Start Jetty 0.0.0.0:4040 for SparkUI
[2025-04-04T03:39:11.766+0000] {spark_submit.py:649} INFO - 25/04/04 03:39:11 INFO Utils: Successfully started service 'SparkUI' on port 4040.
[2025-04-04T03:39:11.796+0000] {spark_submit.py:649} INFO - 25/04/04 03:39:11 ERROR SparkContext: Failed to add file:/opt/spark-3.5.0-bin-hadoop3/jars/hadoop-aws-3.3.6.jar to Spark environment
[2025-04-04T03:39:11.797+0000] {spark_submit.py:649} INFO - java.io.FileNotFoundException: Jar /opt/spark-3.5.0-bin-hadoop3/jars/hadoop-aws-3.3.6.jar not found
[2025-04-04T03:39:11.798+0000] {spark_submit.py:649} INFO - at org.apache.spark.SparkContext.addLocalJarFile$1(SparkContext.scala:2100)
[2025-04-04T03:39:11.799+0000] {spark_submit.py:649} INFO - at org.apache.spark.SparkContext.addJar(SparkContext.scala:2156)
[2025-04-04T03:39:11.799+0000] {spark_submit.py:649} INFO - at org.apache.spark.SparkContext.$anonfun$new$15(SparkContext.scala:526)
[2025-04-04T03:39:11.800+0000] {spark_submit.py:649} INFO - at org.apache.spark.SparkContext.$anonfun$new$15$adapted(SparkContext.scala:526)
[2025-04-04T03:39:11.801+0000] {spark_submit.py:649} INFO - at scala.collection.mutable.ResizableArray.foreach(ResizableArray.scala:62)
[2025-04-04T03:39:11.801+0000] {spark_submit.py:649} INFO - at scala.collection.mutable.ResizableArray.foreach$(ResizableArray.scala:55)
[2025-04-04T03:39:11.802+0000] {spark_submit.py:649} INFO - at scala.collection.mutable.ArrayBuffer.foreach(ArrayBuffer.scala:49)
[2025-04-04T03:39:11.803+0000] {spark_submit.py:649} INFO - at org.apache.spark.SparkContext.<init>(SparkContext.scala:526)
[2025-04-04T03:39:11.803+0000] {spark_submit.py:649} INFO - at org.apache.spark.api.java.JavaSparkContext.<init>(JavaSparkContext.scala:58)
[2025-04-04T03:39:11.804+0000] {spark_submit.py:649} INFO - at java.base/jdk.internal.reflect.NativeConstructorAccessorImpl.newInstance0(Native Method)
[2025-04-04T03:39:11.805+0000] {spark_submit.py:649} INFO - at java.base/jdk.internal.reflect.NativeConstructorAccessorImpl.newInstance(NativeConstructorAccessorImpl.java:77)
[2025-04-04T03:39:11.805+0000] {spark_submit.py:649} INFO - at java.base/jdk.internal.reflect.DelegatingConstructorAccessorImpl.newInstance(DelegatingConstructorAccessorImpl.java:45)
[2025-04-04T03:39:11.806+0000] {spark_submit.py:649} INFO - at java.base/java.lang.reflect.Constructor.newInstanceWithCaller(Constructor.java:500)
[2025-04-04T03:39:11.807+0000] {spark_submit.py:649} INFO - at java.base/java.lang.reflect.Constructor.newInstance(Constructor.java:481)
[2025-04-04T03:39:11.807+0000] {spark_submit.py:649} INFO - at py4j.reflection.MethodInvoker.invoke(MethodInvoker.java:247)
[2025-04-04T03:39:11.808+0000] {spark_submit.py:649} INFO - at py4j.reflection.ReflectionEngine.invoke(ReflectionEngine.java:374)
[2025-04-04T03:39:11.809+0000] {spark_submit.py:649} INFO - at py4j.Gateway.invoke(Gateway.java:238)
[2025-04-04T03:39:11.809+0000] {spark_submit.py:649} INFO - at py4j.commands.ConstructorCommand.invokeConstructor(ConstructorCommand.java:80)
[2025-04-04T03:39:11.810+0000] {spark_submit.py:649} INFO - at py4j.commands.ConstructorCommand.execute(ConstructorCommand.java:69)
[2025-04-04T03:39:11.811+0000] {spark_submit.py:649} INFO - at py4j.ClientServerConnection.waitForCommands(ClientServerConnection.java:182)
[2025-04-04T03:39:11.812+0000] {spark_submit.py:649} INFO - at py4j.ClientServerConnection.run(ClientServerConnection.java:106)
[2025-04-04T03:39:11.812+0000] {spark_submit.py:649} INFO - at java.base/java.lang.Thread.run(Thread.java:840)
[2025-04-04T03:39:11.813+0000] {spark_submit.py:649} INFO - 25/04/04 03:39:11 ERROR SparkContext: Failed to add file:/opt/spark-3.5.0-bin-hadoop3/jars/aws-java-sdk-bundle-1.12.696.jar to Spark environment
[2025-04-04T03:39:11.814+0000] {spark_submit.py:649} INFO - java.io.FileNotFoundException: Jar /opt/spark-3.5.0-bin-hadoop3/jars/aws-java-sdk-bundle-1.12.696.jar not found
[2025-04-04T03:39:11.814+0000] {spark_submit.py:649} INFO - at org.apache.spark.SparkContext.addLocalJarFile$1(SparkContext.scala:2100)
[2025-04-04T03:39:11.815+0000] {spark_submit.py:649} INFO - at org.apache.spark.SparkContext.addJar(SparkContext.scala:2156)
[2025-04-04T03:39:11.816+0000] {spark_submit.py:649} INFO - at org.apache.spark.SparkContext.$anonfun$new$15(SparkContext.scala:526)
[2025-04-04T03:39:11.816+0000] {spark_submit.py:649} INFO - at org.apache.spark.SparkContext.$anonfun$new$15$adapted(SparkContext.scala:526)
[2025-04-04T03:39:11.817+0000] {spark_submit.py:649} INFO - at scala.collection.mutable.ResizableArray.foreach(ResizableArray.scala:62)
[2025-04-04T03:39:11.818+0000] {spark_submit.py:649} INFO - at scala.collection.mutable.ResizableArray.foreach$(ResizableArray.scala:55)
[2025-04-04T03:39:11.818+0000] {spark_submit.py:649} INFO - at scala.collection.mutable.ArrayBuffer.foreach(ArrayBuffer.scala:49)
[2025-04-04T03:39:11.819+0000] {spark_submit.py:649} INFO - at org.apache.spark.SparkContext.<init>(SparkContext.scala:526)
[2025-04-04T03:39:11.819+0000] {spark_submit.py:649} INFO - at org.apache.spark.api.java.JavaSparkContext.<init>(JavaSparkContext.scala:58)
[2025-04-04T03:39:11.819+0000] {spark_submit.py:649} INFO - at java.base/jdk.internal.reflect.NativeConstructorAccessorImpl.newInstance0(Native Method)
[2025-04-04T03:39:11.820+0000] {spark_submit.py:649} INFO - at java.base/jdk.internal.reflect.NativeConstructorAccessorImpl.newInstance(NativeConstructorAccessorImpl.java:77)
[2025-04-04T03:39:11.820+0000] {spark_submit.py:649} INFO - at java.base/jdk.internal.reflect.DelegatingConstructorAccessorImpl.newInstance(DelegatingConstructorAccessorImpl.java:45)
[2025-04-04T03:39:11.820+0000] {spark_submit.py:649} INFO - at java.base/java.lang.reflect.Constructor.newInstanceWithCaller(Constructor.java:500)
[2025-04-04T03:39:11.821+0000] {spark_submit.py:649} INFO - at java.base/java.lang.reflect.Constructor.newInstance(Constructor.java:481)
[2025-04-04T03:39:11.821+0000] {spark_submit.py:649} INFO - at py4j.reflection.MethodInvoker.invoke(MethodInvoker.java:247)
[2025-04-04T03:39:11.822+0000] {spark_submit.py:649} INFO - at py4j.reflection.ReflectionEngine.invoke(ReflectionEngine.java:374)
[2025-04-04T03:39:11.822+0000] {spark_submit.py:649} INFO - at py4j.Gateway.invoke(Gateway.java:238)
[2025-04-04T03:39:11.822+0000] {spark_submit.py:649} INFO - at py4j.commands.ConstructorCommand.invokeConstructor(ConstructorCommand.java:80)
[2025-04-04T03:39:11.823+0000] {spark_submit.py:649} INFO - at py4j.commands.ConstructorCommand.execute(ConstructorCommand.java:69)
[2025-04-04T03:39:11.823+0000] {spark_submit.py:649} INFO - at py4j.ClientServerConnection.waitForCommands(ClientServerConnection.java:182)
[2025-04-04T03:39:11.823+0000] {spark_submit.py:649} INFO - at py4j.ClientServerConnection.run(ClientServerConnection.java:106)
[2025-04-04T03:39:11.824+0000] {spark_submit.py:649} INFO - at java.base/java.lang.Thread.run(Thread.java:840)
[2025-04-04T03:39:11.856+0000] {spark_submit.py:649} INFO - 25/04/04 03:39:11 INFO StandaloneAppClient$ClientEndpoint: Connecting to master spark://spark-master:7077...
[2025-04-04T03:39:11.905+0000] {spark_submit.py:649} INFO - 25/04/04 03:39:11 INFO TransportClientFactory: Successfully created connection to spark-master/172.24.0.5:7077 after 30 ms (0 ms spent in bootstraps)
[2025-04-04T03:39:11.982+0000] {spark_submit.py:649} INFO - 25/04/04 03:39:11 INFO StandaloneSchedulerBackend: Connected to Spark cluster with app ID app-20250404033911-0002
[2025-04-04T03:39:11.984+0000] {spark_submit.py:649} INFO - 25/04/04 03:39:11 INFO StandaloneAppClient$ClientEndpoint: Executor added: app-20250404033911-0002/0 on worker-20250404033545-172.24.0.7-44149 (172.24.0.7:44149) with 2 core(s)
[2025-04-04T03:39:11.986+0000] {spark_submit.py:649} INFO - 25/04/04 03:39:11 INFO StandaloneSchedulerBackend: Granted executor ID app-20250404033911-0002/0 on hostPort 172.24.0.7:44149 with 2 core(s), 1024.0 MiB RAM
[2025-04-04T03:39:11.993+0000] {spark_submit.py:649} INFO - 25/04/04 03:39:11 INFO Utils: Successfully started service 'org.apache.spark.network.netty.NettyBlockTransferService' on port 35015.
[2025-04-04T03:39:11.994+0000] {spark_submit.py:649} INFO - 25/04/04 03:39:11 INFO NettyBlockTransferService: Server created on d1dcd11a0d3d:35015
[2025-04-04T03:39:11.995+0000] {spark_submit.py:649} INFO - 25/04/04 03:39:11 INFO BlockManager: Using org.apache.spark.storage.RandomBlockReplicationPolicy for block replication policy
[2025-04-04T03:39:12.003+0000] {spark_submit.py:649} INFO - 25/04/04 03:39:12 INFO BlockManagerMaster: Registering BlockManager BlockManagerId(driver, d1dcd11a0d3d, 35015, None)
[2025-04-04T03:39:12.007+0000] {spark_submit.py:649} INFO - 25/04/04 03:39:12 INFO BlockManagerMasterEndpoint: Registering block manager d1dcd11a0d3d:35015 with 434.4 MiB RAM, BlockManagerId(driver, d1dcd11a0d3d, 35015, None)
[2025-04-04T03:39:12.010+0000] {spark_submit.py:649} INFO - 25/04/04 03:39:12 INFO BlockManagerMaster: Registered BlockManager BlockManagerId(driver, d1dcd11a0d3d, 35015, None)
[2025-04-04T03:39:12.012+0000] {spark_submit.py:649} INFO - 25/04/04 03:39:12 INFO BlockManager: Initialized BlockManager: BlockManagerId(driver, d1dcd11a0d3d, 35015, None)
[2025-04-04T03:39:12.021+0000] {spark_submit.py:649} INFO - 25/04/04 03:39:12 INFO StandaloneAppClient$ClientEndpoint: Executor updated: app-20250404033911-0002/0 is now RUNNING
[2025-04-04T03:39:12.203+0000] {spark_submit.py:649} INFO - 25/04/04 03:39:12 INFO StandaloneSchedulerBackend: SchedulerBackend is ready for scheduling beginning after reached minRegisteredResourcesRatio: 0.0
[2025-04-04T03:39:12.387+0000] {spark_submit.py:649} INFO - ✅ Spark session received from DAG
[2025-04-04T03:39:12.388+0000] {spark_submit.py:649} INFO - 📥 Reading raw data...
[2025-04-04T03:39:12.394+0000] {spark_submit.py:649} INFO - 25/04/04 03:39:12 INFO SharedState: Setting hive.metastore.warehouse.dir ('null') to the value of spark.sql.warehouse.dir.
[2025-04-04T03:39:12.397+0000] {spark_submit.py:649} INFO - 25/04/04 03:39:12 INFO SharedState: Warehouse path is 'file:/opt/airflow/spark-warehouse'.
[2025-04-04T03:39:13.198+0000] {spark_submit.py:649} INFO - 25/04/04 03:39:13 WARN FileStreamSink: Assume no metadata directory. Error while looking for metadata directory in the path: s3a://nyc-taxi/raw/yellow_tripdata_2023-01.parquet.
[2025-04-04T03:39:13.199+0000] {spark_submit.py:649} INFO - java.lang.RuntimeException: java.lang.ClassNotFoundException: Class org.apache.hadoop.fs.s3a.S3AFileSystem not found
[2025-04-04T03:39:13.200+0000] {spark_submit.py:649} INFO - at org.apache.hadoop.conf.Configuration.getClass(Configuration.java:2688)
[2025-04-04T03:39:13.200+0000] {spark_submit.py:649} INFO - at org.apache.hadoop.fs.FileSystem.getFileSystemClass(FileSystem.java:3431)
[2025-04-04T03:39:13.201+0000] {spark_submit.py:649} INFO - at org.apache.hadoop.fs.FileSystem.createFileSystem(FileSystem.java:3466)
[2025-04-04T03:39:13.202+0000] {spark_submit.py:649} INFO - at org.apache.hadoop.fs.FileSystem.access$300(FileSystem.java:174)
[2025-04-04T03:39:13.202+0000] {spark_submit.py:649} INFO - at org.apache.hadoop.fs.FileSystem$Cache.getInternal(FileSystem.java:3574)
[2025-04-04T03:39:13.203+0000] {spark_submit.py:649} INFO - at org.apache.hadoop.fs.FileSystem$Cache.get(FileSystem.java:3521)
[2025-04-04T03:39:13.204+0000] {spark_submit.py:649} INFO - at org.apache.hadoop.fs.FileSystem.get(FileSystem.java:540)
[2025-04-04T03:39:13.205+0000] {spark_submit.py:649} INFO - at org.apache.hadoop.fs.Path.getFileSystem(Path.java:365)
[2025-04-04T03:39:13.205+0000] {spark_submit.py:649} INFO - at org.apache.spark.sql.execution.streaming.FileStreamSink$.hasMetadata(FileStreamSink.scala:53)
[2025-04-04T03:39:13.206+0000] {spark_submit.py:649} INFO - at org.apache.spark.sql.execution.datasources.DataSource.resolveRelation(DataSource.scala:366)
[2025-04-04T03:39:13.207+0000] {spark_submit.py:649} INFO - at org.apache.spark.sql.DataFrameReader.loadV1Source(DataFrameReader.scala:229)
[2025-04-04T03:39:13.207+0000] {spark_submit.py:649} INFO - at org.apache.spark.sql.DataFrameReader.$anonfun$load$2(DataFrameReader.scala:211)
[2025-04-04T03:39:13.208+0000] {spark_submit.py:649} INFO - at scala.Option.getOrElse(Option.scala:189)
[2025-04-04T03:39:13.209+0000] {spark_submit.py:649} INFO - at org.apache.spark.sql.DataFrameReader.load(DataFrameReader.scala:211)
[2025-04-04T03:39:13.209+0000] {spark_submit.py:649} INFO - at org.apache.spark.sql.DataFrameReader.parquet(DataFrameReader.scala:563)
[2025-04-04T03:39:13.210+0000] {spark_submit.py:649} INFO - at java.base/jdk.internal.reflect.NativeMethodAccessorImpl.invoke0(Native Method)
[2025-04-04T03:39:13.210+0000] {spark_submit.py:649} INFO - at java.base/jdk.internal.reflect.NativeMethodAccessorImpl.invoke(NativeMethodAccessorImpl.java:77)
[2025-04-04T03:39:13.211+0000] {spark_submit.py:649} INFO - at java.base/jdk.internal.reflect.DelegatingMethodAccessorImpl.invoke(DelegatingMethodAccessorImpl.java:43)
[2025-04-04T03:39:13.211+0000] {spark_submit.py:649} INFO - at java.base/java.lang.reflect.Method.invoke(Method.java:569)
[2025-04-04T03:39:13.212+0000] {spark_submit.py:649} INFO - at py4j.reflection.MethodInvoker.invoke(MethodInvoker.java:244)
[2025-04-04T03:39:13.213+0000] {spark_submit.py:649} INFO - at py4j.reflection.ReflectionEngine.invoke(ReflectionEngine.java:374)
[2025-04-04T03:39:13.213+0000] {spark_submit.py:649} INFO - at py4j.Gateway.invoke(Gateway.java:282)
[2025-04-04T03:39:13.214+0000] {spark_submit.py:649} INFO - at py4j.commands.AbstractCommand.invokeMethod(AbstractCommand.java:132)
[2025-04-04T03:39:13.214+0000] {spark_submit.py:649} INFO - at py4j.commands.CallCommand.execute(CallCommand.java:79)
[2025-04-04T03:39:13.215+0000] {spark_submit.py:649} INFO - at py4j.ClientServerConnection.waitForCommands(ClientServerConnection.java:182)
[2025-04-04T03:39:13.215+0000] {spark_submit.py:649} INFO - at py4j.ClientServerConnection.run(ClientServerConnection.java:106)
[2025-04-04T03:39:13.216+0000] {spark_submit.py:649} INFO - at java.base/java.lang.Thread.run(Thread.java:840)
[2025-04-04T03:39:13.216+0000] {spark_submit.py:649} INFO - Caused by: java.lang.ClassNotFoundException: Class org.apache.hadoop.fs.s3a.S3AFileSystem not found
[2025-04-04T03:39:13.216+0000] {spark_submit.py:649} INFO - at org.apache.hadoop.conf.Configuration.getClassByName(Configuration.java:2592)
[2025-04-04T03:39:13.217+0000] {spark_submit.py:649} INFO - at org.apache.hadoop.conf.Configuration.getClass(Configuration.java:2686)
[2025-04-04T03:39:13.217+0000] {spark_submit.py:649} INFO - ... 26 more
[2025-04-04T03:39:13.296+0000] {spark_submit.py:649} INFO - Traceback (most recent call last):
[2025-04-04T03:39:13.296+0000] {spark_submit.py:649} INFO - File "/opt/spark-app/clean_yellow_tripdata.py", line 9, in <module>
[2025-04-04T03:39:13.300+0000] {spark_submit.py:649} INFO - clean_yellow_tripdata(spark)
[2025-04-04T03:39:13.301+0000] {spark_submit.py:649} INFO - File "/opt/pipeline/transform/clean_yellow_tripdata.py", line 9, in clean_yellow_tripdata
[2025-04-04T03:39:13.304+0000] {spark_submit.py:649} INFO - df = spark.read.parquet(raw_path)
[2025-04-04T03:39:13.305+0000] {spark_submit.py:649} INFO - File "/opt/spark/python/lib/pyspark.zip/pyspark/sql/readwriter.py", line 544, in parquet
[2025-04-04T03:39:13.305+0000] {spark_submit.py:649} INFO - File "/opt/spark/python/lib/py4j-0.10.9.7-src.zip/py4j/java_gateway.py", line 1322, in __call__
[2025-04-04T03:39:13.306+0000] {spark_submit.py:649} INFO - File "/opt/spark/python/lib/pyspark.zip/pyspark/errors/exceptions/captured.py", line 179, in deco
[2025-04-04T03:39:13.307+0000] {spark_submit.py:649} INFO - File "/opt/spark/python/lib/py4j-0.10.9.7-src.zip/py4j/protocol.py", line 326, in get_return_value
[2025-04-04T03:39:13.308+0000] {spark_submit.py:649} INFO - py4j.protocol.Py4JJavaError: An error occurred while calling o26.parquet.
[2025-04-04T03:39:13.308+0000] {spark_submit.py:649} INFO - : java.lang.RuntimeException: java.lang.ClassNotFoundException: Class org.apache.hadoop.fs.s3a.S3AFileSystem not found
[2025-04-04T03:39:13.309+0000] {spark_submit.py:649} INFO - at org.apache.hadoop.conf.Configuration.getClass(Configuration.java:2688)
[2025-04-04T03:39:13.310+0000] {spark_submit.py:649} INFO - at org.apache.hadoop.fs.FileSystem.getFileSystemClass(FileSystem.java:3431)
[2025-04-04T03:39:13.310+0000] {spark_submit.py:649} INFO - at org.apache.hadoop.fs.FileSystem.createFileSystem(FileSystem.java:3466)
[2025-04-04T03:39:13.311+0000] {spark_submit.py:649} INFO - at org.apache.hadoop.fs.FileSystem.access$300(FileSystem.java:174)
[2025-04-04T03:39:13.312+0000] {spark_submit.py:649} INFO - at org.apache.hadoop.fs.FileSystem$Cache.getInternal(FileSystem.java:3574)
[2025-04-04T03:39:13.313+0000] {spark_submit.py:649} INFO - at org.apache.hadoop.fs.FileSystem$Cache.get(FileSystem.java:3521)
[2025-04-04T03:39:13.313+0000] {spark_submit.py:649} INFO - at org.apache.hadoop.fs.FileSystem.get(FileSystem.java:540)
[2025-04-04T03:39:13.314+0000] {spark_submit.py:649} INFO - at org.apache.hadoop.fs.Path.getFileSystem(Path.java:365)
[2025-04-04T03:39:13.315+0000] {spark_submit.py:649} INFO - at org.apache.spark.sql.execution.datasources.DataSource$.$anonfun$checkAndGlobPathIfNecessary$1(DataSource.scala:724)
[2025-04-04T03:39:13.315+0000] {spark_submit.py:649} INFO - at scala.collection.immutable.List.map(List.scala:293)
[2025-04-04T03:39:13.316+0000] {spark_submit.py:649} INFO - at org.apache.spark.sql.execution.datasources.DataSource$.checkAndGlobPathIfNecessary(DataSource.scala:722)
[2025-04-04T03:39:13.317+0000] {spark_submit.py:649} INFO - at org.apache.spark.sql.execution.datasources.DataSource.checkAndGlobPathIfNecessary(DataSource.scala:551)
[2025-04-04T03:39:13.317+0000] {spark_submit.py:649} INFO - at org.apache.spark.sql.execution.datasources.DataSource.resolveRelation(DataSource.scala:404)
[2025-04-04T03:39:13.318+0000] {spark_submit.py:649} INFO - at org.apache.spark.sql.DataFrameReader.loadV1Source(DataFrameReader.scala:229)
[2025-04-04T03:39:13.319+0000] {spark_submit.py:649} INFO - at org.apache.spark.sql.DataFrameReader.$anonfun$load$2(DataFrameReader.scala:211)
[2025-04-04T03:39:13.319+0000] {spark_submit.py:649} INFO - at scala.Option.getOrElse(Option.scala:189)
[2025-04-04T03:39:13.320+0000] {spark_submit.py:649} INFO - at org.apache.spark.sql.DataFrameReader.load(DataFrameReader.scala:211)
[2025-04-04T03:39:13.321+0000] {spark_submit.py:649} INFO - at org.apache.spark.sql.DataFrameReader.parquet(DataFrameReader.scala:563)
[2025-04-04T03:39:13.321+0000] {spark_submit.py:649} INFO - at java.base/jdk.internal.reflect.NativeMethodAccessorImpl.invoke0(Native Method)
[2025-04-04T03:39:13.322+0000] {spark_submit.py:649} INFO - at java.base/jdk.internal.reflect.NativeMethodAccessorImpl.invoke(NativeMethodAccessorImpl.java:77)
[2025-04-04T03:39:13.322+0000] {spark_submit.py:649} INFO - at java.base/jdk.internal.reflect.DelegatingMethodAccessorImpl.invoke(DelegatingMethodAccessorImpl.java:43)
[2025-04-04T03:39:13.323+0000] {spark_submit.py:649} INFO - at java.base/java.lang.reflect.Method.invoke(Method.java:569)
[2025-04-04T03:39:13.324+0000] {spark_submit.py:649} INFO - at py4j.reflection.MethodInvoker.invoke(MethodInvoker.java:244)
[2025-04-04T03:39:13.324+0000] {spark_submit.py:649} INFO - at py4j.reflection.ReflectionEngine.invoke(ReflectionEngine.java:374)
[2025-04-04T03:39:13.325+0000] {spark_submit.py:649} INFO - at py4j.Gateway.invoke(Gateway.java:282)
[2025-04-04T03:39:13.326+0000] {spark_submit.py:649} INFO - at py4j.commands.AbstractCommand.invokeMethod(AbstractCommand.java:132)
[2025-04-04T03:39:13.326+0000] {spark_submit.py:649} INFO - at py4j.commands.CallCommand.execute(CallCommand.java:79)
[2025-04-04T03:39:13.327+0000] {spark_submit.py:649} INFO - at py4j.ClientServerConnection.waitForCommands(ClientServerConnection.java:182)
[2025-04-04T03:39:13.327+0000] {spark_submit.py:649} INFO - at py4j.ClientServerConnection.run(ClientServerConnection.java:106)
[2025-04-04T03:39:13.328+0000] {spark_submit.py:649} INFO - at java.base/java.lang.Thread.run(Thread.java:840)
[2025-04-04T03:39:13.329+0000] {spark_submit.py:649} INFO - Caused by: java.lang.ClassNotFoundException: Class org.apache.hadoop.fs.s3a.S3AFileSystem not found
[2025-04-04T03:39:13.329+0000] {spark_submit.py:649} INFO - at org.apache.hadoop.conf.Configuration.getClassByName(Configuration.java:2592)
[2025-04-04T03:39:13.330+0000] {spark_submit.py:649} INFO - at org.apache.hadoop.conf.Configuration.getClass(Configuration.java:2686)
[2025-04-04T03:39:13.330+0000] {spark_submit.py:649} INFO - ... 29 more
[2025-04-04T03:39:13.331+0000] {spark_submit.py:649} INFO - 
[2025-04-04T03:39:13.350+0000] {spark_submit.py:649} INFO - 25/04/04 03:39:13 INFO SparkContext: Invoking stop() from shutdown hook
[2025-04-04T03:39:13.351+0000] {spark_submit.py:649} INFO - 25/04/04 03:39:13 INFO SparkContext: SparkContext is stopping with exitCode 0.
[2025-04-04T03:39:13.362+0000] {spark_submit.py:649} INFO - 25/04/04 03:39:13 INFO SparkUI: Stopped Spark web UI at http://d1dcd11a0d3d:4040
[2025-04-04T03:39:13.365+0000] {spark_submit.py:649} INFO - 25/04/04 03:39:13 INFO StandaloneSchedulerBackend: Shutting down all executors
[2025-04-04T03:39:13.368+0000] {spark_submit.py:649} INFO - 25/04/04 03:39:13 INFO StandaloneSchedulerBackend$StandaloneDriverEndpoint: Asking each executor to shut down
[2025-04-04T03:39:13.383+0000] {spark_submit.py:649} INFO - 25/04/04 03:39:13 INFO MapOutputTrackerMasterEndpoint: MapOutputTrackerMasterEndpoint stopped!
[2025-04-04T03:39:13.402+0000] {spark_submit.py:649} INFO - 25/04/04 03:39:13 INFO MemoryStore: MemoryStore cleared
[2025-04-04T03:39:13.402+0000] {spark_submit.py:649} INFO - 25/04/04 03:39:13 INFO BlockManager: BlockManager stopped
[2025-04-04T03:39:13.406+0000] {spark_submit.py:649} INFO - 25/04/04 03:39:13 INFO BlockManagerMaster: BlockManagerMaster stopped
[2025-04-04T03:39:13.408+0000] {spark_submit.py:649} INFO - 25/04/04 03:39:13 INFO OutputCommitCoordinator$OutputCommitCoordinatorEndpoint: OutputCommitCoordinator stopped!
[2025-04-04T03:39:13.417+0000] {spark_submit.py:649} INFO - 25/04/04 03:39:13 INFO SparkContext: Successfully stopped SparkContext
[2025-04-04T03:39:13.417+0000] {spark_submit.py:649} INFO - 25/04/04 03:39:13 INFO ShutdownHookManager: Shutdown hook called
[2025-04-04T03:39:13.418+0000] {spark_submit.py:649} INFO - 25/04/04 03:39:13 INFO ShutdownHookManager: Deleting directory /tmp/spark-ec2c94a9-5ad4-4685-8439-371ba18645ac/pyspark-36cfa329-fc9f-44a3-a917-1b1e854d8517
[2025-04-04T03:39:13.421+0000] {spark_submit.py:649} INFO - 25/04/04 03:39:13 INFO ShutdownHookManager: Deleting directory /tmp/spark-90d815d7-d003-442c-bced-ecf2b2a21e44
[2025-04-04T03:39:13.424+0000] {spark_submit.py:649} INFO - 25/04/04 03:39:13 INFO ShutdownHookManager: Deleting directory /tmp/spark-ec2c94a9-5ad4-4685-8439-371ba18645ac
[2025-04-04T03:39:13.482+0000] {taskinstance.py:2698} ERROR - Task failed with exception
Traceback (most recent call last):
  File "/home/airflow/.local/lib/python3.8/site-packages/airflow/models/taskinstance.py", line 433, in _execute_task
    result = execute_callable(context=context, **execute_callable_kwargs)
  File "/home/airflow/.local/lib/python3.8/site-packages/airflow/providers/apache/spark/operators/spark_submit.py", line 176, in execute
    self._hook.submit(self.application)
  File "/home/airflow/.local/lib/python3.8/site-packages/airflow/providers/apache/spark/hooks/spark_submit.py", line 575, in submit
    raise AirflowException(
airflow.exceptions.AirflowException: Cannot execute: spark-submit --master spark://spark-master:7077 --conf spark.master=spark://spark-master:7077 --jars /opt/spark/jars/hadoop-aws-3.3.6.jar,/opt/spark/jars/aws-java-sdk-bundle-1.12.696.jar --name arrow-spark --verbose --queue root.default --deploy-mode client /opt/spark-app/clean_yellow_tripdata.py. Error code is: 1.
[2025-04-04T03:39:13.486+0000] {taskinstance.py:1138} INFO - Marking task as FAILED. dag_id=full_pipeline_dag, task_id=clean_data_spark, execution_date=20250403T000000, start_date=20250404T033908, end_date=20250404T033913
[2025-04-04T03:39:13.609+0000] {standard_task_runner.py:107} ERROR - Failed to execute job 232 for task clean_data_spark (Cannot execute: spark-submit --master spark://spark-master:7077 --conf spark.master=spark://spark-master:7077 --jars /opt/spark/jars/hadoop-aws-3.3.6.jar,/opt/spark/jars/aws-java-sdk-bundle-1.12.696.jar --name arrow-spark --verbose --queue root.default --deploy-mode client /opt/spark-app/clean_yellow_tripdata.py. Error code is: 1.; 464)
[2025-04-04T03:39:13.640+0000] {local_task_job_runner.py:234} INFO - Task exited with return code 1
[2025-04-04T03:39:13.670+0000] {taskinstance.py:3280} INFO - 0 downstream tasks scheduled from follow-on schedule check
