[2025-04-04T02:32:37.396+0000] {taskinstance.py:1956} INFO - Dependencies all met for dep_context=non-requeueable deps ti=<TaskInstance: full_pipeline_dag.clean_data_spark scheduled__2025-04-03T00:00:00+00:00 [queued]>
[2025-04-04T02:32:37.449+0000] {taskinstance.py:1956} INFO - Dependencies all met for dep_context=requeueable deps ti=<TaskInstance: full_pipeline_dag.clean_data_spark scheduled__2025-04-03T00:00:00+00:00 [queued]>
[2025-04-04T02:32:37.450+0000] {taskinstance.py:2170} INFO - Starting attempt 3 of 3
[2025-04-04T02:32:37.539+0000] {taskinstance.py:2191} INFO - Executing <Task(SparkSubmitOperator): clean_data_spark> on 2025-04-03 00:00:00+00:00
[2025-04-04T02:32:37.545+0000] {standard_task_runner.py:60} INFO - Started process 964 to run task
[2025-04-04T02:32:37.550+0000] {standard_task_runner.py:87} INFO - Running: ['airflow', 'tasks', 'run', 'full_pipeline_dag', 'clean_data_spark', 'scheduled__2025-04-03T00:00:00+00:00', '--job-id', '227', '--raw', '--subdir', 'DAGS_FOLDER/full_pipeline_dag.py', '--cfg-path', '/tmp/tmp7k7fj7zs']
[2025-04-04T02:32:37.554+0000] {standard_task_runner.py:88} INFO - Job 227: Subtask clean_data_spark
[2025-04-04T02:32:37.659+0000] {logging_mixin.py:188} WARNING - /home/airflow/.local/lib/python3.8/site-packages/airflow/settings.py:194 DeprecationWarning: The sql_alchemy_conn option in [core] has been moved to the sql_alchemy_conn option in [database] - the old setting has been used, but please update your config.
[2025-04-04T02:32:37.803+0000] {task_command.py:423} INFO - Running <TaskInstance: full_pipeline_dag.clean_data_spark scheduled__2025-04-03T00:00:00+00:00 [running]> on host 31d7429ea047
[2025-04-04T02:32:38.204+0000] {taskinstance.py:2480} INFO - Exporting env vars: AIRFLOW_CTX_DAG_OWNER='airflow' AIRFLOW_CTX_DAG_ID='full_pipeline_dag' AIRFLOW_CTX_TASK_ID='clean_data_spark' AIRFLOW_CTX_EXECUTION_DATE='2025-04-03T00:00:00+00:00' AIRFLOW_CTX_TRY_NUMBER='3' AIRFLOW_CTX_DAG_RUN_ID='scheduled__2025-04-03T00:00:00+00:00'
[2025-04-04T02:32:38.285+0000] {base.py:83} INFO - Using connection ID 'spark_default' for task execution.
[2025-04-04T02:32:38.290+0000] {spark_submit.py:473} INFO - Spark-Submit cmd: spark-submit --master spark://spark-master:7077 --conf spark.master=spark://spark-master:7077 --jars /opt/spark/jars/hadoop-aws-3.3.6.jar,/opt/spark/jars/aws-java-sdk-bundle-1.12.696.jar --name arrow-spark --verbose --queue root.default --deploy-mode client /opt/spark-app/clean_yellow_tripdata.py
[2025-04-04T02:32:40.157+0000] {spark_submit.py:649} INFO - Using properties file: null
[2025-04-04T02:32:40.330+0000] {spark_submit.py:649} INFO - Parsed arguments:
[2025-04-04T02:32:40.332+0000] {spark_submit.py:649} INFO - master                  spark://spark-master:7077
[2025-04-04T02:32:40.334+0000] {spark_submit.py:649} INFO - remote                  null
[2025-04-04T02:32:40.335+0000] {spark_submit.py:649} INFO - deployMode              client
[2025-04-04T02:32:40.337+0000] {spark_submit.py:649} INFO - executorMemory          null
[2025-04-04T02:32:40.338+0000] {spark_submit.py:649} INFO - executorCores           null
[2025-04-04T02:32:40.339+0000] {spark_submit.py:649} INFO - totalExecutorCores      null
[2025-04-04T02:32:40.340+0000] {spark_submit.py:649} INFO - propertiesFile          null
[2025-04-04T02:32:40.341+0000] {spark_submit.py:649} INFO - driverMemory            null
[2025-04-04T02:32:40.343+0000] {spark_submit.py:649} INFO - driverCores             null
[2025-04-04T02:32:40.344+0000] {spark_submit.py:649} INFO - driverExtraClassPath    null
[2025-04-04T02:32:40.345+0000] {spark_submit.py:649} INFO - driverExtraLibraryPath  null
[2025-04-04T02:32:40.346+0000] {spark_submit.py:649} INFO - driverExtraJavaOptions  null
[2025-04-04T02:32:40.347+0000] {spark_submit.py:649} INFO - supervise               false
[2025-04-04T02:32:40.347+0000] {spark_submit.py:649} INFO - queue                   root.default
[2025-04-04T02:32:40.348+0000] {spark_submit.py:649} INFO - numExecutors            null
[2025-04-04T02:32:40.349+0000] {spark_submit.py:649} INFO - files                   null
[2025-04-04T02:32:40.350+0000] {spark_submit.py:649} INFO - pyFiles                 null
[2025-04-04T02:32:40.352+0000] {spark_submit.py:649} INFO - archives                null
[2025-04-04T02:32:40.353+0000] {spark_submit.py:649} INFO - mainClass               null
[2025-04-04T02:32:40.354+0000] {spark_submit.py:649} INFO - primaryResource         file:/opt/spark-app/clean_yellow_tripdata.py
[2025-04-04T02:32:40.356+0000] {spark_submit.py:649} INFO - name                    arrow-spark
[2025-04-04T02:32:40.370+0000] {spark_submit.py:649} INFO - childArgs               []
[2025-04-04T02:32:40.371+0000] {spark_submit.py:649} INFO - jars                    file:/opt/spark-3.5.0-bin-hadoop3/jars/hadoop-aws-3.3.6.jar,file:/opt/spark-3.5.0-bin-hadoop3/jars/aws-java-sdk-bundle-1.12.696.jar
[2025-04-04T02:32:40.371+0000] {spark_submit.py:649} INFO - packages                null
[2025-04-04T02:32:40.372+0000] {spark_submit.py:649} INFO - packagesExclusions      null
[2025-04-04T02:32:40.372+0000] {spark_submit.py:649} INFO - repositories            null
[2025-04-04T02:32:40.373+0000] {spark_submit.py:649} INFO - verbose                 true
[2025-04-04T02:32:40.373+0000] {spark_submit.py:649} INFO - 
[2025-04-04T02:32:40.374+0000] {spark_submit.py:649} INFO - Spark properties used, including those specified through
[2025-04-04T02:32:40.374+0000] {spark_submit.py:649} INFO - --conf and those from the properties file null:
[2025-04-04T02:32:40.374+0000] {spark_submit.py:649} INFO - (spark.master,spark://spark-master:7077)
[2025-04-04T02:32:40.375+0000] {spark_submit.py:649} INFO - 
[2025-04-04T02:32:40.375+0000] {spark_submit.py:649} INFO - 
[2025-04-04T02:32:40.690+0000] {spark_submit.py:649} INFO - 25/04/04 02:32:40 WARN NativeCodeLoader: Unable to load native-hadoop library for your platform... using builtin-java classes where applicable
[2025-04-04T02:32:40.886+0000] {spark_submit.py:649} INFO - Main class:
[2025-04-04T02:32:40.887+0000] {spark_submit.py:649} INFO - org.apache.spark.deploy.PythonRunner
[2025-04-04T02:32:40.889+0000] {spark_submit.py:649} INFO - Arguments:
[2025-04-04T02:32:40.889+0000] {spark_submit.py:649} INFO - file:/opt/spark-app/clean_yellow_tripdata.py
[2025-04-04T02:32:40.890+0000] {spark_submit.py:649} INFO - null
[2025-04-04T02:32:40.891+0000] {spark_submit.py:649} INFO - Spark config:
[2025-04-04T02:32:40.892+0000] {spark_submit.py:649} INFO - (spark.app.name,arrow-spark)
[2025-04-04T02:32:40.893+0000] {spark_submit.py:649} INFO - (spark.app.submitTime,1743733960860)
[2025-04-04T02:32:40.894+0000] {spark_submit.py:649} INFO - (spark.jars,file:/opt/spark-3.5.0-bin-hadoop3/jars/hadoop-aws-3.3.6.jar,file:/opt/spark-3.5.0-bin-hadoop3/jars/aws-java-sdk-bundle-1.12.696.jar)
[2025-04-04T02:32:40.896+0000] {spark_submit.py:649} INFO - (spark.master,spark://spark-master:7077)
[2025-04-04T02:32:40.896+0000] {spark_submit.py:649} INFO - (spark.repl.local.jars,file:/opt/spark-3.5.0-bin-hadoop3/jars/hadoop-aws-3.3.6.jar,file:/opt/spark-3.5.0-bin-hadoop3/jars/aws-java-sdk-bundle-1.12.696.jar)
[2025-04-04T02:32:40.897+0000] {spark_submit.py:649} INFO - (spark.submit.deployMode,client)
[2025-04-04T02:32:40.898+0000] {spark_submit.py:649} INFO - (spark.submit.pyFiles,)
[2025-04-04T02:32:40.899+0000] {spark_submit.py:649} INFO - Classpath elements:
[2025-04-04T02:32:40.900+0000] {spark_submit.py:649} INFO - file:/opt/spark-3.5.0-bin-hadoop3/jars/hadoop-aws-3.3.6.jar
[2025-04-04T02:32:40.900+0000] {spark_submit.py:649} INFO - file:/opt/spark-3.5.0-bin-hadoop3/jars/aws-java-sdk-bundle-1.12.696.jar
[2025-04-04T02:32:40.901+0000] {spark_submit.py:649} INFO - 
[2025-04-04T02:32:40.902+0000] {spark_submit.py:649} INFO - 
[2025-04-04T02:32:40.904+0000] {spark_submit.py:649} INFO - 25/04/04 02:32:40 WARN DependencyUtils: Local jar /opt/spark-3.5.0-bin-hadoop3/jars/hadoop-aws-3.3.6.jar does not exist, skipping.
[2025-04-04T02:32:40.905+0000] {spark_submit.py:649} INFO - 25/04/04 02:32:40 WARN DependencyUtils: Local jar /opt/spark-3.5.0-bin-hadoop3/jars/aws-java-sdk-bundle-1.12.696.jar does not exist, skipping.
[2025-04-04T02:32:42.351+0000] {spark_submit.py:649} INFO - 25/04/04 02:32:42 INFO SparkContext: Running Spark version 3.5.0
[2025-04-04T02:32:42.352+0000] {spark_submit.py:649} INFO - 25/04/04 02:32:42 INFO SparkContext: OS info Linux, 5.15.167.4-microsoft-standard-WSL2, amd64
[2025-04-04T02:32:42.353+0000] {spark_submit.py:649} INFO - 25/04/04 02:32:42 INFO SparkContext: Java version 17.0.14
[2025-04-04T02:32:42.396+0000] {spark_submit.py:649} INFO - 25/04/04 02:32:42 INFO ResourceUtils: ==============================================================
[2025-04-04T02:32:42.397+0000] {spark_submit.py:649} INFO - 25/04/04 02:32:42 INFO ResourceUtils: No custom resources configured for spark.driver.
[2025-04-04T02:32:42.398+0000] {spark_submit.py:649} INFO - 25/04/04 02:32:42 INFO ResourceUtils: ==============================================================
[2025-04-04T02:32:42.400+0000] {spark_submit.py:649} INFO - 25/04/04 02:32:42 INFO SparkContext: Submitted application: CleanYellowData
[2025-04-04T02:32:42.426+0000] {spark_submit.py:649} INFO - 25/04/04 02:32:42 INFO ResourceProfile: Default ResourceProfile created, executor resources: Map(memory -> name: memory, amount: 1024, script: , vendor: , offHeap -> name: offHeap, amount: 0, script: , vendor: ), task resources: Map(cpus -> name: cpus, amount: 1.0)
[2025-04-04T02:32:42.435+0000] {spark_submit.py:649} INFO - 25/04/04 02:32:42 INFO ResourceProfile: Limiting resource is cpu
[2025-04-04T02:32:42.436+0000] {spark_submit.py:649} INFO - 25/04/04 02:32:42 INFO ResourceProfileManager: Added ResourceProfile id: 0
[2025-04-04T02:32:42.490+0000] {spark_submit.py:649} INFO - 25/04/04 02:32:42 INFO SecurityManager: Changing view acls to: airflow
[2025-04-04T02:32:42.492+0000] {spark_submit.py:649} INFO - 25/04/04 02:32:42 INFO SecurityManager: Changing modify acls to: airflow
[2025-04-04T02:32:42.493+0000] {spark_submit.py:649} INFO - 25/04/04 02:32:42 INFO SecurityManager: Changing view acls groups to:
[2025-04-04T02:32:42.494+0000] {spark_submit.py:649} INFO - 25/04/04 02:32:42 INFO SecurityManager: Changing modify acls groups to:
[2025-04-04T02:32:42.495+0000] {spark_submit.py:649} INFO - 25/04/04 02:32:42 INFO SecurityManager: SecurityManager: authentication disabled; ui acls disabled; users with view permissions: airflow; groups with view permissions: EMPTY; users with modify permissions: airflow; groups with modify permissions: EMPTY
[2025-04-04T02:32:42.760+0000] {spark_submit.py:649} INFO - 25/04/04 02:32:42 INFO Utils: Successfully started service 'sparkDriver' on port 44759.
[2025-04-04T02:32:42.815+0000] {spark_submit.py:649} INFO - 25/04/04 02:32:42 INFO SparkEnv: Registering MapOutputTracker
[2025-04-04T02:32:42.862+0000] {spark_submit.py:649} INFO - 25/04/04 02:32:42 INFO SparkEnv: Registering BlockManagerMaster
[2025-04-04T02:32:42.878+0000] {spark_submit.py:649} INFO - 25/04/04 02:32:42 INFO BlockManagerMasterEndpoint: Using org.apache.spark.storage.DefaultTopologyMapper for getting topology information
[2025-04-04T02:32:42.879+0000] {spark_submit.py:649} INFO - 25/04/04 02:32:42 INFO BlockManagerMasterEndpoint: BlockManagerMasterEndpoint up
[2025-04-04T02:32:42.882+0000] {spark_submit.py:649} INFO - 25/04/04 02:32:42 INFO SparkEnv: Registering BlockManagerMasterHeartbeat
[2025-04-04T02:32:42.923+0000] {spark_submit.py:649} INFO - 25/04/04 02:32:42 INFO DiskBlockManager: Created local directory at /tmp/blockmgr-cfec2a52-dea7-4b1b-a161-c6b74400277f
[2025-04-04T02:32:42.944+0000] {spark_submit.py:649} INFO - 25/04/04 02:32:42 INFO MemoryStore: MemoryStore started with capacity 434.4 MiB
[2025-04-04T02:32:42.963+0000] {spark_submit.py:649} INFO - 25/04/04 02:32:42 INFO SparkEnv: Registering OutputCommitCoordinator
[2025-04-04T02:32:43.132+0000] {spark_submit.py:649} INFO - 25/04/04 02:32:43 INFO JettyUtils: Start Jetty 0.0.0.0:4040 for SparkUI
[2025-04-04T02:32:43.222+0000] {spark_submit.py:649} INFO - 25/04/04 02:32:43 INFO Utils: Successfully started service 'SparkUI' on port 4040.
[2025-04-04T02:32:43.259+0000] {spark_submit.py:649} INFO - 25/04/04 02:32:43 ERROR SparkContext: Failed to add file:/opt/spark-3.5.0-bin-hadoop3/jars/hadoop-aws-3.3.6.jar to Spark environment
[2025-04-04T02:32:43.260+0000] {spark_submit.py:649} INFO - java.io.FileNotFoundException: Jar /opt/spark-3.5.0-bin-hadoop3/jars/hadoop-aws-3.3.6.jar not found
[2025-04-04T02:32:43.261+0000] {spark_submit.py:649} INFO - at org.apache.spark.SparkContext.addLocalJarFile$1(SparkContext.scala:2100)
[2025-04-04T02:32:43.262+0000] {spark_submit.py:649} INFO - at org.apache.spark.SparkContext.addJar(SparkContext.scala:2156)
[2025-04-04T02:32:43.263+0000] {spark_submit.py:649} INFO - at org.apache.spark.SparkContext.$anonfun$new$15(SparkContext.scala:526)
[2025-04-04T02:32:43.264+0000] {spark_submit.py:649} INFO - at org.apache.spark.SparkContext.$anonfun$new$15$adapted(SparkContext.scala:526)
[2025-04-04T02:32:43.266+0000] {spark_submit.py:649} INFO - at scala.collection.mutable.ResizableArray.foreach(ResizableArray.scala:62)
[2025-04-04T02:32:43.267+0000] {spark_submit.py:649} INFO - at scala.collection.mutable.ResizableArray.foreach$(ResizableArray.scala:55)
[2025-04-04T02:32:43.268+0000] {spark_submit.py:649} INFO - at scala.collection.mutable.ArrayBuffer.foreach(ArrayBuffer.scala:49)
[2025-04-04T02:32:43.269+0000] {spark_submit.py:649} INFO - at org.apache.spark.SparkContext.<init>(SparkContext.scala:526)
[2025-04-04T02:32:43.271+0000] {spark_submit.py:649} INFO - at org.apache.spark.api.java.JavaSparkContext.<init>(JavaSparkContext.scala:58)
[2025-04-04T02:32:43.272+0000] {spark_submit.py:649} INFO - at java.base/jdk.internal.reflect.NativeConstructorAccessorImpl.newInstance0(Native Method)
[2025-04-04T02:32:43.273+0000] {spark_submit.py:649} INFO - at java.base/jdk.internal.reflect.NativeConstructorAccessorImpl.newInstance(NativeConstructorAccessorImpl.java:77)
[2025-04-04T02:32:43.274+0000] {spark_submit.py:649} INFO - at java.base/jdk.internal.reflect.DelegatingConstructorAccessorImpl.newInstance(DelegatingConstructorAccessorImpl.java:45)
[2025-04-04T02:32:43.275+0000] {spark_submit.py:649} INFO - at java.base/java.lang.reflect.Constructor.newInstanceWithCaller(Constructor.java:500)
[2025-04-04T02:32:43.277+0000] {spark_submit.py:649} INFO - at java.base/java.lang.reflect.Constructor.newInstance(Constructor.java:481)
[2025-04-04T02:32:43.278+0000] {spark_submit.py:649} INFO - at py4j.reflection.MethodInvoker.invoke(MethodInvoker.java:247)
[2025-04-04T02:32:43.279+0000] {spark_submit.py:649} INFO - at py4j.reflection.ReflectionEngine.invoke(ReflectionEngine.java:374)
[2025-04-04T02:32:43.280+0000] {spark_submit.py:649} INFO - at py4j.Gateway.invoke(Gateway.java:238)
[2025-04-04T02:32:43.281+0000] {spark_submit.py:649} INFO - at py4j.commands.ConstructorCommand.invokeConstructor(ConstructorCommand.java:80)
[2025-04-04T02:32:43.282+0000] {spark_submit.py:649} INFO - at py4j.commands.ConstructorCommand.execute(ConstructorCommand.java:69)
[2025-04-04T02:32:43.284+0000] {spark_submit.py:649} INFO - at py4j.ClientServerConnection.waitForCommands(ClientServerConnection.java:182)
[2025-04-04T02:32:43.285+0000] {spark_submit.py:649} INFO - at py4j.ClientServerConnection.run(ClientServerConnection.java:106)
[2025-04-04T02:32:43.287+0000] {spark_submit.py:649} INFO - at java.base/java.lang.Thread.run(Thread.java:840)
[2025-04-04T02:32:43.288+0000] {spark_submit.py:649} INFO - 25/04/04 02:32:43 ERROR SparkContext: Failed to add file:/opt/spark-3.5.0-bin-hadoop3/jars/aws-java-sdk-bundle-1.12.696.jar to Spark environment
[2025-04-04T02:32:43.289+0000] {spark_submit.py:649} INFO - java.io.FileNotFoundException: Jar /opt/spark-3.5.0-bin-hadoop3/jars/aws-java-sdk-bundle-1.12.696.jar not found
[2025-04-04T02:32:43.290+0000] {spark_submit.py:649} INFO - at org.apache.spark.SparkContext.addLocalJarFile$1(SparkContext.scala:2100)
[2025-04-04T02:32:43.291+0000] {spark_submit.py:649} INFO - at org.apache.spark.SparkContext.addJar(SparkContext.scala:2156)
[2025-04-04T02:32:43.292+0000] {spark_submit.py:649} INFO - at org.apache.spark.SparkContext.$anonfun$new$15(SparkContext.scala:526)
[2025-04-04T02:32:43.293+0000] {spark_submit.py:649} INFO - at org.apache.spark.SparkContext.$anonfun$new$15$adapted(SparkContext.scala:526)
[2025-04-04T02:32:43.294+0000] {spark_submit.py:649} INFO - at scala.collection.mutable.ResizableArray.foreach(ResizableArray.scala:62)
[2025-04-04T02:32:43.295+0000] {spark_submit.py:649} INFO - at scala.collection.mutable.ResizableArray.foreach$(ResizableArray.scala:55)
[2025-04-04T02:32:43.297+0000] {spark_submit.py:649} INFO - at scala.collection.mutable.ArrayBuffer.foreach(ArrayBuffer.scala:49)
[2025-04-04T02:32:43.298+0000] {spark_submit.py:649} INFO - at org.apache.spark.SparkContext.<init>(SparkContext.scala:526)
[2025-04-04T02:32:43.299+0000] {spark_submit.py:649} INFO - at org.apache.spark.api.java.JavaSparkContext.<init>(JavaSparkContext.scala:58)
[2025-04-04T02:32:43.301+0000] {spark_submit.py:649} INFO - at java.base/jdk.internal.reflect.NativeConstructorAccessorImpl.newInstance0(Native Method)
[2025-04-04T02:32:43.302+0000] {spark_submit.py:649} INFO - at java.base/jdk.internal.reflect.NativeConstructorAccessorImpl.newInstance(NativeConstructorAccessorImpl.java:77)
[2025-04-04T02:32:43.303+0000] {spark_submit.py:649} INFO - at java.base/jdk.internal.reflect.DelegatingConstructorAccessorImpl.newInstance(DelegatingConstructorAccessorImpl.java:45)
[2025-04-04T02:32:43.304+0000] {spark_submit.py:649} INFO - at java.base/java.lang.reflect.Constructor.newInstanceWithCaller(Constructor.java:500)
[2025-04-04T02:32:43.306+0000] {spark_submit.py:649} INFO - at java.base/java.lang.reflect.Constructor.newInstance(Constructor.java:481)
[2025-04-04T02:32:43.307+0000] {spark_submit.py:649} INFO - at py4j.reflection.MethodInvoker.invoke(MethodInvoker.java:247)
[2025-04-04T02:32:43.308+0000] {spark_submit.py:649} INFO - at py4j.reflection.ReflectionEngine.invoke(ReflectionEngine.java:374)
[2025-04-04T02:32:43.309+0000] {spark_submit.py:649} INFO - at py4j.Gateway.invoke(Gateway.java:238)
[2025-04-04T02:32:43.310+0000] {spark_submit.py:649} INFO - at py4j.commands.ConstructorCommand.invokeConstructor(ConstructorCommand.java:80)
[2025-04-04T02:32:43.311+0000] {spark_submit.py:649} INFO - at py4j.commands.ConstructorCommand.execute(ConstructorCommand.java:69)
[2025-04-04T02:32:43.312+0000] {spark_submit.py:649} INFO - at py4j.ClientServerConnection.waitForCommands(ClientServerConnection.java:182)
[2025-04-04T02:32:43.313+0000] {spark_submit.py:649} INFO - at py4j.ClientServerConnection.run(ClientServerConnection.java:106)
[2025-04-04T02:32:43.314+0000] {spark_submit.py:649} INFO - at java.base/java.lang.Thread.run(Thread.java:840)
[2025-04-04T02:32:43.331+0000] {spark_submit.py:649} INFO - 25/04/04 02:32:43 INFO StandaloneAppClient$ClientEndpoint: Connecting to master spark://spark-master:7077...
[2025-04-04T02:32:47.320+0000] {spark_submit.py:649} INFO - 25/04/04 02:32:47 WARN TransportClientFactory: DNS resolution failed for spark-master/<unresolved>:7077 took 3971 ms
[2025-04-04T02:32:47.356+0000] {spark_submit.py:649} INFO - 25/04/04 02:32:47 WARN StandaloneAppClient$ClientEndpoint: Failed to connect to master spark-master:7077
[2025-04-04T02:32:47.357+0000] {spark_submit.py:649} INFO - org.apache.spark.SparkException: Exception thrown in awaitResult:
[2025-04-04T02:32:47.358+0000] {spark_submit.py:649} INFO - at org.apache.spark.util.SparkThreadUtils$.awaitResult(SparkThreadUtils.scala:56)
[2025-04-04T02:32:47.359+0000] {spark_submit.py:649} INFO - at org.apache.spark.util.ThreadUtils$.awaitResult(ThreadUtils.scala:310)
[2025-04-04T02:32:47.360+0000] {spark_submit.py:649} INFO - at org.apache.spark.rpc.RpcTimeout.awaitResult(RpcTimeout.scala:75)
[2025-04-04T02:32:47.361+0000] {spark_submit.py:649} INFO - at org.apache.spark.rpc.RpcEnv.setupEndpointRefByURI(RpcEnv.scala:102)
[2025-04-04T02:32:47.362+0000] {spark_submit.py:649} INFO - at org.apache.spark.rpc.RpcEnv.setupEndpointRef(RpcEnv.scala:110)
[2025-04-04T02:32:47.363+0000] {spark_submit.py:649} INFO - at org.apache.spark.deploy.client.StandaloneAppClient$ClientEndpoint$$anon$1.run(StandaloneAppClient.scala:108)
[2025-04-04T02:32:47.364+0000] {spark_submit.py:649} INFO - at java.base/java.util.concurrent.Executors$RunnableAdapter.call(Executors.java:539)
[2025-04-04T02:32:47.365+0000] {spark_submit.py:649} INFO - at java.base/java.util.concurrent.FutureTask.run(FutureTask.java:264)
[2025-04-04T02:32:47.365+0000] {spark_submit.py:649} INFO - at java.base/java.util.concurrent.ThreadPoolExecutor.runWorker(ThreadPoolExecutor.java:1136)
[2025-04-04T02:32:47.366+0000] {spark_submit.py:649} INFO - at java.base/java.util.concurrent.ThreadPoolExecutor$Worker.run(ThreadPoolExecutor.java:635)
[2025-04-04T02:32:47.367+0000] {spark_submit.py:649} INFO - at java.base/java.lang.Thread.run(Thread.java:840)
[2025-04-04T02:32:47.368+0000] {spark_submit.py:649} INFO - Caused by: java.io.IOException: Failed to connect to spark-master/<unresolved>:7077
[2025-04-04T02:32:47.369+0000] {spark_submit.py:649} INFO - at org.apache.spark.network.client.TransportClientFactory.createClient(TransportClientFactory.java:294)
[2025-04-04T02:32:47.369+0000] {spark_submit.py:649} INFO - at org.apache.spark.network.client.TransportClientFactory.createClient(TransportClientFactory.java:214)
[2025-04-04T02:32:47.371+0000] {spark_submit.py:649} INFO - at org.apache.spark.network.client.TransportClientFactory.createClient(TransportClientFactory.java:226)
[2025-04-04T02:32:47.372+0000] {spark_submit.py:649} INFO - at org.apache.spark.rpc.netty.NettyRpcEnv.createClient(NettyRpcEnv.scala:204)
[2025-04-04T02:32:47.373+0000] {spark_submit.py:649} INFO - at org.apache.spark.rpc.netty.Outbox$$anon$1.call(Outbox.scala:202)
[2025-04-04T02:32:47.374+0000] {spark_submit.py:649} INFO - at org.apache.spark.rpc.netty.Outbox$$anon$1.call(Outbox.scala:198)
[2025-04-04T02:32:47.375+0000] {spark_submit.py:649} INFO - ... 4 more
[2025-04-04T02:32:47.376+0000] {spark_submit.py:649} INFO - Caused by: java.net.UnknownHostException: spark-master
[2025-04-04T02:32:47.377+0000] {spark_submit.py:649} INFO - at java.base/java.net.InetAddress$CachedAddresses.get(InetAddress.java:801)
[2025-04-04T02:32:47.378+0000] {spark_submit.py:649} INFO - at java.base/java.net.InetAddress.getAllByName0(InetAddress.java:1533)
[2025-04-04T02:32:47.378+0000] {spark_submit.py:649} INFO - at java.base/java.net.InetAddress.getAllByName(InetAddress.java:1385)
[2025-04-04T02:32:47.379+0000] {spark_submit.py:649} INFO - at java.base/java.net.InetAddress.getAllByName(InetAddress.java:1306)
[2025-04-04T02:32:47.380+0000] {spark_submit.py:649} INFO - at java.base/java.net.InetAddress.getByName(InetAddress.java:1256)
[2025-04-04T02:32:47.381+0000] {spark_submit.py:649} INFO - at io.netty.util.internal.SocketUtils$8.run(SocketUtils.java:156)
[2025-04-04T02:32:47.382+0000] {spark_submit.py:649} INFO - at io.netty.util.internal.SocketUtils$8.run(SocketUtils.java:153)
[2025-04-04T02:32:47.383+0000] {spark_submit.py:649} INFO - at java.base/java.security.AccessController.doPrivileged(AccessController.java:569)
[2025-04-04T02:32:47.384+0000] {spark_submit.py:649} INFO - at io.netty.util.internal.SocketUtils.addressByName(SocketUtils.java:153)
[2025-04-04T02:32:47.385+0000] {spark_submit.py:649} INFO - at io.netty.resolver.DefaultNameResolver.doResolve(DefaultNameResolver.java:41)
[2025-04-04T02:32:47.386+0000] {spark_submit.py:649} INFO - at io.netty.resolver.SimpleNameResolver.resolve(SimpleNameResolver.java:61)
[2025-04-04T02:32:47.387+0000] {spark_submit.py:649} INFO - at io.netty.resolver.SimpleNameResolver.resolve(SimpleNameResolver.java:53)
[2025-04-04T02:32:47.388+0000] {spark_submit.py:649} INFO - at io.netty.resolver.InetSocketAddressResolver.doResolve(InetSocketAddressResolver.java:55)
[2025-04-04T02:32:47.389+0000] {spark_submit.py:649} INFO - at io.netty.resolver.InetSocketAddressResolver.doResolve(InetSocketAddressResolver.java:31)
[2025-04-04T02:32:47.390+0000] {spark_submit.py:649} INFO - at io.netty.resolver.AbstractAddressResolver.resolve(AbstractAddressResolver.java:106)
[2025-04-04T02:32:47.392+0000] {spark_submit.py:649} INFO - at io.netty.bootstrap.Bootstrap.doResolveAndConnect0(Bootstrap.java:220)
[2025-04-04T02:32:47.393+0000] {spark_submit.py:649} INFO - at io.netty.bootstrap.Bootstrap.access$000(Bootstrap.java:46)
[2025-04-04T02:32:47.394+0000] {spark_submit.py:649} INFO - at io.netty.bootstrap.Bootstrap$1.operationComplete(Bootstrap.java:189)
[2025-04-04T02:32:47.395+0000] {spark_submit.py:649} INFO - at io.netty.bootstrap.Bootstrap$1.operationComplete(Bootstrap.java:175)
[2025-04-04T02:32:47.396+0000] {spark_submit.py:649} INFO - at io.netty.util.concurrent.DefaultPromise.notifyListener0(DefaultPromise.java:590)
[2025-04-04T02:32:47.397+0000] {spark_submit.py:649} INFO - at io.netty.util.concurrent.DefaultPromise.notifyListenersNow(DefaultPromise.java:557)
[2025-04-04T02:32:47.398+0000] {spark_submit.py:649} INFO - at io.netty.util.concurrent.DefaultPromise.notifyListeners(DefaultPromise.java:492)
[2025-04-04T02:32:47.400+0000] {spark_submit.py:649} INFO - at io.netty.util.concurrent.DefaultPromise.setValue0(DefaultPromise.java:636)
[2025-04-04T02:32:47.401+0000] {spark_submit.py:649} INFO - at io.netty.util.concurrent.DefaultPromise.setSuccess0(DefaultPromise.java:625)
[2025-04-04T02:32:47.402+0000] {spark_submit.py:649} INFO - at io.netty.util.concurrent.DefaultPromise.trySuccess(DefaultPromise.java:105)
[2025-04-04T02:32:47.403+0000] {spark_submit.py:649} INFO - at io.netty.channel.DefaultChannelPromise.trySuccess(DefaultChannelPromise.java:84)
[2025-04-04T02:32:47.403+0000] {spark_submit.py:649} INFO - at io.netty.channel.AbstractChannel$AbstractUnsafe.safeSetSuccess(AbstractChannel.java:990)
[2025-04-04T02:32:47.404+0000] {spark_submit.py:649} INFO - at io.netty.channel.AbstractChannel$AbstractUnsafe.register0(AbstractChannel.java:516)
[2025-04-04T02:32:47.405+0000] {spark_submit.py:649} INFO - at io.netty.channel.AbstractChannel$AbstractUnsafe.access$200(AbstractChannel.java:429)
[2025-04-04T02:32:47.406+0000] {spark_submit.py:649} INFO - at io.netty.channel.AbstractChannel$AbstractUnsafe$1.run(AbstractChannel.java:486)
[2025-04-04T02:32:47.407+0000] {spark_submit.py:649} INFO - at io.netty.util.concurrent.AbstractEventExecutor.runTask(AbstractEventExecutor.java:174)
[2025-04-04T02:32:47.408+0000] {spark_submit.py:649} INFO - at io.netty.util.concurrent.AbstractEventExecutor.safeExecute(AbstractEventExecutor.java:167)
[2025-04-04T02:32:47.410+0000] {spark_submit.py:649} INFO - at io.netty.util.concurrent.SingleThreadEventExecutor.runAllTasks(SingleThreadEventExecutor.java:470)
[2025-04-04T02:32:47.411+0000] {spark_submit.py:649} INFO - at io.netty.channel.nio.NioEventLoop.run(NioEventLoop.java:569)
[2025-04-04T02:32:47.412+0000] {spark_submit.py:649} INFO - at io.netty.util.concurrent.SingleThreadEventExecutor$4.run(SingleThreadEventExecutor.java:997)
[2025-04-04T02:32:47.413+0000] {spark_submit.py:649} INFO - at io.netty.util.internal.ThreadExecutorMap$2.run(ThreadExecutorMap.java:74)
[2025-04-04T02:32:47.415+0000] {spark_submit.py:649} INFO - at io.netty.util.concurrent.FastThreadLocalRunnable.run(FastThreadLocalRunnable.java:30)
[2025-04-04T02:32:47.416+0000] {spark_submit.py:649} INFO - ... 1 more
[2025-04-04T02:33:03.331+0000] {spark_submit.py:649} INFO - 25/04/04 02:33:03 INFO StandaloneAppClient$ClientEndpoint: Connecting to master spark://spark-master:7077...
[2025-04-04T02:33:07.311+0000] {spark_submit.py:649} INFO - 25/04/04 02:33:07 WARN TransportClientFactory: DNS resolution failed for spark-master/<unresolved>:7077 took 3977 ms
[2025-04-04T02:33:07.316+0000] {spark_submit.py:649} INFO - 25/04/04 02:33:07 WARN StandaloneAppClient$ClientEndpoint: Failed to connect to master spark-master:7077
[2025-04-04T02:33:07.318+0000] {spark_submit.py:649} INFO - org.apache.spark.SparkException: Exception thrown in awaitResult:
[2025-04-04T02:33:07.319+0000] {spark_submit.py:649} INFO - at org.apache.spark.util.SparkThreadUtils$.awaitResult(SparkThreadUtils.scala:56)
[2025-04-04T02:33:07.320+0000] {spark_submit.py:649} INFO - at org.apache.spark.util.ThreadUtils$.awaitResult(ThreadUtils.scala:310)
[2025-04-04T02:33:07.321+0000] {spark_submit.py:649} INFO - at org.apache.spark.rpc.RpcTimeout.awaitResult(RpcTimeout.scala:75)
[2025-04-04T02:33:07.323+0000] {spark_submit.py:649} INFO - at org.apache.spark.rpc.RpcEnv.setupEndpointRefByURI(RpcEnv.scala:102)
[2025-04-04T02:33:07.324+0000] {spark_submit.py:649} INFO - at org.apache.spark.rpc.RpcEnv.setupEndpointRef(RpcEnv.scala:110)
[2025-04-04T02:33:07.325+0000] {spark_submit.py:649} INFO - at org.apache.spark.deploy.client.StandaloneAppClient$ClientEndpoint$$anon$1.run(StandaloneAppClient.scala:108)
[2025-04-04T02:33:07.327+0000] {spark_submit.py:649} INFO - at java.base/java.util.concurrent.Executors$RunnableAdapter.call(Executors.java:539)
[2025-04-04T02:33:07.328+0000] {spark_submit.py:649} INFO - at java.base/java.util.concurrent.FutureTask.run(FutureTask.java:264)
[2025-04-04T02:33:07.329+0000] {spark_submit.py:649} INFO - at java.base/java.util.concurrent.ThreadPoolExecutor.runWorker(ThreadPoolExecutor.java:1136)
[2025-04-04T02:33:07.331+0000] {spark_submit.py:649} INFO - at java.base/java.util.concurrent.ThreadPoolExecutor$Worker.run(ThreadPoolExecutor.java:635)
[2025-04-04T02:33:07.332+0000] {spark_submit.py:649} INFO - at java.base/java.lang.Thread.run(Thread.java:840)
[2025-04-04T02:33:07.333+0000] {spark_submit.py:649} INFO - Caused by: java.io.IOException: Failed to connect to spark-master/<unresolved>:7077
[2025-04-04T02:33:07.334+0000] {spark_submit.py:649} INFO - at org.apache.spark.network.client.TransportClientFactory.createClient(TransportClientFactory.java:294)
[2025-04-04T02:33:07.335+0000] {spark_submit.py:649} INFO - at org.apache.spark.network.client.TransportClientFactory.createClient(TransportClientFactory.java:214)
[2025-04-04T02:33:07.337+0000] {spark_submit.py:649} INFO - at org.apache.spark.network.client.TransportClientFactory.createClient(TransportClientFactory.java:226)
[2025-04-04T02:33:07.338+0000] {spark_submit.py:649} INFO - at org.apache.spark.rpc.netty.NettyRpcEnv.createClient(NettyRpcEnv.scala:204)
[2025-04-04T02:33:07.339+0000] {spark_submit.py:649} INFO - at org.apache.spark.rpc.netty.Outbox$$anon$1.call(Outbox.scala:202)
[2025-04-04T02:33:07.340+0000] {spark_submit.py:649} INFO - at org.apache.spark.rpc.netty.Outbox$$anon$1.call(Outbox.scala:198)
[2025-04-04T02:33:07.342+0000] {spark_submit.py:649} INFO - ... 4 more
[2025-04-04T02:33:07.343+0000] {spark_submit.py:649} INFO - Caused by: java.net.UnknownHostException: spark-master
[2025-04-04T02:33:07.344+0000] {spark_submit.py:649} INFO - at java.base/java.net.InetAddress$CachedAddresses.get(InetAddress.java:801)
[2025-04-04T02:33:07.345+0000] {spark_submit.py:649} INFO - at java.base/java.net.InetAddress.getAllByName0(InetAddress.java:1533)
[2025-04-04T02:33:07.346+0000] {spark_submit.py:649} INFO - at java.base/java.net.InetAddress.getAllByName(InetAddress.java:1385)
[2025-04-04T02:33:07.347+0000] {spark_submit.py:649} INFO - at java.base/java.net.InetAddress.getAllByName(InetAddress.java:1306)
[2025-04-04T02:33:07.348+0000] {spark_submit.py:649} INFO - at java.base/java.net.InetAddress.getByName(InetAddress.java:1256)
[2025-04-04T02:33:07.349+0000] {spark_submit.py:649} INFO - at io.netty.util.internal.SocketUtils$8.run(SocketUtils.java:156)
[2025-04-04T02:33:07.350+0000] {spark_submit.py:649} INFO - at io.netty.util.internal.SocketUtils$8.run(SocketUtils.java:153)
[2025-04-04T02:33:07.350+0000] {spark_submit.py:649} INFO - at java.base/java.security.AccessController.doPrivileged(AccessController.java:569)
[2025-04-04T02:33:07.351+0000] {spark_submit.py:649} INFO - at io.netty.util.internal.SocketUtils.addressByName(SocketUtils.java:153)
[2025-04-04T02:33:07.353+0000] {spark_submit.py:649} INFO - at io.netty.resolver.DefaultNameResolver.doResolve(DefaultNameResolver.java:41)
[2025-04-04T02:33:07.354+0000] {spark_submit.py:649} INFO - at io.netty.resolver.SimpleNameResolver.resolve(SimpleNameResolver.java:61)
[2025-04-04T02:33:07.355+0000] {spark_submit.py:649} INFO - at io.netty.resolver.SimpleNameResolver.resolve(SimpleNameResolver.java:53)
[2025-04-04T02:33:07.356+0000] {spark_submit.py:649} INFO - at io.netty.resolver.InetSocketAddressResolver.doResolve(InetSocketAddressResolver.java:55)
[2025-04-04T02:33:07.357+0000] {spark_submit.py:649} INFO - at io.netty.resolver.InetSocketAddressResolver.doResolve(InetSocketAddressResolver.java:31)
[2025-04-04T02:33:07.359+0000] {spark_submit.py:649} INFO - at io.netty.resolver.AbstractAddressResolver.resolve(AbstractAddressResolver.java:106)
[2025-04-04T02:33:07.360+0000] {spark_submit.py:649} INFO - at io.netty.bootstrap.Bootstrap.doResolveAndConnect0(Bootstrap.java:220)
[2025-04-04T02:33:07.361+0000] {spark_submit.py:649} INFO - at io.netty.bootstrap.Bootstrap.access$000(Bootstrap.java:46)
[2025-04-04T02:33:07.362+0000] {spark_submit.py:649} INFO - at io.netty.bootstrap.Bootstrap$1.operationComplete(Bootstrap.java:189)
[2025-04-04T02:33:07.364+0000] {spark_submit.py:649} INFO - at io.netty.bootstrap.Bootstrap$1.operationComplete(Bootstrap.java:175)
[2025-04-04T02:33:07.365+0000] {spark_submit.py:649} INFO - at io.netty.util.concurrent.DefaultPromise.notifyListener0(DefaultPromise.java:590)
[2025-04-04T02:33:07.366+0000] {spark_submit.py:649} INFO - at io.netty.util.concurrent.DefaultPromise.notifyListenersNow(DefaultPromise.java:557)
[2025-04-04T02:33:07.367+0000] {spark_submit.py:649} INFO - at io.netty.util.concurrent.DefaultPromise.notifyListeners(DefaultPromise.java:492)
[2025-04-04T02:33:07.368+0000] {spark_submit.py:649} INFO - at io.netty.util.concurrent.DefaultPromise.setValue0(DefaultPromise.java:636)
[2025-04-04T02:33:07.369+0000] {spark_submit.py:649} INFO - at io.netty.util.concurrent.DefaultPromise.setSuccess0(DefaultPromise.java:625)
[2025-04-04T02:33:07.371+0000] {spark_submit.py:649} INFO - at io.netty.util.concurrent.DefaultPromise.trySuccess(DefaultPromise.java:105)
[2025-04-04T02:33:07.372+0000] {spark_submit.py:649} INFO - at io.netty.channel.DefaultChannelPromise.trySuccess(DefaultChannelPromise.java:84)
[2025-04-04T02:33:07.373+0000] {spark_submit.py:649} INFO - at io.netty.channel.AbstractChannel$AbstractUnsafe.safeSetSuccess(AbstractChannel.java:990)
[2025-04-04T02:33:07.374+0000] {spark_submit.py:649} INFO - at io.netty.channel.AbstractChannel$AbstractUnsafe.register0(AbstractChannel.java:516)
[2025-04-04T02:33:07.375+0000] {spark_submit.py:649} INFO - at io.netty.channel.AbstractChannel$AbstractUnsafe.access$200(AbstractChannel.java:429)
[2025-04-04T02:33:07.376+0000] {spark_submit.py:649} INFO - at io.netty.channel.AbstractChannel$AbstractUnsafe$1.run(AbstractChannel.java:486)
[2025-04-04T02:33:07.377+0000] {spark_submit.py:649} INFO - at io.netty.util.concurrent.AbstractEventExecutor.runTask(AbstractEventExecutor.java:174)
[2025-04-04T02:33:07.379+0000] {spark_submit.py:649} INFO - at io.netty.util.concurrent.AbstractEventExecutor.safeExecute(AbstractEventExecutor.java:167)
[2025-04-04T02:33:07.380+0000] {spark_submit.py:649} INFO - at io.netty.util.concurrent.SingleThreadEventExecutor.runAllTasks(SingleThreadEventExecutor.java:470)
[2025-04-04T02:33:07.381+0000] {spark_submit.py:649} INFO - at io.netty.channel.nio.NioEventLoop.run(NioEventLoop.java:569)
[2025-04-04T02:33:07.382+0000] {spark_submit.py:649} INFO - at io.netty.util.concurrent.SingleThreadEventExecutor$4.run(SingleThreadEventExecutor.java:997)
[2025-04-04T02:33:07.383+0000] {spark_submit.py:649} INFO - at io.netty.util.internal.ThreadExecutorMap$2.run(ThreadExecutorMap.java:74)
[2025-04-04T02:33:07.384+0000] {spark_submit.py:649} INFO - at io.netty.util.concurrent.FastThreadLocalRunnable.run(FastThreadLocalRunnable.java:30)
[2025-04-04T02:33:07.385+0000] {spark_submit.py:649} INFO - ... 1 more
[2025-04-04T02:33:23.333+0000] {spark_submit.py:649} INFO - 25/04/04 02:33:23 INFO StandaloneAppClient$ClientEndpoint: Connecting to master spark://spark-master:7077...
[2025-04-04T02:33:30.467+0000] {spark_submit.py:649} INFO - 25/04/04 02:33:30 WARN TransportClientFactory: DNS resolution failed for spark-master/<unresolved>:7077 took 7127 ms
[2025-04-04T02:33:30.474+0000] {spark_submit.py:649} INFO - 25/04/04 02:33:30 WARN StandaloneAppClient$ClientEndpoint: Failed to connect to master spark-master:7077
[2025-04-04T02:33:30.476+0000] {spark_submit.py:649} INFO - org.apache.spark.SparkException: Exception thrown in awaitResult:
[2025-04-04T02:33:30.477+0000] {spark_submit.py:649} INFO - at org.apache.spark.util.SparkThreadUtils$.awaitResult(SparkThreadUtils.scala:56)
[2025-04-04T02:33:30.478+0000] {spark_submit.py:649} INFO - at org.apache.spark.util.ThreadUtils$.awaitResult(ThreadUtils.scala:310)
[2025-04-04T02:33:30.479+0000] {spark_submit.py:649} INFO - at org.apache.spark.rpc.RpcTimeout.awaitResult(RpcTimeout.scala:75)
[2025-04-04T02:33:30.480+0000] {spark_submit.py:649} INFO - at org.apache.spark.rpc.RpcEnv.setupEndpointRefByURI(RpcEnv.scala:102)
[2025-04-04T02:33:30.481+0000] {spark_submit.py:649} INFO - at org.apache.spark.rpc.RpcEnv.setupEndpointRef(RpcEnv.scala:110)
[2025-04-04T02:33:30.482+0000] {spark_submit.py:649} INFO - at org.apache.spark.deploy.client.StandaloneAppClient$ClientEndpoint$$anon$1.run(StandaloneAppClient.scala:108)
[2025-04-04T02:33:30.483+0000] {spark_submit.py:649} INFO - at java.base/java.util.concurrent.Executors$RunnableAdapter.call(Executors.java:539)
[2025-04-04T02:33:30.484+0000] {spark_submit.py:649} INFO - at java.base/java.util.concurrent.FutureTask.run(FutureTask.java:264)
[2025-04-04T02:33:30.485+0000] {spark_submit.py:649} INFO - at java.base/java.util.concurrent.ThreadPoolExecutor.runWorker(ThreadPoolExecutor.java:1136)
[2025-04-04T02:33:30.486+0000] {spark_submit.py:649} INFO - at java.base/java.util.concurrent.ThreadPoolExecutor$Worker.run(ThreadPoolExecutor.java:635)
[2025-04-04T02:33:30.487+0000] {spark_submit.py:649} INFO - at java.base/java.lang.Thread.run(Thread.java:840)
[2025-04-04T02:33:30.488+0000] {spark_submit.py:649} INFO - Caused by: java.io.IOException: Failed to connect to spark-master/<unresolved>:7077
[2025-04-04T02:33:30.489+0000] {spark_submit.py:649} INFO - at org.apache.spark.network.client.TransportClientFactory.createClient(TransportClientFactory.java:294)
[2025-04-04T02:33:30.490+0000] {spark_submit.py:649} INFO - at org.apache.spark.network.client.TransportClientFactory.createClient(TransportClientFactory.java:214)
[2025-04-04T02:33:30.491+0000] {spark_submit.py:649} INFO - at org.apache.spark.network.client.TransportClientFactory.createClient(TransportClientFactory.java:226)
[2025-04-04T02:33:30.492+0000] {spark_submit.py:649} INFO - at org.apache.spark.rpc.netty.NettyRpcEnv.createClient(NettyRpcEnv.scala:204)
[2025-04-04T02:33:30.493+0000] {spark_submit.py:649} INFO - at org.apache.spark.rpc.netty.Outbox$$anon$1.call(Outbox.scala:202)
[2025-04-04T02:33:30.494+0000] {spark_submit.py:649} INFO - at org.apache.spark.rpc.netty.Outbox$$anon$1.call(Outbox.scala:198)
[2025-04-04T02:33:30.495+0000] {spark_submit.py:649} INFO - ... 4 more
[2025-04-04T02:33:30.496+0000] {spark_submit.py:649} INFO - Caused by: java.net.UnknownHostException: spark-master
[2025-04-04T02:33:30.497+0000] {spark_submit.py:649} INFO - at java.base/java.net.InetAddress$CachedAddresses.get(InetAddress.java:801)
[2025-04-04T02:33:30.498+0000] {spark_submit.py:649} INFO - at java.base/java.net.InetAddress.getAllByName0(InetAddress.java:1533)
[2025-04-04T02:33:30.499+0000] {spark_submit.py:649} INFO - at java.base/java.net.InetAddress.getAllByName(InetAddress.java:1385)
[2025-04-04T02:33:30.500+0000] {spark_submit.py:649} INFO - at java.base/java.net.InetAddress.getAllByName(InetAddress.java:1306)
[2025-04-04T02:33:30.501+0000] {spark_submit.py:649} INFO - at java.base/java.net.InetAddress.getByName(InetAddress.java:1256)
[2025-04-04T02:33:30.503+0000] {spark_submit.py:649} INFO - at io.netty.util.internal.SocketUtils$8.run(SocketUtils.java:156)
[2025-04-04T02:33:30.504+0000] {spark_submit.py:649} INFO - at io.netty.util.internal.SocketUtils$8.run(SocketUtils.java:153)
[2025-04-04T02:33:30.505+0000] {spark_submit.py:649} INFO - at java.base/java.security.AccessController.doPrivileged(AccessController.java:569)
[2025-04-04T02:33:30.506+0000] {spark_submit.py:649} INFO - at io.netty.util.internal.SocketUtils.addressByName(SocketUtils.java:153)
[2025-04-04T02:33:30.507+0000] {spark_submit.py:649} INFO - at io.netty.resolver.DefaultNameResolver.doResolve(DefaultNameResolver.java:41)
[2025-04-04T02:33:30.508+0000] {spark_submit.py:649} INFO - at io.netty.resolver.SimpleNameResolver.resolve(SimpleNameResolver.java:61)
[2025-04-04T02:33:30.510+0000] {spark_submit.py:649} INFO - at io.netty.resolver.SimpleNameResolver.resolve(SimpleNameResolver.java:53)
[2025-04-04T02:33:30.510+0000] {spark_submit.py:649} INFO - at io.netty.resolver.InetSocketAddressResolver.doResolve(InetSocketAddressResolver.java:55)
[2025-04-04T02:33:30.512+0000] {spark_submit.py:649} INFO - at io.netty.resolver.InetSocketAddressResolver.doResolve(InetSocketAddressResolver.java:31)
[2025-04-04T02:33:30.513+0000] {spark_submit.py:649} INFO - at io.netty.resolver.AbstractAddressResolver.resolve(AbstractAddressResolver.java:106)
[2025-04-04T02:33:30.514+0000] {spark_submit.py:649} INFO - at io.netty.bootstrap.Bootstrap.doResolveAndConnect0(Bootstrap.java:220)
[2025-04-04T02:33:30.515+0000] {spark_submit.py:649} INFO - at io.netty.bootstrap.Bootstrap.access$000(Bootstrap.java:46)
[2025-04-04T02:33:30.516+0000] {spark_submit.py:649} INFO - at io.netty.bootstrap.Bootstrap$1.operationComplete(Bootstrap.java:189)
[2025-04-04T02:33:30.517+0000] {spark_submit.py:649} INFO - at io.netty.bootstrap.Bootstrap$1.operationComplete(Bootstrap.java:175)
[2025-04-04T02:33:30.518+0000] {spark_submit.py:649} INFO - at io.netty.util.concurrent.DefaultPromise.notifyListener0(DefaultPromise.java:590)
[2025-04-04T02:33:30.520+0000] {spark_submit.py:649} INFO - at io.netty.util.concurrent.DefaultPromise.notifyListenersNow(DefaultPromise.java:557)
[2025-04-04T02:33:30.521+0000] {spark_submit.py:649} INFO - at io.netty.util.concurrent.DefaultPromise.notifyListeners(DefaultPromise.java:492)
[2025-04-04T02:33:30.523+0000] {spark_submit.py:649} INFO - at io.netty.util.concurrent.DefaultPromise.setValue0(DefaultPromise.java:636)
[2025-04-04T02:33:30.524+0000] {spark_submit.py:649} INFO - at io.netty.util.concurrent.DefaultPromise.setSuccess0(DefaultPromise.java:625)
[2025-04-04T02:33:30.525+0000] {spark_submit.py:649} INFO - at io.netty.util.concurrent.DefaultPromise.trySuccess(DefaultPromise.java:105)
[2025-04-04T02:33:30.526+0000] {spark_submit.py:649} INFO - at io.netty.channel.DefaultChannelPromise.trySuccess(DefaultChannelPromise.java:84)
[2025-04-04T02:33:30.527+0000] {spark_submit.py:649} INFO - at io.netty.channel.AbstractChannel$AbstractUnsafe.safeSetSuccess(AbstractChannel.java:990)
[2025-04-04T02:33:30.529+0000] {spark_submit.py:649} INFO - at io.netty.channel.AbstractChannel$AbstractUnsafe.register0(AbstractChannel.java:516)
[2025-04-04T02:33:30.530+0000] {spark_submit.py:649} INFO - at io.netty.channel.AbstractChannel$AbstractUnsafe.access$200(AbstractChannel.java:429)
[2025-04-04T02:33:30.531+0000] {spark_submit.py:649} INFO - at io.netty.channel.AbstractChannel$AbstractUnsafe$1.run(AbstractChannel.java:486)
[2025-04-04T02:33:30.531+0000] {spark_submit.py:649} INFO - at io.netty.util.concurrent.AbstractEventExecutor.runTask(AbstractEventExecutor.java:174)
[2025-04-04T02:33:30.532+0000] {spark_submit.py:649} INFO - at io.netty.util.concurrent.AbstractEventExecutor.safeExecute(AbstractEventExecutor.java:167)
[2025-04-04T02:33:30.533+0000] {spark_submit.py:649} INFO - at io.netty.util.concurrent.SingleThreadEventExecutor.runAllTasks(SingleThreadEventExecutor.java:470)
[2025-04-04T02:33:30.534+0000] {spark_submit.py:649} INFO - at io.netty.channel.nio.NioEventLoop.run(NioEventLoop.java:569)
[2025-04-04T02:33:30.535+0000] {spark_submit.py:649} INFO - at io.netty.util.concurrent.SingleThreadEventExecutor$4.run(SingleThreadEventExecutor.java:997)
[2025-04-04T02:33:30.537+0000] {spark_submit.py:649} INFO - at io.netty.util.internal.ThreadExecutorMap$2.run(ThreadExecutorMap.java:74)
[2025-04-04T02:33:30.538+0000] {spark_submit.py:649} INFO - at io.netty.util.concurrent.FastThreadLocalRunnable.run(FastThreadLocalRunnable.java:30)
[2025-04-04T02:33:30.538+0000] {spark_submit.py:649} INFO - ... 1 more
[2025-04-04T02:33:43.333+0000] {spark_submit.py:649} INFO - 25/04/04 02:33:43 ERROR StandaloneSchedulerBackend: Application has been killed. Reason: All masters are unresponsive! Giving up.
[2025-04-04T02:33:43.336+0000] {spark_submit.py:649} INFO - 25/04/04 02:33:43 WARN StandaloneSchedulerBackend: Application ID is not initialized yet.
[2025-04-04T02:33:43.352+0000] {spark_submit.py:649} INFO - 25/04/04 02:33:43 INFO Utils: Successfully started service 'org.apache.spark.network.netty.NettyBlockTransferService' on port 39523.
[2025-04-04T02:33:43.354+0000] {spark_submit.py:649} INFO - 25/04/04 02:33:43 INFO NettyBlockTransferService: Server created on 31d7429ea047:39523
[2025-04-04T02:33:43.356+0000] {spark_submit.py:649} INFO - 25/04/04 02:33:43 INFO BlockManager: Using org.apache.spark.storage.RandomBlockReplicationPolicy for block replication policy
[2025-04-04T02:33:43.368+0000] {spark_submit.py:649} INFO - 25/04/04 02:33:43 INFO BlockManagerMaster: Registering BlockManager BlockManagerId(driver, 31d7429ea047, 39523, None)
[2025-04-04T02:33:43.374+0000] {spark_submit.py:649} INFO - 25/04/04 02:33:43 INFO BlockManagerMasterEndpoint: Registering block manager 31d7429ea047:39523 with 434.4 MiB RAM, BlockManagerId(driver, 31d7429ea047, 39523, None)
[2025-04-04T02:33:43.377+0000] {spark_submit.py:649} INFO - 25/04/04 02:33:43 INFO BlockManagerMaster: Registered BlockManager BlockManagerId(driver, 31d7429ea047, 39523, None)
[2025-04-04T02:33:43.379+0000] {spark_submit.py:649} INFO - 25/04/04 02:33:43 INFO BlockManager: Initialized BlockManager: BlockManagerId(driver, 31d7429ea047, 39523, None)
[2025-04-04T02:33:43.569+0000] {spark_submit.py:649} INFO - 25/04/04 02:33:43 INFO StandaloneSchedulerBackend: SchedulerBackend is ready for scheduling beginning after reached minRegisteredResourcesRatio: 0.0
[2025-04-04T02:33:43.797+0000] {spark_submit.py:649} INFO - ✅ Spark session received from DAG
[2025-04-04T02:33:43.798+0000] {spark_submit.py:649} INFO - 📥 Reading raw data...
[2025-04-04T02:33:43.808+0000] {spark_submit.py:649} INFO - 25/04/04 02:33:43 INFO SharedState: Setting hive.metastore.warehouse.dir ('null') to the value of spark.sql.warehouse.dir.
[2025-04-04T02:33:43.813+0000] {spark_submit.py:649} INFO - 25/04/04 02:33:43 INFO SharedState: Warehouse path is 'file:/opt/airflow/spark-warehouse'.
[2025-04-04T02:33:43.884+0000] {spark_submit.py:649} INFO - 25/04/04 02:33:43 INFO SparkContext: SparkContext is stopping with exitCode 0.
[2025-04-04T02:33:43.898+0000] {spark_submit.py:649} INFO - 25/04/04 02:33:43 INFO SparkUI: Stopped Spark web UI at http://31d7429ea047:4040
[2025-04-04T02:33:43.905+0000] {spark_submit.py:649} INFO - 25/04/04 02:33:43 INFO StandaloneSchedulerBackend: Shutting down all executors
[2025-04-04T02:33:43.909+0000] {spark_submit.py:649} INFO - 25/04/04 02:33:43 INFO StandaloneSchedulerBackend$StandaloneDriverEndpoint: Asking each executor to shut down
[2025-04-04T02:33:43.915+0000] {spark_submit.py:649} INFO - 25/04/04 02:33:43 WARN StandaloneAppClient$ClientEndpoint: Drop UnregisterApplication(null) because has not yet connected to master
[2025-04-04T02:33:43.926+0000] {spark_submit.py:649} INFO - 25/04/04 02:33:43 INFO MapOutputTrackerMasterEndpoint: MapOutputTrackerMasterEndpoint stopped!
[2025-04-04T02:33:43.944+0000] {spark_submit.py:649} INFO - 25/04/04 02:33:43 INFO MemoryStore: MemoryStore cleared
[2025-04-04T02:33:43.946+0000] {spark_submit.py:649} INFO - 25/04/04 02:33:43 INFO BlockManager: BlockManager stopped
[2025-04-04T02:33:43.955+0000] {spark_submit.py:649} INFO - 25/04/04 02:33:43 INFO BlockManagerMaster: BlockManagerMaster stopped
[2025-04-04T02:33:43.958+0000] {spark_submit.py:649} INFO - 25/04/04 02:33:43 INFO OutputCommitCoordinator$OutputCommitCoordinatorEndpoint: OutputCommitCoordinator stopped!
[2025-04-04T02:33:43.973+0000] {spark_submit.py:649} INFO - 25/04/04 02:33:43 INFO SparkContext: Successfully stopped SparkContext
[2025-04-04T02:33:44.690+0000] {spark_submit.py:649} INFO - 25/04/04 02:33:44 WARN FileStreamSink: Assume no metadata directory. Error while looking for metadata directory in the path: s3a://nyc-taxi/raw/yellow_tripdata_2023-01.parquet.
[2025-04-04T02:33:44.691+0000] {spark_submit.py:649} INFO - java.lang.RuntimeException: java.lang.ClassNotFoundException: Class org.apache.hadoop.fs.s3a.S3AFileSystem not found
[2025-04-04T02:33:44.692+0000] {spark_submit.py:649} INFO - at org.apache.hadoop.conf.Configuration.getClass(Configuration.java:2688)
[2025-04-04T02:33:44.693+0000] {spark_submit.py:649} INFO - at org.apache.hadoop.fs.FileSystem.getFileSystemClass(FileSystem.java:3431)
[2025-04-04T02:33:44.693+0000] {spark_submit.py:649} INFO - at org.apache.hadoop.fs.FileSystem.createFileSystem(FileSystem.java:3466)
[2025-04-04T02:33:44.694+0000] {spark_submit.py:649} INFO - at org.apache.hadoop.fs.FileSystem.access$300(FileSystem.java:174)
[2025-04-04T02:33:44.695+0000] {spark_submit.py:649} INFO - at org.apache.hadoop.fs.FileSystem$Cache.getInternal(FileSystem.java:3574)
[2025-04-04T02:33:44.695+0000] {spark_submit.py:649} INFO - at org.apache.hadoop.fs.FileSystem$Cache.get(FileSystem.java:3521)
[2025-04-04T02:33:44.696+0000] {spark_submit.py:649} INFO - at org.apache.hadoop.fs.FileSystem.get(FileSystem.java:540)
[2025-04-04T02:33:44.696+0000] {spark_submit.py:649} INFO - at org.apache.hadoop.fs.Path.getFileSystem(Path.java:365)
[2025-04-04T02:33:44.697+0000] {spark_submit.py:649} INFO - at org.apache.spark.sql.execution.streaming.FileStreamSink$.hasMetadata(FileStreamSink.scala:53)
[2025-04-04T02:33:44.697+0000] {spark_submit.py:649} INFO - at org.apache.spark.sql.execution.datasources.DataSource.resolveRelation(DataSource.scala:366)
[2025-04-04T02:33:44.698+0000] {spark_submit.py:649} INFO - at org.apache.spark.sql.DataFrameReader.loadV1Source(DataFrameReader.scala:229)
[2025-04-04T02:33:44.699+0000] {spark_submit.py:649} INFO - at org.apache.spark.sql.DataFrameReader.$anonfun$load$2(DataFrameReader.scala:211)
[2025-04-04T02:33:44.699+0000] {spark_submit.py:649} INFO - at scala.Option.getOrElse(Option.scala:189)
[2025-04-04T02:33:44.700+0000] {spark_submit.py:649} INFO - at org.apache.spark.sql.DataFrameReader.load(DataFrameReader.scala:211)
[2025-04-04T02:33:44.700+0000] {spark_submit.py:649} INFO - at org.apache.spark.sql.DataFrameReader.parquet(DataFrameReader.scala:563)
[2025-04-04T02:33:44.701+0000] {spark_submit.py:649} INFO - at java.base/jdk.internal.reflect.NativeMethodAccessorImpl.invoke0(Native Method)
[2025-04-04T02:33:44.701+0000] {spark_submit.py:649} INFO - at java.base/jdk.internal.reflect.NativeMethodAccessorImpl.invoke(NativeMethodAccessorImpl.java:77)
[2025-04-04T02:33:44.702+0000] {spark_submit.py:649} INFO - at java.base/jdk.internal.reflect.DelegatingMethodAccessorImpl.invoke(DelegatingMethodAccessorImpl.java:43)
[2025-04-04T02:33:44.702+0000] {spark_submit.py:649} INFO - at java.base/java.lang.reflect.Method.invoke(Method.java:569)
[2025-04-04T02:33:44.703+0000] {spark_submit.py:649} INFO - at py4j.reflection.MethodInvoker.invoke(MethodInvoker.java:244)
[2025-04-04T02:33:44.703+0000] {spark_submit.py:649} INFO - at py4j.reflection.ReflectionEngine.invoke(ReflectionEngine.java:374)
[2025-04-04T02:33:44.704+0000] {spark_submit.py:649} INFO - at py4j.Gateway.invoke(Gateway.java:282)
[2025-04-04T02:33:44.704+0000] {spark_submit.py:649} INFO - at py4j.commands.AbstractCommand.invokeMethod(AbstractCommand.java:132)
[2025-04-04T02:33:44.705+0000] {spark_submit.py:649} INFO - at py4j.commands.CallCommand.execute(CallCommand.java:79)
[2025-04-04T02:33:44.705+0000] {spark_submit.py:649} INFO - at py4j.ClientServerConnection.waitForCommands(ClientServerConnection.java:182)
[2025-04-04T02:33:44.706+0000] {spark_submit.py:649} INFO - at py4j.ClientServerConnection.run(ClientServerConnection.java:106)
[2025-04-04T02:33:44.706+0000] {spark_submit.py:649} INFO - at java.base/java.lang.Thread.run(Thread.java:840)
[2025-04-04T02:33:44.707+0000] {spark_submit.py:649} INFO - Caused by: java.lang.ClassNotFoundException: Class org.apache.hadoop.fs.s3a.S3AFileSystem not found
[2025-04-04T02:33:44.708+0000] {spark_submit.py:649} INFO - at org.apache.hadoop.conf.Configuration.getClassByName(Configuration.java:2592)
[2025-04-04T02:33:44.708+0000] {spark_submit.py:649} INFO - at org.apache.hadoop.conf.Configuration.getClass(Configuration.java:2686)
[2025-04-04T02:33:44.709+0000] {spark_submit.py:649} INFO - ... 26 more
[2025-04-04T02:33:44.775+0000] {spark_submit.py:649} INFO - Traceback (most recent call last):
[2025-04-04T02:33:44.776+0000] {spark_submit.py:649} INFO - File "/opt/spark-app/clean_yellow_tripdata.py", line 9, in <module>
[2025-04-04T02:33:44.782+0000] {spark_submit.py:649} INFO - clean_yellow_tripdata(spark)
[2025-04-04T02:33:44.783+0000] {spark_submit.py:649} INFO - File "/opt/pipeline/transform/clean_yellow_tripdata.py", line 9, in clean_yellow_tripdata
[2025-04-04T02:33:44.791+0000] {spark_submit.py:649} INFO - df = spark.read.parquet(raw_path)
[2025-04-04T02:33:44.792+0000] {spark_submit.py:649} INFO - File "/opt/spark/python/lib/pyspark.zip/pyspark/sql/readwriter.py", line 544, in parquet
[2025-04-04T02:33:44.793+0000] {spark_submit.py:649} INFO - File "/opt/spark/python/lib/py4j-0.10.9.7-src.zip/py4j/java_gateway.py", line 1322, in __call__
[2025-04-04T02:33:44.794+0000] {spark_submit.py:649} INFO - File "/opt/spark/python/lib/pyspark.zip/pyspark/errors/exceptions/captured.py", line 179, in deco
[2025-04-04T02:33:44.795+0000] {spark_submit.py:649} INFO - File "/opt/spark/python/lib/py4j-0.10.9.7-src.zip/py4j/protocol.py", line 326, in get_return_value
[2025-04-04T02:33:44.798+0000] {spark_submit.py:649} INFO - py4j.protocol.Py4JJavaError: An error occurred while calling o26.parquet.
[2025-04-04T02:33:44.799+0000] {spark_submit.py:649} INFO - : java.lang.RuntimeException: java.lang.ClassNotFoundException: Class org.apache.hadoop.fs.s3a.S3AFileSystem not found
[2025-04-04T02:33:44.800+0000] {spark_submit.py:649} INFO - at org.apache.hadoop.conf.Configuration.getClass(Configuration.java:2688)
[2025-04-04T02:33:44.801+0000] {spark_submit.py:649} INFO - at org.apache.hadoop.fs.FileSystem.getFileSystemClass(FileSystem.java:3431)
[2025-04-04T02:33:44.802+0000] {spark_submit.py:649} INFO - at org.apache.hadoop.fs.FileSystem.createFileSystem(FileSystem.java:3466)
[2025-04-04T02:33:44.804+0000] {spark_submit.py:649} INFO - at org.apache.hadoop.fs.FileSystem.access$300(FileSystem.java:174)
[2025-04-04T02:33:44.805+0000] {spark_submit.py:649} INFO - at org.apache.hadoop.fs.FileSystem$Cache.getInternal(FileSystem.java:3574)
[2025-04-04T02:33:44.806+0000] {spark_submit.py:649} INFO - at org.apache.hadoop.fs.FileSystem$Cache.get(FileSystem.java:3521)
[2025-04-04T02:33:44.806+0000] {spark_submit.py:649} INFO - at org.apache.hadoop.fs.FileSystem.get(FileSystem.java:540)
[2025-04-04T02:33:44.807+0000] {spark_submit.py:649} INFO - at org.apache.hadoop.fs.Path.getFileSystem(Path.java:365)
[2025-04-04T02:33:44.808+0000] {spark_submit.py:649} INFO - at org.apache.spark.sql.execution.datasources.DataSource$.$anonfun$checkAndGlobPathIfNecessary$1(DataSource.scala:724)
[2025-04-04T02:33:44.809+0000] {spark_submit.py:649} INFO - at scala.collection.immutable.List.map(List.scala:293)
[2025-04-04T02:33:44.810+0000] {spark_submit.py:649} INFO - at org.apache.spark.sql.execution.datasources.DataSource$.checkAndGlobPathIfNecessary(DataSource.scala:722)
[2025-04-04T02:33:44.811+0000] {spark_submit.py:649} INFO - at org.apache.spark.sql.execution.datasources.DataSource.checkAndGlobPathIfNecessary(DataSource.scala:551)
[2025-04-04T02:33:44.812+0000] {spark_submit.py:649} INFO - at org.apache.spark.sql.execution.datasources.DataSource.resolveRelation(DataSource.scala:404)
[2025-04-04T02:33:44.813+0000] {spark_submit.py:649} INFO - at org.apache.spark.sql.DataFrameReader.loadV1Source(DataFrameReader.scala:229)
[2025-04-04T02:33:44.814+0000] {spark_submit.py:649} INFO - at org.apache.spark.sql.DataFrameReader.$anonfun$load$2(DataFrameReader.scala:211)
[2025-04-04T02:33:44.815+0000] {spark_submit.py:649} INFO - at scala.Option.getOrElse(Option.scala:189)
[2025-04-04T02:33:44.815+0000] {spark_submit.py:649} INFO - at org.apache.spark.sql.DataFrameReader.load(DataFrameReader.scala:211)
[2025-04-04T02:33:44.816+0000] {spark_submit.py:649} INFO - at org.apache.spark.sql.DataFrameReader.parquet(DataFrameReader.scala:563)
[2025-04-04T02:33:44.817+0000] {spark_submit.py:649} INFO - at java.base/jdk.internal.reflect.NativeMethodAccessorImpl.invoke0(Native Method)
[2025-04-04T02:33:44.818+0000] {spark_submit.py:649} INFO - at java.base/jdk.internal.reflect.NativeMethodAccessorImpl.invoke(NativeMethodAccessorImpl.java:77)
[2025-04-04T02:33:44.819+0000] {spark_submit.py:649} INFO - at java.base/jdk.internal.reflect.DelegatingMethodAccessorImpl.invoke(DelegatingMethodAccessorImpl.java:43)
[2025-04-04T02:33:44.820+0000] {spark_submit.py:649} INFO - at java.base/java.lang.reflect.Method.invoke(Method.java:569)
[2025-04-04T02:33:44.821+0000] {spark_submit.py:649} INFO - at py4j.reflection.MethodInvoker.invoke(MethodInvoker.java:244)
[2025-04-04T02:33:44.822+0000] {spark_submit.py:649} INFO - at py4j.reflection.ReflectionEngine.invoke(ReflectionEngine.java:374)
[2025-04-04T02:33:44.822+0000] {spark_submit.py:649} INFO - at py4j.Gateway.invoke(Gateway.java:282)
[2025-04-04T02:33:44.823+0000] {spark_submit.py:649} INFO - at py4j.commands.AbstractCommand.invokeMethod(AbstractCommand.java:132)
[2025-04-04T02:33:44.824+0000] {spark_submit.py:649} INFO - at py4j.commands.CallCommand.execute(CallCommand.java:79)
[2025-04-04T02:33:44.825+0000] {spark_submit.py:649} INFO - at py4j.ClientServerConnection.waitForCommands(ClientServerConnection.java:182)
[2025-04-04T02:33:44.826+0000] {spark_submit.py:649} INFO - at py4j.ClientServerConnection.run(ClientServerConnection.java:106)
[2025-04-04T02:33:44.827+0000] {spark_submit.py:649} INFO - at java.base/java.lang.Thread.run(Thread.java:840)
[2025-04-04T02:33:44.827+0000] {spark_submit.py:649} INFO - Caused by: java.lang.ClassNotFoundException: Class org.apache.hadoop.fs.s3a.S3AFileSystem not found
[2025-04-04T02:33:44.828+0000] {spark_submit.py:649} INFO - at org.apache.hadoop.conf.Configuration.getClassByName(Configuration.java:2592)
[2025-04-04T02:33:44.829+0000] {spark_submit.py:649} INFO - at org.apache.hadoop.conf.Configuration.getClass(Configuration.java:2686)
[2025-04-04T02:33:44.830+0000] {spark_submit.py:649} INFO - ... 29 more
[2025-04-04T02:33:44.831+0000] {spark_submit.py:649} INFO - 
[2025-04-04T02:33:44.847+0000] {spark_submit.py:649} INFO - 25/04/04 02:33:44 INFO ShutdownHookManager: Shutdown hook called
[2025-04-04T02:33:44.849+0000] {spark_submit.py:649} INFO - 25/04/04 02:33:44 INFO ShutdownHookManager: Deleting directory /tmp/spark-7dccb8f7-5149-4b3e-906d-0945aa01aabb
[2025-04-04T02:33:44.856+0000] {spark_submit.py:649} INFO - 25/04/04 02:33:44 INFO ShutdownHookManager: Deleting directory /tmp/spark-06722fd9-72e0-4b04-bab4-66ff69078a53/pyspark-85281fe5-b4b1-4e0b-a39f-5e11cd424df1
[2025-04-04T02:33:44.864+0000] {spark_submit.py:649} INFO - 25/04/04 02:33:44 INFO ShutdownHookManager: Deleting directory /tmp/spark-06722fd9-72e0-4b04-bab4-66ff69078a53
[2025-04-04T02:33:44.949+0000] {taskinstance.py:2698} ERROR - Task failed with exception
Traceback (most recent call last):
  File "/home/airflow/.local/lib/python3.8/site-packages/airflow/models/taskinstance.py", line 433, in _execute_task
    result = execute_callable(context=context, **execute_callable_kwargs)
  File "/home/airflow/.local/lib/python3.8/site-packages/airflow/providers/apache/spark/operators/spark_submit.py", line 176, in execute
    self._hook.submit(self.application)
  File "/home/airflow/.local/lib/python3.8/site-packages/airflow/providers/apache/spark/hooks/spark_submit.py", line 575, in submit
    raise AirflowException(
airflow.exceptions.AirflowException: Cannot execute: spark-submit --master spark://spark-master:7077 --conf spark.master=spark://spark-master:7077 --jars /opt/spark/jars/hadoop-aws-3.3.6.jar,/opt/spark/jars/aws-java-sdk-bundle-1.12.696.jar --name arrow-spark --verbose --queue root.default --deploy-mode client /opt/spark-app/clean_yellow_tripdata.py. Error code is: 1.
[2025-04-04T02:33:44.959+0000] {taskinstance.py:1138} INFO - Marking task as FAILED. dag_id=full_pipeline_dag, task_id=clean_data_spark, execution_date=20250403T000000, start_date=20250404T023237, end_date=20250404T023344
[2025-04-04T02:33:45.255+0000] {standard_task_runner.py:107} ERROR - Failed to execute job 227 for task clean_data_spark (Cannot execute: spark-submit --master spark://spark-master:7077 --conf spark.master=spark://spark-master:7077 --jars /opt/spark/jars/hadoop-aws-3.3.6.jar,/opt/spark/jars/aws-java-sdk-bundle-1.12.696.jar --name arrow-spark --verbose --queue root.default --deploy-mode client /opt/spark-app/clean_yellow_tripdata.py. Error code is: 1.; 964)
[2025-04-04T02:33:45.298+0000] {local_task_job_runner.py:234} INFO - Task exited with return code 1
[2025-04-04T02:33:45.366+0000] {taskinstance.py:3280} INFO - 0 downstream tasks scheduled from follow-on schedule check
