[2025-04-04T03:36:45.976+0000] {taskinstance.py:1956} INFO - Dependencies all met for dep_context=non-requeueable deps ti=<TaskInstance: full_pipeline_dag.clean_data_spark scheduled__2025-04-03T00:00:00+00:00 [queued]>
[2025-04-04T03:36:45.998+0000] {taskinstance.py:1956} INFO - Dependencies all met for dep_context=requeueable deps ti=<TaskInstance: full_pipeline_dag.clean_data_spark scheduled__2025-04-03T00:00:00+00:00 [queued]>
[2025-04-04T03:36:45.999+0000] {taskinstance.py:2170} INFO - Starting attempt 4 of 6
[2025-04-04T03:36:46.053+0000] {taskinstance.py:2191} INFO - Executing <Task(SparkSubmitOperator): clean_data_spark> on 2025-04-03 00:00:00+00:00
[2025-04-04T03:36:46.063+0000] {standard_task_runner.py:60} INFO - Started process 57 to run task
[2025-04-04T03:36:46.088+0000] {standard_task_runner.py:87} INFO - Running: ['airflow', 'tasks', 'run', 'full_pipeline_dag', 'clean_data_spark', 'scheduled__2025-04-03T00:00:00+00:00', '--job-id', '230', '--raw', '--subdir', 'DAGS_FOLDER/full_pipeline_dag.py', '--cfg-path', '/tmp/tmpk3s_1_gg']
[2025-04-04T03:36:46.093+0000] {standard_task_runner.py:88} INFO - Job 230: Subtask clean_data_spark
[2025-04-04T03:36:46.188+0000] {logging_mixin.py:188} WARNING - /home/airflow/.local/lib/python3.8/site-packages/airflow/settings.py:194 DeprecationWarning: The sql_alchemy_conn option in [core] has been moved to the sql_alchemy_conn option in [database] - the old setting has been used, but please update your config.
[2025-04-04T03:36:46.302+0000] {task_command.py:423} INFO - Running <TaskInstance: full_pipeline_dag.clean_data_spark scheduled__2025-04-03T00:00:00+00:00 [running]> on host d1dcd11a0d3d
[2025-04-04T03:36:46.548+0000] {taskinstance.py:2480} INFO - Exporting env vars: AIRFLOW_CTX_DAG_OWNER='airflow' AIRFLOW_CTX_DAG_ID='full_pipeline_dag' AIRFLOW_CTX_TASK_ID='clean_data_spark' AIRFLOW_CTX_EXECUTION_DATE='2025-04-03T00:00:00+00:00' AIRFLOW_CTX_TRY_NUMBER='4' AIRFLOW_CTX_DAG_RUN_ID='scheduled__2025-04-03T00:00:00+00:00'
[2025-04-04T03:36:46.580+0000] {base.py:83} INFO - Using connection ID 'spark_default' for task execution.
[2025-04-04T03:36:46.582+0000] {spark_submit.py:473} INFO - Spark-Submit cmd: spark-submit --master spark://spark-master:7077 --conf spark.master=spark://spark-master:7077 --jars /opt/spark/jars/hadoop-aws-3.3.6.jar,/opt/spark/jars/aws-java-sdk-bundle-1.12.696.jar --name arrow-spark --verbose --queue root.default --deploy-mode client /opt/spark-app/clean_yellow_tripdata.py
[2025-04-04T03:36:49.879+0000] {spark_submit.py:649} INFO - Using properties file: null
[2025-04-04T03:36:50.002+0000] {spark_submit.py:649} INFO - Parsed arguments:
[2025-04-04T03:36:50.003+0000] {spark_submit.py:649} INFO - master                  spark://spark-master:7077
[2025-04-04T03:36:50.004+0000] {spark_submit.py:649} INFO - remote                  null
[2025-04-04T03:36:50.004+0000] {spark_submit.py:649} INFO - deployMode              client
[2025-04-04T03:36:50.005+0000] {spark_submit.py:649} INFO - executorMemory          null
[2025-04-04T03:36:50.006+0000] {spark_submit.py:649} INFO - executorCores           null
[2025-04-04T03:36:50.006+0000] {spark_submit.py:649} INFO - totalExecutorCores      null
[2025-04-04T03:36:50.007+0000] {spark_submit.py:649} INFO - propertiesFile          null
[2025-04-04T03:36:50.007+0000] {spark_submit.py:649} INFO - driverMemory            null
[2025-04-04T03:36:50.008+0000] {spark_submit.py:649} INFO - driverCores             null
[2025-04-04T03:36:50.008+0000] {spark_submit.py:649} INFO - driverExtraClassPath    null
[2025-04-04T03:36:50.009+0000] {spark_submit.py:649} INFO - driverExtraLibraryPath  null
[2025-04-04T03:36:50.009+0000] {spark_submit.py:649} INFO - driverExtraJavaOptions  null
[2025-04-04T03:36:50.010+0000] {spark_submit.py:649} INFO - supervise               false
[2025-04-04T03:36:50.010+0000] {spark_submit.py:649} INFO - queue                   root.default
[2025-04-04T03:36:50.011+0000] {spark_submit.py:649} INFO - numExecutors            null
[2025-04-04T03:36:50.011+0000] {spark_submit.py:649} INFO - files                   null
[2025-04-04T03:36:50.012+0000] {spark_submit.py:649} INFO - pyFiles                 null
[2025-04-04T03:36:50.013+0000] {spark_submit.py:649} INFO - archives                null
[2025-04-04T03:36:50.013+0000] {spark_submit.py:649} INFO - mainClass               null
[2025-04-04T03:36:50.014+0000] {spark_submit.py:649} INFO - primaryResource         file:/opt/spark-app/clean_yellow_tripdata.py
[2025-04-04T03:36:50.014+0000] {spark_submit.py:649} INFO - name                    arrow-spark
[2025-04-04T03:36:50.015+0000] {spark_submit.py:649} INFO - childArgs               []
[2025-04-04T03:36:50.015+0000] {spark_submit.py:649} INFO - jars                    file:/opt/spark-3.5.0-bin-hadoop3/jars/hadoop-aws-3.3.6.jar,file:/opt/spark-3.5.0-bin-hadoop3/jars/aws-java-sdk-bundle-1.12.696.jar
[2025-04-04T03:36:50.016+0000] {spark_submit.py:649} INFO - packages                null
[2025-04-04T03:36:50.016+0000] {spark_submit.py:649} INFO - packagesExclusions      null
[2025-04-04T03:36:50.017+0000] {spark_submit.py:649} INFO - repositories            null
[2025-04-04T03:36:50.017+0000] {spark_submit.py:649} INFO - verbose                 true
[2025-04-04T03:36:50.018+0000] {spark_submit.py:649} INFO - 
[2025-04-04T03:36:50.018+0000] {spark_submit.py:649} INFO - Spark properties used, including those specified through
[2025-04-04T03:36:50.019+0000] {spark_submit.py:649} INFO - --conf and those from the properties file null:
[2025-04-04T03:36:50.019+0000] {spark_submit.py:649} INFO - (spark.master,spark://spark-master:7077)
[2025-04-04T03:36:50.020+0000] {spark_submit.py:649} INFO - 
[2025-04-04T03:36:50.021+0000] {spark_submit.py:649} INFO - 
[2025-04-04T03:36:50.594+0000] {spark_submit.py:649} INFO - 25/04/04 03:36:50 WARN NativeCodeLoader: Unable to load native-hadoop library for your platform... using builtin-java classes where applicable
[2025-04-04T03:36:50.817+0000] {spark_submit.py:649} INFO - Main class:
[2025-04-04T03:36:50.819+0000] {spark_submit.py:649} INFO - org.apache.spark.deploy.PythonRunner
[2025-04-04T03:36:50.820+0000] {spark_submit.py:649} INFO - Arguments:
[2025-04-04T03:36:50.820+0000] {spark_submit.py:649} INFO - file:/opt/spark-app/clean_yellow_tripdata.py
[2025-04-04T03:36:50.821+0000] {spark_submit.py:649} INFO - null
[2025-04-04T03:36:50.825+0000] {spark_submit.py:649} INFO - Spark config:
[2025-04-04T03:36:50.826+0000] {spark_submit.py:649} INFO - (spark.app.name,arrow-spark)
[2025-04-04T03:36:50.827+0000] {spark_submit.py:649} INFO - (spark.app.submitTime,1743737810805)
[2025-04-04T03:36:50.828+0000] {spark_submit.py:649} INFO - (spark.jars,file:/opt/spark-3.5.0-bin-hadoop3/jars/hadoop-aws-3.3.6.jar,file:/opt/spark-3.5.0-bin-hadoop3/jars/aws-java-sdk-bundle-1.12.696.jar)
[2025-04-04T03:36:50.829+0000] {spark_submit.py:649} INFO - (spark.master,spark://spark-master:7077)
[2025-04-04T03:36:50.830+0000] {spark_submit.py:649} INFO - (spark.repl.local.jars,file:/opt/spark-3.5.0-bin-hadoop3/jars/hadoop-aws-3.3.6.jar,file:/opt/spark-3.5.0-bin-hadoop3/jars/aws-java-sdk-bundle-1.12.696.jar)
[2025-04-04T03:36:50.831+0000] {spark_submit.py:649} INFO - (spark.submit.deployMode,client)
[2025-04-04T03:36:50.832+0000] {spark_submit.py:649} INFO - (spark.submit.pyFiles,)
[2025-04-04T03:36:50.833+0000] {spark_submit.py:649} INFO - Classpath elements:
[2025-04-04T03:36:50.833+0000] {spark_submit.py:649} INFO - file:/opt/spark-3.5.0-bin-hadoop3/jars/hadoop-aws-3.3.6.jar
[2025-04-04T03:36:50.834+0000] {spark_submit.py:649} INFO - file:/opt/spark-3.5.0-bin-hadoop3/jars/aws-java-sdk-bundle-1.12.696.jar
[2025-04-04T03:36:50.835+0000] {spark_submit.py:649} INFO - 
[2025-04-04T03:36:50.835+0000] {spark_submit.py:649} INFO - 
[2025-04-04T03:36:50.836+0000] {spark_submit.py:649} INFO - 25/04/04 03:36:50 WARN DependencyUtils: Local jar /opt/spark-3.5.0-bin-hadoop3/jars/hadoop-aws-3.3.6.jar does not exist, skipping.
[2025-04-04T03:36:50.837+0000] {spark_submit.py:649} INFO - 25/04/04 03:36:50 WARN DependencyUtils: Local jar /opt/spark-3.5.0-bin-hadoop3/jars/aws-java-sdk-bundle-1.12.696.jar does not exist, skipping.
[2025-04-04T03:36:52.111+0000] {spark_submit.py:649} INFO - 25/04/04 03:36:52 INFO SparkContext: Running Spark version 3.5.0
[2025-04-04T03:36:52.112+0000] {spark_submit.py:649} INFO - 25/04/04 03:36:52 INFO SparkContext: OS info Linux, 5.15.167.4-microsoft-standard-WSL2, amd64
[2025-04-04T03:36:52.113+0000] {spark_submit.py:649} INFO - 25/04/04 03:36:52 INFO SparkContext: Java version 17.0.14
[2025-04-04T03:36:52.173+0000] {spark_submit.py:649} INFO - 25/04/04 03:36:52 INFO ResourceUtils: ==============================================================
[2025-04-04T03:36:52.174+0000] {spark_submit.py:649} INFO - 25/04/04 03:36:52 INFO ResourceUtils: No custom resources configured for spark.driver.
[2025-04-04T03:36:52.174+0000] {spark_submit.py:649} INFO - 25/04/04 03:36:52 INFO ResourceUtils: ==============================================================
[2025-04-04T03:36:52.175+0000] {spark_submit.py:649} INFO - 25/04/04 03:36:52 INFO SparkContext: Submitted application: CleanYellowData
[2025-04-04T03:36:52.215+0000] {spark_submit.py:649} INFO - 25/04/04 03:36:52 INFO ResourceProfile: Default ResourceProfile created, executor resources: Map(memory -> name: memory, amount: 1024, script: , vendor: , offHeap -> name: offHeap, amount: 0, script: , vendor: ), task resources: Map(cpus -> name: cpus, amount: 1.0)
[2025-04-04T03:36:52.224+0000] {spark_submit.py:649} INFO - 25/04/04 03:36:52 INFO ResourceProfile: Limiting resource is cpu
[2025-04-04T03:36:52.226+0000] {spark_submit.py:649} INFO - 25/04/04 03:36:52 INFO ResourceProfileManager: Added ResourceProfile id: 0
[2025-04-04T03:36:52.392+0000] {spark_submit.py:649} INFO - 25/04/04 03:36:52 INFO SecurityManager: Changing view acls to: airflow
[2025-04-04T03:36:52.394+0000] {spark_submit.py:649} INFO - 25/04/04 03:36:52 INFO SecurityManager: Changing modify acls to: airflow
[2025-04-04T03:36:52.398+0000] {spark_submit.py:649} INFO - 25/04/04 03:36:52 INFO SecurityManager: Changing view acls groups to:
[2025-04-04T03:36:52.399+0000] {spark_submit.py:649} INFO - 25/04/04 03:36:52 INFO SecurityManager: Changing modify acls groups to:
[2025-04-04T03:36:52.400+0000] {spark_submit.py:649} INFO - 25/04/04 03:36:52 INFO SecurityManager: SecurityManager: authentication disabled; ui acls disabled; users with view permissions: airflow; groups with view permissions: EMPTY; users with modify permissions: airflow; groups with modify permissions: EMPTY
[2025-04-04T03:36:52.881+0000] {spark_submit.py:649} INFO - 25/04/04 03:36:52 INFO Utils: Successfully started service 'sparkDriver' on port 44021.
[2025-04-04T03:36:52.956+0000] {spark_submit.py:649} INFO - 25/04/04 03:36:52 INFO SparkEnv: Registering MapOutputTracker
[2025-04-04T03:36:53.132+0000] {spark_submit.py:649} INFO - 25/04/04 03:36:53 INFO SparkEnv: Registering BlockManagerMaster
[2025-04-04T03:36:53.182+0000] {spark_submit.py:649} INFO - 25/04/04 03:36:53 INFO BlockManagerMasterEndpoint: Using org.apache.spark.storage.DefaultTopologyMapper for getting topology information
[2025-04-04T03:36:53.184+0000] {spark_submit.py:649} INFO - 25/04/04 03:36:53 INFO BlockManagerMasterEndpoint: BlockManagerMasterEndpoint up
[2025-04-04T03:36:53.200+0000] {spark_submit.py:649} INFO - 25/04/04 03:36:53 INFO SparkEnv: Registering BlockManagerMasterHeartbeat
[2025-04-04T03:36:53.304+0000] {spark_submit.py:649} INFO - 25/04/04 03:36:53 INFO DiskBlockManager: Created local directory at /tmp/blockmgr-3346477c-e796-44b1-bce1-aa55c0d519b6
[2025-04-04T03:36:53.337+0000] {spark_submit.py:649} INFO - 25/04/04 03:36:53 INFO MemoryStore: MemoryStore started with capacity 434.4 MiB
[2025-04-04T03:36:53.384+0000] {spark_submit.py:649} INFO - 25/04/04 03:36:53 INFO SparkEnv: Registering OutputCommitCoordinator
[2025-04-04T03:36:53.730+0000] {spark_submit.py:649} INFO - 25/04/04 03:36:53 INFO JettyUtils: Start Jetty 0.0.0.0:4040 for SparkUI
[2025-04-04T03:36:53.969+0000] {spark_submit.py:649} INFO - 25/04/04 03:36:53 INFO Utils: Successfully started service 'SparkUI' on port 4040.
[2025-04-04T03:36:54.020+0000] {spark_submit.py:649} INFO - 25/04/04 03:36:54 ERROR SparkContext: Failed to add file:/opt/spark-3.5.0-bin-hadoop3/jars/hadoop-aws-3.3.6.jar to Spark environment
[2025-04-04T03:36:54.021+0000] {spark_submit.py:649} INFO - java.io.FileNotFoundException: Jar /opt/spark-3.5.0-bin-hadoop3/jars/hadoop-aws-3.3.6.jar not found
[2025-04-04T03:36:54.022+0000] {spark_submit.py:649} INFO - at org.apache.spark.SparkContext.addLocalJarFile$1(SparkContext.scala:2100)
[2025-04-04T03:36:54.023+0000] {spark_submit.py:649} INFO - at org.apache.spark.SparkContext.addJar(SparkContext.scala:2156)
[2025-04-04T03:36:54.024+0000] {spark_submit.py:649} INFO - at org.apache.spark.SparkContext.$anonfun$new$15(SparkContext.scala:526)
[2025-04-04T03:36:54.025+0000] {spark_submit.py:649} INFO - at org.apache.spark.SparkContext.$anonfun$new$15$adapted(SparkContext.scala:526)
[2025-04-04T03:36:54.026+0000] {spark_submit.py:649} INFO - at scala.collection.mutable.ResizableArray.foreach(ResizableArray.scala:62)
[2025-04-04T03:36:54.027+0000] {spark_submit.py:649} INFO - at scala.collection.mutable.ResizableArray.foreach$(ResizableArray.scala:55)
[2025-04-04T03:36:54.027+0000] {spark_submit.py:649} INFO - at scala.collection.mutable.ArrayBuffer.foreach(ArrayBuffer.scala:49)
[2025-04-04T03:36:54.028+0000] {spark_submit.py:649} INFO - at org.apache.spark.SparkContext.<init>(SparkContext.scala:526)
[2025-04-04T03:36:54.029+0000] {spark_submit.py:649} INFO - at org.apache.spark.api.java.JavaSparkContext.<init>(JavaSparkContext.scala:58)
[2025-04-04T03:36:54.030+0000] {spark_submit.py:649} INFO - at java.base/jdk.internal.reflect.NativeConstructorAccessorImpl.newInstance0(Native Method)
[2025-04-04T03:36:54.030+0000] {spark_submit.py:649} INFO - at java.base/jdk.internal.reflect.NativeConstructorAccessorImpl.newInstance(NativeConstructorAccessorImpl.java:77)
[2025-04-04T03:36:54.031+0000] {spark_submit.py:649} INFO - at java.base/jdk.internal.reflect.DelegatingConstructorAccessorImpl.newInstance(DelegatingConstructorAccessorImpl.java:45)
[2025-04-04T03:36:54.032+0000] {spark_submit.py:649} INFO - at java.base/java.lang.reflect.Constructor.newInstanceWithCaller(Constructor.java:500)
[2025-04-04T03:36:54.032+0000] {spark_submit.py:649} INFO - at java.base/java.lang.reflect.Constructor.newInstance(Constructor.java:481)
[2025-04-04T03:36:54.033+0000] {spark_submit.py:649} INFO - at py4j.reflection.MethodInvoker.invoke(MethodInvoker.java:247)
[2025-04-04T03:36:54.034+0000] {spark_submit.py:649} INFO - at py4j.reflection.ReflectionEngine.invoke(ReflectionEngine.java:374)
[2025-04-04T03:36:54.035+0000] {spark_submit.py:649} INFO - at py4j.Gateway.invoke(Gateway.java:238)
[2025-04-04T03:36:54.035+0000] {spark_submit.py:649} INFO - at py4j.commands.ConstructorCommand.invokeConstructor(ConstructorCommand.java:80)
[2025-04-04T03:36:54.036+0000] {spark_submit.py:649} INFO - at py4j.commands.ConstructorCommand.execute(ConstructorCommand.java:69)
[2025-04-04T03:36:54.037+0000] {spark_submit.py:649} INFO - at py4j.ClientServerConnection.waitForCommands(ClientServerConnection.java:182)
[2025-04-04T03:36:54.037+0000] {spark_submit.py:649} INFO - at py4j.ClientServerConnection.run(ClientServerConnection.java:106)
[2025-04-04T03:36:54.038+0000] {spark_submit.py:649} INFO - at java.base/java.lang.Thread.run(Thread.java:840)
[2025-04-04T03:36:54.039+0000] {spark_submit.py:649} INFO - 25/04/04 03:36:54 ERROR SparkContext: Failed to add file:/opt/spark-3.5.0-bin-hadoop3/jars/aws-java-sdk-bundle-1.12.696.jar to Spark environment
[2025-04-04T03:36:54.039+0000] {spark_submit.py:649} INFO - java.io.FileNotFoundException: Jar /opt/spark-3.5.0-bin-hadoop3/jars/aws-java-sdk-bundle-1.12.696.jar not found
[2025-04-04T03:36:54.040+0000] {spark_submit.py:649} INFO - at org.apache.spark.SparkContext.addLocalJarFile$1(SparkContext.scala:2100)
[2025-04-04T03:36:54.041+0000] {spark_submit.py:649} INFO - at org.apache.spark.SparkContext.addJar(SparkContext.scala:2156)
[2025-04-04T03:36:54.041+0000] {spark_submit.py:649} INFO - at org.apache.spark.SparkContext.$anonfun$new$15(SparkContext.scala:526)
[2025-04-04T03:36:54.042+0000] {spark_submit.py:649} INFO - at org.apache.spark.SparkContext.$anonfun$new$15$adapted(SparkContext.scala:526)
[2025-04-04T03:36:54.043+0000] {spark_submit.py:649} INFO - at scala.collection.mutable.ResizableArray.foreach(ResizableArray.scala:62)
[2025-04-04T03:36:54.044+0000] {spark_submit.py:649} INFO - at scala.collection.mutable.ResizableArray.foreach$(ResizableArray.scala:55)
[2025-04-04T03:36:54.045+0000] {spark_submit.py:649} INFO - at scala.collection.mutable.ArrayBuffer.foreach(ArrayBuffer.scala:49)
[2025-04-04T03:36:54.045+0000] {spark_submit.py:649} INFO - at org.apache.spark.SparkContext.<init>(SparkContext.scala:526)
[2025-04-04T03:36:54.046+0000] {spark_submit.py:649} INFO - at org.apache.spark.api.java.JavaSparkContext.<init>(JavaSparkContext.scala:58)
[2025-04-04T03:36:54.046+0000] {spark_submit.py:649} INFO - at java.base/jdk.internal.reflect.NativeConstructorAccessorImpl.newInstance0(Native Method)
[2025-04-04T03:36:54.047+0000] {spark_submit.py:649} INFO - at java.base/jdk.internal.reflect.NativeConstructorAccessorImpl.newInstance(NativeConstructorAccessorImpl.java:77)
[2025-04-04T03:36:54.048+0000] {spark_submit.py:649} INFO - at java.base/jdk.internal.reflect.DelegatingConstructorAccessorImpl.newInstance(DelegatingConstructorAccessorImpl.java:45)
[2025-04-04T03:36:54.048+0000] {spark_submit.py:649} INFO - at java.base/java.lang.reflect.Constructor.newInstanceWithCaller(Constructor.java:500)
[2025-04-04T03:36:54.049+0000] {spark_submit.py:649} INFO - at java.base/java.lang.reflect.Constructor.newInstance(Constructor.java:481)
[2025-04-04T03:36:54.049+0000] {spark_submit.py:649} INFO - at py4j.reflection.MethodInvoker.invoke(MethodInvoker.java:247)
[2025-04-04T03:36:54.050+0000] {spark_submit.py:649} INFO - at py4j.reflection.ReflectionEngine.invoke(ReflectionEngine.java:374)
[2025-04-04T03:36:54.050+0000] {spark_submit.py:649} INFO - at py4j.Gateway.invoke(Gateway.java:238)
[2025-04-04T03:36:54.051+0000] {spark_submit.py:649} INFO - at py4j.commands.ConstructorCommand.invokeConstructor(ConstructorCommand.java:80)
[2025-04-04T03:36:54.051+0000] {spark_submit.py:649} INFO - at py4j.commands.ConstructorCommand.execute(ConstructorCommand.java:69)
[2025-04-04T03:36:54.052+0000] {spark_submit.py:649} INFO - at py4j.ClientServerConnection.waitForCommands(ClientServerConnection.java:182)
[2025-04-04T03:36:54.053+0000] {spark_submit.py:649} INFO - at py4j.ClientServerConnection.run(ClientServerConnection.java:106)
[2025-04-04T03:36:54.054+0000] {spark_submit.py:649} INFO - at java.base/java.lang.Thread.run(Thread.java:840)
[2025-04-04T03:36:54.168+0000] {spark_submit.py:649} INFO - 25/04/04 03:36:54 INFO StandaloneAppClient$ClientEndpoint: Connecting to master spark://spark-master:7077...
[2025-04-04T03:36:54.235+0000] {spark_submit.py:649} INFO - 25/04/04 03:36:54 INFO TransportClientFactory: Successfully created connection to spark-master/172.24.0.5:7077 after 35 ms (0 ms spent in bootstraps)
[2025-04-04T03:36:54.607+0000] {spark_submit.py:649} INFO - 25/04/04 03:36:54 INFO StandaloneSchedulerBackend: Connected to Spark cluster with app ID app-20250404033654-0000
[2025-04-04T03:36:54.625+0000] {spark_submit.py:649} INFO - 25/04/04 03:36:54 INFO Utils: Successfully started service 'org.apache.spark.network.netty.NettyBlockTransferService' on port 45103.
[2025-04-04T03:36:54.626+0000] {spark_submit.py:649} INFO - 25/04/04 03:36:54 INFO NettyBlockTransferService: Server created on d1dcd11a0d3d:45103
[2025-04-04T03:36:54.629+0000] {spark_submit.py:649} INFO - 25/04/04 03:36:54 INFO BlockManager: Using org.apache.spark.storage.RandomBlockReplicationPolicy for block replication policy
[2025-04-04T03:36:54.644+0000] {spark_submit.py:649} INFO - 25/04/04 03:36:54 INFO BlockManagerMaster: Registering BlockManager BlockManagerId(driver, d1dcd11a0d3d, 45103, None)
[2025-04-04T03:36:54.647+0000] {spark_submit.py:649} INFO - 25/04/04 03:36:54 INFO StandaloneAppClient$ClientEndpoint: Executor added: app-20250404033654-0000/0 on worker-20250404033545-172.24.0.7-44149 (172.24.0.7:44149) with 2 core(s)
[2025-04-04T03:36:54.650+0000] {spark_submit.py:649} INFO - 25/04/04 03:36:54 INFO BlockManagerMasterEndpoint: Registering block manager d1dcd11a0d3d:45103 with 434.4 MiB RAM, BlockManagerId(driver, d1dcd11a0d3d, 45103, None)
[2025-04-04T03:36:54.652+0000] {spark_submit.py:649} INFO - 25/04/04 03:36:54 INFO StandaloneSchedulerBackend: Granted executor ID app-20250404033654-0000/0 on hostPort 172.24.0.7:44149 with 2 core(s), 1024.0 MiB RAM
[2025-04-04T03:36:54.656+0000] {spark_submit.py:649} INFO - 25/04/04 03:36:54 INFO BlockManagerMaster: Registered BlockManager BlockManagerId(driver, d1dcd11a0d3d, 45103, None)
[2025-04-04T03:36:54.660+0000] {spark_submit.py:649} INFO - 25/04/04 03:36:54 INFO BlockManager: Initialized BlockManager: BlockManagerId(driver, d1dcd11a0d3d, 45103, None)
[2025-04-04T03:36:54.854+0000] {spark_submit.py:649} INFO - 25/04/04 03:36:54 INFO StandaloneAppClient$ClientEndpoint: Executor updated: app-20250404033654-0000/0 is now RUNNING
[2025-04-04T03:36:54.989+0000] {spark_submit.py:649} INFO - 25/04/04 03:36:54 INFO StandaloneSchedulerBackend: SchedulerBackend is ready for scheduling beginning after reached minRegisteredResourcesRatio: 0.0
[2025-04-04T03:36:55.272+0000] {spark_submit.py:649} INFO - ✅ Spark session received from DAG
[2025-04-04T03:36:55.273+0000] {spark_submit.py:649} INFO - 📥 Reading raw data...
[2025-04-04T03:36:55.286+0000] {spark_submit.py:649} INFO - 25/04/04 03:36:55 INFO SharedState: Setting hive.metastore.warehouse.dir ('null') to the value of spark.sql.warehouse.dir.
[2025-04-04T03:36:55.290+0000] {spark_submit.py:649} INFO - 25/04/04 03:36:55 INFO SharedState: Warehouse path is 'file:/opt/airflow/spark-warehouse'.
[2025-04-04T03:36:56.374+0000] {spark_submit.py:649} INFO - 25/04/04 03:36:56 WARN FileStreamSink: Assume no metadata directory. Error while looking for metadata directory in the path: s3a://nyc-taxi/raw/yellow_tripdata_2023-01.parquet.
[2025-04-04T03:36:56.375+0000] {spark_submit.py:649} INFO - java.lang.RuntimeException: java.lang.ClassNotFoundException: Class org.apache.hadoop.fs.s3a.S3AFileSystem not found
[2025-04-04T03:36:56.376+0000] {spark_submit.py:649} INFO - at org.apache.hadoop.conf.Configuration.getClass(Configuration.java:2688)
[2025-04-04T03:36:56.376+0000] {spark_submit.py:649} INFO - at org.apache.hadoop.fs.FileSystem.getFileSystemClass(FileSystem.java:3431)
[2025-04-04T03:36:56.377+0000] {spark_submit.py:649} INFO - at org.apache.hadoop.fs.FileSystem.createFileSystem(FileSystem.java:3466)
[2025-04-04T03:36:56.377+0000] {spark_submit.py:649} INFO - at org.apache.hadoop.fs.FileSystem.access$300(FileSystem.java:174)
[2025-04-04T03:36:56.378+0000] {spark_submit.py:649} INFO - at org.apache.hadoop.fs.FileSystem$Cache.getInternal(FileSystem.java:3574)
[2025-04-04T03:36:56.378+0000] {spark_submit.py:649} INFO - at org.apache.hadoop.fs.FileSystem$Cache.get(FileSystem.java:3521)
[2025-04-04T03:36:56.379+0000] {spark_submit.py:649} INFO - at org.apache.hadoop.fs.FileSystem.get(FileSystem.java:540)
[2025-04-04T03:36:56.380+0000] {spark_submit.py:649} INFO - at org.apache.hadoop.fs.Path.getFileSystem(Path.java:365)
[2025-04-04T03:36:56.380+0000] {spark_submit.py:649} INFO - at org.apache.spark.sql.execution.streaming.FileStreamSink$.hasMetadata(FileStreamSink.scala:53)
[2025-04-04T03:36:56.381+0000] {spark_submit.py:649} INFO - at org.apache.spark.sql.execution.datasources.DataSource.resolveRelation(DataSource.scala:366)
[2025-04-04T03:36:56.381+0000] {spark_submit.py:649} INFO - at org.apache.spark.sql.DataFrameReader.loadV1Source(DataFrameReader.scala:229)
[2025-04-04T03:36:56.382+0000] {spark_submit.py:649} INFO - at org.apache.spark.sql.DataFrameReader.$anonfun$load$2(DataFrameReader.scala:211)
[2025-04-04T03:36:56.383+0000] {spark_submit.py:649} INFO - at scala.Option.getOrElse(Option.scala:189)
[2025-04-04T03:36:56.383+0000] {spark_submit.py:649} INFO - at org.apache.spark.sql.DataFrameReader.load(DataFrameReader.scala:211)
[2025-04-04T03:36:56.384+0000] {spark_submit.py:649} INFO - at org.apache.spark.sql.DataFrameReader.parquet(DataFrameReader.scala:563)
[2025-04-04T03:36:56.384+0000] {spark_submit.py:649} INFO - at java.base/jdk.internal.reflect.NativeMethodAccessorImpl.invoke0(Native Method)
[2025-04-04T03:36:56.385+0000] {spark_submit.py:649} INFO - at java.base/jdk.internal.reflect.NativeMethodAccessorImpl.invoke(NativeMethodAccessorImpl.java:77)
[2025-04-04T03:36:56.385+0000] {spark_submit.py:649} INFO - at java.base/jdk.internal.reflect.DelegatingMethodAccessorImpl.invoke(DelegatingMethodAccessorImpl.java:43)
[2025-04-04T03:36:56.386+0000] {spark_submit.py:649} INFO - at java.base/java.lang.reflect.Method.invoke(Method.java:569)
[2025-04-04T03:36:56.386+0000] {spark_submit.py:649} INFO - at py4j.reflection.MethodInvoker.invoke(MethodInvoker.java:244)
[2025-04-04T03:36:56.387+0000] {spark_submit.py:649} INFO - at py4j.reflection.ReflectionEngine.invoke(ReflectionEngine.java:374)
[2025-04-04T03:36:56.387+0000] {spark_submit.py:649} INFO - at py4j.Gateway.invoke(Gateway.java:282)
[2025-04-04T03:36:56.388+0000] {spark_submit.py:649} INFO - at py4j.commands.AbstractCommand.invokeMethod(AbstractCommand.java:132)
[2025-04-04T03:36:56.388+0000] {spark_submit.py:649} INFO - at py4j.commands.CallCommand.execute(CallCommand.java:79)
[2025-04-04T03:36:56.389+0000] {spark_submit.py:649} INFO - at py4j.ClientServerConnection.waitForCommands(ClientServerConnection.java:182)
[2025-04-04T03:36:56.389+0000] {spark_submit.py:649} INFO - at py4j.ClientServerConnection.run(ClientServerConnection.java:106)
[2025-04-04T03:36:56.390+0000] {spark_submit.py:649} INFO - at java.base/java.lang.Thread.run(Thread.java:840)
[2025-04-04T03:36:56.390+0000] {spark_submit.py:649} INFO - Caused by: java.lang.ClassNotFoundException: Class org.apache.hadoop.fs.s3a.S3AFileSystem not found
[2025-04-04T03:36:56.391+0000] {spark_submit.py:649} INFO - at org.apache.hadoop.conf.Configuration.getClassByName(Configuration.java:2592)
[2025-04-04T03:36:56.391+0000] {spark_submit.py:649} INFO - at org.apache.hadoop.conf.Configuration.getClass(Configuration.java:2686)
[2025-04-04T03:36:56.392+0000] {spark_submit.py:649} INFO - ... 26 more
[2025-04-04T03:36:56.459+0000] {spark_submit.py:649} INFO - Traceback (most recent call last):
[2025-04-04T03:36:56.460+0000] {spark_submit.py:649} INFO - File "/opt/spark-app/clean_yellow_tripdata.py", line 9, in <module>
[2025-04-04T03:36:56.464+0000] {spark_submit.py:649} INFO - clean_yellow_tripdata(spark)
[2025-04-04T03:36:56.465+0000] {spark_submit.py:649} INFO - File "/opt/pipeline/transform/clean_yellow_tripdata.py", line 9, in clean_yellow_tripdata
[2025-04-04T03:36:56.470+0000] {spark_submit.py:649} INFO - df = spark.read.parquet(raw_path)
[2025-04-04T03:36:56.471+0000] {spark_submit.py:649} INFO - File "/opt/spark/python/lib/pyspark.zip/pyspark/sql/readwriter.py", line 544, in parquet
[2025-04-04T03:36:56.472+0000] {spark_submit.py:649} INFO - File "/opt/spark/python/lib/py4j-0.10.9.7-src.zip/py4j/java_gateway.py", line 1322, in __call__
[2025-04-04T03:36:56.473+0000] {spark_submit.py:649} INFO - File "/opt/spark/python/lib/pyspark.zip/pyspark/errors/exceptions/captured.py", line 179, in deco
[2025-04-04T03:36:56.475+0000] {spark_submit.py:649} INFO - File "/opt/spark/python/lib/py4j-0.10.9.7-src.zip/py4j/protocol.py", line 326, in get_return_value
[2025-04-04T03:36:56.476+0000] {spark_submit.py:649} INFO - py4j.protocol.Py4JJavaError: An error occurred while calling o26.parquet.
[2025-04-04T03:36:56.477+0000] {spark_submit.py:649} INFO - : java.lang.RuntimeException: java.lang.ClassNotFoundException: Class org.apache.hadoop.fs.s3a.S3AFileSystem not found
[2025-04-04T03:36:56.478+0000] {spark_submit.py:649} INFO - at org.apache.hadoop.conf.Configuration.getClass(Configuration.java:2688)
[2025-04-04T03:36:56.479+0000] {spark_submit.py:649} INFO - at org.apache.hadoop.fs.FileSystem.getFileSystemClass(FileSystem.java:3431)
[2025-04-04T03:36:56.479+0000] {spark_submit.py:649} INFO - at org.apache.hadoop.fs.FileSystem.createFileSystem(FileSystem.java:3466)
[2025-04-04T03:36:56.480+0000] {spark_submit.py:649} INFO - at org.apache.hadoop.fs.FileSystem.access$300(FileSystem.java:174)
[2025-04-04T03:36:56.481+0000] {spark_submit.py:649} INFO - at org.apache.hadoop.fs.FileSystem$Cache.getInternal(FileSystem.java:3574)
[2025-04-04T03:36:56.481+0000] {spark_submit.py:649} INFO - at org.apache.hadoop.fs.FileSystem$Cache.get(FileSystem.java:3521)
[2025-04-04T03:36:56.482+0000] {spark_submit.py:649} INFO - at org.apache.hadoop.fs.FileSystem.get(FileSystem.java:540)
[2025-04-04T03:36:56.483+0000] {spark_submit.py:649} INFO - at org.apache.hadoop.fs.Path.getFileSystem(Path.java:365)
[2025-04-04T03:36:56.484+0000] {spark_submit.py:649} INFO - at org.apache.spark.sql.execution.datasources.DataSource$.$anonfun$checkAndGlobPathIfNecessary$1(DataSource.scala:724)
[2025-04-04T03:36:56.484+0000] {spark_submit.py:649} INFO - at scala.collection.immutable.List.map(List.scala:293)
[2025-04-04T03:36:56.485+0000] {spark_submit.py:649} INFO - at org.apache.spark.sql.execution.datasources.DataSource$.checkAndGlobPathIfNecessary(DataSource.scala:722)
[2025-04-04T03:36:56.486+0000] {spark_submit.py:649} INFO - at org.apache.spark.sql.execution.datasources.DataSource.checkAndGlobPathIfNecessary(DataSource.scala:551)
[2025-04-04T03:36:56.487+0000] {spark_submit.py:649} INFO - at org.apache.spark.sql.execution.datasources.DataSource.resolveRelation(DataSource.scala:404)
[2025-04-04T03:36:56.487+0000] {spark_submit.py:649} INFO - at org.apache.spark.sql.DataFrameReader.loadV1Source(DataFrameReader.scala:229)
[2025-04-04T03:36:56.488+0000] {spark_submit.py:649} INFO - at org.apache.spark.sql.DataFrameReader.$anonfun$load$2(DataFrameReader.scala:211)
[2025-04-04T03:36:56.489+0000] {spark_submit.py:649} INFO - at scala.Option.getOrElse(Option.scala:189)
[2025-04-04T03:36:56.489+0000] {spark_submit.py:649} INFO - at org.apache.spark.sql.DataFrameReader.load(DataFrameReader.scala:211)
[2025-04-04T03:36:56.490+0000] {spark_submit.py:649} INFO - at org.apache.spark.sql.DataFrameReader.parquet(DataFrameReader.scala:563)
[2025-04-04T03:36:56.491+0000] {spark_submit.py:649} INFO - at java.base/jdk.internal.reflect.NativeMethodAccessorImpl.invoke0(Native Method)
[2025-04-04T03:36:56.491+0000] {spark_submit.py:649} INFO - at java.base/jdk.internal.reflect.NativeMethodAccessorImpl.invoke(NativeMethodAccessorImpl.java:77)
[2025-04-04T03:36:56.492+0000] {spark_submit.py:649} INFO - at java.base/jdk.internal.reflect.DelegatingMethodAccessorImpl.invoke(DelegatingMethodAccessorImpl.java:43)
[2025-04-04T03:36:56.492+0000] {spark_submit.py:649} INFO - at java.base/java.lang.reflect.Method.invoke(Method.java:569)
[2025-04-04T03:36:56.493+0000] {spark_submit.py:649} INFO - at py4j.reflection.MethodInvoker.invoke(MethodInvoker.java:244)
[2025-04-04T03:36:56.494+0000] {spark_submit.py:649} INFO - at py4j.reflection.ReflectionEngine.invoke(ReflectionEngine.java:374)
[2025-04-04T03:36:56.495+0000] {spark_submit.py:649} INFO - at py4j.Gateway.invoke(Gateway.java:282)
[2025-04-04T03:36:56.495+0000] {spark_submit.py:649} INFO - at py4j.commands.AbstractCommand.invokeMethod(AbstractCommand.java:132)
[2025-04-04T03:36:56.496+0000] {spark_submit.py:649} INFO - at py4j.commands.CallCommand.execute(CallCommand.java:79)
[2025-04-04T03:36:56.496+0000] {spark_submit.py:649} INFO - at py4j.ClientServerConnection.waitForCommands(ClientServerConnection.java:182)
[2025-04-04T03:36:56.497+0000] {spark_submit.py:649} INFO - at py4j.ClientServerConnection.run(ClientServerConnection.java:106)
[2025-04-04T03:36:56.497+0000] {spark_submit.py:649} INFO - at java.base/java.lang.Thread.run(Thread.java:840)
[2025-04-04T03:36:56.498+0000] {spark_submit.py:649} INFO - Caused by: java.lang.ClassNotFoundException: Class org.apache.hadoop.fs.s3a.S3AFileSystem not found
[2025-04-04T03:36:56.499+0000] {spark_submit.py:649} INFO - at org.apache.hadoop.conf.Configuration.getClassByName(Configuration.java:2592)
[2025-04-04T03:36:56.499+0000] {spark_submit.py:649} INFO - at org.apache.hadoop.conf.Configuration.getClass(Configuration.java:2686)
[2025-04-04T03:36:56.500+0000] {spark_submit.py:649} INFO - ... 29 more
[2025-04-04T03:36:56.501+0000] {spark_submit.py:649} INFO - 
[2025-04-04T03:36:56.534+0000] {spark_submit.py:649} INFO - 25/04/04 03:36:56 INFO SparkContext: Invoking stop() from shutdown hook
[2025-04-04T03:36:56.535+0000] {spark_submit.py:649} INFO - 25/04/04 03:36:56 INFO SparkContext: SparkContext is stopping with exitCode 0.
[2025-04-04T03:36:56.552+0000] {spark_submit.py:649} INFO - 25/04/04 03:36:56 INFO SparkUI: Stopped Spark web UI at http://d1dcd11a0d3d:4040
[2025-04-04T03:36:56.557+0000] {spark_submit.py:649} INFO - 25/04/04 03:36:56 INFO StandaloneSchedulerBackend: Shutting down all executors
[2025-04-04T03:36:56.560+0000] {spark_submit.py:649} INFO - 25/04/04 03:36:56 INFO StandaloneSchedulerBackend$StandaloneDriverEndpoint: Asking each executor to shut down
[2025-04-04T03:36:56.581+0000] {spark_submit.py:649} INFO - 25/04/04 03:36:56 INFO MapOutputTrackerMasterEndpoint: MapOutputTrackerMasterEndpoint stopped!
[2025-04-04T03:36:56.609+0000] {spark_submit.py:649} INFO - 25/04/04 03:36:56 INFO MemoryStore: MemoryStore cleared
[2025-04-04T03:36:56.610+0000] {spark_submit.py:649} INFO - 25/04/04 03:36:56 INFO BlockManager: BlockManager stopped
[2025-04-04T03:36:56.617+0000] {spark_submit.py:649} INFO - 25/04/04 03:36:56 INFO BlockManagerMaster: BlockManagerMaster stopped
[2025-04-04T03:36:56.620+0000] {spark_submit.py:649} INFO - 25/04/04 03:36:56 INFO OutputCommitCoordinator$OutputCommitCoordinatorEndpoint: OutputCommitCoordinator stopped!
[2025-04-04T03:36:56.640+0000] {spark_submit.py:649} INFO - 25/04/04 03:36:56 INFO SparkContext: Successfully stopped SparkContext
[2025-04-04T03:36:56.641+0000] {spark_submit.py:649} INFO - 25/04/04 03:36:56 INFO ShutdownHookManager: Shutdown hook called
[2025-04-04T03:36:56.642+0000] {spark_submit.py:649} INFO - 25/04/04 03:36:56 INFO ShutdownHookManager: Deleting directory /tmp/spark-0a35aa7b-163f-41c9-a395-80644dda9a86/pyspark-e80b3000-a374-4876-a906-bdb787f583cb
[2025-04-04T03:36:56.646+0000] {spark_submit.py:649} INFO - 25/04/04 03:36:56 INFO ShutdownHookManager: Deleting directory /tmp/spark-0a35aa7b-163f-41c9-a395-80644dda9a86
[2025-04-04T03:36:56.656+0000] {spark_submit.py:649} INFO - 25/04/04 03:36:56 INFO ShutdownHookManager: Deleting directory /tmp/spark-badc2989-0d43-417d-a212-050887a64ef3
[2025-04-04T03:36:56.718+0000] {taskinstance.py:2698} ERROR - Task failed with exception
Traceback (most recent call last):
  File "/home/airflow/.local/lib/python3.8/site-packages/airflow/models/taskinstance.py", line 433, in _execute_task
    result = execute_callable(context=context, **execute_callable_kwargs)
  File "/home/airflow/.local/lib/python3.8/site-packages/airflow/providers/apache/spark/operators/spark_submit.py", line 176, in execute
    self._hook.submit(self.application)
  File "/home/airflow/.local/lib/python3.8/site-packages/airflow/providers/apache/spark/hooks/spark_submit.py", line 575, in submit
    raise AirflowException(
airflow.exceptions.AirflowException: Cannot execute: spark-submit --master spark://spark-master:7077 --conf spark.master=spark://spark-master:7077 --jars /opt/spark/jars/hadoop-aws-3.3.6.jar,/opt/spark/jars/aws-java-sdk-bundle-1.12.696.jar --name arrow-spark --verbose --queue root.default --deploy-mode client /opt/spark-app/clean_yellow_tripdata.py. Error code is: 1.
[2025-04-04T03:36:56.725+0000] {taskinstance.py:1138} INFO - Marking task as UP_FOR_RETRY. dag_id=full_pipeline_dag, task_id=clean_data_spark, execution_date=20250403T000000, start_date=20250404T033645, end_date=20250404T033656
[2025-04-04T03:36:56.943+0000] {standard_task_runner.py:107} ERROR - Failed to execute job 230 for task clean_data_spark (Cannot execute: spark-submit --master spark://spark-master:7077 --conf spark.master=spark://spark-master:7077 --jars /opt/spark/jars/hadoop-aws-3.3.6.jar,/opt/spark/jars/aws-java-sdk-bundle-1.12.696.jar --name arrow-spark --verbose --queue root.default --deploy-mode client /opt/spark-app/clean_yellow_tripdata.py. Error code is: 1.; 57)
[2025-04-04T03:36:56.966+0000] {local_task_job_runner.py:234} INFO - Task exited with return code 1
[2025-04-04T03:36:57.010+0000] {taskinstance.py:3280} INFO - 0 downstream tasks scheduled from follow-on schedule check
