[2025-04-04T03:38:00.677+0000] {taskinstance.py:1956} INFO - Dependencies all met for dep_context=non-requeueable deps ti=<TaskInstance: full_pipeline_dag.clean_data_spark scheduled__2025-04-03T00:00:00+00:00 [queued]>
[2025-04-04T03:38:00.729+0000] {taskinstance.py:1956} INFO - Dependencies all met for dep_context=requeueable deps ti=<TaskInstance: full_pipeline_dag.clean_data_spark scheduled__2025-04-03T00:00:00+00:00 [queued]>
[2025-04-04T03:38:00.730+0000] {taskinstance.py:2170} INFO - Starting attempt 5 of 6
[2025-04-04T03:38:00.849+0000] {taskinstance.py:2191} INFO - Executing <Task(SparkSubmitOperator): clean_data_spark> on 2025-04-03 00:00:00+00:00
[2025-04-04T03:38:00.855+0000] {standard_task_runner.py:60} INFO - Started process 257 to run task
[2025-04-04T03:38:00.858+0000] {standard_task_runner.py:87} INFO - Running: ['airflow', 'tasks', 'run', 'full_pipeline_dag', 'clean_data_spark', 'scheduled__2025-04-03T00:00:00+00:00', '--job-id', '231', '--raw', '--subdir', 'DAGS_FOLDER/full_pipeline_dag.py', '--cfg-path', '/tmp/tmpodp007xe']
[2025-04-04T03:38:00.862+0000] {standard_task_runner.py:88} INFO - Job 231: Subtask clean_data_spark
[2025-04-04T03:38:00.956+0000] {logging_mixin.py:188} WARNING - /home/airflow/.local/lib/python3.8/site-packages/airflow/settings.py:194 DeprecationWarning: The sql_alchemy_conn option in [core] has been moved to the sql_alchemy_conn option in [database] - the old setting has been used, but please update your config.
[2025-04-04T03:38:01.058+0000] {task_command.py:423} INFO - Running <TaskInstance: full_pipeline_dag.clean_data_spark scheduled__2025-04-03T00:00:00+00:00 [running]> on host d1dcd11a0d3d
[2025-04-04T03:38:01.249+0000] {taskinstance.py:2480} INFO - Exporting env vars: AIRFLOW_CTX_DAG_OWNER='airflow' AIRFLOW_CTX_DAG_ID='full_pipeline_dag' AIRFLOW_CTX_TASK_ID='clean_data_spark' AIRFLOW_CTX_EXECUTION_DATE='2025-04-03T00:00:00+00:00' AIRFLOW_CTX_TRY_NUMBER='5' AIRFLOW_CTX_DAG_RUN_ID='scheduled__2025-04-03T00:00:00+00:00'
[2025-04-04T03:38:01.259+0000] {base.py:83} INFO - Using connection ID 'spark_default' for task execution.
[2025-04-04T03:38:01.260+0000] {spark_submit.py:473} INFO - Spark-Submit cmd: spark-submit --master spark://spark-master:7077 --conf spark.master=spark://spark-master:7077 --jars /opt/spark/jars/hadoop-aws-3.3.6.jar,/opt/spark/jars/aws-java-sdk-bundle-1.12.696.jar --name arrow-spark --verbose --queue root.default --deploy-mode client /opt/spark-app/clean_yellow_tripdata.py
[2025-04-04T03:38:02.382+0000] {spark_submit.py:649} INFO - Using properties file: null
[2025-04-04T03:38:02.473+0000] {spark_submit.py:649} INFO - Parsed arguments:
[2025-04-04T03:38:02.473+0000] {spark_submit.py:649} INFO - master                  spark://spark-master:7077
[2025-04-04T03:38:02.474+0000] {spark_submit.py:649} INFO - remote                  null
[2025-04-04T03:38:02.475+0000] {spark_submit.py:649} INFO - deployMode              client
[2025-04-04T03:38:02.475+0000] {spark_submit.py:649} INFO - executorMemory          null
[2025-04-04T03:38:02.476+0000] {spark_submit.py:649} INFO - executorCores           null
[2025-04-04T03:38:02.476+0000] {spark_submit.py:649} INFO - totalExecutorCores      null
[2025-04-04T03:38:02.477+0000] {spark_submit.py:649} INFO - propertiesFile          null
[2025-04-04T03:38:02.477+0000] {spark_submit.py:649} INFO - driverMemory            null
[2025-04-04T03:38:02.478+0000] {spark_submit.py:649} INFO - driverCores             null
[2025-04-04T03:38:02.479+0000] {spark_submit.py:649} INFO - driverExtraClassPath    null
[2025-04-04T03:38:02.479+0000] {spark_submit.py:649} INFO - driverExtraLibraryPath  null
[2025-04-04T03:38:02.479+0000] {spark_submit.py:649} INFO - driverExtraJavaOptions  null
[2025-04-04T03:38:02.480+0000] {spark_submit.py:649} INFO - supervise               false
[2025-04-04T03:38:02.480+0000] {spark_submit.py:649} INFO - queue                   root.default
[2025-04-04T03:38:02.480+0000] {spark_submit.py:649} INFO - numExecutors            null
[2025-04-04T03:38:02.481+0000] {spark_submit.py:649} INFO - files                   null
[2025-04-04T03:38:02.481+0000] {spark_submit.py:649} INFO - pyFiles                 null
[2025-04-04T03:38:02.482+0000] {spark_submit.py:649} INFO - archives                null
[2025-04-04T03:38:02.482+0000] {spark_submit.py:649} INFO - mainClass               null
[2025-04-04T03:38:02.483+0000] {spark_submit.py:649} INFO - primaryResource         file:/opt/spark-app/clean_yellow_tripdata.py
[2025-04-04T03:38:02.483+0000] {spark_submit.py:649} INFO - name                    arrow-spark
[2025-04-04T03:38:02.484+0000] {spark_submit.py:649} INFO - childArgs               []
[2025-04-04T03:38:02.484+0000] {spark_submit.py:649} INFO - jars                    file:/opt/spark-3.5.0-bin-hadoop3/jars/hadoop-aws-3.3.6.jar,file:/opt/spark-3.5.0-bin-hadoop3/jars/aws-java-sdk-bundle-1.12.696.jar
[2025-04-04T03:38:02.485+0000] {spark_submit.py:649} INFO - packages                null
[2025-04-04T03:38:02.485+0000] {spark_submit.py:649} INFO - packagesExclusions      null
[2025-04-04T03:38:02.486+0000] {spark_submit.py:649} INFO - repositories            null
[2025-04-04T03:38:02.486+0000] {spark_submit.py:649} INFO - verbose                 true
[2025-04-04T03:38:02.486+0000] {spark_submit.py:649} INFO - 
[2025-04-04T03:38:02.487+0000] {spark_submit.py:649} INFO - Spark properties used, including those specified through
[2025-04-04T03:38:02.487+0000] {spark_submit.py:649} INFO - --conf and those from the properties file null:
[2025-04-04T03:38:02.488+0000] {spark_submit.py:649} INFO - (spark.master,spark://spark-master:7077)
[2025-04-04T03:38:02.488+0000] {spark_submit.py:649} INFO - 
[2025-04-04T03:38:02.489+0000] {spark_submit.py:649} INFO - 
[2025-04-04T03:38:02.719+0000] {spark_submit.py:649} INFO - 25/04/04 03:38:02 WARN NativeCodeLoader: Unable to load native-hadoop library for your platform... using builtin-java classes where applicable
[2025-04-04T03:38:02.853+0000] {spark_submit.py:649} INFO - Main class:
[2025-04-04T03:38:02.854+0000] {spark_submit.py:649} INFO - org.apache.spark.deploy.PythonRunner
[2025-04-04T03:38:02.855+0000] {spark_submit.py:649} INFO - Arguments:
[2025-04-04T03:38:02.855+0000] {spark_submit.py:649} INFO - file:/opt/spark-app/clean_yellow_tripdata.py
[2025-04-04T03:38:02.856+0000] {spark_submit.py:649} INFO - null
[2025-04-04T03:38:02.856+0000] {spark_submit.py:649} INFO - Spark config:
[2025-04-04T03:38:02.857+0000] {spark_submit.py:649} INFO - (spark.app.name,arrow-spark)
[2025-04-04T03:38:02.858+0000] {spark_submit.py:649} INFO - (spark.app.submitTime,1743737882839)
[2025-04-04T03:38:02.858+0000] {spark_submit.py:649} INFO - (spark.jars,file:/opt/spark-3.5.0-bin-hadoop3/jars/hadoop-aws-3.3.6.jar,file:/opt/spark-3.5.0-bin-hadoop3/jars/aws-java-sdk-bundle-1.12.696.jar)
[2025-04-04T03:38:02.859+0000] {spark_submit.py:649} INFO - (spark.master,spark://spark-master:7077)
[2025-04-04T03:38:02.859+0000] {spark_submit.py:649} INFO - (spark.repl.local.jars,file:/opt/spark-3.5.0-bin-hadoop3/jars/hadoop-aws-3.3.6.jar,file:/opt/spark-3.5.0-bin-hadoop3/jars/aws-java-sdk-bundle-1.12.696.jar)
[2025-04-04T03:38:02.860+0000] {spark_submit.py:649} INFO - (spark.submit.deployMode,client)
[2025-04-04T03:38:02.860+0000] {spark_submit.py:649} INFO - (spark.submit.pyFiles,)
[2025-04-04T03:38:02.861+0000] {spark_submit.py:649} INFO - Classpath elements:
[2025-04-04T03:38:02.862+0000] {spark_submit.py:649} INFO - file:/opt/spark-3.5.0-bin-hadoop3/jars/hadoop-aws-3.3.6.jar
[2025-04-04T03:38:02.862+0000] {spark_submit.py:649} INFO - file:/opt/spark-3.5.0-bin-hadoop3/jars/aws-java-sdk-bundle-1.12.696.jar
[2025-04-04T03:38:02.863+0000] {spark_submit.py:649} INFO - 
[2025-04-04T03:38:02.863+0000] {spark_submit.py:649} INFO - 
[2025-04-04T03:38:02.864+0000] {spark_submit.py:649} INFO - 25/04/04 03:38:02 WARN DependencyUtils: Local jar /opt/spark-3.5.0-bin-hadoop3/jars/hadoop-aws-3.3.6.jar does not exist, skipping.
[2025-04-04T03:38:02.864+0000] {spark_submit.py:649} INFO - 25/04/04 03:38:02 WARN DependencyUtils: Local jar /opt/spark-3.5.0-bin-hadoop3/jars/aws-java-sdk-bundle-1.12.696.jar does not exist, skipping.
[2025-04-04T03:38:03.610+0000] {spark_submit.py:649} INFO - 25/04/04 03:38:03 INFO SparkContext: Running Spark version 3.5.0
[2025-04-04T03:38:03.612+0000] {spark_submit.py:649} INFO - 25/04/04 03:38:03 INFO SparkContext: OS info Linux, 5.15.167.4-microsoft-standard-WSL2, amd64
[2025-04-04T03:38:03.612+0000] {spark_submit.py:649} INFO - 25/04/04 03:38:03 INFO SparkContext: Java version 17.0.14
[2025-04-04T03:38:03.633+0000] {spark_submit.py:649} INFO - 25/04/04 03:38:03 INFO ResourceUtils: ==============================================================
[2025-04-04T03:38:03.634+0000] {spark_submit.py:649} INFO - 25/04/04 03:38:03 INFO ResourceUtils: No custom resources configured for spark.driver.
[2025-04-04T03:38:03.635+0000] {spark_submit.py:649} INFO - 25/04/04 03:38:03 INFO ResourceUtils: ==============================================================
[2025-04-04T03:38:03.637+0000] {spark_submit.py:649} INFO - 25/04/04 03:38:03 INFO SparkContext: Submitted application: CleanYellowData
[2025-04-04T03:38:03.648+0000] {spark_submit.py:649} INFO - 25/04/04 03:38:03 INFO ResourceProfile: Default ResourceProfile created, executor resources: Map(memory -> name: memory, amount: 1024, script: , vendor: , offHeap -> name: offHeap, amount: 0, script: , vendor: ), task resources: Map(cpus -> name: cpus, amount: 1.0)
[2025-04-04T03:38:03.653+0000] {spark_submit.py:649} INFO - 25/04/04 03:38:03 INFO ResourceProfile: Limiting resource is cpu
[2025-04-04T03:38:03.654+0000] {spark_submit.py:649} INFO - 25/04/04 03:38:03 INFO ResourceProfileManager: Added ResourceProfile id: 0
[2025-04-04T03:38:03.691+0000] {spark_submit.py:649} INFO - 25/04/04 03:38:03 INFO SecurityManager: Changing view acls to: airflow
[2025-04-04T03:38:03.692+0000] {spark_submit.py:649} INFO - 25/04/04 03:38:03 INFO SecurityManager: Changing modify acls to: airflow
[2025-04-04T03:38:03.693+0000] {spark_submit.py:649} INFO - 25/04/04 03:38:03 INFO SecurityManager: Changing view acls groups to:
[2025-04-04T03:38:03.694+0000] {spark_submit.py:649} INFO - 25/04/04 03:38:03 INFO SecurityManager: Changing modify acls groups to:
[2025-04-04T03:38:03.694+0000] {spark_submit.py:649} INFO - 25/04/04 03:38:03 INFO SecurityManager: SecurityManager: authentication disabled; ui acls disabled; users with view permissions: airflow; groups with view permissions: EMPTY; users with modify permissions: airflow; groups with modify permissions: EMPTY
[2025-04-04T03:38:03.839+0000] {spark_submit.py:649} INFO - 25/04/04 03:38:03 INFO Utils: Successfully started service 'sparkDriver' on port 40773.
[2025-04-04T03:38:03.858+0000] {spark_submit.py:649} INFO - 25/04/04 03:38:03 INFO SparkEnv: Registering MapOutputTracker
[2025-04-04T03:38:03.885+0000] {spark_submit.py:649} INFO - 25/04/04 03:38:03 INFO SparkEnv: Registering BlockManagerMaster
[2025-04-04T03:38:03.896+0000] {spark_submit.py:649} INFO - 25/04/04 03:38:03 INFO BlockManagerMasterEndpoint: Using org.apache.spark.storage.DefaultTopologyMapper for getting topology information
[2025-04-04T03:38:03.899+0000] {spark_submit.py:649} INFO - 25/04/04 03:38:03 INFO BlockManagerMasterEndpoint: BlockManagerMasterEndpoint up
[2025-04-04T03:38:03.900+0000] {spark_submit.py:649} INFO - 25/04/04 03:38:03 INFO SparkEnv: Registering BlockManagerMasterHeartbeat
[2025-04-04T03:38:03.916+0000] {spark_submit.py:649} INFO - 25/04/04 03:38:03 INFO DiskBlockManager: Created local directory at /tmp/blockmgr-ee35a6db-acfd-4484-b788-d62818847198
[2025-04-04T03:38:03.925+0000] {spark_submit.py:649} INFO - 25/04/04 03:38:03 INFO MemoryStore: MemoryStore started with capacity 434.4 MiB
[2025-04-04T03:38:03.950+0000] {spark_submit.py:649} INFO - 25/04/04 03:38:03 INFO SparkEnv: Registering OutputCommitCoordinator
[2025-04-04T03:38:04.039+0000] {spark_submit.py:649} INFO - 25/04/04 03:38:04 INFO JettyUtils: Start Jetty 0.0.0.0:4040 for SparkUI
[2025-04-04T03:38:04.092+0000] {spark_submit.py:649} INFO - 25/04/04 03:38:04 INFO Utils: Successfully started service 'SparkUI' on port 4040.
[2025-04-04T03:38:04.117+0000] {spark_submit.py:649} INFO - 25/04/04 03:38:04 ERROR SparkContext: Failed to add file:/opt/spark-3.5.0-bin-hadoop3/jars/hadoop-aws-3.3.6.jar to Spark environment
[2025-04-04T03:38:04.118+0000] {spark_submit.py:649} INFO - java.io.FileNotFoundException: Jar /opt/spark-3.5.0-bin-hadoop3/jars/hadoop-aws-3.3.6.jar not found
[2025-04-04T03:38:04.119+0000] {spark_submit.py:649} INFO - at org.apache.spark.SparkContext.addLocalJarFile$1(SparkContext.scala:2100)
[2025-04-04T03:38:04.119+0000] {spark_submit.py:649} INFO - at org.apache.spark.SparkContext.addJar(SparkContext.scala:2156)
[2025-04-04T03:38:04.120+0000] {spark_submit.py:649} INFO - at org.apache.spark.SparkContext.$anonfun$new$15(SparkContext.scala:526)
[2025-04-04T03:38:04.121+0000] {spark_submit.py:649} INFO - at org.apache.spark.SparkContext.$anonfun$new$15$adapted(SparkContext.scala:526)
[2025-04-04T03:38:04.121+0000] {spark_submit.py:649} INFO - at scala.collection.mutable.ResizableArray.foreach(ResizableArray.scala:62)
[2025-04-04T03:38:04.121+0000] {spark_submit.py:649} INFO - at scala.collection.mutable.ResizableArray.foreach$(ResizableArray.scala:55)
[2025-04-04T03:38:04.122+0000] {spark_submit.py:649} INFO - at scala.collection.mutable.ArrayBuffer.foreach(ArrayBuffer.scala:49)
[2025-04-04T03:38:04.122+0000] {spark_submit.py:649} INFO - at org.apache.spark.SparkContext.<init>(SparkContext.scala:526)
[2025-04-04T03:38:04.123+0000] {spark_submit.py:649} INFO - at org.apache.spark.api.java.JavaSparkContext.<init>(JavaSparkContext.scala:58)
[2025-04-04T03:38:04.123+0000] {spark_submit.py:649} INFO - at java.base/jdk.internal.reflect.NativeConstructorAccessorImpl.newInstance0(Native Method)
[2025-04-04T03:38:04.123+0000] {spark_submit.py:649} INFO - at java.base/jdk.internal.reflect.NativeConstructorAccessorImpl.newInstance(NativeConstructorAccessorImpl.java:77)
[2025-04-04T03:38:04.124+0000] {spark_submit.py:649} INFO - at java.base/jdk.internal.reflect.DelegatingConstructorAccessorImpl.newInstance(DelegatingConstructorAccessorImpl.java:45)
[2025-04-04T03:38:04.124+0000] {spark_submit.py:649} INFO - at java.base/java.lang.reflect.Constructor.newInstanceWithCaller(Constructor.java:500)
[2025-04-04T03:38:04.124+0000] {spark_submit.py:649} INFO - at java.base/java.lang.reflect.Constructor.newInstance(Constructor.java:481)
[2025-04-04T03:38:04.125+0000] {spark_submit.py:649} INFO - at py4j.reflection.MethodInvoker.invoke(MethodInvoker.java:247)
[2025-04-04T03:38:04.125+0000] {spark_submit.py:649} INFO - at py4j.reflection.ReflectionEngine.invoke(ReflectionEngine.java:374)
[2025-04-04T03:38:04.125+0000] {spark_submit.py:649} INFO - at py4j.Gateway.invoke(Gateway.java:238)
[2025-04-04T03:38:04.126+0000] {spark_submit.py:649} INFO - at py4j.commands.ConstructorCommand.invokeConstructor(ConstructorCommand.java:80)
[2025-04-04T03:38:04.126+0000] {spark_submit.py:649} INFO - at py4j.commands.ConstructorCommand.execute(ConstructorCommand.java:69)
[2025-04-04T03:38:04.126+0000] {spark_submit.py:649} INFO - at py4j.ClientServerConnection.waitForCommands(ClientServerConnection.java:182)
[2025-04-04T03:38:04.127+0000] {spark_submit.py:649} INFO - at py4j.ClientServerConnection.run(ClientServerConnection.java:106)
[2025-04-04T03:38:04.127+0000] {spark_submit.py:649} INFO - at java.base/java.lang.Thread.run(Thread.java:840)
[2025-04-04T03:38:04.127+0000] {spark_submit.py:649} INFO - 25/04/04 03:38:04 ERROR SparkContext: Failed to add file:/opt/spark-3.5.0-bin-hadoop3/jars/aws-java-sdk-bundle-1.12.696.jar to Spark environment
[2025-04-04T03:38:04.127+0000] {spark_submit.py:649} INFO - java.io.FileNotFoundException: Jar /opt/spark-3.5.0-bin-hadoop3/jars/aws-java-sdk-bundle-1.12.696.jar not found
[2025-04-04T03:38:04.128+0000] {spark_submit.py:649} INFO - at org.apache.spark.SparkContext.addLocalJarFile$1(SparkContext.scala:2100)
[2025-04-04T03:38:04.128+0000] {spark_submit.py:649} INFO - at org.apache.spark.SparkContext.addJar(SparkContext.scala:2156)
[2025-04-04T03:38:04.128+0000] {spark_submit.py:649} INFO - at org.apache.spark.SparkContext.$anonfun$new$15(SparkContext.scala:526)
[2025-04-04T03:38:04.128+0000] {spark_submit.py:649} INFO - at org.apache.spark.SparkContext.$anonfun$new$15$adapted(SparkContext.scala:526)
[2025-04-04T03:38:04.129+0000] {spark_submit.py:649} INFO - at scala.collection.mutable.ResizableArray.foreach(ResizableArray.scala:62)
[2025-04-04T03:38:04.129+0000] {spark_submit.py:649} INFO - at scala.collection.mutable.ResizableArray.foreach$(ResizableArray.scala:55)
[2025-04-04T03:38:04.129+0000] {spark_submit.py:649} INFO - at scala.collection.mutable.ArrayBuffer.foreach(ArrayBuffer.scala:49)
[2025-04-04T03:38:04.130+0000] {spark_submit.py:649} INFO - at org.apache.spark.SparkContext.<init>(SparkContext.scala:526)
[2025-04-04T03:38:04.130+0000] {spark_submit.py:649} INFO - at org.apache.spark.api.java.JavaSparkContext.<init>(JavaSparkContext.scala:58)
[2025-04-04T03:38:04.131+0000] {spark_submit.py:649} INFO - at java.base/jdk.internal.reflect.NativeConstructorAccessorImpl.newInstance0(Native Method)
[2025-04-04T03:38:04.131+0000] {spark_submit.py:649} INFO - at java.base/jdk.internal.reflect.NativeConstructorAccessorImpl.newInstance(NativeConstructorAccessorImpl.java:77)
[2025-04-04T03:38:04.131+0000] {spark_submit.py:649} INFO - at java.base/jdk.internal.reflect.DelegatingConstructorAccessorImpl.newInstance(DelegatingConstructorAccessorImpl.java:45)
[2025-04-04T03:38:04.132+0000] {spark_submit.py:649} INFO - at java.base/java.lang.reflect.Constructor.newInstanceWithCaller(Constructor.java:500)
[2025-04-04T03:38:04.132+0000] {spark_submit.py:649} INFO - at java.base/java.lang.reflect.Constructor.newInstance(Constructor.java:481)
[2025-04-04T03:38:04.133+0000] {spark_submit.py:649} INFO - at py4j.reflection.MethodInvoker.invoke(MethodInvoker.java:247)
[2025-04-04T03:38:04.133+0000] {spark_submit.py:649} INFO - at py4j.reflection.ReflectionEngine.invoke(ReflectionEngine.java:374)
[2025-04-04T03:38:04.133+0000] {spark_submit.py:649} INFO - at py4j.Gateway.invoke(Gateway.java:238)
[2025-04-04T03:38:04.133+0000] {spark_submit.py:649} INFO - at py4j.commands.ConstructorCommand.invokeConstructor(ConstructorCommand.java:80)
[2025-04-04T03:38:04.134+0000] {spark_submit.py:649} INFO - at py4j.commands.ConstructorCommand.execute(ConstructorCommand.java:69)
[2025-04-04T03:38:04.134+0000] {spark_submit.py:649} INFO - at py4j.ClientServerConnection.waitForCommands(ClientServerConnection.java:182)
[2025-04-04T03:38:04.135+0000] {spark_submit.py:649} INFO - at py4j.ClientServerConnection.run(ClientServerConnection.java:106)
[2025-04-04T03:38:04.135+0000] {spark_submit.py:649} INFO - at java.base/java.lang.Thread.run(Thread.java:840)
[2025-04-04T03:38:04.175+0000] {spark_submit.py:649} INFO - 25/04/04 03:38:04 INFO StandaloneAppClient$ClientEndpoint: Connecting to master spark://spark-master:7077...
[2025-04-04T03:38:04.206+0000] {spark_submit.py:649} INFO - 25/04/04 03:38:04 INFO TransportClientFactory: Successfully created connection to spark-master/172.24.0.5:7077 after 16 ms (0 ms spent in bootstraps)
[2025-04-04T03:38:04.268+0000] {spark_submit.py:649} INFO - 25/04/04 03:38:04 INFO StandaloneSchedulerBackend: Connected to Spark cluster with app ID app-20250404033804-0001
[2025-04-04T03:38:04.269+0000] {spark_submit.py:649} INFO - 25/04/04 03:38:04 INFO StandaloneAppClient$ClientEndpoint: Executor added: app-20250404033804-0001/0 on worker-20250404033545-172.24.0.7-44149 (172.24.0.7:44149) with 2 core(s)
[2025-04-04T03:38:04.270+0000] {spark_submit.py:649} INFO - 25/04/04 03:38:04 INFO StandaloneSchedulerBackend: Granted executor ID app-20250404033804-0001/0 on hostPort 172.24.0.7:44149 with 2 core(s), 1024.0 MiB RAM
[2025-04-04T03:38:04.274+0000] {spark_submit.py:649} INFO - 25/04/04 03:38:04 INFO Utils: Successfully started service 'org.apache.spark.network.netty.NettyBlockTransferService' on port 45527.
[2025-04-04T03:38:04.275+0000] {spark_submit.py:649} INFO - 25/04/04 03:38:04 INFO NettyBlockTransferService: Server created on d1dcd11a0d3d:45527
[2025-04-04T03:38:04.276+0000] {spark_submit.py:649} INFO - 25/04/04 03:38:04 INFO BlockManager: Using org.apache.spark.storage.RandomBlockReplicationPolicy for block replication policy
[2025-04-04T03:38:04.282+0000] {spark_submit.py:649} INFO - 25/04/04 03:38:04 INFO BlockManagerMaster: Registering BlockManager BlockManagerId(driver, d1dcd11a0d3d, 45527, None)
[2025-04-04T03:38:04.285+0000] {spark_submit.py:649} INFO - 25/04/04 03:38:04 INFO BlockManagerMasterEndpoint: Registering block manager d1dcd11a0d3d:45527 with 434.4 MiB RAM, BlockManagerId(driver, d1dcd11a0d3d, 45527, None)
[2025-04-04T03:38:04.287+0000] {spark_submit.py:649} INFO - 25/04/04 03:38:04 INFO BlockManagerMaster: Registered BlockManager BlockManagerId(driver, d1dcd11a0d3d, 45527, None)
[2025-04-04T03:38:04.287+0000] {spark_submit.py:649} INFO - 25/04/04 03:38:04 INFO BlockManager: Initialized BlockManager: BlockManagerId(driver, d1dcd11a0d3d, 45527, None)
[2025-04-04T03:38:04.321+0000] {spark_submit.py:649} INFO - 25/04/04 03:38:04 INFO StandaloneAppClient$ClientEndpoint: Executor updated: app-20250404033804-0001/0 is now RUNNING
[2025-04-04T03:38:04.523+0000] {spark_submit.py:649} INFO - 25/04/04 03:38:04 INFO StandaloneSchedulerBackend: SchedulerBackend is ready for scheduling beginning after reached minRegisteredResourcesRatio: 0.0
[2025-04-04T03:38:04.710+0000] {spark_submit.py:649} INFO - ✅ Spark session received from DAG
[2025-04-04T03:38:04.711+0000] {spark_submit.py:649} INFO - 📥 Reading raw data...
[2025-04-04T03:38:04.715+0000] {spark_submit.py:649} INFO - 25/04/04 03:38:04 INFO SharedState: Setting hive.metastore.warehouse.dir ('null') to the value of spark.sql.warehouse.dir.
[2025-04-04T03:38:04.717+0000] {spark_submit.py:649} INFO - 25/04/04 03:38:04 INFO SharedState: Warehouse path is 'file:/opt/airflow/spark-warehouse'.
[2025-04-04T03:38:05.327+0000] {spark_submit.py:649} INFO - 25/04/04 03:38:05 WARN FileStreamSink: Assume no metadata directory. Error while looking for metadata directory in the path: s3a://nyc-taxi/raw/yellow_tripdata_2023-01.parquet.
[2025-04-04T03:38:05.328+0000] {spark_submit.py:649} INFO - java.lang.RuntimeException: java.lang.ClassNotFoundException: Class org.apache.hadoop.fs.s3a.S3AFileSystem not found
[2025-04-04T03:38:05.329+0000] {spark_submit.py:649} INFO - at org.apache.hadoop.conf.Configuration.getClass(Configuration.java:2688)
[2025-04-04T03:38:05.329+0000] {spark_submit.py:649} INFO - at org.apache.hadoop.fs.FileSystem.getFileSystemClass(FileSystem.java:3431)
[2025-04-04T03:38:05.330+0000] {spark_submit.py:649} INFO - at org.apache.hadoop.fs.FileSystem.createFileSystem(FileSystem.java:3466)
[2025-04-04T03:38:05.330+0000] {spark_submit.py:649} INFO - at org.apache.hadoop.fs.FileSystem.access$300(FileSystem.java:174)
[2025-04-04T03:38:05.331+0000] {spark_submit.py:649} INFO - at org.apache.hadoop.fs.FileSystem$Cache.getInternal(FileSystem.java:3574)
[2025-04-04T03:38:05.332+0000] {spark_submit.py:649} INFO - at org.apache.hadoop.fs.FileSystem$Cache.get(FileSystem.java:3521)
[2025-04-04T03:38:05.332+0000] {spark_submit.py:649} INFO - at org.apache.hadoop.fs.FileSystem.get(FileSystem.java:540)
[2025-04-04T03:38:05.333+0000] {spark_submit.py:649} INFO - at org.apache.hadoop.fs.Path.getFileSystem(Path.java:365)
[2025-04-04T03:38:05.334+0000] {spark_submit.py:649} INFO - at org.apache.spark.sql.execution.streaming.FileStreamSink$.hasMetadata(FileStreamSink.scala:53)
[2025-04-04T03:38:05.334+0000] {spark_submit.py:649} INFO - at org.apache.spark.sql.execution.datasources.DataSource.resolveRelation(DataSource.scala:366)
[2025-04-04T03:38:05.335+0000] {spark_submit.py:649} INFO - at org.apache.spark.sql.DataFrameReader.loadV1Source(DataFrameReader.scala:229)
[2025-04-04T03:38:05.335+0000] {spark_submit.py:649} INFO - at org.apache.spark.sql.DataFrameReader.$anonfun$load$2(DataFrameReader.scala:211)
[2025-04-04T03:38:05.336+0000] {spark_submit.py:649} INFO - at scala.Option.getOrElse(Option.scala:189)
[2025-04-04T03:38:05.337+0000] {spark_submit.py:649} INFO - at org.apache.spark.sql.DataFrameReader.load(DataFrameReader.scala:211)
[2025-04-04T03:38:05.337+0000] {spark_submit.py:649} INFO - at org.apache.spark.sql.DataFrameReader.parquet(DataFrameReader.scala:563)
[2025-04-04T03:38:05.338+0000] {spark_submit.py:649} INFO - at java.base/jdk.internal.reflect.NativeMethodAccessorImpl.invoke0(Native Method)
[2025-04-04T03:38:05.339+0000] {spark_submit.py:649} INFO - at java.base/jdk.internal.reflect.NativeMethodAccessorImpl.invoke(NativeMethodAccessorImpl.java:77)
[2025-04-04T03:38:05.339+0000] {spark_submit.py:649} INFO - at java.base/jdk.internal.reflect.DelegatingMethodAccessorImpl.invoke(DelegatingMethodAccessorImpl.java:43)
[2025-04-04T03:38:05.340+0000] {spark_submit.py:649} INFO - at java.base/java.lang.reflect.Method.invoke(Method.java:569)
[2025-04-04T03:38:05.340+0000] {spark_submit.py:649} INFO - at py4j.reflection.MethodInvoker.invoke(MethodInvoker.java:244)
[2025-04-04T03:38:05.341+0000] {spark_submit.py:649} INFO - at py4j.reflection.ReflectionEngine.invoke(ReflectionEngine.java:374)
[2025-04-04T03:38:05.341+0000] {spark_submit.py:649} INFO - at py4j.Gateway.invoke(Gateway.java:282)
[2025-04-04T03:38:05.342+0000] {spark_submit.py:649} INFO - at py4j.commands.AbstractCommand.invokeMethod(AbstractCommand.java:132)
[2025-04-04T03:38:05.342+0000] {spark_submit.py:649} INFO - at py4j.commands.CallCommand.execute(CallCommand.java:79)
[2025-04-04T03:38:05.343+0000] {spark_submit.py:649} INFO - at py4j.ClientServerConnection.waitForCommands(ClientServerConnection.java:182)
[2025-04-04T03:38:05.343+0000] {spark_submit.py:649} INFO - at py4j.ClientServerConnection.run(ClientServerConnection.java:106)
[2025-04-04T03:38:05.344+0000] {spark_submit.py:649} INFO - at java.base/java.lang.Thread.run(Thread.java:840)
[2025-04-04T03:38:05.344+0000] {spark_submit.py:649} INFO - Caused by: java.lang.ClassNotFoundException: Class org.apache.hadoop.fs.s3a.S3AFileSystem not found
[2025-04-04T03:38:05.345+0000] {spark_submit.py:649} INFO - at org.apache.hadoop.conf.Configuration.getClassByName(Configuration.java:2592)
[2025-04-04T03:38:05.346+0000] {spark_submit.py:649} INFO - at org.apache.hadoop.conf.Configuration.getClass(Configuration.java:2686)
[2025-04-04T03:38:05.346+0000] {spark_submit.py:649} INFO - ... 26 more
[2025-04-04T03:38:05.439+0000] {spark_submit.py:649} INFO - Traceback (most recent call last):
[2025-04-04T03:38:05.440+0000] {spark_submit.py:649} INFO - File "/opt/spark-app/clean_yellow_tripdata.py", line 9, in <module>
[2025-04-04T03:38:05.444+0000] {spark_submit.py:649} INFO - clean_yellow_tripdata(spark)
[2025-04-04T03:38:05.445+0000] {spark_submit.py:649} INFO - File "/opt/pipeline/transform/clean_yellow_tripdata.py", line 9, in clean_yellow_tripdata
[2025-04-04T03:38:05.449+0000] {spark_submit.py:649} INFO - df = spark.read.parquet(raw_path)
[2025-04-04T03:38:05.450+0000] {spark_submit.py:649} INFO - File "/opt/spark/python/lib/pyspark.zip/pyspark/sql/readwriter.py", line 544, in parquet
[2025-04-04T03:38:05.450+0000] {spark_submit.py:649} INFO - File "/opt/spark/python/lib/py4j-0.10.9.7-src.zip/py4j/java_gateway.py", line 1322, in __call__
[2025-04-04T03:38:05.451+0000] {spark_submit.py:649} INFO - File "/opt/spark/python/lib/pyspark.zip/pyspark/errors/exceptions/captured.py", line 179, in deco
[2025-04-04T03:38:05.452+0000] {spark_submit.py:649} INFO - File "/opt/spark/python/lib/py4j-0.10.9.7-src.zip/py4j/protocol.py", line 326, in get_return_value
[2025-04-04T03:38:05.454+0000] {spark_submit.py:649} INFO - py4j.protocol.Py4JJavaError: An error occurred while calling o26.parquet.
[2025-04-04T03:38:05.454+0000] {spark_submit.py:649} INFO - : java.lang.RuntimeException: java.lang.ClassNotFoundException: Class org.apache.hadoop.fs.s3a.S3AFileSystem not found
[2025-04-04T03:38:05.455+0000] {spark_submit.py:649} INFO - at org.apache.hadoop.conf.Configuration.getClass(Configuration.java:2688)
[2025-04-04T03:38:05.455+0000] {spark_submit.py:649} INFO - at org.apache.hadoop.fs.FileSystem.getFileSystemClass(FileSystem.java:3431)
[2025-04-04T03:38:05.456+0000] {spark_submit.py:649} INFO - at org.apache.hadoop.fs.FileSystem.createFileSystem(FileSystem.java:3466)
[2025-04-04T03:38:05.457+0000] {spark_submit.py:649} INFO - at org.apache.hadoop.fs.FileSystem.access$300(FileSystem.java:174)
[2025-04-04T03:38:05.457+0000] {spark_submit.py:649} INFO - at org.apache.hadoop.fs.FileSystem$Cache.getInternal(FileSystem.java:3574)
[2025-04-04T03:38:05.458+0000] {spark_submit.py:649} INFO - at org.apache.hadoop.fs.FileSystem$Cache.get(FileSystem.java:3521)
[2025-04-04T03:38:05.459+0000] {spark_submit.py:649} INFO - at org.apache.hadoop.fs.FileSystem.get(FileSystem.java:540)
[2025-04-04T03:38:05.459+0000] {spark_submit.py:649} INFO - at org.apache.hadoop.fs.Path.getFileSystem(Path.java:365)
[2025-04-04T03:38:05.460+0000] {spark_submit.py:649} INFO - at org.apache.spark.sql.execution.datasources.DataSource$.$anonfun$checkAndGlobPathIfNecessary$1(DataSource.scala:724)
[2025-04-04T03:38:05.461+0000] {spark_submit.py:649} INFO - at scala.collection.immutable.List.map(List.scala:293)
[2025-04-04T03:38:05.461+0000] {spark_submit.py:649} INFO - at org.apache.spark.sql.execution.datasources.DataSource$.checkAndGlobPathIfNecessary(DataSource.scala:722)
[2025-04-04T03:38:05.462+0000] {spark_submit.py:649} INFO - at org.apache.spark.sql.execution.datasources.DataSource.checkAndGlobPathIfNecessary(DataSource.scala:551)
[2025-04-04T03:38:05.463+0000] {spark_submit.py:649} INFO - at org.apache.spark.sql.execution.datasources.DataSource.resolveRelation(DataSource.scala:404)
[2025-04-04T03:38:05.464+0000] {spark_submit.py:649} INFO - at org.apache.spark.sql.DataFrameReader.loadV1Source(DataFrameReader.scala:229)
[2025-04-04T03:38:05.464+0000] {spark_submit.py:649} INFO - at org.apache.spark.sql.DataFrameReader.$anonfun$load$2(DataFrameReader.scala:211)
[2025-04-04T03:38:05.465+0000] {spark_submit.py:649} INFO - at scala.Option.getOrElse(Option.scala:189)
[2025-04-04T03:38:05.465+0000] {spark_submit.py:649} INFO - at org.apache.spark.sql.DataFrameReader.load(DataFrameReader.scala:211)
[2025-04-04T03:38:05.466+0000] {spark_submit.py:649} INFO - at org.apache.spark.sql.DataFrameReader.parquet(DataFrameReader.scala:563)
[2025-04-04T03:38:05.467+0000] {spark_submit.py:649} INFO - at java.base/jdk.internal.reflect.NativeMethodAccessorImpl.invoke0(Native Method)
[2025-04-04T03:38:05.467+0000] {spark_submit.py:649} INFO - at java.base/jdk.internal.reflect.NativeMethodAccessorImpl.invoke(NativeMethodAccessorImpl.java:77)
[2025-04-04T03:38:05.468+0000] {spark_submit.py:649} INFO - at java.base/jdk.internal.reflect.DelegatingMethodAccessorImpl.invoke(DelegatingMethodAccessorImpl.java:43)
[2025-04-04T03:38:05.468+0000] {spark_submit.py:649} INFO - at java.base/java.lang.reflect.Method.invoke(Method.java:569)
[2025-04-04T03:38:05.469+0000] {spark_submit.py:649} INFO - at py4j.reflection.MethodInvoker.invoke(MethodInvoker.java:244)
[2025-04-04T03:38:05.470+0000] {spark_submit.py:649} INFO - at py4j.reflection.ReflectionEngine.invoke(ReflectionEngine.java:374)
[2025-04-04T03:38:05.470+0000] {spark_submit.py:649} INFO - at py4j.Gateway.invoke(Gateway.java:282)
[2025-04-04T03:38:05.471+0000] {spark_submit.py:649} INFO - at py4j.commands.AbstractCommand.invokeMethod(AbstractCommand.java:132)
[2025-04-04T03:38:05.472+0000] {spark_submit.py:649} INFO - at py4j.commands.CallCommand.execute(CallCommand.java:79)
[2025-04-04T03:38:05.473+0000] {spark_submit.py:649} INFO - at py4j.ClientServerConnection.waitForCommands(ClientServerConnection.java:182)
[2025-04-04T03:38:05.473+0000] {spark_submit.py:649} INFO - at py4j.ClientServerConnection.run(ClientServerConnection.java:106)
[2025-04-04T03:38:05.474+0000] {spark_submit.py:649} INFO - at java.base/java.lang.Thread.run(Thread.java:840)
[2025-04-04T03:38:05.474+0000] {spark_submit.py:649} INFO - Caused by: java.lang.ClassNotFoundException: Class org.apache.hadoop.fs.s3a.S3AFileSystem not found
[2025-04-04T03:38:05.475+0000] {spark_submit.py:649} INFO - at org.apache.hadoop.conf.Configuration.getClassByName(Configuration.java:2592)
[2025-04-04T03:38:05.476+0000] {spark_submit.py:649} INFO - at org.apache.hadoop.conf.Configuration.getClass(Configuration.java:2686)
[2025-04-04T03:38:05.476+0000] {spark_submit.py:649} INFO - ... 29 more
[2025-04-04T03:38:05.477+0000] {spark_submit.py:649} INFO - 
[2025-04-04T03:38:05.506+0000] {spark_submit.py:649} INFO - 25/04/04 03:38:05 INFO SparkContext: Invoking stop() from shutdown hook
[2025-04-04T03:38:05.508+0000] {spark_submit.py:649} INFO - 25/04/04 03:38:05 INFO SparkContext: SparkContext is stopping with exitCode 0.
[2025-04-04T03:38:05.518+0000] {spark_submit.py:649} INFO - 25/04/04 03:38:05 INFO SparkUI: Stopped Spark web UI at http://d1dcd11a0d3d:4040
[2025-04-04T03:38:05.523+0000] {spark_submit.py:649} INFO - 25/04/04 03:38:05 INFO StandaloneSchedulerBackend: Shutting down all executors
[2025-04-04T03:38:05.527+0000] {spark_submit.py:649} INFO - 25/04/04 03:38:05 INFO StandaloneSchedulerBackend$StandaloneDriverEndpoint: Asking each executor to shut down
[2025-04-04T03:38:05.544+0000] {spark_submit.py:649} INFO - 25/04/04 03:38:05 INFO MapOutputTrackerMasterEndpoint: MapOutputTrackerMasterEndpoint stopped!
[2025-04-04T03:38:05.559+0000] {spark_submit.py:649} INFO - 25/04/04 03:38:05 INFO MemoryStore: MemoryStore cleared
[2025-04-04T03:38:05.560+0000] {spark_submit.py:649} INFO - 25/04/04 03:38:05 INFO BlockManager: BlockManager stopped
[2025-04-04T03:38:05.564+0000] {spark_submit.py:649} INFO - 25/04/04 03:38:05 INFO BlockManagerMaster: BlockManagerMaster stopped
[2025-04-04T03:38:05.566+0000] {spark_submit.py:649} INFO - 25/04/04 03:38:05 INFO OutputCommitCoordinator$OutputCommitCoordinatorEndpoint: OutputCommitCoordinator stopped!
[2025-04-04T03:38:05.579+0000] {spark_submit.py:649} INFO - 25/04/04 03:38:05 INFO SparkContext: Successfully stopped SparkContext
[2025-04-04T03:38:05.580+0000] {spark_submit.py:649} INFO - 25/04/04 03:38:05 INFO ShutdownHookManager: Shutdown hook called
[2025-04-04T03:38:05.580+0000] {spark_submit.py:649} INFO - 25/04/04 03:38:05 INFO ShutdownHookManager: Deleting directory /tmp/spark-81ccf761-b7cd-4014-bdd7-31db9f07ecba
[2025-04-04T03:38:05.584+0000] {spark_submit.py:649} INFO - 25/04/04 03:38:05 INFO ShutdownHookManager: Deleting directory /tmp/spark-81ccf761-b7cd-4014-bdd7-31db9f07ecba/pyspark-4d04cac8-fe3f-4b41-b994-89374c2657bc
[2025-04-04T03:38:05.588+0000] {spark_submit.py:649} INFO - 25/04/04 03:38:05 INFO ShutdownHookManager: Deleting directory /tmp/spark-28b1fa9f-3353-4786-99db-b1a325dd71cf
[2025-04-04T03:38:05.630+0000] {taskinstance.py:2698} ERROR - Task failed with exception
Traceback (most recent call last):
  File "/home/airflow/.local/lib/python3.8/site-packages/airflow/models/taskinstance.py", line 433, in _execute_task
    result = execute_callable(context=context, **execute_callable_kwargs)
  File "/home/airflow/.local/lib/python3.8/site-packages/airflow/providers/apache/spark/operators/spark_submit.py", line 176, in execute
    self._hook.submit(self.application)
  File "/home/airflow/.local/lib/python3.8/site-packages/airflow/providers/apache/spark/hooks/spark_submit.py", line 575, in submit
    raise AirflowException(
airflow.exceptions.AirflowException: Cannot execute: spark-submit --master spark://spark-master:7077 --conf spark.master=spark://spark-master:7077 --jars /opt/spark/jars/hadoop-aws-3.3.6.jar,/opt/spark/jars/aws-java-sdk-bundle-1.12.696.jar --name arrow-spark --verbose --queue root.default --deploy-mode client /opt/spark-app/clean_yellow_tripdata.py. Error code is: 1.
[2025-04-04T03:38:05.635+0000] {taskinstance.py:1138} INFO - Marking task as UP_FOR_RETRY. dag_id=full_pipeline_dag, task_id=clean_data_spark, execution_date=20250403T000000, start_date=20250404T033800, end_date=20250404T033805
[2025-04-04T03:38:05.796+0000] {standard_task_runner.py:107} ERROR - Failed to execute job 231 for task clean_data_spark (Cannot execute: spark-submit --master spark://spark-master:7077 --conf spark.master=spark://spark-master:7077 --jars /opt/spark/jars/hadoop-aws-3.3.6.jar,/opt/spark/jars/aws-java-sdk-bundle-1.12.696.jar --name arrow-spark --verbose --queue root.default --deploy-mode client /opt/spark-app/clean_yellow_tripdata.py. Error code is: 1.; 257)
[2025-04-04T03:38:05.823+0000] {local_task_job_runner.py:234} INFO - Task exited with return code 1
[2025-04-04T03:38:05.889+0000] {taskinstance.py:3280} INFO - 0 downstream tasks scheduled from follow-on schedule check
