[2025-04-04T08:17:20.742+0000] {taskinstance.py:1956} INFO - Dependencies all met for dep_context=non-requeueable deps ti=<TaskInstance: full_pipeline_dag.transform_data_spark manual__2025-04-04T08:16:15.521213+00:00 [queued]>
[2025-04-04T08:17:20.754+0000] {taskinstance.py:1956} INFO - Dependencies all met for dep_context=requeueable deps ti=<TaskInstance: full_pipeline_dag.transform_data_spark manual__2025-04-04T08:16:15.521213+00:00 [queued]>
[2025-04-04T08:17:20.754+0000] {taskinstance.py:2170} INFO - Starting attempt 1 of 3
[2025-04-04T08:17:20.781+0000] {taskinstance.py:2191} INFO - Executing <Task(BashOperator): transform_data_spark> on 2025-04-04 08:16:15.521213+00:00
[2025-04-04T08:17:20.789+0000] {standard_task_runner.py:60} INFO - Started process 354 to run task
[2025-04-04T08:17:20.792+0000] {standard_task_runner.py:87} INFO - Running: ['airflow', 'tasks', 'run', 'full_pipeline_dag', 'transform_data_spark', 'manual__2025-04-04T08:16:15.521213+00:00', '--job-id', '272', '--raw', '--subdir', 'DAGS_FOLDER/full_pipeline_dag.py', '--cfg-path', '/tmp/tmphmvfk96z']
[2025-04-04T08:17:20.793+0000] {standard_task_runner.py:88} INFO - Job 272: Subtask transform_data_spark
[2025-04-04T08:17:20.838+0000] {logging_mixin.py:188} WARNING - /home/airflow/.local/lib/python3.8/site-packages/airflow/settings.py:194 DeprecationWarning: The sql_alchemy_conn option in [core] has been moved to the sql_alchemy_conn option in [database] - the old setting has been used, but please update your config.
[2025-04-04T08:17:20.878+0000] {task_command.py:423} INFO - Running <TaskInstance: full_pipeline_dag.transform_data_spark manual__2025-04-04T08:16:15.521213+00:00 [running]> on host 43987fe3142a
[2025-04-04T08:17:20.962+0000] {taskinstance.py:2480} INFO - Exporting env vars: AIRFLOW_CTX_DAG_OWNER='airflow' AIRFLOW_CTX_DAG_ID='full_pipeline_dag' AIRFLOW_CTX_TASK_ID='transform_data_spark' AIRFLOW_CTX_EXECUTION_DATE='2025-04-04T08:16:15.521213+00:00' AIRFLOW_CTX_TRY_NUMBER='1' AIRFLOW_CTX_DAG_RUN_ID='manual__2025-04-04T08:16:15.521213+00:00'
[2025-04-04T08:17:20.963+0000] {subprocess.py:63} INFO - Tmp dir root location: /tmp
[2025-04-04T08:17:20.964+0000] {subprocess.py:75} INFO - Running command: ['/usr/bin/bash', '-c', '\n        /opt/spark/bin/spark-submit         --master spark://spark-master:7077         /opt/spark-app/transform_yellow_tripdata.py\n        ']
[2025-04-04T08:17:20.971+0000] {subprocess.py:86} INFO - Output:
[2025-04-04T08:17:20.976+0000] {subprocess.py:93} INFO - /opt/spark/bin/load-spark-env.sh: line 68: ps: command not found
[2025-04-04T08:17:23.184+0000] {subprocess.py:93} INFO - 25/04/04 08:17:23 INFO SparkContext: Running Spark version 3.5.0
[2025-04-04T08:17:23.186+0000] {subprocess.py:93} INFO - 25/04/04 08:17:23 INFO SparkContext: OS info Linux, 5.15.167.4-microsoft-standard-WSL2, amd64
[2025-04-04T08:17:23.187+0000] {subprocess.py:93} INFO - 25/04/04 08:17:23 INFO SparkContext: Java version 17.0.14
[2025-04-04T08:17:23.230+0000] {subprocess.py:93} INFO - 25/04/04 08:17:23 WARN NativeCodeLoader: Unable to load native-hadoop library for your platform... using builtin-java classes where applicable
[2025-04-04T08:17:23.310+0000] {subprocess.py:93} INFO - 25/04/04 08:17:23 INFO ResourceUtils: ==============================================================
[2025-04-04T08:17:23.312+0000] {subprocess.py:93} INFO - 25/04/04 08:17:23 INFO ResourceUtils: No custom resources configured for spark.driver.
[2025-04-04T08:17:23.312+0000] {subprocess.py:93} INFO - 25/04/04 08:17:23 INFO ResourceUtils: ==============================================================
[2025-04-04T08:17:23.313+0000] {subprocess.py:93} INFO - 25/04/04 08:17:23 INFO SparkContext: Submitted application: TransformYellowTripdata
[2025-04-04T08:17:23.329+0000] {subprocess.py:93} INFO - 25/04/04 08:17:23 INFO ResourceProfile: Default ResourceProfile created, executor resources: Map(memory -> name: memory, amount: 1024, script: , vendor: , offHeap -> name: offHeap, amount: 0, script: , vendor: ), task resources: Map(cpus -> name: cpus, amount: 1.0)
[2025-04-04T08:17:23.335+0000] {subprocess.py:93} INFO - 25/04/04 08:17:23 INFO ResourceProfile: Limiting resource is cpu
[2025-04-04T08:17:23.336+0000] {subprocess.py:93} INFO - 25/04/04 08:17:23 INFO ResourceProfileManager: Added ResourceProfile id: 0
[2025-04-04T08:17:23.372+0000] {subprocess.py:93} INFO - 25/04/04 08:17:23 INFO SecurityManager: Changing view acls to: airflow
[2025-04-04T08:17:23.373+0000] {subprocess.py:93} INFO - 25/04/04 08:17:23 INFO SecurityManager: Changing modify acls to: airflow
[2025-04-04T08:17:23.374+0000] {subprocess.py:93} INFO - 25/04/04 08:17:23 INFO SecurityManager: Changing view acls groups to:
[2025-04-04T08:17:23.375+0000] {subprocess.py:93} INFO - 25/04/04 08:17:23 INFO SecurityManager: Changing modify acls groups to:
[2025-04-04T08:17:23.376+0000] {subprocess.py:93} INFO - 25/04/04 08:17:23 INFO SecurityManager: SecurityManager: authentication disabled; ui acls disabled; users with view permissions: airflow; groups with view permissions: EMPTY; users with modify permissions: airflow; groups with modify permissions: EMPTY
[2025-04-04T08:17:23.549+0000] {subprocess.py:93} INFO - 25/04/04 08:17:23 INFO Utils: Successfully started service 'sparkDriver' on port 42221.
[2025-04-04T08:17:23.576+0000] {subprocess.py:93} INFO - 25/04/04 08:17:23 INFO SparkEnv: Registering MapOutputTracker
[2025-04-04T08:17:23.605+0000] {subprocess.py:93} INFO - 25/04/04 08:17:23 INFO SparkEnv: Registering BlockManagerMaster
[2025-04-04T08:17:23.619+0000] {subprocess.py:93} INFO - 25/04/04 08:17:23 INFO BlockManagerMasterEndpoint: Using org.apache.spark.storage.DefaultTopologyMapper for getting topology information
[2025-04-04T08:17:23.620+0000] {subprocess.py:93} INFO - 25/04/04 08:17:23 INFO BlockManagerMasterEndpoint: BlockManagerMasterEndpoint up
[2025-04-04T08:17:23.623+0000] {subprocess.py:93} INFO - 25/04/04 08:17:23 INFO SparkEnv: Registering BlockManagerMasterHeartbeat
[2025-04-04T08:17:23.641+0000] {subprocess.py:93} INFO - 25/04/04 08:17:23 INFO DiskBlockManager: Created local directory at /tmp/blockmgr-29191791-a06f-4728-8953-547d769e1be0
[2025-04-04T08:17:23.656+0000] {subprocess.py:93} INFO - 25/04/04 08:17:23 INFO MemoryStore: MemoryStore started with capacity 434.4 MiB
[2025-04-04T08:17:23.673+0000] {subprocess.py:93} INFO - 25/04/04 08:17:23 INFO SparkEnv: Registering OutputCommitCoordinator
[2025-04-04T08:17:23.767+0000] {subprocess.py:93} INFO - 25/04/04 08:17:23 INFO JettyUtils: Start Jetty 0.0.0.0:4040 for SparkUI
[2025-04-04T08:17:23.813+0000] {subprocess.py:93} INFO - 25/04/04 08:17:23 INFO Utils: Successfully started service 'SparkUI' on port 4040.
[2025-04-04T08:17:23.908+0000] {subprocess.py:93} INFO - 25/04/04 08:17:23 INFO StandaloneAppClient$ClientEndpoint: Connecting to master spark://spark-master:7077...
[2025-04-04T08:17:23.944+0000] {subprocess.py:93} INFO - 25/04/04 08:17:23 INFO TransportClientFactory: Successfully created connection to spark-master/172.24.0.4:7077 after 21 ms (0 ms spent in bootstraps)
[2025-04-04T08:17:24.006+0000] {subprocess.py:93} INFO - 25/04/04 08:17:24 INFO StandaloneSchedulerBackend: Connected to Spark cluster with app ID app-20250404081723-0001
[2025-04-04T08:17:24.009+0000] {subprocess.py:93} INFO - 25/04/04 08:17:24 INFO StandaloneAppClient$ClientEndpoint: Executor added: app-20250404081723-0001/0 on worker-20250404081326-172.24.0.8-45963 (172.24.0.8:45963) with 2 core(s)
[2025-04-04T08:17:24.011+0000] {subprocess.py:93} INFO - 25/04/04 08:17:24 INFO StandaloneSchedulerBackend: Granted executor ID app-20250404081723-0001/0 on hostPort 172.24.0.8:45963 with 2 core(s), 1024.0 MiB RAM
[2025-04-04T08:17:24.021+0000] {subprocess.py:93} INFO - 25/04/04 08:17:24 INFO Utils: Successfully started service 'org.apache.spark.network.netty.NettyBlockTransferService' on port 43217.
[2025-04-04T08:17:24.022+0000] {subprocess.py:93} INFO - 25/04/04 08:17:24 INFO NettyBlockTransferService: Server created on 43987fe3142a:43217
[2025-04-04T08:17:24.024+0000] {subprocess.py:93} INFO - 25/04/04 08:17:24 INFO BlockManager: Using org.apache.spark.storage.RandomBlockReplicationPolicy for block replication policy
[2025-04-04T08:17:24.031+0000] {subprocess.py:93} INFO - 25/04/04 08:17:24 INFO BlockManagerMaster: Registering BlockManager BlockManagerId(driver, 43987fe3142a, 43217, None)
[2025-04-04T08:17:24.036+0000] {subprocess.py:93} INFO - 25/04/04 08:17:24 INFO BlockManagerMasterEndpoint: Registering block manager 43987fe3142a:43217 with 434.4 MiB RAM, BlockManagerId(driver, 43987fe3142a, 43217, None)
[2025-04-04T08:17:24.039+0000] {subprocess.py:93} INFO - 25/04/04 08:17:24 INFO BlockManagerMaster: Registered BlockManager BlockManagerId(driver, 43987fe3142a, 43217, None)
[2025-04-04T08:17:24.042+0000] {subprocess.py:93} INFO - 25/04/04 08:17:24 INFO BlockManager: Initialized BlockManager: BlockManagerId(driver, 43987fe3142a, 43217, None)
[2025-04-04T08:17:24.064+0000] {subprocess.py:93} INFO - 25/04/04 08:17:24 INFO StandaloneAppClient$ClientEndpoint: Executor updated: app-20250404081723-0001/0 is now RUNNING
[2025-04-04T08:17:24.307+0000] {subprocess.py:93} INFO - 25/04/04 08:17:24 INFO StandaloneSchedulerBackend: SchedulerBackend is ready for scheduling beginning after reached minRegisteredResourcesRatio: 0.0
[2025-04-04T08:17:24.480+0000] {subprocess.py:93} INFO - ✅ Spark session started
[2025-04-04T08:17:24.481+0000] {subprocess.py:93} INFO - 📥 Reading cleaned data...
[2025-04-04T08:17:24.577+0000] {subprocess.py:93} INFO - 25/04/04 08:17:24 INFO SharedState: Setting hive.metastore.warehouse.dir ('null') to the value of spark.sql.warehouse.dir.
[2025-04-04T08:17:24.595+0000] {subprocess.py:93} INFO - 25/04/04 08:17:24 INFO SharedState: Warehouse path is 'file:/tmp/airflowtmp8jxou0a7/spark-warehouse'.
[2025-04-04T08:17:25.281+0000] {subprocess.py:93} INFO - 25/04/04 08:17:25 WARN FileStreamSink: Assume no metadata directory. Error while looking for metadata directory in the path: s3a://nyc-taxi/clean/yellow_tripdata_2023-01-clean.parquet.
[2025-04-04T08:17:25.283+0000] {subprocess.py:93} INFO - java.lang.RuntimeException: java.lang.ClassNotFoundException: Class org.apache.hadoop.fs.s3a.S3AFileSystem not found
[2025-04-04T08:17:25.284+0000] {subprocess.py:93} INFO - 	at org.apache.hadoop.conf.Configuration.getClass(Configuration.java:2688)
[2025-04-04T08:17:25.285+0000] {subprocess.py:93} INFO - 	at org.apache.hadoop.fs.FileSystem.getFileSystemClass(FileSystem.java:3431)
[2025-04-04T08:17:25.286+0000] {subprocess.py:93} INFO - 	at org.apache.hadoop.fs.FileSystem.createFileSystem(FileSystem.java:3466)
[2025-04-04T08:17:25.287+0000] {subprocess.py:93} INFO - 	at org.apache.hadoop.fs.FileSystem.access$300(FileSystem.java:174)
[2025-04-04T08:17:25.288+0000] {subprocess.py:93} INFO - 	at org.apache.hadoop.fs.FileSystem$Cache.getInternal(FileSystem.java:3574)
[2025-04-04T08:17:25.289+0000] {subprocess.py:93} INFO - 	at org.apache.hadoop.fs.FileSystem$Cache.get(FileSystem.java:3521)
[2025-04-04T08:17:25.290+0000] {subprocess.py:93} INFO - 	at org.apache.hadoop.fs.FileSystem.get(FileSystem.java:540)
[2025-04-04T08:17:25.291+0000] {subprocess.py:93} INFO - 	at org.apache.hadoop.fs.Path.getFileSystem(Path.java:365)
[2025-04-04T08:17:25.291+0000] {subprocess.py:93} INFO - 	at org.apache.spark.sql.execution.streaming.FileStreamSink$.hasMetadata(FileStreamSink.scala:53)
[2025-04-04T08:17:25.292+0000] {subprocess.py:93} INFO - 	at org.apache.spark.sql.execution.datasources.DataSource.resolveRelation(DataSource.scala:366)
[2025-04-04T08:17:25.293+0000] {subprocess.py:93} INFO - 	at org.apache.spark.sql.DataFrameReader.loadV1Source(DataFrameReader.scala:229)
[2025-04-04T08:17:25.294+0000] {subprocess.py:93} INFO - 	at org.apache.spark.sql.DataFrameReader.$anonfun$load$2(DataFrameReader.scala:211)
[2025-04-04T08:17:25.294+0000] {subprocess.py:93} INFO - 	at scala.Option.getOrElse(Option.scala:189)
[2025-04-04T08:17:25.295+0000] {subprocess.py:93} INFO - 	at org.apache.spark.sql.DataFrameReader.load(DataFrameReader.scala:211)
[2025-04-04T08:17:25.296+0000] {subprocess.py:93} INFO - 	at org.apache.spark.sql.DataFrameReader.parquet(DataFrameReader.scala:563)
[2025-04-04T08:17:25.297+0000] {subprocess.py:93} INFO - 	at java.base/jdk.internal.reflect.NativeMethodAccessorImpl.invoke0(Native Method)
[2025-04-04T08:17:25.298+0000] {subprocess.py:93} INFO - 	at java.base/jdk.internal.reflect.NativeMethodAccessorImpl.invoke(NativeMethodAccessorImpl.java:77)
[2025-04-04T08:17:25.299+0000] {subprocess.py:93} INFO - 	at java.base/jdk.internal.reflect.DelegatingMethodAccessorImpl.invoke(DelegatingMethodAccessorImpl.java:43)
[2025-04-04T08:17:25.300+0000] {subprocess.py:93} INFO - 	at java.base/java.lang.reflect.Method.invoke(Method.java:569)
[2025-04-04T08:17:25.300+0000] {subprocess.py:93} INFO - 	at py4j.reflection.MethodInvoker.invoke(MethodInvoker.java:244)
[2025-04-04T08:17:25.301+0000] {subprocess.py:93} INFO - 	at py4j.reflection.ReflectionEngine.invoke(ReflectionEngine.java:374)
[2025-04-04T08:17:25.302+0000] {subprocess.py:93} INFO - 	at py4j.Gateway.invoke(Gateway.java:282)
[2025-04-04T08:17:25.303+0000] {subprocess.py:93} INFO - 	at py4j.commands.AbstractCommand.invokeMethod(AbstractCommand.java:132)
[2025-04-04T08:17:25.303+0000] {subprocess.py:93} INFO - 	at py4j.commands.CallCommand.execute(CallCommand.java:79)
[2025-04-04T08:17:25.304+0000] {subprocess.py:93} INFO - 	at py4j.ClientServerConnection.waitForCommands(ClientServerConnection.java:182)
[2025-04-04T08:17:25.305+0000] {subprocess.py:93} INFO - 	at py4j.ClientServerConnection.run(ClientServerConnection.java:106)
[2025-04-04T08:17:25.305+0000] {subprocess.py:93} INFO - 	at java.base/java.lang.Thread.run(Thread.java:840)
[2025-04-04T08:17:25.306+0000] {subprocess.py:93} INFO - Caused by: java.lang.ClassNotFoundException: Class org.apache.hadoop.fs.s3a.S3AFileSystem not found
[2025-04-04T08:17:25.307+0000] {subprocess.py:93} INFO - 	at org.apache.hadoop.conf.Configuration.getClassByName(Configuration.java:2592)
[2025-04-04T08:17:25.307+0000] {subprocess.py:93} INFO - 	at org.apache.hadoop.conf.Configuration.getClass(Configuration.java:2686)
[2025-04-04T08:17:25.308+0000] {subprocess.py:93} INFO - 	... 26 more
[2025-04-04T08:17:25.417+0000] {subprocess.py:93} INFO - Traceback (most recent call last):
[2025-04-04T08:17:25.418+0000] {subprocess.py:93} INFO -   File "/opt/spark-app/transform_yellow_tripdata.py", line 21, in <module>
[2025-04-04T08:17:25.425+0000] {subprocess.py:93} INFO -     df = spark.read.parquet(clean_path)
[2025-04-04T08:17:25.426+0000] {subprocess.py:93} INFO -   File "/opt/spark/python/lib/pyspark.zip/pyspark/sql/readwriter.py", line 544, in parquet
[2025-04-04T08:17:25.427+0000] {subprocess.py:93} INFO -   File "/opt/spark/python/lib/py4j-0.10.9.7-src.zip/py4j/java_gateway.py", line 1322, in __call__
[2025-04-04T08:17:25.428+0000] {subprocess.py:93} INFO -   File "/opt/spark/python/lib/pyspark.zip/pyspark/errors/exceptions/captured.py", line 179, in deco
[2025-04-04T08:17:25.429+0000] {subprocess.py:93} INFO -   File "/opt/spark/python/lib/py4j-0.10.9.7-src.zip/py4j/protocol.py", line 326, in get_return_value
[2025-04-04T08:17:25.431+0000] {subprocess.py:93} INFO - py4j.protocol.Py4JJavaError: An error occurred while calling o38.parquet.
[2025-04-04T08:17:25.432+0000] {subprocess.py:93} INFO - : java.lang.RuntimeException: java.lang.ClassNotFoundException: Class org.apache.hadoop.fs.s3a.S3AFileSystem not found
[2025-04-04T08:17:25.433+0000] {subprocess.py:93} INFO - 	at org.apache.hadoop.conf.Configuration.getClass(Configuration.java:2688)
[2025-04-04T08:17:25.434+0000] {subprocess.py:93} INFO - 	at org.apache.hadoop.fs.FileSystem.getFileSystemClass(FileSystem.java:3431)
[2025-04-04T08:17:25.435+0000] {subprocess.py:93} INFO - 	at org.apache.hadoop.fs.FileSystem.createFileSystem(FileSystem.java:3466)
[2025-04-04T08:17:25.436+0000] {subprocess.py:93} INFO - 	at org.apache.hadoop.fs.FileSystem.access$300(FileSystem.java:174)
[2025-04-04T08:17:25.437+0000] {subprocess.py:93} INFO - 	at org.apache.hadoop.fs.FileSystem$Cache.getInternal(FileSystem.java:3574)
[2025-04-04T08:17:25.438+0000] {subprocess.py:93} INFO - 	at org.apache.hadoop.fs.FileSystem$Cache.get(FileSystem.java:3521)
[2025-04-04T08:17:25.439+0000] {subprocess.py:93} INFO - 	at org.apache.hadoop.fs.FileSystem.get(FileSystem.java:540)
[2025-04-04T08:17:25.440+0000] {subprocess.py:93} INFO - 	at org.apache.hadoop.fs.Path.getFileSystem(Path.java:365)
[2025-04-04T08:17:25.440+0000] {subprocess.py:93} INFO - 	at org.apache.spark.sql.execution.datasources.DataSource$.$anonfun$checkAndGlobPathIfNecessary$1(DataSource.scala:724)
[2025-04-04T08:17:25.441+0000] {subprocess.py:93} INFO - 	at scala.collection.immutable.List.map(List.scala:293)
[2025-04-04T08:17:25.442+0000] {subprocess.py:93} INFO - 	at org.apache.spark.sql.execution.datasources.DataSource$.checkAndGlobPathIfNecessary(DataSource.scala:722)
[2025-04-04T08:17:25.443+0000] {subprocess.py:93} INFO - 	at org.apache.spark.sql.execution.datasources.DataSource.checkAndGlobPathIfNecessary(DataSource.scala:551)
[2025-04-04T08:17:25.444+0000] {subprocess.py:93} INFO - 	at org.apache.spark.sql.execution.datasources.DataSource.resolveRelation(DataSource.scala:404)
[2025-04-04T08:17:25.445+0000] {subprocess.py:93} INFO - 	at org.apache.spark.sql.DataFrameReader.loadV1Source(DataFrameReader.scala:229)
[2025-04-04T08:17:25.446+0000] {subprocess.py:93} INFO - 	at org.apache.spark.sql.DataFrameReader.$anonfun$load$2(DataFrameReader.scala:211)
[2025-04-04T08:17:25.447+0000] {subprocess.py:93} INFO - 	at scala.Option.getOrElse(Option.scala:189)
[2025-04-04T08:17:25.448+0000] {subprocess.py:93} INFO - 	at org.apache.spark.sql.DataFrameReader.load(DataFrameReader.scala:211)
[2025-04-04T08:17:25.448+0000] {subprocess.py:93} INFO - 	at org.apache.spark.sql.DataFrameReader.parquet(DataFrameReader.scala:563)
[2025-04-04T08:17:25.449+0000] {subprocess.py:93} INFO - 	at java.base/jdk.internal.reflect.NativeMethodAccessorImpl.invoke0(Native Method)
[2025-04-04T08:17:25.450+0000] {subprocess.py:93} INFO - 	at java.base/jdk.internal.reflect.NativeMethodAccessorImpl.invoke(NativeMethodAccessorImpl.java:77)
[2025-04-04T08:17:25.450+0000] {subprocess.py:93} INFO - 	at java.base/jdk.internal.reflect.DelegatingMethodAccessorImpl.invoke(DelegatingMethodAccessorImpl.java:43)
[2025-04-04T08:17:25.451+0000] {subprocess.py:93} INFO - 	at java.base/java.lang.reflect.Method.invoke(Method.java:569)
[2025-04-04T08:17:25.452+0000] {subprocess.py:93} INFO - 	at py4j.reflection.MethodInvoker.invoke(MethodInvoker.java:244)
[2025-04-04T08:17:25.453+0000] {subprocess.py:93} INFO - 	at py4j.reflection.ReflectionEngine.invoke(ReflectionEngine.java:374)
[2025-04-04T08:17:25.454+0000] {subprocess.py:93} INFO - 	at py4j.Gateway.invoke(Gateway.java:282)
[2025-04-04T08:17:25.455+0000] {subprocess.py:93} INFO - 	at py4j.commands.AbstractCommand.invokeMethod(AbstractCommand.java:132)
[2025-04-04T08:17:25.455+0000] {subprocess.py:93} INFO - 	at py4j.commands.CallCommand.execute(CallCommand.java:79)
[2025-04-04T08:17:25.456+0000] {subprocess.py:93} INFO - 	at py4j.ClientServerConnection.waitForCommands(ClientServerConnection.java:182)
[2025-04-04T08:17:25.457+0000] {subprocess.py:93} INFO - 	at py4j.ClientServerConnection.run(ClientServerConnection.java:106)
[2025-04-04T08:17:25.457+0000] {subprocess.py:93} INFO - 	at java.base/java.lang.Thread.run(Thread.java:840)
[2025-04-04T08:17:25.458+0000] {subprocess.py:93} INFO - Caused by: java.lang.ClassNotFoundException: Class org.apache.hadoop.fs.s3a.S3AFileSystem not found
[2025-04-04T08:17:25.459+0000] {subprocess.py:93} INFO - 	at org.apache.hadoop.conf.Configuration.getClassByName(Configuration.java:2592)
[2025-04-04T08:17:25.459+0000] {subprocess.py:93} INFO - 	at org.apache.hadoop.conf.Configuration.getClass(Configuration.java:2686)
[2025-04-04T08:17:25.460+0000] {subprocess.py:93} INFO - 	... 29 more
[2025-04-04T08:17:25.461+0000] {subprocess.py:93} INFO - 
[2025-04-04T08:17:25.486+0000] {subprocess.py:93} INFO - 25/04/04 08:17:25 INFO SparkContext: Invoking stop() from shutdown hook
[2025-04-04T08:17:25.487+0000] {subprocess.py:93} INFO - 25/04/04 08:17:25 INFO SparkContext: SparkContext is stopping with exitCode 0.
[2025-04-04T08:17:25.504+0000] {subprocess.py:93} INFO - 25/04/04 08:17:25 INFO SparkUI: Stopped Spark web UI at http://43987fe3142a:4040
[2025-04-04T08:17:25.510+0000] {subprocess.py:93} INFO - 25/04/04 08:17:25 INFO StandaloneSchedulerBackend: Shutting down all executors
[2025-04-04T08:17:25.513+0000] {subprocess.py:93} INFO - 25/04/04 08:17:25 INFO StandaloneSchedulerBackend$StandaloneDriverEndpoint: Asking each executor to shut down
[2025-04-04T08:17:25.534+0000] {subprocess.py:93} INFO - 25/04/04 08:17:25 INFO MapOutputTrackerMasterEndpoint: MapOutputTrackerMasterEndpoint stopped!
[2025-04-04T08:17:25.550+0000] {subprocess.py:93} INFO - 25/04/04 08:17:25 INFO MemoryStore: MemoryStore cleared
[2025-04-04T08:17:25.550+0000] {subprocess.py:93} INFO - 25/04/04 08:17:25 INFO BlockManager: BlockManager stopped
[2025-04-04T08:17:25.557+0000] {subprocess.py:93} INFO - 25/04/04 08:17:25 INFO BlockManagerMaster: BlockManagerMaster stopped
[2025-04-04T08:17:25.558+0000] {subprocess.py:93} INFO - 25/04/04 08:17:25 INFO OutputCommitCoordinator$OutputCommitCoordinatorEndpoint: OutputCommitCoordinator stopped!
[2025-04-04T08:17:25.571+0000] {subprocess.py:93} INFO - 25/04/04 08:17:25 INFO SparkContext: Successfully stopped SparkContext
[2025-04-04T08:17:25.572+0000] {subprocess.py:93} INFO - 25/04/04 08:17:25 INFO ShutdownHookManager: Shutdown hook called
[2025-04-04T08:17:25.573+0000] {subprocess.py:93} INFO - 25/04/04 08:17:25 INFO ShutdownHookManager: Deleting directory /tmp/spark-4fb9a3ab-b292-44ca-9148-8053f02febb9
[2025-04-04T08:17:25.576+0000] {subprocess.py:93} INFO - 25/04/04 08:17:25 INFO ShutdownHookManager: Deleting directory /tmp/spark-44e2cf36-ad63-4c0f-bc64-ec82cc56a739
[2025-04-04T08:17:25.578+0000] {subprocess.py:93} INFO - 25/04/04 08:17:25 INFO ShutdownHookManager: Deleting directory /tmp/spark-44e2cf36-ad63-4c0f-bc64-ec82cc56a739/pyspark-cd13df19-fd3b-46ec-aaa5-192408c024ff
[2025-04-04T08:17:25.610+0000] {subprocess.py:97} INFO - Command exited with return code 1
[2025-04-04T08:17:25.630+0000] {taskinstance.py:2698} ERROR - Task failed with exception
Traceback (most recent call last):
  File "/home/airflow/.local/lib/python3.8/site-packages/airflow/models/taskinstance.py", line 433, in _execute_task
    result = execute_callable(context=context, **execute_callable_kwargs)
  File "/home/airflow/.local/lib/python3.8/site-packages/airflow/operators/bash.py", line 212, in execute
    raise AirflowException(
airflow.exceptions.AirflowException: Bash command failed. The command returned a non-zero exit code 1.
[2025-04-04T08:17:25.636+0000] {taskinstance.py:1138} INFO - Marking task as UP_FOR_RETRY. dag_id=full_pipeline_dag, task_id=transform_data_spark, execution_date=20250404T081615, start_date=20250404T081720, end_date=20250404T081725
[2025-04-04T08:17:25.706+0000] {standard_task_runner.py:107} ERROR - Failed to execute job 272 for task transform_data_spark (Bash command failed. The command returned a non-zero exit code 1.; 354)
[2025-04-04T08:17:25.749+0000] {local_task_job_runner.py:234} INFO - Task exited with return code 1
[2025-04-04T08:17:25.799+0000] {taskinstance.py:3280} INFO - 0 downstream tasks scheduled from follow-on schedule check
