[2025-04-04T08:19:36.001+0000] {taskinstance.py:1956} INFO - Dependencies all met for dep_context=non-requeueable deps ti=<TaskInstance: full_pipeline_dag.transform_data_spark manual__2025-04-04T08:16:15.521213+00:00 [queued]>
[2025-04-04T08:19:36.022+0000] {taskinstance.py:1956} INFO - Dependencies all met for dep_context=requeueable deps ti=<TaskInstance: full_pipeline_dag.transform_data_spark manual__2025-04-04T08:16:15.521213+00:00 [queued]>
[2025-04-04T08:19:36.022+0000] {taskinstance.py:2170} INFO - Starting attempt 3 of 3
[2025-04-04T08:19:36.065+0000] {taskinstance.py:2191} INFO - Executing <Task(BashOperator): transform_data_spark> on 2025-04-04 08:16:15.521213+00:00
[2025-04-04T08:19:36.069+0000] {standard_task_runner.py:60} INFO - Started process 779 to run task
[2025-04-04T08:19:36.072+0000] {standard_task_runner.py:87} INFO - Running: ['airflow', 'tasks', 'run', 'full_pipeline_dag', 'transform_data_spark', 'manual__2025-04-04T08:16:15.521213+00:00', '--job-id', '274', '--raw', '--subdir', 'DAGS_FOLDER/full_pipeline_dag.py', '--cfg-path', '/tmp/tmph67rczz3']
[2025-04-04T08:19:36.074+0000] {standard_task_runner.py:88} INFO - Job 274: Subtask transform_data_spark
[2025-04-04T08:19:36.119+0000] {logging_mixin.py:188} WARNING - /home/airflow/.local/lib/python3.8/site-packages/airflow/settings.py:194 DeprecationWarning: The sql_alchemy_conn option in [core] has been moved to the sql_alchemy_conn option in [database] - the old setting has been used, but please update your config.
[2025-04-04T08:19:36.179+0000] {task_command.py:423} INFO - Running <TaskInstance: full_pipeline_dag.transform_data_spark manual__2025-04-04T08:16:15.521213+00:00 [running]> on host 43987fe3142a
[2025-04-04T08:19:36.331+0000] {taskinstance.py:2480} INFO - Exporting env vars: AIRFLOW_CTX_DAG_OWNER='airflow' AIRFLOW_CTX_DAG_ID='full_pipeline_dag' AIRFLOW_CTX_TASK_ID='transform_data_spark' AIRFLOW_CTX_EXECUTION_DATE='2025-04-04T08:16:15.521213+00:00' AIRFLOW_CTX_TRY_NUMBER='3' AIRFLOW_CTX_DAG_RUN_ID='manual__2025-04-04T08:16:15.521213+00:00'
[2025-04-04T08:19:36.333+0000] {subprocess.py:63} INFO - Tmp dir root location: /tmp
[2025-04-04T08:19:36.333+0000] {subprocess.py:75} INFO - Running command: ['/usr/bin/bash', '-c', '\n        /opt/spark/bin/spark-submit         --master spark://spark-master:7077         /opt/spark-app/transform_yellow_tripdata.py\n        ']
[2025-04-04T08:19:36.339+0000] {subprocess.py:86} INFO - Output:
[2025-04-04T08:19:36.345+0000] {subprocess.py:93} INFO - /opt/spark/bin/load-spark-env.sh: line 68: ps: command not found
[2025-04-04T08:19:38.578+0000] {subprocess.py:93} INFO - 25/04/04 08:19:38 INFO SparkContext: Running Spark version 3.5.0
[2025-04-04T08:19:38.580+0000] {subprocess.py:93} INFO - 25/04/04 08:19:38 INFO SparkContext: OS info Linux, 5.15.167.4-microsoft-standard-WSL2, amd64
[2025-04-04T08:19:38.581+0000] {subprocess.py:93} INFO - 25/04/04 08:19:38 INFO SparkContext: Java version 17.0.14
[2025-04-04T08:19:38.625+0000] {subprocess.py:93} INFO - 25/04/04 08:19:38 WARN NativeCodeLoader: Unable to load native-hadoop library for your platform... using builtin-java classes where applicable
[2025-04-04T08:19:38.696+0000] {subprocess.py:93} INFO - 25/04/04 08:19:38 INFO ResourceUtils: ==============================================================
[2025-04-04T08:19:38.697+0000] {subprocess.py:93} INFO - 25/04/04 08:19:38 INFO ResourceUtils: No custom resources configured for spark.driver.
[2025-04-04T08:19:38.698+0000] {subprocess.py:93} INFO - 25/04/04 08:19:38 INFO ResourceUtils: ==============================================================
[2025-04-04T08:19:38.698+0000] {subprocess.py:93} INFO - 25/04/04 08:19:38 INFO SparkContext: Submitted application: TransformYellowTripdata
[2025-04-04T08:19:38.711+0000] {subprocess.py:93} INFO - 25/04/04 08:19:38 INFO ResourceProfile: Default ResourceProfile created, executor resources: Map(memory -> name: memory, amount: 1024, script: , vendor: , offHeap -> name: offHeap, amount: 0, script: , vendor: ), task resources: Map(cpus -> name: cpus, amount: 1.0)
[2025-04-04T08:19:38.716+0000] {subprocess.py:93} INFO - 25/04/04 08:19:38 INFO ResourceProfile: Limiting resource is cpu
[2025-04-04T08:19:38.717+0000] {subprocess.py:93} INFO - 25/04/04 08:19:38 INFO ResourceProfileManager: Added ResourceProfile id: 0
[2025-04-04T08:19:38.760+0000] {subprocess.py:93} INFO - 25/04/04 08:19:38 INFO SecurityManager: Changing view acls to: airflow
[2025-04-04T08:19:38.761+0000] {subprocess.py:93} INFO - 25/04/04 08:19:38 INFO SecurityManager: Changing modify acls to: airflow
[2025-04-04T08:19:38.761+0000] {subprocess.py:93} INFO - 25/04/04 08:19:38 INFO SecurityManager: Changing view acls groups to:
[2025-04-04T08:19:38.762+0000] {subprocess.py:93} INFO - 25/04/04 08:19:38 INFO SecurityManager: Changing modify acls groups to:
[2025-04-04T08:19:38.763+0000] {subprocess.py:93} INFO - 25/04/04 08:19:38 INFO SecurityManager: SecurityManager: authentication disabled; ui acls disabled; users with view permissions: airflow; groups with view permissions: EMPTY; users with modify permissions: airflow; groups with modify permissions: EMPTY
[2025-04-04T08:19:38.970+0000] {subprocess.py:93} INFO - 25/04/04 08:19:38 INFO Utils: Successfully started service 'sparkDriver' on port 46323.
[2025-04-04T08:19:38.999+0000] {subprocess.py:93} INFO - 25/04/04 08:19:38 INFO SparkEnv: Registering MapOutputTracker
[2025-04-04T08:19:39.032+0000] {subprocess.py:93} INFO - 25/04/04 08:19:39 INFO SparkEnv: Registering BlockManagerMaster
[2025-04-04T08:19:39.044+0000] {subprocess.py:93} INFO - 25/04/04 08:19:39 INFO BlockManagerMasterEndpoint: Using org.apache.spark.storage.DefaultTopologyMapper for getting topology information
[2025-04-04T08:19:39.045+0000] {subprocess.py:93} INFO - 25/04/04 08:19:39 INFO BlockManagerMasterEndpoint: BlockManagerMasterEndpoint up
[2025-04-04T08:19:39.048+0000] {subprocess.py:93} INFO - 25/04/04 08:19:39 INFO SparkEnv: Registering BlockManagerMasterHeartbeat
[2025-04-04T08:19:39.066+0000] {subprocess.py:93} INFO - 25/04/04 08:19:39 INFO DiskBlockManager: Created local directory at /tmp/blockmgr-9b5f20ee-b235-4ad0-a4af-d8edf7f93fb1
[2025-04-04T08:19:39.080+0000] {subprocess.py:93} INFO - 25/04/04 08:19:39 INFO MemoryStore: MemoryStore started with capacity 434.4 MiB
[2025-04-04T08:19:39.096+0000] {subprocess.py:93} INFO - 25/04/04 08:19:39 INFO SparkEnv: Registering OutputCommitCoordinator
[2025-04-04T08:19:39.207+0000] {subprocess.py:93} INFO - 25/04/04 08:19:39 INFO JettyUtils: Start Jetty 0.0.0.0:4040 for SparkUI
[2025-04-04T08:19:39.257+0000] {subprocess.py:93} INFO - 25/04/04 08:19:39 INFO Utils: Successfully started service 'SparkUI' on port 4040.
[2025-04-04T08:19:39.347+0000] {subprocess.py:93} INFO - 25/04/04 08:19:39 INFO StandaloneAppClient$ClientEndpoint: Connecting to master spark://spark-master:7077...
[2025-04-04T08:19:39.376+0000] {subprocess.py:93} INFO - 25/04/04 08:19:39 INFO TransportClientFactory: Successfully created connection to spark-master/172.24.0.4:7077 after 16 ms (0 ms spent in bootstraps)
[2025-04-04T08:19:39.438+0000] {subprocess.py:93} INFO - 25/04/04 08:19:39 INFO StandaloneSchedulerBackend: Connected to Spark cluster with app ID app-20250404081939-0003
[2025-04-04T08:19:39.445+0000] {subprocess.py:93} INFO - 25/04/04 08:19:39 INFO StandaloneAppClient$ClientEndpoint: Executor added: app-20250404081939-0003/0 on worker-20250404081326-172.24.0.8-45963 (172.24.0.8:45963) with 2 core(s)
[2025-04-04T08:19:39.449+0000] {subprocess.py:93} INFO - 25/04/04 08:19:39 INFO StandaloneSchedulerBackend: Granted executor ID app-20250404081939-0003/0 on hostPort 172.24.0.8:45963 with 2 core(s), 1024.0 MiB RAM
[2025-04-04T08:19:39.451+0000] {subprocess.py:93} INFO - 25/04/04 08:19:39 INFO Utils: Successfully started service 'org.apache.spark.network.netty.NettyBlockTransferService' on port 36149.
[2025-04-04T08:19:39.452+0000] {subprocess.py:93} INFO - 25/04/04 08:19:39 INFO NettyBlockTransferService: Server created on 43987fe3142a:36149
[2025-04-04T08:19:39.454+0000] {subprocess.py:93} INFO - 25/04/04 08:19:39 INFO BlockManager: Using org.apache.spark.storage.RandomBlockReplicationPolicy for block replication policy
[2025-04-04T08:19:39.461+0000] {subprocess.py:93} INFO - 25/04/04 08:19:39 INFO BlockManagerMaster: Registering BlockManager BlockManagerId(driver, 43987fe3142a, 36149, None)
[2025-04-04T08:19:39.464+0000] {subprocess.py:93} INFO - 25/04/04 08:19:39 INFO BlockManagerMasterEndpoint: Registering block manager 43987fe3142a:36149 with 434.4 MiB RAM, BlockManagerId(driver, 43987fe3142a, 36149, None)
[2025-04-04T08:19:39.467+0000] {subprocess.py:93} INFO - 25/04/04 08:19:39 INFO BlockManagerMaster: Registered BlockManager BlockManagerId(driver, 43987fe3142a, 36149, None)
[2025-04-04T08:19:39.468+0000] {subprocess.py:93} INFO - 25/04/04 08:19:39 INFO BlockManager: Initialized BlockManager: BlockManagerId(driver, 43987fe3142a, 36149, None)
[2025-04-04T08:19:39.487+0000] {subprocess.py:93} INFO - 25/04/04 08:19:39 INFO StandaloneAppClient$ClientEndpoint: Executor updated: app-20250404081939-0003/0 is now RUNNING
[2025-04-04T08:19:39.654+0000] {subprocess.py:93} INFO - 25/04/04 08:19:39 INFO StandaloneSchedulerBackend: SchedulerBackend is ready for scheduling beginning after reached minRegisteredResourcesRatio: 0.0
[2025-04-04T08:19:39.805+0000] {subprocess.py:93} INFO - ✅ Spark session started
[2025-04-04T08:19:39.806+0000] {subprocess.py:93} INFO - 📥 Reading cleaned data...
[2025-04-04T08:19:39.863+0000] {subprocess.py:93} INFO - 25/04/04 08:19:39 INFO SharedState: Setting hive.metastore.warehouse.dir ('null') to the value of spark.sql.warehouse.dir.
[2025-04-04T08:19:39.870+0000] {subprocess.py:93} INFO - 25/04/04 08:19:39 INFO SharedState: Warehouse path is 'file:/tmp/airflowtmpd4oo31uf/spark-warehouse'.
[2025-04-04T08:19:40.524+0000] {subprocess.py:93} INFO - 25/04/04 08:19:40 WARN FileStreamSink: Assume no metadata directory. Error while looking for metadata directory in the path: s3a://nyc-taxi/clean/yellow_tripdata_2023-01-clean.parquet.
[2025-04-04T08:19:40.525+0000] {subprocess.py:93} INFO - java.lang.RuntimeException: java.lang.ClassNotFoundException: Class org.apache.hadoop.fs.s3a.S3AFileSystem not found
[2025-04-04T08:19:40.526+0000] {subprocess.py:93} INFO - 	at org.apache.hadoop.conf.Configuration.getClass(Configuration.java:2688)
[2025-04-04T08:19:40.527+0000] {subprocess.py:93} INFO - 	at org.apache.hadoop.fs.FileSystem.getFileSystemClass(FileSystem.java:3431)
[2025-04-04T08:19:40.527+0000] {subprocess.py:93} INFO - 	at org.apache.hadoop.fs.FileSystem.createFileSystem(FileSystem.java:3466)
[2025-04-04T08:19:40.528+0000] {subprocess.py:93} INFO - 	at org.apache.hadoop.fs.FileSystem.access$300(FileSystem.java:174)
[2025-04-04T08:19:40.529+0000] {subprocess.py:93} INFO - 	at org.apache.hadoop.fs.FileSystem$Cache.getInternal(FileSystem.java:3574)
[2025-04-04T08:19:40.529+0000] {subprocess.py:93} INFO - 	at org.apache.hadoop.fs.FileSystem$Cache.get(FileSystem.java:3521)
[2025-04-04T08:19:40.530+0000] {subprocess.py:93} INFO - 	at org.apache.hadoop.fs.FileSystem.get(FileSystem.java:540)
[2025-04-04T08:19:40.531+0000] {subprocess.py:93} INFO - 	at org.apache.hadoop.fs.Path.getFileSystem(Path.java:365)
[2025-04-04T08:19:40.531+0000] {subprocess.py:93} INFO - 	at org.apache.spark.sql.execution.streaming.FileStreamSink$.hasMetadata(FileStreamSink.scala:53)
[2025-04-04T08:19:40.532+0000] {subprocess.py:93} INFO - 	at org.apache.spark.sql.execution.datasources.DataSource.resolveRelation(DataSource.scala:366)
[2025-04-04T08:19:40.532+0000] {subprocess.py:93} INFO - 	at org.apache.spark.sql.DataFrameReader.loadV1Source(DataFrameReader.scala:229)
[2025-04-04T08:19:40.533+0000] {subprocess.py:93} INFO - 	at org.apache.spark.sql.DataFrameReader.$anonfun$load$2(DataFrameReader.scala:211)
[2025-04-04T08:19:40.533+0000] {subprocess.py:93} INFO - 	at scala.Option.getOrElse(Option.scala:189)
[2025-04-04T08:19:40.534+0000] {subprocess.py:93} INFO - 	at org.apache.spark.sql.DataFrameReader.load(DataFrameReader.scala:211)
[2025-04-04T08:19:40.534+0000] {subprocess.py:93} INFO - 	at org.apache.spark.sql.DataFrameReader.parquet(DataFrameReader.scala:563)
[2025-04-04T08:19:40.535+0000] {subprocess.py:93} INFO - 	at java.base/jdk.internal.reflect.NativeMethodAccessorImpl.invoke0(Native Method)
[2025-04-04T08:19:40.535+0000] {subprocess.py:93} INFO - 	at java.base/jdk.internal.reflect.NativeMethodAccessorImpl.invoke(NativeMethodAccessorImpl.java:77)
[2025-04-04T08:19:40.536+0000] {subprocess.py:93} INFO - 	at java.base/jdk.internal.reflect.DelegatingMethodAccessorImpl.invoke(DelegatingMethodAccessorImpl.java:43)
[2025-04-04T08:19:40.536+0000] {subprocess.py:93} INFO - 	at java.base/java.lang.reflect.Method.invoke(Method.java:569)
[2025-04-04T08:19:40.536+0000] {subprocess.py:93} INFO - 	at py4j.reflection.MethodInvoker.invoke(MethodInvoker.java:244)
[2025-04-04T08:19:40.537+0000] {subprocess.py:93} INFO - 	at py4j.reflection.ReflectionEngine.invoke(ReflectionEngine.java:374)
[2025-04-04T08:19:40.537+0000] {subprocess.py:93} INFO - 	at py4j.Gateway.invoke(Gateway.java:282)
[2025-04-04T08:19:40.538+0000] {subprocess.py:93} INFO - 	at py4j.commands.AbstractCommand.invokeMethod(AbstractCommand.java:132)
[2025-04-04T08:19:40.539+0000] {subprocess.py:93} INFO - 	at py4j.commands.CallCommand.execute(CallCommand.java:79)
[2025-04-04T08:19:40.539+0000] {subprocess.py:93} INFO - 	at py4j.ClientServerConnection.waitForCommands(ClientServerConnection.java:182)
[2025-04-04T08:19:40.540+0000] {subprocess.py:93} INFO - 	at py4j.ClientServerConnection.run(ClientServerConnection.java:106)
[2025-04-04T08:19:40.540+0000] {subprocess.py:93} INFO - 	at java.base/java.lang.Thread.run(Thread.java:840)
[2025-04-04T08:19:40.541+0000] {subprocess.py:93} INFO - Caused by: java.lang.ClassNotFoundException: Class org.apache.hadoop.fs.s3a.S3AFileSystem not found
[2025-04-04T08:19:40.541+0000] {subprocess.py:93} INFO - 	at org.apache.hadoop.conf.Configuration.getClassByName(Configuration.java:2592)
[2025-04-04T08:19:40.542+0000] {subprocess.py:93} INFO - 	at org.apache.hadoop.conf.Configuration.getClass(Configuration.java:2686)
[2025-04-04T08:19:40.542+0000] {subprocess.py:93} INFO - 	... 26 more
[2025-04-04T08:19:40.613+0000] {subprocess.py:93} INFO - Traceback (most recent call last):
[2025-04-04T08:19:40.614+0000] {subprocess.py:93} INFO -   File "/opt/spark-app/transform_yellow_tripdata.py", line 21, in <module>
[2025-04-04T08:19:40.618+0000] {subprocess.py:93} INFO -     df = spark.read.parquet(clean_path)
[2025-04-04T08:19:40.618+0000] {subprocess.py:93} INFO -   File "/opt/spark/python/lib/pyspark.zip/pyspark/sql/readwriter.py", line 544, in parquet
[2025-04-04T08:19:40.619+0000] {subprocess.py:93} INFO -   File "/opt/spark/python/lib/py4j-0.10.9.7-src.zip/py4j/java_gateway.py", line 1322, in __call__
[2025-04-04T08:19:40.620+0000] {subprocess.py:93} INFO -   File "/opt/spark/python/lib/pyspark.zip/pyspark/errors/exceptions/captured.py", line 179, in deco
[2025-04-04T08:19:40.620+0000] {subprocess.py:93} INFO -   File "/opt/spark/python/lib/py4j-0.10.9.7-src.zip/py4j/protocol.py", line 326, in get_return_value
[2025-04-04T08:19:40.621+0000] {subprocess.py:93} INFO - py4j.protocol.Py4JJavaError: An error occurred while calling o38.parquet.
[2025-04-04T08:19:40.622+0000] {subprocess.py:93} INFO - : java.lang.RuntimeException: java.lang.ClassNotFoundException: Class org.apache.hadoop.fs.s3a.S3AFileSystem not found
[2025-04-04T08:19:40.623+0000] {subprocess.py:93} INFO - 	at org.apache.hadoop.conf.Configuration.getClass(Configuration.java:2688)
[2025-04-04T08:19:40.623+0000] {subprocess.py:93} INFO - 	at org.apache.hadoop.fs.FileSystem.getFileSystemClass(FileSystem.java:3431)
[2025-04-04T08:19:40.624+0000] {subprocess.py:93} INFO - 	at org.apache.hadoop.fs.FileSystem.createFileSystem(FileSystem.java:3466)
[2025-04-04T08:19:40.625+0000] {subprocess.py:93} INFO - 	at org.apache.hadoop.fs.FileSystem.access$300(FileSystem.java:174)
[2025-04-04T08:19:40.625+0000] {subprocess.py:93} INFO - 	at org.apache.hadoop.fs.FileSystem$Cache.getInternal(FileSystem.java:3574)
[2025-04-04T08:19:40.626+0000] {subprocess.py:93} INFO - 	at org.apache.hadoop.fs.FileSystem$Cache.get(FileSystem.java:3521)
[2025-04-04T08:19:40.627+0000] {subprocess.py:93} INFO - 	at org.apache.hadoop.fs.FileSystem.get(FileSystem.java:540)
[2025-04-04T08:19:40.627+0000] {subprocess.py:93} INFO - 	at org.apache.hadoop.fs.Path.getFileSystem(Path.java:365)
[2025-04-04T08:19:40.628+0000] {subprocess.py:93} INFO - 	at org.apache.spark.sql.execution.datasources.DataSource$.$anonfun$checkAndGlobPathIfNecessary$1(DataSource.scala:724)
[2025-04-04T08:19:40.629+0000] {subprocess.py:93} INFO - 	at scala.collection.immutable.List.map(List.scala:293)
[2025-04-04T08:19:40.629+0000] {subprocess.py:93} INFO - 	at org.apache.spark.sql.execution.datasources.DataSource$.checkAndGlobPathIfNecessary(DataSource.scala:722)
[2025-04-04T08:19:40.630+0000] {subprocess.py:93} INFO - 	at org.apache.spark.sql.execution.datasources.DataSource.checkAndGlobPathIfNecessary(DataSource.scala:551)
[2025-04-04T08:19:40.631+0000] {subprocess.py:93} INFO - 	at org.apache.spark.sql.execution.datasources.DataSource.resolveRelation(DataSource.scala:404)
[2025-04-04T08:19:40.631+0000] {subprocess.py:93} INFO - 	at org.apache.spark.sql.DataFrameReader.loadV1Source(DataFrameReader.scala:229)
[2025-04-04T08:19:40.632+0000] {subprocess.py:93} INFO - 	at org.apache.spark.sql.DataFrameReader.$anonfun$load$2(DataFrameReader.scala:211)
[2025-04-04T08:19:40.633+0000] {subprocess.py:93} INFO - 	at scala.Option.getOrElse(Option.scala:189)
[2025-04-04T08:19:40.634+0000] {subprocess.py:93} INFO - 	at org.apache.spark.sql.DataFrameReader.load(DataFrameReader.scala:211)
[2025-04-04T08:19:40.634+0000] {subprocess.py:93} INFO - 	at org.apache.spark.sql.DataFrameReader.parquet(DataFrameReader.scala:563)
[2025-04-04T08:19:40.635+0000] {subprocess.py:93} INFO - 	at java.base/jdk.internal.reflect.NativeMethodAccessorImpl.invoke0(Native Method)
[2025-04-04T08:19:40.636+0000] {subprocess.py:93} INFO - 	at java.base/jdk.internal.reflect.NativeMethodAccessorImpl.invoke(NativeMethodAccessorImpl.java:77)
[2025-04-04T08:19:40.636+0000] {subprocess.py:93} INFO - 	at java.base/jdk.internal.reflect.DelegatingMethodAccessorImpl.invoke(DelegatingMethodAccessorImpl.java:43)
[2025-04-04T08:19:40.637+0000] {subprocess.py:93} INFO - 	at java.base/java.lang.reflect.Method.invoke(Method.java:569)
[2025-04-04T08:19:40.637+0000] {subprocess.py:93} INFO - 	at py4j.reflection.MethodInvoker.invoke(MethodInvoker.java:244)
[2025-04-04T08:19:40.638+0000] {subprocess.py:93} INFO - 	at py4j.reflection.ReflectionEngine.invoke(ReflectionEngine.java:374)
[2025-04-04T08:19:40.639+0000] {subprocess.py:93} INFO - 	at py4j.Gateway.invoke(Gateway.java:282)
[2025-04-04T08:19:40.640+0000] {subprocess.py:93} INFO - 	at py4j.commands.AbstractCommand.invokeMethod(AbstractCommand.java:132)
[2025-04-04T08:19:40.640+0000] {subprocess.py:93} INFO - 	at py4j.commands.CallCommand.execute(CallCommand.java:79)
[2025-04-04T08:19:40.641+0000] {subprocess.py:93} INFO - 	at py4j.ClientServerConnection.waitForCommands(ClientServerConnection.java:182)
[2025-04-04T08:19:40.642+0000] {subprocess.py:93} INFO - 	at py4j.ClientServerConnection.run(ClientServerConnection.java:106)
[2025-04-04T08:19:40.642+0000] {subprocess.py:93} INFO - 	at java.base/java.lang.Thread.run(Thread.java:840)
[2025-04-04T08:19:40.643+0000] {subprocess.py:93} INFO - Caused by: java.lang.ClassNotFoundException: Class org.apache.hadoop.fs.s3a.S3AFileSystem not found
[2025-04-04T08:19:40.644+0000] {subprocess.py:93} INFO - 	at org.apache.hadoop.conf.Configuration.getClassByName(Configuration.java:2592)
[2025-04-04T08:19:40.644+0000] {subprocess.py:93} INFO - 	at org.apache.hadoop.conf.Configuration.getClass(Configuration.java:2686)
[2025-04-04T08:19:40.645+0000] {subprocess.py:93} INFO - 	... 29 more
[2025-04-04T08:19:40.646+0000] {subprocess.py:93} INFO - 
[2025-04-04T08:19:40.679+0000] {subprocess.py:93} INFO - 25/04/04 08:19:40 INFO SparkContext: Invoking stop() from shutdown hook
[2025-04-04T08:19:40.681+0000] {subprocess.py:93} INFO - 25/04/04 08:19:40 INFO SparkContext: SparkContext is stopping with exitCode 0.
[2025-04-04T08:19:40.694+0000] {subprocess.py:93} INFO - 25/04/04 08:19:40 INFO SparkUI: Stopped Spark web UI at http://43987fe3142a:4040
[2025-04-04T08:19:40.698+0000] {subprocess.py:93} INFO - 25/04/04 08:19:40 INFO StandaloneSchedulerBackend: Shutting down all executors
[2025-04-04T08:19:40.702+0000] {subprocess.py:93} INFO - 25/04/04 08:19:40 INFO StandaloneSchedulerBackend$StandaloneDriverEndpoint: Asking each executor to shut down
[2025-04-04T08:19:40.721+0000] {subprocess.py:93} INFO - 25/04/04 08:19:40 INFO MapOutputTrackerMasterEndpoint: MapOutputTrackerMasterEndpoint stopped!
[2025-04-04T08:19:40.736+0000] {subprocess.py:93} INFO - 25/04/04 08:19:40 INFO MemoryStore: MemoryStore cleared
[2025-04-04T08:19:40.737+0000] {subprocess.py:93} INFO - 25/04/04 08:19:40 INFO BlockManager: BlockManager stopped
[2025-04-04T08:19:40.742+0000] {subprocess.py:93} INFO - 25/04/04 08:19:40 INFO BlockManagerMaster: BlockManagerMaster stopped
[2025-04-04T08:19:40.744+0000] {subprocess.py:93} INFO - 25/04/04 08:19:40 INFO OutputCommitCoordinator$OutputCommitCoordinatorEndpoint: OutputCommitCoordinator stopped!
[2025-04-04T08:19:40.754+0000] {subprocess.py:93} INFO - 25/04/04 08:19:40 INFO SparkContext: Successfully stopped SparkContext
[2025-04-04T08:19:40.754+0000] {subprocess.py:93} INFO - 25/04/04 08:19:40 INFO ShutdownHookManager: Shutdown hook called
[2025-04-04T08:19:40.755+0000] {subprocess.py:93} INFO - 25/04/04 08:19:40 INFO ShutdownHookManager: Deleting directory /tmp/spark-68463219-cb58-45fe-985d-8528e77abf75
[2025-04-04T08:19:40.758+0000] {subprocess.py:93} INFO - 25/04/04 08:19:40 INFO ShutdownHookManager: Deleting directory /tmp/spark-72bf2b11-96f2-4e82-a6e5-60bf04f25c8c
[2025-04-04T08:19:40.760+0000] {subprocess.py:93} INFO - 25/04/04 08:19:40 INFO ShutdownHookManager: Deleting directory /tmp/spark-68463219-cb58-45fe-985d-8528e77abf75/pyspark-7732078a-f459-4fab-875c-7cfdfef18c0e
[2025-04-04T08:19:40.781+0000] {subprocess.py:97} INFO - Command exited with return code 1
[2025-04-04T08:19:40.805+0000] {taskinstance.py:2698} ERROR - Task failed with exception
Traceback (most recent call last):
  File "/home/airflow/.local/lib/python3.8/site-packages/airflow/models/taskinstance.py", line 433, in _execute_task
    result = execute_callable(context=context, **execute_callable_kwargs)
  File "/home/airflow/.local/lib/python3.8/site-packages/airflow/operators/bash.py", line 212, in execute
    raise AirflowException(
airflow.exceptions.AirflowException: Bash command failed. The command returned a non-zero exit code 1.
[2025-04-04T08:19:40.813+0000] {taskinstance.py:1138} INFO - Marking task as FAILED. dag_id=full_pipeline_dag, task_id=transform_data_spark, execution_date=20250404T081615, start_date=20250404T081936, end_date=20250404T081940
[2025-04-04T08:19:40.870+0000] {standard_task_runner.py:107} ERROR - Failed to execute job 274 for task transform_data_spark (Bash command failed. The command returned a non-zero exit code 1.; 779)
[2025-04-04T08:19:40.909+0000] {local_task_job_runner.py:234} INFO - Task exited with return code 1
[2025-04-04T08:19:40.956+0000] {taskinstance.py:3280} INFO - 0 downstream tasks scheduled from follow-on schedule check
