[2025-04-04T08:44:35.451+0000] {taskinstance.py:1956} INFO - Dependencies all met for dep_context=non-requeueable deps ti=<TaskInstance: full_pipeline_dag.transform_data_spark manual__2025-04-04T08:16:15.521213+00:00 [queued]>
[2025-04-04T08:44:35.485+0000] {taskinstance.py:1956} INFO - Dependencies all met for dep_context=requeueable deps ti=<TaskInstance: full_pipeline_dag.transform_data_spark manual__2025-04-04T08:16:15.521213+00:00 [queued]>
[2025-04-04T08:44:35.486+0000] {taskinstance.py:2170} INFO - Starting attempt 4 of 6
[2025-04-04T08:44:35.549+0000] {taskinstance.py:2191} INFO - Executing <Task(SparkSubmitOperator): transform_data_spark> on 2025-04-04 08:16:15.521213+00:00
[2025-04-04T08:44:35.557+0000] {standard_task_runner.py:60} INFO - Started process 1088 to run task
[2025-04-04T08:44:35.560+0000] {standard_task_runner.py:87} INFO - Running: ['airflow', 'tasks', 'run', 'full_pipeline_dag', 'transform_data_spark', 'manual__2025-04-04T08:16:15.521213+00:00', '--job-id', '275', '--raw', '--subdir', 'DAGS_FOLDER/full_pipeline_dag.py', '--cfg-path', '/tmp/tmp_ziqk9dj']
[2025-04-04T08:44:35.562+0000] {standard_task_runner.py:88} INFO - Job 275: Subtask transform_data_spark
[2025-04-04T08:44:35.628+0000] {logging_mixin.py:188} WARNING - /home/airflow/.local/lib/python3.8/site-packages/airflow/settings.py:194 DeprecationWarning: The sql_alchemy_conn option in [core] has been moved to the sql_alchemy_conn option in [database] - the old setting has been used, but please update your config.
[2025-04-04T08:44:35.691+0000] {task_command.py:423} INFO - Running <TaskInstance: full_pipeline_dag.transform_data_spark manual__2025-04-04T08:16:15.521213+00:00 [running]> on host 43987fe3142a
[2025-04-04T08:44:35.804+0000] {taskinstance.py:2480} INFO - Exporting env vars: AIRFLOW_CTX_DAG_OWNER='airflow' AIRFLOW_CTX_DAG_ID='full_pipeline_dag' AIRFLOW_CTX_TASK_ID='transform_data_spark' AIRFLOW_CTX_EXECUTION_DATE='2025-04-04T08:16:15.521213+00:00' AIRFLOW_CTX_TRY_NUMBER='4' AIRFLOW_CTX_DAG_RUN_ID='manual__2025-04-04T08:16:15.521213+00:00'
[2025-04-04T08:44:35.815+0000] {base.py:83} INFO - Using connection ID 'spark_default' for task execution.
[2025-04-04T08:44:35.817+0000] {spark_submit.py:473} INFO - Spark-Submit cmd: spark-submit --master spark://spark-master:7077 --conf spark.hadoop.fs.s3a.impl=org.apache.hadoop.fs.s3a.S3AFileSystem --conf spark.hadoop.fs.s3a.access.key=minioadmin --conf spark.hadoop.fs.s3a.secret.key=****** --conf spark.hadoop.fs.s3a.endpoint=http://minio:9000 --conf spark.hadoop.fs.s3a.path.style.access=true --conf spark.hadoop.fs.s3a.connection.ssl.enabled=false --conf spark.hadoop.fs.s3a.aws.credentials.provider=org.apache.hadoop.fs.s3a.SimpleAWSCredentialsProvider --jars /opt/spark-extra-jars/hadoop-aws-3.3.6.jar,/opt/spark-extra-jars/aws-java-sdk-bundle-1.12.696.jar,/opt/spark-extra-jars/hadoop-common-3.3.6.jar --name arrow-spark --verbose --queue root.default --deploy-mode client /opt/spark-app/transform_yellow_tripdata.py
[2025-04-04T08:44:35.834+0000] {spark_submit.py:649} INFO - /opt/spark/bin/load-spark-env.sh: line 68: ps: command not found
[2025-04-04T08:44:37.542+0000] {spark_submit.py:649} INFO - Using properties file: null
[2025-04-04T08:44:37.632+0000] {spark_submit.py:649} INFO - Parsed arguments:
[2025-04-04T08:44:37.633+0000] {spark_submit.py:649} INFO - master                  spark://spark-master:7077
[2025-04-04T08:44:37.634+0000] {spark_submit.py:649} INFO - remote                  null
[2025-04-04T08:44:37.634+0000] {spark_submit.py:649} INFO - deployMode              client
[2025-04-04T08:44:37.635+0000] {spark_submit.py:649} INFO - executorMemory          null
[2025-04-04T08:44:37.635+0000] {spark_submit.py:649} INFO - executorCores           null
[2025-04-04T08:44:37.636+0000] {spark_submit.py:649} INFO - totalExecutorCores      null
[2025-04-04T08:44:37.637+0000] {spark_submit.py:649} INFO - propertiesFile          null
[2025-04-04T08:44:37.637+0000] {spark_submit.py:649} INFO - driverMemory            null
[2025-04-04T08:44:37.638+0000] {spark_submit.py:649} INFO - driverCores             null
[2025-04-04T08:44:37.639+0000] {spark_submit.py:649} INFO - driverExtraClassPath    null
[2025-04-04T08:44:37.639+0000] {spark_submit.py:649} INFO - driverExtraLibraryPath  null
[2025-04-04T08:44:37.640+0000] {spark_submit.py:649} INFO - driverExtraJavaOptions  null
[2025-04-04T08:44:37.640+0000] {spark_submit.py:649} INFO - supervise               false
[2025-04-04T08:44:37.641+0000] {spark_submit.py:649} INFO - queue                   root.default
[2025-04-04T08:44:37.641+0000] {spark_submit.py:649} INFO - numExecutors            null
[2025-04-04T08:44:37.642+0000] {spark_submit.py:649} INFO - files                   null
[2025-04-04T08:44:37.643+0000] {spark_submit.py:649} INFO - pyFiles                 null
[2025-04-04T08:44:37.643+0000] {spark_submit.py:649} INFO - archives                null
[2025-04-04T08:44:37.644+0000] {spark_submit.py:649} INFO - mainClass               null
[2025-04-04T08:44:37.644+0000] {spark_submit.py:649} INFO - primaryResource         file:/opt/spark-app/transform_yellow_tripdata.py
[2025-04-04T08:44:37.644+0000] {spark_submit.py:649} INFO - name                    arrow-spark
[2025-04-04T08:44:37.645+0000] {spark_submit.py:649} INFO - childArgs               []
[2025-04-04T08:44:37.646+0000] {spark_submit.py:649} INFO - jars                    file:/opt/spark-extra-jars/hadoop-aws-3.3.6.jar,file:/opt/spark-extra-jars/aws-java-sdk-bundle-1.12.696.jar,file:/opt/spark-extra-jars/hadoop-common-3.3.6.jar
[2025-04-04T08:44:37.646+0000] {spark_submit.py:649} INFO - packages                null
[2025-04-04T08:44:37.646+0000] {spark_submit.py:649} INFO - packagesExclusions      null
[2025-04-04T08:44:37.647+0000] {spark_submit.py:649} INFO - repositories            null
[2025-04-04T08:44:37.647+0000] {spark_submit.py:649} INFO - verbose                 true
[2025-04-04T08:44:37.648+0000] {spark_submit.py:649} INFO - 
[2025-04-04T08:44:37.648+0000] {spark_submit.py:649} INFO - Spark properties used, including those specified through
[2025-04-04T08:44:37.648+0000] {spark_submit.py:649} INFO - --conf and those from the properties file null:
[2025-04-04T08:44:37.649+0000] {spark_submit.py:649} INFO - (spark.hadoop.fs.s3a.access.key,*********(redacted))
[2025-04-04T08:44:37.649+0000] {spark_submit.py:649} INFO - (spark.hadoop.fs.s3a.aws.credentials.provider,org.apache.hadoop.fs.s3a.SimpleAWSCredentialsProvider)
[2025-04-04T08:44:37.650+0000] {spark_submit.py:649} INFO - (spark.hadoop.fs.s3a.connection.ssl.enabled,false)
[2025-04-04T08:44:37.650+0000] {spark_submit.py:649} INFO - (spark.hadoop.fs.s3a.endpoint,http://minio:9000)
[2025-04-04T08:44:37.651+0000] {spark_submit.py:649} INFO - (spark.hadoop.fs.s3a.impl,org.apache.hadoop.fs.s3a.S3AFileSystem)
[2025-04-04T08:44:37.652+0000] {spark_submit.py:649} INFO - (spark.hadoop.fs.s3a.path.style.access,true)
[2025-04-04T08:44:37.652+0000] {spark_submit.py:649} INFO - (spark.hadoop.fs.s3a.secret.key,*********(redacted))
[2025-04-04T08:44:37.653+0000] {spark_submit.py:649} INFO - 
[2025-04-04T08:44:37.653+0000] {spark_submit.py:649} INFO - 
[2025-04-04T08:44:38.038+0000] {spark_submit.py:649} INFO - 25/04/04 08:44:38 WARN NativeCodeLoader: Unable to load native-hadoop library for your platform... using builtin-java classes where applicable
[2025-04-04T08:44:38.305+0000] {spark_submit.py:649} INFO - Main class:
[2025-04-04T08:44:38.306+0000] {spark_submit.py:649} INFO - org.apache.spark.deploy.PythonRunner
[2025-04-04T08:44:38.306+0000] {spark_submit.py:649} INFO - Arguments:
[2025-04-04T08:44:38.307+0000] {spark_submit.py:649} INFO - file:/opt/spark-app/transform_yellow_tripdata.py
[2025-04-04T08:44:38.308+0000] {spark_submit.py:649} INFO - null
[2025-04-04T08:44:38.310+0000] {spark_submit.py:649} INFO - Spark config:
[2025-04-04T08:44:38.311+0000] {spark_submit.py:649} INFO - (spark.app.name,arrow-spark)
[2025-04-04T08:44:38.312+0000] {spark_submit.py:649} INFO - (spark.app.submitTime,1743756278280)
[2025-04-04T08:44:38.313+0000] {spark_submit.py:649} INFO - (spark.hadoop.fs.s3a.access.key,*********(redacted))
[2025-04-04T08:44:38.313+0000] {spark_submit.py:649} INFO - (spark.hadoop.fs.s3a.aws.credentials.provider,org.apache.hadoop.fs.s3a.SimpleAWSCredentialsProvider)
[2025-04-04T08:44:38.314+0000] {spark_submit.py:649} INFO - (spark.hadoop.fs.s3a.connection.ssl.enabled,false)
[2025-04-04T08:44:38.315+0000] {spark_submit.py:649} INFO - (spark.hadoop.fs.s3a.endpoint,http://minio:9000)
[2025-04-04T08:44:38.315+0000] {spark_submit.py:649} INFO - (spark.hadoop.fs.s3a.impl,org.apache.hadoop.fs.s3a.S3AFileSystem)
[2025-04-04T08:44:38.316+0000] {spark_submit.py:649} INFO - (spark.hadoop.fs.s3a.path.style.access,true)
[2025-04-04T08:44:38.316+0000] {spark_submit.py:649} INFO - (spark.hadoop.fs.s3a.secret.key,*********(redacted))
[2025-04-04T08:44:38.317+0000] {spark_submit.py:649} INFO - (spark.jars,file:///opt/spark-extra-jars/hadoop-aws-3.3.6.jar,file:///opt/spark-extra-jars/aws-java-sdk-bundle-1.12.696.jar,file:///opt/spark-extra-jars/hadoop-common-3.3.6.jar)
[2025-04-04T08:44:38.317+0000] {spark_submit.py:649} INFO - (spark.master,spark://spark-master:7077)
[2025-04-04T08:44:38.317+0000] {spark_submit.py:649} INFO - (spark.repl.local.jars,file:///opt/spark-extra-jars/hadoop-aws-3.3.6.jar,file:///opt/spark-extra-jars/aws-java-sdk-bundle-1.12.696.jar,file:///opt/spark-extra-jars/hadoop-common-3.3.6.jar)
[2025-04-04T08:44:38.318+0000] {spark_submit.py:649} INFO - (spark.submit.deployMode,client)
[2025-04-04T08:44:38.319+0000] {spark_submit.py:649} INFO - (spark.submit.pyFiles,)
[2025-04-04T08:44:38.319+0000] {spark_submit.py:649} INFO - Classpath elements:
[2025-04-04T08:44:38.320+0000] {spark_submit.py:649} INFO - file:///opt/spark-extra-jars/hadoop-aws-3.3.6.jar
[2025-04-04T08:44:38.320+0000] {spark_submit.py:649} INFO - file:///opt/spark-extra-jars/aws-java-sdk-bundle-1.12.696.jar
[2025-04-04T08:44:38.320+0000] {spark_submit.py:649} INFO - file:///opt/spark-extra-jars/hadoop-common-3.3.6.jar
[2025-04-04T08:44:38.321+0000] {spark_submit.py:649} INFO - 
[2025-04-04T08:44:38.321+0000] {spark_submit.py:649} INFO - 
[2025-04-04T08:44:40.077+0000] {spark_submit.py:649} INFO - 25/04/04 08:44:40 INFO SparkContext: Running Spark version 3.5.0
[2025-04-04T08:44:40.078+0000] {spark_submit.py:649} INFO - 25/04/04 08:44:40 INFO SparkContext: OS info Linux, 5.15.167.4-microsoft-standard-WSL2, amd64
[2025-04-04T08:44:40.079+0000] {spark_submit.py:649} INFO - 25/04/04 08:44:40 INFO SparkContext: Java version 17.0.14
[2025-04-04T08:44:40.100+0000] {spark_submit.py:649} INFO - 25/04/04 08:44:40 INFO ResourceUtils: ==============================================================
[2025-04-04T08:44:40.100+0000] {spark_submit.py:649} INFO - 25/04/04 08:44:40 INFO ResourceUtils: No custom resources configured for spark.driver.
[2025-04-04T08:44:40.101+0000] {spark_submit.py:649} INFO - 25/04/04 08:44:40 INFO ResourceUtils: ==============================================================
[2025-04-04T08:44:40.102+0000] {spark_submit.py:649} INFO - 25/04/04 08:44:40 INFO SparkContext: Submitted application: TransformYellowTripdata
[2025-04-04T08:44:40.117+0000] {spark_submit.py:649} INFO - 25/04/04 08:44:40 INFO ResourceProfile: Default ResourceProfile created, executor resources: Map(memory -> name: memory, amount: 1024, script: , vendor: , offHeap -> name: offHeap, amount: 0, script: , vendor: ), task resources: Map(cpus -> name: cpus, amount: 1.0)
[2025-04-04T08:44:40.123+0000] {spark_submit.py:649} INFO - 25/04/04 08:44:40 INFO ResourceProfile: Limiting resource is cpu
[2025-04-04T08:44:40.124+0000] {spark_submit.py:649} INFO - 25/04/04 08:44:40 INFO ResourceProfileManager: Added ResourceProfile id: 0
[2025-04-04T08:44:40.179+0000] {spark_submit.py:649} INFO - 25/04/04 08:44:40 INFO SecurityManager: Changing view acls to: airflow
[2025-04-04T08:44:40.180+0000] {spark_submit.py:649} INFO - 25/04/04 08:44:40 INFO SecurityManager: Changing modify acls to: airflow
[2025-04-04T08:44:40.181+0000] {spark_submit.py:649} INFO - 25/04/04 08:44:40 INFO SecurityManager: Changing view acls groups to:
[2025-04-04T08:44:40.182+0000] {spark_submit.py:649} INFO - 25/04/04 08:44:40 INFO SecurityManager: Changing modify acls groups to:
[2025-04-04T08:44:40.182+0000] {spark_submit.py:649} INFO - 25/04/04 08:44:40 INFO SecurityManager: SecurityManager: authentication disabled; ui acls disabled; users with view permissions: airflow; groups with view permissions: EMPTY; users with modify permissions: airflow; groups with modify permissions: EMPTY
[2025-04-04T08:44:40.404+0000] {spark_submit.py:649} INFO - 25/04/04 08:44:40 INFO Utils: Successfully started service 'sparkDriver' on port 36697.
[2025-04-04T08:44:40.438+0000] {spark_submit.py:649} INFO - 25/04/04 08:44:40 INFO SparkEnv: Registering MapOutputTracker
[2025-04-04T08:44:40.469+0000] {spark_submit.py:649} INFO - 25/04/04 08:44:40 INFO SparkEnv: Registering BlockManagerMaster
[2025-04-04T08:44:40.487+0000] {spark_submit.py:649} INFO - 25/04/04 08:44:40 INFO BlockManagerMasterEndpoint: Using org.apache.spark.storage.DefaultTopologyMapper for getting topology information
[2025-04-04T08:44:40.488+0000] {spark_submit.py:649} INFO - 25/04/04 08:44:40 INFO BlockManagerMasterEndpoint: BlockManagerMasterEndpoint up
[2025-04-04T08:44:40.492+0000] {spark_submit.py:649} INFO - 25/04/04 08:44:40 INFO SparkEnv: Registering BlockManagerMasterHeartbeat
[2025-04-04T08:44:40.548+0000] {spark_submit.py:649} INFO - 25/04/04 08:44:40 INFO DiskBlockManager: Created local directory at /tmp/blockmgr-d8e288b7-288f-4ed3-9ed8-904eedc90046
[2025-04-04T08:44:40.562+0000] {spark_submit.py:649} INFO - 25/04/04 08:44:40 INFO MemoryStore: MemoryStore started with capacity 434.4 MiB
[2025-04-04T08:44:40.581+0000] {spark_submit.py:649} INFO - 25/04/04 08:44:40 INFO SparkEnv: Registering OutputCommitCoordinator
[2025-04-04T08:44:40.710+0000] {spark_submit.py:649} INFO - 25/04/04 08:44:40 INFO JettyUtils: Start Jetty 0.0.0.0:4040 for SparkUI
[2025-04-04T08:44:40.771+0000] {spark_submit.py:649} INFO - 25/04/04 08:44:40 INFO Utils: Successfully started service 'SparkUI' on port 4040.
[2025-04-04T08:44:40.822+0000] {spark_submit.py:649} INFO - 25/04/04 08:44:40 INFO SparkContext: Added JAR file:///opt/spark-extra-jars/hadoop-aws-3.3.6.jar at spark://43987fe3142a:36697/jars/hadoop-aws-3.3.6.jar with timestamp 1743756280068
[2025-04-04T08:44:40.824+0000] {spark_submit.py:649} INFO - 25/04/04 08:44:40 INFO SparkContext: Added JAR file:///opt/spark-extra-jars/aws-java-sdk-bundle-1.12.696.jar at spark://43987fe3142a:36697/jars/aws-java-sdk-bundle-1.12.696.jar with timestamp 1743756280068
[2025-04-04T08:44:40.826+0000] {spark_submit.py:649} INFO - 25/04/04 08:44:40 INFO SparkContext: Added JAR file:///opt/spark-extra-jars/hadoop-common-3.3.6.jar at spark://43987fe3142a:36697/jars/hadoop-common-3.3.6.jar with timestamp 1743756280068
[2025-04-04T08:44:40.910+0000] {spark_submit.py:649} INFO - 25/04/04 08:44:40 INFO StandaloneAppClient$ClientEndpoint: Connecting to master spark://spark-master:7077...
[2025-04-04T08:44:40.956+0000] {spark_submit.py:649} INFO - 25/04/04 08:44:40 INFO TransportClientFactory: Successfully created connection to spark-master/172.24.0.4:7077 after 21 ms (0 ms spent in bootstraps)
[2025-04-04T08:44:41.053+0000] {spark_submit.py:649} INFO - 25/04/04 08:44:41 INFO StandaloneSchedulerBackend: Connected to Spark cluster with app ID app-20250404084441-0004
[2025-04-04T08:44:41.057+0000] {spark_submit.py:649} INFO - 25/04/04 08:44:41 INFO StandaloneAppClient$ClientEndpoint: Executor added: app-20250404084441-0004/0 on worker-20250404081326-172.24.0.8-45963 (172.24.0.8:45963) with 2 core(s)
[2025-04-04T08:44:41.059+0000] {spark_submit.py:649} INFO - 25/04/04 08:44:41 INFO StandaloneSchedulerBackend: Granted executor ID app-20250404084441-0004/0 on hostPort 172.24.0.8:45963 with 2 core(s), 1024.0 MiB RAM
[2025-04-04T08:44:41.064+0000] {spark_submit.py:649} INFO - 25/04/04 08:44:41 INFO Utils: Successfully started service 'org.apache.spark.network.netty.NettyBlockTransferService' on port 39977.
[2025-04-04T08:44:41.064+0000] {spark_submit.py:649} INFO - 25/04/04 08:44:41 INFO NettyBlockTransferService: Server created on 43987fe3142a:39977
[2025-04-04T08:44:41.067+0000] {spark_submit.py:649} INFO - 25/04/04 08:44:41 INFO BlockManager: Using org.apache.spark.storage.RandomBlockReplicationPolicy for block replication policy
[2025-04-04T08:44:41.074+0000] {spark_submit.py:649} INFO - 25/04/04 08:44:41 INFO BlockManagerMaster: Registering BlockManager BlockManagerId(driver, 43987fe3142a, 39977, None)
[2025-04-04T08:44:41.077+0000] {spark_submit.py:649} INFO - 25/04/04 08:44:41 INFO BlockManagerMasterEndpoint: Registering block manager 43987fe3142a:39977 with 434.4 MiB RAM, BlockManagerId(driver, 43987fe3142a, 39977, None)
[2025-04-04T08:44:41.079+0000] {spark_submit.py:649} INFO - 25/04/04 08:44:41 INFO BlockManagerMaster: Registered BlockManager BlockManagerId(driver, 43987fe3142a, 39977, None)
[2025-04-04T08:44:41.080+0000] {spark_submit.py:649} INFO - 25/04/04 08:44:41 INFO BlockManager: Initialized BlockManager: BlockManagerId(driver, 43987fe3142a, 39977, None)
[2025-04-04T08:44:41.150+0000] {spark_submit.py:649} INFO - 25/04/04 08:44:41 INFO StandaloneAppClient$ClientEndpoint: Executor updated: app-20250404084441-0004/0 is now RUNNING
[2025-04-04T08:44:41.306+0000] {spark_submit.py:649} INFO - 25/04/04 08:44:41 INFO StandaloneSchedulerBackend: SchedulerBackend is ready for scheduling beginning after reached minRegisteredResourcesRatio: 0.0
[2025-04-04T08:44:41.508+0000] {spark_submit.py:649} INFO - ✅ Spark session started
[2025-04-04T08:44:41.509+0000] {spark_submit.py:649} INFO - 📥 Reading cleaned data...
[2025-04-04T08:44:41.519+0000] {spark_submit.py:649} INFO - 25/04/04 08:44:41 INFO SharedState: Setting hive.metastore.warehouse.dir ('null') to the value of spark.sql.warehouse.dir.
[2025-04-04T08:44:41.522+0000] {spark_submit.py:649} INFO - 25/04/04 08:44:41 INFO SharedState: Warehouse path is 'file:/opt/airflow/spark-warehouse'.
[2025-04-04T08:44:42.870+0000] {spark_submit.py:649} INFO - 25/04/04 08:44:42 WARN MetricsConfig: Cannot locate configuration: tried hadoop-metrics2-s3a-file-system.properties,hadoop-metrics2.properties
[2025-04-04T08:44:42.878+0000] {spark_submit.py:649} INFO - 25/04/04 08:44:42 INFO MetricsSystemImpl: Scheduled Metric snapshot period at 10 second(s).
[2025-04-04T08:44:42.879+0000] {spark_submit.py:649} INFO - 25/04/04 08:44:42 INFO MetricsSystemImpl: s3a-file-system metrics system started
[2025-04-04T08:44:44.377+0000] {spark_submit.py:649} INFO - 25/04/04 08:44:44 INFO StandaloneSchedulerBackend$StandaloneDriverEndpoint: Registered executor NettyRpcEndpointRef(spark-client://Executor) (172.24.0.8:46802) with ID 0,  ResourceProfileId 0
[2025-04-04T08:44:44.459+0000] {spark_submit.py:649} INFO - 25/04/04 08:44:44 INFO BlockManagerMasterEndpoint: Registering block manager 172.24.0.8:39043 with 434.4 MiB RAM, BlockManagerId(0, 172.24.0.8, 39043, None)
[2025-04-04T08:44:45.235+0000] {spark_submit.py:649} INFO - 25/04/04 08:44:45 INFO InMemoryFileIndex: It took 61 ms to list leaf files for 1 paths.
[2025-04-04T08:44:45.672+0000] {spark_submit.py:649} INFO - 25/04/04 08:44:45 INFO SparkContext: Starting job: parquet at NativeMethodAccessorImpl.java:0
[2025-04-04T08:44:45.687+0000] {spark_submit.py:649} INFO - 25/04/04 08:44:45 INFO DAGScheduler: Got job 0 (parquet at NativeMethodAccessorImpl.java:0) with 1 output partitions
[2025-04-04T08:44:45.688+0000] {spark_submit.py:649} INFO - 25/04/04 08:44:45 INFO DAGScheduler: Final stage: ResultStage 0 (parquet at NativeMethodAccessorImpl.java:0)
[2025-04-04T08:44:45.689+0000] {spark_submit.py:649} INFO - 25/04/04 08:44:45 INFO DAGScheduler: Parents of final stage: List()
[2025-04-04T08:44:45.690+0000] {spark_submit.py:649} INFO - 25/04/04 08:44:45 INFO DAGScheduler: Missing parents: List()
[2025-04-04T08:44:45.695+0000] {spark_submit.py:649} INFO - 25/04/04 08:44:45 INFO DAGScheduler: Submitting ResultStage 0 (MapPartitionsRDD[1] at parquet at NativeMethodAccessorImpl.java:0), which has no missing parents
[2025-04-04T08:44:45.760+0000] {spark_submit.py:649} INFO - 25/04/04 08:44:45 INFO MemoryStore: Block broadcast_0 stored as values in memory (estimated size 104.9 KiB, free 434.3 MiB)
[2025-04-04T08:44:45.817+0000] {spark_submit.py:649} INFO - 25/04/04 08:44:45 INFO MemoryStore: Block broadcast_0_piece0 stored as bytes in memory (estimated size 38.0 KiB, free 434.3 MiB)
[2025-04-04T08:44:45.822+0000] {spark_submit.py:649} INFO - 25/04/04 08:44:45 INFO BlockManagerInfo: Added broadcast_0_piece0 in memory on 43987fe3142a:39977 (size: 38.0 KiB, free: 434.4 MiB)
[2025-04-04T08:44:45.826+0000] {spark_submit.py:649} INFO - 25/04/04 08:44:45 INFO SparkContext: Created broadcast 0 from broadcast at DAGScheduler.scala:1580
[2025-04-04T08:44:45.842+0000] {spark_submit.py:649} INFO - 25/04/04 08:44:45 INFO DAGScheduler: Submitting 1 missing tasks from ResultStage 0 (MapPartitionsRDD[1] at parquet at NativeMethodAccessorImpl.java:0) (first 15 tasks are for partitions Vector(0))
[2025-04-04T08:44:45.843+0000] {spark_submit.py:649} INFO - 25/04/04 08:44:45 INFO TaskSchedulerImpl: Adding task set 0.0 with 1 tasks resource profile 0
[2025-04-04T08:44:51.639+0000] {spark_submit.py:649} INFO - 25/04/04 08:44:51 INFO TaskSetManager: Starting task 0.0 in stage 0.0 (TID 0) (172.24.0.8, executor 0, partition 0, PROCESS_LOCAL, 8187 bytes)
[2025-04-04T08:44:51.864+0000] {spark_submit.py:649} INFO - 25/04/04 08:44:51 INFO BlockManagerInfo: Added broadcast_0_piece0 in memory on 172.24.0.8:39043 (size: 38.0 KiB, free: 434.4 MiB)
[2025-04-04T08:44:53.724+0000] {spark_submit.py:649} INFO - 25/04/04 08:44:53 INFO TaskSetManager: Finished task 0.0 in stage 0.0 (TID 0) in 2093 ms on 172.24.0.8 (executor 0) (1/1)
[2025-04-04T08:44:53.726+0000] {spark_submit.py:649} INFO - 25/04/04 08:44:53 INFO TaskSchedulerImpl: Removed TaskSet 0.0, whose tasks have all completed, from pool
[2025-04-04T08:44:53.730+0000] {spark_submit.py:649} INFO - 25/04/04 08:44:53 INFO DAGScheduler: ResultStage 0 (parquet at NativeMethodAccessorImpl.java:0) finished in 8.015 s
[2025-04-04T08:44:53.732+0000] {spark_submit.py:649} INFO - 25/04/04 08:44:53 INFO DAGScheduler: Job 0 is finished. Cancelling potential speculative or zombie tasks for this job
[2025-04-04T08:44:53.732+0000] {spark_submit.py:649} INFO - 25/04/04 08:44:53 INFO TaskSchedulerImpl: Killing all running tasks in stage 0: Stage finished
[2025-04-04T08:44:53.733+0000] {spark_submit.py:649} INFO - 25/04/04 08:44:53 INFO DAGScheduler: Job 0 finished: parquet at NativeMethodAccessorImpl.java:0, took 8.061410 s
[2025-04-04T08:44:54.097+0000] {spark_submit.py:649} INFO - 25/04/04 08:44:54 INFO BlockManagerInfo: Removed broadcast_0_piece0 on 43987fe3142a:39977 in memory (size: 38.0 KiB, free: 434.4 MiB)
[2025-04-04T08:44:54.099+0000] {spark_submit.py:649} INFO - 25/04/04 08:44:54 INFO BlockManagerInfo: Removed broadcast_0_piece0 on 172.24.0.8:39043 in memory (size: 38.0 KiB, free: 434.4 MiB)
[2025-04-04T08:44:54.209+0000] {spark_submit.py:649} INFO - 📊 Computing metrics...
[2025-04-04T08:44:54.335+0000] {spark_submit.py:649} INFO - 💾 Saving metrics to MinIO...
[2025-04-04T08:44:54.760+0000] {spark_submit.py:649} INFO - 25/04/04 08:44:54 INFO FileSourceStrategy: Pushed Filters:
[2025-04-04T08:44:54.761+0000] {spark_submit.py:649} INFO - 25/04/04 08:44:54 INFO FileSourceStrategy: Post-Scan Filters:
[2025-04-04T08:44:55.157+0000] {spark_submit.py:649} INFO - 25/04/04 08:44:55 INFO CodeGenerator: Code generated in 208.338683 ms
[2025-04-04T08:44:55.186+0000] {spark_submit.py:649} INFO - 25/04/04 08:44:55 INFO MemoryStore: Block broadcast_1 stored as values in memory (estimated size 204.6 KiB, free 434.2 MiB)
[2025-04-04T08:44:55.198+0000] {spark_submit.py:649} INFO - 25/04/04 08:44:55 INFO MemoryStore: Block broadcast_1_piece0 stored as bytes in memory (estimated size 35.8 KiB, free 434.2 MiB)
[2025-04-04T08:44:55.199+0000] {spark_submit.py:649} INFO - 25/04/04 08:44:55 INFO BlockManagerInfo: Added broadcast_1_piece0 in memory on 43987fe3142a:39977 (size: 35.8 KiB, free: 434.4 MiB)
[2025-04-04T08:44:55.202+0000] {spark_submit.py:649} INFO - 25/04/04 08:44:55 INFO SparkContext: Created broadcast 1 from parquet at NativeMethodAccessorImpl.java:0
[2025-04-04T08:44:55.215+0000] {spark_submit.py:649} INFO - 25/04/04 08:44:55 INFO FileSourceScanExec: Planning scan with bin packing, max size: 32895605 bytes, open cost is considered as scanning 4194304 bytes.
[2025-04-04T08:44:55.267+0000] {spark_submit.py:649} INFO - 25/04/04 08:44:55 INFO DAGScheduler: Registering RDD 5 (parquet at NativeMethodAccessorImpl.java:0) as input to shuffle 0
[2025-04-04T08:44:55.272+0000] {spark_submit.py:649} INFO - 25/04/04 08:44:55 INFO DAGScheduler: Got map stage job 1 (parquet at NativeMethodAccessorImpl.java:0) with 2 output partitions
[2025-04-04T08:44:55.273+0000] {spark_submit.py:649} INFO - 25/04/04 08:44:55 INFO DAGScheduler: Final stage: ShuffleMapStage 1 (parquet at NativeMethodAccessorImpl.java:0)
[2025-04-04T08:44:55.273+0000] {spark_submit.py:649} INFO - 25/04/04 08:44:55 INFO DAGScheduler: Parents of final stage: List()
[2025-04-04T08:44:55.274+0000] {spark_submit.py:649} INFO - 25/04/04 08:44:55 INFO DAGScheduler: Missing parents: List()
[2025-04-04T08:44:55.274+0000] {spark_submit.py:649} INFO - 25/04/04 08:44:55 INFO DAGScheduler: Submitting ShuffleMapStage 1 (MapPartitionsRDD[5] at parquet at NativeMethodAccessorImpl.java:0), which has no missing parents
[2025-04-04T08:44:55.308+0000] {spark_submit.py:649} INFO - 25/04/04 08:44:55 INFO MemoryStore: Block broadcast_2 stored as values in memory (estimated size 24.9 KiB, free 434.1 MiB)
[2025-04-04T08:44:55.311+0000] {spark_submit.py:649} INFO - 25/04/04 08:44:55 INFO MemoryStore: Block broadcast_2_piece0 stored as bytes in memory (estimated size 9.9 KiB, free 434.1 MiB)
[2025-04-04T08:44:55.312+0000] {spark_submit.py:649} INFO - 25/04/04 08:44:55 INFO BlockManagerInfo: Added broadcast_2_piece0 in memory on 43987fe3142a:39977 (size: 9.9 KiB, free: 434.4 MiB)
[2025-04-04T08:44:55.313+0000] {spark_submit.py:649} INFO - 25/04/04 08:44:55 INFO SparkContext: Created broadcast 2 from broadcast at DAGScheduler.scala:1580
[2025-04-04T08:44:55.315+0000] {spark_submit.py:649} INFO - 25/04/04 08:44:55 INFO DAGScheduler: Submitting 2 missing tasks from ShuffleMapStage 1 (MapPartitionsRDD[5] at parquet at NativeMethodAccessorImpl.java:0) (first 15 tasks are for partitions Vector(0, 1))
[2025-04-04T08:44:55.316+0000] {spark_submit.py:649} INFO - 25/04/04 08:44:55 INFO TaskSchedulerImpl: Adding task set 1.0 with 2 tasks resource profile 0
[2025-04-04T08:44:55.321+0000] {spark_submit.py:649} INFO - 25/04/04 08:44:55 INFO TaskSetManager: Starting task 0.0 in stage 1.0 (TID 1) (172.24.0.8, executor 0, partition 0, PROCESS_LOCAL, 8681 bytes)
[2025-04-04T08:44:55.322+0000] {spark_submit.py:649} INFO - 25/04/04 08:44:55 INFO TaskSetManager: Starting task 1.0 in stage 1.0 (TID 2) (172.24.0.8, executor 0, partition 1, PROCESS_LOCAL, 8681 bytes)
[2025-04-04T08:44:55.375+0000] {spark_submit.py:649} INFO - 25/04/04 08:44:55 INFO BlockManagerInfo: Added broadcast_2_piece0 in memory on 172.24.0.8:39043 (size: 9.9 KiB, free: 434.4 MiB)
[2025-04-04T08:44:55.970+0000] {spark_submit.py:649} INFO - 25/04/04 08:44:55 INFO BlockManagerInfo: Added broadcast_1_piece0 in memory on 172.24.0.8:39043 (size: 35.8 KiB, free: 434.4 MiB)
[2025-04-04T08:44:56.229+0000] {spark_submit.py:649} INFO - 25/04/04 08:44:56 INFO TaskSetManager: Finished task 1.0 in stage 1.0 (TID 2) in 907 ms on 172.24.0.8 (executor 0) (1/2)
[2025-04-04T08:44:56.617+0000] {spark_submit.py:649} INFO - 25/04/04 08:44:56 INFO TaskSetManager: Finished task 0.0 in stage 1.0 (TID 1) in 1300 ms on 172.24.0.8 (executor 0) (2/2)
[2025-04-04T08:44:56.619+0000] {spark_submit.py:649} INFO - 25/04/04 08:44:56 INFO TaskSchedulerImpl: Removed TaskSet 1.0, whose tasks have all completed, from pool
[2025-04-04T08:44:56.619+0000] {spark_submit.py:649} INFO - 25/04/04 08:44:56 INFO DAGScheduler: ShuffleMapStage 1 (parquet at NativeMethodAccessorImpl.java:0) finished in 1.340 s
[2025-04-04T08:44:56.620+0000] {spark_submit.py:649} INFO - 25/04/04 08:44:56 INFO DAGScheduler: looking for newly runnable stages
[2025-04-04T08:44:56.620+0000] {spark_submit.py:649} INFO - 25/04/04 08:44:56 INFO DAGScheduler: running: Set()
[2025-04-04T08:44:56.621+0000] {spark_submit.py:649} INFO - 25/04/04 08:44:56 INFO DAGScheduler: waiting: Set()
[2025-04-04T08:44:56.621+0000] {spark_submit.py:649} INFO - 25/04/04 08:44:56 INFO DAGScheduler: failed: Set()
[2025-04-04T08:44:56.672+0000] {spark_submit.py:649} INFO - 25/04/04 08:44:56 INFO ParquetUtils: Using default output committer for Parquet: org.apache.parquet.hadoop.ParquetOutputCommitter
[2025-04-04T08:44:56.685+0000] {spark_submit.py:649} INFO - 25/04/04 08:44:56 INFO FileOutputCommitter: File Output Committer Algorithm version is 1
[2025-04-04T08:44:56.686+0000] {spark_submit.py:649} INFO - 25/04/04 08:44:56 INFO FileOutputCommitter: FileOutputCommitter skip cleanup _temporary folders under output directory:false, ignore cleanup failures: false
[2025-04-04T08:44:56.686+0000] {spark_submit.py:649} INFO - 25/04/04 08:44:56 INFO SQLHadoopMapReduceCommitProtocol: Using user defined output committer class org.apache.parquet.hadoop.ParquetOutputCommitter
[2025-04-04T08:44:56.686+0000] {spark_submit.py:649} INFO - 25/04/04 08:44:56 INFO FileOutputCommitter: File Output Committer Algorithm version is 1
[2025-04-04T08:44:56.687+0000] {spark_submit.py:649} INFO - 25/04/04 08:44:56 INFO FileOutputCommitter: FileOutputCommitter skip cleanup _temporary folders under output directory:false, ignore cleanup failures: false
[2025-04-04T08:44:56.687+0000] {spark_submit.py:649} INFO - 25/04/04 08:44:56 INFO SQLHadoopMapReduceCommitProtocol: Using output committer class org.apache.parquet.hadoop.ParquetOutputCommitter
[2025-04-04T08:44:56.923+0000] {spark_submit.py:649} INFO - 25/04/04 08:44:56 INFO CodeGenerator: Code generated in 33.538891 ms
[2025-04-04T08:44:56.941+0000] {spark_submit.py:649} INFO - 25/04/04 08:44:56 INFO SparkContext: Starting job: parquet at NativeMethodAccessorImpl.java:0
[2025-04-04T08:44:56.943+0000] {spark_submit.py:649} INFO - 25/04/04 08:44:56 INFO DAGScheduler: Got job 2 (parquet at NativeMethodAccessorImpl.java:0) with 1 output partitions
[2025-04-04T08:44:56.944+0000] {spark_submit.py:649} INFO - 25/04/04 08:44:56 INFO DAGScheduler: Final stage: ResultStage 3 (parquet at NativeMethodAccessorImpl.java:0)
[2025-04-04T08:44:56.945+0000] {spark_submit.py:649} INFO - 25/04/04 08:44:56 INFO DAGScheduler: Parents of final stage: List(ShuffleMapStage 2)
[2025-04-04T08:44:56.945+0000] {spark_submit.py:649} INFO - 25/04/04 08:44:56 INFO DAGScheduler: Missing parents: List()
[2025-04-04T08:44:56.946+0000] {spark_submit.py:649} INFO - 25/04/04 08:44:56 INFO DAGScheduler: Submitting ResultStage 3 (MapPartitionsRDD[8] at parquet at NativeMethodAccessorImpl.java:0), which has no missing parents
[2025-04-04T08:44:56.986+0000] {spark_submit.py:649} INFO - 25/04/04 08:44:56 INFO BlockManagerInfo: Removed broadcast_2_piece0 on 43987fe3142a:39977 in memory (size: 9.9 KiB, free: 434.4 MiB)
[2025-04-04T08:44:56.989+0000] {spark_submit.py:649} INFO - 25/04/04 08:44:56 INFO BlockManagerInfo: Removed broadcast_2_piece0 on 172.24.0.8:39043 in memory (size: 9.9 KiB, free: 434.4 MiB)
[2025-04-04T08:44:56.995+0000] {spark_submit.py:649} INFO - 25/04/04 08:44:56 INFO MemoryStore: Block broadcast_3 stored as values in memory (estimated size 223.9 KiB, free 433.9 MiB)
[2025-04-04T08:44:56.999+0000] {spark_submit.py:649} INFO - 25/04/04 08:44:56 INFO MemoryStore: Block broadcast_3_piece0 stored as bytes in memory (estimated size 80.3 KiB, free 433.9 MiB)
[2025-04-04T08:44:57.000+0000] {spark_submit.py:649} INFO - 25/04/04 08:44:57 INFO BlockManagerInfo: Added broadcast_3_piece0 in memory on 43987fe3142a:39977 (size: 80.3 KiB, free: 434.3 MiB)
[2025-04-04T08:44:57.002+0000] {spark_submit.py:649} INFO - 25/04/04 08:44:57 INFO SparkContext: Created broadcast 3 from broadcast at DAGScheduler.scala:1580
[2025-04-04T08:44:57.003+0000] {spark_submit.py:649} INFO - 25/04/04 08:44:57 INFO DAGScheduler: Submitting 1 missing tasks from ResultStage 3 (MapPartitionsRDD[8] at parquet at NativeMethodAccessorImpl.java:0) (first 15 tasks are for partitions Vector(0))
[2025-04-04T08:44:57.005+0000] {spark_submit.py:649} INFO - 25/04/04 08:44:57 INFO TaskSchedulerImpl: Adding task set 3.0 with 1 tasks resource profile 0
[2025-04-04T08:44:57.011+0000] {spark_submit.py:649} INFO - 25/04/04 08:44:57 INFO TaskSetManager: Starting task 0.0 in stage 3.0 (TID 3) (172.24.0.8, executor 0, partition 0, NODE_LOCAL, 8003 bytes)
[2025-04-04T08:44:57.038+0000] {spark_submit.py:649} INFO - 25/04/04 08:44:57 INFO BlockManagerInfo: Added broadcast_3_piece0 in memory on 172.24.0.8:39043 (size: 80.3 KiB, free: 434.3 MiB)
[2025-04-04T08:44:57.121+0000] {spark_submit.py:649} INFO - 25/04/04 08:44:57 INFO MapOutputTrackerMasterEndpoint: Asked to send map output locations for shuffle 0 to 172.24.0.8:46802
[2025-04-04T08:44:57.774+0000] {spark_submit.py:649} INFO - 25/04/04 08:44:57 INFO TaskSetManager: Finished task 0.0 in stage 3.0 (TID 3) in 765 ms on 172.24.0.8 (executor 0) (1/1)
[2025-04-04T08:44:57.775+0000] {spark_submit.py:649} INFO - 25/04/04 08:44:57 INFO TaskSchedulerImpl: Removed TaskSet 3.0, whose tasks have all completed, from pool
[2025-04-04T08:44:57.776+0000] {spark_submit.py:649} INFO - 25/04/04 08:44:57 INFO DAGScheduler: ResultStage 3 (parquet at NativeMethodAccessorImpl.java:0) finished in 0.822 s
[2025-04-04T08:44:57.777+0000] {spark_submit.py:649} INFO - 25/04/04 08:44:57 INFO DAGScheduler: Job 2 is finished. Cancelling potential speculative or zombie tasks for this job
[2025-04-04T08:44:57.778+0000] {spark_submit.py:649} INFO - 25/04/04 08:44:57 INFO TaskSchedulerImpl: Killing all running tasks in stage 3: Stage finished
[2025-04-04T08:44:57.779+0000] {spark_submit.py:649} INFO - 25/04/04 08:44:57 INFO DAGScheduler: Job 2 finished: parquet at NativeMethodAccessorImpl.java:0, took 0.837596 s
[2025-04-04T08:44:57.782+0000] {spark_submit.py:649} INFO - 25/04/04 08:44:57 INFO FileFormatWriter: Start to commit write Job e3f0c273-2924-4d65-b56b-680cc9829c8f.
[2025-04-04T08:44:58.087+0000] {spark_submit.py:649} INFO - 25/04/04 08:44:58 INFO FileFormatWriter: Write Job e3f0c273-2924-4d65-b56b-680cc9829c8f committed. Elapsed time: 303 ms.
[2025-04-04T08:44:58.089+0000] {spark_submit.py:649} INFO - 25/04/04 08:44:58 INFO FileFormatWriter: Finished processing stats for write job e3f0c273-2924-4d65-b56b-680cc9829c8f.
[2025-04-04T08:44:58.092+0000] {spark_submit.py:649} INFO - ✅ Metrics computation complete!
[2025-04-04T08:44:58.129+0000] {spark_submit.py:649} INFO - 25/04/04 08:44:58 INFO SparkContext: Invoking stop() from shutdown hook
[2025-04-04T08:44:58.129+0000] {spark_submit.py:649} INFO - 25/04/04 08:44:58 INFO SparkContext: SparkContext is stopping with exitCode 0.
[2025-04-04T08:44:58.137+0000] {spark_submit.py:649} INFO - 25/04/04 08:44:58 INFO SparkUI: Stopped Spark web UI at http://43987fe3142a:4040
[2025-04-04T08:44:58.139+0000] {spark_submit.py:649} INFO - 25/04/04 08:44:58 INFO StandaloneSchedulerBackend: Shutting down all executors
[2025-04-04T08:44:58.140+0000] {spark_submit.py:649} INFO - 25/04/04 08:44:58 INFO StandaloneSchedulerBackend$StandaloneDriverEndpoint: Asking each executor to shut down
[2025-04-04T08:44:58.157+0000] {spark_submit.py:649} INFO - 25/04/04 08:44:58 INFO MapOutputTrackerMasterEndpoint: MapOutputTrackerMasterEndpoint stopped!
[2025-04-04T08:44:58.188+0000] {spark_submit.py:649} INFO - 25/04/04 08:44:58 INFO MemoryStore: MemoryStore cleared
[2025-04-04T08:44:58.189+0000] {spark_submit.py:649} INFO - 25/04/04 08:44:58 INFO BlockManager: BlockManager stopped
[2025-04-04T08:44:58.192+0000] {spark_submit.py:649} INFO - 25/04/04 08:44:58 INFO BlockManagerMaster: BlockManagerMaster stopped
[2025-04-04T08:44:58.194+0000] {spark_submit.py:649} INFO - 25/04/04 08:44:58 INFO OutputCommitCoordinator$OutputCommitCoordinatorEndpoint: OutputCommitCoordinator stopped!
[2025-04-04T08:44:58.211+0000] {spark_submit.py:649} INFO - 25/04/04 08:44:58 INFO SparkContext: Successfully stopped SparkContext
[2025-04-04T08:44:58.212+0000] {spark_submit.py:649} INFO - 25/04/04 08:44:58 INFO ShutdownHookManager: Shutdown hook called
[2025-04-04T08:44:58.213+0000] {spark_submit.py:649} INFO - 25/04/04 08:44:58 INFO ShutdownHookManager: Deleting directory /tmp/spark-d460d5e4-43cd-4e03-a940-15342d877726
[2025-04-04T08:44:58.220+0000] {spark_submit.py:649} INFO - 25/04/04 08:44:58 INFO ShutdownHookManager: Deleting directory /tmp/spark-46023dbd-2cd3-475c-aa37-82ef24f8a392/pyspark-e44bf1f8-b04d-491e-9878-e6032af3ba4c
[2025-04-04T08:44:58.230+0000] {spark_submit.py:649} INFO - 25/04/04 08:44:58 INFO ShutdownHookManager: Deleting directory /tmp/spark-46023dbd-2cd3-475c-aa37-82ef24f8a392
[2025-04-04T08:44:58.242+0000] {spark_submit.py:649} INFO - 25/04/04 08:44:58 INFO MetricsSystemImpl: Stopping s3a-file-system metrics system...
[2025-04-04T08:44:58.243+0000] {spark_submit.py:649} INFO - 25/04/04 08:44:58 INFO MetricsSystemImpl: s3a-file-system metrics system stopped.
[2025-04-04T08:44:58.244+0000] {spark_submit.py:649} INFO - 25/04/04 08:44:58 INFO MetricsSystemImpl: s3a-file-system metrics system shutdown complete.
[2025-04-04T08:44:58.302+0000] {taskinstance.py:1138} INFO - Marking task as SUCCESS. dag_id=full_pipeline_dag, task_id=transform_data_spark, execution_date=20250404T081615, start_date=20250404T084435, end_date=20250404T084458
[2025-04-04T08:44:58.486+0000] {local_task_job_runner.py:234} INFO - Task exited with return code 0
[2025-04-04T08:44:58.554+0000] {taskinstance.py:3280} INFO - 1 downstream tasks scheduled from follow-on schedule check
