[2025-04-04T08:18:28.214+0000] {taskinstance.py:1956} INFO - Dependencies all met for dep_context=non-requeueable deps ti=<TaskInstance: full_pipeline_dag.transform_data_spark manual__2025-04-04T08:16:15.521213+00:00 [queued]>
[2025-04-04T08:18:28.234+0000] {taskinstance.py:1956} INFO - Dependencies all met for dep_context=requeueable deps ti=<TaskInstance: full_pipeline_dag.transform_data_spark manual__2025-04-04T08:16:15.521213+00:00 [queued]>
[2025-04-04T08:18:28.235+0000] {taskinstance.py:2170} INFO - Starting attempt 2 of 3
[2025-04-04T08:18:28.260+0000] {taskinstance.py:2191} INFO - Executing <Task(BashOperator): transform_data_spark> on 2025-04-04 08:16:15.521213+00:00
[2025-04-04T08:18:28.264+0000] {standard_task_runner.py:60} INFO - Started process 566 to run task
[2025-04-04T08:18:28.267+0000] {standard_task_runner.py:87} INFO - Running: ['airflow', 'tasks', 'run', 'full_pipeline_dag', 'transform_data_spark', 'manual__2025-04-04T08:16:15.521213+00:00', '--job-id', '273', '--raw', '--subdir', 'DAGS_FOLDER/full_pipeline_dag.py', '--cfg-path', '/tmp/tmp78wz0s90']
[2025-04-04T08:18:28.270+0000] {standard_task_runner.py:88} INFO - Job 273: Subtask transform_data_spark
[2025-04-04T08:18:28.317+0000] {logging_mixin.py:188} WARNING - /home/airflow/.local/lib/python3.8/site-packages/airflow/settings.py:194 DeprecationWarning: The sql_alchemy_conn option in [core] has been moved to the sql_alchemy_conn option in [database] - the old setting has been used, but please update your config.
[2025-04-04T08:18:28.373+0000] {task_command.py:423} INFO - Running <TaskInstance: full_pipeline_dag.transform_data_spark manual__2025-04-04T08:16:15.521213+00:00 [running]> on host 43987fe3142a
[2025-04-04T08:18:28.498+0000] {taskinstance.py:2480} INFO - Exporting env vars: AIRFLOW_CTX_DAG_OWNER='airflow' AIRFLOW_CTX_DAG_ID='full_pipeline_dag' AIRFLOW_CTX_TASK_ID='transform_data_spark' AIRFLOW_CTX_EXECUTION_DATE='2025-04-04T08:16:15.521213+00:00' AIRFLOW_CTX_TRY_NUMBER='2' AIRFLOW_CTX_DAG_RUN_ID='manual__2025-04-04T08:16:15.521213+00:00'
[2025-04-04T08:18:28.499+0000] {subprocess.py:63} INFO - Tmp dir root location: /tmp
[2025-04-04T08:18:28.500+0000] {subprocess.py:75} INFO - Running command: ['/usr/bin/bash', '-c', '\n        /opt/spark/bin/spark-submit         --master spark://spark-master:7077         /opt/spark-app/transform_yellow_tripdata.py\n        ']
[2025-04-04T08:18:28.506+0000] {subprocess.py:86} INFO - Output:
[2025-04-04T08:18:28.512+0000] {subprocess.py:93} INFO - /opt/spark/bin/load-spark-env.sh: line 68: ps: command not found
[2025-04-04T08:18:30.818+0000] {subprocess.py:93} INFO - 25/04/04 08:18:30 INFO SparkContext: Running Spark version 3.5.0
[2025-04-04T08:18:30.819+0000] {subprocess.py:93} INFO - 25/04/04 08:18:30 INFO SparkContext: OS info Linux, 5.15.167.4-microsoft-standard-WSL2, amd64
[2025-04-04T08:18:30.820+0000] {subprocess.py:93} INFO - 25/04/04 08:18:30 INFO SparkContext: Java version 17.0.14
[2025-04-04T08:18:30.870+0000] {subprocess.py:93} INFO - 25/04/04 08:18:30 WARN NativeCodeLoader: Unable to load native-hadoop library for your platform... using builtin-java classes where applicable
[2025-04-04T08:18:30.946+0000] {subprocess.py:93} INFO - 25/04/04 08:18:30 INFO ResourceUtils: ==============================================================
[2025-04-04T08:18:30.947+0000] {subprocess.py:93} INFO - 25/04/04 08:18:30 INFO ResourceUtils: No custom resources configured for spark.driver.
[2025-04-04T08:18:30.948+0000] {subprocess.py:93} INFO - 25/04/04 08:18:30 INFO ResourceUtils: ==============================================================
[2025-04-04T08:18:30.949+0000] {subprocess.py:93} INFO - 25/04/04 08:18:30 INFO SparkContext: Submitted application: TransformYellowTripdata
[2025-04-04T08:18:30.963+0000] {subprocess.py:93} INFO - 25/04/04 08:18:30 INFO ResourceProfile: Default ResourceProfile created, executor resources: Map(memory -> name: memory, amount: 1024, script: , vendor: , offHeap -> name: offHeap, amount: 0, script: , vendor: ), task resources: Map(cpus -> name: cpus, amount: 1.0)
[2025-04-04T08:18:30.969+0000] {subprocess.py:93} INFO - 25/04/04 08:18:30 INFO ResourceProfile: Limiting resource is cpu
[2025-04-04T08:18:30.970+0000] {subprocess.py:93} INFO - 25/04/04 08:18:30 INFO ResourceProfileManager: Added ResourceProfile id: 0
[2025-04-04T08:18:31.010+0000] {subprocess.py:93} INFO - 25/04/04 08:18:31 INFO SecurityManager: Changing view acls to: airflow
[2025-04-04T08:18:31.011+0000] {subprocess.py:93} INFO - 25/04/04 08:18:31 INFO SecurityManager: Changing modify acls to: airflow
[2025-04-04T08:18:31.012+0000] {subprocess.py:93} INFO - 25/04/04 08:18:31 INFO SecurityManager: Changing view acls groups to:
[2025-04-04T08:18:31.012+0000] {subprocess.py:93} INFO - 25/04/04 08:18:31 INFO SecurityManager: Changing modify acls groups to:
[2025-04-04T08:18:31.013+0000] {subprocess.py:93} INFO - 25/04/04 08:18:31 INFO SecurityManager: SecurityManager: authentication disabled; ui acls disabled; users with view permissions: airflow; groups with view permissions: EMPTY; users with modify permissions: airflow; groups with modify permissions: EMPTY
[2025-04-04T08:18:31.199+0000] {subprocess.py:93} INFO - 25/04/04 08:18:31 INFO Utils: Successfully started service 'sparkDriver' on port 34729.
[2025-04-04T08:18:31.234+0000] {subprocess.py:93} INFO - 25/04/04 08:18:31 INFO SparkEnv: Registering MapOutputTracker
[2025-04-04T08:18:31.267+0000] {subprocess.py:93} INFO - 25/04/04 08:18:31 INFO SparkEnv: Registering BlockManagerMaster
[2025-04-04T08:18:31.280+0000] {subprocess.py:93} INFO - 25/04/04 08:18:31 INFO BlockManagerMasterEndpoint: Using org.apache.spark.storage.DefaultTopologyMapper for getting topology information
[2025-04-04T08:18:31.281+0000] {subprocess.py:93} INFO - 25/04/04 08:18:31 INFO BlockManagerMasterEndpoint: BlockManagerMasterEndpoint up
[2025-04-04T08:18:31.284+0000] {subprocess.py:93} INFO - 25/04/04 08:18:31 INFO SparkEnv: Registering BlockManagerMasterHeartbeat
[2025-04-04T08:18:31.302+0000] {subprocess.py:93} INFO - 25/04/04 08:18:31 INFO DiskBlockManager: Created local directory at /tmp/blockmgr-af3b2278-eb18-4ff8-a5fe-70595bf8070c
[2025-04-04T08:18:31.317+0000] {subprocess.py:93} INFO - 25/04/04 08:18:31 INFO MemoryStore: MemoryStore started with capacity 434.4 MiB
[2025-04-04T08:18:31.334+0000] {subprocess.py:93} INFO - 25/04/04 08:18:31 INFO SparkEnv: Registering OutputCommitCoordinator
[2025-04-04T08:18:31.439+0000] {subprocess.py:93} INFO - 25/04/04 08:18:31 INFO JettyUtils: Start Jetty 0.0.0.0:4040 for SparkUI
[2025-04-04T08:18:31.489+0000] {subprocess.py:93} INFO - 25/04/04 08:18:31 INFO Utils: Successfully started service 'SparkUI' on port 4040.
[2025-04-04T08:18:31.579+0000] {subprocess.py:93} INFO - 25/04/04 08:18:31 INFO StandaloneAppClient$ClientEndpoint: Connecting to master spark://spark-master:7077...
[2025-04-04T08:18:31.614+0000] {subprocess.py:93} INFO - 25/04/04 08:18:31 INFO TransportClientFactory: Successfully created connection to spark-master/172.24.0.4:7077 after 18 ms (0 ms spent in bootstraps)
[2025-04-04T08:18:31.678+0000] {subprocess.py:93} INFO - 25/04/04 08:18:31 INFO StandaloneSchedulerBackend: Connected to Spark cluster with app ID app-20250404081831-0002
[2025-04-04T08:18:31.680+0000] {subprocess.py:93} INFO - 25/04/04 08:18:31 INFO StandaloneAppClient$ClientEndpoint: Executor added: app-20250404081831-0002/0 on worker-20250404081326-172.24.0.8-45963 (172.24.0.8:45963) with 2 core(s)
[2025-04-04T08:18:31.682+0000] {subprocess.py:93} INFO - 25/04/04 08:18:31 INFO StandaloneSchedulerBackend: Granted executor ID app-20250404081831-0002/0 on hostPort 172.24.0.8:45963 with 2 core(s), 1024.0 MiB RAM
[2025-04-04T08:18:31.686+0000] {subprocess.py:93} INFO - 25/04/04 08:18:31 INFO Utils: Successfully started service 'org.apache.spark.network.netty.NettyBlockTransferService' on port 37261.
[2025-04-04T08:18:31.688+0000] {subprocess.py:93} INFO - 25/04/04 08:18:31 INFO NettyBlockTransferService: Server created on 43987fe3142a:37261
[2025-04-04T08:18:31.689+0000] {subprocess.py:93} INFO - 25/04/04 08:18:31 INFO BlockManager: Using org.apache.spark.storage.RandomBlockReplicationPolicy for block replication policy
[2025-04-04T08:18:31.693+0000] {subprocess.py:93} INFO - 25/04/04 08:18:31 INFO BlockManagerMaster: Registering BlockManager BlockManagerId(driver, 43987fe3142a, 37261, None)
[2025-04-04T08:18:31.696+0000] {subprocess.py:93} INFO - 25/04/04 08:18:31 INFO BlockManagerMasterEndpoint: Registering block manager 43987fe3142a:37261 with 434.4 MiB RAM, BlockManagerId(driver, 43987fe3142a, 37261, None)
[2025-04-04T08:18:31.698+0000] {subprocess.py:93} INFO - 25/04/04 08:18:31 INFO BlockManagerMaster: Registered BlockManager BlockManagerId(driver, 43987fe3142a, 37261, None)
[2025-04-04T08:18:31.699+0000] {subprocess.py:93} INFO - 25/04/04 08:18:31 INFO BlockManager: Initialized BlockManager: BlockManagerId(driver, 43987fe3142a, 37261, None)
[2025-04-04T08:18:31.732+0000] {subprocess.py:93} INFO - 25/04/04 08:18:31 INFO StandaloneAppClient$ClientEndpoint: Executor updated: app-20250404081831-0002/0 is now RUNNING
[2025-04-04T08:18:31.915+0000] {subprocess.py:93} INFO - 25/04/04 08:18:31 INFO StandaloneSchedulerBackend: SchedulerBackend is ready for scheduling beginning after reached minRegisteredResourcesRatio: 0.0
[2025-04-04T08:18:32.130+0000] {subprocess.py:93} INFO - ✅ Spark session started
[2025-04-04T08:18:32.131+0000] {subprocess.py:93} INFO - 📥 Reading cleaned data...
[2025-04-04T08:18:32.228+0000] {subprocess.py:93} INFO - 25/04/04 08:18:32 INFO SharedState: Setting hive.metastore.warehouse.dir ('null') to the value of spark.sql.warehouse.dir.
[2025-04-04T08:18:32.243+0000] {subprocess.py:93} INFO - 25/04/04 08:18:32 INFO SharedState: Warehouse path is 'file:/tmp/airflowtmpa2hp36kz/spark-warehouse'.
[2025-04-04T08:18:33.017+0000] {subprocess.py:93} INFO - 25/04/04 08:18:33 WARN FileStreamSink: Assume no metadata directory. Error while looking for metadata directory in the path: s3a://nyc-taxi/clean/yellow_tripdata_2023-01-clean.parquet.
[2025-04-04T08:18:33.019+0000] {subprocess.py:93} INFO - java.lang.RuntimeException: java.lang.ClassNotFoundException: Class org.apache.hadoop.fs.s3a.S3AFileSystem not found
[2025-04-04T08:18:33.020+0000] {subprocess.py:93} INFO - 	at org.apache.hadoop.conf.Configuration.getClass(Configuration.java:2688)
[2025-04-04T08:18:33.021+0000] {subprocess.py:93} INFO - 	at org.apache.hadoop.fs.FileSystem.getFileSystemClass(FileSystem.java:3431)
[2025-04-04T08:18:33.022+0000] {subprocess.py:93} INFO - 	at org.apache.hadoop.fs.FileSystem.createFileSystem(FileSystem.java:3466)
[2025-04-04T08:18:33.022+0000] {subprocess.py:93} INFO - 	at org.apache.hadoop.fs.FileSystem.access$300(FileSystem.java:174)
[2025-04-04T08:18:33.023+0000] {subprocess.py:93} INFO - 	at org.apache.hadoop.fs.FileSystem$Cache.getInternal(FileSystem.java:3574)
[2025-04-04T08:18:33.024+0000] {subprocess.py:93} INFO - 	at org.apache.hadoop.fs.FileSystem$Cache.get(FileSystem.java:3521)
[2025-04-04T08:18:33.025+0000] {subprocess.py:93} INFO - 	at org.apache.hadoop.fs.FileSystem.get(FileSystem.java:540)
[2025-04-04T08:18:33.026+0000] {subprocess.py:93} INFO - 	at org.apache.hadoop.fs.Path.getFileSystem(Path.java:365)
[2025-04-04T08:18:33.026+0000] {subprocess.py:93} INFO - 	at org.apache.spark.sql.execution.streaming.FileStreamSink$.hasMetadata(FileStreamSink.scala:53)
[2025-04-04T08:18:33.027+0000] {subprocess.py:93} INFO - 	at org.apache.spark.sql.execution.datasources.DataSource.resolveRelation(DataSource.scala:366)
[2025-04-04T08:18:33.028+0000] {subprocess.py:93} INFO - 	at org.apache.spark.sql.DataFrameReader.loadV1Source(DataFrameReader.scala:229)
[2025-04-04T08:18:33.029+0000] {subprocess.py:93} INFO - 	at org.apache.spark.sql.DataFrameReader.$anonfun$load$2(DataFrameReader.scala:211)
[2025-04-04T08:18:33.029+0000] {subprocess.py:93} INFO - 	at scala.Option.getOrElse(Option.scala:189)
[2025-04-04T08:18:33.030+0000] {subprocess.py:93} INFO - 	at org.apache.spark.sql.DataFrameReader.load(DataFrameReader.scala:211)
[2025-04-04T08:18:33.031+0000] {subprocess.py:93} INFO - 	at org.apache.spark.sql.DataFrameReader.parquet(DataFrameReader.scala:563)
[2025-04-04T08:18:33.031+0000] {subprocess.py:93} INFO - 	at java.base/jdk.internal.reflect.NativeMethodAccessorImpl.invoke0(Native Method)
[2025-04-04T08:18:33.032+0000] {subprocess.py:93} INFO - 	at java.base/jdk.internal.reflect.NativeMethodAccessorImpl.invoke(NativeMethodAccessorImpl.java:77)
[2025-04-04T08:18:33.032+0000] {subprocess.py:93} INFO - 	at java.base/jdk.internal.reflect.DelegatingMethodAccessorImpl.invoke(DelegatingMethodAccessorImpl.java:43)
[2025-04-04T08:18:33.033+0000] {subprocess.py:93} INFO - 	at java.base/java.lang.reflect.Method.invoke(Method.java:569)
[2025-04-04T08:18:33.034+0000] {subprocess.py:93} INFO - 	at py4j.reflection.MethodInvoker.invoke(MethodInvoker.java:244)
[2025-04-04T08:18:33.035+0000] {subprocess.py:93} INFO - 	at py4j.reflection.ReflectionEngine.invoke(ReflectionEngine.java:374)
[2025-04-04T08:18:33.036+0000] {subprocess.py:93} INFO - 	at py4j.Gateway.invoke(Gateway.java:282)
[2025-04-04T08:18:33.037+0000] {subprocess.py:93} INFO - 	at py4j.commands.AbstractCommand.invokeMethod(AbstractCommand.java:132)
[2025-04-04T08:18:33.038+0000] {subprocess.py:93} INFO - 	at py4j.commands.CallCommand.execute(CallCommand.java:79)
[2025-04-04T08:18:33.038+0000] {subprocess.py:93} INFO - 	at py4j.ClientServerConnection.waitForCommands(ClientServerConnection.java:182)
[2025-04-04T08:18:33.039+0000] {subprocess.py:93} INFO - 	at py4j.ClientServerConnection.run(ClientServerConnection.java:106)
[2025-04-04T08:18:33.040+0000] {subprocess.py:93} INFO - 	at java.base/java.lang.Thread.run(Thread.java:840)
[2025-04-04T08:18:33.040+0000] {subprocess.py:93} INFO - Caused by: java.lang.ClassNotFoundException: Class org.apache.hadoop.fs.s3a.S3AFileSystem not found
[2025-04-04T08:18:33.041+0000] {subprocess.py:93} INFO - 	at org.apache.hadoop.conf.Configuration.getClassByName(Configuration.java:2592)
[2025-04-04T08:18:33.042+0000] {subprocess.py:93} INFO - 	at org.apache.hadoop.conf.Configuration.getClass(Configuration.java:2686)
[2025-04-04T08:18:33.042+0000] {subprocess.py:93} INFO - 	... 26 more
[2025-04-04T08:18:33.123+0000] {subprocess.py:93} INFO - Traceback (most recent call last):
[2025-04-04T08:18:33.124+0000] {subprocess.py:93} INFO -   File "/opt/spark-app/transform_yellow_tripdata.py", line 21, in <module>
[2025-04-04T08:18:33.128+0000] {subprocess.py:93} INFO -     df = spark.read.parquet(clean_path)
[2025-04-04T08:18:33.129+0000] {subprocess.py:93} INFO -   File "/opt/spark/python/lib/pyspark.zip/pyspark/sql/readwriter.py", line 544, in parquet
[2025-04-04T08:18:33.130+0000] {subprocess.py:93} INFO -   File "/opt/spark/python/lib/py4j-0.10.9.7-src.zip/py4j/java_gateway.py", line 1322, in __call__
[2025-04-04T08:18:33.130+0000] {subprocess.py:93} INFO -   File "/opt/spark/python/lib/pyspark.zip/pyspark/errors/exceptions/captured.py", line 179, in deco
[2025-04-04T08:18:33.131+0000] {subprocess.py:93} INFO -   File "/opt/spark/python/lib/py4j-0.10.9.7-src.zip/py4j/protocol.py", line 326, in get_return_value
[2025-04-04T08:18:33.132+0000] {subprocess.py:93} INFO - py4j.protocol.Py4JJavaError: An error occurred while calling o38.parquet.
[2025-04-04T08:18:33.132+0000] {subprocess.py:93} INFO - : java.lang.RuntimeException: java.lang.ClassNotFoundException: Class org.apache.hadoop.fs.s3a.S3AFileSystem not found
[2025-04-04T08:18:33.133+0000] {subprocess.py:93} INFO - 	at org.apache.hadoop.conf.Configuration.getClass(Configuration.java:2688)
[2025-04-04T08:18:33.134+0000] {subprocess.py:93} INFO - 	at org.apache.hadoop.fs.FileSystem.getFileSystemClass(FileSystem.java:3431)
[2025-04-04T08:18:33.135+0000] {subprocess.py:93} INFO - 	at org.apache.hadoop.fs.FileSystem.createFileSystem(FileSystem.java:3466)
[2025-04-04T08:18:33.136+0000] {subprocess.py:93} INFO - 	at org.apache.hadoop.fs.FileSystem.access$300(FileSystem.java:174)
[2025-04-04T08:18:33.136+0000] {subprocess.py:93} INFO - 	at org.apache.hadoop.fs.FileSystem$Cache.getInternal(FileSystem.java:3574)
[2025-04-04T08:18:33.137+0000] {subprocess.py:93} INFO - 	at org.apache.hadoop.fs.FileSystem$Cache.get(FileSystem.java:3521)
[2025-04-04T08:18:33.138+0000] {subprocess.py:93} INFO - 	at org.apache.hadoop.fs.FileSystem.get(FileSystem.java:540)
[2025-04-04T08:18:33.139+0000] {subprocess.py:93} INFO - 	at org.apache.hadoop.fs.Path.getFileSystem(Path.java:365)
[2025-04-04T08:18:33.140+0000] {subprocess.py:93} INFO - 	at org.apache.spark.sql.execution.datasources.DataSource$.$anonfun$checkAndGlobPathIfNecessary$1(DataSource.scala:724)
[2025-04-04T08:18:33.141+0000] {subprocess.py:93} INFO - 	at scala.collection.immutable.List.map(List.scala:293)
[2025-04-04T08:18:33.141+0000] {subprocess.py:93} INFO - 	at org.apache.spark.sql.execution.datasources.DataSource$.checkAndGlobPathIfNecessary(DataSource.scala:722)
[2025-04-04T08:18:33.142+0000] {subprocess.py:93} INFO - 	at org.apache.spark.sql.execution.datasources.DataSource.checkAndGlobPathIfNecessary(DataSource.scala:551)
[2025-04-04T08:18:33.143+0000] {subprocess.py:93} INFO - 	at org.apache.spark.sql.execution.datasources.DataSource.resolveRelation(DataSource.scala:404)
[2025-04-04T08:18:33.143+0000] {subprocess.py:93} INFO - 	at org.apache.spark.sql.DataFrameReader.loadV1Source(DataFrameReader.scala:229)
[2025-04-04T08:18:33.144+0000] {subprocess.py:93} INFO - 	at org.apache.spark.sql.DataFrameReader.$anonfun$load$2(DataFrameReader.scala:211)
[2025-04-04T08:18:33.145+0000] {subprocess.py:93} INFO - 	at scala.Option.getOrElse(Option.scala:189)
[2025-04-04T08:18:33.145+0000] {subprocess.py:93} INFO - 	at org.apache.spark.sql.DataFrameReader.load(DataFrameReader.scala:211)
[2025-04-04T08:18:33.146+0000] {subprocess.py:93} INFO - 	at org.apache.spark.sql.DataFrameReader.parquet(DataFrameReader.scala:563)
[2025-04-04T08:18:33.147+0000] {subprocess.py:93} INFO - 	at java.base/jdk.internal.reflect.NativeMethodAccessorImpl.invoke0(Native Method)
[2025-04-04T08:18:33.147+0000] {subprocess.py:93} INFO - 	at java.base/jdk.internal.reflect.NativeMethodAccessorImpl.invoke(NativeMethodAccessorImpl.java:77)
[2025-04-04T08:18:33.148+0000] {subprocess.py:93} INFO - 	at java.base/jdk.internal.reflect.DelegatingMethodAccessorImpl.invoke(DelegatingMethodAccessorImpl.java:43)
[2025-04-04T08:18:33.148+0000] {subprocess.py:93} INFO - 	at java.base/java.lang.reflect.Method.invoke(Method.java:569)
[2025-04-04T08:18:33.149+0000] {subprocess.py:93} INFO - 	at py4j.reflection.MethodInvoker.invoke(MethodInvoker.java:244)
[2025-04-04T08:18:33.150+0000] {subprocess.py:93} INFO - 	at py4j.reflection.ReflectionEngine.invoke(ReflectionEngine.java:374)
[2025-04-04T08:18:33.150+0000] {subprocess.py:93} INFO - 	at py4j.Gateway.invoke(Gateway.java:282)
[2025-04-04T08:18:33.151+0000] {subprocess.py:93} INFO - 	at py4j.commands.AbstractCommand.invokeMethod(AbstractCommand.java:132)
[2025-04-04T08:18:33.151+0000] {subprocess.py:93} INFO - 	at py4j.commands.CallCommand.execute(CallCommand.java:79)
[2025-04-04T08:18:33.152+0000] {subprocess.py:93} INFO - 	at py4j.ClientServerConnection.waitForCommands(ClientServerConnection.java:182)
[2025-04-04T08:18:33.153+0000] {subprocess.py:93} INFO - 	at py4j.ClientServerConnection.run(ClientServerConnection.java:106)
[2025-04-04T08:18:33.154+0000] {subprocess.py:93} INFO - 	at java.base/java.lang.Thread.run(Thread.java:840)
[2025-04-04T08:18:33.154+0000] {subprocess.py:93} INFO - Caused by: java.lang.ClassNotFoundException: Class org.apache.hadoop.fs.s3a.S3AFileSystem not found
[2025-04-04T08:18:33.155+0000] {subprocess.py:93} INFO - 	at org.apache.hadoop.conf.Configuration.getClassByName(Configuration.java:2592)
[2025-04-04T08:18:33.156+0000] {subprocess.py:93} INFO - 	at org.apache.hadoop.conf.Configuration.getClass(Configuration.java:2686)
[2025-04-04T08:18:33.157+0000] {subprocess.py:93} INFO - 	... 29 more
[2025-04-04T08:18:33.157+0000] {subprocess.py:93} INFO - 
[2025-04-04T08:18:33.224+0000] {subprocess.py:93} INFO - 25/04/04 08:18:33 INFO SparkContext: Invoking stop() from shutdown hook
[2025-04-04T08:18:33.225+0000] {subprocess.py:93} INFO - 25/04/04 08:18:33 INFO SparkContext: SparkContext is stopping with exitCode 0.
[2025-04-04T08:18:33.240+0000] {subprocess.py:93} INFO - 25/04/04 08:18:33 INFO SparkUI: Stopped Spark web UI at http://43987fe3142a:4040
[2025-04-04T08:18:33.246+0000] {subprocess.py:93} INFO - 25/04/04 08:18:33 INFO StandaloneSchedulerBackend: Shutting down all executors
[2025-04-04T08:18:33.251+0000] {subprocess.py:93} INFO - 25/04/04 08:18:33 INFO StandaloneSchedulerBackend$StandaloneDriverEndpoint: Asking each executor to shut down
[2025-04-04T08:18:33.272+0000] {subprocess.py:93} INFO - 25/04/04 08:18:33 INFO MapOutputTrackerMasterEndpoint: MapOutputTrackerMasterEndpoint stopped!
[2025-04-04T08:18:33.288+0000] {subprocess.py:93} INFO - 25/04/04 08:18:33 INFO MemoryStore: MemoryStore cleared
[2025-04-04T08:18:33.289+0000] {subprocess.py:93} INFO - 25/04/04 08:18:33 INFO BlockManager: BlockManager stopped
[2025-04-04T08:18:33.294+0000] {subprocess.py:93} INFO - 25/04/04 08:18:33 INFO BlockManagerMaster: BlockManagerMaster stopped
[2025-04-04T08:18:33.297+0000] {subprocess.py:93} INFO - 25/04/04 08:18:33 INFO OutputCommitCoordinator$OutputCommitCoordinatorEndpoint: OutputCommitCoordinator stopped!
[2025-04-04T08:18:33.308+0000] {subprocess.py:93} INFO - 25/04/04 08:18:33 INFO SparkContext: Successfully stopped SparkContext
[2025-04-04T08:18:33.309+0000] {subprocess.py:93} INFO - 25/04/04 08:18:33 INFO ShutdownHookManager: Shutdown hook called
[2025-04-04T08:18:33.310+0000] {subprocess.py:93} INFO - 25/04/04 08:18:33 INFO ShutdownHookManager: Deleting directory /tmp/spark-8298660d-7e43-40d7-898b-686d90b1ba67
[2025-04-04T08:18:33.312+0000] {subprocess.py:93} INFO - 25/04/04 08:18:33 INFO ShutdownHookManager: Deleting directory /tmp/spark-e81312b1-90b9-466e-bf6f-e7eebf7636f5/pyspark-c283d9bc-f1c2-4514-982a-adea5e463017
[2025-04-04T08:18:33.315+0000] {subprocess.py:93} INFO - 25/04/04 08:18:33 INFO ShutdownHookManager: Deleting directory /tmp/spark-e81312b1-90b9-466e-bf6f-e7eebf7636f5
[2025-04-04T08:18:33.341+0000] {subprocess.py:97} INFO - Command exited with return code 1
[2025-04-04T08:18:33.367+0000] {taskinstance.py:2698} ERROR - Task failed with exception
Traceback (most recent call last):
  File "/home/airflow/.local/lib/python3.8/site-packages/airflow/models/taskinstance.py", line 433, in _execute_task
    result = execute_callable(context=context, **execute_callable_kwargs)
  File "/home/airflow/.local/lib/python3.8/site-packages/airflow/operators/bash.py", line 212, in execute
    raise AirflowException(
airflow.exceptions.AirflowException: Bash command failed. The command returned a non-zero exit code 1.
[2025-04-04T08:18:33.373+0000] {taskinstance.py:1138} INFO - Marking task as UP_FOR_RETRY. dag_id=full_pipeline_dag, task_id=transform_data_spark, execution_date=20250404T081615, start_date=20250404T081828, end_date=20250404T081833
[2025-04-04T08:18:33.460+0000] {standard_task_runner.py:107} ERROR - Failed to execute job 273 for task transform_data_spark (Bash command failed. The command returned a non-zero exit code 1.; 566)
[2025-04-04T08:18:33.470+0000] {local_task_job_runner.py:234} INFO - Task exited with return code 1
[2025-04-04T08:18:33.515+0000] {taskinstance.py:3280} INFO - 0 downstream tasks scheduled from follow-on schedule check
