[2025-04-04T09:02:05.724+0000] {taskinstance.py:1956} INFO - Dependencies all met for dep_context=non-requeueable deps ti=<TaskInstance: full_pipeline_dag.load_to_postgres manual__2025-04-04T09:00:40.861954+00:00 [queued]>
[2025-04-04T09:02:05.742+0000] {taskinstance.py:1956} INFO - Dependencies all met for dep_context=requeueable deps ti=<TaskInstance: full_pipeline_dag.load_to_postgres manual__2025-04-04T09:00:40.861954+00:00 [queued]>
[2025-04-04T09:02:05.743+0000] {taskinstance.py:2170} INFO - Starting attempt 1 of 1
[2025-04-04T09:02:05.784+0000] {taskinstance.py:2191} INFO - Executing <Task(SparkSubmitOperator): load_to_postgres> on 2025-04-04 09:00:40.861954+00:00
[2025-04-04T09:02:05.791+0000] {standard_task_runner.py:60} INFO - Started process 2713 to run task
[2025-04-04T09:02:05.794+0000] {standard_task_runner.py:87} INFO - Running: ['airflow', 'tasks', 'run', 'full_pipeline_dag', 'load_to_postgres', 'manual__2025-04-04T09:00:40.861954+00:00', '--job-id', '284', '--raw', '--subdir', 'DAGS_FOLDER/full_pipeline_dag.py', '--cfg-path', '/tmp/tmpewsov57i']
[2025-04-04T09:02:05.796+0000] {standard_task_runner.py:88} INFO - Job 284: Subtask load_to_postgres
[2025-04-04T09:02:05.851+0000] {logging_mixin.py:188} WARNING - /home/airflow/.local/lib/python3.8/site-packages/airflow/settings.py:194 DeprecationWarning: The sql_alchemy_conn option in [core] has been moved to the sql_alchemy_conn option in [database] - the old setting has been used, but please update your config.
[2025-04-04T09:02:05.914+0000] {task_command.py:423} INFO - Running <TaskInstance: full_pipeline_dag.load_to_postgres manual__2025-04-04T09:00:40.861954+00:00 [running]> on host 43987fe3142a
[2025-04-04T09:02:06.062+0000] {taskinstance.py:2480} INFO - Exporting env vars: AIRFLOW_CTX_DAG_OWNER='airflow' AIRFLOW_CTX_DAG_ID='full_pipeline_dag' AIRFLOW_CTX_TASK_ID='load_to_postgres' AIRFLOW_CTX_EXECUTION_DATE='2025-04-04T09:00:40.861954+00:00' AIRFLOW_CTX_TRY_NUMBER='1' AIRFLOW_CTX_DAG_RUN_ID='manual__2025-04-04T09:00:40.861954+00:00'
[2025-04-04T09:02:06.078+0000] {base.py:83} INFO - Using connection ID 'spark_default' for task execution.
[2025-04-04T09:02:06.080+0000] {spark_submit.py:473} INFO - Spark-Submit cmd: spark-submit --master spark://spark-master:7077 --conf spark.hadoop.fs.s3a.impl=org.apache.hadoop.fs.s3a.S3AFileSystem --conf spark.hadoop.fs.s3a.access.key=minioadmin --conf spark.hadoop.fs.s3a.secret.key=****** --conf spark.hadoop.fs.s3a.endpoint=http://minio:9000 --conf spark.hadoop.fs.s3a.path.style.access=true --conf spark.hadoop.fs.s3a.connection.ssl.enabled=false --conf spark.hadoop.fs.s3a.aws.credentials.provider=org.apache.hadoop.fs.s3a.SimpleAWSCredentialsProvider --jars /opt/spark-extra-jars/hadoop-aws-3.3.6.jar,/opt/spark-extra-jars/aws-java-sdk-bundle-1.12.696.jar,/opt/spark-extra-jars/hadoop-common-3.3.6.jar,/opt/spark-extra-jars/postgresql-42.7.5.jar --name arrow-spark --verbose --queue root.default --deploy-mode client /opt/spark-app/load_to_postgres.py
[2025-04-04T09:02:06.097+0000] {spark_submit.py:649} INFO - /opt/spark/bin/load-spark-env.sh: line 68: ps: command not found
[2025-04-04T09:02:07.318+0000] {spark_submit.py:649} INFO - Using properties file: null
[2025-04-04T09:02:07.425+0000] {spark_submit.py:649} INFO - Parsed arguments:
[2025-04-04T09:02:07.426+0000] {spark_submit.py:649} INFO - master                  spark://spark-master:7077
[2025-04-04T09:02:07.427+0000] {spark_submit.py:649} INFO - remote                  null
[2025-04-04T09:02:07.427+0000] {spark_submit.py:649} INFO - deployMode              client
[2025-04-04T09:02:07.427+0000] {spark_submit.py:649} INFO - executorMemory          null
[2025-04-04T09:02:07.428+0000] {spark_submit.py:649} INFO - executorCores           null
[2025-04-04T09:02:07.428+0000] {spark_submit.py:649} INFO - totalExecutorCores      null
[2025-04-04T09:02:07.429+0000] {spark_submit.py:649} INFO - propertiesFile          null
[2025-04-04T09:02:07.429+0000] {spark_submit.py:649} INFO - driverMemory            null
[2025-04-04T09:02:07.430+0000] {spark_submit.py:649} INFO - driverCores             null
[2025-04-04T09:02:07.430+0000] {spark_submit.py:649} INFO - driverExtraClassPath    null
[2025-04-04T09:02:07.431+0000] {spark_submit.py:649} INFO - driverExtraLibraryPath  null
[2025-04-04T09:02:07.431+0000] {spark_submit.py:649} INFO - driverExtraJavaOptions  null
[2025-04-04T09:02:07.432+0000] {spark_submit.py:649} INFO - supervise               false
[2025-04-04T09:02:07.432+0000] {spark_submit.py:649} INFO - queue                   root.default
[2025-04-04T09:02:07.433+0000] {spark_submit.py:649} INFO - numExecutors            null
[2025-04-04T09:02:07.433+0000] {spark_submit.py:649} INFO - files                   null
[2025-04-04T09:02:07.434+0000] {spark_submit.py:649} INFO - pyFiles                 null
[2025-04-04T09:02:07.434+0000] {spark_submit.py:649} INFO - archives                null
[2025-04-04T09:02:07.435+0000] {spark_submit.py:649} INFO - mainClass               null
[2025-04-04T09:02:07.436+0000] {spark_submit.py:649} INFO - primaryResource         file:/opt/spark-app/load_to_postgres.py
[2025-04-04T09:02:07.437+0000] {spark_submit.py:649} INFO - name                    arrow-spark
[2025-04-04T09:02:07.437+0000] {spark_submit.py:649} INFO - childArgs               []
[2025-04-04T09:02:07.438+0000] {spark_submit.py:649} INFO - jars                    file:/opt/spark-extra-jars/hadoop-aws-3.3.6.jar,file:/opt/spark-extra-jars/aws-java-sdk-bundle-1.12.696.jar,file:/opt/spark-extra-jars/hadoop-common-3.3.6.jar,file:/opt/spark-extra-jars/postgresql-42.7.5.jar
[2025-04-04T09:02:07.438+0000] {spark_submit.py:649} INFO - packages                null
[2025-04-04T09:02:07.439+0000] {spark_submit.py:649} INFO - packagesExclusions      null
[2025-04-04T09:02:07.439+0000] {spark_submit.py:649} INFO - repositories            null
[2025-04-04T09:02:07.440+0000] {spark_submit.py:649} INFO - verbose                 true
[2025-04-04T09:02:07.441+0000] {spark_submit.py:649} INFO - 
[2025-04-04T09:02:07.441+0000] {spark_submit.py:649} INFO - Spark properties used, including those specified through
[2025-04-04T09:02:07.441+0000] {spark_submit.py:649} INFO - --conf and those from the properties file null:
[2025-04-04T09:02:07.442+0000] {spark_submit.py:649} INFO - (spark.hadoop.fs.s3a.access.key,*********(redacted))
[2025-04-04T09:02:07.442+0000] {spark_submit.py:649} INFO - (spark.hadoop.fs.s3a.aws.credentials.provider,org.apache.hadoop.fs.s3a.SimpleAWSCredentialsProvider)
[2025-04-04T09:02:07.443+0000] {spark_submit.py:649} INFO - (spark.hadoop.fs.s3a.connection.ssl.enabled,false)
[2025-04-04T09:02:07.443+0000] {spark_submit.py:649} INFO - (spark.hadoop.fs.s3a.endpoint,http://minio:9000)
[2025-04-04T09:02:07.444+0000] {spark_submit.py:649} INFO - (spark.hadoop.fs.s3a.impl,org.apache.hadoop.fs.s3a.S3AFileSystem)
[2025-04-04T09:02:07.445+0000] {spark_submit.py:649} INFO - (spark.hadoop.fs.s3a.path.style.access,true)
[2025-04-04T09:02:07.445+0000] {spark_submit.py:649} INFO - (spark.hadoop.fs.s3a.secret.key,*********(redacted))
[2025-04-04T09:02:07.446+0000] {spark_submit.py:649} INFO - 
[2025-04-04T09:02:07.446+0000] {spark_submit.py:649} INFO - 
[2025-04-04T09:02:07.771+0000] {spark_submit.py:649} INFO - 25/04/04 09:02:07 WARN NativeCodeLoader: Unable to load native-hadoop library for your platform... using builtin-java classes where applicable
[2025-04-04T09:02:08.050+0000] {spark_submit.py:649} INFO - Main class:
[2025-04-04T09:02:08.051+0000] {spark_submit.py:649} INFO - org.apache.spark.deploy.PythonRunner
[2025-04-04T09:02:08.053+0000] {spark_submit.py:649} INFO - Arguments:
[2025-04-04T09:02:08.054+0000] {spark_submit.py:649} INFO - file:/opt/spark-app/load_to_postgres.py
[2025-04-04T09:02:08.055+0000] {spark_submit.py:649} INFO - null
[2025-04-04T09:02:08.057+0000] {spark_submit.py:649} INFO - Spark config:
[2025-04-04T09:02:08.058+0000] {spark_submit.py:649} INFO - (spark.app.name,arrow-spark)
[2025-04-04T09:02:08.059+0000] {spark_submit.py:649} INFO - (spark.app.submitTime,1743757328015)
[2025-04-04T09:02:08.060+0000] {spark_submit.py:649} INFO - (spark.hadoop.fs.s3a.access.key,*********(redacted))
[2025-04-04T09:02:08.060+0000] {spark_submit.py:649} INFO - (spark.hadoop.fs.s3a.aws.credentials.provider,org.apache.hadoop.fs.s3a.SimpleAWSCredentialsProvider)
[2025-04-04T09:02:08.061+0000] {spark_submit.py:649} INFO - (spark.hadoop.fs.s3a.connection.ssl.enabled,false)
[2025-04-04T09:02:08.062+0000] {spark_submit.py:649} INFO - (spark.hadoop.fs.s3a.endpoint,http://minio:9000)
[2025-04-04T09:02:08.063+0000] {spark_submit.py:649} INFO - (spark.hadoop.fs.s3a.impl,org.apache.hadoop.fs.s3a.S3AFileSystem)
[2025-04-04T09:02:08.063+0000] {spark_submit.py:649} INFO - (spark.hadoop.fs.s3a.path.style.access,true)
[2025-04-04T09:02:08.064+0000] {spark_submit.py:649} INFO - (spark.hadoop.fs.s3a.secret.key,*********(redacted))
[2025-04-04T09:02:08.065+0000] {spark_submit.py:649} INFO - (spark.jars,file:///opt/spark-extra-jars/hadoop-aws-3.3.6.jar,file:///opt/spark-extra-jars/aws-java-sdk-bundle-1.12.696.jar,file:///opt/spark-extra-jars/hadoop-common-3.3.6.jar,file:///opt/spark-extra-jars/postgresql-42.7.5.jar)
[2025-04-04T09:02:08.065+0000] {spark_submit.py:649} INFO - (spark.master,spark://spark-master:7077)
[2025-04-04T09:02:08.066+0000] {spark_submit.py:649} INFO - (spark.repl.local.jars,file:///opt/spark-extra-jars/hadoop-aws-3.3.6.jar,file:///opt/spark-extra-jars/aws-java-sdk-bundle-1.12.696.jar,file:///opt/spark-extra-jars/hadoop-common-3.3.6.jar,file:///opt/spark-extra-jars/postgresql-42.7.5.jar)
[2025-04-04T09:02:08.067+0000] {spark_submit.py:649} INFO - (spark.submit.deployMode,client)
[2025-04-04T09:02:08.067+0000] {spark_submit.py:649} INFO - (spark.submit.pyFiles,)
[2025-04-04T09:02:08.068+0000] {spark_submit.py:649} INFO - Classpath elements:
[2025-04-04T09:02:08.069+0000] {spark_submit.py:649} INFO - file:///opt/spark-extra-jars/hadoop-aws-3.3.6.jar
[2025-04-04T09:02:08.069+0000] {spark_submit.py:649} INFO - file:///opt/spark-extra-jars/aws-java-sdk-bundle-1.12.696.jar
[2025-04-04T09:02:08.070+0000] {spark_submit.py:649} INFO - file:///opt/spark-extra-jars/hadoop-common-3.3.6.jar
[2025-04-04T09:02:08.070+0000] {spark_submit.py:649} INFO - file:///opt/spark-extra-jars/postgresql-42.7.5.jar
[2025-04-04T09:02:08.071+0000] {spark_submit.py:649} INFO - 
[2025-04-04T09:02:08.071+0000] {spark_submit.py:649} INFO - 
[2025-04-04T09:02:09.868+0000] {spark_submit.py:649} INFO - 25/04/04 09:02:09 INFO SparkContext: Running Spark version 3.5.0
[2025-04-04T09:02:09.869+0000] {spark_submit.py:649} INFO - 25/04/04 09:02:09 INFO SparkContext: OS info Linux, 5.15.167.4-microsoft-standard-WSL2, amd64
[2025-04-04T09:02:09.869+0000] {spark_submit.py:649} INFO - 25/04/04 09:02:09 INFO SparkContext: Java version 17.0.14
[2025-04-04T09:02:09.886+0000] {spark_submit.py:649} INFO - 25/04/04 09:02:09 INFO ResourceUtils: ==============================================================
[2025-04-04T09:02:09.887+0000] {spark_submit.py:649} INFO - 25/04/04 09:02:09 INFO ResourceUtils: No custom resources configured for spark.driver.
[2025-04-04T09:02:09.888+0000] {spark_submit.py:649} INFO - 25/04/04 09:02:09 INFO ResourceUtils: ==============================================================
[2025-04-04T09:02:09.889+0000] {spark_submit.py:649} INFO - 25/04/04 09:02:09 INFO SparkContext: Submitted application: LoadCleanedToPostgres
[2025-04-04T09:02:09.900+0000] {spark_submit.py:649} INFO - 25/04/04 09:02:09 INFO ResourceProfile: Default ResourceProfile created, executor resources: Map(memory -> name: memory, amount: 1024, script: , vendor: , offHeap -> name: offHeap, amount: 0, script: , vendor: ), task resources: Map(cpus -> name: cpus, amount: 1.0)
[2025-04-04T09:02:09.908+0000] {spark_submit.py:649} INFO - 25/04/04 09:02:09 INFO ResourceProfile: Limiting resource is cpu
[2025-04-04T09:02:09.909+0000] {spark_submit.py:649} INFO - 25/04/04 09:02:09 INFO ResourceProfileManager: Added ResourceProfile id: 0
[2025-04-04T09:02:09.953+0000] {spark_submit.py:649} INFO - 25/04/04 09:02:09 INFO SecurityManager: Changing view acls to: airflow
[2025-04-04T09:02:09.954+0000] {spark_submit.py:649} INFO - 25/04/04 09:02:09 INFO SecurityManager: Changing modify acls to: airflow
[2025-04-04T09:02:09.955+0000] {spark_submit.py:649} INFO - 25/04/04 09:02:09 INFO SecurityManager: Changing view acls groups to:
[2025-04-04T09:02:09.956+0000] {spark_submit.py:649} INFO - 25/04/04 09:02:09 INFO SecurityManager: Changing modify acls groups to:
[2025-04-04T09:02:09.957+0000] {spark_submit.py:649} INFO - 25/04/04 09:02:09 INFO SecurityManager: SecurityManager: authentication disabled; ui acls disabled; users with view permissions: airflow; groups with view permissions: EMPTY; users with modify permissions: airflow; groups with modify permissions: EMPTY
[2025-04-04T09:02:10.110+0000] {spark_submit.py:649} INFO - 25/04/04 09:02:10 INFO Utils: Successfully started service 'sparkDriver' on port 32883.
[2025-04-04T09:02:10.130+0000] {spark_submit.py:649} INFO - 25/04/04 09:02:10 INFO SparkEnv: Registering MapOutputTracker
[2025-04-04T09:02:10.158+0000] {spark_submit.py:649} INFO - 25/04/04 09:02:10 INFO SparkEnv: Registering BlockManagerMaster
[2025-04-04T09:02:10.171+0000] {spark_submit.py:649} INFO - 25/04/04 09:02:10 INFO BlockManagerMasterEndpoint: Using org.apache.spark.storage.DefaultTopologyMapper for getting topology information
[2025-04-04T09:02:10.172+0000] {spark_submit.py:649} INFO - 25/04/04 09:02:10 INFO BlockManagerMasterEndpoint: BlockManagerMasterEndpoint up
[2025-04-04T09:02:10.174+0000] {spark_submit.py:649} INFO - 25/04/04 09:02:10 INFO SparkEnv: Registering BlockManagerMasterHeartbeat
[2025-04-04T09:02:10.190+0000] {spark_submit.py:649} INFO - 25/04/04 09:02:10 INFO DiskBlockManager: Created local directory at /tmp/blockmgr-506afd90-022e-45c1-a086-5fbfdea07284
[2025-04-04T09:02:10.200+0000] {spark_submit.py:649} INFO - 25/04/04 09:02:10 INFO MemoryStore: MemoryStore started with capacity 434.4 MiB
[2025-04-04T09:02:10.210+0000] {spark_submit.py:649} INFO - 25/04/04 09:02:10 INFO SparkEnv: Registering OutputCommitCoordinator
[2025-04-04T09:02:10.308+0000] {spark_submit.py:649} INFO - 25/04/04 09:02:10 INFO JettyUtils: Start Jetty 0.0.0.0:4040 for SparkUI
[2025-04-04T09:02:10.367+0000] {spark_submit.py:649} INFO - 25/04/04 09:02:10 INFO Utils: Successfully started service 'SparkUI' on port 4040.
[2025-04-04T09:02:10.411+0000] {spark_submit.py:649} INFO - 25/04/04 09:02:10 INFO SparkContext: Added JAR file:///opt/spark-extra-jars/hadoop-aws-3.3.6.jar at spark://43987fe3142a:32883/jars/hadoop-aws-3.3.6.jar with timestamp 1743757329863
[2025-04-04T09:02:10.412+0000] {spark_submit.py:649} INFO - 25/04/04 09:02:10 INFO SparkContext: Added JAR file:///opt/spark-extra-jars/aws-java-sdk-bundle-1.12.696.jar at spark://43987fe3142a:32883/jars/aws-java-sdk-bundle-1.12.696.jar with timestamp 1743757329863
[2025-04-04T09:02:10.413+0000] {spark_submit.py:649} INFO - 25/04/04 09:02:10 INFO SparkContext: Added JAR file:///opt/spark-extra-jars/hadoop-common-3.3.6.jar at spark://43987fe3142a:32883/jars/hadoop-common-3.3.6.jar with timestamp 1743757329863
[2025-04-04T09:02:10.415+0000] {spark_submit.py:649} INFO - 25/04/04 09:02:10 INFO SparkContext: Added JAR file:///opt/spark-extra-jars/postgresql-42.7.5.jar at spark://43987fe3142a:32883/jars/postgresql-42.7.5.jar with timestamp 1743757329863
[2025-04-04T09:02:10.472+0000] {spark_submit.py:649} INFO - 25/04/04 09:02:10 INFO StandaloneAppClient$ClientEndpoint: Connecting to master spark://spark-master:7077...
[2025-04-04T09:02:10.503+0000] {spark_submit.py:649} INFO - 25/04/04 09:02:10 INFO TransportClientFactory: Successfully created connection to spark-master/172.24.0.4:7077 after 16 ms (0 ms spent in bootstraps)
[2025-04-04T09:02:10.578+0000] {spark_submit.py:649} INFO - 25/04/04 09:02:10 INFO StandaloneSchedulerBackend: Connected to Spark cluster with app ID app-20250404090210-0010
[2025-04-04T09:02:10.581+0000] {spark_submit.py:649} INFO - 25/04/04 09:02:10 INFO StandaloneAppClient$ClientEndpoint: Executor added: app-20250404090210-0010/0 on worker-20250404081326-172.24.0.8-45963 (172.24.0.8:45963) with 2 core(s)
[2025-04-04T09:02:10.586+0000] {spark_submit.py:649} INFO - 25/04/04 09:02:10 INFO StandaloneSchedulerBackend: Granted executor ID app-20250404090210-0010/0 on hostPort 172.24.0.8:45963 with 2 core(s), 1024.0 MiB RAM
[2025-04-04T09:02:10.588+0000] {spark_submit.py:649} INFO - 25/04/04 09:02:10 INFO Utils: Successfully started service 'org.apache.spark.network.netty.NettyBlockTransferService' on port 40555.
[2025-04-04T09:02:10.590+0000] {spark_submit.py:649} INFO - 25/04/04 09:02:10 INFO NettyBlockTransferService: Server created on 43987fe3142a:40555
[2025-04-04T09:02:10.593+0000] {spark_submit.py:649} INFO - 25/04/04 09:02:10 INFO BlockManager: Using org.apache.spark.storage.RandomBlockReplicationPolicy for block replication policy
[2025-04-04T09:02:10.600+0000] {spark_submit.py:649} INFO - 25/04/04 09:02:10 INFO BlockManagerMaster: Registering BlockManager BlockManagerId(driver, 43987fe3142a, 40555, None)
[2025-04-04T09:02:10.604+0000] {spark_submit.py:649} INFO - 25/04/04 09:02:10 INFO BlockManagerMasterEndpoint: Registering block manager 43987fe3142a:40555 with 434.4 MiB RAM, BlockManagerId(driver, 43987fe3142a, 40555, None)
[2025-04-04T09:02:10.606+0000] {spark_submit.py:649} INFO - 25/04/04 09:02:10 INFO BlockManagerMaster: Registered BlockManager BlockManagerId(driver, 43987fe3142a, 40555, None)
[2025-04-04T09:02:10.607+0000] {spark_submit.py:649} INFO - 25/04/04 09:02:10 INFO BlockManager: Initialized BlockManager: BlockManagerId(driver, 43987fe3142a, 40555, None)
[2025-04-04T09:02:10.641+0000] {spark_submit.py:649} INFO - 25/04/04 09:02:10 INFO StandaloneAppClient$ClientEndpoint: Executor updated: app-20250404090210-0010/0 is now RUNNING
[2025-04-04T09:02:10.826+0000] {spark_submit.py:649} INFO - 25/04/04 09:02:10 INFO StandaloneSchedulerBackend: SchedulerBackend is ready for scheduling beginning after reached minRegisteredResourcesRatio: 0.0
[2025-04-04T09:02:11.015+0000] {spark_submit.py:649} INFO - 🚀 SparkSession ready!
[2025-04-04T09:02:11.017+0000] {spark_submit.py:649} INFO - 📥 Loading cleaned data from MinIO...
[2025-04-04T09:02:11.026+0000] {spark_submit.py:649} INFO - 25/04/04 09:02:11 INFO SharedState: Setting hive.metastore.warehouse.dir ('null') to the value of spark.sql.warehouse.dir.
[2025-04-04T09:02:11.030+0000] {spark_submit.py:649} INFO - 25/04/04 09:02:11 INFO SharedState: Warehouse path is 'file:/opt/airflow/spark-warehouse'.
[2025-04-04T09:02:12.130+0000] {spark_submit.py:649} INFO - 25/04/04 09:02:12 WARN MetricsConfig: Cannot locate configuration: tried hadoop-metrics2-s3a-file-system.properties,hadoop-metrics2.properties
[2025-04-04T09:02:12.142+0000] {spark_submit.py:649} INFO - 25/04/04 09:02:12 INFO MetricsSystemImpl: Scheduled Metric snapshot period at 10 second(s).
[2025-04-04T09:02:12.143+0000] {spark_submit.py:649} INFO - 25/04/04 09:02:12 INFO MetricsSystemImpl: s3a-file-system metrics system started
[2025-04-04T09:02:13.147+0000] {spark_submit.py:649} INFO - 25/04/04 09:02:13 INFO StandaloneSchedulerBackend$StandaloneDriverEndpoint: Registered executor NettyRpcEndpointRef(spark-client://Executor) (172.24.0.8:59766) with ID 0,  ResourceProfileId 0
[2025-04-04T09:02:13.238+0000] {spark_submit.py:649} INFO - 25/04/04 09:02:13 INFO BlockManagerMasterEndpoint: Registering block manager 172.24.0.8:35557 with 434.4 MiB RAM, BlockManagerId(0, 172.24.0.8, 35557, None)
[2025-04-04T09:02:15.127+0000] {spark_submit.py:649} INFO - 25/04/04 09:02:15 INFO InMemoryFileIndex: It took 65 ms to list leaf files for 1 paths.
[2025-04-04T09:02:15.453+0000] {spark_submit.py:649} INFO - 25/04/04 09:02:15 INFO SparkContext: Starting job: parquet at NativeMethodAccessorImpl.java:0
[2025-04-04T09:02:15.478+0000] {spark_submit.py:649} INFO - 25/04/04 09:02:15 INFO DAGScheduler: Got job 0 (parquet at NativeMethodAccessorImpl.java:0) with 1 output partitions
[2025-04-04T09:02:15.480+0000] {spark_submit.py:649} INFO - 25/04/04 09:02:15 INFO DAGScheduler: Final stage: ResultStage 0 (parquet at NativeMethodAccessorImpl.java:0)
[2025-04-04T09:02:15.481+0000] {spark_submit.py:649} INFO - 25/04/04 09:02:15 INFO DAGScheduler: Parents of final stage: List()
[2025-04-04T09:02:15.482+0000] {spark_submit.py:649} INFO - 25/04/04 09:02:15 INFO DAGScheduler: Missing parents: List()
[2025-04-04T09:02:15.486+0000] {spark_submit.py:649} INFO - 25/04/04 09:02:15 INFO DAGScheduler: Submitting ResultStage 0 (MapPartitionsRDD[1] at parquet at NativeMethodAccessorImpl.java:0), which has no missing parents
[2025-04-04T09:02:15.550+0000] {spark_submit.py:649} INFO - 25/04/04 09:02:15 INFO MemoryStore: Block broadcast_0 stored as values in memory (estimated size 105.0 KiB, free 434.3 MiB)
[2025-04-04T09:02:15.592+0000] {spark_submit.py:649} INFO - 25/04/04 09:02:15 INFO MemoryStore: Block broadcast_0_piece0 stored as bytes in memory (estimated size 38.0 KiB, free 434.3 MiB)
[2025-04-04T09:02:15.599+0000] {spark_submit.py:649} INFO - 25/04/04 09:02:15 INFO BlockManagerInfo: Added broadcast_0_piece0 in memory on 43987fe3142a:40555 (size: 38.0 KiB, free: 434.4 MiB)
[2025-04-04T09:02:15.604+0000] {spark_submit.py:649} INFO - 25/04/04 09:02:15 INFO SparkContext: Created broadcast 0 from broadcast at DAGScheduler.scala:1580
[2025-04-04T09:02:15.626+0000] {spark_submit.py:649} INFO - 25/04/04 09:02:15 INFO DAGScheduler: Submitting 1 missing tasks from ResultStage 0 (MapPartitionsRDD[1] at parquet at NativeMethodAccessorImpl.java:0) (first 15 tasks are for partitions Vector(0))
[2025-04-04T09:02:15.628+0000] {spark_submit.py:649} INFO - 25/04/04 09:02:15 INFO TaskSchedulerImpl: Adding task set 0.0 with 1 tasks resource profile 0
[2025-04-04T09:02:18.566+0000] {spark_submit.py:649} INFO - 25/04/04 09:02:18 INFO TaskSetManager: Starting task 0.0 in stage 0.0 (TID 0) (172.24.0.8, executor 0, partition 0, PROCESS_LOCAL, 8283 bytes)
[2025-04-04T09:02:18.757+0000] {spark_submit.py:649} INFO - 25/04/04 09:02:18 INFO BlockManagerInfo: Added broadcast_0_piece0 in memory on 172.24.0.8:35557 (size: 38.0 KiB, free: 434.4 MiB)
[2025-04-04T09:02:19.917+0000] {spark_submit.py:649} INFO - 25/04/04 09:02:19 INFO TaskSetManager: Finished task 0.0 in stage 0.0 (TID 0) in 1370 ms on 172.24.0.8 (executor 0) (1/1)
[2025-04-04T09:02:19.918+0000] {spark_submit.py:649} INFO - 25/04/04 09:02:19 INFO TaskSchedulerImpl: Removed TaskSet 0.0, whose tasks have all completed, from pool
[2025-04-04T09:02:19.921+0000] {spark_submit.py:649} INFO - 25/04/04 09:02:19 INFO DAGScheduler: ResultStage 0 (parquet at NativeMethodAccessorImpl.java:0) finished in 4.422 s
[2025-04-04T09:02:19.924+0000] {spark_submit.py:649} INFO - 25/04/04 09:02:19 INFO DAGScheduler: Job 0 is finished. Cancelling potential speculative or zombie tasks for this job
[2025-04-04T09:02:19.926+0000] {spark_submit.py:649} INFO - 25/04/04 09:02:19 INFO TaskSchedulerImpl: Killing all running tasks in stage 0: Stage finished
[2025-04-04T09:02:19.928+0000] {spark_submit.py:649} INFO - 25/04/04 09:02:19 INFO DAGScheduler: Job 0 finished: parquet at NativeMethodAccessorImpl.java:0, took 4.473984 s
[2025-04-04T09:02:20.342+0000] {spark_submit.py:649} INFO - 📤 Writing to PostgreSQL...
[2025-04-04T09:02:20.431+0000] {spark_submit.py:649} INFO - 25/04/04 09:02:20 INFO BlockManagerInfo: Removed broadcast_0_piece0 on 43987fe3142a:40555 in memory (size: 38.0 KiB, free: 434.4 MiB)
[2025-04-04T09:02:20.441+0000] {spark_submit.py:649} INFO - 25/04/04 09:02:20 INFO BlockManagerInfo: Removed broadcast_0_piece0 on 172.24.0.8:35557 in memory (size: 38.0 KiB, free: 434.4 MiB)
[2025-04-04T09:02:21.104+0000] {spark_submit.py:649} INFO - Traceback (most recent call last):
[2025-04-04T09:02:21.105+0000] {spark_submit.py:649} INFO - File "/opt/spark-app/load_to_postgres.py", line 31, in <module>
[2025-04-04T09:02:21.108+0000] {spark_submit.py:649} INFO - df.write \
[2025-04-04T09:02:21.108+0000] {spark_submit.py:649} INFO - File "/opt/spark/python/lib/pyspark.zip/pyspark/sql/readwriter.py", line 1461, in save
[2025-04-04T09:02:21.109+0000] {spark_submit.py:649} INFO - File "/opt/spark/python/lib/py4j-0.10.9.7-src.zip/py4j/java_gateway.py", line 1322, in __call__
[2025-04-04T09:02:21.109+0000] {spark_submit.py:649} INFO - File "/opt/spark/python/lib/pyspark.zip/pyspark/errors/exceptions/captured.py", line 185, in deco
[2025-04-04T09:02:21.114+0000] {spark_submit.py:649} INFO - pyspark.errors.exceptions.captured.AnalysisException: Table or view 'yellow_tripdata_2023_01' already exists. SaveMode: ErrorIfExists.
[2025-04-04T09:02:21.150+0000] {spark_submit.py:649} INFO - 25/04/04 09:02:21 INFO SparkContext: Invoking stop() from shutdown hook
[2025-04-04T09:02:21.151+0000] {spark_submit.py:649} INFO - 25/04/04 09:02:21 INFO SparkContext: SparkContext is stopping with exitCode 0.
[2025-04-04T09:02:21.161+0000] {spark_submit.py:649} INFO - 25/04/04 09:02:21 INFO SparkUI: Stopped Spark web UI at http://43987fe3142a:4040
[2025-04-04T09:02:21.163+0000] {spark_submit.py:649} INFO - 25/04/04 09:02:21 INFO StandaloneSchedulerBackend: Shutting down all executors
[2025-04-04T09:02:21.164+0000] {spark_submit.py:649} INFO - 25/04/04 09:02:21 INFO StandaloneSchedulerBackend$StandaloneDriverEndpoint: Asking each executor to shut down
[2025-04-04T09:02:21.184+0000] {spark_submit.py:649} INFO - 25/04/04 09:02:21 INFO MapOutputTrackerMasterEndpoint: MapOutputTrackerMasterEndpoint stopped!
[2025-04-04T09:02:21.207+0000] {spark_submit.py:649} INFO - 25/04/04 09:02:21 INFO MemoryStore: MemoryStore cleared
[2025-04-04T09:02:21.208+0000] {spark_submit.py:649} INFO - 25/04/04 09:02:21 INFO BlockManager: BlockManager stopped
[2025-04-04T09:02:21.210+0000] {spark_submit.py:649} INFO - 25/04/04 09:02:21 INFO BlockManagerMaster: BlockManagerMaster stopped
[2025-04-04T09:02:21.212+0000] {spark_submit.py:649} INFO - 25/04/04 09:02:21 INFO OutputCommitCoordinator$OutputCommitCoordinatorEndpoint: OutputCommitCoordinator stopped!
[2025-04-04T09:02:21.228+0000] {spark_submit.py:649} INFO - 25/04/04 09:02:21 INFO SparkContext: Successfully stopped SparkContext
[2025-04-04T09:02:21.229+0000] {spark_submit.py:649} INFO - 25/04/04 09:02:21 INFO ShutdownHookManager: Shutdown hook called
[2025-04-04T09:02:21.229+0000] {spark_submit.py:649} INFO - 25/04/04 09:02:21 INFO ShutdownHookManager: Deleting directory /tmp/spark-9541136b-5605-4c21-9efb-99770242b995/pyspark-899e3163-9ae5-49cc-b03b-b50435b2f039
[2025-04-04T09:02:21.238+0000] {spark_submit.py:649} INFO - 25/04/04 09:02:21 INFO ShutdownHookManager: Deleting directory /tmp/spark-5a822f84-55ff-4784-bc09-d4e2bc638f2f
[2025-04-04T09:02:21.250+0000] {spark_submit.py:649} INFO - 25/04/04 09:02:21 INFO ShutdownHookManager: Deleting directory /tmp/spark-9541136b-5605-4c21-9efb-99770242b995
[2025-04-04T09:02:21.262+0000] {spark_submit.py:649} INFO - 25/04/04 09:02:21 INFO MetricsSystemImpl: Stopping s3a-file-system metrics system...
[2025-04-04T09:02:21.263+0000] {spark_submit.py:649} INFO - 25/04/04 09:02:21 INFO MetricsSystemImpl: s3a-file-system metrics system stopped.
[2025-04-04T09:02:21.264+0000] {spark_submit.py:649} INFO - 25/04/04 09:02:21 INFO MetricsSystemImpl: s3a-file-system metrics system shutdown complete.
[2025-04-04T09:02:21.347+0000] {taskinstance.py:2698} ERROR - Task failed with exception
Traceback (most recent call last):
  File "/home/airflow/.local/lib/python3.8/site-packages/airflow/models/taskinstance.py", line 433, in _execute_task
    result = execute_callable(context=context, **execute_callable_kwargs)
  File "/home/airflow/.local/lib/python3.8/site-packages/airflow/providers/apache/spark/operators/spark_submit.py", line 176, in execute
    self._hook.submit(self.application)
  File "/home/airflow/.local/lib/python3.8/site-packages/airflow/providers/apache/spark/hooks/spark_submit.py", line 575, in submit
    raise AirflowException(
airflow.exceptions.AirflowException: Cannot execute: spark-submit --master spark://spark-master:7077 --conf spark.hadoop.fs.s3a.impl=org.apache.hadoop.fs.s3a.S3AFileSystem --conf spark.hadoop.fs.s3a.access.key=minioadmin --conf spark.hadoop.fs.s3a.secret.key=****** --conf spark.hadoop.fs.s3a.endpoint=http://minio:9000 --conf spark.hadoop.fs.s3a.path.style.access=true --conf spark.hadoop.fs.s3a.connection.ssl.enabled=false --conf spark.hadoop.fs.s3a.aws.credentials.provider=org.apache.hadoop.fs.s3a.SimpleAWSCredentialsProvider --jars /opt/spark-extra-jars/hadoop-aws-3.3.6.jar,/opt/spark-extra-jars/aws-java-sdk-bundle-1.12.696.jar,/opt/spark-extra-jars/hadoop-common-3.3.6.jar,/opt/spark-extra-jars/postgresql-42.7.5.jar --name arrow-spark --verbose --queue root.default --deploy-mode client /opt/spark-app/load_to_postgres.py. Error code is: 1.
[2025-04-04T09:02:21.355+0000] {taskinstance.py:1138} INFO - Marking task as FAILED. dag_id=full_pipeline_dag, task_id=load_to_postgres, execution_date=20250404T090040, start_date=20250404T090205, end_date=20250404T090221
[2025-04-04T09:02:21.570+0000] {standard_task_runner.py:107} ERROR - Failed to execute job 284 for task load_to_postgres (Cannot execute: spark-submit --master spark://spark-master:7077 --conf spark.hadoop.fs.s3a.impl=org.apache.hadoop.fs.s3a.S3AFileSystem --conf spark.hadoop.fs.s3a.access.key=minioadmin --conf spark.hadoop.fs.s3a.secret.key=****** --conf spark.hadoop.fs.s3a.endpoint=http://minio:9000 --conf spark.hadoop.fs.s3a.path.style.access=true --conf spark.hadoop.fs.s3a.connection.ssl.enabled=false --conf spark.hadoop.fs.s3a.aws.credentials.provider=org.apache.hadoop.fs.s3a.SimpleAWSCredentialsProvider --jars /opt/spark-extra-jars/hadoop-aws-3.3.6.jar,/opt/spark-extra-jars/aws-java-sdk-bundle-1.12.696.jar,/opt/spark-extra-jars/hadoop-common-3.3.6.jar,/opt/spark-extra-jars/postgresql-42.7.5.jar --name arrow-spark --verbose --queue root.default --deploy-mode client /opt/spark-app/load_to_postgres.py. Error code is: 1.; 2713)
[2025-04-04T09:02:21.611+0000] {local_task_job_runner.py:234} INFO - Task exited with return code 1
[2025-04-04T09:02:21.673+0000] {taskinstance.py:3280} INFO - 0 downstream tasks scheduled from follow-on schedule check
