[2025-04-03T19:01:49.393+0000] {taskinstance.py:1956} INFO - Dependencies all met for dep_context=non-requeueable deps ti=<TaskInstance: full_pipeline_dag.clean_data_spark manual__2025-04-03T18:59:56.348830+00:00 [queued]>
[2025-04-03T19:01:49.426+0000] {taskinstance.py:1956} INFO - Dependencies all met for dep_context=requeueable deps ti=<TaskInstance: full_pipeline_dag.clean_data_spark manual__2025-04-03T18:59:56.348830+00:00 [queued]>
[2025-04-03T19:01:49.427+0000] {taskinstance.py:2170} INFO - Starting attempt 2 of 3
[2025-04-03T19:01:49.485+0000] {taskinstance.py:2191} INFO - Executing <Task(SparkSubmitOperator): clean_data_spark> on 2025-04-03 18:59:56.348830+00:00
[2025-04-03T19:01:49.490+0000] {standard_task_runner.py:60} INFO - Started process 521 to run task
[2025-04-03T19:01:49.495+0000] {standard_task_runner.py:87} INFO - Running: ['airflow', 'tasks', 'run', 'full_pipeline_dag', 'clean_data_spark', 'manual__2025-04-03T18:59:56.348830+00:00', '--job-id', '215', '--raw', '--subdir', 'DAGS_FOLDER/full_pipeline_dag.py', '--cfg-path', '/tmp/tmpzh4rrykc']
[2025-04-03T19:01:49.497+0000] {standard_task_runner.py:88} INFO - Job 215: Subtask clean_data_spark
[2025-04-03T19:01:49.564+0000] {logging_mixin.py:188} WARNING - /home/airflow/.local/lib/python3.8/site-packages/airflow/settings.py:194 DeprecationWarning: The sql_alchemy_conn option in [core] has been moved to the sql_alchemy_conn option in [database] - the old setting has been used, but please update your config.
[2025-04-03T19:01:49.673+0000] {task_command.py:423} INFO - Running <TaskInstance: full_pipeline_dag.clean_data_spark manual__2025-04-03T18:59:56.348830+00:00 [running]> on host eef6dfe9026b
[2025-04-03T19:01:49.819+0000] {taskinstance.py:2480} INFO - Exporting env vars: AIRFLOW_CTX_DAG_OWNER='airflow' AIRFLOW_CTX_DAG_ID='full_pipeline_dag' AIRFLOW_CTX_TASK_ID='clean_data_spark' AIRFLOW_CTX_EXECUTION_DATE='2025-04-03T18:59:56.348830+00:00' AIRFLOW_CTX_TRY_NUMBER='2' AIRFLOW_CTX_DAG_RUN_ID='manual__2025-04-03T18:59:56.348830+00:00'
[2025-04-03T19:01:49.847+0000] {base.py:83} INFO - Using connection ID 'spark_default' for task execution.
[2025-04-03T19:01:49.849+0000] {spark_submit.py:473} INFO - Spark-Submit cmd: spark-submit --master spark://spark-master:7077 --conf spark.master=spark://spark-master:7077 --jars /opt/spark/jars/hadoop-aws-3.3.6.jar,/opt/spark/jars/aws-java-sdk-bundle-1.12.696.jar --name arrow-spark --verbose --queue root.default --deploy-mode client /opt/spark-app/clean_yellow_tripdata.py
[2025-04-03T19:01:51.343+0000] {spark_submit.py:649} INFO - Using properties file: null
[2025-04-03T19:01:51.485+0000] {spark_submit.py:649} INFO - Parsed arguments:
[2025-04-03T19:01:51.486+0000] {spark_submit.py:649} INFO - master                  spark://spark-master:7077
[2025-04-03T19:01:51.487+0000] {spark_submit.py:649} INFO - remote                  null
[2025-04-03T19:01:51.488+0000] {spark_submit.py:649} INFO - deployMode              client
[2025-04-03T19:01:51.488+0000] {spark_submit.py:649} INFO - executorMemory          null
[2025-04-03T19:01:51.489+0000] {spark_submit.py:649} INFO - executorCores           null
[2025-04-03T19:01:51.490+0000] {spark_submit.py:649} INFO - totalExecutorCores      null
[2025-04-03T19:01:51.491+0000] {spark_submit.py:649} INFO - propertiesFile          null
[2025-04-03T19:01:51.491+0000] {spark_submit.py:649} INFO - driverMemory            null
[2025-04-03T19:01:51.492+0000] {spark_submit.py:649} INFO - driverCores             null
[2025-04-03T19:01:51.492+0000] {spark_submit.py:649} INFO - driverExtraClassPath    null
[2025-04-03T19:01:51.493+0000] {spark_submit.py:649} INFO - driverExtraLibraryPath  null
[2025-04-03T19:01:51.494+0000] {spark_submit.py:649} INFO - driverExtraJavaOptions  null
[2025-04-03T19:01:51.495+0000] {spark_submit.py:649} INFO - supervise               false
[2025-04-03T19:01:51.495+0000] {spark_submit.py:649} INFO - queue                   root.default
[2025-04-03T19:01:51.496+0000] {spark_submit.py:649} INFO - numExecutors            null
[2025-04-03T19:01:51.497+0000] {spark_submit.py:649} INFO - files                   null
[2025-04-03T19:01:51.497+0000] {spark_submit.py:649} INFO - pyFiles                 null
[2025-04-03T19:01:51.498+0000] {spark_submit.py:649} INFO - archives                null
[2025-04-03T19:01:51.499+0000] {spark_submit.py:649} INFO - mainClass               null
[2025-04-03T19:01:51.499+0000] {spark_submit.py:649} INFO - primaryResource         file:/opt/spark-app/clean_yellow_tripdata.py
[2025-04-03T19:01:51.500+0000] {spark_submit.py:649} INFO - name                    arrow-spark
[2025-04-03T19:01:51.500+0000] {spark_submit.py:649} INFO - childArgs               []
[2025-04-03T19:01:51.501+0000] {spark_submit.py:649} INFO - jars                    file:/opt/spark-3.5.0-bin-hadoop3/jars/hadoop-aws-3.3.6.jar,file:/opt/spark-3.5.0-bin-hadoop3/jars/aws-java-sdk-bundle-1.12.696.jar
[2025-04-03T19:01:51.501+0000] {spark_submit.py:649} INFO - packages                null
[2025-04-03T19:01:51.502+0000] {spark_submit.py:649} INFO - packagesExclusions      null
[2025-04-03T19:01:51.502+0000] {spark_submit.py:649} INFO - repositories            null
[2025-04-03T19:01:51.503+0000] {spark_submit.py:649} INFO - verbose                 true
[2025-04-03T19:01:51.503+0000] {spark_submit.py:649} INFO - 
[2025-04-03T19:01:51.504+0000] {spark_submit.py:649} INFO - Spark properties used, including those specified through
[2025-04-03T19:01:51.505+0000] {spark_submit.py:649} INFO - --conf and those from the properties file null:
[2025-04-03T19:01:51.505+0000] {spark_submit.py:649} INFO - (spark.master,spark://spark-master:7077)
[2025-04-03T19:01:51.506+0000] {spark_submit.py:649} INFO - 
[2025-04-03T19:01:51.506+0000] {spark_submit.py:649} INFO - 
[2025-04-03T19:01:51.992+0000] {spark_submit.py:649} INFO - 25/04/03 19:01:51 WARN NativeCodeLoader: Unable to load native-hadoop library for your platform... using builtin-java classes where applicable
[2025-04-03T19:01:52.308+0000] {spark_submit.py:649} INFO - Main class:
[2025-04-03T19:01:52.309+0000] {spark_submit.py:649} INFO - org.apache.spark.deploy.PythonRunner
[2025-04-03T19:01:52.310+0000] {spark_submit.py:649} INFO - Arguments:
[2025-04-03T19:01:52.310+0000] {spark_submit.py:649} INFO - file:/opt/spark-app/clean_yellow_tripdata.py
[2025-04-03T19:01:52.311+0000] {spark_submit.py:649} INFO - null
[2025-04-03T19:01:52.313+0000] {spark_submit.py:649} INFO - Spark config:
[2025-04-03T19:01:52.314+0000] {spark_submit.py:649} INFO - (spark.app.name,arrow-spark)
[2025-04-03T19:01:52.315+0000] {spark_submit.py:649} INFO - (spark.app.submitTime,1743706912269)
[2025-04-03T19:01:52.316+0000] {spark_submit.py:649} INFO - (spark.jars,file:/opt/spark-3.5.0-bin-hadoop3/jars/hadoop-aws-3.3.6.jar,file:/opt/spark-3.5.0-bin-hadoop3/jars/aws-java-sdk-bundle-1.12.696.jar)
[2025-04-03T19:01:52.316+0000] {spark_submit.py:649} INFO - (spark.master,spark://spark-master:7077)
[2025-04-03T19:01:52.317+0000] {spark_submit.py:649} INFO - (spark.repl.local.jars,file:/opt/spark-3.5.0-bin-hadoop3/jars/hadoop-aws-3.3.6.jar,file:/opt/spark-3.5.0-bin-hadoop3/jars/aws-java-sdk-bundle-1.12.696.jar)
[2025-04-03T19:01:52.318+0000] {spark_submit.py:649} INFO - (spark.submit.deployMode,client)
[2025-04-03T19:01:52.318+0000] {spark_submit.py:649} INFO - (spark.submit.pyFiles,)
[2025-04-03T19:01:52.319+0000] {spark_submit.py:649} INFO - Classpath elements:
[2025-04-03T19:01:52.320+0000] {spark_submit.py:649} INFO - file:/opt/spark-3.5.0-bin-hadoop3/jars/hadoop-aws-3.3.6.jar
[2025-04-03T19:01:52.320+0000] {spark_submit.py:649} INFO - file:/opt/spark-3.5.0-bin-hadoop3/jars/aws-java-sdk-bundle-1.12.696.jar
[2025-04-03T19:01:52.321+0000] {spark_submit.py:649} INFO - 
[2025-04-03T19:01:52.322+0000] {spark_submit.py:649} INFO - 
[2025-04-03T19:01:52.322+0000] {spark_submit.py:649} INFO - 25/04/03 19:01:52 WARN DependencyUtils: Local jar /opt/spark-3.5.0-bin-hadoop3/jars/hadoop-aws-3.3.6.jar does not exist, skipping.
[2025-04-03T19:01:52.323+0000] {spark_submit.py:649} INFO - 25/04/03 19:01:52 WARN DependencyUtils: Local jar /opt/spark-3.5.0-bin-hadoop3/jars/aws-java-sdk-bundle-1.12.696.jar does not exist, skipping.
[2025-04-03T19:01:53.226+0000] {spark_submit.py:649} INFO - 25/04/03 19:01:53 INFO SparkContext: Running Spark version 3.5.0
[2025-04-03T19:01:53.227+0000] {spark_submit.py:649} INFO - 25/04/03 19:01:53 INFO SparkContext: OS info Linux, 5.15.167.4-microsoft-standard-WSL2, amd64
[2025-04-03T19:01:53.228+0000] {spark_submit.py:649} INFO - 25/04/03 19:01:53 INFO SparkContext: Java version 17.0.14
[2025-04-03T19:01:53.254+0000] {spark_submit.py:649} INFO - 25/04/03 19:01:53 INFO ResourceUtils: ==============================================================
[2025-04-03T19:01:53.256+0000] {spark_submit.py:649} INFO - 25/04/03 19:01:53 INFO ResourceUtils: No custom resources configured for spark.driver.
[2025-04-03T19:01:53.258+0000] {spark_submit.py:649} INFO - 25/04/03 19:01:53 INFO ResourceUtils: ==============================================================
[2025-04-03T19:01:53.262+0000] {spark_submit.py:649} INFO - 25/04/03 19:01:53 INFO SparkContext: Submitted application: CleanYellowData
[2025-04-03T19:01:53.288+0000] {spark_submit.py:649} INFO - 25/04/03 19:01:53 INFO ResourceProfile: Default ResourceProfile created, executor resources: Map(memory -> name: memory, amount: 1024, script: , vendor: , offHeap -> name: offHeap, amount: 0, script: , vendor: ), task resources: Map(cpus -> name: cpus, amount: 1.0)
[2025-04-03T19:01:53.299+0000] {spark_submit.py:649} INFO - 25/04/03 19:01:53 INFO ResourceProfile: Limiting resource is cpu
[2025-04-03T19:01:53.300+0000] {spark_submit.py:649} INFO - 25/04/03 19:01:53 INFO ResourceProfileManager: Added ResourceProfile id: 0
[2025-04-03T19:01:53.359+0000] {spark_submit.py:649} INFO - 25/04/03 19:01:53 INFO SecurityManager: Changing view acls to: airflow
[2025-04-03T19:01:53.359+0000] {spark_submit.py:649} INFO - 25/04/03 19:01:53 INFO SecurityManager: Changing modify acls to: airflow
[2025-04-03T19:01:53.360+0000] {spark_submit.py:649} INFO - 25/04/03 19:01:53 INFO SecurityManager: Changing view acls groups to:
[2025-04-03T19:01:53.361+0000] {spark_submit.py:649} INFO - 25/04/03 19:01:53 INFO SecurityManager: Changing modify acls groups to:
[2025-04-03T19:01:53.361+0000] {spark_submit.py:649} INFO - 25/04/03 19:01:53 INFO SecurityManager: SecurityManager: authentication disabled; ui acls disabled; users with view permissions: airflow; groups with view permissions: EMPTY; users with modify permissions: airflow; groups with modify permissions: EMPTY
[2025-04-03T19:01:53.571+0000] {spark_submit.py:649} INFO - 25/04/03 19:01:53 INFO Utils: Successfully started service 'sparkDriver' on port 38413.
[2025-04-03T19:01:53.600+0000] {spark_submit.py:649} INFO - 25/04/03 19:01:53 INFO SparkEnv: Registering MapOutputTracker
[2025-04-03T19:01:53.631+0000] {spark_submit.py:649} INFO - 25/04/03 19:01:53 INFO SparkEnv: Registering BlockManagerMaster
[2025-04-03T19:01:53.646+0000] {spark_submit.py:649} INFO - 25/04/03 19:01:53 INFO BlockManagerMasterEndpoint: Using org.apache.spark.storage.DefaultTopologyMapper for getting topology information
[2025-04-03T19:01:53.648+0000] {spark_submit.py:649} INFO - 25/04/03 19:01:53 INFO BlockManagerMasterEndpoint: BlockManagerMasterEndpoint up
[2025-04-03T19:01:53.651+0000] {spark_submit.py:649} INFO - 25/04/03 19:01:53 INFO SparkEnv: Registering BlockManagerMasterHeartbeat
[2025-04-03T19:01:53.669+0000] {spark_submit.py:649} INFO - 25/04/03 19:01:53 INFO DiskBlockManager: Created local directory at /tmp/blockmgr-bc0dab14-99a1-4275-a30d-f4f4a8eae7df
[2025-04-03T19:01:53.681+0000] {spark_submit.py:649} INFO - 25/04/03 19:01:53 INFO MemoryStore: MemoryStore started with capacity 434.4 MiB
[2025-04-03T19:01:53.694+0000] {spark_submit.py:649} INFO - 25/04/03 19:01:53 INFO SparkEnv: Registering OutputCommitCoordinator
[2025-04-03T19:01:53.823+0000] {spark_submit.py:649} INFO - 25/04/03 19:01:53 INFO JettyUtils: Start Jetty 0.0.0.0:4040 for SparkUI
[2025-04-03T19:01:53.887+0000] {spark_submit.py:649} INFO - 25/04/03 19:01:53 INFO Utils: Successfully started service 'SparkUI' on port 4040.
[2025-04-03T19:01:53.923+0000] {spark_submit.py:649} INFO - 25/04/03 19:01:53 ERROR SparkContext: Failed to add file:/opt/spark-3.5.0-bin-hadoop3/jars/hadoop-aws-3.3.6.jar to Spark environment
[2025-04-03T19:01:53.924+0000] {spark_submit.py:649} INFO - java.io.FileNotFoundException: Jar /opt/spark-3.5.0-bin-hadoop3/jars/hadoop-aws-3.3.6.jar not found
[2025-04-03T19:01:53.925+0000] {spark_submit.py:649} INFO - at org.apache.spark.SparkContext.addLocalJarFile$1(SparkContext.scala:2100)
[2025-04-03T19:01:53.925+0000] {spark_submit.py:649} INFO - at org.apache.spark.SparkContext.addJar(SparkContext.scala:2156)
[2025-04-03T19:01:53.926+0000] {spark_submit.py:649} INFO - at org.apache.spark.SparkContext.$anonfun$new$15(SparkContext.scala:526)
[2025-04-03T19:01:53.927+0000] {spark_submit.py:649} INFO - at org.apache.spark.SparkContext.$anonfun$new$15$adapted(SparkContext.scala:526)
[2025-04-03T19:01:53.928+0000] {spark_submit.py:649} INFO - at scala.collection.mutable.ResizableArray.foreach(ResizableArray.scala:62)
[2025-04-03T19:01:53.928+0000] {spark_submit.py:649} INFO - at scala.collection.mutable.ResizableArray.foreach$(ResizableArray.scala:55)
[2025-04-03T19:01:53.929+0000] {spark_submit.py:649} INFO - at scala.collection.mutable.ArrayBuffer.foreach(ArrayBuffer.scala:49)
[2025-04-03T19:01:53.930+0000] {spark_submit.py:649} INFO - at org.apache.spark.SparkContext.<init>(SparkContext.scala:526)
[2025-04-03T19:01:53.930+0000] {spark_submit.py:649} INFO - at org.apache.spark.api.java.JavaSparkContext.<init>(JavaSparkContext.scala:58)
[2025-04-03T19:01:53.931+0000] {spark_submit.py:649} INFO - at java.base/jdk.internal.reflect.NativeConstructorAccessorImpl.newInstance0(Native Method)
[2025-04-03T19:01:53.931+0000] {spark_submit.py:649} INFO - at java.base/jdk.internal.reflect.NativeConstructorAccessorImpl.newInstance(NativeConstructorAccessorImpl.java:77)
[2025-04-03T19:01:53.932+0000] {spark_submit.py:649} INFO - at java.base/jdk.internal.reflect.DelegatingConstructorAccessorImpl.newInstance(DelegatingConstructorAccessorImpl.java:45)
[2025-04-03T19:01:53.932+0000] {spark_submit.py:649} INFO - at java.base/java.lang.reflect.Constructor.newInstanceWithCaller(Constructor.java:500)
[2025-04-03T19:01:53.933+0000] {spark_submit.py:649} INFO - at java.base/java.lang.reflect.Constructor.newInstance(Constructor.java:481)
[2025-04-03T19:01:53.933+0000] {spark_submit.py:649} INFO - at py4j.reflection.MethodInvoker.invoke(MethodInvoker.java:247)
[2025-04-03T19:01:53.934+0000] {spark_submit.py:649} INFO - at py4j.reflection.ReflectionEngine.invoke(ReflectionEngine.java:374)
[2025-04-03T19:01:53.934+0000] {spark_submit.py:649} INFO - at py4j.Gateway.invoke(Gateway.java:238)
[2025-04-03T19:01:53.935+0000] {spark_submit.py:649} INFO - at py4j.commands.ConstructorCommand.invokeConstructor(ConstructorCommand.java:80)
[2025-04-03T19:01:53.935+0000] {spark_submit.py:649} INFO - at py4j.commands.ConstructorCommand.execute(ConstructorCommand.java:69)
[2025-04-03T19:01:53.936+0000] {spark_submit.py:649} INFO - at py4j.ClientServerConnection.waitForCommands(ClientServerConnection.java:182)
[2025-04-03T19:01:53.937+0000] {spark_submit.py:649} INFO - at py4j.ClientServerConnection.run(ClientServerConnection.java:106)
[2025-04-03T19:01:53.937+0000] {spark_submit.py:649} INFO - at java.base/java.lang.Thread.run(Thread.java:840)
[2025-04-03T19:01:53.938+0000] {spark_submit.py:649} INFO - 25/04/03 19:01:53 ERROR SparkContext: Failed to add file:/opt/spark-3.5.0-bin-hadoop3/jars/aws-java-sdk-bundle-1.12.696.jar to Spark environment
[2025-04-03T19:01:53.938+0000] {spark_submit.py:649} INFO - java.io.FileNotFoundException: Jar /opt/spark-3.5.0-bin-hadoop3/jars/aws-java-sdk-bundle-1.12.696.jar not found
[2025-04-03T19:01:53.939+0000] {spark_submit.py:649} INFO - at org.apache.spark.SparkContext.addLocalJarFile$1(SparkContext.scala:2100)
[2025-04-03T19:01:53.939+0000] {spark_submit.py:649} INFO - at org.apache.spark.SparkContext.addJar(SparkContext.scala:2156)
[2025-04-03T19:01:53.940+0000] {spark_submit.py:649} INFO - at org.apache.spark.SparkContext.$anonfun$new$15(SparkContext.scala:526)
[2025-04-03T19:01:53.940+0000] {spark_submit.py:649} INFO - at org.apache.spark.SparkContext.$anonfun$new$15$adapted(SparkContext.scala:526)
[2025-04-03T19:01:53.941+0000] {spark_submit.py:649} INFO - at scala.collection.mutable.ResizableArray.foreach(ResizableArray.scala:62)
[2025-04-03T19:01:53.942+0000] {spark_submit.py:649} INFO - at scala.collection.mutable.ResizableArray.foreach$(ResizableArray.scala:55)
[2025-04-03T19:01:53.942+0000] {spark_submit.py:649} INFO - at scala.collection.mutable.ArrayBuffer.foreach(ArrayBuffer.scala:49)
[2025-04-03T19:01:53.943+0000] {spark_submit.py:649} INFO - at org.apache.spark.SparkContext.<init>(SparkContext.scala:526)
[2025-04-03T19:01:53.944+0000] {spark_submit.py:649} INFO - at org.apache.spark.api.java.JavaSparkContext.<init>(JavaSparkContext.scala:58)
[2025-04-03T19:01:53.944+0000] {spark_submit.py:649} INFO - at java.base/jdk.internal.reflect.NativeConstructorAccessorImpl.newInstance0(Native Method)
[2025-04-03T19:01:53.945+0000] {spark_submit.py:649} INFO - at java.base/jdk.internal.reflect.NativeConstructorAccessorImpl.newInstance(NativeConstructorAccessorImpl.java:77)
[2025-04-03T19:01:53.946+0000] {spark_submit.py:649} INFO - at java.base/jdk.internal.reflect.DelegatingConstructorAccessorImpl.newInstance(DelegatingConstructorAccessorImpl.java:45)
[2025-04-03T19:01:53.946+0000] {spark_submit.py:649} INFO - at java.base/java.lang.reflect.Constructor.newInstanceWithCaller(Constructor.java:500)
[2025-04-03T19:01:53.947+0000] {spark_submit.py:649} INFO - at java.base/java.lang.reflect.Constructor.newInstance(Constructor.java:481)
[2025-04-03T19:01:53.948+0000] {spark_submit.py:649} INFO - at py4j.reflection.MethodInvoker.invoke(MethodInvoker.java:247)
[2025-04-03T19:01:53.948+0000] {spark_submit.py:649} INFO - at py4j.reflection.ReflectionEngine.invoke(ReflectionEngine.java:374)
[2025-04-03T19:01:53.949+0000] {spark_submit.py:649} INFO - at py4j.Gateway.invoke(Gateway.java:238)
[2025-04-03T19:01:53.949+0000] {spark_submit.py:649} INFO - at py4j.commands.ConstructorCommand.invokeConstructor(ConstructorCommand.java:80)
[2025-04-03T19:01:53.950+0000] {spark_submit.py:649} INFO - at py4j.commands.ConstructorCommand.execute(ConstructorCommand.java:69)
[2025-04-03T19:01:53.950+0000] {spark_submit.py:649} INFO - at py4j.ClientServerConnection.waitForCommands(ClientServerConnection.java:182)
[2025-04-03T19:01:53.951+0000] {spark_submit.py:649} INFO - at py4j.ClientServerConnection.run(ClientServerConnection.java:106)
[2025-04-03T19:01:53.952+0000] {spark_submit.py:649} INFO - at java.base/java.lang.Thread.run(Thread.java:840)
[2025-04-03T19:01:54.004+0000] {spark_submit.py:649} INFO - 25/04/03 19:01:54 INFO StandaloneAppClient$ClientEndpoint: Connecting to master spark://spark-master:7077...
[2025-04-03T19:01:54.045+0000] {spark_submit.py:649} INFO - 25/04/03 19:01:54 INFO TransportClientFactory: Successfully created connection to spark-master/172.24.0.5:7077 after 22 ms (0 ms spent in bootstraps)
[2025-04-03T19:01:54.123+0000] {spark_submit.py:649} INFO - 25/04/03 19:01:54 INFO StandaloneSchedulerBackend: Connected to Spark cluster with app ID app-20250403190154-0002
[2025-04-03T19:01:54.125+0000] {spark_submit.py:649} INFO - 25/04/03 19:01:54 INFO StandaloneAppClient$ClientEndpoint: Executor added: app-20250403190154-0002/0 on worker-20250403185848-172.24.0.8-34333 (172.24.0.8:34333) with 16 core(s)
[2025-04-03T19:01:54.127+0000] {spark_submit.py:649} INFO - 25/04/03 19:01:54 INFO StandaloneSchedulerBackend: Granted executor ID app-20250403190154-0002/0 on hostPort 172.24.0.8:34333 with 16 core(s), 1024.0 MiB RAM
[2025-04-03T19:01:54.139+0000] {spark_submit.py:649} INFO - 25/04/03 19:01:54 INFO Utils: Successfully started service 'org.apache.spark.network.netty.NettyBlockTransferService' on port 37683.
[2025-04-03T19:01:54.141+0000] {spark_submit.py:649} INFO - 25/04/03 19:01:54 INFO NettyBlockTransferService: Server created on eef6dfe9026b:37683
[2025-04-03T19:01:54.144+0000] {spark_submit.py:649} INFO - 25/04/03 19:01:54 INFO BlockManager: Using org.apache.spark.storage.RandomBlockReplicationPolicy for block replication policy
[2025-04-03T19:01:54.150+0000] {spark_submit.py:649} INFO - 25/04/03 19:01:54 INFO BlockManagerMaster: Registering BlockManager BlockManagerId(driver, eef6dfe9026b, 37683, None)
[2025-04-03T19:01:54.155+0000] {spark_submit.py:649} INFO - 25/04/03 19:01:54 INFO BlockManagerMasterEndpoint: Registering block manager eef6dfe9026b:37683 with 434.4 MiB RAM, BlockManagerId(driver, eef6dfe9026b, 37683, None)
[2025-04-03T19:01:54.157+0000] {spark_submit.py:649} INFO - 25/04/03 19:01:54 INFO BlockManagerMaster: Registered BlockManager BlockManagerId(driver, eef6dfe9026b, 37683, None)
[2025-04-03T19:01:54.158+0000] {spark_submit.py:649} INFO - 25/04/03 19:01:54 INFO BlockManager: Initialized BlockManager: BlockManagerId(driver, eef6dfe9026b, 37683, None)
[2025-04-03T19:01:54.178+0000] {spark_submit.py:649} INFO - 25/04/03 19:01:54 INFO StandaloneAppClient$ClientEndpoint: Executor updated: app-20250403190154-0002/0 is now RUNNING
[2025-04-03T19:01:54.378+0000] {spark_submit.py:649} INFO - 25/04/03 19:01:54 INFO StandaloneSchedulerBackend: SchedulerBackend is ready for scheduling beginning after reached minRegisteredResourcesRatio: 0.0
[2025-04-03T19:01:54.606+0000] {spark_submit.py:649} INFO - ✅ Spark session received from DAG
[2025-04-03T19:01:54.606+0000] {spark_submit.py:649} INFO - 📥 Reading raw data...
[2025-04-03T19:01:54.611+0000] {spark_submit.py:649} INFO - 25/04/03 19:01:54 INFO SharedState: Setting hive.metastore.warehouse.dir ('null') to the value of spark.sql.warehouse.dir.
[2025-04-03T19:01:54.613+0000] {spark_submit.py:649} INFO - 25/04/03 19:01:54 INFO SharedState: Warehouse path is 'file:/opt/airflow/spark-warehouse'.
[2025-04-03T19:01:55.490+0000] {spark_submit.py:649} INFO - 25/04/03 19:01:55 WARN FileStreamSink: Assume no metadata directory. Error while looking for metadata directory in the path: s3a://nyc-taxi/raw/yellow_tripdata_2023-01.parquet.
[2025-04-03T19:01:55.491+0000] {spark_submit.py:649} INFO - java.lang.RuntimeException: java.lang.ClassNotFoundException: Class org.apache.hadoop.fs.s3a.S3AFileSystem not found
[2025-04-03T19:01:55.492+0000] {spark_submit.py:649} INFO - at org.apache.hadoop.conf.Configuration.getClass(Configuration.java:2688)
[2025-04-03T19:01:55.492+0000] {spark_submit.py:649} INFO - at org.apache.hadoop.fs.FileSystem.getFileSystemClass(FileSystem.java:3431)
[2025-04-03T19:01:55.493+0000] {spark_submit.py:649} INFO - at org.apache.hadoop.fs.FileSystem.createFileSystem(FileSystem.java:3466)
[2025-04-03T19:01:55.493+0000] {spark_submit.py:649} INFO - at org.apache.hadoop.fs.FileSystem.access$300(FileSystem.java:174)
[2025-04-03T19:01:55.494+0000] {spark_submit.py:649} INFO - at org.apache.hadoop.fs.FileSystem$Cache.getInternal(FileSystem.java:3574)
[2025-04-03T19:01:55.494+0000] {spark_submit.py:649} INFO - at org.apache.hadoop.fs.FileSystem$Cache.get(FileSystem.java:3521)
[2025-04-03T19:01:55.495+0000] {spark_submit.py:649} INFO - at org.apache.hadoop.fs.FileSystem.get(FileSystem.java:540)
[2025-04-03T19:01:55.495+0000] {spark_submit.py:649} INFO - at org.apache.hadoop.fs.Path.getFileSystem(Path.java:365)
[2025-04-03T19:01:55.496+0000] {spark_submit.py:649} INFO - at org.apache.spark.sql.execution.streaming.FileStreamSink$.hasMetadata(FileStreamSink.scala:53)
[2025-04-03T19:01:55.496+0000] {spark_submit.py:649} INFO - at org.apache.spark.sql.execution.datasources.DataSource.resolveRelation(DataSource.scala:366)
[2025-04-03T19:01:55.497+0000] {spark_submit.py:649} INFO - at org.apache.spark.sql.DataFrameReader.loadV1Source(DataFrameReader.scala:229)
[2025-04-03T19:01:55.497+0000] {spark_submit.py:649} INFO - at org.apache.spark.sql.DataFrameReader.$anonfun$load$2(DataFrameReader.scala:211)
[2025-04-03T19:01:55.498+0000] {spark_submit.py:649} INFO - at scala.Option.getOrElse(Option.scala:189)
[2025-04-03T19:01:55.499+0000] {spark_submit.py:649} INFO - at org.apache.spark.sql.DataFrameReader.load(DataFrameReader.scala:211)
[2025-04-03T19:01:55.499+0000] {spark_submit.py:649} INFO - at org.apache.spark.sql.DataFrameReader.parquet(DataFrameReader.scala:563)
[2025-04-03T19:01:55.500+0000] {spark_submit.py:649} INFO - at java.base/jdk.internal.reflect.NativeMethodAccessorImpl.invoke0(Native Method)
[2025-04-03T19:01:55.501+0000] {spark_submit.py:649} INFO - at java.base/jdk.internal.reflect.NativeMethodAccessorImpl.invoke(NativeMethodAccessorImpl.java:77)
[2025-04-03T19:01:55.501+0000] {spark_submit.py:649} INFO - at java.base/jdk.internal.reflect.DelegatingMethodAccessorImpl.invoke(DelegatingMethodAccessorImpl.java:43)
[2025-04-03T19:01:55.502+0000] {spark_submit.py:649} INFO - at java.base/java.lang.reflect.Method.invoke(Method.java:569)
[2025-04-03T19:01:55.503+0000] {spark_submit.py:649} INFO - at py4j.reflection.MethodInvoker.invoke(MethodInvoker.java:244)
[2025-04-03T19:01:55.504+0000] {spark_submit.py:649} INFO - at py4j.reflection.ReflectionEngine.invoke(ReflectionEngine.java:374)
[2025-04-03T19:01:55.505+0000] {spark_submit.py:649} INFO - at py4j.Gateway.invoke(Gateway.java:282)
[2025-04-03T19:01:55.505+0000] {spark_submit.py:649} INFO - at py4j.commands.AbstractCommand.invokeMethod(AbstractCommand.java:132)
[2025-04-03T19:01:55.506+0000] {spark_submit.py:649} INFO - at py4j.commands.CallCommand.execute(CallCommand.java:79)
[2025-04-03T19:01:55.506+0000] {spark_submit.py:649} INFO - at py4j.ClientServerConnection.waitForCommands(ClientServerConnection.java:182)
[2025-04-03T19:01:55.507+0000] {spark_submit.py:649} INFO - at py4j.ClientServerConnection.run(ClientServerConnection.java:106)
[2025-04-03T19:01:55.508+0000] {spark_submit.py:649} INFO - at java.base/java.lang.Thread.run(Thread.java:840)
[2025-04-03T19:01:55.508+0000] {spark_submit.py:649} INFO - Caused by: java.lang.ClassNotFoundException: Class org.apache.hadoop.fs.s3a.S3AFileSystem not found
[2025-04-03T19:01:55.509+0000] {spark_submit.py:649} INFO - at org.apache.hadoop.conf.Configuration.getClassByName(Configuration.java:2592)
[2025-04-03T19:01:55.509+0000] {spark_submit.py:649} INFO - at org.apache.hadoop.conf.Configuration.getClass(Configuration.java:2686)
[2025-04-03T19:01:55.510+0000] {spark_submit.py:649} INFO - ... 26 more
[2025-04-03T19:01:55.610+0000] {spark_submit.py:649} INFO - Traceback (most recent call last):
[2025-04-03T19:01:55.611+0000] {spark_submit.py:649} INFO - File "/opt/spark-app/clean_yellow_tripdata.py", line 9, in <module>
[2025-04-03T19:01:55.616+0000] {spark_submit.py:649} INFO - clean_yellow_tripdata(spark)
[2025-04-03T19:01:55.616+0000] {spark_submit.py:649} INFO - File "/opt/pipeline/transform/clean_yellow_tripdata.py", line 9, in clean_yellow_tripdata
[2025-04-03T19:01:55.622+0000] {spark_submit.py:649} INFO - df = spark.read.parquet(raw_path)
[2025-04-03T19:01:55.623+0000] {spark_submit.py:649} INFO - File "/opt/spark/python/lib/pyspark.zip/pyspark/sql/readwriter.py", line 544, in parquet
[2025-04-03T19:01:55.623+0000] {spark_submit.py:649} INFO - File "/opt/spark/python/lib/py4j-0.10.9.7-src.zip/py4j/java_gateway.py", line 1322, in __call__
[2025-04-03T19:01:55.624+0000] {spark_submit.py:649} INFO - File "/opt/spark/python/lib/pyspark.zip/pyspark/errors/exceptions/captured.py", line 179, in deco
[2025-04-03T19:01:55.625+0000] {spark_submit.py:649} INFO - File "/opt/spark/python/lib/py4j-0.10.9.7-src.zip/py4j/protocol.py", line 326, in get_return_value
[2025-04-03T19:01:55.628+0000] {spark_submit.py:649} INFO - py4j.protocol.Py4JJavaError: An error occurred while calling o26.parquet.
[2025-04-03T19:01:55.628+0000] {spark_submit.py:649} INFO - : java.lang.RuntimeException: java.lang.ClassNotFoundException: Class org.apache.hadoop.fs.s3a.S3AFileSystem not found
[2025-04-03T19:01:55.629+0000] {spark_submit.py:649} INFO - at org.apache.hadoop.conf.Configuration.getClass(Configuration.java:2688)
[2025-04-03T19:01:55.630+0000] {spark_submit.py:649} INFO - at org.apache.hadoop.fs.FileSystem.getFileSystemClass(FileSystem.java:3431)
[2025-04-03T19:01:55.630+0000] {spark_submit.py:649} INFO - at org.apache.hadoop.fs.FileSystem.createFileSystem(FileSystem.java:3466)
[2025-04-03T19:01:55.631+0000] {spark_submit.py:649} INFO - at org.apache.hadoop.fs.FileSystem.access$300(FileSystem.java:174)
[2025-04-03T19:01:55.632+0000] {spark_submit.py:649} INFO - at org.apache.hadoop.fs.FileSystem$Cache.getInternal(FileSystem.java:3574)
[2025-04-03T19:01:55.633+0000] {spark_submit.py:649} INFO - at org.apache.hadoop.fs.FileSystem$Cache.get(FileSystem.java:3521)
[2025-04-03T19:01:55.634+0000] {spark_submit.py:649} INFO - at org.apache.hadoop.fs.FileSystem.get(FileSystem.java:540)
[2025-04-03T19:01:55.634+0000] {spark_submit.py:649} INFO - at org.apache.hadoop.fs.Path.getFileSystem(Path.java:365)
[2025-04-03T19:01:55.635+0000] {spark_submit.py:649} INFO - at org.apache.spark.sql.execution.datasources.DataSource$.$anonfun$checkAndGlobPathIfNecessary$1(DataSource.scala:724)
[2025-04-03T19:01:55.636+0000] {spark_submit.py:649} INFO - at scala.collection.immutable.List.map(List.scala:293)
[2025-04-03T19:01:55.636+0000] {spark_submit.py:649} INFO - at org.apache.spark.sql.execution.datasources.DataSource$.checkAndGlobPathIfNecessary(DataSource.scala:722)
[2025-04-03T19:01:55.637+0000] {spark_submit.py:649} INFO - at org.apache.spark.sql.execution.datasources.DataSource.checkAndGlobPathIfNecessary(DataSource.scala:551)
[2025-04-03T19:01:55.637+0000] {spark_submit.py:649} INFO - at org.apache.spark.sql.execution.datasources.DataSource.resolveRelation(DataSource.scala:404)
[2025-04-03T19:01:55.638+0000] {spark_submit.py:649} INFO - at org.apache.spark.sql.DataFrameReader.loadV1Source(DataFrameReader.scala:229)
[2025-04-03T19:01:55.639+0000] {spark_submit.py:649} INFO - at org.apache.spark.sql.DataFrameReader.$anonfun$load$2(DataFrameReader.scala:211)
[2025-04-03T19:01:55.639+0000] {spark_submit.py:649} INFO - at scala.Option.getOrElse(Option.scala:189)
[2025-04-03T19:01:55.640+0000] {spark_submit.py:649} INFO - at org.apache.spark.sql.DataFrameReader.load(DataFrameReader.scala:211)
[2025-04-03T19:01:55.640+0000] {spark_submit.py:649} INFO - at org.apache.spark.sql.DataFrameReader.parquet(DataFrameReader.scala:563)
[2025-04-03T19:01:55.641+0000] {spark_submit.py:649} INFO - at java.base/jdk.internal.reflect.NativeMethodAccessorImpl.invoke0(Native Method)
[2025-04-03T19:01:55.642+0000] {spark_submit.py:649} INFO - at java.base/jdk.internal.reflect.NativeMethodAccessorImpl.invoke(NativeMethodAccessorImpl.java:77)
[2025-04-03T19:01:55.642+0000] {spark_submit.py:649} INFO - at java.base/jdk.internal.reflect.DelegatingMethodAccessorImpl.invoke(DelegatingMethodAccessorImpl.java:43)
[2025-04-03T19:01:55.643+0000] {spark_submit.py:649} INFO - at java.base/java.lang.reflect.Method.invoke(Method.java:569)
[2025-04-03T19:01:55.644+0000] {spark_submit.py:649} INFO - at py4j.reflection.MethodInvoker.invoke(MethodInvoker.java:244)
[2025-04-03T19:01:55.644+0000] {spark_submit.py:649} INFO - at py4j.reflection.ReflectionEngine.invoke(ReflectionEngine.java:374)
[2025-04-03T19:01:55.645+0000] {spark_submit.py:649} INFO - at py4j.Gateway.invoke(Gateway.java:282)
[2025-04-03T19:01:55.645+0000] {spark_submit.py:649} INFO - at py4j.commands.AbstractCommand.invokeMethod(AbstractCommand.java:132)
[2025-04-03T19:01:55.646+0000] {spark_submit.py:649} INFO - at py4j.commands.CallCommand.execute(CallCommand.java:79)
[2025-04-03T19:01:55.647+0000] {spark_submit.py:649} INFO - at py4j.ClientServerConnection.waitForCommands(ClientServerConnection.java:182)
[2025-04-03T19:01:55.647+0000] {spark_submit.py:649} INFO - at py4j.ClientServerConnection.run(ClientServerConnection.java:106)
[2025-04-03T19:01:55.648+0000] {spark_submit.py:649} INFO - at java.base/java.lang.Thread.run(Thread.java:840)
[2025-04-03T19:01:55.649+0000] {spark_submit.py:649} INFO - Caused by: java.lang.ClassNotFoundException: Class org.apache.hadoop.fs.s3a.S3AFileSystem not found
[2025-04-03T19:01:55.649+0000] {spark_submit.py:649} INFO - at org.apache.hadoop.conf.Configuration.getClassByName(Configuration.java:2592)
[2025-04-03T19:01:55.650+0000] {spark_submit.py:649} INFO - at org.apache.hadoop.conf.Configuration.getClass(Configuration.java:2686)
[2025-04-03T19:01:55.650+0000] {spark_submit.py:649} INFO - ... 29 more
[2025-04-03T19:01:55.651+0000] {spark_submit.py:649} INFO - 
[2025-04-03T19:01:55.677+0000] {spark_submit.py:649} INFO - 25/04/03 19:01:55 INFO SparkContext: Invoking stop() from shutdown hook
[2025-04-03T19:01:55.678+0000] {spark_submit.py:649} INFO - 25/04/03 19:01:55 INFO SparkContext: SparkContext is stopping with exitCode 0.
[2025-04-03T19:01:55.689+0000] {spark_submit.py:649} INFO - 25/04/03 19:01:55 INFO SparkUI: Stopped Spark web UI at http://eef6dfe9026b:4040
[2025-04-03T19:01:55.695+0000] {spark_submit.py:649} INFO - 25/04/03 19:01:55 INFO StandaloneSchedulerBackend: Shutting down all executors
[2025-04-03T19:01:55.698+0000] {spark_submit.py:649} INFO - 25/04/03 19:01:55 INFO StandaloneSchedulerBackend$StandaloneDriverEndpoint: Asking each executor to shut down
[2025-04-03T19:01:55.717+0000] {spark_submit.py:649} INFO - 25/04/03 19:01:55 INFO MapOutputTrackerMasterEndpoint: MapOutputTrackerMasterEndpoint stopped!
[2025-04-03T19:01:55.731+0000] {spark_submit.py:649} INFO - 25/04/03 19:01:55 INFO MemoryStore: MemoryStore cleared
[2025-04-03T19:01:55.732+0000] {spark_submit.py:649} INFO - 25/04/03 19:01:55 INFO BlockManager: BlockManager stopped
[2025-04-03T19:01:55.735+0000] {spark_submit.py:649} INFO - 25/04/03 19:01:55 INFO BlockManagerMaster: BlockManagerMaster stopped
[2025-04-03T19:01:55.737+0000] {spark_submit.py:649} INFO - 25/04/03 19:01:55 INFO OutputCommitCoordinator$OutputCommitCoordinatorEndpoint: OutputCommitCoordinator stopped!
[2025-04-03T19:01:55.747+0000] {spark_submit.py:649} INFO - 25/04/03 19:01:55 INFO SparkContext: Successfully stopped SparkContext
[2025-04-03T19:01:55.747+0000] {spark_submit.py:649} INFO - 25/04/03 19:01:55 INFO ShutdownHookManager: Shutdown hook called
[2025-04-03T19:01:55.748+0000] {spark_submit.py:649} INFO - 25/04/03 19:01:55 INFO ShutdownHookManager: Deleting directory /tmp/spark-2e180756-c04a-487f-a3b6-1e36368e86bc
[2025-04-03T19:01:55.751+0000] {spark_submit.py:649} INFO - 25/04/03 19:01:55 INFO ShutdownHookManager: Deleting directory /tmp/spark-618f810a-2997-4473-8644-fbe97ac1261e
[2025-04-03T19:01:55.754+0000] {spark_submit.py:649} INFO - 25/04/03 19:01:55 INFO ShutdownHookManager: Deleting directory /tmp/spark-618f810a-2997-4473-8644-fbe97ac1261e/pyspark-7ed9eef0-2908-4876-b712-ce1db6a304f2
[2025-04-03T19:01:55.800+0000] {taskinstance.py:2698} ERROR - Task failed with exception
Traceback (most recent call last):
  File "/home/airflow/.local/lib/python3.8/site-packages/airflow/models/taskinstance.py", line 433, in _execute_task
    result = execute_callable(context=context, **execute_callable_kwargs)
  File "/home/airflow/.local/lib/python3.8/site-packages/airflow/providers/apache/spark/operators/spark_submit.py", line 176, in execute
    self._hook.submit(self.application)
  File "/home/airflow/.local/lib/python3.8/site-packages/airflow/providers/apache/spark/hooks/spark_submit.py", line 575, in submit
    raise AirflowException(
airflow.exceptions.AirflowException: Cannot execute: spark-submit --master spark://spark-master:7077 --conf spark.master=spark://spark-master:7077 --jars /opt/spark/jars/hadoop-aws-3.3.6.jar,/opt/spark/jars/aws-java-sdk-bundle-1.12.696.jar --name arrow-spark --verbose --queue root.default --deploy-mode client /opt/spark-app/clean_yellow_tripdata.py. Error code is: 1.
[2025-04-03T19:01:55.805+0000] {taskinstance.py:1138} INFO - Marking task as UP_FOR_RETRY. dag_id=full_pipeline_dag, task_id=clean_data_spark, execution_date=20250403T185956, start_date=20250403T190149, end_date=20250403T190155
[2025-04-03T19:01:56.000+0000] {standard_task_runner.py:107} ERROR - Failed to execute job 215 for task clean_data_spark (Cannot execute: spark-submit --master spark://spark-master:7077 --conf spark.master=spark://spark-master:7077 --jars /opt/spark/jars/hadoop-aws-3.3.6.jar,/opt/spark/jars/aws-java-sdk-bundle-1.12.696.jar --name arrow-spark --verbose --queue root.default --deploy-mode client /opt/spark-app/clean_yellow_tripdata.py. Error code is: 1.; 521)
[2025-04-03T19:01:56.048+0000] {local_task_job_runner.py:234} INFO - Task exited with return code 1
[2025-04-03T19:01:56.123+0000] {taskinstance.py:3280} INFO - 0 downstream tasks scheduled from follow-on schedule check
