[2025-04-03T19:02:58.967+0000] {taskinstance.py:1956} INFO - Dependencies all met for dep_context=non-requeueable deps ti=<TaskInstance: full_pipeline_dag.clean_data_spark manual__2025-04-03T18:59:56.348830+00:00 [queued]>
[2025-04-03T19:02:58.988+0000] {taskinstance.py:1956} INFO - Dependencies all met for dep_context=requeueable deps ti=<TaskInstance: full_pipeline_dag.clean_data_spark manual__2025-04-03T18:59:56.348830+00:00 [queued]>
[2025-04-03T19:02:58.988+0000] {taskinstance.py:2170} INFO - Starting attempt 3 of 3
[2025-04-03T19:02:59.027+0000] {taskinstance.py:2191} INFO - Executing <Task(SparkSubmitOperator): clean_data_spark> on 2025-04-03 18:59:56.348830+00:00
[2025-04-03T19:02:59.030+0000] {standard_task_runner.py:60} INFO - Started process 732 to run task
[2025-04-03T19:02:59.033+0000] {standard_task_runner.py:87} INFO - Running: ['airflow', 'tasks', 'run', 'full_pipeline_dag', 'clean_data_spark', 'manual__2025-04-03T18:59:56.348830+00:00', '--job-id', '216', '--raw', '--subdir', 'DAGS_FOLDER/full_pipeline_dag.py', '--cfg-path', '/tmp/tmpc1fkogiv']
[2025-04-03T19:02:59.036+0000] {standard_task_runner.py:88} INFO - Job 216: Subtask clean_data_spark
[2025-04-03T19:02:59.093+0000] {logging_mixin.py:188} WARNING - /home/airflow/.local/lib/python3.8/site-packages/airflow/settings.py:194 DeprecationWarning: The sql_alchemy_conn option in [core] has been moved to the sql_alchemy_conn option in [database] - the old setting has been used, but please update your config.
[2025-04-03T19:02:59.157+0000] {task_command.py:423} INFO - Running <TaskInstance: full_pipeline_dag.clean_data_spark manual__2025-04-03T18:59:56.348830+00:00 [running]> on host eef6dfe9026b
[2025-04-03T19:02:59.339+0000] {taskinstance.py:2480} INFO - Exporting env vars: AIRFLOW_CTX_DAG_OWNER='airflow' AIRFLOW_CTX_DAG_ID='full_pipeline_dag' AIRFLOW_CTX_TASK_ID='clean_data_spark' AIRFLOW_CTX_EXECUTION_DATE='2025-04-03T18:59:56.348830+00:00' AIRFLOW_CTX_TRY_NUMBER='3' AIRFLOW_CTX_DAG_RUN_ID='manual__2025-04-03T18:59:56.348830+00:00'
[2025-04-03T19:02:59.360+0000] {base.py:83} INFO - Using connection ID 'spark_default' for task execution.
[2025-04-03T19:02:59.362+0000] {spark_submit.py:473} INFO - Spark-Submit cmd: spark-submit --master spark://spark-master:7077 --conf spark.master=spark://spark-master:7077 --jars /opt/spark/jars/hadoop-aws-3.3.6.jar,/opt/spark/jars/aws-java-sdk-bundle-1.12.696.jar --name arrow-spark --verbose --queue root.default --deploy-mode client /opt/spark-app/clean_yellow_tripdata.py
[2025-04-03T19:03:00.664+0000] {spark_submit.py:649} INFO - Using properties file: null
[2025-04-03T19:03:00.765+0000] {spark_submit.py:649} INFO - Parsed arguments:
[2025-04-03T19:03:00.766+0000] {spark_submit.py:649} INFO - master                  spark://spark-master:7077
[2025-04-03T19:03:00.767+0000] {spark_submit.py:649} INFO - remote                  null
[2025-04-03T19:03:00.768+0000] {spark_submit.py:649} INFO - deployMode              client
[2025-04-03T19:03:00.769+0000] {spark_submit.py:649} INFO - executorMemory          null
[2025-04-03T19:03:00.770+0000] {spark_submit.py:649} INFO - executorCores           null
[2025-04-03T19:03:00.771+0000] {spark_submit.py:649} INFO - totalExecutorCores      null
[2025-04-03T19:03:00.772+0000] {spark_submit.py:649} INFO - propertiesFile          null
[2025-04-03T19:03:00.773+0000] {spark_submit.py:649} INFO - driverMemory            null
[2025-04-03T19:03:00.773+0000] {spark_submit.py:649} INFO - driverCores             null
[2025-04-03T19:03:00.774+0000] {spark_submit.py:649} INFO - driverExtraClassPath    null
[2025-04-03T19:03:00.775+0000] {spark_submit.py:649} INFO - driverExtraLibraryPath  null
[2025-04-03T19:03:00.776+0000] {spark_submit.py:649} INFO - driverExtraJavaOptions  null
[2025-04-03T19:03:00.777+0000] {spark_submit.py:649} INFO - supervise               false
[2025-04-03T19:03:00.778+0000] {spark_submit.py:649} INFO - queue                   root.default
[2025-04-03T19:03:00.778+0000] {spark_submit.py:649} INFO - numExecutors            null
[2025-04-03T19:03:00.779+0000] {spark_submit.py:649} INFO - files                   null
[2025-04-03T19:03:00.780+0000] {spark_submit.py:649} INFO - pyFiles                 null
[2025-04-03T19:03:00.781+0000] {spark_submit.py:649} INFO - archives                null
[2025-04-03T19:03:00.782+0000] {spark_submit.py:649} INFO - mainClass               null
[2025-04-03T19:03:00.783+0000] {spark_submit.py:649} INFO - primaryResource         file:/opt/spark-app/clean_yellow_tripdata.py
[2025-04-03T19:03:00.784+0000] {spark_submit.py:649} INFO - name                    arrow-spark
[2025-04-03T19:03:00.785+0000] {spark_submit.py:649} INFO - childArgs               []
[2025-04-03T19:03:00.785+0000] {spark_submit.py:649} INFO - jars                    file:/opt/spark-3.5.0-bin-hadoop3/jars/hadoop-aws-3.3.6.jar,file:/opt/spark-3.5.0-bin-hadoop3/jars/aws-java-sdk-bundle-1.12.696.jar
[2025-04-03T19:03:00.786+0000] {spark_submit.py:649} INFO - packages                null
[2025-04-03T19:03:00.787+0000] {spark_submit.py:649} INFO - packagesExclusions      null
[2025-04-03T19:03:00.788+0000] {spark_submit.py:649} INFO - repositories            null
[2025-04-03T19:03:00.789+0000] {spark_submit.py:649} INFO - verbose                 true
[2025-04-03T19:03:00.790+0000] {spark_submit.py:649} INFO - 
[2025-04-03T19:03:00.791+0000] {spark_submit.py:649} INFO - Spark properties used, including those specified through
[2025-04-03T19:03:00.791+0000] {spark_submit.py:649} INFO - --conf and those from the properties file null:
[2025-04-03T19:03:00.792+0000] {spark_submit.py:649} INFO - (spark.master,spark://spark-master:7077)
[2025-04-03T19:03:00.793+0000] {spark_submit.py:649} INFO - 
[2025-04-03T19:03:00.794+0000] {spark_submit.py:649} INFO - 
[2025-04-03T19:03:01.063+0000] {spark_submit.py:649} INFO - 25/04/03 19:03:01 WARN NativeCodeLoader: Unable to load native-hadoop library for your platform... using builtin-java classes where applicable
[2025-04-03T19:03:01.231+0000] {spark_submit.py:649} INFO - Main class:
[2025-04-03T19:03:01.232+0000] {spark_submit.py:649} INFO - org.apache.spark.deploy.PythonRunner
[2025-04-03T19:03:01.233+0000] {spark_submit.py:649} INFO - Arguments:
[2025-04-03T19:03:01.234+0000] {spark_submit.py:649} INFO - file:/opt/spark-app/clean_yellow_tripdata.py
[2025-04-03T19:03:01.234+0000] {spark_submit.py:649} INFO - null
[2025-04-03T19:03:01.235+0000] {spark_submit.py:649} INFO - Spark config:
[2025-04-03T19:03:01.236+0000] {spark_submit.py:649} INFO - (spark.app.name,arrow-spark)
[2025-04-03T19:03:01.236+0000] {spark_submit.py:649} INFO - (spark.app.submitTime,1743706981207)
[2025-04-03T19:03:01.237+0000] {spark_submit.py:649} INFO - (spark.jars,file:/opt/spark-3.5.0-bin-hadoop3/jars/hadoop-aws-3.3.6.jar,file:/opt/spark-3.5.0-bin-hadoop3/jars/aws-java-sdk-bundle-1.12.696.jar)
[2025-04-03T19:03:01.237+0000] {spark_submit.py:649} INFO - (spark.master,spark://spark-master:7077)
[2025-04-03T19:03:01.238+0000] {spark_submit.py:649} INFO - (spark.repl.local.jars,file:/opt/spark-3.5.0-bin-hadoop3/jars/hadoop-aws-3.3.6.jar,file:/opt/spark-3.5.0-bin-hadoop3/jars/aws-java-sdk-bundle-1.12.696.jar)
[2025-04-03T19:03:01.239+0000] {spark_submit.py:649} INFO - (spark.submit.deployMode,client)
[2025-04-03T19:03:01.239+0000] {spark_submit.py:649} INFO - (spark.submit.pyFiles,)
[2025-04-03T19:03:01.240+0000] {spark_submit.py:649} INFO - Classpath elements:
[2025-04-03T19:03:01.240+0000] {spark_submit.py:649} INFO - file:/opt/spark-3.5.0-bin-hadoop3/jars/hadoop-aws-3.3.6.jar
[2025-04-03T19:03:01.241+0000] {spark_submit.py:649} INFO - file:/opt/spark-3.5.0-bin-hadoop3/jars/aws-java-sdk-bundle-1.12.696.jar
[2025-04-03T19:03:01.241+0000] {spark_submit.py:649} INFO - 
[2025-04-03T19:03:01.242+0000] {spark_submit.py:649} INFO - 
[2025-04-03T19:03:01.242+0000] {spark_submit.py:649} INFO - 25/04/03 19:03:01 WARN DependencyUtils: Local jar /opt/spark-3.5.0-bin-hadoop3/jars/hadoop-aws-3.3.6.jar does not exist, skipping.
[2025-04-03T19:03:01.242+0000] {spark_submit.py:649} INFO - 25/04/03 19:03:01 WARN DependencyUtils: Local jar /opt/spark-3.5.0-bin-hadoop3/jars/aws-java-sdk-bundle-1.12.696.jar does not exist, skipping.
[2025-04-03T19:03:02.099+0000] {spark_submit.py:649} INFO - 25/04/03 19:03:02 INFO SparkContext: Running Spark version 3.5.0
[2025-04-03T19:03:02.100+0000] {spark_submit.py:649} INFO - 25/04/03 19:03:02 INFO SparkContext: OS info Linux, 5.15.167.4-microsoft-standard-WSL2, amd64
[2025-04-03T19:03:02.101+0000] {spark_submit.py:649} INFO - 25/04/03 19:03:02 INFO SparkContext: Java version 17.0.14
[2025-04-03T19:03:02.130+0000] {spark_submit.py:649} INFO - 25/04/03 19:03:02 INFO ResourceUtils: ==============================================================
[2025-04-03T19:03:02.131+0000] {spark_submit.py:649} INFO - 25/04/03 19:03:02 INFO ResourceUtils: No custom resources configured for spark.driver.
[2025-04-03T19:03:02.131+0000] {spark_submit.py:649} INFO - 25/04/03 19:03:02 INFO ResourceUtils: ==============================================================
[2025-04-03T19:03:02.132+0000] {spark_submit.py:649} INFO - 25/04/03 19:03:02 INFO SparkContext: Submitted application: CleanYellowData
[2025-04-03T19:03:02.145+0000] {spark_submit.py:649} INFO - 25/04/03 19:03:02 INFO ResourceProfile: Default ResourceProfile created, executor resources: Map(memory -> name: memory, amount: 1024, script: , vendor: , offHeap -> name: offHeap, amount: 0, script: , vendor: ), task resources: Map(cpus -> name: cpus, amount: 1.0)
[2025-04-03T19:03:02.151+0000] {spark_submit.py:649} INFO - 25/04/03 19:03:02 INFO ResourceProfile: Limiting resource is cpu
[2025-04-03T19:03:02.152+0000] {spark_submit.py:649} INFO - 25/04/03 19:03:02 INFO ResourceProfileManager: Added ResourceProfile id: 0
[2025-04-03T19:03:02.201+0000] {spark_submit.py:649} INFO - 25/04/03 19:03:02 INFO SecurityManager: Changing view acls to: airflow
[2025-04-03T19:03:02.202+0000] {spark_submit.py:649} INFO - 25/04/03 19:03:02 INFO SecurityManager: Changing modify acls to: airflow
[2025-04-03T19:03:02.203+0000] {spark_submit.py:649} INFO - 25/04/03 19:03:02 INFO SecurityManager: Changing view acls groups to:
[2025-04-03T19:03:02.204+0000] {spark_submit.py:649} INFO - 25/04/03 19:03:02 INFO SecurityManager: Changing modify acls groups to:
[2025-04-03T19:03:02.204+0000] {spark_submit.py:649} INFO - 25/04/03 19:03:02 INFO SecurityManager: SecurityManager: authentication disabled; ui acls disabled; users with view permissions: airflow; groups with view permissions: EMPTY; users with modify permissions: airflow; groups with modify permissions: EMPTY
[2025-04-03T19:03:02.369+0000] {spark_submit.py:649} INFO - 25/04/03 19:03:02 INFO Utils: Successfully started service 'sparkDriver' on port 41547.
[2025-04-03T19:03:02.392+0000] {spark_submit.py:649} INFO - 25/04/03 19:03:02 INFO SparkEnv: Registering MapOutputTracker
[2025-04-03T19:03:02.429+0000] {spark_submit.py:649} INFO - 25/04/03 19:03:02 INFO SparkEnv: Registering BlockManagerMaster
[2025-04-03T19:03:02.440+0000] {spark_submit.py:649} INFO - 25/04/03 19:03:02 INFO BlockManagerMasterEndpoint: Using org.apache.spark.storage.DefaultTopologyMapper for getting topology information
[2025-04-03T19:03:02.441+0000] {spark_submit.py:649} INFO - 25/04/03 19:03:02 INFO BlockManagerMasterEndpoint: BlockManagerMasterEndpoint up
[2025-04-03T19:03:02.445+0000] {spark_submit.py:649} INFO - 25/04/03 19:03:02 INFO SparkEnv: Registering BlockManagerMasterHeartbeat
[2025-04-03T19:03:02.461+0000] {spark_submit.py:649} INFO - 25/04/03 19:03:02 INFO DiskBlockManager: Created local directory at /tmp/blockmgr-d1f71515-4164-4ea8-b1bd-87f1f2c3b23a
[2025-04-03T19:03:02.482+0000] {spark_submit.py:649} INFO - 25/04/03 19:03:02 INFO MemoryStore: MemoryStore started with capacity 434.4 MiB
[2025-04-03T19:03:02.497+0000] {spark_submit.py:649} INFO - 25/04/03 19:03:02 INFO SparkEnv: Registering OutputCommitCoordinator
[2025-04-03T19:03:02.612+0000] {spark_submit.py:649} INFO - 25/04/03 19:03:02 INFO JettyUtils: Start Jetty 0.0.0.0:4040 for SparkUI
[2025-04-03T19:03:02.680+0000] {spark_submit.py:649} INFO - 25/04/03 19:03:02 INFO Utils: Successfully started service 'SparkUI' on port 4040.
[2025-04-03T19:03:02.709+0000] {spark_submit.py:649} INFO - 25/04/03 19:03:02 ERROR SparkContext: Failed to add file:/opt/spark-3.5.0-bin-hadoop3/jars/hadoop-aws-3.3.6.jar to Spark environment
[2025-04-03T19:03:02.711+0000] {spark_submit.py:649} INFO - java.io.FileNotFoundException: Jar /opt/spark-3.5.0-bin-hadoop3/jars/hadoop-aws-3.3.6.jar not found
[2025-04-03T19:03:02.712+0000] {spark_submit.py:649} INFO - at org.apache.spark.SparkContext.addLocalJarFile$1(SparkContext.scala:2100)
[2025-04-03T19:03:02.713+0000] {spark_submit.py:649} INFO - at org.apache.spark.SparkContext.addJar(SparkContext.scala:2156)
[2025-04-03T19:03:02.713+0000] {spark_submit.py:649} INFO - at org.apache.spark.SparkContext.$anonfun$new$15(SparkContext.scala:526)
[2025-04-03T19:03:02.714+0000] {spark_submit.py:649} INFO - at org.apache.spark.SparkContext.$anonfun$new$15$adapted(SparkContext.scala:526)
[2025-04-03T19:03:02.715+0000] {spark_submit.py:649} INFO - at scala.collection.mutable.ResizableArray.foreach(ResizableArray.scala:62)
[2025-04-03T19:03:02.715+0000] {spark_submit.py:649} INFO - at scala.collection.mutable.ResizableArray.foreach$(ResizableArray.scala:55)
[2025-04-03T19:03:02.716+0000] {spark_submit.py:649} INFO - at scala.collection.mutable.ArrayBuffer.foreach(ArrayBuffer.scala:49)
[2025-04-03T19:03:02.717+0000] {spark_submit.py:649} INFO - at org.apache.spark.SparkContext.<init>(SparkContext.scala:526)
[2025-04-03T19:03:02.717+0000] {spark_submit.py:649} INFO - at org.apache.spark.api.java.JavaSparkContext.<init>(JavaSparkContext.scala:58)
[2025-04-03T19:03:02.718+0000] {spark_submit.py:649} INFO - at java.base/jdk.internal.reflect.NativeConstructorAccessorImpl.newInstance0(Native Method)
[2025-04-03T19:03:02.719+0000] {spark_submit.py:649} INFO - at java.base/jdk.internal.reflect.NativeConstructorAccessorImpl.newInstance(NativeConstructorAccessorImpl.java:77)
[2025-04-03T19:03:02.719+0000] {spark_submit.py:649} INFO - at java.base/jdk.internal.reflect.DelegatingConstructorAccessorImpl.newInstance(DelegatingConstructorAccessorImpl.java:45)
[2025-04-03T19:03:02.720+0000] {spark_submit.py:649} INFO - at java.base/java.lang.reflect.Constructor.newInstanceWithCaller(Constructor.java:500)
[2025-04-03T19:03:02.721+0000] {spark_submit.py:649} INFO - at java.base/java.lang.reflect.Constructor.newInstance(Constructor.java:481)
[2025-04-03T19:03:02.721+0000] {spark_submit.py:649} INFO - at py4j.reflection.MethodInvoker.invoke(MethodInvoker.java:247)
[2025-04-03T19:03:02.722+0000] {spark_submit.py:649} INFO - at py4j.reflection.ReflectionEngine.invoke(ReflectionEngine.java:374)
[2025-04-03T19:03:02.723+0000] {spark_submit.py:649} INFO - at py4j.Gateway.invoke(Gateway.java:238)
[2025-04-03T19:03:02.723+0000] {spark_submit.py:649} INFO - at py4j.commands.ConstructorCommand.invokeConstructor(ConstructorCommand.java:80)
[2025-04-03T19:03:02.724+0000] {spark_submit.py:649} INFO - at py4j.commands.ConstructorCommand.execute(ConstructorCommand.java:69)
[2025-04-03T19:03:02.725+0000] {spark_submit.py:649} INFO - at py4j.ClientServerConnection.waitForCommands(ClientServerConnection.java:182)
[2025-04-03T19:03:02.726+0000] {spark_submit.py:649} INFO - at py4j.ClientServerConnection.run(ClientServerConnection.java:106)
[2025-04-03T19:03:02.727+0000] {spark_submit.py:649} INFO - at java.base/java.lang.Thread.run(Thread.java:840)
[2025-04-03T19:03:02.728+0000] {spark_submit.py:649} INFO - 25/04/03 19:03:02 ERROR SparkContext: Failed to add file:/opt/spark-3.5.0-bin-hadoop3/jars/aws-java-sdk-bundle-1.12.696.jar to Spark environment
[2025-04-03T19:03:02.729+0000] {spark_submit.py:649} INFO - java.io.FileNotFoundException: Jar /opt/spark-3.5.0-bin-hadoop3/jars/aws-java-sdk-bundle-1.12.696.jar not found
[2025-04-03T19:03:02.729+0000] {spark_submit.py:649} INFO - at org.apache.spark.SparkContext.addLocalJarFile$1(SparkContext.scala:2100)
[2025-04-03T19:03:02.730+0000] {spark_submit.py:649} INFO - at org.apache.spark.SparkContext.addJar(SparkContext.scala:2156)
[2025-04-03T19:03:02.731+0000] {spark_submit.py:649} INFO - at org.apache.spark.SparkContext.$anonfun$new$15(SparkContext.scala:526)
[2025-04-03T19:03:02.731+0000] {spark_submit.py:649} INFO - at org.apache.spark.SparkContext.$anonfun$new$15$adapted(SparkContext.scala:526)
[2025-04-03T19:03:02.732+0000] {spark_submit.py:649} INFO - at scala.collection.mutable.ResizableArray.foreach(ResizableArray.scala:62)
[2025-04-03T19:03:02.733+0000] {spark_submit.py:649} INFO - at scala.collection.mutable.ResizableArray.foreach$(ResizableArray.scala:55)
[2025-04-03T19:03:02.733+0000] {spark_submit.py:649} INFO - at scala.collection.mutable.ArrayBuffer.foreach(ArrayBuffer.scala:49)
[2025-04-03T19:03:02.734+0000] {spark_submit.py:649} INFO - at org.apache.spark.SparkContext.<init>(SparkContext.scala:526)
[2025-04-03T19:03:02.734+0000] {spark_submit.py:649} INFO - at org.apache.spark.api.java.JavaSparkContext.<init>(JavaSparkContext.scala:58)
[2025-04-03T19:03:02.735+0000] {spark_submit.py:649} INFO - at java.base/jdk.internal.reflect.NativeConstructorAccessorImpl.newInstance0(Native Method)
[2025-04-03T19:03:02.735+0000] {spark_submit.py:649} INFO - at java.base/jdk.internal.reflect.NativeConstructorAccessorImpl.newInstance(NativeConstructorAccessorImpl.java:77)
[2025-04-03T19:03:02.736+0000] {spark_submit.py:649} INFO - at java.base/jdk.internal.reflect.DelegatingConstructorAccessorImpl.newInstance(DelegatingConstructorAccessorImpl.java:45)
[2025-04-03T19:03:02.737+0000] {spark_submit.py:649} INFO - at java.base/java.lang.reflect.Constructor.newInstanceWithCaller(Constructor.java:500)
[2025-04-03T19:03:02.737+0000] {spark_submit.py:649} INFO - at java.base/java.lang.reflect.Constructor.newInstance(Constructor.java:481)
[2025-04-03T19:03:02.738+0000] {spark_submit.py:649} INFO - at py4j.reflection.MethodInvoker.invoke(MethodInvoker.java:247)
[2025-04-03T19:03:02.739+0000] {spark_submit.py:649} INFO - at py4j.reflection.ReflectionEngine.invoke(ReflectionEngine.java:374)
[2025-04-03T19:03:02.739+0000] {spark_submit.py:649} INFO - at py4j.Gateway.invoke(Gateway.java:238)
[2025-04-03T19:03:02.740+0000] {spark_submit.py:649} INFO - at py4j.commands.ConstructorCommand.invokeConstructor(ConstructorCommand.java:80)
[2025-04-03T19:03:02.741+0000] {spark_submit.py:649} INFO - at py4j.commands.ConstructorCommand.execute(ConstructorCommand.java:69)
[2025-04-03T19:03:02.742+0000] {spark_submit.py:649} INFO - at py4j.ClientServerConnection.waitForCommands(ClientServerConnection.java:182)
[2025-04-03T19:03:02.742+0000] {spark_submit.py:649} INFO - at py4j.ClientServerConnection.run(ClientServerConnection.java:106)
[2025-04-03T19:03:02.743+0000] {spark_submit.py:649} INFO - at java.base/java.lang.Thread.run(Thread.java:840)
[2025-04-03T19:03:02.772+0000] {spark_submit.py:649} INFO - 25/04/03 19:03:02 INFO StandaloneAppClient$ClientEndpoint: Connecting to master spark://spark-master:7077...
[2025-04-03T19:03:02.806+0000] {spark_submit.py:649} INFO - 25/04/03 19:03:02 INFO TransportClientFactory: Successfully created connection to spark-master/172.24.0.5:7077 after 17 ms (0 ms spent in bootstraps)
[2025-04-03T19:03:02.877+0000] {spark_submit.py:649} INFO - 25/04/03 19:03:02 INFO StandaloneSchedulerBackend: Connected to Spark cluster with app ID app-20250403190302-0003
[2025-04-03T19:03:02.881+0000] {spark_submit.py:649} INFO - 25/04/03 19:03:02 INFO StandaloneAppClient$ClientEndpoint: Executor added: app-20250403190302-0003/0 on worker-20250403185848-172.24.0.8-34333 (172.24.0.8:34333) with 16 core(s)
[2025-04-03T19:03:02.885+0000] {spark_submit.py:649} INFO - 25/04/03 19:03:02 INFO StandaloneSchedulerBackend: Granted executor ID app-20250403190302-0003/0 on hostPort 172.24.0.8:34333 with 16 core(s), 1024.0 MiB RAM
[2025-04-03T19:03:02.893+0000] {spark_submit.py:649} INFO - 25/04/03 19:03:02 INFO Utils: Successfully started service 'org.apache.spark.network.netty.NettyBlockTransferService' on port 33507.
[2025-04-03T19:03:02.894+0000] {spark_submit.py:649} INFO - 25/04/03 19:03:02 INFO NettyBlockTransferService: Server created on eef6dfe9026b:33507
[2025-04-03T19:03:02.896+0000] {spark_submit.py:649} INFO - 25/04/03 19:03:02 INFO BlockManager: Using org.apache.spark.storage.RandomBlockReplicationPolicy for block replication policy
[2025-04-03T19:03:02.904+0000] {spark_submit.py:649} INFO - 25/04/03 19:03:02 INFO BlockManagerMaster: Registering BlockManager BlockManagerId(driver, eef6dfe9026b, 33507, None)
[2025-04-03T19:03:02.910+0000] {spark_submit.py:649} INFO - 25/04/03 19:03:02 INFO BlockManagerMasterEndpoint: Registering block manager eef6dfe9026b:33507 with 434.4 MiB RAM, BlockManagerId(driver, eef6dfe9026b, 33507, None)
[2025-04-03T19:03:02.914+0000] {spark_submit.py:649} INFO - 25/04/03 19:03:02 INFO BlockManagerMaster: Registered BlockManager BlockManagerId(driver, eef6dfe9026b, 33507, None)
[2025-04-03T19:03:02.916+0000] {spark_submit.py:649} INFO - 25/04/03 19:03:02 INFO BlockManager: Initialized BlockManager: BlockManagerId(driver, eef6dfe9026b, 33507, None)
[2025-04-03T19:03:02.926+0000] {spark_submit.py:649} INFO - 25/04/03 19:03:02 INFO StandaloneAppClient$ClientEndpoint: Executor updated: app-20250403190302-0003/0 is now RUNNING
[2025-04-03T19:03:03.125+0000] {spark_submit.py:649} INFO - 25/04/03 19:03:03 INFO StandaloneSchedulerBackend: SchedulerBackend is ready for scheduling beginning after reached minRegisteredResourcesRatio: 0.0
[2025-04-03T19:03:03.305+0000] {spark_submit.py:649} INFO - ✅ Spark session received from DAG
[2025-04-03T19:03:03.306+0000] {spark_submit.py:649} INFO - 📥 Reading raw data...
[2025-04-03T19:03:03.310+0000] {spark_submit.py:649} INFO - 25/04/03 19:03:03 INFO SharedState: Setting hive.metastore.warehouse.dir ('null') to the value of spark.sql.warehouse.dir.
[2025-04-03T19:03:03.313+0000] {spark_submit.py:649} INFO - 25/04/03 19:03:03 INFO SharedState: Warehouse path is 'file:/opt/airflow/spark-warehouse'.
[2025-04-03T19:03:04.149+0000] {spark_submit.py:649} INFO - 25/04/03 19:03:04 WARN FileStreamSink: Assume no metadata directory. Error while looking for metadata directory in the path: s3a://nyc-taxi/raw/yellow_tripdata_2023-01.parquet.
[2025-04-03T19:03:04.150+0000] {spark_submit.py:649} INFO - java.lang.RuntimeException: java.lang.ClassNotFoundException: Class org.apache.hadoop.fs.s3a.S3AFileSystem not found
[2025-04-03T19:03:04.151+0000] {spark_submit.py:649} INFO - at org.apache.hadoop.conf.Configuration.getClass(Configuration.java:2688)
[2025-04-03T19:03:04.151+0000] {spark_submit.py:649} INFO - at org.apache.hadoop.fs.FileSystem.getFileSystemClass(FileSystem.java:3431)
[2025-04-03T19:03:04.152+0000] {spark_submit.py:649} INFO - at org.apache.hadoop.fs.FileSystem.createFileSystem(FileSystem.java:3466)
[2025-04-03T19:03:04.153+0000] {spark_submit.py:649} INFO - at org.apache.hadoop.fs.FileSystem.access$300(FileSystem.java:174)
[2025-04-03T19:03:04.153+0000] {spark_submit.py:649} INFO - at org.apache.hadoop.fs.FileSystem$Cache.getInternal(FileSystem.java:3574)
[2025-04-03T19:03:04.154+0000] {spark_submit.py:649} INFO - at org.apache.hadoop.fs.FileSystem$Cache.get(FileSystem.java:3521)
[2025-04-03T19:03:04.155+0000] {spark_submit.py:649} INFO - at org.apache.hadoop.fs.FileSystem.get(FileSystem.java:540)
[2025-04-03T19:03:04.155+0000] {spark_submit.py:649} INFO - at org.apache.hadoop.fs.Path.getFileSystem(Path.java:365)
[2025-04-03T19:03:04.156+0000] {spark_submit.py:649} INFO - at org.apache.spark.sql.execution.streaming.FileStreamSink$.hasMetadata(FileStreamSink.scala:53)
[2025-04-03T19:03:04.156+0000] {spark_submit.py:649} INFO - at org.apache.spark.sql.execution.datasources.DataSource.resolveRelation(DataSource.scala:366)
[2025-04-03T19:03:04.157+0000] {spark_submit.py:649} INFO - at org.apache.spark.sql.DataFrameReader.loadV1Source(DataFrameReader.scala:229)
[2025-04-03T19:03:04.157+0000] {spark_submit.py:649} INFO - at org.apache.spark.sql.DataFrameReader.$anonfun$load$2(DataFrameReader.scala:211)
[2025-04-03T19:03:04.158+0000] {spark_submit.py:649} INFO - at scala.Option.getOrElse(Option.scala:189)
[2025-04-03T19:03:04.158+0000] {spark_submit.py:649} INFO - at org.apache.spark.sql.DataFrameReader.load(DataFrameReader.scala:211)
[2025-04-03T19:03:04.159+0000] {spark_submit.py:649} INFO - at org.apache.spark.sql.DataFrameReader.parquet(DataFrameReader.scala:563)
[2025-04-03T19:03:04.160+0000] {spark_submit.py:649} INFO - at java.base/jdk.internal.reflect.NativeMethodAccessorImpl.invoke0(Native Method)
[2025-04-03T19:03:04.160+0000] {spark_submit.py:649} INFO - at java.base/jdk.internal.reflect.NativeMethodAccessorImpl.invoke(NativeMethodAccessorImpl.java:77)
[2025-04-03T19:03:04.161+0000] {spark_submit.py:649} INFO - at java.base/jdk.internal.reflect.DelegatingMethodAccessorImpl.invoke(DelegatingMethodAccessorImpl.java:43)
[2025-04-03T19:03:04.161+0000] {spark_submit.py:649} INFO - at java.base/java.lang.reflect.Method.invoke(Method.java:569)
[2025-04-03T19:03:04.162+0000] {spark_submit.py:649} INFO - at py4j.reflection.MethodInvoker.invoke(MethodInvoker.java:244)
[2025-04-03T19:03:04.162+0000] {spark_submit.py:649} INFO - at py4j.reflection.ReflectionEngine.invoke(ReflectionEngine.java:374)
[2025-04-03T19:03:04.163+0000] {spark_submit.py:649} INFO - at py4j.Gateway.invoke(Gateway.java:282)
[2025-04-03T19:03:04.163+0000] {spark_submit.py:649} INFO - at py4j.commands.AbstractCommand.invokeMethod(AbstractCommand.java:132)
[2025-04-03T19:03:04.164+0000] {spark_submit.py:649} INFO - at py4j.commands.CallCommand.execute(CallCommand.java:79)
[2025-04-03T19:03:04.165+0000] {spark_submit.py:649} INFO - at py4j.ClientServerConnection.waitForCommands(ClientServerConnection.java:182)
[2025-04-03T19:03:04.165+0000] {spark_submit.py:649} INFO - at py4j.ClientServerConnection.run(ClientServerConnection.java:106)
[2025-04-03T19:03:04.166+0000] {spark_submit.py:649} INFO - at java.base/java.lang.Thread.run(Thread.java:840)
[2025-04-03T19:03:04.166+0000] {spark_submit.py:649} INFO - Caused by: java.lang.ClassNotFoundException: Class org.apache.hadoop.fs.s3a.S3AFileSystem not found
[2025-04-03T19:03:04.167+0000] {spark_submit.py:649} INFO - at org.apache.hadoop.conf.Configuration.getClassByName(Configuration.java:2592)
[2025-04-03T19:03:04.167+0000] {spark_submit.py:649} INFO - at org.apache.hadoop.conf.Configuration.getClass(Configuration.java:2686)
[2025-04-03T19:03:04.168+0000] {spark_submit.py:649} INFO - ... 26 more
[2025-04-03T19:03:04.256+0000] {spark_submit.py:649} INFO - Traceback (most recent call last):
[2025-04-03T19:03:04.257+0000] {spark_submit.py:649} INFO - File "/opt/spark-app/clean_yellow_tripdata.py", line 9, in <module>
[2025-04-03T19:03:04.262+0000] {spark_submit.py:649} INFO - clean_yellow_tripdata(spark)
[2025-04-03T19:03:04.262+0000] {spark_submit.py:649} INFO - File "/opt/pipeline/transform/clean_yellow_tripdata.py", line 9, in clean_yellow_tripdata
[2025-04-03T19:03:04.267+0000] {spark_submit.py:649} INFO - df = spark.read.parquet(raw_path)
[2025-04-03T19:03:04.268+0000] {spark_submit.py:649} INFO - File "/opt/spark/python/lib/pyspark.zip/pyspark/sql/readwriter.py", line 544, in parquet
[2025-04-03T19:03:04.269+0000] {spark_submit.py:649} INFO - File "/opt/spark/python/lib/py4j-0.10.9.7-src.zip/py4j/java_gateway.py", line 1322, in __call__
[2025-04-03T19:03:04.269+0000] {spark_submit.py:649} INFO - File "/opt/spark/python/lib/pyspark.zip/pyspark/errors/exceptions/captured.py", line 179, in deco
[2025-04-03T19:03:04.270+0000] {spark_submit.py:649} INFO - File "/opt/spark/python/lib/py4j-0.10.9.7-src.zip/py4j/protocol.py", line 326, in get_return_value
[2025-04-03T19:03:04.272+0000] {spark_submit.py:649} INFO - py4j.protocol.Py4JJavaError: An error occurred while calling o26.parquet.
[2025-04-03T19:03:04.272+0000] {spark_submit.py:649} INFO - : java.lang.RuntimeException: java.lang.ClassNotFoundException: Class org.apache.hadoop.fs.s3a.S3AFileSystem not found
[2025-04-03T19:03:04.273+0000] {spark_submit.py:649} INFO - at org.apache.hadoop.conf.Configuration.getClass(Configuration.java:2688)
[2025-04-03T19:03:04.273+0000] {spark_submit.py:649} INFO - at org.apache.hadoop.fs.FileSystem.getFileSystemClass(FileSystem.java:3431)
[2025-04-03T19:03:04.274+0000] {spark_submit.py:649} INFO - at org.apache.hadoop.fs.FileSystem.createFileSystem(FileSystem.java:3466)
[2025-04-03T19:03:04.274+0000] {spark_submit.py:649} INFO - at org.apache.hadoop.fs.FileSystem.access$300(FileSystem.java:174)
[2025-04-03T19:03:04.275+0000] {spark_submit.py:649} INFO - at org.apache.hadoop.fs.FileSystem$Cache.getInternal(FileSystem.java:3574)
[2025-04-03T19:03:04.276+0000] {spark_submit.py:649} INFO - at org.apache.hadoop.fs.FileSystem$Cache.get(FileSystem.java:3521)
[2025-04-03T19:03:04.276+0000] {spark_submit.py:649} INFO - at org.apache.hadoop.fs.FileSystem.get(FileSystem.java:540)
[2025-04-03T19:03:04.277+0000] {spark_submit.py:649} INFO - at org.apache.hadoop.fs.Path.getFileSystem(Path.java:365)
[2025-04-03T19:03:04.277+0000] {spark_submit.py:649} INFO - at org.apache.spark.sql.execution.datasources.DataSource$.$anonfun$checkAndGlobPathIfNecessary$1(DataSource.scala:724)
[2025-04-03T19:03:04.278+0000] {spark_submit.py:649} INFO - at scala.collection.immutable.List.map(List.scala:293)
[2025-04-03T19:03:04.278+0000] {spark_submit.py:649} INFO - at org.apache.spark.sql.execution.datasources.DataSource$.checkAndGlobPathIfNecessary(DataSource.scala:722)
[2025-04-03T19:03:04.279+0000] {spark_submit.py:649} INFO - at org.apache.spark.sql.execution.datasources.DataSource.checkAndGlobPathIfNecessary(DataSource.scala:551)
[2025-04-03T19:03:04.280+0000] {spark_submit.py:649} INFO - at org.apache.spark.sql.execution.datasources.DataSource.resolveRelation(DataSource.scala:404)
[2025-04-03T19:03:04.280+0000] {spark_submit.py:649} INFO - at org.apache.spark.sql.DataFrameReader.loadV1Source(DataFrameReader.scala:229)
[2025-04-03T19:03:04.281+0000] {spark_submit.py:649} INFO - at org.apache.spark.sql.DataFrameReader.$anonfun$load$2(DataFrameReader.scala:211)
[2025-04-03T19:03:04.281+0000] {spark_submit.py:649} INFO - at scala.Option.getOrElse(Option.scala:189)
[2025-04-03T19:03:04.282+0000] {spark_submit.py:649} INFO - at org.apache.spark.sql.DataFrameReader.load(DataFrameReader.scala:211)
[2025-04-03T19:03:04.282+0000] {spark_submit.py:649} INFO - at org.apache.spark.sql.DataFrameReader.parquet(DataFrameReader.scala:563)
[2025-04-03T19:03:04.283+0000] {spark_submit.py:649} INFO - at java.base/jdk.internal.reflect.NativeMethodAccessorImpl.invoke0(Native Method)
[2025-04-03T19:03:04.283+0000] {spark_submit.py:649} INFO - at java.base/jdk.internal.reflect.NativeMethodAccessorImpl.invoke(NativeMethodAccessorImpl.java:77)
[2025-04-03T19:03:04.284+0000] {spark_submit.py:649} INFO - at java.base/jdk.internal.reflect.DelegatingMethodAccessorImpl.invoke(DelegatingMethodAccessorImpl.java:43)
[2025-04-03T19:03:04.284+0000] {spark_submit.py:649} INFO - at java.base/java.lang.reflect.Method.invoke(Method.java:569)
[2025-04-03T19:03:04.285+0000] {spark_submit.py:649} INFO - at py4j.reflection.MethodInvoker.invoke(MethodInvoker.java:244)
[2025-04-03T19:03:04.286+0000] {spark_submit.py:649} INFO - at py4j.reflection.ReflectionEngine.invoke(ReflectionEngine.java:374)
[2025-04-03T19:03:04.286+0000] {spark_submit.py:649} INFO - at py4j.Gateway.invoke(Gateway.java:282)
[2025-04-03T19:03:04.287+0000] {spark_submit.py:649} INFO - at py4j.commands.AbstractCommand.invokeMethod(AbstractCommand.java:132)
[2025-04-03T19:03:04.287+0000] {spark_submit.py:649} INFO - at py4j.commands.CallCommand.execute(CallCommand.java:79)
[2025-04-03T19:03:04.288+0000] {spark_submit.py:649} INFO - at py4j.ClientServerConnection.waitForCommands(ClientServerConnection.java:182)
[2025-04-03T19:03:04.288+0000] {spark_submit.py:649} INFO - at py4j.ClientServerConnection.run(ClientServerConnection.java:106)
[2025-04-03T19:03:04.289+0000] {spark_submit.py:649} INFO - at java.base/java.lang.Thread.run(Thread.java:840)
[2025-04-03T19:03:04.289+0000] {spark_submit.py:649} INFO - Caused by: java.lang.ClassNotFoundException: Class org.apache.hadoop.fs.s3a.S3AFileSystem not found
[2025-04-03T19:03:04.290+0000] {spark_submit.py:649} INFO - at org.apache.hadoop.conf.Configuration.getClassByName(Configuration.java:2592)
[2025-04-03T19:03:04.290+0000] {spark_submit.py:649} INFO - at org.apache.hadoop.conf.Configuration.getClass(Configuration.java:2686)
[2025-04-03T19:03:04.291+0000] {spark_submit.py:649} INFO - ... 29 more
[2025-04-03T19:03:04.291+0000] {spark_submit.py:649} INFO - 
[2025-04-03T19:03:04.332+0000] {spark_submit.py:649} INFO - 25/04/03 19:03:04 INFO SparkContext: Invoking stop() from shutdown hook
[2025-04-03T19:03:04.334+0000] {spark_submit.py:649} INFO - 25/04/03 19:03:04 INFO SparkContext: SparkContext is stopping with exitCode 0.
[2025-04-03T19:03:04.344+0000] {spark_submit.py:649} INFO - 25/04/03 19:03:04 INFO SparkUI: Stopped Spark web UI at http://eef6dfe9026b:4040
[2025-04-03T19:03:04.348+0000] {spark_submit.py:649} INFO - 25/04/03 19:03:04 INFO StandaloneSchedulerBackend: Shutting down all executors
[2025-04-03T19:03:04.353+0000] {spark_submit.py:649} INFO - 25/04/03 19:03:04 INFO StandaloneSchedulerBackend$StandaloneDriverEndpoint: Asking each executor to shut down
[2025-04-03T19:03:04.368+0000] {spark_submit.py:649} INFO - 25/04/03 19:03:04 INFO MapOutputTrackerMasterEndpoint: MapOutputTrackerMasterEndpoint stopped!
[2025-04-03T19:03:04.384+0000] {spark_submit.py:649} INFO - 25/04/03 19:03:04 INFO MemoryStore: MemoryStore cleared
[2025-04-03T19:03:04.385+0000] {spark_submit.py:649} INFO - 25/04/03 19:03:04 INFO BlockManager: BlockManager stopped
[2025-04-03T19:03:04.389+0000] {spark_submit.py:649} INFO - 25/04/03 19:03:04 INFO BlockManagerMaster: BlockManagerMaster stopped
[2025-04-03T19:03:04.391+0000] {spark_submit.py:649} INFO - 25/04/03 19:03:04 INFO OutputCommitCoordinator$OutputCommitCoordinatorEndpoint: OutputCommitCoordinator stopped!
[2025-04-03T19:03:04.404+0000] {spark_submit.py:649} INFO - 25/04/03 19:03:04 INFO SparkContext: Successfully stopped SparkContext
[2025-04-03T19:03:04.405+0000] {spark_submit.py:649} INFO - 25/04/03 19:03:04 INFO ShutdownHookManager: Shutdown hook called
[2025-04-03T19:03:04.406+0000] {spark_submit.py:649} INFO - 25/04/03 19:03:04 INFO ShutdownHookManager: Deleting directory /tmp/spark-2e3ccf4b-8e7c-4fe4-996c-a08ccdb0b766
[2025-04-03T19:03:04.409+0000] {spark_submit.py:649} INFO - 25/04/03 19:03:04 INFO ShutdownHookManager: Deleting directory /tmp/spark-2e3ccf4b-8e7c-4fe4-996c-a08ccdb0b766/pyspark-6181fc1d-de65-48ea-824d-badb1a6aa574
[2025-04-03T19:03:04.413+0000] {spark_submit.py:649} INFO - 25/04/03 19:03:04 INFO ShutdownHookManager: Deleting directory /tmp/spark-67edec60-3d87-42c5-bcbb-5cf71ed06c09
[2025-04-03T19:03:04.468+0000] {taskinstance.py:2698} ERROR - Task failed with exception
Traceback (most recent call last):
  File "/home/airflow/.local/lib/python3.8/site-packages/airflow/models/taskinstance.py", line 433, in _execute_task
    result = execute_callable(context=context, **execute_callable_kwargs)
  File "/home/airflow/.local/lib/python3.8/site-packages/airflow/providers/apache/spark/operators/spark_submit.py", line 176, in execute
    self._hook.submit(self.application)
  File "/home/airflow/.local/lib/python3.8/site-packages/airflow/providers/apache/spark/hooks/spark_submit.py", line 575, in submit
    raise AirflowException(
airflow.exceptions.AirflowException: Cannot execute: spark-submit --master spark://spark-master:7077 --conf spark.master=spark://spark-master:7077 --jars /opt/spark/jars/hadoop-aws-3.3.6.jar,/opt/spark/jars/aws-java-sdk-bundle-1.12.696.jar --name arrow-spark --verbose --queue root.default --deploy-mode client /opt/spark-app/clean_yellow_tripdata.py. Error code is: 1.
[2025-04-03T19:03:04.481+0000] {taskinstance.py:1138} INFO - Marking task as FAILED. dag_id=full_pipeline_dag, task_id=clean_data_spark, execution_date=20250403T185956, start_date=20250403T190258, end_date=20250403T190304
[2025-04-03T19:03:04.636+0000] {standard_task_runner.py:107} ERROR - Failed to execute job 216 for task clean_data_spark (Cannot execute: spark-submit --master spark://spark-master:7077 --conf spark.master=spark://spark-master:7077 --jars /opt/spark/jars/hadoop-aws-3.3.6.jar,/opt/spark/jars/aws-java-sdk-bundle-1.12.696.jar --name arrow-spark --verbose --queue root.default --deploy-mode client /opt/spark-app/clean_yellow_tripdata.py. Error code is: 1.; 732)
[2025-04-03T19:03:04.651+0000] {local_task_job_runner.py:234} INFO - Task exited with return code 1
[2025-04-03T19:03:04.702+0000] {taskinstance.py:3280} INFO - 0 downstream tasks scheduled from follow-on schedule check
