[2025-04-03T19:00:40.372+0000] {taskinstance.py:1956} INFO - Dependencies all met for dep_context=non-requeueable deps ti=<TaskInstance: full_pipeline_dag.clean_data_spark manual__2025-04-03T18:59:56.348830+00:00 [queued]>
[2025-04-03T19:00:40.416+0000] {taskinstance.py:1956} INFO - Dependencies all met for dep_context=requeueable deps ti=<TaskInstance: full_pipeline_dag.clean_data_spark manual__2025-04-03T18:59:56.348830+00:00 [queued]>
[2025-04-03T19:00:40.417+0000] {taskinstance.py:2170} INFO - Starting attempt 1 of 3
[2025-04-03T19:00:40.484+0000] {taskinstance.py:2191} INFO - Executing <Task(SparkSubmitOperator): clean_data_spark> on 2025-04-03 18:59:56.348830+00:00
[2025-04-03T19:00:40.488+0000] {standard_task_runner.py:60} INFO - Started process 310 to run task
[2025-04-03T19:00:40.490+0000] {standard_task_runner.py:87} INFO - Running: ['airflow', 'tasks', 'run', 'full_pipeline_dag', 'clean_data_spark', 'manual__2025-04-03T18:59:56.348830+00:00', '--job-id', '214', '--raw', '--subdir', 'DAGS_FOLDER/full_pipeline_dag.py', '--cfg-path', '/tmp/tmpf3u45cyd']
[2025-04-03T19:00:40.492+0000] {standard_task_runner.py:88} INFO - Job 214: Subtask clean_data_spark
[2025-04-03T19:00:40.555+0000] {logging_mixin.py:188} WARNING - /home/airflow/.local/lib/python3.8/site-packages/airflow/settings.py:194 DeprecationWarning: The sql_alchemy_conn option in [core] has been moved to the sql_alchemy_conn option in [database] - the old setting has been used, but please update your config.
[2025-04-03T19:00:40.634+0000] {task_command.py:423} INFO - Running <TaskInstance: full_pipeline_dag.clean_data_spark manual__2025-04-03T18:59:56.348830+00:00 [running]> on host eef6dfe9026b
[2025-04-03T19:00:40.847+0000] {taskinstance.py:2480} INFO - Exporting env vars: AIRFLOW_CTX_DAG_OWNER='airflow' AIRFLOW_CTX_DAG_ID='full_pipeline_dag' AIRFLOW_CTX_TASK_ID='clean_data_spark' AIRFLOW_CTX_EXECUTION_DATE='2025-04-03T18:59:56.348830+00:00' AIRFLOW_CTX_TRY_NUMBER='1' AIRFLOW_CTX_DAG_RUN_ID='manual__2025-04-03T18:59:56.348830+00:00'
[2025-04-03T19:00:40.868+0000] {base.py:83} INFO - Using connection ID 'spark_default' for task execution.
[2025-04-03T19:00:40.870+0000] {spark_submit.py:473} INFO - Spark-Submit cmd: spark-submit --master spark://spark-master:7077 --conf spark.master=spark://spark-master:7077 --jars /opt/spark/jars/hadoop-aws-3.3.6.jar,/opt/spark/jars/aws-java-sdk-bundle-1.12.696.jar --name arrow-spark --verbose --queue root.default --deploy-mode client /opt/spark-app/clean_yellow_tripdata.py
[2025-04-03T19:00:42.103+0000] {spark_submit.py:649} INFO - Using properties file: null
[2025-04-03T19:00:42.204+0000] {spark_submit.py:649} INFO - Parsed arguments:
[2025-04-03T19:00:42.205+0000] {spark_submit.py:649} INFO - master                  spark://spark-master:7077
[2025-04-03T19:00:42.206+0000] {spark_submit.py:649} INFO - remote                  null
[2025-04-03T19:00:42.207+0000] {spark_submit.py:649} INFO - deployMode              client
[2025-04-03T19:00:42.207+0000] {spark_submit.py:649} INFO - executorMemory          null
[2025-04-03T19:00:42.208+0000] {spark_submit.py:649} INFO - executorCores           null
[2025-04-03T19:00:42.209+0000] {spark_submit.py:649} INFO - totalExecutorCores      null
[2025-04-03T19:00:42.210+0000] {spark_submit.py:649} INFO - propertiesFile          null
[2025-04-03T19:00:42.211+0000] {spark_submit.py:649} INFO - driverMemory            null
[2025-04-03T19:00:42.212+0000] {spark_submit.py:649} INFO - driverCores             null
[2025-04-03T19:00:42.212+0000] {spark_submit.py:649} INFO - driverExtraClassPath    null
[2025-04-03T19:00:42.213+0000] {spark_submit.py:649} INFO - driverExtraLibraryPath  null
[2025-04-03T19:00:42.214+0000] {spark_submit.py:649} INFO - driverExtraJavaOptions  null
[2025-04-03T19:00:42.214+0000] {spark_submit.py:649} INFO - supervise               false
[2025-04-03T19:00:42.215+0000] {spark_submit.py:649} INFO - queue                   root.default
[2025-04-03T19:00:42.216+0000] {spark_submit.py:649} INFO - numExecutors            null
[2025-04-03T19:00:42.217+0000] {spark_submit.py:649} INFO - files                   null
[2025-04-03T19:00:42.217+0000] {spark_submit.py:649} INFO - pyFiles                 null
[2025-04-03T19:00:42.218+0000] {spark_submit.py:649} INFO - archives                null
[2025-04-03T19:00:42.219+0000] {spark_submit.py:649} INFO - mainClass               null
[2025-04-03T19:00:42.219+0000] {spark_submit.py:649} INFO - primaryResource         file:/opt/spark-app/clean_yellow_tripdata.py
[2025-04-03T19:00:42.220+0000] {spark_submit.py:649} INFO - name                    arrow-spark
[2025-04-03T19:00:42.221+0000] {spark_submit.py:649} INFO - childArgs               []
[2025-04-03T19:00:42.221+0000] {spark_submit.py:649} INFO - jars                    file:/opt/spark-3.5.0-bin-hadoop3/jars/hadoop-aws-3.3.6.jar,file:/opt/spark-3.5.0-bin-hadoop3/jars/aws-java-sdk-bundle-1.12.696.jar
[2025-04-03T19:00:42.222+0000] {spark_submit.py:649} INFO - packages                null
[2025-04-03T19:00:42.222+0000] {spark_submit.py:649} INFO - packagesExclusions      null
[2025-04-03T19:00:42.223+0000] {spark_submit.py:649} INFO - repositories            null
[2025-04-03T19:00:42.223+0000] {spark_submit.py:649} INFO - verbose                 true
[2025-04-03T19:00:42.224+0000] {spark_submit.py:649} INFO - 
[2025-04-03T19:00:42.224+0000] {spark_submit.py:649} INFO - Spark properties used, including those specified through
[2025-04-03T19:00:42.225+0000] {spark_submit.py:649} INFO - --conf and those from the properties file null:
[2025-04-03T19:00:42.226+0000] {spark_submit.py:649} INFO - (spark.master,spark://spark-master:7077)
[2025-04-03T19:00:42.227+0000] {spark_submit.py:649} INFO - 
[2025-04-03T19:00:42.227+0000] {spark_submit.py:649} INFO - 
[2025-04-03T19:00:42.490+0000] {spark_submit.py:649} INFO - 25/04/03 19:00:42 WARN NativeCodeLoader: Unable to load native-hadoop library for your platform... using builtin-java classes where applicable
[2025-04-03T19:00:42.668+0000] {spark_submit.py:649} INFO - Main class:
[2025-04-03T19:00:42.669+0000] {spark_submit.py:649} INFO - org.apache.spark.deploy.PythonRunner
[2025-04-03T19:00:42.670+0000] {spark_submit.py:649} INFO - Arguments:
[2025-04-03T19:00:42.671+0000] {spark_submit.py:649} INFO - file:/opt/spark-app/clean_yellow_tripdata.py
[2025-04-03T19:00:42.671+0000] {spark_submit.py:649} INFO - null
[2025-04-03T19:00:42.672+0000] {spark_submit.py:649} INFO - Spark config:
[2025-04-03T19:00:42.672+0000] {spark_submit.py:649} INFO - (spark.app.name,arrow-spark)
[2025-04-03T19:00:42.673+0000] {spark_submit.py:649} INFO - (spark.app.submitTime,1743706842645)
[2025-04-03T19:00:42.673+0000] {spark_submit.py:649} INFO - (spark.jars,file:/opt/spark-3.5.0-bin-hadoop3/jars/hadoop-aws-3.3.6.jar,file:/opt/spark-3.5.0-bin-hadoop3/jars/aws-java-sdk-bundle-1.12.696.jar)
[2025-04-03T19:00:42.673+0000] {spark_submit.py:649} INFO - (spark.master,spark://spark-master:7077)
[2025-04-03T19:00:42.674+0000] {spark_submit.py:649} INFO - (spark.repl.local.jars,file:/opt/spark-3.5.0-bin-hadoop3/jars/hadoop-aws-3.3.6.jar,file:/opt/spark-3.5.0-bin-hadoop3/jars/aws-java-sdk-bundle-1.12.696.jar)
[2025-04-03T19:00:42.674+0000] {spark_submit.py:649} INFO - (spark.submit.deployMode,client)
[2025-04-03T19:00:42.675+0000] {spark_submit.py:649} INFO - (spark.submit.pyFiles,)
[2025-04-03T19:00:42.675+0000] {spark_submit.py:649} INFO - Classpath elements:
[2025-04-03T19:00:42.676+0000] {spark_submit.py:649} INFO - file:/opt/spark-3.5.0-bin-hadoop3/jars/hadoop-aws-3.3.6.jar
[2025-04-03T19:00:42.677+0000] {spark_submit.py:649} INFO - file:/opt/spark-3.5.0-bin-hadoop3/jars/aws-java-sdk-bundle-1.12.696.jar
[2025-04-03T19:00:42.677+0000] {spark_submit.py:649} INFO - 
[2025-04-03T19:00:42.678+0000] {spark_submit.py:649} INFO - 
[2025-04-03T19:00:42.678+0000] {spark_submit.py:649} INFO - 25/04/03 19:00:42 WARN DependencyUtils: Local jar /opt/spark-3.5.0-bin-hadoop3/jars/hadoop-aws-3.3.6.jar does not exist, skipping.
[2025-04-03T19:00:42.678+0000] {spark_submit.py:649} INFO - 25/04/03 19:00:42 WARN DependencyUtils: Local jar /opt/spark-3.5.0-bin-hadoop3/jars/aws-java-sdk-bundle-1.12.696.jar does not exist, skipping.
[2025-04-03T19:00:43.514+0000] {spark_submit.py:649} INFO - 25/04/03 19:00:43 INFO SparkContext: Running Spark version 3.5.0
[2025-04-03T19:00:43.515+0000] {spark_submit.py:649} INFO - 25/04/03 19:00:43 INFO SparkContext: OS info Linux, 5.15.167.4-microsoft-standard-WSL2, amd64
[2025-04-03T19:00:43.515+0000] {spark_submit.py:649} INFO - 25/04/03 19:00:43 INFO SparkContext: Java version 17.0.14
[2025-04-03T19:00:43.536+0000] {spark_submit.py:649} INFO - 25/04/03 19:00:43 INFO ResourceUtils: ==============================================================
[2025-04-03T19:00:43.537+0000] {spark_submit.py:649} INFO - 25/04/03 19:00:43 INFO ResourceUtils: No custom resources configured for spark.driver.
[2025-04-03T19:00:43.539+0000] {spark_submit.py:649} INFO - 25/04/03 19:00:43 INFO ResourceUtils: ==============================================================
[2025-04-03T19:00:43.540+0000] {spark_submit.py:649} INFO - 25/04/03 19:00:43 INFO SparkContext: Submitted application: CleanYellowData
[2025-04-03T19:00:43.562+0000] {spark_submit.py:649} INFO - 25/04/03 19:00:43 INFO ResourceProfile: Default ResourceProfile created, executor resources: Map(memory -> name: memory, amount: 1024, script: , vendor: , offHeap -> name: offHeap, amount: 0, script: , vendor: ), task resources: Map(cpus -> name: cpus, amount: 1.0)
[2025-04-03T19:00:43.570+0000] {spark_submit.py:649} INFO - 25/04/03 19:00:43 INFO ResourceProfile: Limiting resource is cpu
[2025-04-03T19:00:43.571+0000] {spark_submit.py:649} INFO - 25/04/03 19:00:43 INFO ResourceProfileManager: Added ResourceProfile id: 0
[2025-04-03T19:00:43.615+0000] {spark_submit.py:649} INFO - 25/04/03 19:00:43 INFO SecurityManager: Changing view acls to: airflow
[2025-04-03T19:00:43.616+0000] {spark_submit.py:649} INFO - 25/04/03 19:00:43 INFO SecurityManager: Changing modify acls to: airflow
[2025-04-03T19:00:43.617+0000] {spark_submit.py:649} INFO - 25/04/03 19:00:43 INFO SecurityManager: Changing view acls groups to:
[2025-04-03T19:00:43.617+0000] {spark_submit.py:649} INFO - 25/04/03 19:00:43 INFO SecurityManager: Changing modify acls groups to:
[2025-04-03T19:00:43.618+0000] {spark_submit.py:649} INFO - 25/04/03 19:00:43 INFO SecurityManager: SecurityManager: authentication disabled; ui acls disabled; users with view permissions: airflow; groups with view permissions: EMPTY; users with modify permissions: airflow; groups with modify permissions: EMPTY
[2025-04-03T19:00:43.846+0000] {spark_submit.py:649} INFO - 25/04/03 19:00:43 INFO Utils: Successfully started service 'sparkDriver' on port 44483.
[2025-04-03T19:00:43.874+0000] {spark_submit.py:649} INFO - 25/04/03 19:00:43 INFO SparkEnv: Registering MapOutputTracker
[2025-04-03T19:00:43.915+0000] {spark_submit.py:649} INFO - 25/04/03 19:00:43 INFO SparkEnv: Registering BlockManagerMaster
[2025-04-03T19:00:43.933+0000] {spark_submit.py:649} INFO - 25/04/03 19:00:43 INFO BlockManagerMasterEndpoint: Using org.apache.spark.storage.DefaultTopologyMapper for getting topology information
[2025-04-03T19:00:43.934+0000] {spark_submit.py:649} INFO - 25/04/03 19:00:43 INFO BlockManagerMasterEndpoint: BlockManagerMasterEndpoint up
[2025-04-03T19:00:43.939+0000] {spark_submit.py:649} INFO - 25/04/03 19:00:43 INFO SparkEnv: Registering BlockManagerMasterHeartbeat
[2025-04-03T19:00:43.966+0000] {spark_submit.py:649} INFO - 25/04/03 19:00:43 INFO DiskBlockManager: Created local directory at /tmp/blockmgr-694a8e35-9c3b-44b5-a54b-0c40567cf9b4
[2025-04-03T19:00:43.995+0000] {spark_submit.py:649} INFO - 25/04/03 19:00:43 INFO MemoryStore: MemoryStore started with capacity 434.4 MiB
[2025-04-03T19:00:44.006+0000] {spark_submit.py:649} INFO - 25/04/03 19:00:44 INFO SparkEnv: Registering OutputCommitCoordinator
[2025-04-03T19:00:44.115+0000] {spark_submit.py:649} INFO - 25/04/03 19:00:44 INFO JettyUtils: Start Jetty 0.0.0.0:4040 for SparkUI
[2025-04-03T19:00:44.178+0000] {spark_submit.py:649} INFO - 25/04/03 19:00:44 INFO Utils: Successfully started service 'SparkUI' on port 4040.
[2025-04-03T19:00:44.206+0000] {spark_submit.py:649} INFO - 25/04/03 19:00:44 ERROR SparkContext: Failed to add file:/opt/spark-3.5.0-bin-hadoop3/jars/hadoop-aws-3.3.6.jar to Spark environment
[2025-04-03T19:00:44.208+0000] {spark_submit.py:649} INFO - java.io.FileNotFoundException: Jar /opt/spark-3.5.0-bin-hadoop3/jars/hadoop-aws-3.3.6.jar not found
[2025-04-03T19:00:44.209+0000] {spark_submit.py:649} INFO - at org.apache.spark.SparkContext.addLocalJarFile$1(SparkContext.scala:2100)
[2025-04-03T19:00:44.210+0000] {spark_submit.py:649} INFO - at org.apache.spark.SparkContext.addJar(SparkContext.scala:2156)
[2025-04-03T19:00:44.211+0000] {spark_submit.py:649} INFO - at org.apache.spark.SparkContext.$anonfun$new$15(SparkContext.scala:526)
[2025-04-03T19:00:44.211+0000] {spark_submit.py:649} INFO - at org.apache.spark.SparkContext.$anonfun$new$15$adapted(SparkContext.scala:526)
[2025-04-03T19:00:44.212+0000] {spark_submit.py:649} INFO - at scala.collection.mutable.ResizableArray.foreach(ResizableArray.scala:62)
[2025-04-03T19:00:44.212+0000] {spark_submit.py:649} INFO - at scala.collection.mutable.ResizableArray.foreach$(ResizableArray.scala:55)
[2025-04-03T19:00:44.213+0000] {spark_submit.py:649} INFO - at scala.collection.mutable.ArrayBuffer.foreach(ArrayBuffer.scala:49)
[2025-04-03T19:00:44.213+0000] {spark_submit.py:649} INFO - at org.apache.spark.SparkContext.<init>(SparkContext.scala:526)
[2025-04-03T19:00:44.214+0000] {spark_submit.py:649} INFO - at org.apache.spark.api.java.JavaSparkContext.<init>(JavaSparkContext.scala:58)
[2025-04-03T19:00:44.214+0000] {spark_submit.py:649} INFO - at java.base/jdk.internal.reflect.NativeConstructorAccessorImpl.newInstance0(Native Method)
[2025-04-03T19:00:44.215+0000] {spark_submit.py:649} INFO - at java.base/jdk.internal.reflect.NativeConstructorAccessorImpl.newInstance(NativeConstructorAccessorImpl.java:77)
[2025-04-03T19:00:44.216+0000] {spark_submit.py:649} INFO - at java.base/jdk.internal.reflect.DelegatingConstructorAccessorImpl.newInstance(DelegatingConstructorAccessorImpl.java:45)
[2025-04-03T19:00:44.216+0000] {spark_submit.py:649} INFO - at java.base/java.lang.reflect.Constructor.newInstanceWithCaller(Constructor.java:500)
[2025-04-03T19:00:44.217+0000] {spark_submit.py:649} INFO - at java.base/java.lang.reflect.Constructor.newInstance(Constructor.java:481)
[2025-04-03T19:00:44.218+0000] {spark_submit.py:649} INFO - at py4j.reflection.MethodInvoker.invoke(MethodInvoker.java:247)
[2025-04-03T19:00:44.218+0000] {spark_submit.py:649} INFO - at py4j.reflection.ReflectionEngine.invoke(ReflectionEngine.java:374)
[2025-04-03T19:00:44.219+0000] {spark_submit.py:649} INFO - at py4j.Gateway.invoke(Gateway.java:238)
[2025-04-03T19:00:44.220+0000] {spark_submit.py:649} INFO - at py4j.commands.ConstructorCommand.invokeConstructor(ConstructorCommand.java:80)
[2025-04-03T19:00:44.221+0000] {spark_submit.py:649} INFO - at py4j.commands.ConstructorCommand.execute(ConstructorCommand.java:69)
[2025-04-03T19:00:44.221+0000] {spark_submit.py:649} INFO - at py4j.ClientServerConnection.waitForCommands(ClientServerConnection.java:182)
[2025-04-03T19:00:44.222+0000] {spark_submit.py:649} INFO - at py4j.ClientServerConnection.run(ClientServerConnection.java:106)
[2025-04-03T19:00:44.223+0000] {spark_submit.py:649} INFO - at java.base/java.lang.Thread.run(Thread.java:840)
[2025-04-03T19:00:44.223+0000] {spark_submit.py:649} INFO - 25/04/03 19:00:44 ERROR SparkContext: Failed to add file:/opt/spark-3.5.0-bin-hadoop3/jars/aws-java-sdk-bundle-1.12.696.jar to Spark environment
[2025-04-03T19:00:44.224+0000] {spark_submit.py:649} INFO - java.io.FileNotFoundException: Jar /opt/spark-3.5.0-bin-hadoop3/jars/aws-java-sdk-bundle-1.12.696.jar not found
[2025-04-03T19:00:44.225+0000] {spark_submit.py:649} INFO - at org.apache.spark.SparkContext.addLocalJarFile$1(SparkContext.scala:2100)
[2025-04-03T19:00:44.226+0000] {spark_submit.py:649} INFO - at org.apache.spark.SparkContext.addJar(SparkContext.scala:2156)
[2025-04-03T19:00:44.226+0000] {spark_submit.py:649} INFO - at org.apache.spark.SparkContext.$anonfun$new$15(SparkContext.scala:526)
[2025-04-03T19:00:44.227+0000] {spark_submit.py:649} INFO - at org.apache.spark.SparkContext.$anonfun$new$15$adapted(SparkContext.scala:526)
[2025-04-03T19:00:44.228+0000] {spark_submit.py:649} INFO - at scala.collection.mutable.ResizableArray.foreach(ResizableArray.scala:62)
[2025-04-03T19:00:44.228+0000] {spark_submit.py:649} INFO - at scala.collection.mutable.ResizableArray.foreach$(ResizableArray.scala:55)
[2025-04-03T19:00:44.229+0000] {spark_submit.py:649} INFO - at scala.collection.mutable.ArrayBuffer.foreach(ArrayBuffer.scala:49)
[2025-04-03T19:00:44.229+0000] {spark_submit.py:649} INFO - at org.apache.spark.SparkContext.<init>(SparkContext.scala:526)
[2025-04-03T19:00:44.230+0000] {spark_submit.py:649} INFO - at org.apache.spark.api.java.JavaSparkContext.<init>(JavaSparkContext.scala:58)
[2025-04-03T19:00:44.230+0000] {spark_submit.py:649} INFO - at java.base/jdk.internal.reflect.NativeConstructorAccessorImpl.newInstance0(Native Method)
[2025-04-03T19:00:44.231+0000] {spark_submit.py:649} INFO - at java.base/jdk.internal.reflect.NativeConstructorAccessorImpl.newInstance(NativeConstructorAccessorImpl.java:77)
[2025-04-03T19:00:44.231+0000] {spark_submit.py:649} INFO - at java.base/jdk.internal.reflect.DelegatingConstructorAccessorImpl.newInstance(DelegatingConstructorAccessorImpl.java:45)
[2025-04-03T19:00:44.232+0000] {spark_submit.py:649} INFO - at java.base/java.lang.reflect.Constructor.newInstanceWithCaller(Constructor.java:500)
[2025-04-03T19:00:44.232+0000] {spark_submit.py:649} INFO - at java.base/java.lang.reflect.Constructor.newInstance(Constructor.java:481)
[2025-04-03T19:00:44.233+0000] {spark_submit.py:649} INFO - at py4j.reflection.MethodInvoker.invoke(MethodInvoker.java:247)
[2025-04-03T19:00:44.233+0000] {spark_submit.py:649} INFO - at py4j.reflection.ReflectionEngine.invoke(ReflectionEngine.java:374)
[2025-04-03T19:00:44.233+0000] {spark_submit.py:649} INFO - at py4j.Gateway.invoke(Gateway.java:238)
[2025-04-03T19:00:44.234+0000] {spark_submit.py:649} INFO - at py4j.commands.ConstructorCommand.invokeConstructor(ConstructorCommand.java:80)
[2025-04-03T19:00:44.234+0000] {spark_submit.py:649} INFO - at py4j.commands.ConstructorCommand.execute(ConstructorCommand.java:69)
[2025-04-03T19:00:44.234+0000] {spark_submit.py:649} INFO - at py4j.ClientServerConnection.waitForCommands(ClientServerConnection.java:182)
[2025-04-03T19:00:44.235+0000] {spark_submit.py:649} INFO - at py4j.ClientServerConnection.run(ClientServerConnection.java:106)
[2025-04-03T19:00:44.235+0000] {spark_submit.py:649} INFO - at java.base/java.lang.Thread.run(Thread.java:840)
[2025-04-03T19:00:44.269+0000] {spark_submit.py:649} INFO - 25/04/03 19:00:44 INFO StandaloneAppClient$ClientEndpoint: Connecting to master spark://spark-master:7077...
[2025-04-03T19:00:44.304+0000] {spark_submit.py:649} INFO - 25/04/03 19:00:44 INFO TransportClientFactory: Successfully created connection to spark-master/172.24.0.5:7077 after 18 ms (0 ms spent in bootstraps)
[2025-04-03T19:00:44.379+0000] {spark_submit.py:649} INFO - 25/04/03 19:00:44 INFO StandaloneSchedulerBackend: Connected to Spark cluster with app ID app-20250403190044-0001
[2025-04-03T19:00:44.382+0000] {spark_submit.py:649} INFO - 25/04/03 19:00:44 INFO StandaloneAppClient$ClientEndpoint: Executor added: app-20250403190044-0001/0 on worker-20250403185848-172.24.0.8-34333 (172.24.0.8:34333) with 16 core(s)
[2025-04-03T19:00:44.384+0000] {spark_submit.py:649} INFO - 25/04/03 19:00:44 INFO StandaloneSchedulerBackend: Granted executor ID app-20250403190044-0001/0 on hostPort 172.24.0.8:34333 with 16 core(s), 1024.0 MiB RAM
[2025-04-03T19:00:44.389+0000] {spark_submit.py:649} INFO - 25/04/03 19:00:44 INFO Utils: Successfully started service 'org.apache.spark.network.netty.NettyBlockTransferService' on port 36473.
[2025-04-03T19:00:44.392+0000] {spark_submit.py:649} INFO - 25/04/03 19:00:44 INFO NettyBlockTransferService: Server created on eef6dfe9026b:36473
[2025-04-03T19:00:44.393+0000] {spark_submit.py:649} INFO - 25/04/03 19:00:44 INFO BlockManager: Using org.apache.spark.storage.RandomBlockReplicationPolicy for block replication policy
[2025-04-03T19:00:44.398+0000] {spark_submit.py:649} INFO - 25/04/03 19:00:44 INFO BlockManagerMaster: Registering BlockManager BlockManagerId(driver, eef6dfe9026b, 36473, None)
[2025-04-03T19:00:44.401+0000] {spark_submit.py:649} INFO - 25/04/03 19:00:44 INFO BlockManagerMasterEndpoint: Registering block manager eef6dfe9026b:36473 with 434.4 MiB RAM, BlockManagerId(driver, eef6dfe9026b, 36473, None)
[2025-04-03T19:00:44.403+0000] {spark_submit.py:649} INFO - 25/04/03 19:00:44 INFO BlockManagerMaster: Registered BlockManager BlockManagerId(driver, eef6dfe9026b, 36473, None)
[2025-04-03T19:00:44.404+0000] {spark_submit.py:649} INFO - 25/04/03 19:00:44 INFO BlockManager: Initialized BlockManager: BlockManagerId(driver, eef6dfe9026b, 36473, None)
[2025-04-03T19:00:44.426+0000] {spark_submit.py:649} INFO - 25/04/03 19:00:44 INFO StandaloneAppClient$ClientEndpoint: Executor updated: app-20250403190044-0001/0 is now RUNNING
[2025-04-03T19:00:44.617+0000] {spark_submit.py:649} INFO - 25/04/03 19:00:44 INFO StandaloneSchedulerBackend: SchedulerBackend is ready for scheduling beginning after reached minRegisteredResourcesRatio: 0.0
[2025-04-03T19:00:44.803+0000] {spark_submit.py:649} INFO - ✅ Spark session received from DAG
[2025-04-03T19:00:44.804+0000] {spark_submit.py:649} INFO - 📥 Reading raw data...
[2025-04-03T19:00:44.809+0000] {spark_submit.py:649} INFO - 25/04/03 19:00:44 INFO SharedState: Setting hive.metastore.warehouse.dir ('null') to the value of spark.sql.warehouse.dir.
[2025-04-03T19:00:44.812+0000] {spark_submit.py:649} INFO - 25/04/03 19:00:44 INFO SharedState: Warehouse path is 'file:/opt/airflow/spark-warehouse'.
[2025-04-03T19:00:45.661+0000] {spark_submit.py:649} INFO - 25/04/03 19:00:45 WARN FileStreamSink: Assume no metadata directory. Error while looking for metadata directory in the path: s3a://nyc-taxi/raw/yellow_tripdata_2023-01.parquet.
[2025-04-03T19:00:45.662+0000] {spark_submit.py:649} INFO - java.lang.RuntimeException: java.lang.ClassNotFoundException: Class org.apache.hadoop.fs.s3a.S3AFileSystem not found
[2025-04-03T19:00:45.663+0000] {spark_submit.py:649} INFO - at org.apache.hadoop.conf.Configuration.getClass(Configuration.java:2688)
[2025-04-03T19:00:45.664+0000] {spark_submit.py:649} INFO - at org.apache.hadoop.fs.FileSystem.getFileSystemClass(FileSystem.java:3431)
[2025-04-03T19:00:45.664+0000] {spark_submit.py:649} INFO - at org.apache.hadoop.fs.FileSystem.createFileSystem(FileSystem.java:3466)
[2025-04-03T19:00:45.665+0000] {spark_submit.py:649} INFO - at org.apache.hadoop.fs.FileSystem.access$300(FileSystem.java:174)
[2025-04-03T19:00:45.665+0000] {spark_submit.py:649} INFO - at org.apache.hadoop.fs.FileSystem$Cache.getInternal(FileSystem.java:3574)
[2025-04-03T19:00:45.666+0000] {spark_submit.py:649} INFO - at org.apache.hadoop.fs.FileSystem$Cache.get(FileSystem.java:3521)
[2025-04-03T19:00:45.666+0000] {spark_submit.py:649} INFO - at org.apache.hadoop.fs.FileSystem.get(FileSystem.java:540)
[2025-04-03T19:00:45.667+0000] {spark_submit.py:649} INFO - at org.apache.hadoop.fs.Path.getFileSystem(Path.java:365)
[2025-04-03T19:00:45.668+0000] {spark_submit.py:649} INFO - at org.apache.spark.sql.execution.streaming.FileStreamSink$.hasMetadata(FileStreamSink.scala:53)
[2025-04-03T19:00:45.668+0000] {spark_submit.py:649} INFO - at org.apache.spark.sql.execution.datasources.DataSource.resolveRelation(DataSource.scala:366)
[2025-04-03T19:00:45.669+0000] {spark_submit.py:649} INFO - at org.apache.spark.sql.DataFrameReader.loadV1Source(DataFrameReader.scala:229)
[2025-04-03T19:00:45.670+0000] {spark_submit.py:649} INFO - at org.apache.spark.sql.DataFrameReader.$anonfun$load$2(DataFrameReader.scala:211)
[2025-04-03T19:00:45.670+0000] {spark_submit.py:649} INFO - at scala.Option.getOrElse(Option.scala:189)
[2025-04-03T19:00:45.671+0000] {spark_submit.py:649} INFO - at org.apache.spark.sql.DataFrameReader.load(DataFrameReader.scala:211)
[2025-04-03T19:00:45.671+0000] {spark_submit.py:649} INFO - at org.apache.spark.sql.DataFrameReader.parquet(DataFrameReader.scala:563)
[2025-04-03T19:00:45.672+0000] {spark_submit.py:649} INFO - at java.base/jdk.internal.reflect.NativeMethodAccessorImpl.invoke0(Native Method)
[2025-04-03T19:00:45.672+0000] {spark_submit.py:649} INFO - at java.base/jdk.internal.reflect.NativeMethodAccessorImpl.invoke(NativeMethodAccessorImpl.java:77)
[2025-04-03T19:00:45.673+0000] {spark_submit.py:649} INFO - at java.base/jdk.internal.reflect.DelegatingMethodAccessorImpl.invoke(DelegatingMethodAccessorImpl.java:43)
[2025-04-03T19:00:45.674+0000] {spark_submit.py:649} INFO - at java.base/java.lang.reflect.Method.invoke(Method.java:569)
[2025-04-03T19:00:45.674+0000] {spark_submit.py:649} INFO - at py4j.reflection.MethodInvoker.invoke(MethodInvoker.java:244)
[2025-04-03T19:00:45.675+0000] {spark_submit.py:649} INFO - at py4j.reflection.ReflectionEngine.invoke(ReflectionEngine.java:374)
[2025-04-03T19:00:45.676+0000] {spark_submit.py:649} INFO - at py4j.Gateway.invoke(Gateway.java:282)
[2025-04-03T19:00:45.676+0000] {spark_submit.py:649} INFO - at py4j.commands.AbstractCommand.invokeMethod(AbstractCommand.java:132)
[2025-04-03T19:00:45.677+0000] {spark_submit.py:649} INFO - at py4j.commands.CallCommand.execute(CallCommand.java:79)
[2025-04-03T19:00:45.677+0000] {spark_submit.py:649} INFO - at py4j.ClientServerConnection.waitForCommands(ClientServerConnection.java:182)
[2025-04-03T19:00:45.678+0000] {spark_submit.py:649} INFO - at py4j.ClientServerConnection.run(ClientServerConnection.java:106)
[2025-04-03T19:00:45.678+0000] {spark_submit.py:649} INFO - at java.base/java.lang.Thread.run(Thread.java:840)
[2025-04-03T19:00:45.679+0000] {spark_submit.py:649} INFO - Caused by: java.lang.ClassNotFoundException: Class org.apache.hadoop.fs.s3a.S3AFileSystem not found
[2025-04-03T19:00:45.679+0000] {spark_submit.py:649} INFO - at org.apache.hadoop.conf.Configuration.getClassByName(Configuration.java:2592)
[2025-04-03T19:00:45.680+0000] {spark_submit.py:649} INFO - at org.apache.hadoop.conf.Configuration.getClass(Configuration.java:2686)
[2025-04-03T19:00:45.680+0000] {spark_submit.py:649} INFO - ... 26 more
[2025-04-03T19:00:45.744+0000] {spark_submit.py:649} INFO - Traceback (most recent call last):
[2025-04-03T19:00:45.745+0000] {spark_submit.py:649} INFO - File "/opt/spark-app/clean_yellow_tripdata.py", line 9, in <module>
[2025-04-03T19:00:45.749+0000] {spark_submit.py:649} INFO - clean_yellow_tripdata(spark)
[2025-04-03T19:00:45.750+0000] {spark_submit.py:649} INFO - File "/opt/pipeline/transform/clean_yellow_tripdata.py", line 9, in clean_yellow_tripdata
[2025-04-03T19:00:45.752+0000] {spark_submit.py:649} INFO - df = spark.read.parquet(raw_path)
[2025-04-03T19:00:45.753+0000] {spark_submit.py:649} INFO - File "/opt/spark/python/lib/pyspark.zip/pyspark/sql/readwriter.py", line 544, in parquet
[2025-04-03T19:00:45.753+0000] {spark_submit.py:649} INFO - File "/opt/spark/python/lib/py4j-0.10.9.7-src.zip/py4j/java_gateway.py", line 1322, in __call__
[2025-04-03T19:00:45.754+0000] {spark_submit.py:649} INFO - File "/opt/spark/python/lib/pyspark.zip/pyspark/errors/exceptions/captured.py", line 179, in deco
[2025-04-03T19:00:45.754+0000] {spark_submit.py:649} INFO - File "/opt/spark/python/lib/py4j-0.10.9.7-src.zip/py4j/protocol.py", line 326, in get_return_value
[2025-04-03T19:00:45.757+0000] {spark_submit.py:649} INFO - py4j.protocol.Py4JJavaError: An error occurred while calling o26.parquet.
[2025-04-03T19:00:45.758+0000] {spark_submit.py:649} INFO - : java.lang.RuntimeException: java.lang.ClassNotFoundException: Class org.apache.hadoop.fs.s3a.S3AFileSystem not found
[2025-04-03T19:00:45.758+0000] {spark_submit.py:649} INFO - at org.apache.hadoop.conf.Configuration.getClass(Configuration.java:2688)
[2025-04-03T19:00:45.758+0000] {spark_submit.py:649} INFO - at org.apache.hadoop.fs.FileSystem.getFileSystemClass(FileSystem.java:3431)
[2025-04-03T19:00:45.759+0000] {spark_submit.py:649} INFO - at org.apache.hadoop.fs.FileSystem.createFileSystem(FileSystem.java:3466)
[2025-04-03T19:00:45.759+0000] {spark_submit.py:649} INFO - at org.apache.hadoop.fs.FileSystem.access$300(FileSystem.java:174)
[2025-04-03T19:00:45.760+0000] {spark_submit.py:649} INFO - at org.apache.hadoop.fs.FileSystem$Cache.getInternal(FileSystem.java:3574)
[2025-04-03T19:00:45.760+0000] {spark_submit.py:649} INFO - at org.apache.hadoop.fs.FileSystem$Cache.get(FileSystem.java:3521)
[2025-04-03T19:00:45.760+0000] {spark_submit.py:649} INFO - at org.apache.hadoop.fs.FileSystem.get(FileSystem.java:540)
[2025-04-03T19:00:45.761+0000] {spark_submit.py:649} INFO - at org.apache.hadoop.fs.Path.getFileSystem(Path.java:365)
[2025-04-03T19:00:45.761+0000] {spark_submit.py:649} INFO - at org.apache.spark.sql.execution.datasources.DataSource$.$anonfun$checkAndGlobPathIfNecessary$1(DataSource.scala:724)
[2025-04-03T19:00:45.761+0000] {spark_submit.py:649} INFO - at scala.collection.immutable.List.map(List.scala:293)
[2025-04-03T19:00:45.762+0000] {spark_submit.py:649} INFO - at org.apache.spark.sql.execution.datasources.DataSource$.checkAndGlobPathIfNecessary(DataSource.scala:722)
[2025-04-03T19:00:45.762+0000] {spark_submit.py:649} INFO - at org.apache.spark.sql.execution.datasources.DataSource.checkAndGlobPathIfNecessary(DataSource.scala:551)
[2025-04-03T19:00:45.762+0000] {spark_submit.py:649} INFO - at org.apache.spark.sql.execution.datasources.DataSource.resolveRelation(DataSource.scala:404)
[2025-04-03T19:00:45.763+0000] {spark_submit.py:649} INFO - at org.apache.spark.sql.DataFrameReader.loadV1Source(DataFrameReader.scala:229)
[2025-04-03T19:00:45.763+0000] {spark_submit.py:649} INFO - at org.apache.spark.sql.DataFrameReader.$anonfun$load$2(DataFrameReader.scala:211)
[2025-04-03T19:00:45.763+0000] {spark_submit.py:649} INFO - at scala.Option.getOrElse(Option.scala:189)
[2025-04-03T19:00:45.764+0000] {spark_submit.py:649} INFO - at org.apache.spark.sql.DataFrameReader.load(DataFrameReader.scala:211)
[2025-04-03T19:00:45.764+0000] {spark_submit.py:649} INFO - at org.apache.spark.sql.DataFrameReader.parquet(DataFrameReader.scala:563)
[2025-04-03T19:00:45.765+0000] {spark_submit.py:649} INFO - at java.base/jdk.internal.reflect.NativeMethodAccessorImpl.invoke0(Native Method)
[2025-04-03T19:00:45.765+0000] {spark_submit.py:649} INFO - at java.base/jdk.internal.reflect.NativeMethodAccessorImpl.invoke(NativeMethodAccessorImpl.java:77)
[2025-04-03T19:00:45.766+0000] {spark_submit.py:649} INFO - at java.base/jdk.internal.reflect.DelegatingMethodAccessorImpl.invoke(DelegatingMethodAccessorImpl.java:43)
[2025-04-03T19:00:45.766+0000] {spark_submit.py:649} INFO - at java.base/java.lang.reflect.Method.invoke(Method.java:569)
[2025-04-03T19:00:45.767+0000] {spark_submit.py:649} INFO - at py4j.reflection.MethodInvoker.invoke(MethodInvoker.java:244)
[2025-04-03T19:00:45.767+0000] {spark_submit.py:649} INFO - at py4j.reflection.ReflectionEngine.invoke(ReflectionEngine.java:374)
[2025-04-03T19:00:45.767+0000] {spark_submit.py:649} INFO - at py4j.Gateway.invoke(Gateway.java:282)
[2025-04-03T19:00:45.768+0000] {spark_submit.py:649} INFO - at py4j.commands.AbstractCommand.invokeMethod(AbstractCommand.java:132)
[2025-04-03T19:00:45.769+0000] {spark_submit.py:649} INFO - at py4j.commands.CallCommand.execute(CallCommand.java:79)
[2025-04-03T19:00:45.769+0000] {spark_submit.py:649} INFO - at py4j.ClientServerConnection.waitForCommands(ClientServerConnection.java:182)
[2025-04-03T19:00:45.769+0000] {spark_submit.py:649} INFO - at py4j.ClientServerConnection.run(ClientServerConnection.java:106)
[2025-04-03T19:00:45.770+0000] {spark_submit.py:649} INFO - at java.base/java.lang.Thread.run(Thread.java:840)
[2025-04-03T19:00:45.770+0000] {spark_submit.py:649} INFO - Caused by: java.lang.ClassNotFoundException: Class org.apache.hadoop.fs.s3a.S3AFileSystem not found
[2025-04-03T19:00:45.771+0000] {spark_submit.py:649} INFO - at org.apache.hadoop.conf.Configuration.getClassByName(Configuration.java:2592)
[2025-04-03T19:00:45.771+0000] {spark_submit.py:649} INFO - at org.apache.hadoop.conf.Configuration.getClass(Configuration.java:2686)
[2025-04-03T19:00:45.771+0000] {spark_submit.py:649} INFO - ... 29 more
[2025-04-03T19:00:45.772+0000] {spark_submit.py:649} INFO - 
[2025-04-03T19:00:45.796+0000] {spark_submit.py:649} INFO - 25/04/03 19:00:45 INFO SparkContext: Invoking stop() from shutdown hook
[2025-04-03T19:00:45.797+0000] {spark_submit.py:649} INFO - 25/04/03 19:00:45 INFO SparkContext: SparkContext is stopping with exitCode 0.
[2025-04-03T19:00:45.807+0000] {spark_submit.py:649} INFO - 25/04/03 19:00:45 INFO SparkUI: Stopped Spark web UI at http://eef6dfe9026b:4040
[2025-04-03T19:00:45.811+0000] {spark_submit.py:649} INFO - 25/04/03 19:00:45 INFO StandaloneSchedulerBackend: Shutting down all executors
[2025-04-03T19:00:45.814+0000] {spark_submit.py:649} INFO - 25/04/03 19:00:45 INFO StandaloneSchedulerBackend$StandaloneDriverEndpoint: Asking each executor to shut down
[2025-04-03T19:00:45.834+0000] {spark_submit.py:649} INFO - 25/04/03 19:00:45 INFO MapOutputTrackerMasterEndpoint: MapOutputTrackerMasterEndpoint stopped!
[2025-04-03T19:00:45.848+0000] {spark_submit.py:649} INFO - 25/04/03 19:00:45 INFO MemoryStore: MemoryStore cleared
[2025-04-03T19:00:45.849+0000] {spark_submit.py:649} INFO - 25/04/03 19:00:45 INFO BlockManager: BlockManager stopped
[2025-04-03T19:00:45.853+0000] {spark_submit.py:649} INFO - 25/04/03 19:00:45 INFO BlockManagerMaster: BlockManagerMaster stopped
[2025-04-03T19:00:45.854+0000] {spark_submit.py:649} INFO - 25/04/03 19:00:45 INFO OutputCommitCoordinator$OutputCommitCoordinatorEndpoint: OutputCommitCoordinator stopped!
[2025-04-03T19:00:45.869+0000] {spark_submit.py:649} INFO - 25/04/03 19:00:45 INFO SparkContext: Successfully stopped SparkContext
[2025-04-03T19:00:45.870+0000] {spark_submit.py:649} INFO - 25/04/03 19:00:45 INFO ShutdownHookManager: Shutdown hook called
[2025-04-03T19:00:45.871+0000] {spark_submit.py:649} INFO - 25/04/03 19:00:45 INFO ShutdownHookManager: Deleting directory /tmp/spark-7adbae95-574f-48e3-950e-b073d38847dd
[2025-04-03T19:00:45.873+0000] {spark_submit.py:649} INFO - 25/04/03 19:00:45 INFO ShutdownHookManager: Deleting directory /tmp/spark-2c95beb7-b47a-40b8-913c-7fa555183989
[2025-04-03T19:00:45.876+0000] {spark_submit.py:649} INFO - 25/04/03 19:00:45 INFO ShutdownHookManager: Deleting directory /tmp/spark-7adbae95-574f-48e3-950e-b073d38847dd/pyspark-84b69b94-d47a-4620-88ac-e2f9e66a2899
[2025-04-03T19:00:45.923+0000] {taskinstance.py:2698} ERROR - Task failed with exception
Traceback (most recent call last):
  File "/home/airflow/.local/lib/python3.8/site-packages/airflow/models/taskinstance.py", line 433, in _execute_task
    result = execute_callable(context=context, **execute_callable_kwargs)
  File "/home/airflow/.local/lib/python3.8/site-packages/airflow/providers/apache/spark/operators/spark_submit.py", line 176, in execute
    self._hook.submit(self.application)
  File "/home/airflow/.local/lib/python3.8/site-packages/airflow/providers/apache/spark/hooks/spark_submit.py", line 575, in submit
    raise AirflowException(
airflow.exceptions.AirflowException: Cannot execute: spark-submit --master spark://spark-master:7077 --conf spark.master=spark://spark-master:7077 --jars /opt/spark/jars/hadoop-aws-3.3.6.jar,/opt/spark/jars/aws-java-sdk-bundle-1.12.696.jar --name arrow-spark --verbose --queue root.default --deploy-mode client /opt/spark-app/clean_yellow_tripdata.py. Error code is: 1.
[2025-04-03T19:00:45.929+0000] {taskinstance.py:1138} INFO - Marking task as UP_FOR_RETRY. dag_id=full_pipeline_dag, task_id=clean_data_spark, execution_date=20250403T185956, start_date=20250403T190040, end_date=20250403T190045
[2025-04-03T19:00:46.079+0000] {standard_task_runner.py:107} ERROR - Failed to execute job 214 for task clean_data_spark (Cannot execute: spark-submit --master spark://spark-master:7077 --conf spark.master=spark://spark-master:7077 --jars /opt/spark/jars/hadoop-aws-3.3.6.jar,/opt/spark/jars/aws-java-sdk-bundle-1.12.696.jar --name arrow-spark --verbose --queue root.default --deploy-mode client /opt/spark-app/clean_yellow_tripdata.py. Error code is: 1.; 310)
[2025-04-03T19:00:46.087+0000] {local_task_job_runner.py:234} INFO - Task exited with return code 1
[2025-04-03T19:00:46.127+0000] {taskinstance.py:3280} INFO - 0 downstream tasks scheduled from follow-on schedule check
