[2025-04-01T20:00:37.537+0000] {taskinstance.py:1956} INFO - Dependencies all met for dep_context=non-requeueable deps ti=<TaskInstance: run_dbt_models.dbt_run manual__2025-04-01T20:00:32.016069+00:00 [queued]>
[2025-04-01T20:00:37.550+0000] {taskinstance.py:1956} INFO - Dependencies all met for dep_context=requeueable deps ti=<TaskInstance: run_dbt_models.dbt_run manual__2025-04-01T20:00:32.016069+00:00 [queued]>
[2025-04-01T20:00:37.550+0000] {taskinstance.py:2170} INFO - Starting attempt 1 of 2
[2025-04-01T20:00:37.607+0000] {taskinstance.py:2191} INFO - Executing <Task(BashOperator): dbt_run> on 2025-04-01 20:00:32.016069+00:00
[2025-04-01T20:00:37.611+0000] {standard_task_runner.py:60} INFO - Started process 273 to run task
[2025-04-01T20:00:37.614+0000] {standard_task_runner.py:87} INFO - Running: ['airflow', 'tasks', 'run', 'run_dbt_models', 'dbt_run', 'manual__2025-04-01T20:00:32.016069+00:00', '--job-id', '19', '--raw', '--subdir', 'DAGS_FOLDER/dbt_run_dag.py', '--cfg-path', '/tmp/tmpowoo7g6y']
[2025-04-01T20:00:37.616+0000] {standard_task_runner.py:88} INFO - Job 19: Subtask dbt_run
[2025-04-01T20:00:37.676+0000] {logging_mixin.py:188} WARNING - /home/airflow/.local/lib/python3.8/site-packages/airflow/settings.py:194 DeprecationWarning: The sql_alchemy_conn option in [core] has been moved to the sql_alchemy_conn option in [database] - the old setting has been used, but please update your config.
[2025-04-01T20:00:37.718+0000] {task_command.py:423} INFO - Running <TaskInstance: run_dbt_models.dbt_run manual__2025-04-01T20:00:32.016069+00:00 [running]> on host 418fd5302f71
[2025-04-01T20:00:37.815+0000] {taskinstance.py:2480} INFO - Exporting env vars: AIRFLOW_CTX_DAG_OWNER='bb' AIRFLOW_CTX_DAG_ID='run_dbt_models' AIRFLOW_CTX_TASK_ID='dbt_run' AIRFLOW_CTX_EXECUTION_DATE='2025-04-01T20:00:32.016069+00:00' AIRFLOW_CTX_TRY_NUMBER='1' AIRFLOW_CTX_DAG_RUN_ID='manual__2025-04-01T20:00:32.016069+00:00'
[2025-04-01T20:00:37.817+0000] {subprocess.py:63} INFO - Tmp dir root location: /tmp
[2025-04-01T20:00:37.817+0000] {subprocess.py:75} INFO - Running command: ['/usr/bin/bash', '-c', 'cd /opt/airflow/dbt/nyc_taxi_analytics && dbt run']
[2025-04-01T20:00:37.823+0000] {subprocess.py:86} INFO - Output:
[2025-04-01T20:00:39.682+0000] {subprocess.py:93} INFO - [0m20:00:39  Running with dbt=1.8.7
[2025-04-01T20:00:40.065+0000] {subprocess.py:93} INFO - [0m20:00:40  Registered adapter: postgres=1.8.2
[2025-04-01T20:00:40.286+0000] {subprocess.py:93} INFO - [0m20:00:40  Unable to do partial parsing because of a version mismatch
[2025-04-01T20:00:42.052+0000] {subprocess.py:93} INFO - [0m20:00:42  [[33mWARNING[0m]: Deprecated functionality
[2025-04-01T20:00:42.052+0000] {subprocess.py:93} INFO - The `tests` config has been renamed to `data_tests`. Please see
[2025-04-01T20:00:42.053+0000] {subprocess.py:93} INFO - https://docs.getdbt.com/docs/build/data-tests#new-data_tests-syntax for more
[2025-04-01T20:00:42.053+0000] {subprocess.py:93} INFO - information.
[2025-04-01T20:00:42.340+0000] {subprocess.py:93} INFO - [0m20:00:42  [[33mWARNING[0m]: Configuration paths exist in your dbt_project.yml file which do not apply to any resources.
[2025-04-01T20:00:42.340+0000] {subprocess.py:93} INFO - There are 1 unused configuration paths:
[2025-04-01T20:00:42.341+0000] {subprocess.py:93} INFO - - models.nyc_taxi_analytics.example
[2025-04-01T20:00:42.572+0000] {subprocess.py:93} INFO - [0m20:00:42  Found 5 models, 11 data tests, 423 macros
[2025-04-01T20:00:42.578+0000] {subprocess.py:93} INFO - [0m20:00:42
[2025-04-01T20:00:42.701+0000] {subprocess.py:93} INFO - [0m20:00:42  Concurrency: 1 threads (target='dev')
[2025-04-01T20:00:42.706+0000] {subprocess.py:93} INFO - [0m20:00:42
[2025-04-01T20:00:42.716+0000] {subprocess.py:93} INFO - [0m20:00:42  1 of 5 START sql view model public.stg_yellow_tripdata ......................... [RUN]
[2025-04-01T20:00:42.884+0000] {subprocess.py:93} INFO - [0m20:00:42  1 of 5 OK created sql view model public.stg_yellow_tripdata .................... [[32mCREATE VIEW[0m in 0.16s]
[2025-04-01T20:00:42.887+0000] {subprocess.py:93} INFO - [0m20:00:42  2 of 5 START sql view model public.avg_trip_dist_by_payment .................... [RUN]
[2025-04-01T20:00:42.997+0000] {subprocess.py:93} INFO - [0m20:00:42  2 of 5 OK created sql view model public.avg_trip_dist_by_payment ............... [[32mCREATE VIEW[0m in 0.11s]
[2025-04-01T20:00:43.001+0000] {subprocess.py:93} INFO - [0m20:00:43  3 of 5 START sql view model public.daily_trip_metrics .......................... [RUN]
[2025-04-01T20:00:43.082+0000] {subprocess.py:93} INFO - [0m20:00:43  3 of 5 OK created sql view model public.daily_trip_metrics ..................... [[32mCREATE VIEW[0m in 0.08s]
[2025-04-01T20:00:43.085+0000] {subprocess.py:93} INFO - [0m20:00:43  4 of 5 START sql view model public.revenue_by_vendor ........................... [RUN]
[2025-04-01T20:00:43.171+0000] {subprocess.py:93} INFO - [0m20:00:43  4 of 5 OK created sql view model public.revenue_by_vendor ...................... [[32mCREATE VIEW[0m in 0.08s]
[2025-04-01T20:00:43.175+0000] {subprocess.py:93} INFO - [0m20:00:43  5 of 5 START sql view model public.trip_by_weekday ............................. [RUN]
[2025-04-01T20:00:43.260+0000] {subprocess.py:93} INFO - [0m20:00:43  5 of 5 OK created sql view model public.trip_by_weekday ........................ [[32mCREATE VIEW[0m in 0.08s]
[2025-04-01T20:00:43.278+0000] {subprocess.py:93} INFO - [0m20:00:43
[2025-04-01T20:00:43.278+0000] {subprocess.py:93} INFO - [0m20:00:43  Finished running 5 view models in 0 hours 0 minutes and 0.70 seconds (0.70s).
[2025-04-01T20:00:43.357+0000] {subprocess.py:93} INFO - [0m20:00:43
[2025-04-01T20:00:43.359+0000] {subprocess.py:93} INFO - [0m20:00:43  [32mCompleted successfully[0m
[2025-04-01T20:00:43.360+0000] {subprocess.py:93} INFO - [0m20:00:43
[2025-04-01T20:00:43.360+0000] {subprocess.py:93} INFO - [0m20:00:43  Done. PASS=5 WARN=0 ERROR=0 SKIP=0 TOTAL=5
[2025-04-01T20:00:45.331+0000] {subprocess.py:97} INFO - Command exited with return code 0
[2025-04-01T20:00:45.446+0000] {taskinstance.py:1138} INFO - Marking task as SUCCESS. dag_id=run_dbt_models, task_id=dbt_run, execution_date=20250401T200032, start_date=20250401T200037, end_date=20250401T200045
[2025-04-01T20:00:45.561+0000] {local_task_job_runner.py:234} INFO - Task exited with return code 0
[2025-04-01T20:00:45.623+0000] {taskinstance.py:3280} INFO - 0 downstream tasks scheduled from follow-on schedule check
