[2025-04-01T18:45:43.395+0000] {taskinstance.py:1956} INFO - Dependencies all met for dep_context=non-requeueable deps ti=<TaskInstance: run_dbt_models.dbt_run manual__2025-04-01T18:44:29.402185+00:00 [queued]>
[2025-04-01T18:45:43.410+0000] {taskinstance.py:1956} INFO - Dependencies all met for dep_context=requeueable deps ti=<TaskInstance: run_dbt_models.dbt_run manual__2025-04-01T18:44:29.402185+00:00 [queued]>
[2025-04-01T18:45:43.411+0000] {taskinstance.py:2170} INFO - Starting attempt 2 of 2
[2025-04-01T18:45:43.453+0000] {taskinstance.py:2191} INFO - Executing <Task(BashOperator): dbt_run> on 2025-04-01 18:44:29.402185+00:00
[2025-04-01T18:45:43.458+0000] {standard_task_runner.py:60} INFO - Started process 99 to run task
[2025-04-01T18:45:43.462+0000] {standard_task_runner.py:87} INFO - Running: ['airflow', 'tasks', 'run', 'run_dbt_models', 'dbt_run', 'manual__2025-04-01T18:44:29.402185+00:00', '--job-id', '18', '--raw', '--subdir', 'DAGS_FOLDER/dbt_run_dag.py', '--cfg-path', '/tmp/tmpv3g14gif']
[2025-04-01T18:45:43.463+0000] {standard_task_runner.py:88} INFO - Job 18: Subtask dbt_run
[2025-04-01T18:45:43.523+0000] {logging_mixin.py:188} WARNING - /home/airflow/.local/lib/python3.8/site-packages/airflow/settings.py:194 DeprecationWarning: The sql_alchemy_conn option in [core] has been moved to the sql_alchemy_conn option in [database] - the old setting has been used, but please update your config.
[2025-04-01T18:45:43.571+0000] {task_command.py:423} INFO - Running <TaskInstance: run_dbt_models.dbt_run manual__2025-04-01T18:44:29.402185+00:00 [running]> on host 418fd5302f71
[2025-04-01T18:45:43.718+0000] {taskinstance.py:2480} INFO - Exporting env vars: AIRFLOW_CTX_DAG_OWNER='bb' AIRFLOW_CTX_DAG_ID='run_dbt_models' AIRFLOW_CTX_TASK_ID='dbt_run' AIRFLOW_CTX_EXECUTION_DATE='2025-04-01T18:44:29.402185+00:00' AIRFLOW_CTX_TRY_NUMBER='2' AIRFLOW_CTX_DAG_RUN_ID='manual__2025-04-01T18:44:29.402185+00:00'
[2025-04-01T18:45:43.719+0000] {subprocess.py:63} INFO - Tmp dir root location: /tmp
[2025-04-01T18:45:43.720+0000] {subprocess.py:75} INFO - Running command: ['/usr/bin/bash', '-c', 'cd /opt/airflow/dbt/nyc_taxi_analytics && dbt run']
[2025-04-01T18:45:43.727+0000] {subprocess.py:86} INFO - Output:
[2025-04-01T18:45:45.117+0000] {subprocess.py:93} INFO - [0m18:45:45  Running with dbt=1.8.7
[2025-04-01T18:45:45.441+0000] {subprocess.py:93} INFO - [0m18:45:45  Registered adapter: postgres=1.8.2
[2025-04-01T18:45:45.928+0000] {subprocess.py:93} INFO - [0m18:45:45  [[33mWARNING[0m]: Configuration paths exist in your dbt_project.yml file which do not apply to any resources.
[2025-04-01T18:45:45.929+0000] {subprocess.py:93} INFO - There are 1 unused configuration paths:
[2025-04-01T18:45:45.929+0000] {subprocess.py:93} INFO - - models.nyc_taxi_analytics.example
[2025-04-01T18:45:46.144+0000] {subprocess.py:93} INFO - [0m18:45:46  Found 5 models, 11 data tests, 423 macros
[2025-04-01T18:45:46.149+0000] {subprocess.py:93} INFO - [0m18:45:46
[2025-04-01T18:45:46.329+0000] {subprocess.py:93} INFO - [0m18:45:46  Concurrency: 1 threads (target='dev')
[2025-04-01T18:45:46.331+0000] {subprocess.py:93} INFO - [0m18:45:46
[2025-04-01T18:45:46.348+0000] {subprocess.py:93} INFO - [0m18:45:46  1 of 5 START sql view model public.stg_yellow_tripdata ......................... [RUN]
[2025-04-01T18:45:46.486+0000] {subprocess.py:93} INFO - [0m18:45:46  1 of 5 ERROR creating sql view model public.stg_yellow_tripdata ................ [[31mERROR[0m in 0.13s]
[2025-04-01T18:45:46.489+0000] {subprocess.py:93} INFO - [0m18:45:46  2 of 5 SKIP relation public.avg_trip_dist_by_payment ........................... [[33mSKIP[0m]
[2025-04-01T18:45:46.491+0000] {subprocess.py:93} INFO - [0m18:45:46  3 of 5 SKIP relation public.daily_trip_metrics ................................. [[33mSKIP[0m]
[2025-04-01T18:45:46.493+0000] {subprocess.py:93} INFO - [0m18:45:46  4 of 5 SKIP relation public.revenue_by_vendor .................................. [[33mSKIP[0m]
[2025-04-01T18:45:46.496+0000] {subprocess.py:93} INFO - [0m18:45:46  5 of 5 SKIP relation public.trip_by_weekday .................................... [[33mSKIP[0m]
[2025-04-01T18:45:46.509+0000] {subprocess.py:93} INFO - [0m18:45:46
[2025-04-01T18:45:46.510+0000] {subprocess.py:93} INFO - [0m18:45:46  Finished running 5 view models in 0 hours 0 minutes and 0.36 seconds (0.36s).
[2025-04-01T18:45:46.593+0000] {subprocess.py:93} INFO - [0m18:45:46
[2025-04-01T18:45:46.594+0000] {subprocess.py:93} INFO - [0m18:45:46  [31mCompleted with 1 error and 0 warnings:[0m
[2025-04-01T18:45:46.595+0000] {subprocess.py:93} INFO - [0m18:45:46
[2025-04-01T18:45:46.596+0000] {subprocess.py:93} INFO - [0m18:45:46    Database Error in model stg_yellow_tripdata (models/staging/stg_yellow_tripdata.sql)
[2025-04-01T18:45:46.596+0000] {subprocess.py:93} INFO -   relation "public.yellow_tripdata_2023_01" does not exist
[2025-04-01T18:45:46.597+0000] {subprocess.py:93} INFO -   LINE 28: FROM public.yellow_tripdata_2023_01
[2025-04-01T18:45:46.597+0000] {subprocess.py:93} INFO -                 ^
[2025-04-01T18:45:46.598+0000] {subprocess.py:93} INFO -   compiled code at target/run/nyc_taxi_analytics/models/staging/stg_yellow_tripdata.sql
[2025-04-01T18:45:46.598+0000] {subprocess.py:93} INFO - [0m18:45:46
[2025-04-01T18:45:46.598+0000] {subprocess.py:93} INFO - [0m18:45:46  Done. PASS=0 WARN=0 ERROR=1 SKIP=4 TOTAL=5
[2025-04-01T18:45:48.053+0000] {subprocess.py:97} INFO - Command exited with return code 1
[2025-04-01T18:45:48.078+0000] {taskinstance.py:2698} ERROR - Task failed with exception
Traceback (most recent call last):
  File "/home/airflow/.local/lib/python3.8/site-packages/airflow/models/taskinstance.py", line 433, in _execute_task
    result = execute_callable(context=context, **execute_callable_kwargs)
  File "/home/airflow/.local/lib/python3.8/site-packages/airflow/operators/bash.py", line 212, in execute
    raise AirflowException(
airflow.exceptions.AirflowException: Bash command failed. The command returned a non-zero exit code 1.
[2025-04-01T18:45:48.081+0000] {taskinstance.py:1138} INFO - Marking task as FAILED. dag_id=run_dbt_models, task_id=dbt_run, execution_date=20250401T184429, start_date=20250401T184543, end_date=20250401T184548
[2025-04-01T18:45:48.113+0000] {standard_task_runner.py:107} ERROR - Failed to execute job 18 for task dbt_run (Bash command failed. The command returned a non-zero exit code 1.; 99)
[2025-04-01T18:45:48.140+0000] {local_task_job_runner.py:234} INFO - Task exited with return code 1
[2025-04-01T18:45:48.170+0000] {taskinstance.py:3280} INFO - 0 downstream tasks scheduled from follow-on schedule check
