[2025-04-04T09:01:43.941+0000] {taskinstance.py:1956} INFO - Dependencies all met for dep_context=non-requeueable deps ti=<TaskInstance: full_pipeline_dag.transform_data_spark manual__2025-04-04T09:00:40.861954+00:00 [queued]>
[2025-04-04T09:01:43.963+0000] {taskinstance.py:1956} INFO - Dependencies all met for dep_context=requeueable deps ti=<TaskInstance: full_pipeline_dag.transform_data_spark manual__2025-04-04T09:00:40.861954+00:00 [queued]>
[2025-04-04T09:01:43.964+0000] {taskinstance.py:2170} INFO - Starting attempt 1 of 1
[2025-04-04T09:01:44.022+0000] {taskinstance.py:2191} INFO - Executing <Task(SparkSubmitOperator): transform_data_spark> on 2025-04-04 09:00:40.861954+00:00
[2025-04-04T09:01:44.028+0000] {standard_task_runner.py:60} INFO - Started process 2440 to run task
[2025-04-04T09:01:44.030+0000] {standard_task_runner.py:87} INFO - Running: ['airflow', 'tasks', 'run', 'full_pipeline_dag', 'transform_data_spark', 'manual__2025-04-04T09:00:40.861954+00:00', '--job-id', '283', '--raw', '--subdir', 'DAGS_FOLDER/full_pipeline_dag.py', '--cfg-path', '/tmp/tmpsg55cbc4']
[2025-04-04T09:01:44.032+0000] {standard_task_runner.py:88} INFO - Job 283: Subtask transform_data_spark
[2025-04-04T09:01:44.077+0000] {logging_mixin.py:188} WARNING - /home/airflow/.local/lib/python3.8/site-packages/airflow/settings.py:194 DeprecationWarning: The sql_alchemy_conn option in [core] has been moved to the sql_alchemy_conn option in [database] - the old setting has been used, but please update your config.
[2025-04-04T09:01:44.138+0000] {task_command.py:423} INFO - Running <TaskInstance: full_pipeline_dag.transform_data_spark manual__2025-04-04T09:00:40.861954+00:00 [running]> on host 43987fe3142a
[2025-04-04T09:01:44.279+0000] {taskinstance.py:2480} INFO - Exporting env vars: AIRFLOW_CTX_DAG_OWNER='airflow' AIRFLOW_CTX_DAG_ID='full_pipeline_dag' AIRFLOW_CTX_TASK_ID='transform_data_spark' AIRFLOW_CTX_EXECUTION_DATE='2025-04-04T09:00:40.861954+00:00' AIRFLOW_CTX_TRY_NUMBER='1' AIRFLOW_CTX_DAG_RUN_ID='manual__2025-04-04T09:00:40.861954+00:00'
[2025-04-04T09:01:44.294+0000] {base.py:83} INFO - Using connection ID 'spark_default' for task execution.
[2025-04-04T09:01:44.296+0000] {spark_submit.py:473} INFO - Spark-Submit cmd: spark-submit --master spark://spark-master:7077 --conf spark.hadoop.fs.s3a.impl=org.apache.hadoop.fs.s3a.S3AFileSystem --conf spark.hadoop.fs.s3a.access.key=minioadmin --conf spark.hadoop.fs.s3a.secret.key=****** --conf spark.hadoop.fs.s3a.endpoint=http://minio:9000 --conf spark.hadoop.fs.s3a.path.style.access=true --conf spark.hadoop.fs.s3a.connection.ssl.enabled=false --conf spark.hadoop.fs.s3a.aws.credentials.provider=org.apache.hadoop.fs.s3a.SimpleAWSCredentialsProvider --jars /opt/spark-extra-jars/hadoop-aws-3.3.6.jar,/opt/spark-extra-jars/aws-java-sdk-bundle-1.12.696.jar,/opt/spark-extra-jars/hadoop-common-3.3.6.jar --name arrow-spark --verbose --queue root.default --deploy-mode client /opt/spark-app/transform_yellow_tripdata.py
[2025-04-04T09:01:44.310+0000] {spark_submit.py:649} INFO - /opt/spark/bin/load-spark-env.sh: line 68: ps: command not found
[2025-04-04T09:01:45.608+0000] {spark_submit.py:649} INFO - Using properties file: null
[2025-04-04T09:01:45.718+0000] {spark_submit.py:649} INFO - Parsed arguments:
[2025-04-04T09:01:45.719+0000] {spark_submit.py:649} INFO - master                  spark://spark-master:7077
[2025-04-04T09:01:45.719+0000] {spark_submit.py:649} INFO - remote                  null
[2025-04-04T09:01:45.720+0000] {spark_submit.py:649} INFO - deployMode              client
[2025-04-04T09:01:45.721+0000] {spark_submit.py:649} INFO - executorMemory          null
[2025-04-04T09:01:45.721+0000] {spark_submit.py:649} INFO - executorCores           null
[2025-04-04T09:01:45.722+0000] {spark_submit.py:649} INFO - totalExecutorCores      null
[2025-04-04T09:01:45.723+0000] {spark_submit.py:649} INFO - propertiesFile          null
[2025-04-04T09:01:45.723+0000] {spark_submit.py:649} INFO - driverMemory            null
[2025-04-04T09:01:45.724+0000] {spark_submit.py:649} INFO - driverCores             null
[2025-04-04T09:01:45.724+0000] {spark_submit.py:649} INFO - driverExtraClassPath    null
[2025-04-04T09:01:45.725+0000] {spark_submit.py:649} INFO - driverExtraLibraryPath  null
[2025-04-04T09:01:45.725+0000] {spark_submit.py:649} INFO - driverExtraJavaOptions  null
[2025-04-04T09:01:45.726+0000] {spark_submit.py:649} INFO - supervise               false
[2025-04-04T09:01:45.726+0000] {spark_submit.py:649} INFO - queue                   root.default
[2025-04-04T09:01:45.727+0000] {spark_submit.py:649} INFO - numExecutors            null
[2025-04-04T09:01:45.727+0000] {spark_submit.py:649} INFO - files                   null
[2025-04-04T09:01:45.728+0000] {spark_submit.py:649} INFO - pyFiles                 null
[2025-04-04T09:01:45.728+0000] {spark_submit.py:649} INFO - archives                null
[2025-04-04T09:01:45.729+0000] {spark_submit.py:649} INFO - mainClass               null
[2025-04-04T09:01:45.729+0000] {spark_submit.py:649} INFO - primaryResource         file:/opt/spark-app/transform_yellow_tripdata.py
[2025-04-04T09:01:45.730+0000] {spark_submit.py:649} INFO - name                    arrow-spark
[2025-04-04T09:01:45.730+0000] {spark_submit.py:649} INFO - childArgs               []
[2025-04-04T09:01:45.731+0000] {spark_submit.py:649} INFO - jars                    file:/opt/spark-extra-jars/hadoop-aws-3.3.6.jar,file:/opt/spark-extra-jars/aws-java-sdk-bundle-1.12.696.jar,file:/opt/spark-extra-jars/hadoop-common-3.3.6.jar
[2025-04-04T09:01:45.731+0000] {spark_submit.py:649} INFO - packages                null
[2025-04-04T09:01:45.732+0000] {spark_submit.py:649} INFO - packagesExclusions      null
[2025-04-04T09:01:45.732+0000] {spark_submit.py:649} INFO - repositories            null
[2025-04-04T09:01:45.733+0000] {spark_submit.py:649} INFO - verbose                 true
[2025-04-04T09:01:45.733+0000] {spark_submit.py:649} INFO - 
[2025-04-04T09:01:45.734+0000] {spark_submit.py:649} INFO - Spark properties used, including those specified through
[2025-04-04T09:01:45.735+0000] {spark_submit.py:649} INFO - --conf and those from the properties file null:
[2025-04-04T09:01:45.736+0000] {spark_submit.py:649} INFO - (spark.hadoop.fs.s3a.access.key,*********(redacted))
[2025-04-04T09:01:45.736+0000] {spark_submit.py:649} INFO - (spark.hadoop.fs.s3a.aws.credentials.provider,org.apache.hadoop.fs.s3a.SimpleAWSCredentialsProvider)
[2025-04-04T09:01:45.737+0000] {spark_submit.py:649} INFO - (spark.hadoop.fs.s3a.connection.ssl.enabled,false)
[2025-04-04T09:01:45.737+0000] {spark_submit.py:649} INFO - (spark.hadoop.fs.s3a.endpoint,http://minio:9000)
[2025-04-04T09:01:45.738+0000] {spark_submit.py:649} INFO - (spark.hadoop.fs.s3a.impl,org.apache.hadoop.fs.s3a.S3AFileSystem)
[2025-04-04T09:01:45.739+0000] {spark_submit.py:649} INFO - (spark.hadoop.fs.s3a.path.style.access,true)
[2025-04-04T09:01:45.740+0000] {spark_submit.py:649} INFO - (spark.hadoop.fs.s3a.secret.key,*********(redacted))
[2025-04-04T09:01:45.740+0000] {spark_submit.py:649} INFO - 
[2025-04-04T09:01:45.741+0000] {spark_submit.py:649} INFO - 
[2025-04-04T09:01:46.000+0000] {spark_submit.py:649} INFO - 25/04/04 09:01:45 WARN NativeCodeLoader: Unable to load native-hadoop library for your platform... using builtin-java classes where applicable
[2025-04-04T09:01:46.182+0000] {spark_submit.py:649} INFO - Main class:
[2025-04-04T09:01:46.183+0000] {spark_submit.py:649} INFO - org.apache.spark.deploy.PythonRunner
[2025-04-04T09:01:46.184+0000] {spark_submit.py:649} INFO - Arguments:
[2025-04-04T09:01:46.184+0000] {spark_submit.py:649} INFO - file:/opt/spark-app/transform_yellow_tripdata.py
[2025-04-04T09:01:46.184+0000] {spark_submit.py:649} INFO - null
[2025-04-04T09:01:46.185+0000] {spark_submit.py:649} INFO - Spark config:
[2025-04-04T09:01:46.186+0000] {spark_submit.py:649} INFO - (spark.app.name,arrow-spark)
[2025-04-04T09:01:46.186+0000] {spark_submit.py:649} INFO - (spark.app.submitTime,1743757306164)
[2025-04-04T09:01:46.187+0000] {spark_submit.py:649} INFO - (spark.hadoop.fs.s3a.access.key,*********(redacted))
[2025-04-04T09:01:46.187+0000] {spark_submit.py:649} INFO - (spark.hadoop.fs.s3a.aws.credentials.provider,org.apache.hadoop.fs.s3a.SimpleAWSCredentialsProvider)
[2025-04-04T09:01:46.188+0000] {spark_submit.py:649} INFO - (spark.hadoop.fs.s3a.connection.ssl.enabled,false)
[2025-04-04T09:01:46.189+0000] {spark_submit.py:649} INFO - (spark.hadoop.fs.s3a.endpoint,http://minio:9000)
[2025-04-04T09:01:46.189+0000] {spark_submit.py:649} INFO - (spark.hadoop.fs.s3a.impl,org.apache.hadoop.fs.s3a.S3AFileSystem)
[2025-04-04T09:01:46.190+0000] {spark_submit.py:649} INFO - (spark.hadoop.fs.s3a.path.style.access,true)
[2025-04-04T09:01:46.190+0000] {spark_submit.py:649} INFO - (spark.hadoop.fs.s3a.secret.key,*********(redacted))
[2025-04-04T09:01:46.190+0000] {spark_submit.py:649} INFO - (spark.jars,file:///opt/spark-extra-jars/hadoop-aws-3.3.6.jar,file:///opt/spark-extra-jars/aws-java-sdk-bundle-1.12.696.jar,file:///opt/spark-extra-jars/hadoop-common-3.3.6.jar)
[2025-04-04T09:01:46.191+0000] {spark_submit.py:649} INFO - (spark.master,spark://spark-master:7077)
[2025-04-04T09:01:46.191+0000] {spark_submit.py:649} INFO - (spark.repl.local.jars,file:///opt/spark-extra-jars/hadoop-aws-3.3.6.jar,file:///opt/spark-extra-jars/aws-java-sdk-bundle-1.12.696.jar,file:///opt/spark-extra-jars/hadoop-common-3.3.6.jar)
[2025-04-04T09:01:46.192+0000] {spark_submit.py:649} INFO - (spark.submit.deployMode,client)
[2025-04-04T09:01:46.192+0000] {spark_submit.py:649} INFO - (spark.submit.pyFiles,)
[2025-04-04T09:01:46.192+0000] {spark_submit.py:649} INFO - Classpath elements:
[2025-04-04T09:01:46.193+0000] {spark_submit.py:649} INFO - file:///opt/spark-extra-jars/hadoop-aws-3.3.6.jar
[2025-04-04T09:01:46.193+0000] {spark_submit.py:649} INFO - file:///opt/spark-extra-jars/aws-java-sdk-bundle-1.12.696.jar
[2025-04-04T09:01:46.194+0000] {spark_submit.py:649} INFO - file:///opt/spark-extra-jars/hadoop-common-3.3.6.jar
[2025-04-04T09:01:46.194+0000] {spark_submit.py:649} INFO - 
[2025-04-04T09:01:46.194+0000] {spark_submit.py:649} INFO - 
[2025-04-04T09:01:47.644+0000] {spark_submit.py:649} INFO - 25/04/04 09:01:47 INFO SparkContext: Running Spark version 3.5.0
[2025-04-04T09:01:47.645+0000] {spark_submit.py:649} INFO - 25/04/04 09:01:47 INFO SparkContext: OS info Linux, 5.15.167.4-microsoft-standard-WSL2, amd64
[2025-04-04T09:01:47.646+0000] {spark_submit.py:649} INFO - 25/04/04 09:01:47 INFO SparkContext: Java version 17.0.14
[2025-04-04T09:01:47.663+0000] {spark_submit.py:649} INFO - 25/04/04 09:01:47 INFO ResourceUtils: ==============================================================
[2025-04-04T09:01:47.664+0000] {spark_submit.py:649} INFO - 25/04/04 09:01:47 INFO ResourceUtils: No custom resources configured for spark.driver.
[2025-04-04T09:01:47.665+0000] {spark_submit.py:649} INFO - 25/04/04 09:01:47 INFO ResourceUtils: ==============================================================
[2025-04-04T09:01:47.665+0000] {spark_submit.py:649} INFO - 25/04/04 09:01:47 INFO SparkContext: Submitted application: TransformYellowTripdata
[2025-04-04T09:01:47.678+0000] {spark_submit.py:649} INFO - 25/04/04 09:01:47 INFO ResourceProfile: Default ResourceProfile created, executor resources: Map(memory -> name: memory, amount: 1024, script: , vendor: , offHeap -> name: offHeap, amount: 0, script: , vendor: ), task resources: Map(cpus -> name: cpus, amount: 1.0)
[2025-04-04T09:01:47.684+0000] {spark_submit.py:649} INFO - 25/04/04 09:01:47 INFO ResourceProfile: Limiting resource is cpu
[2025-04-04T09:01:47.685+0000] {spark_submit.py:649} INFO - 25/04/04 09:01:47 INFO ResourceProfileManager: Added ResourceProfile id: 0
[2025-04-04T09:01:47.722+0000] {spark_submit.py:649} INFO - 25/04/04 09:01:47 INFO SecurityManager: Changing view acls to: airflow
[2025-04-04T09:01:47.723+0000] {spark_submit.py:649} INFO - 25/04/04 09:01:47 INFO SecurityManager: Changing modify acls to: airflow
[2025-04-04T09:01:47.724+0000] {spark_submit.py:649} INFO - 25/04/04 09:01:47 INFO SecurityManager: Changing view acls groups to:
[2025-04-04T09:01:47.725+0000] {spark_submit.py:649} INFO - 25/04/04 09:01:47 INFO SecurityManager: Changing modify acls groups to:
[2025-04-04T09:01:47.726+0000] {spark_submit.py:649} INFO - 25/04/04 09:01:47 INFO SecurityManager: SecurityManager: authentication disabled; ui acls disabled; users with view permissions: airflow; groups with view permissions: EMPTY; users with modify permissions: airflow; groups with modify permissions: EMPTY
[2025-04-04T09:01:47.894+0000] {spark_submit.py:649} INFO - 25/04/04 09:01:47 INFO Utils: Successfully started service 'sparkDriver' on port 44475.
[2025-04-04T09:01:47.913+0000] {spark_submit.py:649} INFO - 25/04/04 09:01:47 INFO SparkEnv: Registering MapOutputTracker
[2025-04-04T09:01:47.945+0000] {spark_submit.py:649} INFO - 25/04/04 09:01:47 INFO SparkEnv: Registering BlockManagerMaster
[2025-04-04T09:01:47.958+0000] {spark_submit.py:649} INFO - 25/04/04 09:01:47 INFO BlockManagerMasterEndpoint: Using org.apache.spark.storage.DefaultTopologyMapper for getting topology information
[2025-04-04T09:01:47.960+0000] {spark_submit.py:649} INFO - 25/04/04 09:01:47 INFO BlockManagerMasterEndpoint: BlockManagerMasterEndpoint up
[2025-04-04T09:01:47.963+0000] {spark_submit.py:649} INFO - 25/04/04 09:01:47 INFO SparkEnv: Registering BlockManagerMasterHeartbeat
[2025-04-04T09:01:47.979+0000] {spark_submit.py:649} INFO - 25/04/04 09:01:47 INFO DiskBlockManager: Created local directory at /tmp/blockmgr-9059c530-9d63-429d-99d3-296f096ba0bf
[2025-04-04T09:01:47.988+0000] {spark_submit.py:649} INFO - 25/04/04 09:01:47 INFO MemoryStore: MemoryStore started with capacity 434.4 MiB
[2025-04-04T09:01:47.998+0000] {spark_submit.py:649} INFO - 25/04/04 09:01:47 INFO SparkEnv: Registering OutputCommitCoordinator
[2025-04-04T09:01:48.082+0000] {spark_submit.py:649} INFO - 25/04/04 09:01:48 INFO JettyUtils: Start Jetty 0.0.0.0:4040 for SparkUI
[2025-04-04T09:01:48.132+0000] {spark_submit.py:649} INFO - 25/04/04 09:01:48 INFO Utils: Successfully started service 'SparkUI' on port 4040.
[2025-04-04T09:01:48.192+0000] {spark_submit.py:649} INFO - 25/04/04 09:01:48 INFO SparkContext: Added JAR file:///opt/spark-extra-jars/hadoop-aws-3.3.6.jar at spark://43987fe3142a:44475/jars/hadoop-aws-3.3.6.jar with timestamp 1743757307639
[2025-04-04T09:01:48.194+0000] {spark_submit.py:649} INFO - 25/04/04 09:01:48 INFO SparkContext: Added JAR file:///opt/spark-extra-jars/aws-java-sdk-bundle-1.12.696.jar at spark://43987fe3142a:44475/jars/aws-java-sdk-bundle-1.12.696.jar with timestamp 1743757307639
[2025-04-04T09:01:48.195+0000] {spark_submit.py:649} INFO - 25/04/04 09:01:48 INFO SparkContext: Added JAR file:///opt/spark-extra-jars/hadoop-common-3.3.6.jar at spark://43987fe3142a:44475/jars/hadoop-common-3.3.6.jar with timestamp 1743757307639
[2025-04-04T09:01:48.267+0000] {spark_submit.py:649} INFO - 25/04/04 09:01:48 INFO StandaloneAppClient$ClientEndpoint: Connecting to master spark://spark-master:7077...
[2025-04-04T09:01:48.305+0000] {spark_submit.py:649} INFO - 25/04/04 09:01:48 INFO TransportClientFactory: Successfully created connection to spark-master/172.24.0.4:7077 after 21 ms (0 ms spent in bootstraps)
[2025-04-04T09:01:48.387+0000] {spark_submit.py:649} INFO - 25/04/04 09:01:48 INFO StandaloneSchedulerBackend: Connected to Spark cluster with app ID app-20250404090148-0009
[2025-04-04T09:01:48.394+0000] {spark_submit.py:649} INFO - 25/04/04 09:01:48 INFO StandaloneAppClient$ClientEndpoint: Executor added: app-20250404090148-0009/0 on worker-20250404081326-172.24.0.8-45963 (172.24.0.8:45963) with 2 core(s)
[2025-04-04T09:01:48.395+0000] {spark_submit.py:649} INFO - 25/04/04 09:01:48 INFO StandaloneSchedulerBackend: Granted executor ID app-20250404090148-0009/0 on hostPort 172.24.0.8:45963 with 2 core(s), 1024.0 MiB RAM
[2025-04-04T09:01:48.402+0000] {spark_submit.py:649} INFO - 25/04/04 09:01:48 INFO Utils: Successfully started service 'org.apache.spark.network.netty.NettyBlockTransferService' on port 46661.
[2025-04-04T09:01:48.404+0000] {spark_submit.py:649} INFO - 25/04/04 09:01:48 INFO NettyBlockTransferService: Server created on 43987fe3142a:46661
[2025-04-04T09:01:48.406+0000] {spark_submit.py:649} INFO - 25/04/04 09:01:48 INFO BlockManager: Using org.apache.spark.storage.RandomBlockReplicationPolicy for block replication policy
[2025-04-04T09:01:48.411+0000] {spark_submit.py:649} INFO - 25/04/04 09:01:48 INFO BlockManagerMaster: Registering BlockManager BlockManagerId(driver, 43987fe3142a, 46661, None)
[2025-04-04T09:01:48.418+0000] {spark_submit.py:649} INFO - 25/04/04 09:01:48 INFO BlockManagerMasterEndpoint: Registering block manager 43987fe3142a:46661 with 434.4 MiB RAM, BlockManagerId(driver, 43987fe3142a, 46661, None)
[2025-04-04T09:01:48.423+0000] {spark_submit.py:649} INFO - 25/04/04 09:01:48 INFO BlockManagerMaster: Registered BlockManager BlockManagerId(driver, 43987fe3142a, 46661, None)
[2025-04-04T09:01:48.424+0000] {spark_submit.py:649} INFO - 25/04/04 09:01:48 INFO BlockManager: Initialized BlockManager: BlockManagerId(driver, 43987fe3142a, 46661, None)
[2025-04-04T09:01:48.462+0000] {spark_submit.py:649} INFO - 25/04/04 09:01:48 INFO StandaloneAppClient$ClientEndpoint: Executor updated: app-20250404090148-0009/0 is now RUNNING
[2025-04-04T09:01:48.682+0000] {spark_submit.py:649} INFO - 25/04/04 09:01:48 INFO StandaloneSchedulerBackend: SchedulerBackend is ready for scheduling beginning after reached minRegisteredResourcesRatio: 0.0
[2025-04-04T09:01:48.887+0000] {spark_submit.py:649} INFO - ✅ Spark session started
[2025-04-04T09:01:48.888+0000] {spark_submit.py:649} INFO - 📥 Reading cleaned data...
[2025-04-04T09:01:48.893+0000] {spark_submit.py:649} INFO - 25/04/04 09:01:48 INFO SharedState: Setting hive.metastore.warehouse.dir ('null') to the value of spark.sql.warehouse.dir.
[2025-04-04T09:01:48.895+0000] {spark_submit.py:649} INFO - 25/04/04 09:01:48 INFO SharedState: Warehouse path is 'file:/opt/airflow/spark-warehouse'.
[2025-04-04T09:01:49.923+0000] {spark_submit.py:649} INFO - 25/04/04 09:01:49 WARN MetricsConfig: Cannot locate configuration: tried hadoop-metrics2-s3a-file-system.properties,hadoop-metrics2.properties
[2025-04-04T09:01:49.937+0000] {spark_submit.py:649} INFO - 25/04/04 09:01:49 INFO MetricsSystemImpl: Scheduled Metric snapshot period at 10 second(s).
[2025-04-04T09:01:49.938+0000] {spark_submit.py:649} INFO - 25/04/04 09:01:49 INFO MetricsSystemImpl: s3a-file-system metrics system started
[2025-04-04T09:01:50.853+0000] {spark_submit.py:649} INFO - 25/04/04 09:01:50 INFO StandaloneSchedulerBackend$StandaloneDriverEndpoint: Registered executor NettyRpcEndpointRef(spark-client://Executor) (172.24.0.8:59496) with ID 0,  ResourceProfileId 0
[2025-04-04T09:01:50.934+0000] {spark_submit.py:649} INFO - 25/04/04 09:01:50 INFO BlockManagerMasterEndpoint: Registering block manager 172.24.0.8:40511 with 434.4 MiB RAM, BlockManagerId(0, 172.24.0.8, 40511, None)
[2025-04-04T09:01:52.456+0000] {spark_submit.py:649} INFO - 25/04/04 09:01:52 INFO InMemoryFileIndex: It took 59 ms to list leaf files for 1 paths.
[2025-04-04T09:01:52.772+0000] {spark_submit.py:649} INFO - 25/04/04 09:01:52 INFO SparkContext: Starting job: parquet at NativeMethodAccessorImpl.java:0
[2025-04-04T09:01:52.788+0000] {spark_submit.py:649} INFO - 25/04/04 09:01:52 INFO DAGScheduler: Got job 0 (parquet at NativeMethodAccessorImpl.java:0) with 1 output partitions
[2025-04-04T09:01:52.789+0000] {spark_submit.py:649} INFO - 25/04/04 09:01:52 INFO DAGScheduler: Final stage: ResultStage 0 (parquet at NativeMethodAccessorImpl.java:0)
[2025-04-04T09:01:52.790+0000] {spark_submit.py:649} INFO - 25/04/04 09:01:52 INFO DAGScheduler: Parents of final stage: List()
[2025-04-04T09:01:52.791+0000] {spark_submit.py:649} INFO - 25/04/04 09:01:52 INFO DAGScheduler: Missing parents: List()
[2025-04-04T09:01:52.796+0000] {spark_submit.py:649} INFO - 25/04/04 09:01:52 INFO DAGScheduler: Submitting ResultStage 0 (MapPartitionsRDD[1] at parquet at NativeMethodAccessorImpl.java:0), which has no missing parents
[2025-04-04T09:01:52.879+0000] {spark_submit.py:649} INFO - 25/04/04 09:01:52 INFO MemoryStore: Block broadcast_0 stored as values in memory (estimated size 104.9 KiB, free 434.3 MiB)
[2025-04-04T09:01:52.942+0000] {spark_submit.py:649} INFO - 25/04/04 09:01:52 INFO MemoryStore: Block broadcast_0_piece0 stored as bytes in memory (estimated size 38.0 KiB, free 434.3 MiB)
[2025-04-04T09:01:52.949+0000] {spark_submit.py:649} INFO - 25/04/04 09:01:52 INFO BlockManagerInfo: Added broadcast_0_piece0 in memory on 43987fe3142a:46661 (size: 38.0 KiB, free: 434.4 MiB)
[2025-04-04T09:01:52.954+0000] {spark_submit.py:649} INFO - 25/04/04 09:01:52 INFO SparkContext: Created broadcast 0 from broadcast at DAGScheduler.scala:1580
[2025-04-04T09:01:52.974+0000] {spark_submit.py:649} INFO - 25/04/04 09:01:52 INFO DAGScheduler: Submitting 1 missing tasks from ResultStage 0 (MapPartitionsRDD[1] at parquet at NativeMethodAccessorImpl.java:0) (first 15 tasks are for partitions Vector(0))
[2025-04-04T09:01:52.975+0000] {spark_submit.py:649} INFO - 25/04/04 09:01:52 INFO TaskSchedulerImpl: Adding task set 0.0 with 1 tasks resource profile 0
[2025-04-04T09:01:55.953+0000] {spark_submit.py:649} INFO - 25/04/04 09:01:55 INFO TaskSetManager: Starting task 0.0 in stage 0.0 (TID 0) (172.24.0.8, executor 0, partition 0, PROCESS_LOCAL, 8187 bytes)
[2025-04-04T09:01:56.182+0000] {spark_submit.py:649} INFO - 25/04/04 09:01:56 INFO BlockManagerInfo: Added broadcast_0_piece0 in memory on 172.24.0.8:40511 (size: 38.0 KiB, free: 434.4 MiB)
[2025-04-04T09:01:57.726+0000] {spark_submit.py:649} INFO - 25/04/04 09:01:57 INFO TaskSetManager: Finished task 0.0 in stage 0.0 (TID 0) in 1787 ms on 172.24.0.8 (executor 0) (1/1)
[2025-04-04T09:01:57.728+0000] {spark_submit.py:649} INFO - 25/04/04 09:01:57 INFO TaskSchedulerImpl: Removed TaskSet 0.0, whose tasks have all completed, from pool
[2025-04-04T09:01:57.732+0000] {spark_submit.py:649} INFO - 25/04/04 09:01:57 INFO DAGScheduler: ResultStage 0 (parquet at NativeMethodAccessorImpl.java:0) finished in 4.921 s
[2025-04-04T09:01:57.734+0000] {spark_submit.py:649} INFO - 25/04/04 09:01:57 INFO DAGScheduler: Job 0 is finished. Cancelling potential speculative or zombie tasks for this job
[2025-04-04T09:01:57.735+0000] {spark_submit.py:649} INFO - 25/04/04 09:01:57 INFO TaskSchedulerImpl: Killing all running tasks in stage 0: Stage finished
[2025-04-04T09:01:57.737+0000] {spark_submit.py:649} INFO - 25/04/04 09:01:57 INFO DAGScheduler: Job 0 finished: parquet at NativeMethodAccessorImpl.java:0, took 4.964222 s
[2025-04-04T09:01:58.186+0000] {spark_submit.py:649} INFO - 📊 Computing metrics...
[2025-04-04T09:01:58.301+0000] {spark_submit.py:649} INFO - 💾 Saving metrics to MinIO...
[2025-04-04T09:01:58.596+0000] {spark_submit.py:649} INFO - 25/04/04 09:01:58 INFO FileSourceStrategy: Pushed Filters:
[2025-04-04T09:01:58.597+0000] {spark_submit.py:649} INFO - 25/04/04 09:01:58 INFO FileSourceStrategy: Post-Scan Filters:
[2025-04-04T09:01:58.937+0000] {spark_submit.py:649} INFO - 25/04/04 09:01:58 INFO CodeGenerator: Code generated in 188.882266 ms
[2025-04-04T09:01:58.964+0000] {spark_submit.py:649} INFO - 25/04/04 09:01:58 INFO MemoryStore: Block broadcast_1 stored as values in memory (estimated size 204.6 KiB, free 434.1 MiB)
[2025-04-04T09:01:58.972+0000] {spark_submit.py:649} INFO - 25/04/04 09:01:58 INFO MemoryStore: Block broadcast_1_piece0 stored as bytes in memory (estimated size 35.8 KiB, free 434.0 MiB)
[2025-04-04T09:01:58.973+0000] {spark_submit.py:649} INFO - 25/04/04 09:01:58 INFO BlockManagerInfo: Added broadcast_1_piece0 in memory on 43987fe3142a:46661 (size: 35.8 KiB, free: 434.3 MiB)
[2025-04-04T09:01:58.975+0000] {spark_submit.py:649} INFO - 25/04/04 09:01:58 INFO SparkContext: Created broadcast 1 from parquet at NativeMethodAccessorImpl.java:0
[2025-04-04T09:01:58.988+0000] {spark_submit.py:649} INFO - 25/04/04 09:01:58 INFO FileSourceScanExec: Planning scan with bin packing, max size: 32895605 bytes, open cost is considered as scanning 4194304 bytes.
[2025-04-04T09:01:59.041+0000] {spark_submit.py:649} INFO - 25/04/04 09:01:59 INFO DAGScheduler: Registering RDD 5 (parquet at NativeMethodAccessorImpl.java:0) as input to shuffle 0
[2025-04-04T09:01:59.047+0000] {spark_submit.py:649} INFO - 25/04/04 09:01:59 INFO DAGScheduler: Got map stage job 1 (parquet at NativeMethodAccessorImpl.java:0) with 2 output partitions
[2025-04-04T09:01:59.048+0000] {spark_submit.py:649} INFO - 25/04/04 09:01:59 INFO DAGScheduler: Final stage: ShuffleMapStage 1 (parquet at NativeMethodAccessorImpl.java:0)
[2025-04-04T09:01:59.048+0000] {spark_submit.py:649} INFO - 25/04/04 09:01:59 INFO DAGScheduler: Parents of final stage: List()
[2025-04-04T09:01:59.049+0000] {spark_submit.py:649} INFO - 25/04/04 09:01:59 INFO DAGScheduler: Missing parents: List()
[2025-04-04T09:01:59.050+0000] {spark_submit.py:649} INFO - 25/04/04 09:01:59 INFO DAGScheduler: Submitting ShuffleMapStage 1 (MapPartitionsRDD[5] at parquet at NativeMethodAccessorImpl.java:0), which has no missing parents
[2025-04-04T09:01:59.081+0000] {spark_submit.py:649} INFO - 25/04/04 09:01:59 INFO MemoryStore: Block broadcast_2 stored as values in memory (estimated size 24.9 KiB, free 434.0 MiB)
[2025-04-04T09:01:59.084+0000] {spark_submit.py:649} INFO - 25/04/04 09:01:59 INFO MemoryStore: Block broadcast_2_piece0 stored as bytes in memory (estimated size 9.9 KiB, free 434.0 MiB)
[2025-04-04T09:01:59.085+0000] {spark_submit.py:649} INFO - 25/04/04 09:01:59 INFO BlockManagerInfo: Added broadcast_2_piece0 in memory on 43987fe3142a:46661 (size: 9.9 KiB, free: 434.3 MiB)
[2025-04-04T09:01:59.086+0000] {spark_submit.py:649} INFO - 25/04/04 09:01:59 INFO SparkContext: Created broadcast 2 from broadcast at DAGScheduler.scala:1580
[2025-04-04T09:01:59.087+0000] {spark_submit.py:649} INFO - 25/04/04 09:01:59 INFO DAGScheduler: Submitting 2 missing tasks from ShuffleMapStage 1 (MapPartitionsRDD[5] at parquet at NativeMethodAccessorImpl.java:0) (first 15 tasks are for partitions Vector(0, 1))
[2025-04-04T09:01:59.088+0000] {spark_submit.py:649} INFO - 25/04/04 09:01:59 INFO TaskSchedulerImpl: Adding task set 1.0 with 2 tasks resource profile 0
[2025-04-04T09:01:59.091+0000] {spark_submit.py:649} INFO - 25/04/04 09:01:59 INFO TaskSetManager: Starting task 0.0 in stage 1.0 (TID 1) (172.24.0.8, executor 0, partition 0, PROCESS_LOCAL, 8681 bytes)
[2025-04-04T09:01:59.092+0000] {spark_submit.py:649} INFO - 25/04/04 09:01:59 INFO TaskSetManager: Starting task 1.0 in stage 1.0 (TID 2) (172.24.0.8, executor 0, partition 1, PROCESS_LOCAL, 8681 bytes)
[2025-04-04T09:01:59.142+0000] {spark_submit.py:649} INFO - 25/04/04 09:01:59 INFO BlockManagerInfo: Added broadcast_2_piece0 in memory on 172.24.0.8:40511 (size: 9.9 KiB, free: 434.4 MiB)
[2025-04-04T09:01:59.575+0000] {spark_submit.py:649} INFO - 25/04/04 09:01:59 INFO BlockManagerInfo: Added broadcast_1_piece0 in memory on 172.24.0.8:40511 (size: 35.8 KiB, free: 434.3 MiB)
[2025-04-04T09:01:59.803+0000] {spark_submit.py:649} INFO - 25/04/04 09:01:59 INFO TaskSetManager: Finished task 1.0 in stage 1.0 (TID 2) in 711 ms on 172.24.0.8 (executor 0) (1/2)
[2025-04-04T09:02:00.173+0000] {spark_submit.py:649} INFO - 25/04/04 09:02:00 INFO TaskSetManager: Finished task 0.0 in stage 1.0 (TID 1) in 1084 ms on 172.24.0.8 (executor 0) (2/2)
[2025-04-04T09:02:00.174+0000] {spark_submit.py:649} INFO - 25/04/04 09:02:00 INFO TaskSchedulerImpl: Removed TaskSet 1.0, whose tasks have all completed, from pool
[2025-04-04T09:02:00.175+0000] {spark_submit.py:649} INFO - 25/04/04 09:02:00 INFO DAGScheduler: ShuffleMapStage 1 (parquet at NativeMethodAccessorImpl.java:0) finished in 1.121 s
[2025-04-04T09:02:00.177+0000] {spark_submit.py:649} INFO - 25/04/04 09:02:00 INFO DAGScheduler: looking for newly runnable stages
[2025-04-04T09:02:00.178+0000] {spark_submit.py:649} INFO - 25/04/04 09:02:00 INFO DAGScheduler: running: Set()
[2025-04-04T09:02:00.179+0000] {spark_submit.py:649} INFO - 25/04/04 09:02:00 INFO DAGScheduler: waiting: Set()
[2025-04-04T09:02:00.180+0000] {spark_submit.py:649} INFO - 25/04/04 09:02:00 INFO DAGScheduler: failed: Set()
[2025-04-04T09:02:00.378+0000] {spark_submit.py:649} INFO - 25/04/04 09:02:00 INFO ParquetUtils: Using default output committer for Parquet: org.apache.parquet.hadoop.ParquetOutputCommitter
[2025-04-04T09:02:00.387+0000] {spark_submit.py:649} INFO - 25/04/04 09:02:00 INFO FileOutputCommitter: File Output Committer Algorithm version is 1
[2025-04-04T09:02:00.389+0000] {spark_submit.py:649} INFO - 25/04/04 09:02:00 INFO FileOutputCommitter: FileOutputCommitter skip cleanup _temporary folders under output directory:false, ignore cleanup failures: false
[2025-04-04T09:02:00.389+0000] {spark_submit.py:649} INFO - 25/04/04 09:02:00 INFO SQLHadoopMapReduceCommitProtocol: Using user defined output committer class org.apache.parquet.hadoop.ParquetOutputCommitter
[2025-04-04T09:02:00.390+0000] {spark_submit.py:649} INFO - 25/04/04 09:02:00 INFO FileOutputCommitter: File Output Committer Algorithm version is 1
[2025-04-04T09:02:00.391+0000] {spark_submit.py:649} INFO - 25/04/04 09:02:00 INFO FileOutputCommitter: FileOutputCommitter skip cleanup _temporary folders under output directory:false, ignore cleanup failures: false
[2025-04-04T09:02:00.392+0000] {spark_submit.py:649} INFO - 25/04/04 09:02:00 INFO SQLHadoopMapReduceCommitProtocol: Using output committer class org.apache.parquet.hadoop.ParquetOutputCommitter
[2025-04-04T09:02:00.491+0000] {spark_submit.py:649} INFO - 25/04/04 09:02:00 INFO CodeGenerator: Code generated in 25.199128 ms
[2025-04-04T09:02:00.504+0000] {spark_submit.py:649} INFO - 25/04/04 09:02:00 INFO SparkContext: Starting job: parquet at NativeMethodAccessorImpl.java:0
[2025-04-04T09:02:00.506+0000] {spark_submit.py:649} INFO - 25/04/04 09:02:00 INFO DAGScheduler: Got job 2 (parquet at NativeMethodAccessorImpl.java:0) with 1 output partitions
[2025-04-04T09:02:00.507+0000] {spark_submit.py:649} INFO - 25/04/04 09:02:00 INFO DAGScheduler: Final stage: ResultStage 3 (parquet at NativeMethodAccessorImpl.java:0)
[2025-04-04T09:02:00.508+0000] {spark_submit.py:649} INFO - 25/04/04 09:02:00 INFO DAGScheduler: Parents of final stage: List(ShuffleMapStage 2)
[2025-04-04T09:02:00.509+0000] {spark_submit.py:649} INFO - 25/04/04 09:02:00 INFO DAGScheduler: Missing parents: List()
[2025-04-04T09:02:00.510+0000] {spark_submit.py:649} INFO - 25/04/04 09:02:00 INFO DAGScheduler: Submitting ResultStage 3 (MapPartitionsRDD[8] at parquet at NativeMethodAccessorImpl.java:0), which has no missing parents
[2025-04-04T09:02:00.538+0000] {spark_submit.py:649} INFO - 25/04/04 09:02:00 INFO MemoryStore: Block broadcast_3 stored as values in memory (estimated size 223.9 KiB, free 433.8 MiB)
[2025-04-04T09:02:00.541+0000] {spark_submit.py:649} INFO - 25/04/04 09:02:00 INFO MemoryStore: Block broadcast_3_piece0 stored as bytes in memory (estimated size 80.3 KiB, free 433.7 MiB)
[2025-04-04T09:02:00.543+0000] {spark_submit.py:649} INFO - 25/04/04 09:02:00 INFO BlockManagerInfo: Added broadcast_3_piece0 in memory on 43987fe3142a:46661 (size: 80.3 KiB, free: 434.2 MiB)
[2025-04-04T09:02:00.544+0000] {spark_submit.py:649} INFO - 25/04/04 09:02:00 INFO SparkContext: Created broadcast 3 from broadcast at DAGScheduler.scala:1580
[2025-04-04T09:02:00.545+0000] {spark_submit.py:649} INFO - 25/04/04 09:02:00 INFO DAGScheduler: Submitting 1 missing tasks from ResultStage 3 (MapPartitionsRDD[8] at parquet at NativeMethodAccessorImpl.java:0) (first 15 tasks are for partitions Vector(0))
[2025-04-04T09:02:00.545+0000] {spark_submit.py:649} INFO - 25/04/04 09:02:00 INFO TaskSchedulerImpl: Adding task set 3.0 with 1 tasks resource profile 0
[2025-04-04T09:02:00.550+0000] {spark_submit.py:649} INFO - 25/04/04 09:02:00 INFO TaskSetManager: Starting task 0.0 in stage 3.0 (TID 3) (172.24.0.8, executor 0, partition 0, NODE_LOCAL, 8003 bytes)
[2025-04-04T09:02:00.579+0000] {spark_submit.py:649} INFO - 25/04/04 09:02:00 INFO BlockManagerInfo: Added broadcast_3_piece0 in memory on 172.24.0.8:40511 (size: 80.3 KiB, free: 434.2 MiB)
[2025-04-04T09:02:00.636+0000] {spark_submit.py:649} INFO - 25/04/04 09:02:00 INFO MapOutputTrackerMasterEndpoint: Asked to send map output locations for shuffle 0 to 172.24.0.8:59496
[2025-04-04T09:02:01.070+0000] {spark_submit.py:649} INFO - 25/04/04 09:02:01 INFO BlockManagerInfo: Removed broadcast_2_piece0 on 43987fe3142a:46661 in memory (size: 9.9 KiB, free: 434.2 MiB)
[2025-04-04T09:02:01.081+0000] {spark_submit.py:649} INFO - 25/04/04 09:02:01 INFO BlockManagerInfo: Removed broadcast_2_piece0 on 172.24.0.8:40511 in memory (size: 9.9 KiB, free: 434.2 MiB)
[2025-04-04T09:02:01.193+0000] {spark_submit.py:649} INFO - 25/04/04 09:02:01 INFO TaskSetManager: Finished task 0.0 in stage 3.0 (TID 3) in 645 ms on 172.24.0.8 (executor 0) (1/1)
[2025-04-04T09:02:01.194+0000] {spark_submit.py:649} INFO - 25/04/04 09:02:01 INFO TaskSchedulerImpl: Removed TaskSet 3.0, whose tasks have all completed, from pool
[2025-04-04T09:02:01.195+0000] {spark_submit.py:649} INFO - 25/04/04 09:02:01 INFO DAGScheduler: ResultStage 3 (parquet at NativeMethodAccessorImpl.java:0) finished in 0.677 s
[2025-04-04T09:02:01.195+0000] {spark_submit.py:649} INFO - 25/04/04 09:02:01 INFO DAGScheduler: Job 2 is finished. Cancelling potential speculative or zombie tasks for this job
[2025-04-04T09:02:01.196+0000] {spark_submit.py:649} INFO - 25/04/04 09:02:01 INFO TaskSchedulerImpl: Killing all running tasks in stage 3: Stage finished
[2025-04-04T09:02:01.202+0000] {spark_submit.py:649} INFO - 25/04/04 09:02:01 INFO DAGScheduler: Job 2 finished: parquet at NativeMethodAccessorImpl.java:0, took 0.692141 s
[2025-04-04T09:02:01.204+0000] {spark_submit.py:649} INFO - 25/04/04 09:02:01 INFO FileFormatWriter: Start to commit write Job d8577916-d7b5-4ffc-b12a-4064c0a54f25.
[2025-04-04T09:02:01.464+0000] {spark_submit.py:649} INFO - 25/04/04 09:02:01 INFO FileFormatWriter: Write Job d8577916-d7b5-4ffc-b12a-4064c0a54f25 committed. Elapsed time: 258 ms.
[2025-04-04T09:02:01.466+0000] {spark_submit.py:649} INFO - 25/04/04 09:02:01 INFO FileFormatWriter: Finished processing stats for write job d8577916-d7b5-4ffc-b12a-4064c0a54f25.
[2025-04-04T09:02:01.468+0000] {spark_submit.py:649} INFO - ✅ Metrics computation complete!
[2025-04-04T09:02:01.514+0000] {spark_submit.py:649} INFO - 25/04/04 09:02:01 INFO SparkContext: Invoking stop() from shutdown hook
[2025-04-04T09:02:01.516+0000] {spark_submit.py:649} INFO - 25/04/04 09:02:01 INFO SparkContext: SparkContext is stopping with exitCode 0.
[2025-04-04T09:02:01.524+0000] {spark_submit.py:649} INFO - 25/04/04 09:02:01 INFO SparkUI: Stopped Spark web UI at http://43987fe3142a:4040
[2025-04-04T09:02:01.527+0000] {spark_submit.py:649} INFO - 25/04/04 09:02:01 INFO StandaloneSchedulerBackend: Shutting down all executors
[2025-04-04T09:02:01.528+0000] {spark_submit.py:649} INFO - 25/04/04 09:02:01 INFO StandaloneSchedulerBackend$StandaloneDriverEndpoint: Asking each executor to shut down
[2025-04-04T09:02:01.541+0000] {spark_submit.py:649} INFO - 25/04/04 09:02:01 INFO MapOutputTrackerMasterEndpoint: MapOutputTrackerMasterEndpoint stopped!
[2025-04-04T09:02:01.567+0000] {spark_submit.py:649} INFO - 25/04/04 09:02:01 INFO MemoryStore: MemoryStore cleared
[2025-04-04T09:02:01.568+0000] {spark_submit.py:649} INFO - 25/04/04 09:02:01 INFO BlockManager: BlockManager stopped
[2025-04-04T09:02:01.570+0000] {spark_submit.py:649} INFO - 25/04/04 09:02:01 INFO BlockManagerMaster: BlockManagerMaster stopped
[2025-04-04T09:02:01.571+0000] {spark_submit.py:649} INFO - 25/04/04 09:02:01 INFO OutputCommitCoordinator$OutputCommitCoordinatorEndpoint: OutputCommitCoordinator stopped!
[2025-04-04T09:02:01.588+0000] {spark_submit.py:649} INFO - 25/04/04 09:02:01 INFO SparkContext: Successfully stopped SparkContext
[2025-04-04T09:02:01.589+0000] {spark_submit.py:649} INFO - 25/04/04 09:02:01 INFO ShutdownHookManager: Shutdown hook called
[2025-04-04T09:02:01.590+0000] {spark_submit.py:649} INFO - 25/04/04 09:02:01 INFO ShutdownHookManager: Deleting directory /tmp/spark-4a1c48ae-5f35-4006-a0ef-375e932b8930
[2025-04-04T09:02:01.599+0000] {spark_submit.py:649} INFO - 25/04/04 09:02:01 INFO ShutdownHookManager: Deleting directory /tmp/spark-4a1c48ae-5f35-4006-a0ef-375e932b8930/pyspark-84cbc6d4-2925-486a-9bb8-1ad38ea3c19a
[2025-04-04T09:02:01.608+0000] {spark_submit.py:649} INFO - 25/04/04 09:02:01 INFO ShutdownHookManager: Deleting directory /tmp/spark-2a21de45-1315-4f0f-b8e7-c719914c979f
[2025-04-04T09:02:01.619+0000] {spark_submit.py:649} INFO - 25/04/04 09:02:01 INFO MetricsSystemImpl: Stopping s3a-file-system metrics system...
[2025-04-04T09:02:01.620+0000] {spark_submit.py:649} INFO - 25/04/04 09:02:01 INFO MetricsSystemImpl: s3a-file-system metrics system stopped.
[2025-04-04T09:02:01.621+0000] {spark_submit.py:649} INFO - 25/04/04 09:02:01 INFO MetricsSystemImpl: s3a-file-system metrics system shutdown complete.
[2025-04-04T09:02:01.676+0000] {taskinstance.py:1138} INFO - Marking task as SUCCESS. dag_id=full_pipeline_dag, task_id=transform_data_spark, execution_date=20250404T090040, start_date=20250404T090143, end_date=20250404T090201
[2025-04-04T09:02:01.865+0000] {local_task_job_runner.py:234} INFO - Task exited with return code 0
[2025-04-04T09:02:01.938+0000] {taskinstance.py:3280} INFO - 1 downstream tasks scheduled from follow-on schedule check
