[2025-04-04T03:40:03.836+0000] {taskinstance.py:1956} INFO - Dependencies all met for dep_context=non-requeueable deps ti=<TaskInstance: full_pipeline_dag.upload_raw_to_minio manual__2025-04-04T03:39:34.947255+00:00 [queued]>
[2025-04-04T03:40:03.847+0000] {taskinstance.py:1956} INFO - Dependencies all met for dep_context=requeueable deps ti=<TaskInstance: full_pipeline_dag.upload_raw_to_minio manual__2025-04-04T03:39:34.947255+00:00 [queued]>
[2025-04-04T03:40:03.848+0000] {taskinstance.py:2170} INFO - Starting attempt 1 of 3
[2025-04-04T03:40:03.872+0000] {taskinstance.py:2191} INFO - Executing <Task(PythonOperator): upload_raw_to_minio> on 2025-04-04 03:39:34.947255+00:00
[2025-04-04T03:40:03.876+0000] {standard_task_runner.py:60} INFO - Started process 687 to run task
[2025-04-04T03:40:03.878+0000] {standard_task_runner.py:87} INFO - Running: ['airflow', 'tasks', 'run', 'full_pipeline_dag', 'upload_raw_to_minio', 'manual__2025-04-04T03:39:34.947255+00:00', '--job-id', '234', '--raw', '--subdir', 'DAGS_FOLDER/full_pipeline_dag.py', '--cfg-path', '/tmp/tmp9wkjavqb']
[2025-04-04T03:40:03.880+0000] {standard_task_runner.py:88} INFO - Job 234: Subtask upload_raw_to_minio
[2025-04-04T03:40:03.913+0000] {logging_mixin.py:188} WARNING - /home/airflow/.local/lib/python3.8/site-packages/airflow/settings.py:194 DeprecationWarning: The sql_alchemy_conn option in [core] has been moved to the sql_alchemy_conn option in [database] - the old setting has been used, but please update your config.
[2025-04-04T03:40:03.988+0000] {task_command.py:423} INFO - Running <TaskInstance: full_pipeline_dag.upload_raw_to_minio manual__2025-04-04T03:39:34.947255+00:00 [running]> on host d1dcd11a0d3d
[2025-04-04T03:40:04.155+0000] {taskinstance.py:2480} INFO - Exporting env vars: AIRFLOW_CTX_DAG_OWNER='airflow' AIRFLOW_CTX_DAG_ID='full_pipeline_dag' AIRFLOW_CTX_TASK_ID='upload_raw_to_minio' AIRFLOW_CTX_EXECUTION_DATE='2025-04-04T03:39:34.947255+00:00' AIRFLOW_CTX_TRY_NUMBER='1' AIRFLOW_CTX_DAG_RUN_ID='manual__2025-04-04T03:39:34.947255+00:00'
[2025-04-04T03:40:04.784+0000] {base.py:83} INFO - Using connection ID 'minio_conn' for task execution.
[2025-04-04T03:40:04.785+0000] {connection_wrapper.py:378} INFO - AWS Connection (conn_id='minio_conn', conn_type='aws') credentials retrieved from login and password.
[2025-04-04T03:40:04.786+0000] {logging_mixin.py:188} WARNING - <string>:9 AirflowProviderDeprecationWarning: extra['host'] is deprecated and will be removed in a future release. Please set extra['endpoint_url'] instead
[2025-04-04T03:40:05.272+0000] {logging_mixin.py:188} INFO - 🆕 Bucket 'nyc-taxi' not found. Creating...
[2025-04-04T03:40:05.281+0000] {logging_mixin.py:188} INFO - ✅ Bucket 'nyc-taxi' created.
[2025-04-04T03:40:05.282+0000] {logging_mixin.py:188} INFO - ☁️ Uploading /opt/data/raw/yellow_tripdata_2023-01.parquet to s3://nyc-taxi/raw/yellow_tripdata_2023-01.parquet
[2025-04-04T03:40:06.057+0000] {logging_mixin.py:188} INFO - ✅ Upload complete using S3Hook!
[2025-04-04T03:40:06.058+0000] {python.py:201} INFO - Done. Returned value was: None
[2025-04-04T03:40:06.078+0000] {taskinstance.py:1138} INFO - Marking task as SUCCESS. dag_id=full_pipeline_dag, task_id=upload_raw_to_minio, execution_date=20250404T033934, start_date=20250404T034003, end_date=20250404T034006
[2025-04-04T03:40:06.180+0000] {local_task_job_runner.py:234} INFO - Task exited with return code 0
[2025-04-04T03:40:06.296+0000] {taskinstance.py:3280} INFO - 1 downstream tasks scheduled from follow-on schedule check
