[2025-04-04T08:48:27.802+0000] {taskinstance.py:1956} INFO - Dependencies all met for dep_context=non-requeueable deps ti=<TaskInstance: full_pipeline_dag.load_to_postgres manual__2025-04-04T08:16:15.521213+00:00 [queued]>
[2025-04-04T08:48:27.819+0000] {taskinstance.py:1956} INFO - Dependencies all met for dep_context=requeueable deps ti=<TaskInstance: full_pipeline_dag.load_to_postgres manual__2025-04-04T08:16:15.521213+00:00 [queued]>
[2025-04-04T08:48:27.820+0000] {taskinstance.py:2170} INFO - Starting attempt 3 of 3
[2025-04-04T08:48:27.865+0000] {taskinstance.py:2191} INFO - Executing <Task(SparkSubmitOperator): load_to_postgres> on 2025-04-04 08:16:15.521213+00:00
[2025-04-04T08:48:27.869+0000] {standard_task_runner.py:60} INFO - Started process 1795 to run task
[2025-04-04T08:48:27.874+0000] {standard_task_runner.py:87} INFO - Running: ['airflow', 'tasks', 'run', 'full_pipeline_dag', 'load_to_postgres', 'manual__2025-04-04T08:16:15.521213+00:00', '--job-id', '278', '--raw', '--subdir', 'DAGS_FOLDER/full_pipeline_dag.py', '--cfg-path', '/tmp/tmpyzzoldef']
[2025-04-04T08:48:27.876+0000] {standard_task_runner.py:88} INFO - Job 278: Subtask load_to_postgres
[2025-04-04T08:48:27.919+0000] {logging_mixin.py:188} WARNING - /home/airflow/.local/lib/python3.8/site-packages/airflow/settings.py:194 DeprecationWarning: The sql_alchemy_conn option in [core] has been moved to the sql_alchemy_conn option in [database] - the old setting has been used, but please update your config.
[2025-04-04T08:48:27.983+0000] {task_command.py:423} INFO - Running <TaskInstance: full_pipeline_dag.load_to_postgres manual__2025-04-04T08:16:15.521213+00:00 [running]> on host 43987fe3142a
[2025-04-04T08:48:28.246+0000] {taskinstance.py:2480} INFO - Exporting env vars: AIRFLOW_CTX_DAG_OWNER='airflow' AIRFLOW_CTX_DAG_ID='full_pipeline_dag' AIRFLOW_CTX_TASK_ID='load_to_postgres' AIRFLOW_CTX_EXECUTION_DATE='2025-04-04T08:16:15.521213+00:00' AIRFLOW_CTX_TRY_NUMBER='3' AIRFLOW_CTX_DAG_RUN_ID='manual__2025-04-04T08:16:15.521213+00:00'
[2025-04-04T08:48:28.275+0000] {base.py:83} INFO - Using connection ID 'spark_default' for task execution.
[2025-04-04T08:48:28.279+0000] {spark_submit.py:473} INFO - Spark-Submit cmd: spark-submit --master spark://spark-master:7077 --conf spark.hadoop.fs.s3a.impl=org.apache.hadoop.fs.s3a.S3AFileSystem --conf spark.hadoop.fs.s3a.access.key=minioadmin --conf spark.hadoop.fs.s3a.secret.key=****** --conf spark.hadoop.fs.s3a.endpoint=http://minio:9000 --conf spark.hadoop.fs.s3a.path.style.access=true --conf spark.hadoop.fs.s3a.connection.ssl.enabled=false --conf spark.hadoop.fs.s3a.aws.credentials.provider=org.apache.hadoop.fs.s3a.SimpleAWSCredentialsProvider --jars /opt/spark-extra-jars/hadoop-aws-3.3.6.jar,/opt/spark-extra-jars/aws-java-sdk-bundle-1.12.696.jar,/opt/spark-extra-jars/hadoop-common-3.3.6.jar,/opt/spark-extra-jars/postgresql-42.7.5.jar --name arrow-spark --verbose --queue root.default --deploy-mode client /opt/spark-app/load_to_postgres.py
[2025-04-04T08:48:28.303+0000] {spark_submit.py:649} INFO - /opt/spark/bin/load-spark-env.sh: line 68: ps: command not found
[2025-04-04T08:48:29.556+0000] {spark_submit.py:649} INFO - Using properties file: null
[2025-04-04T08:48:29.640+0000] {spark_submit.py:649} INFO - Parsed arguments:
[2025-04-04T08:48:29.641+0000] {spark_submit.py:649} INFO - master                  spark://spark-master:7077
[2025-04-04T08:48:29.642+0000] {spark_submit.py:649} INFO - remote                  null
[2025-04-04T08:48:29.642+0000] {spark_submit.py:649} INFO - deployMode              client
[2025-04-04T08:48:29.643+0000] {spark_submit.py:649} INFO - executorMemory          null
[2025-04-04T08:48:29.644+0000] {spark_submit.py:649} INFO - executorCores           null
[2025-04-04T08:48:29.644+0000] {spark_submit.py:649} INFO - totalExecutorCores      null
[2025-04-04T08:48:29.645+0000] {spark_submit.py:649} INFO - propertiesFile          null
[2025-04-04T08:48:29.646+0000] {spark_submit.py:649} INFO - driverMemory            null
[2025-04-04T08:48:29.646+0000] {spark_submit.py:649} INFO - driverCores             null
[2025-04-04T08:48:29.647+0000] {spark_submit.py:649} INFO - driverExtraClassPath    null
[2025-04-04T08:48:29.647+0000] {spark_submit.py:649} INFO - driverExtraLibraryPath  null
[2025-04-04T08:48:29.648+0000] {spark_submit.py:649} INFO - driverExtraJavaOptions  null
[2025-04-04T08:48:29.649+0000] {spark_submit.py:649} INFO - supervise               false
[2025-04-04T08:48:29.649+0000] {spark_submit.py:649} INFO - queue                   root.default
[2025-04-04T08:48:29.649+0000] {spark_submit.py:649} INFO - numExecutors            null
[2025-04-04T08:48:29.650+0000] {spark_submit.py:649} INFO - files                   null
[2025-04-04T08:48:29.651+0000] {spark_submit.py:649} INFO - pyFiles                 null
[2025-04-04T08:48:29.651+0000] {spark_submit.py:649} INFO - archives                null
[2025-04-04T08:48:29.652+0000] {spark_submit.py:649} INFO - mainClass               null
[2025-04-04T08:48:29.652+0000] {spark_submit.py:649} INFO - primaryResource         file:/opt/spark-app/load_to_postgres.py
[2025-04-04T08:48:29.653+0000] {spark_submit.py:649} INFO - name                    arrow-spark
[2025-04-04T08:48:29.654+0000] {spark_submit.py:649} INFO - childArgs               []
[2025-04-04T08:48:29.655+0000] {spark_submit.py:649} INFO - jars                    file:/opt/spark-extra-jars/hadoop-aws-3.3.6.jar,file:/opt/spark-extra-jars/aws-java-sdk-bundle-1.12.696.jar,file:/opt/spark-extra-jars/hadoop-common-3.3.6.jar,file:/opt/spark-extra-jars/postgresql-42.7.5.jar
[2025-04-04T08:48:29.655+0000] {spark_submit.py:649} INFO - packages                null
[2025-04-04T08:48:29.656+0000] {spark_submit.py:649} INFO - packagesExclusions      null
[2025-04-04T08:48:29.657+0000] {spark_submit.py:649} INFO - repositories            null
[2025-04-04T08:48:29.658+0000] {spark_submit.py:649} INFO - verbose                 true
[2025-04-04T08:48:29.658+0000] {spark_submit.py:649} INFO - 
[2025-04-04T08:48:29.659+0000] {spark_submit.py:649} INFO - Spark properties used, including those specified through
[2025-04-04T08:48:29.660+0000] {spark_submit.py:649} INFO - --conf and those from the properties file null:
[2025-04-04T08:48:29.660+0000] {spark_submit.py:649} INFO - (spark.hadoop.fs.s3a.access.key,*********(redacted))
[2025-04-04T08:48:29.661+0000] {spark_submit.py:649} INFO - (spark.hadoop.fs.s3a.aws.credentials.provider,org.apache.hadoop.fs.s3a.SimpleAWSCredentialsProvider)
[2025-04-04T08:48:29.662+0000] {spark_submit.py:649} INFO - (spark.hadoop.fs.s3a.connection.ssl.enabled,false)
[2025-04-04T08:48:29.663+0000] {spark_submit.py:649} INFO - (spark.hadoop.fs.s3a.endpoint,http://minio:9000)
[2025-04-04T08:48:29.663+0000] {spark_submit.py:649} INFO - (spark.hadoop.fs.s3a.impl,org.apache.hadoop.fs.s3a.S3AFileSystem)
[2025-04-04T08:48:29.664+0000] {spark_submit.py:649} INFO - (spark.hadoop.fs.s3a.path.style.access,true)
[2025-04-04T08:48:29.665+0000] {spark_submit.py:649} INFO - (spark.hadoop.fs.s3a.secret.key,*********(redacted))
[2025-04-04T08:48:29.665+0000] {spark_submit.py:649} INFO - 
[2025-04-04T08:48:29.666+0000] {spark_submit.py:649} INFO - 
[2025-04-04T08:48:29.929+0000] {spark_submit.py:649} INFO - 25/04/04 08:48:29 WARN NativeCodeLoader: Unable to load native-hadoop library for your platform... using builtin-java classes where applicable
[2025-04-04T08:48:30.142+0000] {spark_submit.py:649} INFO - Main class:
[2025-04-04T08:48:30.143+0000] {spark_submit.py:649} INFO - org.apache.spark.deploy.PythonRunner
[2025-04-04T08:48:30.143+0000] {spark_submit.py:649} INFO - Arguments:
[2025-04-04T08:48:30.144+0000] {spark_submit.py:649} INFO - file:/opt/spark-app/load_to_postgres.py
[2025-04-04T08:48:30.145+0000] {spark_submit.py:649} INFO - null
[2025-04-04T08:48:30.146+0000] {spark_submit.py:649} INFO - Spark config:
[2025-04-04T08:48:30.147+0000] {spark_submit.py:649} INFO - (spark.app.name,arrow-spark)
[2025-04-04T08:48:30.147+0000] {spark_submit.py:649} INFO - (spark.app.submitTime,1743756510124)
[2025-04-04T08:48:30.148+0000] {spark_submit.py:649} INFO - (spark.hadoop.fs.s3a.access.key,*********(redacted))
[2025-04-04T08:48:30.149+0000] {spark_submit.py:649} INFO - (spark.hadoop.fs.s3a.aws.credentials.provider,org.apache.hadoop.fs.s3a.SimpleAWSCredentialsProvider)
[2025-04-04T08:48:30.149+0000] {spark_submit.py:649} INFO - (spark.hadoop.fs.s3a.connection.ssl.enabled,false)
[2025-04-04T08:48:30.150+0000] {spark_submit.py:649} INFO - (spark.hadoop.fs.s3a.endpoint,http://minio:9000)
[2025-04-04T08:48:30.151+0000] {spark_submit.py:649} INFO - (spark.hadoop.fs.s3a.impl,org.apache.hadoop.fs.s3a.S3AFileSystem)
[2025-04-04T08:48:30.151+0000] {spark_submit.py:649} INFO - (spark.hadoop.fs.s3a.path.style.access,true)
[2025-04-04T08:48:30.152+0000] {spark_submit.py:649} INFO - (spark.hadoop.fs.s3a.secret.key,*********(redacted))
[2025-04-04T08:48:30.152+0000] {spark_submit.py:649} INFO - (spark.jars,file:///opt/spark-extra-jars/hadoop-aws-3.3.6.jar,file:///opt/spark-extra-jars/aws-java-sdk-bundle-1.12.696.jar,file:///opt/spark-extra-jars/hadoop-common-3.3.6.jar,file:///opt/spark-extra-jars/postgresql-42.7.5.jar)
[2025-04-04T08:48:30.153+0000] {spark_submit.py:649} INFO - (spark.master,spark://spark-master:7077)
[2025-04-04T08:48:30.153+0000] {spark_submit.py:649} INFO - (spark.repl.local.jars,file:///opt/spark-extra-jars/hadoop-aws-3.3.6.jar,file:///opt/spark-extra-jars/aws-java-sdk-bundle-1.12.696.jar,file:///opt/spark-extra-jars/hadoop-common-3.3.6.jar,file:///opt/spark-extra-jars/postgresql-42.7.5.jar)
[2025-04-04T08:48:30.154+0000] {spark_submit.py:649} INFO - (spark.submit.deployMode,client)
[2025-04-04T08:48:30.154+0000] {spark_submit.py:649} INFO - (spark.submit.pyFiles,)
[2025-04-04T08:48:30.155+0000] {spark_submit.py:649} INFO - Classpath elements:
[2025-04-04T08:48:30.155+0000] {spark_submit.py:649} INFO - file:///opt/spark-extra-jars/hadoop-aws-3.3.6.jar
[2025-04-04T08:48:30.156+0000] {spark_submit.py:649} INFO - file:///opt/spark-extra-jars/aws-java-sdk-bundle-1.12.696.jar
[2025-04-04T08:48:30.156+0000] {spark_submit.py:649} INFO - file:///opt/spark-extra-jars/hadoop-common-3.3.6.jar
[2025-04-04T08:48:30.157+0000] {spark_submit.py:649} INFO - file:///opt/spark-extra-jars/postgresql-42.7.5.jar
[2025-04-04T08:48:30.157+0000] {spark_submit.py:649} INFO - 
[2025-04-04T08:48:30.158+0000] {spark_submit.py:649} INFO - 
[2025-04-04T08:48:31.899+0000] {spark_submit.py:649} INFO - 25/04/04 08:48:31 INFO SparkContext: Running Spark version 3.5.0
[2025-04-04T08:48:31.900+0000] {spark_submit.py:649} INFO - 25/04/04 08:48:31 INFO SparkContext: OS info Linux, 5.15.167.4-microsoft-standard-WSL2, amd64
[2025-04-04T08:48:31.900+0000] {spark_submit.py:649} INFO - 25/04/04 08:48:31 INFO SparkContext: Java version 17.0.14
[2025-04-04T08:48:31.923+0000] {spark_submit.py:649} INFO - 25/04/04 08:48:31 INFO ResourceUtils: ==============================================================
[2025-04-04T08:48:31.925+0000] {spark_submit.py:649} INFO - 25/04/04 08:48:31 INFO ResourceUtils: No custom resources configured for spark.driver.
[2025-04-04T08:48:31.925+0000] {spark_submit.py:649} INFO - 25/04/04 08:48:31 INFO ResourceUtils: ==============================================================
[2025-04-04T08:48:31.926+0000] {spark_submit.py:649} INFO - 25/04/04 08:48:31 INFO SparkContext: Submitted application: LoadCleanedToPostgres
[2025-04-04T08:48:31.939+0000] {spark_submit.py:649} INFO - 25/04/04 08:48:31 INFO ResourceProfile: Default ResourceProfile created, executor resources: Map(memory -> name: memory, amount: 1024, script: , vendor: , offHeap -> name: offHeap, amount: 0, script: , vendor: ), task resources: Map(cpus -> name: cpus, amount: 1.0)
[2025-04-04T08:48:31.944+0000] {spark_submit.py:649} INFO - 25/04/04 08:48:31 INFO ResourceProfile: Limiting resource is cpu
[2025-04-04T08:48:31.945+0000] {spark_submit.py:649} INFO - 25/04/04 08:48:31 INFO ResourceProfileManager: Added ResourceProfile id: 0
[2025-04-04T08:48:31.981+0000] {spark_submit.py:649} INFO - 25/04/04 08:48:31 INFO SecurityManager: Changing view acls to: airflow
[2025-04-04T08:48:31.981+0000] {spark_submit.py:649} INFO - 25/04/04 08:48:31 INFO SecurityManager: Changing modify acls to: airflow
[2025-04-04T08:48:31.982+0000] {spark_submit.py:649} INFO - 25/04/04 08:48:31 INFO SecurityManager: Changing view acls groups to:
[2025-04-04T08:48:31.982+0000] {spark_submit.py:649} INFO - 25/04/04 08:48:31 INFO SecurityManager: Changing modify acls groups to:
[2025-04-04T08:48:31.983+0000] {spark_submit.py:649} INFO - 25/04/04 08:48:31 INFO SecurityManager: SecurityManager: authentication disabled; ui acls disabled; users with view permissions: airflow; groups with view permissions: EMPTY; users with modify permissions: airflow; groups with modify permissions: EMPTY
[2025-04-04T08:48:32.160+0000] {spark_submit.py:649} INFO - 25/04/04 08:48:32 INFO Utils: Successfully started service 'sparkDriver' on port 37687.
[2025-04-04T08:48:32.181+0000] {spark_submit.py:649} INFO - 25/04/04 08:48:32 INFO SparkEnv: Registering MapOutputTracker
[2025-04-04T08:48:32.212+0000] {spark_submit.py:649} INFO - 25/04/04 08:48:32 INFO SparkEnv: Registering BlockManagerMaster
[2025-04-04T08:48:32.227+0000] {spark_submit.py:649} INFO - 25/04/04 08:48:32 INFO BlockManagerMasterEndpoint: Using org.apache.spark.storage.DefaultTopologyMapper for getting topology information
[2025-04-04T08:48:32.227+0000] {spark_submit.py:649} INFO - 25/04/04 08:48:32 INFO BlockManagerMasterEndpoint: BlockManagerMasterEndpoint up
[2025-04-04T08:48:32.231+0000] {spark_submit.py:649} INFO - 25/04/04 08:48:32 INFO SparkEnv: Registering BlockManagerMasterHeartbeat
[2025-04-04T08:48:32.254+0000] {spark_submit.py:649} INFO - 25/04/04 08:48:32 INFO DiskBlockManager: Created local directory at /tmp/blockmgr-fb1f703f-912c-4ddf-b38c-b24675351809
[2025-04-04T08:48:32.265+0000] {spark_submit.py:649} INFO - 25/04/04 08:48:32 INFO MemoryStore: MemoryStore started with capacity 434.4 MiB
[2025-04-04T08:48:32.279+0000] {spark_submit.py:649} INFO - 25/04/04 08:48:32 INFO SparkEnv: Registering OutputCommitCoordinator
[2025-04-04T08:48:32.378+0000] {spark_submit.py:649} INFO - 25/04/04 08:48:32 INFO JettyUtils: Start Jetty 0.0.0.0:4040 for SparkUI
[2025-04-04T08:48:32.447+0000] {spark_submit.py:649} INFO - 25/04/04 08:48:32 INFO Utils: Successfully started service 'SparkUI' on port 4040.
[2025-04-04T08:48:32.477+0000] {spark_submit.py:649} INFO - 25/04/04 08:48:32 INFO SparkContext: Added JAR file:///opt/spark-extra-jars/hadoop-aws-3.3.6.jar at spark://43987fe3142a:37687/jars/hadoop-aws-3.3.6.jar with timestamp 1743756511892
[2025-04-04T08:48:32.478+0000] {spark_submit.py:649} INFO - 25/04/04 08:48:32 INFO SparkContext: Added JAR file:///opt/spark-extra-jars/aws-java-sdk-bundle-1.12.696.jar at spark://43987fe3142a:37687/jars/aws-java-sdk-bundle-1.12.696.jar with timestamp 1743756511892
[2025-04-04T08:48:32.479+0000] {spark_submit.py:649} INFO - 25/04/04 08:48:32 INFO SparkContext: Added JAR file:///opt/spark-extra-jars/hadoop-common-3.3.6.jar at spark://43987fe3142a:37687/jars/hadoop-common-3.3.6.jar with timestamp 1743756511892
[2025-04-04T08:48:32.481+0000] {spark_submit.py:649} INFO - 25/04/04 08:48:32 INFO SparkContext: Added JAR file:///opt/spark-extra-jars/postgresql-42.7.5.jar at spark://43987fe3142a:37687/jars/postgresql-42.7.5.jar with timestamp 1743756511892
[2025-04-04T08:48:32.536+0000] {spark_submit.py:649} INFO - 25/04/04 08:48:32 INFO StandaloneAppClient$ClientEndpoint: Connecting to master spark://spark-master:7077...
[2025-04-04T08:48:32.581+0000] {spark_submit.py:649} INFO - 25/04/04 08:48:32 INFO TransportClientFactory: Successfully created connection to spark-master/172.24.0.4:7077 after 23 ms (0 ms spent in bootstraps)
[2025-04-04T08:48:32.653+0000] {spark_submit.py:649} INFO - 25/04/04 08:48:32 INFO StandaloneSchedulerBackend: Connected to Spark cluster with app ID app-20250404084832-0007
[2025-04-04T08:48:32.655+0000] {spark_submit.py:649} INFO - 25/04/04 08:48:32 INFO StandaloneAppClient$ClientEndpoint: Executor added: app-20250404084832-0007/0 on worker-20250404081326-172.24.0.8-45963 (172.24.0.8:45963) with 2 core(s)
[2025-04-04T08:48:32.658+0000] {spark_submit.py:649} INFO - 25/04/04 08:48:32 INFO StandaloneSchedulerBackend: Granted executor ID app-20250404084832-0007/0 on hostPort 172.24.0.8:45963 with 2 core(s), 1024.0 MiB RAM
[2025-04-04T08:48:32.662+0000] {spark_submit.py:649} INFO - 25/04/04 08:48:32 INFO Utils: Successfully started service 'org.apache.spark.network.netty.NettyBlockTransferService' on port 39885.
[2025-04-04T08:48:32.662+0000] {spark_submit.py:649} INFO - 25/04/04 08:48:32 INFO NettyBlockTransferService: Server created on 43987fe3142a:39885
[2025-04-04T08:48:32.664+0000] {spark_submit.py:649} INFO - 25/04/04 08:48:32 INFO BlockManager: Using org.apache.spark.storage.RandomBlockReplicationPolicy for block replication policy
[2025-04-04T08:48:32.674+0000] {spark_submit.py:649} INFO - 25/04/04 08:48:32 INFO BlockManagerMaster: Registering BlockManager BlockManagerId(driver, 43987fe3142a, 39885, None)
[2025-04-04T08:48:32.677+0000] {spark_submit.py:649} INFO - 25/04/04 08:48:32 INFO BlockManagerMasterEndpoint: Registering block manager 43987fe3142a:39885 with 434.4 MiB RAM, BlockManagerId(driver, 43987fe3142a, 39885, None)
[2025-04-04T08:48:32.679+0000] {spark_submit.py:649} INFO - 25/04/04 08:48:32 INFO BlockManagerMaster: Registered BlockManager BlockManagerId(driver, 43987fe3142a, 39885, None)
[2025-04-04T08:48:32.680+0000] {spark_submit.py:649} INFO - 25/04/04 08:48:32 INFO BlockManager: Initialized BlockManager: BlockManagerId(driver, 43987fe3142a, 39885, None)
[2025-04-04T08:48:32.743+0000] {spark_submit.py:649} INFO - 25/04/04 08:48:32 INFO StandaloneAppClient$ClientEndpoint: Executor updated: app-20250404084832-0007/0 is now RUNNING
[2025-04-04T08:48:32.980+0000] {spark_submit.py:649} INFO - 25/04/04 08:48:32 INFO StandaloneSchedulerBackend: SchedulerBackend is ready for scheduling beginning after reached minRegisteredResourcesRatio: 0.0
[2025-04-04T08:48:33.150+0000] {spark_submit.py:649} INFO - 🚀 SparkSession ready!
[2025-04-04T08:48:33.151+0000] {spark_submit.py:649} INFO - 📥 Loading cleaned data from MinIO...
[2025-04-04T08:48:33.155+0000] {spark_submit.py:649} INFO - 25/04/04 08:48:33 INFO SharedState: Setting hive.metastore.warehouse.dir ('null') to the value of spark.sql.warehouse.dir.
[2025-04-04T08:48:33.157+0000] {spark_submit.py:649} INFO - 25/04/04 08:48:33 INFO SharedState: Warehouse path is 'file:/opt/airflow/spark-warehouse'.
[2025-04-04T08:48:34.088+0000] {spark_submit.py:649} INFO - 25/04/04 08:48:34 WARN MetricsConfig: Cannot locate configuration: tried hadoop-metrics2-s3a-file-system.properties,hadoop-metrics2.properties
[2025-04-04T08:48:34.109+0000] {spark_submit.py:649} INFO - 25/04/04 08:48:34 INFO MetricsSystemImpl: Scheduled Metric snapshot period at 10 second(s).
[2025-04-04T08:48:34.110+0000] {spark_submit.py:649} INFO - 25/04/04 08:48:34 INFO MetricsSystemImpl: s3a-file-system metrics system started
[2025-04-04T08:48:35.090+0000] {spark_submit.py:649} INFO - 25/04/04 08:48:35 INFO StandaloneSchedulerBackend$StandaloneDriverEndpoint: Registered executor NettyRpcEndpointRef(spark-client://Executor) (172.24.0.8:50640) with ID 0,  ResourceProfileId 0
[2025-04-04T08:48:35.156+0000] {spark_submit.py:649} INFO - 25/04/04 08:48:35 INFO BlockManagerMasterEndpoint: Registering block manager 172.24.0.8:37951 with 434.4 MiB RAM, BlockManagerId(0, 172.24.0.8, 37951, None)
[2025-04-04T08:48:36.524+0000] {spark_submit.py:649} INFO - 25/04/04 08:48:36 INFO InMemoryFileIndex: It took 76 ms to list leaf files for 1 paths.
[2025-04-04T08:48:36.865+0000] {spark_submit.py:649} INFO - 25/04/04 08:48:36 INFO SparkContext: Starting job: parquet at NativeMethodAccessorImpl.java:0
[2025-04-04T08:48:36.885+0000] {spark_submit.py:649} INFO - 25/04/04 08:48:36 INFO DAGScheduler: Got job 0 (parquet at NativeMethodAccessorImpl.java:0) with 1 output partitions
[2025-04-04T08:48:36.886+0000] {spark_submit.py:649} INFO - 25/04/04 08:48:36 INFO DAGScheduler: Final stage: ResultStage 0 (parquet at NativeMethodAccessorImpl.java:0)
[2025-04-04T08:48:36.887+0000] {spark_submit.py:649} INFO - 25/04/04 08:48:36 INFO DAGScheduler: Parents of final stage: List()
[2025-04-04T08:48:36.888+0000] {spark_submit.py:649} INFO - 25/04/04 08:48:36 INFO DAGScheduler: Missing parents: List()
[2025-04-04T08:48:36.892+0000] {spark_submit.py:649} INFO - 25/04/04 08:48:36 INFO DAGScheduler: Submitting ResultStage 0 (MapPartitionsRDD[1] at parquet at NativeMethodAccessorImpl.java:0), which has no missing parents
[2025-04-04T08:48:36.960+0000] {spark_submit.py:649} INFO - 25/04/04 08:48:36 INFO MemoryStore: Block broadcast_0 stored as values in memory (estimated size 105.0 KiB, free 434.3 MiB)
[2025-04-04T08:48:36.994+0000] {spark_submit.py:649} INFO - 25/04/04 08:48:36 INFO MemoryStore: Block broadcast_0_piece0 stored as bytes in memory (estimated size 38.1 KiB, free 434.3 MiB)
[2025-04-04T08:48:36.997+0000] {spark_submit.py:649} INFO - 25/04/04 08:48:36 INFO BlockManagerInfo: Added broadcast_0_piece0 in memory on 43987fe3142a:39885 (size: 38.1 KiB, free: 434.4 MiB)
[2025-04-04T08:48:37.000+0000] {spark_submit.py:649} INFO - 25/04/04 08:48:37 INFO SparkContext: Created broadcast 0 from broadcast at DAGScheduler.scala:1580
[2025-04-04T08:48:37.015+0000] {spark_submit.py:649} INFO - 25/04/04 08:48:37 INFO DAGScheduler: Submitting 1 missing tasks from ResultStage 0 (MapPartitionsRDD[1] at parquet at NativeMethodAccessorImpl.java:0) (first 15 tasks are for partitions Vector(0))
[2025-04-04T08:48:37.016+0000] {spark_submit.py:649} INFO - 25/04/04 08:48:37 INFO TaskSchedulerImpl: Adding task set 0.0 with 1 tasks resource profile 0
[2025-04-04T08:48:40.066+0000] {spark_submit.py:649} INFO - 25/04/04 08:48:40 INFO TaskSetManager: Starting task 0.0 in stage 0.0 (TID 0) (172.24.0.8, executor 0, partition 0, PROCESS_LOCAL, 8283 bytes)
[2025-04-04T08:48:40.266+0000] {spark_submit.py:649} INFO - 25/04/04 08:48:40 INFO BlockManagerInfo: Added broadcast_0_piece0 in memory on 172.24.0.8:37951 (size: 38.1 KiB, free: 434.4 MiB)
[2025-04-04T08:48:41.621+0000] {spark_submit.py:649} INFO - 25/04/04 08:48:41 INFO TaskSetManager: Finished task 0.0 in stage 0.0 (TID 0) in 1568 ms on 172.24.0.8 (executor 0) (1/1)
[2025-04-04T08:48:41.623+0000] {spark_submit.py:649} INFO - 25/04/04 08:48:41 INFO TaskSchedulerImpl: Removed TaskSet 0.0, whose tasks have all completed, from pool
[2025-04-04T08:48:41.626+0000] {spark_submit.py:649} INFO - 25/04/04 08:48:41 INFO DAGScheduler: ResultStage 0 (parquet at NativeMethodAccessorImpl.java:0) finished in 4.716 s
[2025-04-04T08:48:41.627+0000] {spark_submit.py:649} INFO - 25/04/04 08:48:41 INFO DAGScheduler: Job 0 is finished. Cancelling potential speculative or zombie tasks for this job
[2025-04-04T08:48:41.628+0000] {spark_submit.py:649} INFO - 25/04/04 08:48:41 INFO TaskSchedulerImpl: Killing all running tasks in stage 0: Stage finished
[2025-04-04T08:48:41.629+0000] {spark_submit.py:649} INFO - 25/04/04 08:48:41 INFO DAGScheduler: Job 0 finished: parquet at NativeMethodAccessorImpl.java:0, took 4.764510 s
[2025-04-04T08:48:42.065+0000] {spark_submit.py:649} INFO - 📤 Writing to PostgreSQL...
[2025-04-04T08:48:42.230+0000] {spark_submit.py:649} INFO - 25/04/04 08:48:42 INFO BlockManagerInfo: Removed broadcast_0_piece0 on 43987fe3142a:39885 in memory (size: 38.1 KiB, free: 434.4 MiB)
[2025-04-04T08:48:42.239+0000] {spark_submit.py:649} INFO - 25/04/04 08:48:42 INFO BlockManagerInfo: Removed broadcast_0_piece0 on 172.24.0.8:37951 in memory (size: 38.1 KiB, free: 434.4 MiB)
[2025-04-04T08:48:42.904+0000] {spark_submit.py:649} INFO - 25/04/04 08:48:42 INFO FileSourceStrategy: Pushed Filters:
[2025-04-04T08:48:42.905+0000] {spark_submit.py:649} INFO - 25/04/04 08:48:42 INFO FileSourceStrategy: Post-Scan Filters:
[2025-04-04T08:48:43.200+0000] {spark_submit.py:649} INFO - 25/04/04 08:48:43 INFO CodeGenerator: Code generated in 244.150818 ms
[2025-04-04T08:48:43.225+0000] {spark_submit.py:649} INFO - 25/04/04 08:48:43 INFO MemoryStore: Block broadcast_1 stored as values in memory (estimated size 207.0 KiB, free 434.2 MiB)
[2025-04-04T08:48:43.241+0000] {spark_submit.py:649} INFO - 25/04/04 08:48:43 INFO MemoryStore: Block broadcast_1_piece0 stored as bytes in memory (estimated size 36.6 KiB, free 434.2 MiB)
[2025-04-04T08:48:43.244+0000] {spark_submit.py:649} INFO - 25/04/04 08:48:43 INFO BlockManagerInfo: Added broadcast_1_piece0 in memory on 43987fe3142a:39885 (size: 36.6 KiB, free: 434.4 MiB)
[2025-04-04T08:48:43.247+0000] {spark_submit.py:649} INFO - 25/04/04 08:48:43 INFO SparkContext: Created broadcast 1 from save at NativeMethodAccessorImpl.java:0
[2025-04-04T08:48:43.269+0000] {spark_submit.py:649} INFO - 25/04/04 08:48:43 INFO FileSourceScanExec: Planning scan with bin packing, max size: 32895605 bytes, open cost is considered as scanning 4194304 bytes.
[2025-04-04T08:48:43.348+0000] {spark_submit.py:649} INFO - 25/04/04 08:48:43 INFO SparkContext: Starting job: save at NativeMethodAccessorImpl.java:0
[2025-04-04T08:48:43.350+0000] {spark_submit.py:649} INFO - 25/04/04 08:48:43 INFO DAGScheduler: Got job 1 (save at NativeMethodAccessorImpl.java:0) with 2 output partitions
[2025-04-04T08:48:43.351+0000] {spark_submit.py:649} INFO - 25/04/04 08:48:43 INFO DAGScheduler: Final stage: ResultStage 1 (save at NativeMethodAccessorImpl.java:0)
[2025-04-04T08:48:43.351+0000] {spark_submit.py:649} INFO - 25/04/04 08:48:43 INFO DAGScheduler: Parents of final stage: List()
[2025-04-04T08:48:43.352+0000] {spark_submit.py:649} INFO - 25/04/04 08:48:43 INFO DAGScheduler: Missing parents: List()
[2025-04-04T08:48:43.353+0000] {spark_submit.py:649} INFO - 25/04/04 08:48:43 INFO DAGScheduler: Submitting ResultStage 1 (MapPartitionsRDD[7] at save at NativeMethodAccessorImpl.java:0), which has no missing parents
[2025-04-04T08:48:43.380+0000] {spark_submit.py:649} INFO - 25/04/04 08:48:43 INFO MemoryStore: Block broadcast_2 stored as values in memory (estimated size 47.1 KiB, free 434.1 MiB)
[2025-04-04T08:48:43.390+0000] {spark_submit.py:649} INFO - 25/04/04 08:48:43 INFO MemoryStore: Block broadcast_2_piece0 stored as bytes in memory (estimated size 17.6 KiB, free 434.1 MiB)
[2025-04-04T08:48:43.392+0000] {spark_submit.py:649} INFO - 25/04/04 08:48:43 INFO BlockManagerInfo: Added broadcast_2_piece0 in memory on 43987fe3142a:39885 (size: 17.6 KiB, free: 434.3 MiB)
[2025-04-04T08:48:43.394+0000] {spark_submit.py:649} INFO - 25/04/04 08:48:43 INFO SparkContext: Created broadcast 2 from broadcast at DAGScheduler.scala:1580
[2025-04-04T08:48:43.397+0000] {spark_submit.py:649} INFO - 25/04/04 08:48:43 INFO DAGScheduler: Submitting 2 missing tasks from ResultStage 1 (MapPartitionsRDD[7] at save at NativeMethodAccessorImpl.java:0) (first 15 tasks are for partitions Vector(0, 1))
[2025-04-04T08:48:43.398+0000] {spark_submit.py:649} INFO - 25/04/04 08:48:43 INFO TaskSchedulerImpl: Adding task set 1.0 with 2 tasks resource profile 0
[2025-04-04T08:48:43.404+0000] {spark_submit.py:649} INFO - 25/04/04 08:48:43 INFO TaskSetManager: Starting task 0.0 in stage 1.0 (TID 1) (172.24.0.8, executor 0, partition 0, PROCESS_LOCAL, 8788 bytes)
[2025-04-04T08:48:43.406+0000] {spark_submit.py:649} INFO - 25/04/04 08:48:43 INFO TaskSetManager: Starting task 1.0 in stage 1.0 (TID 2) (172.24.0.8, executor 0, partition 1, PROCESS_LOCAL, 8788 bytes)
[2025-04-04T08:48:43.449+0000] {spark_submit.py:649} INFO - 25/04/04 08:48:43 INFO BlockManagerInfo: Added broadcast_2_piece0 in memory on 172.24.0.8:37951 (size: 17.6 KiB, free: 434.4 MiB)
[2025-04-04T08:48:45.005+0000] {spark_submit.py:649} INFO - 25/04/04 08:48:45 INFO BlockManagerInfo: Added broadcast_1_piece0 in memory on 172.24.0.8:37951 (size: 36.6 KiB, free: 434.3 MiB)
[2025-04-04T08:48:45.193+0000] {spark_submit.py:649} INFO - 25/04/04 08:48:45 INFO TaskSetManager: Finished task 1.0 in stage 1.0 (TID 2) in 1788 ms on 172.24.0.8 (executor 0) (1/2)
[2025-04-04T08:49:23.847+0000] {spark_submit.py:649} INFO - 25/04/04 08:49:23 INFO TaskSetManager: Finished task 0.0 in stage 1.0 (TID 1) in 40447 ms on 172.24.0.8 (executor 0) (2/2)
[2025-04-04T08:49:23.848+0000] {spark_submit.py:649} INFO - 25/04/04 08:49:23 INFO TaskSchedulerImpl: Removed TaskSet 1.0, whose tasks have all completed, from pool
[2025-04-04T08:49:23.849+0000] {spark_submit.py:649} INFO - 25/04/04 08:49:23 INFO DAGScheduler: ResultStage 1 (save at NativeMethodAccessorImpl.java:0) finished in 40.494 s
[2025-04-04T08:49:23.849+0000] {spark_submit.py:649} INFO - 25/04/04 08:49:23 INFO DAGScheduler: Job 1 is finished. Cancelling potential speculative or zombie tasks for this job
[2025-04-04T08:49:23.850+0000] {spark_submit.py:649} INFO - 25/04/04 08:49:23 INFO TaskSchedulerImpl: Killing all running tasks in stage 1: Stage finished
[2025-04-04T08:49:23.850+0000] {spark_submit.py:649} INFO - 25/04/04 08:49:23 INFO DAGScheduler: Job 1 finished: save at NativeMethodAccessorImpl.java:0, took 40.502465 s
[2025-04-04T08:49:23.932+0000] {spark_submit.py:649} INFO - ✅ Data loaded into PostgreSQL successfully!
[2025-04-04T08:49:23.970+0000] {spark_submit.py:649} INFO - 25/04/04 08:49:23 INFO SparkContext: Invoking stop() from shutdown hook
[2025-04-04T08:49:23.971+0000] {spark_submit.py:649} INFO - 25/04/04 08:49:23 INFO SparkContext: SparkContext is stopping with exitCode 0.
[2025-04-04T08:49:23.981+0000] {spark_submit.py:649} INFO - 25/04/04 08:49:23 INFO SparkUI: Stopped Spark web UI at http://43987fe3142a:4040
[2025-04-04T08:49:23.984+0000] {spark_submit.py:649} INFO - 25/04/04 08:49:23 INFO StandaloneSchedulerBackend: Shutting down all executors
[2025-04-04T08:49:23.985+0000] {spark_submit.py:649} INFO - 25/04/04 08:49:23 INFO StandaloneSchedulerBackend$StandaloneDriverEndpoint: Asking each executor to shut down
[2025-04-04T08:49:24.003+0000] {spark_submit.py:649} INFO - 25/04/04 08:49:24 INFO MapOutputTrackerMasterEndpoint: MapOutputTrackerMasterEndpoint stopped!
[2025-04-04T08:49:24.027+0000] {spark_submit.py:649} INFO - 25/04/04 08:49:24 INFO MemoryStore: MemoryStore cleared
[2025-04-04T08:49:24.029+0000] {spark_submit.py:649} INFO - 25/04/04 08:49:24 INFO BlockManager: BlockManager stopped
[2025-04-04T08:49:24.031+0000] {spark_submit.py:649} INFO - 25/04/04 08:49:24 INFO BlockManagerMaster: BlockManagerMaster stopped
[2025-04-04T08:49:24.033+0000] {spark_submit.py:649} INFO - 25/04/04 08:49:24 INFO OutputCommitCoordinator$OutputCommitCoordinatorEndpoint: OutputCommitCoordinator stopped!
[2025-04-04T08:49:24.049+0000] {spark_submit.py:649} INFO - 25/04/04 08:49:24 INFO SparkContext: Successfully stopped SparkContext
[2025-04-04T08:49:24.050+0000] {spark_submit.py:649} INFO - 25/04/04 08:49:24 INFO ShutdownHookManager: Shutdown hook called
[2025-04-04T08:49:24.051+0000] {spark_submit.py:649} INFO - 25/04/04 08:49:24 INFO ShutdownHookManager: Deleting directory /tmp/spark-ffa301b2-f5ad-49a9-9356-c0803626cb00/pyspark-a34821e6-8ed4-4a03-b156-ed95b25010d1
[2025-04-04T08:49:24.062+0000] {spark_submit.py:649} INFO - 25/04/04 08:49:24 INFO ShutdownHookManager: Deleting directory /tmp/spark-b16e2cfa-63a1-417b-a379-fdd53334e252
[2025-04-04T08:49:24.074+0000] {spark_submit.py:649} INFO - 25/04/04 08:49:24 INFO ShutdownHookManager: Deleting directory /tmp/spark-ffa301b2-f5ad-49a9-9356-c0803626cb00
[2025-04-04T08:49:24.084+0000] {spark_submit.py:649} INFO - 25/04/04 08:49:24 INFO MetricsSystemImpl: Stopping s3a-file-system metrics system...
[2025-04-04T08:49:24.085+0000] {spark_submit.py:649} INFO - 25/04/04 08:49:24 INFO MetricsSystemImpl: s3a-file-system metrics system stopped.
[2025-04-04T08:49:24.086+0000] {spark_submit.py:649} INFO - 25/04/04 08:49:24 INFO MetricsSystemImpl: s3a-file-system metrics system shutdown complete.
[2025-04-04T08:49:24.162+0000] {taskinstance.py:1138} INFO - Marking task as SUCCESS. dag_id=full_pipeline_dag, task_id=load_to_postgres, execution_date=20250404T081615, start_date=20250404T084827, end_date=20250404T084924
[2025-04-04T08:49:24.394+0000] {local_task_job_runner.py:234} INFO - Task exited with return code 0
[2025-04-04T08:49:24.446+0000] {taskinstance.py:3280} INFO - 1 downstream tasks scheduled from follow-on schedule check
