[2025-04-01T18:23:55.138+0000] {taskinstance.py:1956} INFO - Dependencies all met for dep_context=non-requeueable deps ti=<TaskInstance: run_dbt_models.dbt_run manual__2025-04-01T18:22:45.750011+00:00 [queued]>
[2025-04-01T18:23:55.155+0000] {taskinstance.py:1956} INFO - Dependencies all met for dep_context=requeueable deps ti=<TaskInstance: run_dbt_models.dbt_run manual__2025-04-01T18:22:45.750011+00:00 [queued]>
[2025-04-01T18:23:55.155+0000] {taskinstance.py:2170} INFO - Starting attempt 2 of 2
[2025-04-01T18:23:55.199+0000] {taskinstance.py:2191} INFO - Executing <Task(BashOperator): dbt_run> on 2025-04-01 18:22:45.750011+00:00
[2025-04-01T18:23:55.203+0000] {standard_task_runner.py:60} INFO - Started process 76 to run task
[2025-04-01T18:23:55.208+0000] {standard_task_runner.py:87} INFO - Running: ['airflow', 'tasks', 'run', 'run_dbt_models', 'dbt_run', 'manual__2025-04-01T18:22:45.750011+00:00', '--job-id', '12', '--raw', '--subdir', 'DAGS_FOLDER/dbt_run_dag.py', '--cfg-path', '/tmp/tmprwx7mj35']
[2025-04-01T18:23:55.210+0000] {standard_task_runner.py:88} INFO - Job 12: Subtask dbt_run
[2025-04-01T18:23:55.261+0000] {logging_mixin.py:188} WARNING - /home/airflow/.local/lib/python3.8/site-packages/airflow/settings.py:194 DeprecationWarning: The sql_alchemy_conn option in [core] has been moved to the sql_alchemy_conn option in [database] - the old setting has been used, but please update your config.
[2025-04-01T18:23:55.328+0000] {task_command.py:423} INFO - Running <TaskInstance: run_dbt_models.dbt_run manual__2025-04-01T18:22:45.750011+00:00 [running]> on host 15d84149a26d
[2025-04-01T18:23:55.441+0000] {taskinstance.py:2480} INFO - Exporting env vars: AIRFLOW_CTX_DAG_OWNER='bb' AIRFLOW_CTX_DAG_ID='run_dbt_models' AIRFLOW_CTX_TASK_ID='dbt_run' AIRFLOW_CTX_EXECUTION_DATE='2025-04-01T18:22:45.750011+00:00' AIRFLOW_CTX_TRY_NUMBER='2' AIRFLOW_CTX_DAG_RUN_ID='manual__2025-04-01T18:22:45.750011+00:00'
[2025-04-01T18:23:55.442+0000] {subprocess.py:63} INFO - Tmp dir root location: /tmp
[2025-04-01T18:23:55.443+0000] {subprocess.py:75} INFO - Running command: ['/usr/bin/bash', '-c', 'cd /opt/airflow/dbt/nyc_taxi_analytics && dbt run']
[2025-04-01T18:23:55.448+0000] {subprocess.py:86} INFO - Output:
[2025-04-01T18:23:56.697+0000] {subprocess.py:93} INFO - Usage: dbt run [OPTIONS]
[2025-04-01T18:23:56.698+0000] {subprocess.py:93} INFO - Try 'dbt run -h' for help.
[2025-04-01T18:23:56.699+0000] {subprocess.py:93} INFO - 
[2025-04-01T18:23:56.700+0000] {subprocess.py:93} INFO - Error: Invalid value for '--profiles-dir': Path '/home/airflow/.dbt' does not exist.
[2025-04-01T18:23:56.864+0000] {subprocess.py:97} INFO - Command exited with return code 2
[2025-04-01T18:23:56.895+0000] {taskinstance.py:2698} ERROR - Task failed with exception
Traceback (most recent call last):
  File "/home/airflow/.local/lib/python3.8/site-packages/airflow/models/taskinstance.py", line 433, in _execute_task
    result = execute_callable(context=context, **execute_callable_kwargs)
  File "/home/airflow/.local/lib/python3.8/site-packages/airflow/operators/bash.py", line 212, in execute
    raise AirflowException(
airflow.exceptions.AirflowException: Bash command failed. The command returned a non-zero exit code 2.
[2025-04-01T18:23:56.901+0000] {taskinstance.py:1138} INFO - Marking task as FAILED. dag_id=run_dbt_models, task_id=dbt_run, execution_date=20250401T182245, start_date=20250401T182355, end_date=20250401T182356
[2025-04-01T18:23:56.965+0000] {standard_task_runner.py:107} ERROR - Failed to execute job 12 for task dbt_run (Bash command failed. The command returned a non-zero exit code 2.; 76)
[2025-04-01T18:23:56.991+0000] {local_task_job_runner.py:234} INFO - Task exited with return code 1
[2025-04-01T18:23:57.038+0000] {taskinstance.py:3280} INFO - 0 downstream tasks scheduled from follow-on schedule check
