[2025-04-03T16:32:57.765+0000] {taskinstance.py:1956} INFO - Dependencies all met for dep_context=non-requeueable deps ti=<TaskInstance: full_pipeline_dag.upload_raw_to_minio manual__2025-04-03T16:32:19.388432+00:00 [queued]>
[2025-04-03T16:32:57.783+0000] {taskinstance.py:1956} INFO - Dependencies all met for dep_context=requeueable deps ti=<TaskInstance: full_pipeline_dag.upload_raw_to_minio manual__2025-04-03T16:32:19.388432+00:00 [queued]>
[2025-04-03T16:32:57.784+0000] {taskinstance.py:2170} INFO - Starting attempt 1 of 3
[2025-04-03T16:32:57.835+0000] {taskinstance.py:2191} INFO - Executing <Task(PythonOperator): upload_raw_to_minio> on 2025-04-03 16:32:19.388432+00:00
[2025-04-03T16:32:57.842+0000] {standard_task_runner.py:60} INFO - Started process 90 to run task
[2025-04-03T16:32:57.844+0000] {standard_task_runner.py:87} INFO - Running: ['airflow', 'tasks', 'run', 'full_pipeline_dag', 'upload_raw_to_minio', 'manual__2025-04-03T16:32:19.388432+00:00', '--job-id', '170', '--raw', '--subdir', 'DAGS_FOLDER/full_pipeline_dag.py', '--cfg-path', '/tmp/tmp8jgh_l0h']
[2025-04-03T16:32:57.847+0000] {standard_task_runner.py:88} INFO - Job 170: Subtask upload_raw_to_minio
[2025-04-03T16:32:57.903+0000] {logging_mixin.py:188} WARNING - /home/airflow/.local/lib/python3.8/site-packages/airflow/settings.py:194 DeprecationWarning: The sql_alchemy_conn option in [core] has been moved to the sql_alchemy_conn option in [database] - the old setting has been used, but please update your config.
[2025-04-03T16:32:57.972+0000] {task_command.py:423} INFO - Running <TaskInstance: full_pipeline_dag.upload_raw_to_minio manual__2025-04-03T16:32:19.388432+00:00 [running]> on host 06459006e56f
[2025-04-03T16:32:58.147+0000] {taskinstance.py:2480} INFO - Exporting env vars: AIRFLOW_CTX_DAG_OWNER='airflow' AIRFLOW_CTX_DAG_ID='full_pipeline_dag' AIRFLOW_CTX_TASK_ID='upload_raw_to_minio' AIRFLOW_CTX_EXECUTION_DATE='2025-04-03T16:32:19.388432+00:00' AIRFLOW_CTX_TRY_NUMBER='1' AIRFLOW_CTX_DAG_RUN_ID='manual__2025-04-03T16:32:19.388432+00:00'
[2025-04-03T16:32:58.729+0000] {base.py:83} INFO - Using connection ID 'minio_conn' for task execution.
[2025-04-03T16:32:58.730+0000] {connection_wrapper.py:378} INFO - AWS Connection (conn_id='minio_conn', conn_type='aws') credentials retrieved from login and password.
[2025-04-03T16:32:58.731+0000] {logging_mixin.py:188} WARNING - <string>:9 AirflowProviderDeprecationWarning: extra['host'] is deprecated and will be removed in a future release. Please set extra['endpoint_url'] instead
[2025-04-03T16:32:59.224+0000] {logging_mixin.py:188} INFO - 🪣 Bucket 'nyc-taxi' already exists.
[2025-04-03T16:32:59.225+0000] {logging_mixin.py:188} INFO - ☁️ Uploading /opt/data/raw/yellow_tripdata_2023-01.parquet to s3://nyc-taxi/raw/yellow_tripdata_2023-01.parquet
[2025-04-03T16:33:00.046+0000] {logging_mixin.py:188} INFO - ✅ Upload complete using S3Hook!
[2025-04-03T16:33:00.047+0000] {python.py:201} INFO - Done. Returned value was: None
[2025-04-03T16:33:00.066+0000] {taskinstance.py:1138} INFO - Marking task as SUCCESS. dag_id=full_pipeline_dag, task_id=upload_raw_to_minio, execution_date=20250403T163219, start_date=20250403T163257, end_date=20250403T163300
[2025-04-03T16:33:00.149+0000] {local_task_job_runner.py:234} INFO - Task exited with return code 0
[2025-04-03T16:33:00.220+0000] {taskinstance.py:3280} INFO - 1 downstream tasks scheduled from follow-on schedule check
