[2025-04-03T18:55:14.814+0000] {taskinstance.py:1956} INFO - Dependencies all met for dep_context=non-requeueable deps ti=<TaskInstance: full_pipeline_dag.clean_data_spark manual__2025-04-03T18:20:15.390292+00:00 [queued]>
[2025-04-03T18:55:14.836+0000] {taskinstance.py:1956} INFO - Dependencies all met for dep_context=requeueable deps ti=<TaskInstance: full_pipeline_dag.clean_data_spark manual__2025-04-03T18:20:15.390292+00:00 [queued]>
[2025-04-03T18:55:14.836+0000] {taskinstance.py:2170} INFO - Starting attempt 10 of 12
[2025-04-03T18:55:14.881+0000] {taskinstance.py:2191} INFO - Executing <Task(SparkSubmitOperator): clean_data_spark> on 2025-04-03 18:20:15.390292+00:00
[2025-04-03T18:55:14.887+0000] {standard_task_runner.py:60} INFO - Started process 55 to run task
[2025-04-03T18:55:14.889+0000] {standard_task_runner.py:87} INFO - Running: ['airflow', 'tasks', 'run', 'full_pipeline_dag', 'clean_data_spark', 'manual__2025-04-03T18:20:15.390292+00:00', '--job-id', '207', '--raw', '--subdir', 'DAGS_FOLDER/full_pipeline_dag.py', '--cfg-path', '/tmp/tmprsh7xtx8']
[2025-04-03T18:55:14.891+0000] {standard_task_runner.py:88} INFO - Job 207: Subtask clean_data_spark
[2025-04-03T18:55:14.942+0000] {logging_mixin.py:188} WARNING - /home/airflow/.local/lib/python3.8/site-packages/airflow/settings.py:194 DeprecationWarning: The sql_alchemy_conn option in [core] has been moved to the sql_alchemy_conn option in [database] - the old setting has been used, but please update your config.
[2025-04-03T18:55:15.004+0000] {task_command.py:423} INFO - Running <TaskInstance: full_pipeline_dag.clean_data_spark manual__2025-04-03T18:20:15.390292+00:00 [running]> on host ef4a1ba9f2f9
[2025-04-03T18:55:15.217+0000] {taskinstance.py:2480} INFO - Exporting env vars: AIRFLOW_CTX_DAG_OWNER='airflow' AIRFLOW_CTX_DAG_ID='full_pipeline_dag' AIRFLOW_CTX_TASK_ID='clean_data_spark' AIRFLOW_CTX_EXECUTION_DATE='2025-04-03T18:20:15.390292+00:00' AIRFLOW_CTX_TRY_NUMBER='10' AIRFLOW_CTX_DAG_RUN_ID='manual__2025-04-03T18:20:15.390292+00:00'
[2025-04-03T18:55:15.252+0000] {base.py:83} INFO - Using connection ID 'spark_default' for task execution.
[2025-04-03T18:55:15.254+0000] {spark_submit.py:473} INFO - Spark-Submit cmd: spark-submit --master spark://spark-master:7077 --conf spark.master=spark://spark-master:7077 --jars /opt/spark/jars/hadoop-aws-3.3.6.jar,/opt/spark/jars/aws-java-sdk-bundle-1.12.696.jar --name arrow-spark --verbose --queue root.default --deploy-mode client /opt/spark-app/clean_yellow_tripdata.py
[2025-04-03T18:55:16.423+0000] {spark_submit.py:649} INFO - Using properties file: null
[2025-04-03T18:55:16.511+0000] {spark_submit.py:649} INFO - Parsed arguments:
[2025-04-03T18:55:16.512+0000] {spark_submit.py:649} INFO - master                  spark://spark-master:7077
[2025-04-03T18:55:16.513+0000] {spark_submit.py:649} INFO - remote                  null
[2025-04-03T18:55:16.514+0000] {spark_submit.py:649} INFO - deployMode              client
[2025-04-03T18:55:16.515+0000] {spark_submit.py:649} INFO - executorMemory          null
[2025-04-03T18:55:16.516+0000] {spark_submit.py:649} INFO - executorCores           null
[2025-04-03T18:55:16.517+0000] {spark_submit.py:649} INFO - totalExecutorCores      null
[2025-04-03T18:55:16.518+0000] {spark_submit.py:649} INFO - propertiesFile          null
[2025-04-03T18:55:16.518+0000] {spark_submit.py:649} INFO - driverMemory            null
[2025-04-03T18:55:16.519+0000] {spark_submit.py:649} INFO - driverCores             null
[2025-04-03T18:55:16.520+0000] {spark_submit.py:649} INFO - driverExtraClassPath    null
[2025-04-03T18:55:16.521+0000] {spark_submit.py:649} INFO - driverExtraLibraryPath  null
[2025-04-03T18:55:16.522+0000] {spark_submit.py:649} INFO - driverExtraJavaOptions  null
[2025-04-03T18:55:16.522+0000] {spark_submit.py:649} INFO - supervise               false
[2025-04-03T18:55:16.523+0000] {spark_submit.py:649} INFO - queue                   root.default
[2025-04-03T18:55:16.524+0000] {spark_submit.py:649} INFO - numExecutors            null
[2025-04-03T18:55:16.525+0000] {spark_submit.py:649} INFO - files                   null
[2025-04-03T18:55:16.525+0000] {spark_submit.py:649} INFO - pyFiles                 null
[2025-04-03T18:55:16.526+0000] {spark_submit.py:649} INFO - archives                null
[2025-04-03T18:55:16.527+0000] {spark_submit.py:649} INFO - mainClass               null
[2025-04-03T18:55:16.528+0000] {spark_submit.py:649} INFO - primaryResource         file:/opt/spark-app/clean_yellow_tripdata.py
[2025-04-03T18:55:16.529+0000] {spark_submit.py:649} INFO - name                    arrow-spark
[2025-04-03T18:55:16.529+0000] {spark_submit.py:649} INFO - childArgs               []
[2025-04-03T18:55:16.530+0000] {spark_submit.py:649} INFO - jars                    file:/opt/spark-3.5.0-bin-hadoop3/jars/hadoop-aws-3.3.6.jar,file:/opt/spark-3.5.0-bin-hadoop3/jars/aws-java-sdk-bundle-1.12.696.jar
[2025-04-03T18:55:16.531+0000] {spark_submit.py:649} INFO - packages                null
[2025-04-03T18:55:16.532+0000] {spark_submit.py:649} INFO - packagesExclusions      null
[2025-04-03T18:55:16.533+0000] {spark_submit.py:649} INFO - repositories            null
[2025-04-03T18:55:16.534+0000] {spark_submit.py:649} INFO - verbose                 true
[2025-04-03T18:55:16.535+0000] {spark_submit.py:649} INFO - 
[2025-04-03T18:55:16.536+0000] {spark_submit.py:649} INFO - Spark properties used, including those specified through
[2025-04-03T18:55:16.536+0000] {spark_submit.py:649} INFO - --conf and those from the properties file null:
[2025-04-03T18:55:16.537+0000] {spark_submit.py:649} INFO - (spark.master,spark://spark-master:7077)
[2025-04-03T18:55:16.538+0000] {spark_submit.py:649} INFO - 
[2025-04-03T18:55:16.539+0000] {spark_submit.py:649} INFO - 
[2025-04-03T18:55:16.806+0000] {spark_submit.py:649} INFO - 25/04/03 18:55:16 WARN NativeCodeLoader: Unable to load native-hadoop library for your platform... using builtin-java classes where applicable
[2025-04-03T18:55:16.960+0000] {spark_submit.py:649} INFO - Main class:
[2025-04-03T18:55:16.961+0000] {spark_submit.py:649} INFO - org.apache.spark.deploy.PythonRunner
[2025-04-03T18:55:16.962+0000] {spark_submit.py:649} INFO - Arguments:
[2025-04-03T18:55:16.962+0000] {spark_submit.py:649} INFO - file:/opt/spark-app/clean_yellow_tripdata.py
[2025-04-03T18:55:16.963+0000] {spark_submit.py:649} INFO - null
[2025-04-03T18:55:16.965+0000] {spark_submit.py:649} INFO - Spark config:
[2025-04-03T18:55:16.966+0000] {spark_submit.py:649} INFO - (spark.app.name,arrow-spark)
[2025-04-03T18:55:16.966+0000] {spark_submit.py:649} INFO - (spark.app.submitTime,1743706516940)
[2025-04-03T18:55:16.967+0000] {spark_submit.py:649} INFO - (spark.jars,file:/opt/spark-3.5.0-bin-hadoop3/jars/hadoop-aws-3.3.6.jar,file:/opt/spark-3.5.0-bin-hadoop3/jars/aws-java-sdk-bundle-1.12.696.jar)
[2025-04-03T18:55:16.967+0000] {spark_submit.py:649} INFO - (spark.master,spark://spark-master:7077)
[2025-04-03T18:55:16.968+0000] {spark_submit.py:649} INFO - (spark.repl.local.jars,file:/opt/spark-3.5.0-bin-hadoop3/jars/hadoop-aws-3.3.6.jar,file:/opt/spark-3.5.0-bin-hadoop3/jars/aws-java-sdk-bundle-1.12.696.jar)
[2025-04-03T18:55:16.968+0000] {spark_submit.py:649} INFO - (spark.submit.deployMode,client)
[2025-04-03T18:55:16.969+0000] {spark_submit.py:649} INFO - (spark.submit.pyFiles,)
[2025-04-03T18:55:16.969+0000] {spark_submit.py:649} INFO - Classpath elements:
[2025-04-03T18:55:16.970+0000] {spark_submit.py:649} INFO - file:/opt/spark-3.5.0-bin-hadoop3/jars/hadoop-aws-3.3.6.jar
[2025-04-03T18:55:16.970+0000] {spark_submit.py:649} INFO - file:/opt/spark-3.5.0-bin-hadoop3/jars/aws-java-sdk-bundle-1.12.696.jar
[2025-04-03T18:55:16.970+0000] {spark_submit.py:649} INFO - 
[2025-04-03T18:55:16.971+0000] {spark_submit.py:649} INFO - 
[2025-04-03T18:55:16.971+0000] {spark_submit.py:649} INFO - 25/04/03 18:55:16 WARN DependencyUtils: Local jar /opt/spark-3.5.0-bin-hadoop3/jars/hadoop-aws-3.3.6.jar does not exist, skipping.
[2025-04-03T18:55:16.971+0000] {spark_submit.py:649} INFO - 25/04/03 18:55:16 WARN DependencyUtils: Local jar /opt/spark-3.5.0-bin-hadoop3/jars/aws-java-sdk-bundle-1.12.696.jar does not exist, skipping.
[2025-04-03T18:55:17.851+0000] {spark_submit.py:649} INFO - 25/04/03 18:55:17 INFO SparkContext: Running Spark version 3.5.0
[2025-04-03T18:55:17.852+0000] {spark_submit.py:649} INFO - 25/04/03 18:55:17 INFO SparkContext: OS info Linux, 5.15.167.4-microsoft-standard-WSL2, amd64
[2025-04-03T18:55:17.853+0000] {spark_submit.py:649} INFO - 25/04/03 18:55:17 INFO SparkContext: Java version 17.0.14
[2025-04-03T18:55:17.883+0000] {spark_submit.py:649} INFO - 25/04/03 18:55:17 INFO ResourceUtils: ==============================================================
[2025-04-03T18:55:17.885+0000] {spark_submit.py:649} INFO - 25/04/03 18:55:17 INFO ResourceUtils: No custom resources configured for spark.driver.
[2025-04-03T18:55:17.885+0000] {spark_submit.py:649} INFO - 25/04/03 18:55:17 INFO ResourceUtils: ==============================================================
[2025-04-03T18:55:17.886+0000] {spark_submit.py:649} INFO - 25/04/03 18:55:17 INFO SparkContext: Submitted application: CleanYellowData
[2025-04-03T18:55:17.906+0000] {spark_submit.py:649} INFO - 25/04/03 18:55:17 INFO ResourceProfile: Default ResourceProfile created, executor resources: Map(memory -> name: memory, amount: 1024, script: , vendor: , offHeap -> name: offHeap, amount: 0, script: , vendor: ), task resources: Map(cpus -> name: cpus, amount: 1.0)
[2025-04-03T18:55:17.913+0000] {spark_submit.py:649} INFO - 25/04/03 18:55:17 INFO ResourceProfile: Limiting resource is cpu
[2025-04-03T18:55:17.914+0000] {spark_submit.py:649} INFO - 25/04/03 18:55:17 INFO ResourceProfileManager: Added ResourceProfile id: 0
[2025-04-03T18:55:17.957+0000] {spark_submit.py:649} INFO - 25/04/03 18:55:17 INFO SecurityManager: Changing view acls to: airflow
[2025-04-03T18:55:17.958+0000] {spark_submit.py:649} INFO - 25/04/03 18:55:17 INFO SecurityManager: Changing modify acls to: airflow
[2025-04-03T18:55:17.959+0000] {spark_submit.py:649} INFO - 25/04/03 18:55:17 INFO SecurityManager: Changing view acls groups to:
[2025-04-03T18:55:17.959+0000] {spark_submit.py:649} INFO - 25/04/03 18:55:17 INFO SecurityManager: Changing modify acls groups to:
[2025-04-03T18:55:17.960+0000] {spark_submit.py:649} INFO - 25/04/03 18:55:17 INFO SecurityManager: SecurityManager: authentication disabled; ui acls disabled; users with view permissions: airflow; groups with view permissions: EMPTY; users with modify permissions: airflow; groups with modify permissions: EMPTY
[2025-04-03T18:55:18.139+0000] {spark_submit.py:649} INFO - 25/04/03 18:55:18 INFO Utils: Successfully started service 'sparkDriver' on port 33101.
[2025-04-03T18:55:18.174+0000] {spark_submit.py:649} INFO - 25/04/03 18:55:18 INFO SparkEnv: Registering MapOutputTracker
[2025-04-03T18:55:18.223+0000] {spark_submit.py:649} INFO - 25/04/03 18:55:18 INFO SparkEnv: Registering BlockManagerMaster
[2025-04-03T18:55:18.243+0000] {spark_submit.py:649} INFO - 25/04/03 18:55:18 INFO BlockManagerMasterEndpoint: Using org.apache.spark.storage.DefaultTopologyMapper for getting topology information
[2025-04-03T18:55:18.244+0000] {spark_submit.py:649} INFO - 25/04/03 18:55:18 INFO BlockManagerMasterEndpoint: BlockManagerMasterEndpoint up
[2025-04-03T18:55:18.253+0000] {spark_submit.py:649} INFO - 25/04/03 18:55:18 INFO SparkEnv: Registering BlockManagerMasterHeartbeat
[2025-04-03T18:55:18.289+0000] {spark_submit.py:649} INFO - 25/04/03 18:55:18 INFO DiskBlockManager: Created local directory at /tmp/blockmgr-7284cfff-2c60-4fd8-8c18-fcd0fb86d66f
[2025-04-03T18:55:18.321+0000] {spark_submit.py:649} INFO - 25/04/03 18:55:18 INFO MemoryStore: MemoryStore started with capacity 434.4 MiB
[2025-04-03T18:55:18.345+0000] {spark_submit.py:649} INFO - 25/04/03 18:55:18 INFO SparkEnv: Registering OutputCommitCoordinator
[2025-04-03T18:55:18.503+0000] {spark_submit.py:649} INFO - 25/04/03 18:55:18 INFO JettyUtils: Start Jetty 0.0.0.0:4040 for SparkUI
[2025-04-03T18:55:18.590+0000] {spark_submit.py:649} INFO - 25/04/03 18:55:18 INFO Utils: Successfully started service 'SparkUI' on port 4040.
[2025-04-03T18:55:18.620+0000] {spark_submit.py:649} INFO - 25/04/03 18:55:18 ERROR SparkContext: Failed to add file:/opt/spark-3.5.0-bin-hadoop3/jars/hadoop-aws-3.3.6.jar to Spark environment
[2025-04-03T18:55:18.621+0000] {spark_submit.py:649} INFO - java.io.FileNotFoundException: Jar /opt/spark-3.5.0-bin-hadoop3/jars/hadoop-aws-3.3.6.jar not found
[2025-04-03T18:55:18.621+0000] {spark_submit.py:649} INFO - at org.apache.spark.SparkContext.addLocalJarFile$1(SparkContext.scala:2100)
[2025-04-03T18:55:18.622+0000] {spark_submit.py:649} INFO - at org.apache.spark.SparkContext.addJar(SparkContext.scala:2156)
[2025-04-03T18:55:18.623+0000] {spark_submit.py:649} INFO - at org.apache.spark.SparkContext.$anonfun$new$15(SparkContext.scala:526)
[2025-04-03T18:55:18.623+0000] {spark_submit.py:649} INFO - at org.apache.spark.SparkContext.$anonfun$new$15$adapted(SparkContext.scala:526)
[2025-04-03T18:55:18.624+0000] {spark_submit.py:649} INFO - at scala.collection.mutable.ResizableArray.foreach(ResizableArray.scala:62)
[2025-04-03T18:55:18.624+0000] {spark_submit.py:649} INFO - at scala.collection.mutable.ResizableArray.foreach$(ResizableArray.scala:55)
[2025-04-03T18:55:18.625+0000] {spark_submit.py:649} INFO - at scala.collection.mutable.ArrayBuffer.foreach(ArrayBuffer.scala:49)
[2025-04-03T18:55:18.625+0000] {spark_submit.py:649} INFO - at org.apache.spark.SparkContext.<init>(SparkContext.scala:526)
[2025-04-03T18:55:18.626+0000] {spark_submit.py:649} INFO - at org.apache.spark.api.java.JavaSparkContext.<init>(JavaSparkContext.scala:58)
[2025-04-03T18:55:18.626+0000] {spark_submit.py:649} INFO - at java.base/jdk.internal.reflect.NativeConstructorAccessorImpl.newInstance0(Native Method)
[2025-04-03T18:55:18.627+0000] {spark_submit.py:649} INFO - at java.base/jdk.internal.reflect.NativeConstructorAccessorImpl.newInstance(NativeConstructorAccessorImpl.java:77)
[2025-04-03T18:55:18.627+0000] {spark_submit.py:649} INFO - at java.base/jdk.internal.reflect.DelegatingConstructorAccessorImpl.newInstance(DelegatingConstructorAccessorImpl.java:45)
[2025-04-03T18:55:18.628+0000] {spark_submit.py:649} INFO - at java.base/java.lang.reflect.Constructor.newInstanceWithCaller(Constructor.java:500)
[2025-04-03T18:55:18.628+0000] {spark_submit.py:649} INFO - at java.base/java.lang.reflect.Constructor.newInstance(Constructor.java:481)
[2025-04-03T18:55:18.629+0000] {spark_submit.py:649} INFO - at py4j.reflection.MethodInvoker.invoke(MethodInvoker.java:247)
[2025-04-03T18:55:18.629+0000] {spark_submit.py:649} INFO - at py4j.reflection.ReflectionEngine.invoke(ReflectionEngine.java:374)
[2025-04-03T18:55:18.630+0000] {spark_submit.py:649} INFO - at py4j.Gateway.invoke(Gateway.java:238)
[2025-04-03T18:55:18.630+0000] {spark_submit.py:649} INFO - at py4j.commands.ConstructorCommand.invokeConstructor(ConstructorCommand.java:80)
[2025-04-03T18:55:18.630+0000] {spark_submit.py:649} INFO - at py4j.commands.ConstructorCommand.execute(ConstructorCommand.java:69)
[2025-04-03T18:55:18.631+0000] {spark_submit.py:649} INFO - at py4j.ClientServerConnection.waitForCommands(ClientServerConnection.java:182)
[2025-04-03T18:55:18.631+0000] {spark_submit.py:649} INFO - at py4j.ClientServerConnection.run(ClientServerConnection.java:106)
[2025-04-03T18:55:18.632+0000] {spark_submit.py:649} INFO - at java.base/java.lang.Thread.run(Thread.java:840)
[2025-04-03T18:55:18.633+0000] {spark_submit.py:649} INFO - 25/04/03 18:55:18 ERROR SparkContext: Failed to add file:/opt/spark-3.5.0-bin-hadoop3/jars/aws-java-sdk-bundle-1.12.696.jar to Spark environment
[2025-04-03T18:55:18.634+0000] {spark_submit.py:649} INFO - java.io.FileNotFoundException: Jar /opt/spark-3.5.0-bin-hadoop3/jars/aws-java-sdk-bundle-1.12.696.jar not found
[2025-04-03T18:55:18.634+0000] {spark_submit.py:649} INFO - at org.apache.spark.SparkContext.addLocalJarFile$1(SparkContext.scala:2100)
[2025-04-03T18:55:18.635+0000] {spark_submit.py:649} INFO - at org.apache.spark.SparkContext.addJar(SparkContext.scala:2156)
[2025-04-03T18:55:18.636+0000] {spark_submit.py:649} INFO - at org.apache.spark.SparkContext.$anonfun$new$15(SparkContext.scala:526)
[2025-04-03T18:55:18.636+0000] {spark_submit.py:649} INFO - at org.apache.spark.SparkContext.$anonfun$new$15$adapted(SparkContext.scala:526)
[2025-04-03T18:55:18.637+0000] {spark_submit.py:649} INFO - at scala.collection.mutable.ResizableArray.foreach(ResizableArray.scala:62)
[2025-04-03T18:55:18.638+0000] {spark_submit.py:649} INFO - at scala.collection.mutable.ResizableArray.foreach$(ResizableArray.scala:55)
[2025-04-03T18:55:18.639+0000] {spark_submit.py:649} INFO - at scala.collection.mutable.ArrayBuffer.foreach(ArrayBuffer.scala:49)
[2025-04-03T18:55:18.639+0000] {spark_submit.py:649} INFO - at org.apache.spark.SparkContext.<init>(SparkContext.scala:526)
[2025-04-03T18:55:18.640+0000] {spark_submit.py:649} INFO - at org.apache.spark.api.java.JavaSparkContext.<init>(JavaSparkContext.scala:58)
[2025-04-03T18:55:18.640+0000] {spark_submit.py:649} INFO - at java.base/jdk.internal.reflect.NativeConstructorAccessorImpl.newInstance0(Native Method)
[2025-04-03T18:55:18.641+0000] {spark_submit.py:649} INFO - at java.base/jdk.internal.reflect.NativeConstructorAccessorImpl.newInstance(NativeConstructorAccessorImpl.java:77)
[2025-04-03T18:55:18.642+0000] {spark_submit.py:649} INFO - at java.base/jdk.internal.reflect.DelegatingConstructorAccessorImpl.newInstance(DelegatingConstructorAccessorImpl.java:45)
[2025-04-03T18:55:18.642+0000] {spark_submit.py:649} INFO - at java.base/java.lang.reflect.Constructor.newInstanceWithCaller(Constructor.java:500)
[2025-04-03T18:55:18.643+0000] {spark_submit.py:649} INFO - at java.base/java.lang.reflect.Constructor.newInstance(Constructor.java:481)
[2025-04-03T18:55:18.644+0000] {spark_submit.py:649} INFO - at py4j.reflection.MethodInvoker.invoke(MethodInvoker.java:247)
[2025-04-03T18:55:18.645+0000] {spark_submit.py:649} INFO - at py4j.reflection.ReflectionEngine.invoke(ReflectionEngine.java:374)
[2025-04-03T18:55:18.645+0000] {spark_submit.py:649} INFO - at py4j.Gateway.invoke(Gateway.java:238)
[2025-04-03T18:55:18.646+0000] {spark_submit.py:649} INFO - at py4j.commands.ConstructorCommand.invokeConstructor(ConstructorCommand.java:80)
[2025-04-03T18:55:18.647+0000] {spark_submit.py:649} INFO - at py4j.commands.ConstructorCommand.execute(ConstructorCommand.java:69)
[2025-04-03T18:55:18.647+0000] {spark_submit.py:649} INFO - at py4j.ClientServerConnection.waitForCommands(ClientServerConnection.java:182)
[2025-04-03T18:55:18.648+0000] {spark_submit.py:649} INFO - at py4j.ClientServerConnection.run(ClientServerConnection.java:106)
[2025-04-03T18:55:18.649+0000] {spark_submit.py:649} INFO - at java.base/java.lang.Thread.run(Thread.java:840)
[2025-04-03T18:55:18.681+0000] {spark_submit.py:649} INFO - 25/04/03 18:55:18 INFO StandaloneAppClient$ClientEndpoint: Connecting to master spark://spark-master:7077...
[2025-04-03T18:55:18.722+0000] {spark_submit.py:649} INFO - 25/04/03 18:55:18 INFO TransportClientFactory: Successfully created connection to spark-master/172.24.0.2:7077 after 19 ms (0 ms spent in bootstraps)
[2025-04-03T18:55:18.858+0000] {spark_submit.py:649} INFO - 25/04/03 18:55:18 INFO StandaloneSchedulerBackend: Connected to Spark cluster with app ID app-20250403185518-0000
[2025-04-03T18:55:18.866+0000] {spark_submit.py:649} INFO - 25/04/03 18:55:18 INFO Utils: Successfully started service 'org.apache.spark.network.netty.NettyBlockTransferService' on port 36881.
[2025-04-03T18:55:18.867+0000] {spark_submit.py:649} INFO - 25/04/03 18:55:18 INFO NettyBlockTransferService: Server created on ef4a1ba9f2f9:36881
[2025-04-03T18:55:18.869+0000] {spark_submit.py:649} INFO - 25/04/03 18:55:18 INFO BlockManager: Using org.apache.spark.storage.RandomBlockReplicationPolicy for block replication policy
[2025-04-03T18:55:18.875+0000] {spark_submit.py:649} INFO - 25/04/03 18:55:18 INFO BlockManagerMaster: Registering BlockManager BlockManagerId(driver, ef4a1ba9f2f9, 36881, None)
[2025-04-03T18:55:18.879+0000] {spark_submit.py:649} INFO - 25/04/03 18:55:18 INFO BlockManagerMasterEndpoint: Registering block manager ef4a1ba9f2f9:36881 with 434.4 MiB RAM, BlockManagerId(driver, ef4a1ba9f2f9, 36881, None)
[2025-04-03T18:55:18.883+0000] {spark_submit.py:649} INFO - 25/04/03 18:55:18 INFO BlockManagerMaster: Registered BlockManager BlockManagerId(driver, ef4a1ba9f2f9, 36881, None)
[2025-04-03T18:55:18.884+0000] {spark_submit.py:649} INFO - 25/04/03 18:55:18 INFO BlockManager: Initialized BlockManager: BlockManagerId(driver, ef4a1ba9f2f9, 36881, None)
[2025-04-03T18:55:18.888+0000] {spark_submit.py:649} INFO - 25/04/03 18:55:18 INFO StandaloneAppClient$ClientEndpoint: Executor added: app-20250403185518-0000/0 on worker-20250403185437-172.24.0.7-34885 (172.24.0.7:34885) with 16 core(s)
[2025-04-03T18:55:18.891+0000] {spark_submit.py:649} INFO - 25/04/03 18:55:18 INFO StandaloneSchedulerBackend: Granted executor ID app-20250403185518-0000/0 on hostPort 172.24.0.7:34885 with 16 core(s), 1024.0 MiB RAM
[2025-04-03T18:55:19.144+0000] {spark_submit.py:649} INFO - 25/04/03 18:55:19 INFO StandaloneAppClient$ClientEndpoint: Executor updated: app-20250403185518-0000/0 is now RUNNING
[2025-04-03T18:55:19.347+0000] {spark_submit.py:649} INFO - 25/04/03 18:55:19 INFO StandaloneSchedulerBackend: SchedulerBackend is ready for scheduling beginning after reached minRegisteredResourcesRatio: 0.0
[2025-04-03T18:55:19.660+0000] {spark_submit.py:649} INFO - ✅ Spark session received from DAG
[2025-04-03T18:55:19.661+0000] {spark_submit.py:649} INFO - 📥 Reading raw data...
[2025-04-03T18:55:19.669+0000] {spark_submit.py:649} INFO - 25/04/03 18:55:19 INFO SharedState: Setting hive.metastore.warehouse.dir ('null') to the value of spark.sql.warehouse.dir.
[2025-04-03T18:55:19.673+0000] {spark_submit.py:649} INFO - 25/04/03 18:55:19 INFO SharedState: Warehouse path is 'file:/opt/airflow/spark-warehouse'.
[2025-04-03T18:55:20.509+0000] {spark_submit.py:649} INFO - 25/04/03 18:55:20 WARN FileStreamSink: Assume no metadata directory. Error while looking for metadata directory in the path: s3a://nyc-taxi/raw/yellow_tripdata_2023-01.parquet.
[2025-04-03T18:55:20.510+0000] {spark_submit.py:649} INFO - java.lang.RuntimeException: java.lang.ClassNotFoundException: Class org.apache.hadoop.fs.s3a.S3AFileSystem not found
[2025-04-03T18:55:20.510+0000] {spark_submit.py:649} INFO - at org.apache.hadoop.conf.Configuration.getClass(Configuration.java:2688)
[2025-04-03T18:55:20.511+0000] {spark_submit.py:649} INFO - at org.apache.hadoop.fs.FileSystem.getFileSystemClass(FileSystem.java:3431)
[2025-04-03T18:55:20.512+0000] {spark_submit.py:649} INFO - at org.apache.hadoop.fs.FileSystem.createFileSystem(FileSystem.java:3466)
[2025-04-03T18:55:20.512+0000] {spark_submit.py:649} INFO - at org.apache.hadoop.fs.FileSystem.access$300(FileSystem.java:174)
[2025-04-03T18:55:20.513+0000] {spark_submit.py:649} INFO - at org.apache.hadoop.fs.FileSystem$Cache.getInternal(FileSystem.java:3574)
[2025-04-03T18:55:20.514+0000] {spark_submit.py:649} INFO - at org.apache.hadoop.fs.FileSystem$Cache.get(FileSystem.java:3521)
[2025-04-03T18:55:20.514+0000] {spark_submit.py:649} INFO - at org.apache.hadoop.fs.FileSystem.get(FileSystem.java:540)
[2025-04-03T18:55:20.515+0000] {spark_submit.py:649} INFO - at org.apache.hadoop.fs.Path.getFileSystem(Path.java:365)
[2025-04-03T18:55:20.516+0000] {spark_submit.py:649} INFO - at org.apache.spark.sql.execution.streaming.FileStreamSink$.hasMetadata(FileStreamSink.scala:53)
[2025-04-03T18:55:20.516+0000] {spark_submit.py:649} INFO - at org.apache.spark.sql.execution.datasources.DataSource.resolveRelation(DataSource.scala:366)
[2025-04-03T18:55:20.517+0000] {spark_submit.py:649} INFO - at org.apache.spark.sql.DataFrameReader.loadV1Source(DataFrameReader.scala:229)
[2025-04-03T18:55:20.517+0000] {spark_submit.py:649} INFO - at org.apache.spark.sql.DataFrameReader.$anonfun$load$2(DataFrameReader.scala:211)
[2025-04-03T18:55:20.518+0000] {spark_submit.py:649} INFO - at scala.Option.getOrElse(Option.scala:189)
[2025-04-03T18:55:20.518+0000] {spark_submit.py:649} INFO - at org.apache.spark.sql.DataFrameReader.load(DataFrameReader.scala:211)
[2025-04-03T18:55:20.519+0000] {spark_submit.py:649} INFO - at org.apache.spark.sql.DataFrameReader.parquet(DataFrameReader.scala:563)
[2025-04-03T18:55:20.520+0000] {spark_submit.py:649} INFO - at java.base/jdk.internal.reflect.NativeMethodAccessorImpl.invoke0(Native Method)
[2025-04-03T18:55:20.520+0000] {spark_submit.py:649} INFO - at java.base/jdk.internal.reflect.NativeMethodAccessorImpl.invoke(NativeMethodAccessorImpl.java:77)
[2025-04-03T18:55:20.520+0000] {spark_submit.py:649} INFO - at java.base/jdk.internal.reflect.DelegatingMethodAccessorImpl.invoke(DelegatingMethodAccessorImpl.java:43)
[2025-04-03T18:55:20.521+0000] {spark_submit.py:649} INFO - at java.base/java.lang.reflect.Method.invoke(Method.java:569)
[2025-04-03T18:55:20.521+0000] {spark_submit.py:649} INFO - at py4j.reflection.MethodInvoker.invoke(MethodInvoker.java:244)
[2025-04-03T18:55:20.522+0000] {spark_submit.py:649} INFO - at py4j.reflection.ReflectionEngine.invoke(ReflectionEngine.java:374)
[2025-04-03T18:55:20.522+0000] {spark_submit.py:649} INFO - at py4j.Gateway.invoke(Gateway.java:282)
[2025-04-03T18:55:20.523+0000] {spark_submit.py:649} INFO - at py4j.commands.AbstractCommand.invokeMethod(AbstractCommand.java:132)
[2025-04-03T18:55:20.523+0000] {spark_submit.py:649} INFO - at py4j.commands.CallCommand.execute(CallCommand.java:79)
[2025-04-03T18:55:20.524+0000] {spark_submit.py:649} INFO - at py4j.ClientServerConnection.waitForCommands(ClientServerConnection.java:182)
[2025-04-03T18:55:20.524+0000] {spark_submit.py:649} INFO - at py4j.ClientServerConnection.run(ClientServerConnection.java:106)
[2025-04-03T18:55:20.525+0000] {spark_submit.py:649} INFO - at java.base/java.lang.Thread.run(Thread.java:840)
[2025-04-03T18:55:20.525+0000] {spark_submit.py:649} INFO - Caused by: java.lang.ClassNotFoundException: Class org.apache.hadoop.fs.s3a.S3AFileSystem not found
[2025-04-03T18:55:20.525+0000] {spark_submit.py:649} INFO - at org.apache.hadoop.conf.Configuration.getClassByName(Configuration.java:2592)
[2025-04-03T18:55:20.526+0000] {spark_submit.py:649} INFO - at org.apache.hadoop.conf.Configuration.getClass(Configuration.java:2686)
[2025-04-03T18:55:20.526+0000] {spark_submit.py:649} INFO - ... 26 more
[2025-04-03T18:55:20.602+0000] {spark_submit.py:649} INFO - Traceback (most recent call last):
[2025-04-03T18:55:20.603+0000] {spark_submit.py:649} INFO - File "/opt/spark-app/clean_yellow_tripdata.py", line 9, in <module>
[2025-04-03T18:55:20.607+0000] {spark_submit.py:649} INFO - clean_yellow_tripdata(spark)
[2025-04-03T18:55:20.608+0000] {spark_submit.py:649} INFO - File "/opt/pipeline/transform/clean_yellow_tripdata.py", line 9, in clean_yellow_tripdata
[2025-04-03T18:55:20.615+0000] {spark_submit.py:649} INFO - df = spark.read.parquet(raw_path)
[2025-04-03T18:55:20.615+0000] {spark_submit.py:649} INFO - File "/opt/spark/python/lib/pyspark.zip/pyspark/sql/readwriter.py", line 544, in parquet
[2025-04-03T18:55:20.616+0000] {spark_submit.py:649} INFO - File "/opt/spark/python/lib/py4j-0.10.9.7-src.zip/py4j/java_gateway.py", line 1322, in __call__
[2025-04-03T18:55:20.617+0000] {spark_submit.py:649} INFO - File "/opt/spark/python/lib/pyspark.zip/pyspark/errors/exceptions/captured.py", line 179, in deco
[2025-04-03T18:55:20.619+0000] {spark_submit.py:649} INFO - File "/opt/spark/python/lib/py4j-0.10.9.7-src.zip/py4j/protocol.py", line 326, in get_return_value
[2025-04-03T18:55:20.621+0000] {spark_submit.py:649} INFO - py4j.protocol.Py4JJavaError: An error occurred while calling o26.parquet.
[2025-04-03T18:55:20.622+0000] {spark_submit.py:649} INFO - : java.lang.RuntimeException: java.lang.ClassNotFoundException: Class org.apache.hadoop.fs.s3a.S3AFileSystem not found
[2025-04-03T18:55:20.623+0000] {spark_submit.py:649} INFO - at org.apache.hadoop.conf.Configuration.getClass(Configuration.java:2688)
[2025-04-03T18:55:20.623+0000] {spark_submit.py:649} INFO - at org.apache.hadoop.fs.FileSystem.getFileSystemClass(FileSystem.java:3431)
[2025-04-03T18:55:20.624+0000] {spark_submit.py:649} INFO - at org.apache.hadoop.fs.FileSystem.createFileSystem(FileSystem.java:3466)
[2025-04-03T18:55:20.625+0000] {spark_submit.py:649} INFO - at org.apache.hadoop.fs.FileSystem.access$300(FileSystem.java:174)
[2025-04-03T18:55:20.626+0000] {spark_submit.py:649} INFO - at org.apache.hadoop.fs.FileSystem$Cache.getInternal(FileSystem.java:3574)
[2025-04-03T18:55:20.626+0000] {spark_submit.py:649} INFO - at org.apache.hadoop.fs.FileSystem$Cache.get(FileSystem.java:3521)
[2025-04-03T18:55:20.627+0000] {spark_submit.py:649} INFO - at org.apache.hadoop.fs.FileSystem.get(FileSystem.java:540)
[2025-04-03T18:55:20.628+0000] {spark_submit.py:649} INFO - at org.apache.hadoop.fs.Path.getFileSystem(Path.java:365)
[2025-04-03T18:55:20.629+0000] {spark_submit.py:649} INFO - at org.apache.spark.sql.execution.datasources.DataSource$.$anonfun$checkAndGlobPathIfNecessary$1(DataSource.scala:724)
[2025-04-03T18:55:20.630+0000] {spark_submit.py:649} INFO - at scala.collection.immutable.List.map(List.scala:293)
[2025-04-03T18:55:20.631+0000] {spark_submit.py:649} INFO - at org.apache.spark.sql.execution.datasources.DataSource$.checkAndGlobPathIfNecessary(DataSource.scala:722)
[2025-04-03T18:55:20.632+0000] {spark_submit.py:649} INFO - at org.apache.spark.sql.execution.datasources.DataSource.checkAndGlobPathIfNecessary(DataSource.scala:551)
[2025-04-03T18:55:20.633+0000] {spark_submit.py:649} INFO - at org.apache.spark.sql.execution.datasources.DataSource.resolveRelation(DataSource.scala:404)
[2025-04-03T18:55:20.634+0000] {spark_submit.py:649} INFO - at org.apache.spark.sql.DataFrameReader.loadV1Source(DataFrameReader.scala:229)
[2025-04-03T18:55:20.635+0000] {spark_submit.py:649} INFO - at org.apache.spark.sql.DataFrameReader.$anonfun$load$2(DataFrameReader.scala:211)
[2025-04-03T18:55:20.636+0000] {spark_submit.py:649} INFO - at scala.Option.getOrElse(Option.scala:189)
[2025-04-03T18:55:20.637+0000] {spark_submit.py:649} INFO - at org.apache.spark.sql.DataFrameReader.load(DataFrameReader.scala:211)
[2025-04-03T18:55:20.637+0000] {spark_submit.py:649} INFO - at org.apache.spark.sql.DataFrameReader.parquet(DataFrameReader.scala:563)
[2025-04-03T18:55:20.638+0000] {spark_submit.py:649} INFO - at java.base/jdk.internal.reflect.NativeMethodAccessorImpl.invoke0(Native Method)
[2025-04-03T18:55:20.639+0000] {spark_submit.py:649} INFO - at java.base/jdk.internal.reflect.NativeMethodAccessorImpl.invoke(NativeMethodAccessorImpl.java:77)
[2025-04-03T18:55:20.640+0000] {spark_submit.py:649} INFO - at java.base/jdk.internal.reflect.DelegatingMethodAccessorImpl.invoke(DelegatingMethodAccessorImpl.java:43)
[2025-04-03T18:55:20.641+0000] {spark_submit.py:649} INFO - at java.base/java.lang.reflect.Method.invoke(Method.java:569)
[2025-04-03T18:55:20.642+0000] {spark_submit.py:649} INFO - at py4j.reflection.MethodInvoker.invoke(MethodInvoker.java:244)
[2025-04-03T18:55:20.643+0000] {spark_submit.py:649} INFO - at py4j.reflection.ReflectionEngine.invoke(ReflectionEngine.java:374)
[2025-04-03T18:55:20.644+0000] {spark_submit.py:649} INFO - at py4j.Gateway.invoke(Gateway.java:282)
[2025-04-03T18:55:20.645+0000] {spark_submit.py:649} INFO - at py4j.commands.AbstractCommand.invokeMethod(AbstractCommand.java:132)
[2025-04-03T18:55:20.646+0000] {spark_submit.py:649} INFO - at py4j.commands.CallCommand.execute(CallCommand.java:79)
[2025-04-03T18:55:20.647+0000] {spark_submit.py:649} INFO - at py4j.ClientServerConnection.waitForCommands(ClientServerConnection.java:182)
[2025-04-03T18:55:20.647+0000] {spark_submit.py:649} INFO - at py4j.ClientServerConnection.run(ClientServerConnection.java:106)
[2025-04-03T18:55:20.648+0000] {spark_submit.py:649} INFO - at java.base/java.lang.Thread.run(Thread.java:840)
[2025-04-03T18:55:20.649+0000] {spark_submit.py:649} INFO - Caused by: java.lang.ClassNotFoundException: Class org.apache.hadoop.fs.s3a.S3AFileSystem not found
[2025-04-03T18:55:20.650+0000] {spark_submit.py:649} INFO - at org.apache.hadoop.conf.Configuration.getClassByName(Configuration.java:2592)
[2025-04-03T18:55:20.650+0000] {spark_submit.py:649} INFO - at org.apache.hadoop.conf.Configuration.getClass(Configuration.java:2686)
[2025-04-03T18:55:20.651+0000] {spark_submit.py:649} INFO - ... 29 more
[2025-04-03T18:55:20.652+0000] {spark_submit.py:649} INFO - 
[2025-04-03T18:55:20.688+0000] {spark_submit.py:649} INFO - 25/04/03 18:55:20 INFO SparkContext: Invoking stop() from shutdown hook
[2025-04-03T18:55:20.689+0000] {spark_submit.py:649} INFO - 25/04/03 18:55:20 INFO SparkContext: SparkContext is stopping with exitCode 0.
[2025-04-03T18:55:20.700+0000] {spark_submit.py:649} INFO - 25/04/03 18:55:20 INFO SparkUI: Stopped Spark web UI at http://ef4a1ba9f2f9:4040
[2025-04-03T18:55:20.703+0000] {spark_submit.py:649} INFO - 25/04/03 18:55:20 INFO StandaloneSchedulerBackend: Shutting down all executors
[2025-04-03T18:55:20.705+0000] {spark_submit.py:649} INFO - 25/04/03 18:55:20 INFO StandaloneSchedulerBackend$StandaloneDriverEndpoint: Asking each executor to shut down
[2025-04-03T18:55:20.719+0000] {spark_submit.py:649} INFO - 25/04/03 18:55:20 INFO MapOutputTrackerMasterEndpoint: MapOutputTrackerMasterEndpoint stopped!
[2025-04-03T18:55:20.742+0000] {spark_submit.py:649} INFO - 25/04/03 18:55:20 INFO MemoryStore: MemoryStore cleared
[2025-04-03T18:55:20.743+0000] {spark_submit.py:649} INFO - 25/04/03 18:55:20 INFO BlockManager: BlockManager stopped
[2025-04-03T18:55:20.755+0000] {spark_submit.py:649} INFO - 25/04/03 18:55:20 INFO BlockManagerMaster: BlockManagerMaster stopped
[2025-04-03T18:55:20.759+0000] {spark_submit.py:649} INFO - 25/04/03 18:55:20 INFO OutputCommitCoordinator$OutputCommitCoordinatorEndpoint: OutputCommitCoordinator stopped!
[2025-04-03T18:55:20.783+0000] {spark_submit.py:649} INFO - 25/04/03 18:55:20 INFO SparkContext: Successfully stopped SparkContext
[2025-04-03T18:55:20.784+0000] {spark_submit.py:649} INFO - 25/04/03 18:55:20 INFO ShutdownHookManager: Shutdown hook called
[2025-04-03T18:55:20.785+0000] {spark_submit.py:649} INFO - 25/04/03 18:55:20 INFO ShutdownHookManager: Deleting directory /tmp/spark-4a4cfb41-063c-4a16-88da-65085fd59c4a/pyspark-a0da79af-44bb-4e4d-b1d1-13bbc54808d4
[2025-04-03T18:55:20.788+0000] {spark_submit.py:649} INFO - 25/04/03 18:55:20 INFO ShutdownHookManager: Deleting directory /tmp/spark-ef7bb3b9-c301-4902-b599-04989dcfe131
[2025-04-03T18:55:20.791+0000] {spark_submit.py:649} INFO - 25/04/03 18:55:20 INFO ShutdownHookManager: Deleting directory /tmp/spark-4a4cfb41-063c-4a16-88da-65085fd59c4a
[2025-04-03T18:55:20.839+0000] {taskinstance.py:2698} ERROR - Task failed with exception
Traceback (most recent call last):
  File "/home/airflow/.local/lib/python3.8/site-packages/airflow/models/taskinstance.py", line 433, in _execute_task
    result = execute_callable(context=context, **execute_callable_kwargs)
  File "/home/airflow/.local/lib/python3.8/site-packages/airflow/providers/apache/spark/operators/spark_submit.py", line 176, in execute
    self._hook.submit(self.application)
  File "/home/airflow/.local/lib/python3.8/site-packages/airflow/providers/apache/spark/hooks/spark_submit.py", line 575, in submit
    raise AirflowException(
airflow.exceptions.AirflowException: Cannot execute: spark-submit --master spark://spark-master:7077 --conf spark.master=spark://spark-master:7077 --jars /opt/spark/jars/hadoop-aws-3.3.6.jar,/opt/spark/jars/aws-java-sdk-bundle-1.12.696.jar --name arrow-spark --verbose --queue root.default --deploy-mode client /opt/spark-app/clean_yellow_tripdata.py. Error code is: 1.
[2025-04-03T18:55:20.845+0000] {taskinstance.py:1138} INFO - Marking task as UP_FOR_RETRY. dag_id=full_pipeline_dag, task_id=clean_data_spark, execution_date=20250403T182015, start_date=20250403T185514, end_date=20250403T185520
[2025-04-03T18:55:21.028+0000] {standard_task_runner.py:107} ERROR - Failed to execute job 207 for task clean_data_spark (Cannot execute: spark-submit --master spark://spark-master:7077 --conf spark.master=spark://spark-master:7077 --jars /opt/spark/jars/hadoop-aws-3.3.6.jar,/opt/spark/jars/aws-java-sdk-bundle-1.12.696.jar --name arrow-spark --verbose --queue root.default --deploy-mode client /opt/spark-app/clean_yellow_tripdata.py. Error code is: 1.; 55)
[2025-04-03T18:55:21.063+0000] {local_task_job_runner.py:234} INFO - Task exited with return code 1
[2025-04-03T18:55:21.106+0000] {taskinstance.py:3280} INFO - 0 downstream tasks scheduled from follow-on schedule check
