[2025-04-03T18:22:05.622+0000] {taskinstance.py:1956} INFO - Dependencies all met for dep_context=non-requeueable deps ti=<TaskInstance: full_pipeline_dag.clean_data_spark manual__2025-04-03T18:20:15.390292+00:00 [queued]>
[2025-04-03T18:22:05.640+0000] {taskinstance.py:1956} INFO - Dependencies all met for dep_context=requeueable deps ti=<TaskInstance: full_pipeline_dag.clean_data_spark manual__2025-04-03T18:20:15.390292+00:00 [queued]>
[2025-04-03T18:22:05.640+0000] {taskinstance.py:2170} INFO - Starting attempt 2 of 3
[2025-04-03T18:22:05.683+0000] {taskinstance.py:2191} INFO - Executing <Task(SparkSubmitOperator): clean_data_spark> on 2025-04-03 18:20:15.390292+00:00
[2025-04-03T18:22:05.687+0000] {standard_task_runner.py:60} INFO - Started process 991 to run task
[2025-04-03T18:22:05.690+0000] {standard_task_runner.py:87} INFO - Running: ['airflow', 'tasks', 'run', 'full_pipeline_dag', 'clean_data_spark', 'manual__2025-04-03T18:20:15.390292+00:00', '--job-id', '195', '--raw', '--subdir', 'DAGS_FOLDER/full_pipeline_dag.py', '--cfg-path', '/tmp/tmphzqkdfn1']
[2025-04-03T18:22:05.692+0000] {standard_task_runner.py:88} INFO - Job 195: Subtask clean_data_spark
[2025-04-03T18:22:05.734+0000] {logging_mixin.py:188} WARNING - /home/airflow/.local/lib/python3.8/site-packages/airflow/settings.py:194 DeprecationWarning: The sql_alchemy_conn option in [core] has been moved to the sql_alchemy_conn option in [database] - the old setting has been used, but please update your config.
[2025-04-03T18:22:05.784+0000] {task_command.py:423} INFO - Running <TaskInstance: full_pipeline_dag.clean_data_spark manual__2025-04-03T18:20:15.390292+00:00 [running]> on host 279edff2d996
[2025-04-03T18:22:05.903+0000] {taskinstance.py:2480} INFO - Exporting env vars: AIRFLOW_CTX_DAG_OWNER='airflow' AIRFLOW_CTX_DAG_ID='full_pipeline_dag' AIRFLOW_CTX_TASK_ID='clean_data_spark' AIRFLOW_CTX_EXECUTION_DATE='2025-04-03T18:20:15.390292+00:00' AIRFLOW_CTX_TRY_NUMBER='2' AIRFLOW_CTX_DAG_RUN_ID='manual__2025-04-03T18:20:15.390292+00:00'
[2025-04-03T18:22:05.917+0000] {base.py:83} INFO - Using connection ID 'spark_default' for task execution.
[2025-04-03T18:22:05.918+0000] {spark_submit.py:473} INFO - Spark-Submit cmd: spark-submit --master spark://spark-master:7077 --name arrow-spark --verbose --queue root.default --deploy-mode client /opt/spark-app/clean_yellow_tripdata.py
[2025-04-03T18:22:07.026+0000] {spark_submit.py:649} INFO - Using properties file: null
[2025-04-03T18:22:07.124+0000] {spark_submit.py:649} INFO - Parsed arguments:
[2025-04-03T18:22:07.125+0000] {spark_submit.py:649} INFO - master                  spark://spark-master:7077
[2025-04-03T18:22:07.126+0000] {spark_submit.py:649} INFO - remote                  null
[2025-04-03T18:22:07.126+0000] {spark_submit.py:649} INFO - deployMode              client
[2025-04-03T18:22:07.127+0000] {spark_submit.py:649} INFO - executorMemory          null
[2025-04-03T18:22:07.128+0000] {spark_submit.py:649} INFO - executorCores           null
[2025-04-03T18:22:07.129+0000] {spark_submit.py:649} INFO - totalExecutorCores      null
[2025-04-03T18:22:07.130+0000] {spark_submit.py:649} INFO - propertiesFile          null
[2025-04-03T18:22:07.131+0000] {spark_submit.py:649} INFO - driverMemory            null
[2025-04-03T18:22:07.132+0000] {spark_submit.py:649} INFO - driverCores             null
[2025-04-03T18:22:07.132+0000] {spark_submit.py:649} INFO - driverExtraClassPath    null
[2025-04-03T18:22:07.133+0000] {spark_submit.py:649} INFO - driverExtraLibraryPath  null
[2025-04-03T18:22:07.134+0000] {spark_submit.py:649} INFO - driverExtraJavaOptions  null
[2025-04-03T18:22:07.134+0000] {spark_submit.py:649} INFO - supervise               false
[2025-04-03T18:22:07.135+0000] {spark_submit.py:649} INFO - queue                   root.default
[2025-04-03T18:22:07.135+0000] {spark_submit.py:649} INFO - numExecutors            null
[2025-04-03T18:22:07.136+0000] {spark_submit.py:649} INFO - files                   null
[2025-04-03T18:22:07.137+0000] {spark_submit.py:649} INFO - pyFiles                 null
[2025-04-03T18:22:07.137+0000] {spark_submit.py:649} INFO - archives                null
[2025-04-03T18:22:07.138+0000] {spark_submit.py:649} INFO - mainClass               null
[2025-04-03T18:22:07.139+0000] {spark_submit.py:649} INFO - primaryResource         file:/opt/spark-app/clean_yellow_tripdata.py
[2025-04-03T18:22:07.140+0000] {spark_submit.py:649} INFO - name                    arrow-spark
[2025-04-03T18:22:07.141+0000] {spark_submit.py:649} INFO - childArgs               []
[2025-04-03T18:22:07.141+0000] {spark_submit.py:649} INFO - jars                    null
[2025-04-03T18:22:07.142+0000] {spark_submit.py:649} INFO - packages                null
[2025-04-03T18:22:07.143+0000] {spark_submit.py:649} INFO - packagesExclusions      null
[2025-04-03T18:22:07.143+0000] {spark_submit.py:649} INFO - repositories            null
[2025-04-03T18:22:07.144+0000] {spark_submit.py:649} INFO - verbose                 true
[2025-04-03T18:22:07.145+0000] {spark_submit.py:649} INFO - 
[2025-04-03T18:22:07.145+0000] {spark_submit.py:649} INFO - Spark properties used, including those specified through
[2025-04-03T18:22:07.146+0000] {spark_submit.py:649} INFO - --conf and those from the properties file null:
[2025-04-03T18:22:07.147+0000] {spark_submit.py:649} INFO - 
[2025-04-03T18:22:07.148+0000] {spark_submit.py:649} INFO - 
[2025-04-03T18:22:07.148+0000] {spark_submit.py:649} INFO - 
[2025-04-03T18:22:07.338+0000] {spark_submit.py:649} INFO - Main class:
[2025-04-03T18:22:07.339+0000] {spark_submit.py:649} INFO - org.apache.spark.deploy.PythonRunner
[2025-04-03T18:22:07.340+0000] {spark_submit.py:649} INFO - Arguments:
[2025-04-03T18:22:07.340+0000] {spark_submit.py:649} INFO - file:/opt/spark-app/clean_yellow_tripdata.py
[2025-04-03T18:22:07.341+0000] {spark_submit.py:649} INFO - null
[2025-04-03T18:22:07.343+0000] {spark_submit.py:649} INFO - Spark config:
[2025-04-03T18:22:07.344+0000] {spark_submit.py:649} INFO - (spark.app.name,arrow-spark)
[2025-04-03T18:22:07.345+0000] {spark_submit.py:649} INFO - (spark.app.submitTime,1743704527319)
[2025-04-03T18:22:07.345+0000] {spark_submit.py:649} INFO - (spark.master,spark://spark-master:7077)
[2025-04-03T18:22:07.346+0000] {spark_submit.py:649} INFO - (spark.submit.deployMode,client)
[2025-04-03T18:22:07.347+0000] {spark_submit.py:649} INFO - (spark.submit.pyFiles,)
[2025-04-03T18:22:07.347+0000] {spark_submit.py:649} INFO - Classpath elements:
[2025-04-03T18:22:07.348+0000] {spark_submit.py:649} INFO - 
[2025-04-03T18:22:07.349+0000] {spark_submit.py:649} INFO - 
[2025-04-03T18:22:07.349+0000] {spark_submit.py:649} INFO - 
[2025-04-03T18:22:08.340+0000] {spark_submit.py:649} INFO - 25/04/03 18:22:08 INFO SparkContext: Running Spark version 3.5.0
[2025-04-03T18:22:08.342+0000] {spark_submit.py:649} INFO - 25/04/03 18:22:08 INFO SparkContext: OS info Linux, 5.15.167.4-microsoft-standard-WSL2, amd64
[2025-04-03T18:22:08.343+0000] {spark_submit.py:649} INFO - 25/04/03 18:22:08 INFO SparkContext: Java version 17.0.14
[2025-04-03T18:22:08.398+0000] {spark_submit.py:649} INFO - 25/04/03 18:22:08 WARN NativeCodeLoader: Unable to load native-hadoop library for your platform... using builtin-java classes where applicable
[2025-04-03T18:22:08.466+0000] {spark_submit.py:649} INFO - 25/04/03 18:22:08 INFO ResourceUtils: ==============================================================
[2025-04-03T18:22:08.467+0000] {spark_submit.py:649} INFO - 25/04/03 18:22:08 INFO ResourceUtils: No custom resources configured for spark.driver.
[2025-04-03T18:22:08.468+0000] {spark_submit.py:649} INFO - 25/04/03 18:22:08 INFO ResourceUtils: ==============================================================
[2025-04-03T18:22:08.469+0000] {spark_submit.py:649} INFO - 25/04/03 18:22:08 INFO SparkContext: Submitted application: CleanYellowData
[2025-04-03T18:22:08.490+0000] {spark_submit.py:649} INFO - 25/04/03 18:22:08 INFO ResourceProfile: Default ResourceProfile created, executor resources: Map(memory -> name: memory, amount: 1024, script: , vendor: , offHeap -> name: offHeap, amount: 0, script: , vendor: ), task resources: Map(cpus -> name: cpus, amount: 1.0)
[2025-04-03T18:22:08.498+0000] {spark_submit.py:649} INFO - 25/04/03 18:22:08 INFO ResourceProfile: Limiting resource is cpu
[2025-04-03T18:22:08.499+0000] {spark_submit.py:649} INFO - 25/04/03 18:22:08 INFO ResourceProfileManager: Added ResourceProfile id: 0
[2025-04-03T18:22:08.543+0000] {spark_submit.py:649} INFO - 25/04/03 18:22:08 INFO SecurityManager: Changing view acls to: airflow
[2025-04-03T18:22:08.544+0000] {spark_submit.py:649} INFO - 25/04/03 18:22:08 INFO SecurityManager: Changing modify acls to: airflow
[2025-04-03T18:22:08.545+0000] {spark_submit.py:649} INFO - 25/04/03 18:22:08 INFO SecurityManager: Changing view acls groups to:
[2025-04-03T18:22:08.546+0000] {spark_submit.py:649} INFO - 25/04/03 18:22:08 INFO SecurityManager: Changing modify acls groups to:
[2025-04-03T18:22:08.547+0000] {spark_submit.py:649} INFO - 25/04/03 18:22:08 INFO SecurityManager: SecurityManager: authentication disabled; ui acls disabled; users with view permissions: airflow; groups with view permissions: EMPTY; users with modify permissions: airflow; groups with modify permissions: EMPTY
[2025-04-03T18:22:08.709+0000] {spark_submit.py:649} INFO - 25/04/03 18:22:08 INFO Utils: Successfully started service 'sparkDriver' on port 37277.
[2025-04-03T18:22:08.730+0000] {spark_submit.py:649} INFO - 25/04/03 18:22:08 INFO SparkEnv: Registering MapOutputTracker
[2025-04-03T18:22:08.753+0000] {spark_submit.py:649} INFO - 25/04/03 18:22:08 INFO SparkEnv: Registering BlockManagerMaster
[2025-04-03T18:22:08.766+0000] {spark_submit.py:649} INFO - 25/04/03 18:22:08 INFO BlockManagerMasterEndpoint: Using org.apache.spark.storage.DefaultTopologyMapper for getting topology information
[2025-04-03T18:22:08.767+0000] {spark_submit.py:649} INFO - 25/04/03 18:22:08 INFO BlockManagerMasterEndpoint: BlockManagerMasterEndpoint up
[2025-04-03T18:22:08.770+0000] {spark_submit.py:649} INFO - 25/04/03 18:22:08 INFO SparkEnv: Registering BlockManagerMasterHeartbeat
[2025-04-03T18:22:08.786+0000] {spark_submit.py:649} INFO - 25/04/03 18:22:08 INFO DiskBlockManager: Created local directory at /tmp/blockmgr-daa121d2-b3ec-4961-bb7f-c69f769fbc13
[2025-04-03T18:22:08.796+0000] {spark_submit.py:649} INFO - 25/04/03 18:22:08 INFO MemoryStore: MemoryStore started with capacity 434.4 MiB
[2025-04-03T18:22:08.810+0000] {spark_submit.py:649} INFO - 25/04/03 18:22:08 INFO SparkEnv: Registering OutputCommitCoordinator
[2025-04-03T18:22:08.931+0000] {spark_submit.py:649} INFO - 25/04/03 18:22:08 INFO JettyUtils: Start Jetty 0.0.0.0:4040 for SparkUI
[2025-04-03T18:22:08.987+0000] {spark_submit.py:649} INFO - 25/04/03 18:22:08 INFO Utils: Successfully started service 'SparkUI' on port 4040.
[2025-04-03T18:22:09.097+0000] {spark_submit.py:649} INFO - 25/04/03 18:22:09 INFO StandaloneAppClient$ClientEndpoint: Connecting to master spark://spark-master:7077...
[2025-04-03T18:22:09.131+0000] {spark_submit.py:649} INFO - 25/04/03 18:22:09 INFO TransportClientFactory: Successfully created connection to spark-master/172.24.0.2:7077 after 18 ms (0 ms spent in bootstraps)
[2025-04-03T18:22:09.194+0000] {spark_submit.py:649} INFO - 25/04/03 18:22:09 INFO StandaloneSchedulerBackend: Connected to Spark cluster with app ID app-20250403182209-0004
[2025-04-03T18:22:09.196+0000] {spark_submit.py:649} INFO - 25/04/03 18:22:09 INFO StandaloneAppClient$ClientEndpoint: Executor added: app-20250403182209-0004/0 on worker-20250403181245-172.24.0.6-45293 (172.24.0.6:45293) with 16 core(s)
[2025-04-03T18:22:09.199+0000] {spark_submit.py:649} INFO - 25/04/03 18:22:09 INFO StandaloneSchedulerBackend: Granted executor ID app-20250403182209-0004/0 on hostPort 172.24.0.6:45293 with 16 core(s), 1024.0 MiB RAM
[2025-04-03T18:22:09.204+0000] {spark_submit.py:649} INFO - 25/04/03 18:22:09 INFO Utils: Successfully started service 'org.apache.spark.network.netty.NettyBlockTransferService' on port 39649.
[2025-04-03T18:22:09.205+0000] {spark_submit.py:649} INFO - 25/04/03 18:22:09 INFO NettyBlockTransferService: Server created on 279edff2d996:39649
[2025-04-03T18:22:09.206+0000] {spark_submit.py:649} INFO - 25/04/03 18:22:09 INFO BlockManager: Using org.apache.spark.storage.RandomBlockReplicationPolicy for block replication policy
[2025-04-03T18:22:09.211+0000] {spark_submit.py:649} INFO - 25/04/03 18:22:09 INFO BlockManagerMaster: Registering BlockManager BlockManagerId(driver, 279edff2d996, 39649, None)
[2025-04-03T18:22:09.215+0000] {spark_submit.py:649} INFO - 25/04/03 18:22:09 INFO BlockManagerMasterEndpoint: Registering block manager 279edff2d996:39649 with 434.4 MiB RAM, BlockManagerId(driver, 279edff2d996, 39649, None)
[2025-04-03T18:22:09.217+0000] {spark_submit.py:649} INFO - 25/04/03 18:22:09 INFO BlockManagerMaster: Registered BlockManager BlockManagerId(driver, 279edff2d996, 39649, None)
[2025-04-03T18:22:09.218+0000] {spark_submit.py:649} INFO - 25/04/03 18:22:09 INFO BlockManager: Initialized BlockManager: BlockManagerId(driver, 279edff2d996, 39649, None)
[2025-04-03T18:22:09.251+0000] {spark_submit.py:649} INFO - 25/04/03 18:22:09 INFO StandaloneAppClient$ClientEndpoint: Executor updated: app-20250403182209-0004/0 is now RUNNING
[2025-04-03T18:22:09.411+0000] {spark_submit.py:649} INFO - 25/04/03 18:22:09 INFO StandaloneSchedulerBackend: SchedulerBackend is ready for scheduling beginning after reached minRegisteredResourcesRatio: 0.0
[2025-04-03T18:22:09.563+0000] {spark_submit.py:649} INFO - ✅ Spark session received from DAG
[2025-04-03T18:22:09.564+0000] {spark_submit.py:649} INFO - 📥 Reading raw data...
[2025-04-03T18:22:09.625+0000] {spark_submit.py:649} INFO - 25/04/03 18:22:09 INFO SharedState: Setting hive.metastore.warehouse.dir ('null') to the value of spark.sql.warehouse.dir.
[2025-04-03T18:22:09.635+0000] {spark_submit.py:649} INFO - 25/04/03 18:22:09 INFO SharedState: Warehouse path is 'file:/opt/airflow/spark-warehouse'.
[2025-04-03T18:22:10.255+0000] {spark_submit.py:649} INFO - 25/04/03 18:22:10 WARN FileStreamSink: Assume no metadata directory. Error while looking for metadata directory in the path: s3a://nyc-taxi/raw/yellow_tripdata_2023-01.parquet.
[2025-04-03T18:22:10.256+0000] {spark_submit.py:649} INFO - java.lang.RuntimeException: java.lang.ClassNotFoundException: Class org.apache.hadoop.fs.s3a.S3AFileSystem not found
[2025-04-03T18:22:10.257+0000] {spark_submit.py:649} INFO - at org.apache.hadoop.conf.Configuration.getClass(Configuration.java:2688)
[2025-04-03T18:22:10.258+0000] {spark_submit.py:649} INFO - at org.apache.hadoop.fs.FileSystem.getFileSystemClass(FileSystem.java:3431)
[2025-04-03T18:22:10.259+0000] {spark_submit.py:649} INFO - at org.apache.hadoop.fs.FileSystem.createFileSystem(FileSystem.java:3466)
[2025-04-03T18:22:10.260+0000] {spark_submit.py:649} INFO - at org.apache.hadoop.fs.FileSystem.access$300(FileSystem.java:174)
[2025-04-03T18:22:10.261+0000] {spark_submit.py:649} INFO - at org.apache.hadoop.fs.FileSystem$Cache.getInternal(FileSystem.java:3574)
[2025-04-03T18:22:10.262+0000] {spark_submit.py:649} INFO - at org.apache.hadoop.fs.FileSystem$Cache.get(FileSystem.java:3521)
[2025-04-03T18:22:10.262+0000] {spark_submit.py:649} INFO - at org.apache.hadoop.fs.FileSystem.get(FileSystem.java:540)
[2025-04-03T18:22:10.263+0000] {spark_submit.py:649} INFO - at org.apache.hadoop.fs.Path.getFileSystem(Path.java:365)
[2025-04-03T18:22:10.264+0000] {spark_submit.py:649} INFO - at org.apache.spark.sql.execution.streaming.FileStreamSink$.hasMetadata(FileStreamSink.scala:53)
[2025-04-03T18:22:10.264+0000] {spark_submit.py:649} INFO - at org.apache.spark.sql.execution.datasources.DataSource.resolveRelation(DataSource.scala:366)
[2025-04-03T18:22:10.265+0000] {spark_submit.py:649} INFO - at org.apache.spark.sql.DataFrameReader.loadV1Source(DataFrameReader.scala:229)
[2025-04-03T18:22:10.266+0000] {spark_submit.py:649} INFO - at org.apache.spark.sql.DataFrameReader.$anonfun$load$2(DataFrameReader.scala:211)
[2025-04-03T18:22:10.266+0000] {spark_submit.py:649} INFO - at scala.Option.getOrElse(Option.scala:189)
[2025-04-03T18:22:10.267+0000] {spark_submit.py:649} INFO - at org.apache.spark.sql.DataFrameReader.load(DataFrameReader.scala:211)
[2025-04-03T18:22:10.268+0000] {spark_submit.py:649} INFO - at org.apache.spark.sql.DataFrameReader.parquet(DataFrameReader.scala:563)
[2025-04-03T18:22:10.269+0000] {spark_submit.py:649} INFO - at java.base/jdk.internal.reflect.NativeMethodAccessorImpl.invoke0(Native Method)
[2025-04-03T18:22:10.269+0000] {spark_submit.py:649} INFO - at java.base/jdk.internal.reflect.NativeMethodAccessorImpl.invoke(NativeMethodAccessorImpl.java:77)
[2025-04-03T18:22:10.270+0000] {spark_submit.py:649} INFO - at java.base/jdk.internal.reflect.DelegatingMethodAccessorImpl.invoke(DelegatingMethodAccessorImpl.java:43)
[2025-04-03T18:22:10.271+0000] {spark_submit.py:649} INFO - at java.base/java.lang.reflect.Method.invoke(Method.java:569)
[2025-04-03T18:22:10.271+0000] {spark_submit.py:649} INFO - at py4j.reflection.MethodInvoker.invoke(MethodInvoker.java:244)
[2025-04-03T18:22:10.272+0000] {spark_submit.py:649} INFO - at py4j.reflection.ReflectionEngine.invoke(ReflectionEngine.java:374)
[2025-04-03T18:22:10.273+0000] {spark_submit.py:649} INFO - at py4j.Gateway.invoke(Gateway.java:282)
[2025-04-03T18:22:10.274+0000] {spark_submit.py:649} INFO - at py4j.commands.AbstractCommand.invokeMethod(AbstractCommand.java:132)
[2025-04-03T18:22:10.275+0000] {spark_submit.py:649} INFO - at py4j.commands.CallCommand.execute(CallCommand.java:79)
[2025-04-03T18:22:10.275+0000] {spark_submit.py:649} INFO - at py4j.ClientServerConnection.waitForCommands(ClientServerConnection.java:182)
[2025-04-03T18:22:10.276+0000] {spark_submit.py:649} INFO - at py4j.ClientServerConnection.run(ClientServerConnection.java:106)
[2025-04-03T18:22:10.277+0000] {spark_submit.py:649} INFO - at java.base/java.lang.Thread.run(Thread.java:840)
[2025-04-03T18:22:10.278+0000] {spark_submit.py:649} INFO - Caused by: java.lang.ClassNotFoundException: Class org.apache.hadoop.fs.s3a.S3AFileSystem not found
[2025-04-03T18:22:10.279+0000] {spark_submit.py:649} INFO - at org.apache.hadoop.conf.Configuration.getClassByName(Configuration.java:2592)
[2025-04-03T18:22:10.280+0000] {spark_submit.py:649} INFO - at org.apache.hadoop.conf.Configuration.getClass(Configuration.java:2686)
[2025-04-03T18:22:10.280+0000] {spark_submit.py:649} INFO - ... 26 more
[2025-04-03T18:22:10.379+0000] {spark_submit.py:649} INFO - Traceback (most recent call last):
[2025-04-03T18:22:10.379+0000] {spark_submit.py:649} INFO - File "/opt/spark-app/clean_yellow_tripdata.py", line 9, in <module>
[2025-04-03T18:22:10.385+0000] {spark_submit.py:649} INFO - clean_yellow_tripdata(spark)
[2025-04-03T18:22:10.386+0000] {spark_submit.py:649} INFO - File "/opt/pipeline/transform/clean_yellow_tripdata.py", line 9, in clean_yellow_tripdata
[2025-04-03T18:22:10.391+0000] {spark_submit.py:649} INFO - df = spark.read.parquet(raw_path)
[2025-04-03T18:22:10.392+0000] {spark_submit.py:649} INFO - File "/opt/spark/python/lib/pyspark.zip/pyspark/sql/readwriter.py", line 544, in parquet
[2025-04-03T18:22:10.393+0000] {spark_submit.py:649} INFO - File "/opt/spark/python/lib/py4j-0.10.9.7-src.zip/py4j/java_gateway.py", line 1322, in __call__
[2025-04-03T18:22:10.394+0000] {spark_submit.py:649} INFO - File "/opt/spark/python/lib/pyspark.zip/pyspark/errors/exceptions/captured.py", line 179, in deco
[2025-04-03T18:22:10.395+0000] {spark_submit.py:649} INFO - File "/opt/spark/python/lib/py4j-0.10.9.7-src.zip/py4j/protocol.py", line 326, in get_return_value
[2025-04-03T18:22:10.396+0000] {spark_submit.py:649} INFO - py4j.protocol.Py4JJavaError: An error occurred while calling o24.parquet.
[2025-04-03T18:22:10.397+0000] {spark_submit.py:649} INFO - : java.lang.RuntimeException: java.lang.ClassNotFoundException: Class org.apache.hadoop.fs.s3a.S3AFileSystem not found
[2025-04-03T18:22:10.398+0000] {spark_submit.py:649} INFO - at org.apache.hadoop.conf.Configuration.getClass(Configuration.java:2688)
[2025-04-03T18:22:10.398+0000] {spark_submit.py:649} INFO - at org.apache.hadoop.fs.FileSystem.getFileSystemClass(FileSystem.java:3431)
[2025-04-03T18:22:10.399+0000] {spark_submit.py:649} INFO - at org.apache.hadoop.fs.FileSystem.createFileSystem(FileSystem.java:3466)
[2025-04-03T18:22:10.399+0000] {spark_submit.py:649} INFO - at org.apache.hadoop.fs.FileSystem.access$300(FileSystem.java:174)
[2025-04-03T18:22:10.400+0000] {spark_submit.py:649} INFO - at org.apache.hadoop.fs.FileSystem$Cache.getInternal(FileSystem.java:3574)
[2025-04-03T18:22:10.401+0000] {spark_submit.py:649} INFO - at org.apache.hadoop.fs.FileSystem$Cache.get(FileSystem.java:3521)
[2025-04-03T18:22:10.401+0000] {spark_submit.py:649} INFO - at org.apache.hadoop.fs.FileSystem.get(FileSystem.java:540)
[2025-04-03T18:22:10.402+0000] {spark_submit.py:649} INFO - at org.apache.hadoop.fs.Path.getFileSystem(Path.java:365)
[2025-04-03T18:22:10.402+0000] {spark_submit.py:649} INFO - at org.apache.spark.sql.execution.datasources.DataSource$.$anonfun$checkAndGlobPathIfNecessary$1(DataSource.scala:724)
[2025-04-03T18:22:10.403+0000] {spark_submit.py:649} INFO - at scala.collection.immutable.List.map(List.scala:293)
[2025-04-03T18:22:10.404+0000] {spark_submit.py:649} INFO - at org.apache.spark.sql.execution.datasources.DataSource$.checkAndGlobPathIfNecessary(DataSource.scala:722)
[2025-04-03T18:22:10.404+0000] {spark_submit.py:649} INFO - at org.apache.spark.sql.execution.datasources.DataSource.checkAndGlobPathIfNecessary(DataSource.scala:551)
[2025-04-03T18:22:10.405+0000] {spark_submit.py:649} INFO - at org.apache.spark.sql.execution.datasources.DataSource.resolveRelation(DataSource.scala:404)
[2025-04-03T18:22:10.406+0000] {spark_submit.py:649} INFO - at org.apache.spark.sql.DataFrameReader.loadV1Source(DataFrameReader.scala:229)
[2025-04-03T18:22:10.406+0000] {spark_submit.py:649} INFO - at org.apache.spark.sql.DataFrameReader.$anonfun$load$2(DataFrameReader.scala:211)
[2025-04-03T18:22:10.407+0000] {spark_submit.py:649} INFO - at scala.Option.getOrElse(Option.scala:189)
[2025-04-03T18:22:10.408+0000] {spark_submit.py:649} INFO - at org.apache.spark.sql.DataFrameReader.load(DataFrameReader.scala:211)
[2025-04-03T18:22:10.409+0000] {spark_submit.py:649} INFO - at org.apache.spark.sql.DataFrameReader.parquet(DataFrameReader.scala:563)
[2025-04-03T18:22:10.409+0000] {spark_submit.py:649} INFO - at java.base/jdk.internal.reflect.NativeMethodAccessorImpl.invoke0(Native Method)
[2025-04-03T18:22:10.410+0000] {spark_submit.py:649} INFO - at java.base/jdk.internal.reflect.NativeMethodAccessorImpl.invoke(NativeMethodAccessorImpl.java:77)
[2025-04-03T18:22:10.410+0000] {spark_submit.py:649} INFO - at java.base/jdk.internal.reflect.DelegatingMethodAccessorImpl.invoke(DelegatingMethodAccessorImpl.java:43)
[2025-04-03T18:22:10.411+0000] {spark_submit.py:649} INFO - at java.base/java.lang.reflect.Method.invoke(Method.java:569)
[2025-04-03T18:22:10.412+0000] {spark_submit.py:649} INFO - at py4j.reflection.MethodInvoker.invoke(MethodInvoker.java:244)
[2025-04-03T18:22:10.412+0000] {spark_submit.py:649} INFO - at py4j.reflection.ReflectionEngine.invoke(ReflectionEngine.java:374)
[2025-04-03T18:22:10.413+0000] {spark_submit.py:649} INFO - at py4j.Gateway.invoke(Gateway.java:282)
[2025-04-03T18:22:10.413+0000] {spark_submit.py:649} INFO - at py4j.commands.AbstractCommand.invokeMethod(AbstractCommand.java:132)
[2025-04-03T18:22:10.414+0000] {spark_submit.py:649} INFO - at py4j.commands.CallCommand.execute(CallCommand.java:79)
[2025-04-03T18:22:10.414+0000] {spark_submit.py:649} INFO - at py4j.ClientServerConnection.waitForCommands(ClientServerConnection.java:182)
[2025-04-03T18:22:10.415+0000] {spark_submit.py:649} INFO - at py4j.ClientServerConnection.run(ClientServerConnection.java:106)
[2025-04-03T18:22:10.415+0000] {spark_submit.py:649} INFO - at java.base/java.lang.Thread.run(Thread.java:840)
[2025-04-03T18:22:10.416+0000] {spark_submit.py:649} INFO - Caused by: java.lang.ClassNotFoundException: Class org.apache.hadoop.fs.s3a.S3AFileSystem not found
[2025-04-03T18:22:10.417+0000] {spark_submit.py:649} INFO - at org.apache.hadoop.conf.Configuration.getClassByName(Configuration.java:2592)
[2025-04-03T18:22:10.417+0000] {spark_submit.py:649} INFO - at org.apache.hadoop.conf.Configuration.getClass(Configuration.java:2686)
[2025-04-03T18:22:10.418+0000] {spark_submit.py:649} INFO - ... 29 more
[2025-04-03T18:22:10.419+0000] {spark_submit.py:649} INFO - 
[2025-04-03T18:22:10.446+0000] {spark_submit.py:649} INFO - 25/04/03 18:22:10 INFO SparkContext: Invoking stop() from shutdown hook
[2025-04-03T18:22:10.447+0000] {spark_submit.py:649} INFO - 25/04/03 18:22:10 INFO SparkContext: SparkContext is stopping with exitCode 0.
[2025-04-03T18:22:10.457+0000] {spark_submit.py:649} INFO - 25/04/03 18:22:10 INFO SparkUI: Stopped Spark web UI at http://279edff2d996:4040
[2025-04-03T18:22:10.461+0000] {spark_submit.py:649} INFO - 25/04/03 18:22:10 INFO StandaloneSchedulerBackend: Shutting down all executors
[2025-04-03T18:22:10.466+0000] {spark_submit.py:649} INFO - 25/04/03 18:22:10 INFO StandaloneSchedulerBackend$StandaloneDriverEndpoint: Asking each executor to shut down
[2025-04-03T18:22:10.480+0000] {spark_submit.py:649} INFO - 25/04/03 18:22:10 INFO MapOutputTrackerMasterEndpoint: MapOutputTrackerMasterEndpoint stopped!
[2025-04-03T18:22:10.492+0000] {spark_submit.py:649} INFO - 25/04/03 18:22:10 INFO MemoryStore: MemoryStore cleared
[2025-04-03T18:22:10.493+0000] {spark_submit.py:649} INFO - 25/04/03 18:22:10 INFO BlockManager: BlockManager stopped
[2025-04-03T18:22:10.497+0000] {spark_submit.py:649} INFO - 25/04/03 18:22:10 INFO BlockManagerMaster: BlockManagerMaster stopped
[2025-04-03T18:22:10.499+0000] {spark_submit.py:649} INFO - 25/04/03 18:22:10 INFO OutputCommitCoordinator$OutputCommitCoordinatorEndpoint: OutputCommitCoordinator stopped!
[2025-04-03T18:22:10.509+0000] {spark_submit.py:649} INFO - 25/04/03 18:22:10 INFO SparkContext: Successfully stopped SparkContext
[2025-04-03T18:22:10.510+0000] {spark_submit.py:649} INFO - 25/04/03 18:22:10 INFO ShutdownHookManager: Shutdown hook called
[2025-04-03T18:22:10.511+0000] {spark_submit.py:649} INFO - 25/04/03 18:22:10 INFO ShutdownHookManager: Deleting directory /tmp/spark-5e646ae0-ffbe-412c-befc-50775a1579a8
[2025-04-03T18:22:10.514+0000] {spark_submit.py:649} INFO - 25/04/03 18:22:10 INFO ShutdownHookManager: Deleting directory /tmp/spark-5e646ae0-ffbe-412c-befc-50775a1579a8/pyspark-2db54fa8-9aff-4c0e-900c-14e20ceee09b
[2025-04-03T18:22:10.519+0000] {spark_submit.py:649} INFO - 25/04/03 18:22:10 INFO ShutdownHookManager: Deleting directory /tmp/spark-740eb5f1-2ed0-44d2-84f8-8371edbb2c0b
[2025-04-03T18:22:10.559+0000] {taskinstance.py:2698} ERROR - Task failed with exception
Traceback (most recent call last):
  File "/home/airflow/.local/lib/python3.8/site-packages/airflow/models/taskinstance.py", line 433, in _execute_task
    result = execute_callable(context=context, **execute_callable_kwargs)
  File "/home/airflow/.local/lib/python3.8/site-packages/airflow/providers/apache/spark/operators/spark_submit.py", line 176, in execute
    self._hook.submit(self.application)
  File "/home/airflow/.local/lib/python3.8/site-packages/airflow/providers/apache/spark/hooks/spark_submit.py", line 575, in submit
    raise AirflowException(
airflow.exceptions.AirflowException: Cannot execute: spark-submit --master spark://spark-master:7077 --name arrow-spark --verbose --queue root.default --deploy-mode client /opt/spark-app/clean_yellow_tripdata.py. Error code is: 1.
[2025-04-03T18:22:10.564+0000] {taskinstance.py:1138} INFO - Marking task as UP_FOR_RETRY. dag_id=full_pipeline_dag, task_id=clean_data_spark, execution_date=20250403T182015, start_date=20250403T182205, end_date=20250403T182210
[2025-04-03T18:22:10.707+0000] {standard_task_runner.py:107} ERROR - Failed to execute job 195 for task clean_data_spark (Cannot execute: spark-submit --master spark://spark-master:7077 --name arrow-spark --verbose --queue root.default --deploy-mode client /opt/spark-app/clean_yellow_tripdata.py. Error code is: 1.; 991)
[2025-04-03T18:22:10.805+0000] {local_task_job_runner.py:234} INFO - Task exited with return code 1
[2025-04-03T18:22:10.839+0000] {taskinstance.py:3280} INFO - 0 downstream tasks scheduled from follow-on schedule check
