[2025-04-03T18:59:25.163+0000] {taskinstance.py:1956} INFO - Dependencies all met for dep_context=non-requeueable deps ti=<TaskInstance: full_pipeline_dag.clean_data_spark manual__2025-04-03T18:20:15.390292+00:00 [queued]>
[2025-04-03T18:59:25.181+0000] {taskinstance.py:1956} INFO - Dependencies all met for dep_context=requeueable deps ti=<TaskInstance: full_pipeline_dag.clean_data_spark manual__2025-04-03T18:20:15.390292+00:00 [queued]>
[2025-04-03T18:59:25.182+0000] {taskinstance.py:2170} INFO - Starting attempt 13 of 15
[2025-04-03T18:59:25.227+0000] {taskinstance.py:2191} INFO - Executing <Task(SparkSubmitOperator): clean_data_spark> on 2025-04-03 18:20:15.390292+00:00
[2025-04-03T18:59:25.231+0000] {standard_task_runner.py:60} INFO - Started process 55 to run task
[2025-04-03T18:59:25.235+0000] {standard_task_runner.py:87} INFO - Running: ['airflow', 'tasks', 'run', 'full_pipeline_dag', 'clean_data_spark', 'manual__2025-04-03T18:20:15.390292+00:00', '--job-id', '211', '--raw', '--subdir', 'DAGS_FOLDER/full_pipeline_dag.py', '--cfg-path', '/tmp/tmpmcfarp9v']
[2025-04-03T18:59:25.237+0000] {standard_task_runner.py:88} INFO - Job 211: Subtask clean_data_spark
[2025-04-03T18:59:25.289+0000] {logging_mixin.py:188} WARNING - /home/airflow/.local/lib/python3.8/site-packages/airflow/settings.py:194 DeprecationWarning: The sql_alchemy_conn option in [core] has been moved to the sql_alchemy_conn option in [database] - the old setting has been used, but please update your config.
[2025-04-03T18:59:25.339+0000] {task_command.py:423} INFO - Running <TaskInstance: full_pipeline_dag.clean_data_spark manual__2025-04-03T18:20:15.390292+00:00 [running]> on host eef6dfe9026b
[2025-04-03T18:59:25.473+0000] {taskinstance.py:2480} INFO - Exporting env vars: AIRFLOW_CTX_DAG_OWNER='airflow' AIRFLOW_CTX_DAG_ID='full_pipeline_dag' AIRFLOW_CTX_TASK_ID='clean_data_spark' AIRFLOW_CTX_EXECUTION_DATE='2025-04-03T18:20:15.390292+00:00' AIRFLOW_CTX_TRY_NUMBER='13' AIRFLOW_CTX_DAG_RUN_ID='manual__2025-04-03T18:20:15.390292+00:00'
[2025-04-03T18:59:25.484+0000] {base.py:83} INFO - Using connection ID 'spark_default' for task execution.
[2025-04-03T18:59:25.485+0000] {spark_submit.py:473} INFO - Spark-Submit cmd: spark-submit --master spark://spark-master:7077 --conf spark.master=spark://spark-master:7077 --jars /opt/spark/jars/hadoop-aws-3.3.6.jar,/opt/spark/jars/aws-java-sdk-bundle-1.12.696.jar --name arrow-spark --verbose --queue root.default --deploy-mode client /opt/spark-app/clean_yellow_tripdata.py
[2025-04-03T18:59:26.601+0000] {spark_submit.py:649} INFO - Using properties file: null
[2025-04-03T18:59:26.682+0000] {spark_submit.py:649} INFO - Parsed arguments:
[2025-04-03T18:59:26.683+0000] {spark_submit.py:649} INFO - master                  spark://spark-master:7077
[2025-04-03T18:59:26.685+0000] {spark_submit.py:649} INFO - remote                  null
[2025-04-03T18:59:26.685+0000] {spark_submit.py:649} INFO - deployMode              client
[2025-04-03T18:59:26.686+0000] {spark_submit.py:649} INFO - executorMemory          null
[2025-04-03T18:59:26.686+0000] {spark_submit.py:649} INFO - executorCores           null
[2025-04-03T18:59:26.687+0000] {spark_submit.py:649} INFO - totalExecutorCores      null
[2025-04-03T18:59:26.688+0000] {spark_submit.py:649} INFO - propertiesFile          null
[2025-04-03T18:59:26.689+0000] {spark_submit.py:649} INFO - driverMemory            null
[2025-04-03T18:59:26.689+0000] {spark_submit.py:649} INFO - driverCores             null
[2025-04-03T18:59:26.690+0000] {spark_submit.py:649} INFO - driverExtraClassPath    null
[2025-04-03T18:59:26.690+0000] {spark_submit.py:649} INFO - driverExtraLibraryPath  null
[2025-04-03T18:59:26.691+0000] {spark_submit.py:649} INFO - driverExtraJavaOptions  null
[2025-04-03T18:59:26.691+0000] {spark_submit.py:649} INFO - supervise               false
[2025-04-03T18:59:26.692+0000] {spark_submit.py:649} INFO - queue                   root.default
[2025-04-03T18:59:26.693+0000] {spark_submit.py:649} INFO - numExecutors            null
[2025-04-03T18:59:26.693+0000] {spark_submit.py:649} INFO - files                   null
[2025-04-03T18:59:26.695+0000] {spark_submit.py:649} INFO - pyFiles                 null
[2025-04-03T18:59:26.696+0000] {spark_submit.py:649} INFO - archives                null
[2025-04-03T18:59:26.697+0000] {spark_submit.py:649} INFO - mainClass               null
[2025-04-03T18:59:26.697+0000] {spark_submit.py:649} INFO - primaryResource         file:/opt/spark-app/clean_yellow_tripdata.py
[2025-04-03T18:59:26.698+0000] {spark_submit.py:649} INFO - name                    arrow-spark
[2025-04-03T18:59:26.699+0000] {spark_submit.py:649} INFO - childArgs               []
[2025-04-03T18:59:26.700+0000] {spark_submit.py:649} INFO - jars                    file:/opt/spark-3.5.0-bin-hadoop3/jars/hadoop-aws-3.3.6.jar,file:/opt/spark-3.5.0-bin-hadoop3/jars/aws-java-sdk-bundle-1.12.696.jar
[2025-04-03T18:59:26.701+0000] {spark_submit.py:649} INFO - packages                null
[2025-04-03T18:59:26.702+0000] {spark_submit.py:649} INFO - packagesExclusions      null
[2025-04-03T18:59:26.703+0000] {spark_submit.py:649} INFO - repositories            null
[2025-04-03T18:59:26.703+0000] {spark_submit.py:649} INFO - verbose                 true
[2025-04-03T18:59:26.704+0000] {spark_submit.py:649} INFO - 
[2025-04-03T18:59:26.705+0000] {spark_submit.py:649} INFO - Spark properties used, including those specified through
[2025-04-03T18:59:26.706+0000] {spark_submit.py:649} INFO - --conf and those from the properties file null:
[2025-04-03T18:59:26.706+0000] {spark_submit.py:649} INFO - (spark.master,spark://spark-master:7077)
[2025-04-03T18:59:26.707+0000] {spark_submit.py:649} INFO - 
[2025-04-03T18:59:26.708+0000] {spark_submit.py:649} INFO - 
[2025-04-03T18:59:26.958+0000] {spark_submit.py:649} INFO - 25/04/03 18:59:26 WARN NativeCodeLoader: Unable to load native-hadoop library for your platform... using builtin-java classes where applicable
[2025-04-03T18:59:27.147+0000] {spark_submit.py:649} INFO - Main class:
[2025-04-03T18:59:27.148+0000] {spark_submit.py:649} INFO - org.apache.spark.deploy.PythonRunner
[2025-04-03T18:59:27.149+0000] {spark_submit.py:649} INFO - Arguments:
[2025-04-03T18:59:27.149+0000] {spark_submit.py:649} INFO - file:/opt/spark-app/clean_yellow_tripdata.py
[2025-04-03T18:59:27.150+0000] {spark_submit.py:649} INFO - null
[2025-04-03T18:59:27.152+0000] {spark_submit.py:649} INFO - Spark config:
[2025-04-03T18:59:27.152+0000] {spark_submit.py:649} INFO - (spark.app.name,arrow-spark)
[2025-04-03T18:59:27.153+0000] {spark_submit.py:649} INFO - (spark.app.submitTime,1743706767127)
[2025-04-03T18:59:27.153+0000] {spark_submit.py:649} INFO - (spark.jars,file:/opt/spark-3.5.0-bin-hadoop3/jars/hadoop-aws-3.3.6.jar,file:/opt/spark-3.5.0-bin-hadoop3/jars/aws-java-sdk-bundle-1.12.696.jar)
[2025-04-03T18:59:27.153+0000] {spark_submit.py:649} INFO - (spark.master,spark://spark-master:7077)
[2025-04-03T18:59:27.154+0000] {spark_submit.py:649} INFO - (spark.repl.local.jars,file:/opt/spark-3.5.0-bin-hadoop3/jars/hadoop-aws-3.3.6.jar,file:/opt/spark-3.5.0-bin-hadoop3/jars/aws-java-sdk-bundle-1.12.696.jar)
[2025-04-03T18:59:27.154+0000] {spark_submit.py:649} INFO - (spark.submit.deployMode,client)
[2025-04-03T18:59:27.154+0000] {spark_submit.py:649} INFO - (spark.submit.pyFiles,)
[2025-04-03T18:59:27.155+0000] {spark_submit.py:649} INFO - Classpath elements:
[2025-04-03T18:59:27.155+0000] {spark_submit.py:649} INFO - file:/opt/spark-3.5.0-bin-hadoop3/jars/hadoop-aws-3.3.6.jar
[2025-04-03T18:59:27.155+0000] {spark_submit.py:649} INFO - file:/opt/spark-3.5.0-bin-hadoop3/jars/aws-java-sdk-bundle-1.12.696.jar
[2025-04-03T18:59:27.156+0000] {spark_submit.py:649} INFO - 
[2025-04-03T18:59:27.156+0000] {spark_submit.py:649} INFO - 
[2025-04-03T18:59:27.157+0000] {spark_submit.py:649} INFO - 25/04/03 18:59:27 WARN DependencyUtils: Local jar /opt/spark-3.5.0-bin-hadoop3/jars/hadoop-aws-3.3.6.jar does not exist, skipping.
[2025-04-03T18:59:27.157+0000] {spark_submit.py:649} INFO - 25/04/03 18:59:27 WARN DependencyUtils: Local jar /opt/spark-3.5.0-bin-hadoop3/jars/aws-java-sdk-bundle-1.12.696.jar does not exist, skipping.
[2025-04-03T18:59:28.038+0000] {spark_submit.py:649} INFO - 25/04/03 18:59:28 INFO SparkContext: Running Spark version 3.5.0
[2025-04-03T18:59:28.038+0000] {spark_submit.py:649} INFO - 25/04/03 18:59:28 INFO SparkContext: OS info Linux, 5.15.167.4-microsoft-standard-WSL2, amd64
[2025-04-03T18:59:28.039+0000] {spark_submit.py:649} INFO - 25/04/03 18:59:28 INFO SparkContext: Java version 17.0.14
[2025-04-03T18:59:28.059+0000] {spark_submit.py:649} INFO - 25/04/03 18:59:28 INFO ResourceUtils: ==============================================================
[2025-04-03T18:59:28.060+0000] {spark_submit.py:649} INFO - 25/04/03 18:59:28 INFO ResourceUtils: No custom resources configured for spark.driver.
[2025-04-03T18:59:28.061+0000] {spark_submit.py:649} INFO - 25/04/03 18:59:28 INFO ResourceUtils: ==============================================================
[2025-04-03T18:59:28.061+0000] {spark_submit.py:649} INFO - 25/04/03 18:59:28 INFO SparkContext: Submitted application: CleanYellowData
[2025-04-03T18:59:28.073+0000] {spark_submit.py:649} INFO - 25/04/03 18:59:28 INFO ResourceProfile: Default ResourceProfile created, executor resources: Map(memory -> name: memory, amount: 1024, script: , vendor: , offHeap -> name: offHeap, amount: 0, script: , vendor: ), task resources: Map(cpus -> name: cpus, amount: 1.0)
[2025-04-03T18:59:28.079+0000] {spark_submit.py:649} INFO - 25/04/03 18:59:28 INFO ResourceProfile: Limiting resource is cpu
[2025-04-03T18:59:28.080+0000] {spark_submit.py:649} INFO - 25/04/03 18:59:28 INFO ResourceProfileManager: Added ResourceProfile id: 0
[2025-04-03T18:59:28.119+0000] {spark_submit.py:649} INFO - 25/04/03 18:59:28 INFO SecurityManager: Changing view acls to: airflow
[2025-04-03T18:59:28.121+0000] {spark_submit.py:649} INFO - 25/04/03 18:59:28 INFO SecurityManager: Changing modify acls to: airflow
[2025-04-03T18:59:28.121+0000] {spark_submit.py:649} INFO - 25/04/03 18:59:28 INFO SecurityManager: Changing view acls groups to:
[2025-04-03T18:59:28.122+0000] {spark_submit.py:649} INFO - 25/04/03 18:59:28 INFO SecurityManager: Changing modify acls groups to:
[2025-04-03T18:59:28.123+0000] {spark_submit.py:649} INFO - 25/04/03 18:59:28 INFO SecurityManager: SecurityManager: authentication disabled; ui acls disabled; users with view permissions: airflow; groups with view permissions: EMPTY; users with modify permissions: airflow; groups with modify permissions: EMPTY
[2025-04-03T18:59:28.318+0000] {spark_submit.py:649} INFO - 25/04/03 18:59:28 INFO Utils: Successfully started service 'sparkDriver' on port 42525.
[2025-04-03T18:59:28.360+0000] {spark_submit.py:649} INFO - 25/04/03 18:59:28 INFO SparkEnv: Registering MapOutputTracker
[2025-04-03T18:59:28.401+0000] {spark_submit.py:649} INFO - 25/04/03 18:59:28 INFO SparkEnv: Registering BlockManagerMaster
[2025-04-03T18:59:28.417+0000] {spark_submit.py:649} INFO - 25/04/03 18:59:28 INFO BlockManagerMasterEndpoint: Using org.apache.spark.storage.DefaultTopologyMapper for getting topology information
[2025-04-03T18:59:28.418+0000] {spark_submit.py:649} INFO - 25/04/03 18:59:28 INFO BlockManagerMasterEndpoint: BlockManagerMasterEndpoint up
[2025-04-03T18:59:28.421+0000] {spark_submit.py:649} INFO - 25/04/03 18:59:28 INFO SparkEnv: Registering BlockManagerMasterHeartbeat
[2025-04-03T18:59:28.446+0000] {spark_submit.py:649} INFO - 25/04/03 18:59:28 INFO DiskBlockManager: Created local directory at /tmp/blockmgr-f53b2b8e-52df-4e31-a5c6-ea5874738cf3
[2025-04-03T18:59:28.456+0000] {spark_submit.py:649} INFO - 25/04/03 18:59:28 INFO MemoryStore: MemoryStore started with capacity 434.4 MiB
[2025-04-03T18:59:28.468+0000] {spark_submit.py:649} INFO - 25/04/03 18:59:28 INFO SparkEnv: Registering OutputCommitCoordinator
[2025-04-03T18:59:28.575+0000] {spark_submit.py:649} INFO - 25/04/03 18:59:28 INFO JettyUtils: Start Jetty 0.0.0.0:4040 for SparkUI
[2025-04-03T18:59:28.644+0000] {spark_submit.py:649} INFO - 25/04/03 18:59:28 INFO Utils: Successfully started service 'SparkUI' on port 4040.
[2025-04-03T18:59:28.677+0000] {spark_submit.py:649} INFO - 25/04/03 18:59:28 ERROR SparkContext: Failed to add file:/opt/spark-3.5.0-bin-hadoop3/jars/hadoop-aws-3.3.6.jar to Spark environment
[2025-04-03T18:59:28.678+0000] {spark_submit.py:649} INFO - java.io.FileNotFoundException: Jar /opt/spark-3.5.0-bin-hadoop3/jars/hadoop-aws-3.3.6.jar not found
[2025-04-03T18:59:28.679+0000] {spark_submit.py:649} INFO - at org.apache.spark.SparkContext.addLocalJarFile$1(SparkContext.scala:2100)
[2025-04-03T18:59:28.680+0000] {spark_submit.py:649} INFO - at org.apache.spark.SparkContext.addJar(SparkContext.scala:2156)
[2025-04-03T18:59:28.681+0000] {spark_submit.py:649} INFO - at org.apache.spark.SparkContext.$anonfun$new$15(SparkContext.scala:526)
[2025-04-03T18:59:28.682+0000] {spark_submit.py:649} INFO - at org.apache.spark.SparkContext.$anonfun$new$15$adapted(SparkContext.scala:526)
[2025-04-03T18:59:28.682+0000] {spark_submit.py:649} INFO - at scala.collection.mutable.ResizableArray.foreach(ResizableArray.scala:62)
[2025-04-03T18:59:28.683+0000] {spark_submit.py:649} INFO - at scala.collection.mutable.ResizableArray.foreach$(ResizableArray.scala:55)
[2025-04-03T18:59:28.684+0000] {spark_submit.py:649} INFO - at scala.collection.mutable.ArrayBuffer.foreach(ArrayBuffer.scala:49)
[2025-04-03T18:59:28.684+0000] {spark_submit.py:649} INFO - at org.apache.spark.SparkContext.<init>(SparkContext.scala:526)
[2025-04-03T18:59:28.685+0000] {spark_submit.py:649} INFO - at org.apache.spark.api.java.JavaSparkContext.<init>(JavaSparkContext.scala:58)
[2025-04-03T18:59:28.686+0000] {spark_submit.py:649} INFO - at java.base/jdk.internal.reflect.NativeConstructorAccessorImpl.newInstance0(Native Method)
[2025-04-03T18:59:28.687+0000] {spark_submit.py:649} INFO - at java.base/jdk.internal.reflect.NativeConstructorAccessorImpl.newInstance(NativeConstructorAccessorImpl.java:77)
[2025-04-03T18:59:28.687+0000] {spark_submit.py:649} INFO - at java.base/jdk.internal.reflect.DelegatingConstructorAccessorImpl.newInstance(DelegatingConstructorAccessorImpl.java:45)
[2025-04-03T18:59:28.688+0000] {spark_submit.py:649} INFO - at java.base/java.lang.reflect.Constructor.newInstanceWithCaller(Constructor.java:500)
[2025-04-03T18:59:28.688+0000] {spark_submit.py:649} INFO - at java.base/java.lang.reflect.Constructor.newInstance(Constructor.java:481)
[2025-04-03T18:59:28.689+0000] {spark_submit.py:649} INFO - at py4j.reflection.MethodInvoker.invoke(MethodInvoker.java:247)
[2025-04-03T18:59:28.689+0000] {spark_submit.py:649} INFO - at py4j.reflection.ReflectionEngine.invoke(ReflectionEngine.java:374)
[2025-04-03T18:59:28.690+0000] {spark_submit.py:649} INFO - at py4j.Gateway.invoke(Gateway.java:238)
[2025-04-03T18:59:28.691+0000] {spark_submit.py:649} INFO - at py4j.commands.ConstructorCommand.invokeConstructor(ConstructorCommand.java:80)
[2025-04-03T18:59:28.691+0000] {spark_submit.py:649} INFO - at py4j.commands.ConstructorCommand.execute(ConstructorCommand.java:69)
[2025-04-03T18:59:28.692+0000] {spark_submit.py:649} INFO - at py4j.ClientServerConnection.waitForCommands(ClientServerConnection.java:182)
[2025-04-03T18:59:28.692+0000] {spark_submit.py:649} INFO - at py4j.ClientServerConnection.run(ClientServerConnection.java:106)
[2025-04-03T18:59:28.693+0000] {spark_submit.py:649} INFO - at java.base/java.lang.Thread.run(Thread.java:840)
[2025-04-03T18:59:28.694+0000] {spark_submit.py:649} INFO - 25/04/03 18:59:28 ERROR SparkContext: Failed to add file:/opt/spark-3.5.0-bin-hadoop3/jars/aws-java-sdk-bundle-1.12.696.jar to Spark environment
[2025-04-03T18:59:28.695+0000] {spark_submit.py:649} INFO - java.io.FileNotFoundException: Jar /opt/spark-3.5.0-bin-hadoop3/jars/aws-java-sdk-bundle-1.12.696.jar not found
[2025-04-03T18:59:28.696+0000] {spark_submit.py:649} INFO - at org.apache.spark.SparkContext.addLocalJarFile$1(SparkContext.scala:2100)
[2025-04-03T18:59:28.696+0000] {spark_submit.py:649} INFO - at org.apache.spark.SparkContext.addJar(SparkContext.scala:2156)
[2025-04-03T18:59:28.697+0000] {spark_submit.py:649} INFO - at org.apache.spark.SparkContext.$anonfun$new$15(SparkContext.scala:526)
[2025-04-03T18:59:28.698+0000] {spark_submit.py:649} INFO - at org.apache.spark.SparkContext.$anonfun$new$15$adapted(SparkContext.scala:526)
[2025-04-03T18:59:28.698+0000] {spark_submit.py:649} INFO - at scala.collection.mutable.ResizableArray.foreach(ResizableArray.scala:62)
[2025-04-03T18:59:28.699+0000] {spark_submit.py:649} INFO - at scala.collection.mutable.ResizableArray.foreach$(ResizableArray.scala:55)
[2025-04-03T18:59:28.699+0000] {spark_submit.py:649} INFO - at scala.collection.mutable.ArrayBuffer.foreach(ArrayBuffer.scala:49)
[2025-04-03T18:59:28.700+0000] {spark_submit.py:649} INFO - at org.apache.spark.SparkContext.<init>(SparkContext.scala:526)
[2025-04-03T18:59:28.701+0000] {spark_submit.py:649} INFO - at org.apache.spark.api.java.JavaSparkContext.<init>(JavaSparkContext.scala:58)
[2025-04-03T18:59:28.701+0000] {spark_submit.py:649} INFO - at java.base/jdk.internal.reflect.NativeConstructorAccessorImpl.newInstance0(Native Method)
[2025-04-03T18:59:28.702+0000] {spark_submit.py:649} INFO - at java.base/jdk.internal.reflect.NativeConstructorAccessorImpl.newInstance(NativeConstructorAccessorImpl.java:77)
[2025-04-03T18:59:28.702+0000] {spark_submit.py:649} INFO - at java.base/jdk.internal.reflect.DelegatingConstructorAccessorImpl.newInstance(DelegatingConstructorAccessorImpl.java:45)
[2025-04-03T18:59:28.703+0000] {spark_submit.py:649} INFO - at java.base/java.lang.reflect.Constructor.newInstanceWithCaller(Constructor.java:500)
[2025-04-03T18:59:28.704+0000] {spark_submit.py:649} INFO - at java.base/java.lang.reflect.Constructor.newInstance(Constructor.java:481)
[2025-04-03T18:59:28.704+0000] {spark_submit.py:649} INFO - at py4j.reflection.MethodInvoker.invoke(MethodInvoker.java:247)
[2025-04-03T18:59:28.705+0000] {spark_submit.py:649} INFO - at py4j.reflection.ReflectionEngine.invoke(ReflectionEngine.java:374)
[2025-04-03T18:59:28.706+0000] {spark_submit.py:649} INFO - at py4j.Gateway.invoke(Gateway.java:238)
[2025-04-03T18:59:28.706+0000] {spark_submit.py:649} INFO - at py4j.commands.ConstructorCommand.invokeConstructor(ConstructorCommand.java:80)
[2025-04-03T18:59:28.706+0000] {spark_submit.py:649} INFO - at py4j.commands.ConstructorCommand.execute(ConstructorCommand.java:69)
[2025-04-03T18:59:28.707+0000] {spark_submit.py:649} INFO - at py4j.ClientServerConnection.waitForCommands(ClientServerConnection.java:182)
[2025-04-03T18:59:28.708+0000] {spark_submit.py:649} INFO - at py4j.ClientServerConnection.run(ClientServerConnection.java:106)
[2025-04-03T18:59:28.708+0000] {spark_submit.py:649} INFO - at java.base/java.lang.Thread.run(Thread.java:840)
[2025-04-03T18:59:28.742+0000] {spark_submit.py:649} INFO - 25/04/03 18:59:28 INFO StandaloneAppClient$ClientEndpoint: Connecting to master spark://spark-master:7077...
[2025-04-03T18:59:28.786+0000] {spark_submit.py:649} INFO - 25/04/03 18:59:28 INFO TransportClientFactory: Successfully created connection to spark-master/172.24.0.5:7077 after 21 ms (0 ms spent in bootstraps)
[2025-04-03T18:59:28.915+0000] {spark_submit.py:649} INFO - 25/04/03 18:59:28 INFO StandaloneSchedulerBackend: Connected to Spark cluster with app ID app-20250403185928-0000
[2025-04-03T18:59:28.922+0000] {spark_submit.py:649} INFO - 25/04/03 18:59:28 INFO Utils: Successfully started service 'org.apache.spark.network.netty.NettyBlockTransferService' on port 38145.
[2025-04-03T18:59:28.923+0000] {spark_submit.py:649} INFO - 25/04/03 18:59:28 INFO NettyBlockTransferService: Server created on eef6dfe9026b:38145
[2025-04-03T18:59:28.924+0000] {spark_submit.py:649} INFO - 25/04/03 18:59:28 INFO BlockManager: Using org.apache.spark.storage.RandomBlockReplicationPolicy for block replication policy
[2025-04-03T18:59:28.931+0000] {spark_submit.py:649} INFO - 25/04/03 18:59:28 INFO BlockManagerMaster: Registering BlockManager BlockManagerId(driver, eef6dfe9026b, 38145, None)
[2025-04-03T18:59:28.935+0000] {spark_submit.py:649} INFO - 25/04/03 18:59:28 INFO BlockManagerMasterEndpoint: Registering block manager eef6dfe9026b:38145 with 434.4 MiB RAM, BlockManagerId(driver, eef6dfe9026b, 38145, None)
[2025-04-03T18:59:28.938+0000] {spark_submit.py:649} INFO - 25/04/03 18:59:28 INFO BlockManagerMaster: Registered BlockManager BlockManagerId(driver, eef6dfe9026b, 38145, None)
[2025-04-03T18:59:28.940+0000] {spark_submit.py:649} INFO - 25/04/03 18:59:28 INFO StandaloneAppClient$ClientEndpoint: Executor added: app-20250403185928-0000/0 on worker-20250403185848-172.24.0.8-34333 (172.24.0.8:34333) with 16 core(s)
[2025-04-03T18:59:28.940+0000] {spark_submit.py:649} INFO - 25/04/03 18:59:28 INFO BlockManager: Initialized BlockManager: BlockManagerId(driver, eef6dfe9026b, 38145, None)
[2025-04-03T18:59:28.944+0000] {spark_submit.py:649} INFO - 25/04/03 18:59:28 INFO StandaloneSchedulerBackend: Granted executor ID app-20250403185928-0000/0 on hostPort 172.24.0.8:34333 with 16 core(s), 1024.0 MiB RAM
[2025-04-03T18:59:29.094+0000] {spark_submit.py:649} INFO - 25/04/03 18:59:29 INFO StandaloneAppClient$ClientEndpoint: Executor updated: app-20250403185928-0000/0 is now RUNNING
[2025-04-03T18:59:29.197+0000] {spark_submit.py:649} INFO - 25/04/03 18:59:29 INFO StandaloneSchedulerBackend: SchedulerBackend is ready for scheduling beginning after reached minRegisteredResourcesRatio: 0.0
[2025-04-03T18:59:29.417+0000] {spark_submit.py:649} INFO - ✅ Spark session received from DAG
[2025-04-03T18:59:29.418+0000] {spark_submit.py:649} INFO - 📥 Reading raw data...
[2025-04-03T18:59:29.423+0000] {spark_submit.py:649} INFO - 25/04/03 18:59:29 INFO SharedState: Setting hive.metastore.warehouse.dir ('null') to the value of spark.sql.warehouse.dir.
[2025-04-03T18:59:29.426+0000] {spark_submit.py:649} INFO - 25/04/03 18:59:29 INFO SharedState: Warehouse path is 'file:/opt/airflow/spark-warehouse'.
[2025-04-03T18:59:30.272+0000] {spark_submit.py:649} INFO - 25/04/03 18:59:30 WARN FileStreamSink: Assume no metadata directory. Error while looking for metadata directory in the path: s3a://nyc-taxi/raw/yellow_tripdata_2023-01.parquet.
[2025-04-03T18:59:30.273+0000] {spark_submit.py:649} INFO - java.lang.RuntimeException: java.lang.ClassNotFoundException: Class org.apache.hadoop.fs.s3a.S3AFileSystem not found
[2025-04-03T18:59:30.273+0000] {spark_submit.py:649} INFO - at org.apache.hadoop.conf.Configuration.getClass(Configuration.java:2688)
[2025-04-03T18:59:30.274+0000] {spark_submit.py:649} INFO - at org.apache.hadoop.fs.FileSystem.getFileSystemClass(FileSystem.java:3431)
[2025-04-03T18:59:30.274+0000] {spark_submit.py:649} INFO - at org.apache.hadoop.fs.FileSystem.createFileSystem(FileSystem.java:3466)
[2025-04-03T18:59:30.275+0000] {spark_submit.py:649} INFO - at org.apache.hadoop.fs.FileSystem.access$300(FileSystem.java:174)
[2025-04-03T18:59:30.276+0000] {spark_submit.py:649} INFO - at org.apache.hadoop.fs.FileSystem$Cache.getInternal(FileSystem.java:3574)
[2025-04-03T18:59:30.276+0000] {spark_submit.py:649} INFO - at org.apache.hadoop.fs.FileSystem$Cache.get(FileSystem.java:3521)
[2025-04-03T18:59:30.277+0000] {spark_submit.py:649} INFO - at org.apache.hadoop.fs.FileSystem.get(FileSystem.java:540)
[2025-04-03T18:59:30.278+0000] {spark_submit.py:649} INFO - at org.apache.hadoop.fs.Path.getFileSystem(Path.java:365)
[2025-04-03T18:59:30.279+0000] {spark_submit.py:649} INFO - at org.apache.spark.sql.execution.streaming.FileStreamSink$.hasMetadata(FileStreamSink.scala:53)
[2025-04-03T18:59:30.281+0000] {spark_submit.py:649} INFO - at org.apache.spark.sql.execution.datasources.DataSource.resolveRelation(DataSource.scala:366)
[2025-04-03T18:59:30.284+0000] {spark_submit.py:649} INFO - at org.apache.spark.sql.DataFrameReader.loadV1Source(DataFrameReader.scala:229)
[2025-04-03T18:59:30.285+0000] {spark_submit.py:649} INFO - at org.apache.spark.sql.DataFrameReader.$anonfun$load$2(DataFrameReader.scala:211)
[2025-04-03T18:59:30.286+0000] {spark_submit.py:649} INFO - at scala.Option.getOrElse(Option.scala:189)
[2025-04-03T18:59:30.286+0000] {spark_submit.py:649} INFO - at org.apache.spark.sql.DataFrameReader.load(DataFrameReader.scala:211)
[2025-04-03T18:59:30.287+0000] {spark_submit.py:649} INFO - at org.apache.spark.sql.DataFrameReader.parquet(DataFrameReader.scala:563)
[2025-04-03T18:59:30.288+0000] {spark_submit.py:649} INFO - at java.base/jdk.internal.reflect.NativeMethodAccessorImpl.invoke0(Native Method)
[2025-04-03T18:59:30.289+0000] {spark_submit.py:649} INFO - at java.base/jdk.internal.reflect.NativeMethodAccessorImpl.invoke(NativeMethodAccessorImpl.java:77)
[2025-04-03T18:59:30.289+0000] {spark_submit.py:649} INFO - at java.base/jdk.internal.reflect.DelegatingMethodAccessorImpl.invoke(DelegatingMethodAccessorImpl.java:43)
[2025-04-03T18:59:30.290+0000] {spark_submit.py:649} INFO - at java.base/java.lang.reflect.Method.invoke(Method.java:569)
[2025-04-03T18:59:30.290+0000] {spark_submit.py:649} INFO - at py4j.reflection.MethodInvoker.invoke(MethodInvoker.java:244)
[2025-04-03T18:59:30.291+0000] {spark_submit.py:649} INFO - at py4j.reflection.ReflectionEngine.invoke(ReflectionEngine.java:374)
[2025-04-03T18:59:30.292+0000] {spark_submit.py:649} INFO - at py4j.Gateway.invoke(Gateway.java:282)
[2025-04-03T18:59:30.293+0000] {spark_submit.py:649} INFO - at py4j.commands.AbstractCommand.invokeMethod(AbstractCommand.java:132)
[2025-04-03T18:59:30.294+0000] {spark_submit.py:649} INFO - at py4j.commands.CallCommand.execute(CallCommand.java:79)
[2025-04-03T18:59:30.295+0000] {spark_submit.py:649} INFO - at py4j.ClientServerConnection.waitForCommands(ClientServerConnection.java:182)
[2025-04-03T18:59:30.296+0000] {spark_submit.py:649} INFO - at py4j.ClientServerConnection.run(ClientServerConnection.java:106)
[2025-04-03T18:59:30.298+0000] {spark_submit.py:649} INFO - at java.base/java.lang.Thread.run(Thread.java:840)
[2025-04-03T18:59:30.299+0000] {spark_submit.py:649} INFO - Caused by: java.lang.ClassNotFoundException: Class org.apache.hadoop.fs.s3a.S3AFileSystem not found
[2025-04-03T18:59:30.300+0000] {spark_submit.py:649} INFO - at org.apache.hadoop.conf.Configuration.getClassByName(Configuration.java:2592)
[2025-04-03T18:59:30.300+0000] {spark_submit.py:649} INFO - at org.apache.hadoop.conf.Configuration.getClass(Configuration.java:2686)
[2025-04-03T18:59:30.301+0000] {spark_submit.py:649} INFO - ... 26 more
[2025-04-03T18:59:30.424+0000] {spark_submit.py:649} INFO - Traceback (most recent call last):
[2025-04-03T18:59:30.425+0000] {spark_submit.py:649} INFO - File "/opt/spark-app/clean_yellow_tripdata.py", line 9, in <module>
[2025-04-03T18:59:30.429+0000] {spark_submit.py:649} INFO - clean_yellow_tripdata(spark)
[2025-04-03T18:59:30.430+0000] {spark_submit.py:649} INFO - File "/opt/pipeline/transform/clean_yellow_tripdata.py", line 9, in clean_yellow_tripdata
[2025-04-03T18:59:30.434+0000] {spark_submit.py:649} INFO - df = spark.read.parquet(raw_path)
[2025-04-03T18:59:30.434+0000] {spark_submit.py:649} INFO - File "/opt/spark/python/lib/pyspark.zip/pyspark/sql/readwriter.py", line 544, in parquet
[2025-04-03T18:59:30.435+0000] {spark_submit.py:649} INFO - File "/opt/spark/python/lib/py4j-0.10.9.7-src.zip/py4j/java_gateway.py", line 1322, in __call__
[2025-04-03T18:59:30.436+0000] {spark_submit.py:649} INFO - File "/opt/spark/python/lib/pyspark.zip/pyspark/errors/exceptions/captured.py", line 179, in deco
[2025-04-03T18:59:30.436+0000] {spark_submit.py:649} INFO - File "/opt/spark/python/lib/py4j-0.10.9.7-src.zip/py4j/protocol.py", line 326, in get_return_value
[2025-04-03T18:59:30.438+0000] {spark_submit.py:649} INFO - py4j.protocol.Py4JJavaError: An error occurred while calling o26.parquet.
[2025-04-03T18:59:30.439+0000] {spark_submit.py:649} INFO - : java.lang.RuntimeException: java.lang.ClassNotFoundException: Class org.apache.hadoop.fs.s3a.S3AFileSystem not found
[2025-04-03T18:59:30.439+0000] {spark_submit.py:649} INFO - at org.apache.hadoop.conf.Configuration.getClass(Configuration.java:2688)
[2025-04-03T18:59:30.440+0000] {spark_submit.py:649} INFO - at org.apache.hadoop.fs.FileSystem.getFileSystemClass(FileSystem.java:3431)
[2025-04-03T18:59:30.440+0000] {spark_submit.py:649} INFO - at org.apache.hadoop.fs.FileSystem.createFileSystem(FileSystem.java:3466)
[2025-04-03T18:59:30.441+0000] {spark_submit.py:649} INFO - at org.apache.hadoop.fs.FileSystem.access$300(FileSystem.java:174)
[2025-04-03T18:59:30.441+0000] {spark_submit.py:649} INFO - at org.apache.hadoop.fs.FileSystem$Cache.getInternal(FileSystem.java:3574)
[2025-04-03T18:59:30.442+0000] {spark_submit.py:649} INFO - at org.apache.hadoop.fs.FileSystem$Cache.get(FileSystem.java:3521)
[2025-04-03T18:59:30.443+0000] {spark_submit.py:649} INFO - at org.apache.hadoop.fs.FileSystem.get(FileSystem.java:540)
[2025-04-03T18:59:30.443+0000] {spark_submit.py:649} INFO - at org.apache.hadoop.fs.Path.getFileSystem(Path.java:365)
[2025-04-03T18:59:30.444+0000] {spark_submit.py:649} INFO - at org.apache.spark.sql.execution.datasources.DataSource$.$anonfun$checkAndGlobPathIfNecessary$1(DataSource.scala:724)
[2025-04-03T18:59:30.444+0000] {spark_submit.py:649} INFO - at scala.collection.immutable.List.map(List.scala:293)
[2025-04-03T18:59:30.445+0000] {spark_submit.py:649} INFO - at org.apache.spark.sql.execution.datasources.DataSource$.checkAndGlobPathIfNecessary(DataSource.scala:722)
[2025-04-03T18:59:30.446+0000] {spark_submit.py:649} INFO - at org.apache.spark.sql.execution.datasources.DataSource.checkAndGlobPathIfNecessary(DataSource.scala:551)
[2025-04-03T18:59:30.446+0000] {spark_submit.py:649} INFO - at org.apache.spark.sql.execution.datasources.DataSource.resolveRelation(DataSource.scala:404)
[2025-04-03T18:59:30.447+0000] {spark_submit.py:649} INFO - at org.apache.spark.sql.DataFrameReader.loadV1Source(DataFrameReader.scala:229)
[2025-04-03T18:59:30.447+0000] {spark_submit.py:649} INFO - at org.apache.spark.sql.DataFrameReader.$anonfun$load$2(DataFrameReader.scala:211)
[2025-04-03T18:59:30.448+0000] {spark_submit.py:649} INFO - at scala.Option.getOrElse(Option.scala:189)
[2025-04-03T18:59:30.448+0000] {spark_submit.py:649} INFO - at org.apache.spark.sql.DataFrameReader.load(DataFrameReader.scala:211)
[2025-04-03T18:59:30.449+0000] {spark_submit.py:649} INFO - at org.apache.spark.sql.DataFrameReader.parquet(DataFrameReader.scala:563)
[2025-04-03T18:59:30.450+0000] {spark_submit.py:649} INFO - at java.base/jdk.internal.reflect.NativeMethodAccessorImpl.invoke0(Native Method)
[2025-04-03T18:59:30.450+0000] {spark_submit.py:649} INFO - at java.base/jdk.internal.reflect.NativeMethodAccessorImpl.invoke(NativeMethodAccessorImpl.java:77)
[2025-04-03T18:59:30.451+0000] {spark_submit.py:649} INFO - at java.base/jdk.internal.reflect.DelegatingMethodAccessorImpl.invoke(DelegatingMethodAccessorImpl.java:43)
[2025-04-03T18:59:30.451+0000] {spark_submit.py:649} INFO - at java.base/java.lang.reflect.Method.invoke(Method.java:569)
[2025-04-03T18:59:30.452+0000] {spark_submit.py:649} INFO - at py4j.reflection.MethodInvoker.invoke(MethodInvoker.java:244)
[2025-04-03T18:59:30.453+0000] {spark_submit.py:649} INFO - at py4j.reflection.ReflectionEngine.invoke(ReflectionEngine.java:374)
[2025-04-03T18:59:30.453+0000] {spark_submit.py:649} INFO - at py4j.Gateway.invoke(Gateway.java:282)
[2025-04-03T18:59:30.454+0000] {spark_submit.py:649} INFO - at py4j.commands.AbstractCommand.invokeMethod(AbstractCommand.java:132)
[2025-04-03T18:59:30.454+0000] {spark_submit.py:649} INFO - at py4j.commands.CallCommand.execute(CallCommand.java:79)
[2025-04-03T18:59:30.455+0000] {spark_submit.py:649} INFO - at py4j.ClientServerConnection.waitForCommands(ClientServerConnection.java:182)
[2025-04-03T18:59:30.456+0000] {spark_submit.py:649} INFO - at py4j.ClientServerConnection.run(ClientServerConnection.java:106)
[2025-04-03T18:59:30.457+0000] {spark_submit.py:649} INFO - at java.base/java.lang.Thread.run(Thread.java:840)
[2025-04-03T18:59:30.457+0000] {spark_submit.py:649} INFO - Caused by: java.lang.ClassNotFoundException: Class org.apache.hadoop.fs.s3a.S3AFileSystem not found
[2025-04-03T18:59:30.458+0000] {spark_submit.py:649} INFO - at org.apache.hadoop.conf.Configuration.getClassByName(Configuration.java:2592)
[2025-04-03T18:59:30.458+0000] {spark_submit.py:649} INFO - at org.apache.hadoop.conf.Configuration.getClass(Configuration.java:2686)
[2025-04-03T18:59:30.459+0000] {spark_submit.py:649} INFO - ... 29 more
[2025-04-03T18:59:30.459+0000] {spark_submit.py:649} INFO - 
[2025-04-03T18:59:30.553+0000] {spark_submit.py:649} INFO - 25/04/03 18:59:30 INFO SparkContext: Invoking stop() from shutdown hook
[2025-04-03T18:59:30.554+0000] {spark_submit.py:649} INFO - 25/04/03 18:59:30 INFO SparkContext: SparkContext is stopping with exitCode 0.
[2025-04-03T18:59:30.570+0000] {spark_submit.py:649} INFO - 25/04/03 18:59:30 INFO SparkUI: Stopped Spark web UI at http://eef6dfe9026b:4040
[2025-04-03T18:59:30.573+0000] {spark_submit.py:649} INFO - 25/04/03 18:59:30 INFO StandaloneSchedulerBackend: Shutting down all executors
[2025-04-03T18:59:30.581+0000] {spark_submit.py:649} INFO - 25/04/03 18:59:30 INFO StandaloneSchedulerBackend$StandaloneDriverEndpoint: Asking each executor to shut down
[2025-04-03T18:59:30.601+0000] {spark_submit.py:649} INFO - 25/04/03 18:59:30 INFO MapOutputTrackerMasterEndpoint: MapOutputTrackerMasterEndpoint stopped!
[2025-04-03T18:59:30.626+0000] {spark_submit.py:649} INFO - 25/04/03 18:59:30 INFO MemoryStore: MemoryStore cleared
[2025-04-03T18:59:30.628+0000] {spark_submit.py:649} INFO - 25/04/03 18:59:30 INFO BlockManager: BlockManager stopped
[2025-04-03T18:59:30.644+0000] {spark_submit.py:649} INFO - 25/04/03 18:59:30 INFO BlockManagerMaster: BlockManagerMaster stopped
[2025-04-03T18:59:30.650+0000] {spark_submit.py:649} INFO - 25/04/03 18:59:30 INFO OutputCommitCoordinator$OutputCommitCoordinatorEndpoint: OutputCommitCoordinator stopped!
[2025-04-03T18:59:30.663+0000] {spark_submit.py:649} INFO - 25/04/03 18:59:30 INFO SparkContext: Successfully stopped SparkContext
[2025-04-03T18:59:30.664+0000] {spark_submit.py:649} INFO - 25/04/03 18:59:30 INFO ShutdownHookManager: Shutdown hook called
[2025-04-03T18:59:30.664+0000] {spark_submit.py:649} INFO - 25/04/03 18:59:30 INFO ShutdownHookManager: Deleting directory /tmp/spark-dda27d26-c254-4153-9452-4cee7f282f6c
[2025-04-03T18:59:30.667+0000] {spark_submit.py:649} INFO - 25/04/03 18:59:30 INFO ShutdownHookManager: Deleting directory /tmp/spark-fcefe663-1ce9-4f1f-a80d-f0d18c01c47f
[2025-04-03T18:59:30.673+0000] {spark_submit.py:649} INFO - 25/04/03 18:59:30 INFO ShutdownHookManager: Deleting directory /tmp/spark-fcefe663-1ce9-4f1f-a80d-f0d18c01c47f/pyspark-fb3ee19e-8ca4-4ff3-bc50-02e4c50b75bd
[2025-04-03T18:59:30.732+0000] {taskinstance.py:2698} ERROR - Task failed with exception
Traceback (most recent call last):
  File "/home/airflow/.local/lib/python3.8/site-packages/airflow/models/taskinstance.py", line 433, in _execute_task
    result = execute_callable(context=context, **execute_callable_kwargs)
  File "/home/airflow/.local/lib/python3.8/site-packages/airflow/providers/apache/spark/operators/spark_submit.py", line 176, in execute
    self._hook.submit(self.application)
  File "/home/airflow/.local/lib/python3.8/site-packages/airflow/providers/apache/spark/hooks/spark_submit.py", line 575, in submit
    raise AirflowException(
airflow.exceptions.AirflowException: Cannot execute: spark-submit --master spark://spark-master:7077 --conf spark.master=spark://spark-master:7077 --jars /opt/spark/jars/hadoop-aws-3.3.6.jar,/opt/spark/jars/aws-java-sdk-bundle-1.12.696.jar --name arrow-spark --verbose --queue root.default --deploy-mode client /opt/spark-app/clean_yellow_tripdata.py. Error code is: 1.
[2025-04-03T18:59:30.737+0000] {taskinstance.py:1138} INFO - Marking task as UP_FOR_RETRY. dag_id=full_pipeline_dag, task_id=clean_data_spark, execution_date=20250403T182015, start_date=20250403T185925, end_date=20250403T185930
[2025-04-03T18:59:30.912+0000] {standard_task_runner.py:107} ERROR - Failed to execute job 211 for task clean_data_spark (Cannot execute: spark-submit --master spark://spark-master:7077 --conf spark.master=spark://spark-master:7077 --jars /opt/spark/jars/hadoop-aws-3.3.6.jar,/opt/spark/jars/aws-java-sdk-bundle-1.12.696.jar --name arrow-spark --verbose --queue root.default --deploy-mode client /opt/spark-app/clean_yellow_tripdata.py. Error code is: 1.; 55)
[2025-04-03T18:59:30.954+0000] {local_task_job_runner.py:234} INFO - Task exited with return code 1
[2025-04-03T18:59:30.994+0000] {taskinstance.py:3280} INFO - 0 downstream tasks scheduled from follow-on schedule check
