[2025-04-03T18:20:57.378+0000] {taskinstance.py:1956} INFO - Dependencies all met for dep_context=non-requeueable deps ti=<TaskInstance: full_pipeline_dag.clean_data_spark manual__2025-04-03T18:20:15.390292+00:00 [queued]>
[2025-04-03T18:20:57.394+0000] {taskinstance.py:1956} INFO - Dependencies all met for dep_context=requeueable deps ti=<TaskInstance: full_pipeline_dag.clean_data_spark manual__2025-04-03T18:20:15.390292+00:00 [queued]>
[2025-04-03T18:20:57.394+0000] {taskinstance.py:2170} INFO - Starting attempt 1 of 3
[2025-04-03T18:20:57.422+0000] {taskinstance.py:2191} INFO - Executing <Task(SparkSubmitOperator): clean_data_spark> on 2025-04-03 18:20:15.390292+00:00
[2025-04-03T18:20:57.425+0000] {standard_task_runner.py:60} INFO - Started process 783 to run task
[2025-04-03T18:20:57.427+0000] {standard_task_runner.py:87} INFO - Running: ['airflow', 'tasks', 'run', 'full_pipeline_dag', 'clean_data_spark', 'manual__2025-04-03T18:20:15.390292+00:00', '--job-id', '194', '--raw', '--subdir', 'DAGS_FOLDER/full_pipeline_dag.py', '--cfg-path', '/tmp/tmp8s4l9jcd']
[2025-04-03T18:20:57.430+0000] {standard_task_runner.py:88} INFO - Job 194: Subtask clean_data_spark
[2025-04-03T18:20:57.462+0000] {logging_mixin.py:188} WARNING - /home/airflow/.local/lib/python3.8/site-packages/airflow/settings.py:194 DeprecationWarning: The sql_alchemy_conn option in [core] has been moved to the sql_alchemy_conn option in [database] - the old setting has been used, but please update your config.
[2025-04-03T18:20:57.505+0000] {task_command.py:423} INFO - Running <TaskInstance: full_pipeline_dag.clean_data_spark manual__2025-04-03T18:20:15.390292+00:00 [running]> on host 279edff2d996
[2025-04-03T18:20:57.747+0000] {taskinstance.py:2480} INFO - Exporting env vars: AIRFLOW_CTX_DAG_OWNER='airflow' AIRFLOW_CTX_DAG_ID='full_pipeline_dag' AIRFLOW_CTX_TASK_ID='clean_data_spark' AIRFLOW_CTX_EXECUTION_DATE='2025-04-03T18:20:15.390292+00:00' AIRFLOW_CTX_TRY_NUMBER='1' AIRFLOW_CTX_DAG_RUN_ID='manual__2025-04-03T18:20:15.390292+00:00'
[2025-04-03T18:20:57.759+0000] {base.py:83} INFO - Using connection ID 'spark_default' for task execution.
[2025-04-03T18:20:57.760+0000] {spark_submit.py:473} INFO - Spark-Submit cmd: spark-submit --master spark://spark-master:7077 --name arrow-spark --verbose --queue root.default --deploy-mode client /opt/spark-app/clean_yellow_tripdata.py
[2025-04-03T18:20:58.918+0000] {spark_submit.py:649} INFO - Using properties file: null
[2025-04-03T18:20:59.020+0000] {spark_submit.py:649} INFO - Parsed arguments:
[2025-04-03T18:20:59.021+0000] {spark_submit.py:649} INFO - master                  spark://spark-master:7077
[2025-04-03T18:20:59.022+0000] {spark_submit.py:649} INFO - remote                  null
[2025-04-03T18:20:59.022+0000] {spark_submit.py:649} INFO - deployMode              client
[2025-04-03T18:20:59.023+0000] {spark_submit.py:649} INFO - executorMemory          null
[2025-04-03T18:20:59.024+0000] {spark_submit.py:649} INFO - executorCores           null
[2025-04-03T18:20:59.024+0000] {spark_submit.py:649} INFO - totalExecutorCores      null
[2025-04-03T18:20:59.025+0000] {spark_submit.py:649} INFO - propertiesFile          null
[2025-04-03T18:20:59.026+0000] {spark_submit.py:649} INFO - driverMemory            null
[2025-04-03T18:20:59.027+0000] {spark_submit.py:649} INFO - driverCores             null
[2025-04-03T18:20:59.028+0000] {spark_submit.py:649} INFO - driverExtraClassPath    null
[2025-04-03T18:20:59.029+0000] {spark_submit.py:649} INFO - driverExtraLibraryPath  null
[2025-04-03T18:20:59.030+0000] {spark_submit.py:649} INFO - driverExtraJavaOptions  null
[2025-04-03T18:20:59.031+0000] {spark_submit.py:649} INFO - supervise               false
[2025-04-03T18:20:59.033+0000] {spark_submit.py:649} INFO - queue                   root.default
[2025-04-03T18:20:59.034+0000] {spark_submit.py:649} INFO - numExecutors            null
[2025-04-03T18:20:59.035+0000] {spark_submit.py:649} INFO - files                   null
[2025-04-03T18:20:59.035+0000] {spark_submit.py:649} INFO - pyFiles                 null
[2025-04-03T18:20:59.036+0000] {spark_submit.py:649} INFO - archives                null
[2025-04-03T18:20:59.037+0000] {spark_submit.py:649} INFO - mainClass               null
[2025-04-03T18:20:59.038+0000] {spark_submit.py:649} INFO - primaryResource         file:/opt/spark-app/clean_yellow_tripdata.py
[2025-04-03T18:20:59.039+0000] {spark_submit.py:649} INFO - name                    arrow-spark
[2025-04-03T18:20:59.040+0000] {spark_submit.py:649} INFO - childArgs               []
[2025-04-03T18:20:59.041+0000] {spark_submit.py:649} INFO - jars                    null
[2025-04-03T18:20:59.041+0000] {spark_submit.py:649} INFO - packages                null
[2025-04-03T18:20:59.042+0000] {spark_submit.py:649} INFO - packagesExclusions      null
[2025-04-03T18:20:59.043+0000] {spark_submit.py:649} INFO - repositories            null
[2025-04-03T18:20:59.044+0000] {spark_submit.py:649} INFO - verbose                 true
[2025-04-03T18:20:59.045+0000] {spark_submit.py:649} INFO - 
[2025-04-03T18:20:59.046+0000] {spark_submit.py:649} INFO - Spark properties used, including those specified through
[2025-04-03T18:20:59.047+0000] {spark_submit.py:649} INFO - --conf and those from the properties file null:
[2025-04-03T18:20:59.048+0000] {spark_submit.py:649} INFO - 
[2025-04-03T18:20:59.049+0000] {spark_submit.py:649} INFO - 
[2025-04-03T18:20:59.050+0000] {spark_submit.py:649} INFO - 
[2025-04-03T18:20:59.256+0000] {spark_submit.py:649} INFO - Main class:
[2025-04-03T18:20:59.257+0000] {spark_submit.py:649} INFO - org.apache.spark.deploy.PythonRunner
[2025-04-03T18:20:59.257+0000] {spark_submit.py:649} INFO - Arguments:
[2025-04-03T18:20:59.258+0000] {spark_submit.py:649} INFO - file:/opt/spark-app/clean_yellow_tripdata.py
[2025-04-03T18:20:59.258+0000] {spark_submit.py:649} INFO - null
[2025-04-03T18:20:59.261+0000] {spark_submit.py:649} INFO - Spark config:
[2025-04-03T18:20:59.261+0000] {spark_submit.py:649} INFO - (spark.app.name,arrow-spark)
[2025-04-03T18:20:59.262+0000] {spark_submit.py:649} INFO - (spark.app.submitTime,1743704459240)
[2025-04-03T18:20:59.262+0000] {spark_submit.py:649} INFO - (spark.master,spark://spark-master:7077)
[2025-04-03T18:20:59.263+0000] {spark_submit.py:649} INFO - (spark.submit.deployMode,client)
[2025-04-03T18:20:59.263+0000] {spark_submit.py:649} INFO - (spark.submit.pyFiles,)
[2025-04-03T18:20:59.264+0000] {spark_submit.py:649} INFO - Classpath elements:
[2025-04-03T18:20:59.264+0000] {spark_submit.py:649} INFO - 
[2025-04-03T18:20:59.265+0000] {spark_submit.py:649} INFO - 
[2025-04-03T18:20:59.265+0000] {spark_submit.py:649} INFO - 
[2025-04-03T18:21:00.236+0000] {spark_submit.py:649} INFO - 25/04/03 18:21:00 INFO SparkContext: Running Spark version 3.5.0
[2025-04-03T18:21:00.237+0000] {spark_submit.py:649} INFO - 25/04/03 18:21:00 INFO SparkContext: OS info Linux, 5.15.167.4-microsoft-standard-WSL2, amd64
[2025-04-03T18:21:00.238+0000] {spark_submit.py:649} INFO - 25/04/03 18:21:00 INFO SparkContext: Java version 17.0.14
[2025-04-03T18:21:00.301+0000] {spark_submit.py:649} INFO - 25/04/03 18:21:00 WARN NativeCodeLoader: Unable to load native-hadoop library for your platform... using builtin-java classes where applicable
[2025-04-03T18:21:00.400+0000] {spark_submit.py:649} INFO - 25/04/03 18:21:00 INFO ResourceUtils: ==============================================================
[2025-04-03T18:21:00.401+0000] {spark_submit.py:649} INFO - 25/04/03 18:21:00 INFO ResourceUtils: No custom resources configured for spark.driver.
[2025-04-03T18:21:00.402+0000] {spark_submit.py:649} INFO - 25/04/03 18:21:00 INFO ResourceUtils: ==============================================================
[2025-04-03T18:21:00.403+0000] {spark_submit.py:649} INFO - 25/04/03 18:21:00 INFO SparkContext: Submitted application: CleanYellowData
[2025-04-03T18:21:00.420+0000] {spark_submit.py:649} INFO - 25/04/03 18:21:00 INFO ResourceProfile: Default ResourceProfile created, executor resources: Map(memory -> name: memory, amount: 1024, script: , vendor: , offHeap -> name: offHeap, amount: 0, script: , vendor: ), task resources: Map(cpus -> name: cpus, amount: 1.0)
[2025-04-03T18:21:00.429+0000] {spark_submit.py:649} INFO - 25/04/03 18:21:00 INFO ResourceProfile: Limiting resource is cpu
[2025-04-03T18:21:00.430+0000] {spark_submit.py:649} INFO - 25/04/03 18:21:00 INFO ResourceProfileManager: Added ResourceProfile id: 0
[2025-04-03T18:21:00.478+0000] {spark_submit.py:649} INFO - 25/04/03 18:21:00 INFO SecurityManager: Changing view acls to: airflow
[2025-04-03T18:21:00.480+0000] {spark_submit.py:649} INFO - 25/04/03 18:21:00 INFO SecurityManager: Changing modify acls to: airflow
[2025-04-03T18:21:00.481+0000] {spark_submit.py:649} INFO - 25/04/03 18:21:00 INFO SecurityManager: Changing view acls groups to:
[2025-04-03T18:21:00.481+0000] {spark_submit.py:649} INFO - 25/04/03 18:21:00 INFO SecurityManager: Changing modify acls groups to:
[2025-04-03T18:21:00.482+0000] {spark_submit.py:649} INFO - 25/04/03 18:21:00 INFO SecurityManager: SecurityManager: authentication disabled; ui acls disabled; users with view permissions: airflow; groups with view permissions: EMPTY; users with modify permissions: airflow; groups with modify permissions: EMPTY
[2025-04-03T18:21:00.664+0000] {spark_submit.py:649} INFO - 25/04/03 18:21:00 INFO Utils: Successfully started service 'sparkDriver' on port 36375.
[2025-04-03T18:21:00.686+0000] {spark_submit.py:649} INFO - 25/04/03 18:21:00 INFO SparkEnv: Registering MapOutputTracker
[2025-04-03T18:21:00.712+0000] {spark_submit.py:649} INFO - 25/04/03 18:21:00 INFO SparkEnv: Registering BlockManagerMaster
[2025-04-03T18:21:00.725+0000] {spark_submit.py:649} INFO - 25/04/03 18:21:00 INFO BlockManagerMasterEndpoint: Using org.apache.spark.storage.DefaultTopologyMapper for getting topology information
[2025-04-03T18:21:00.727+0000] {spark_submit.py:649} INFO - 25/04/03 18:21:00 INFO BlockManagerMasterEndpoint: BlockManagerMasterEndpoint up
[2025-04-03T18:21:00.732+0000] {spark_submit.py:649} INFO - 25/04/03 18:21:00 INFO SparkEnv: Registering BlockManagerMasterHeartbeat
[2025-04-03T18:21:00.750+0000] {spark_submit.py:649} INFO - 25/04/03 18:21:00 INFO DiskBlockManager: Created local directory at /tmp/blockmgr-834732fd-3e38-4c69-a182-a43bc6b51fc2
[2025-04-03T18:21:00.761+0000] {spark_submit.py:649} INFO - 25/04/03 18:21:00 INFO MemoryStore: MemoryStore started with capacity 434.4 MiB
[2025-04-03T18:21:00.774+0000] {spark_submit.py:649} INFO - 25/04/03 18:21:00 INFO SparkEnv: Registering OutputCommitCoordinator
[2025-04-03T18:21:00.869+0000] {spark_submit.py:649} INFO - 25/04/03 18:21:00 INFO JettyUtils: Start Jetty 0.0.0.0:4040 for SparkUI
[2025-04-03T18:21:00.921+0000] {spark_submit.py:649} INFO - 25/04/03 18:21:00 INFO Utils: Successfully started service 'SparkUI' on port 4040.
[2025-04-03T18:21:01.016+0000] {spark_submit.py:649} INFO - 25/04/03 18:21:01 INFO StandaloneAppClient$ClientEndpoint: Connecting to master spark://spark-master:7077...
[2025-04-03T18:21:01.050+0000] {spark_submit.py:649} INFO - 25/04/03 18:21:01 INFO TransportClientFactory: Successfully created connection to spark-master/172.24.0.2:7077 after 18 ms (0 ms spent in bootstraps)
[2025-04-03T18:21:01.114+0000] {spark_submit.py:649} INFO - 25/04/03 18:21:01 INFO StandaloneSchedulerBackend: Connected to Spark cluster with app ID app-20250403182101-0003
[2025-04-03T18:21:01.116+0000] {spark_submit.py:649} INFO - 25/04/03 18:21:01 INFO StandaloneAppClient$ClientEndpoint: Executor added: app-20250403182101-0003/0 on worker-20250403181245-172.24.0.6-45293 (172.24.0.6:45293) with 16 core(s)
[2025-04-03T18:21:01.118+0000] {spark_submit.py:649} INFO - 25/04/03 18:21:01 INFO StandaloneSchedulerBackend: Granted executor ID app-20250403182101-0003/0 on hostPort 172.24.0.6:45293 with 16 core(s), 1024.0 MiB RAM
[2025-04-03T18:21:01.124+0000] {spark_submit.py:649} INFO - 25/04/03 18:21:01 INFO Utils: Successfully started service 'org.apache.spark.network.netty.NettyBlockTransferService' on port 44961.
[2025-04-03T18:21:01.126+0000] {spark_submit.py:649} INFO - 25/04/03 18:21:01 INFO NettyBlockTransferService: Server created on 279edff2d996:44961
[2025-04-03T18:21:01.127+0000] {spark_submit.py:649} INFO - 25/04/03 18:21:01 INFO BlockManager: Using org.apache.spark.storage.RandomBlockReplicationPolicy for block replication policy
[2025-04-03T18:21:01.131+0000] {spark_submit.py:649} INFO - 25/04/03 18:21:01 INFO BlockManagerMaster: Registering BlockManager BlockManagerId(driver, 279edff2d996, 44961, None)
[2025-04-03T18:21:01.135+0000] {spark_submit.py:649} INFO - 25/04/03 18:21:01 INFO BlockManagerMasterEndpoint: Registering block manager 279edff2d996:44961 with 434.4 MiB RAM, BlockManagerId(driver, 279edff2d996, 44961, None)
[2025-04-03T18:21:01.137+0000] {spark_submit.py:649} INFO - 25/04/03 18:21:01 INFO BlockManagerMaster: Registered BlockManager BlockManagerId(driver, 279edff2d996, 44961, None)
[2025-04-03T18:21:01.139+0000] {spark_submit.py:649} INFO - 25/04/03 18:21:01 INFO BlockManager: Initialized BlockManager: BlockManagerId(driver, 279edff2d996, 44961, None)
[2025-04-03T18:21:01.156+0000] {spark_submit.py:649} INFO - 25/04/03 18:21:01 INFO StandaloneAppClient$ClientEndpoint: Executor updated: app-20250403182101-0003/0 is now RUNNING
[2025-04-03T18:21:01.325+0000] {spark_submit.py:649} INFO - 25/04/03 18:21:01 INFO StandaloneSchedulerBackend: SchedulerBackend is ready for scheduling beginning after reached minRegisteredResourcesRatio: 0.0
[2025-04-03T18:21:01.480+0000] {spark_submit.py:649} INFO - ✅ Spark session received from DAG
[2025-04-03T18:21:01.482+0000] {spark_submit.py:649} INFO - 📥 Reading raw data...
[2025-04-03T18:21:01.591+0000] {spark_submit.py:649} INFO - 25/04/03 18:21:01 INFO SharedState: Setting hive.metastore.warehouse.dir ('null') to the value of spark.sql.warehouse.dir.
[2025-04-03T18:21:01.601+0000] {spark_submit.py:649} INFO - 25/04/03 18:21:01 INFO SharedState: Warehouse path is 'file:/opt/airflow/spark-warehouse'.
[2025-04-03T18:21:02.592+0000] {spark_submit.py:649} INFO - 25/04/03 18:21:02 WARN FileStreamSink: Assume no metadata directory. Error while looking for metadata directory in the path: s3a://nyc-taxi/raw/yellow_tripdata_2023-01.parquet.
[2025-04-03T18:21:02.593+0000] {spark_submit.py:649} INFO - java.lang.RuntimeException: java.lang.ClassNotFoundException: Class org.apache.hadoop.fs.s3a.S3AFileSystem not found
[2025-04-03T18:21:02.595+0000] {spark_submit.py:649} INFO - at org.apache.hadoop.conf.Configuration.getClass(Configuration.java:2688)
[2025-04-03T18:21:02.596+0000] {spark_submit.py:649} INFO - at org.apache.hadoop.fs.FileSystem.getFileSystemClass(FileSystem.java:3431)
[2025-04-03T18:21:02.597+0000] {spark_submit.py:649} INFO - at org.apache.hadoop.fs.FileSystem.createFileSystem(FileSystem.java:3466)
[2025-04-03T18:21:02.597+0000] {spark_submit.py:649} INFO - at org.apache.hadoop.fs.FileSystem.access$300(FileSystem.java:174)
[2025-04-03T18:21:02.598+0000] {spark_submit.py:649} INFO - at org.apache.hadoop.fs.FileSystem$Cache.getInternal(FileSystem.java:3574)
[2025-04-03T18:21:02.599+0000] {spark_submit.py:649} INFO - at org.apache.hadoop.fs.FileSystem$Cache.get(FileSystem.java:3521)
[2025-04-03T18:21:02.600+0000] {spark_submit.py:649} INFO - at org.apache.hadoop.fs.FileSystem.get(FileSystem.java:540)
[2025-04-03T18:21:02.600+0000] {spark_submit.py:649} INFO - at org.apache.hadoop.fs.Path.getFileSystem(Path.java:365)
[2025-04-03T18:21:02.601+0000] {spark_submit.py:649} INFO - at org.apache.spark.sql.execution.streaming.FileStreamSink$.hasMetadata(FileStreamSink.scala:53)
[2025-04-03T18:21:02.602+0000] {spark_submit.py:649} INFO - at org.apache.spark.sql.execution.datasources.DataSource.resolveRelation(DataSource.scala:366)
[2025-04-03T18:21:02.602+0000] {spark_submit.py:649} INFO - at org.apache.spark.sql.DataFrameReader.loadV1Source(DataFrameReader.scala:229)
[2025-04-03T18:21:02.603+0000] {spark_submit.py:649} INFO - at org.apache.spark.sql.DataFrameReader.$anonfun$load$2(DataFrameReader.scala:211)
[2025-04-03T18:21:02.604+0000] {spark_submit.py:649} INFO - at scala.Option.getOrElse(Option.scala:189)
[2025-04-03T18:21:02.605+0000] {spark_submit.py:649} INFO - at org.apache.spark.sql.DataFrameReader.load(DataFrameReader.scala:211)
[2025-04-03T18:21:02.606+0000] {spark_submit.py:649} INFO - at org.apache.spark.sql.DataFrameReader.parquet(DataFrameReader.scala:563)
[2025-04-03T18:21:02.606+0000] {spark_submit.py:649} INFO - at java.base/jdk.internal.reflect.NativeMethodAccessorImpl.invoke0(Native Method)
[2025-04-03T18:21:02.607+0000] {spark_submit.py:649} INFO - at java.base/jdk.internal.reflect.NativeMethodAccessorImpl.invoke(NativeMethodAccessorImpl.java:77)
[2025-04-03T18:21:02.608+0000] {spark_submit.py:649} INFO - at java.base/jdk.internal.reflect.DelegatingMethodAccessorImpl.invoke(DelegatingMethodAccessorImpl.java:43)
[2025-04-03T18:21:02.609+0000] {spark_submit.py:649} INFO - at java.base/java.lang.reflect.Method.invoke(Method.java:569)
[2025-04-03T18:21:02.609+0000] {spark_submit.py:649} INFO - at py4j.reflection.MethodInvoker.invoke(MethodInvoker.java:244)
[2025-04-03T18:21:02.610+0000] {spark_submit.py:649} INFO - at py4j.reflection.ReflectionEngine.invoke(ReflectionEngine.java:374)
[2025-04-03T18:21:02.610+0000] {spark_submit.py:649} INFO - at py4j.Gateway.invoke(Gateway.java:282)
[2025-04-03T18:21:02.611+0000] {spark_submit.py:649} INFO - at py4j.commands.AbstractCommand.invokeMethod(AbstractCommand.java:132)
[2025-04-03T18:21:02.612+0000] {spark_submit.py:649} INFO - at py4j.commands.CallCommand.execute(CallCommand.java:79)
[2025-04-03T18:21:02.612+0000] {spark_submit.py:649} INFO - at py4j.ClientServerConnection.waitForCommands(ClientServerConnection.java:182)
[2025-04-03T18:21:02.613+0000] {spark_submit.py:649} INFO - at py4j.ClientServerConnection.run(ClientServerConnection.java:106)
[2025-04-03T18:21:02.613+0000] {spark_submit.py:649} INFO - at java.base/java.lang.Thread.run(Thread.java:840)
[2025-04-03T18:21:02.614+0000] {spark_submit.py:649} INFO - Caused by: java.lang.ClassNotFoundException: Class org.apache.hadoop.fs.s3a.S3AFileSystem not found
[2025-04-03T18:21:02.614+0000] {spark_submit.py:649} INFO - at org.apache.hadoop.conf.Configuration.getClassByName(Configuration.java:2592)
[2025-04-03T18:21:02.615+0000] {spark_submit.py:649} INFO - at org.apache.hadoop.conf.Configuration.getClass(Configuration.java:2686)
[2025-04-03T18:21:02.615+0000] {spark_submit.py:649} INFO - ... 26 more
[2025-04-03T18:21:02.700+0000] {spark_submit.py:649} INFO - Traceback (most recent call last):
[2025-04-03T18:21:02.701+0000] {spark_submit.py:649} INFO - File "/opt/spark-app/clean_yellow_tripdata.py", line 9, in <module>
[2025-04-03T18:21:02.704+0000] {spark_submit.py:649} INFO - clean_yellow_tripdata(spark)
[2025-04-03T18:21:02.705+0000] {spark_submit.py:649} INFO - File "/opt/pipeline/transform/clean_yellow_tripdata.py", line 9, in clean_yellow_tripdata
[2025-04-03T18:21:02.710+0000] {spark_submit.py:649} INFO - df = spark.read.parquet(raw_path)
[2025-04-03T18:21:02.711+0000] {spark_submit.py:649} INFO - File "/opt/spark/python/lib/pyspark.zip/pyspark/sql/readwriter.py", line 544, in parquet
[2025-04-03T18:21:02.711+0000] {spark_submit.py:649} INFO - File "/opt/spark/python/lib/py4j-0.10.9.7-src.zip/py4j/java_gateway.py", line 1322, in __call__
[2025-04-03T18:21:02.712+0000] {spark_submit.py:649} INFO - File "/opt/spark/python/lib/pyspark.zip/pyspark/errors/exceptions/captured.py", line 179, in deco
[2025-04-03T18:21:02.713+0000] {spark_submit.py:649} INFO - File "/opt/spark/python/lib/py4j-0.10.9.7-src.zip/py4j/protocol.py", line 326, in get_return_value
[2025-04-03T18:21:02.715+0000] {spark_submit.py:649} INFO - py4j.protocol.Py4JJavaError: An error occurred while calling o24.parquet.
[2025-04-03T18:21:02.715+0000] {spark_submit.py:649} INFO - : java.lang.RuntimeException: java.lang.ClassNotFoundException: Class org.apache.hadoop.fs.s3a.S3AFileSystem not found
[2025-04-03T18:21:02.716+0000] {spark_submit.py:649} INFO - at org.apache.hadoop.conf.Configuration.getClass(Configuration.java:2688)
[2025-04-03T18:21:02.717+0000] {spark_submit.py:649} INFO - at org.apache.hadoop.fs.FileSystem.getFileSystemClass(FileSystem.java:3431)
[2025-04-03T18:21:02.718+0000] {spark_submit.py:649} INFO - at org.apache.hadoop.fs.FileSystem.createFileSystem(FileSystem.java:3466)
[2025-04-03T18:21:02.719+0000] {spark_submit.py:649} INFO - at org.apache.hadoop.fs.FileSystem.access$300(FileSystem.java:174)
[2025-04-03T18:21:02.719+0000] {spark_submit.py:649} INFO - at org.apache.hadoop.fs.FileSystem$Cache.getInternal(FileSystem.java:3574)
[2025-04-03T18:21:02.720+0000] {spark_submit.py:649} INFO - at org.apache.hadoop.fs.FileSystem$Cache.get(FileSystem.java:3521)
[2025-04-03T18:21:02.721+0000] {spark_submit.py:649} INFO - at org.apache.hadoop.fs.FileSystem.get(FileSystem.java:540)
[2025-04-03T18:21:02.721+0000] {spark_submit.py:649} INFO - at org.apache.hadoop.fs.Path.getFileSystem(Path.java:365)
[2025-04-03T18:21:02.722+0000] {spark_submit.py:649} INFO - at org.apache.spark.sql.execution.datasources.DataSource$.$anonfun$checkAndGlobPathIfNecessary$1(DataSource.scala:724)
[2025-04-03T18:21:02.723+0000] {spark_submit.py:649} INFO - at scala.collection.immutable.List.map(List.scala:293)
[2025-04-03T18:21:02.723+0000] {spark_submit.py:649} INFO - at org.apache.spark.sql.execution.datasources.DataSource$.checkAndGlobPathIfNecessary(DataSource.scala:722)
[2025-04-03T18:21:02.724+0000] {spark_submit.py:649} INFO - at org.apache.spark.sql.execution.datasources.DataSource.checkAndGlobPathIfNecessary(DataSource.scala:551)
[2025-04-03T18:21:02.725+0000] {spark_submit.py:649} INFO - at org.apache.spark.sql.execution.datasources.DataSource.resolveRelation(DataSource.scala:404)
[2025-04-03T18:21:02.725+0000] {spark_submit.py:649} INFO - at org.apache.spark.sql.DataFrameReader.loadV1Source(DataFrameReader.scala:229)
[2025-04-03T18:21:02.726+0000] {spark_submit.py:649} INFO - at org.apache.spark.sql.DataFrameReader.$anonfun$load$2(DataFrameReader.scala:211)
[2025-04-03T18:21:02.727+0000] {spark_submit.py:649} INFO - at scala.Option.getOrElse(Option.scala:189)
[2025-04-03T18:21:02.727+0000] {spark_submit.py:649} INFO - at org.apache.spark.sql.DataFrameReader.load(DataFrameReader.scala:211)
[2025-04-03T18:21:02.728+0000] {spark_submit.py:649} INFO - at org.apache.spark.sql.DataFrameReader.parquet(DataFrameReader.scala:563)
[2025-04-03T18:21:02.729+0000] {spark_submit.py:649} INFO - at java.base/jdk.internal.reflect.NativeMethodAccessorImpl.invoke0(Native Method)
[2025-04-03T18:21:02.730+0000] {spark_submit.py:649} INFO - at java.base/jdk.internal.reflect.NativeMethodAccessorImpl.invoke(NativeMethodAccessorImpl.java:77)
[2025-04-03T18:21:02.730+0000] {spark_submit.py:649} INFO - at java.base/jdk.internal.reflect.DelegatingMethodAccessorImpl.invoke(DelegatingMethodAccessorImpl.java:43)
[2025-04-03T18:21:02.731+0000] {spark_submit.py:649} INFO - at java.base/java.lang.reflect.Method.invoke(Method.java:569)
[2025-04-03T18:21:02.732+0000] {spark_submit.py:649} INFO - at py4j.reflection.MethodInvoker.invoke(MethodInvoker.java:244)
[2025-04-03T18:21:02.732+0000] {spark_submit.py:649} INFO - at py4j.reflection.ReflectionEngine.invoke(ReflectionEngine.java:374)
[2025-04-03T18:21:02.733+0000] {spark_submit.py:649} INFO - at py4j.Gateway.invoke(Gateway.java:282)
[2025-04-03T18:21:02.734+0000] {spark_submit.py:649} INFO - at py4j.commands.AbstractCommand.invokeMethod(AbstractCommand.java:132)
[2025-04-03T18:21:02.734+0000] {spark_submit.py:649} INFO - at py4j.commands.CallCommand.execute(CallCommand.java:79)
[2025-04-03T18:21:02.735+0000] {spark_submit.py:649} INFO - at py4j.ClientServerConnection.waitForCommands(ClientServerConnection.java:182)
[2025-04-03T18:21:02.735+0000] {spark_submit.py:649} INFO - at py4j.ClientServerConnection.run(ClientServerConnection.java:106)
[2025-04-03T18:21:02.736+0000] {spark_submit.py:649} INFO - at java.base/java.lang.Thread.run(Thread.java:840)
[2025-04-03T18:21:02.737+0000] {spark_submit.py:649} INFO - Caused by: java.lang.ClassNotFoundException: Class org.apache.hadoop.fs.s3a.S3AFileSystem not found
[2025-04-03T18:21:02.737+0000] {spark_submit.py:649} INFO - at org.apache.hadoop.conf.Configuration.getClassByName(Configuration.java:2592)
[2025-04-03T18:21:02.738+0000] {spark_submit.py:649} INFO - at org.apache.hadoop.conf.Configuration.getClass(Configuration.java:2686)
[2025-04-03T18:21:02.739+0000] {spark_submit.py:649} INFO - ... 29 more
[2025-04-03T18:21:02.739+0000] {spark_submit.py:649} INFO - 
[2025-04-03T18:21:02.757+0000] {spark_submit.py:649} INFO - 25/04/03 18:21:02 INFO SparkContext: Invoking stop() from shutdown hook
[2025-04-03T18:21:02.758+0000] {spark_submit.py:649} INFO - 25/04/03 18:21:02 INFO SparkContext: SparkContext is stopping with exitCode 0.
[2025-04-03T18:21:02.772+0000] {spark_submit.py:649} INFO - 25/04/03 18:21:02 INFO SparkUI: Stopped Spark web UI at http://279edff2d996:4040
[2025-04-03T18:21:02.776+0000] {spark_submit.py:649} INFO - 25/04/03 18:21:02 INFO StandaloneSchedulerBackend: Shutting down all executors
[2025-04-03T18:21:02.779+0000] {spark_submit.py:649} INFO - 25/04/03 18:21:02 INFO StandaloneSchedulerBackend$StandaloneDriverEndpoint: Asking each executor to shut down
[2025-04-03T18:21:02.799+0000] {spark_submit.py:649} INFO - 25/04/03 18:21:02 INFO MapOutputTrackerMasterEndpoint: MapOutputTrackerMasterEndpoint stopped!
[2025-04-03T18:21:02.811+0000] {spark_submit.py:649} INFO - 25/04/03 18:21:02 INFO MemoryStore: MemoryStore cleared
[2025-04-03T18:21:02.812+0000] {spark_submit.py:649} INFO - 25/04/03 18:21:02 INFO BlockManager: BlockManager stopped
[2025-04-03T18:21:02.817+0000] {spark_submit.py:649} INFO - 25/04/03 18:21:02 INFO BlockManagerMaster: BlockManagerMaster stopped
[2025-04-03T18:21:02.820+0000] {spark_submit.py:649} INFO - 25/04/03 18:21:02 INFO OutputCommitCoordinator$OutputCommitCoordinatorEndpoint: OutputCommitCoordinator stopped!
[2025-04-03T18:21:02.834+0000] {spark_submit.py:649} INFO - 25/04/03 18:21:02 INFO SparkContext: Successfully stopped SparkContext
[2025-04-03T18:21:02.835+0000] {spark_submit.py:649} INFO - 25/04/03 18:21:02 INFO ShutdownHookManager: Shutdown hook called
[2025-04-03T18:21:02.835+0000] {spark_submit.py:649} INFO - 25/04/03 18:21:02 INFO ShutdownHookManager: Deleting directory /tmp/spark-9f85f079-5b9f-4626-8c4d-cb4329af22a0
[2025-04-03T18:21:02.838+0000] {spark_submit.py:649} INFO - 25/04/03 18:21:02 INFO ShutdownHookManager: Deleting directory /tmp/spark-7cd97211-1d9c-4faf-b7e4-89669f9bbb7e
[2025-04-03T18:21:02.842+0000] {spark_submit.py:649} INFO - 25/04/03 18:21:02 INFO ShutdownHookManager: Deleting directory /tmp/spark-7cd97211-1d9c-4faf-b7e4-89669f9bbb7e/pyspark-021671b6-d665-406a-9eaf-c03a45e9dae0
[2025-04-03T18:21:02.879+0000] {taskinstance.py:2698} ERROR - Task failed with exception
Traceback (most recent call last):
  File "/home/airflow/.local/lib/python3.8/site-packages/airflow/models/taskinstance.py", line 433, in _execute_task
    result = execute_callable(context=context, **execute_callable_kwargs)
  File "/home/airflow/.local/lib/python3.8/site-packages/airflow/providers/apache/spark/operators/spark_submit.py", line 176, in execute
    self._hook.submit(self.application)
  File "/home/airflow/.local/lib/python3.8/site-packages/airflow/providers/apache/spark/hooks/spark_submit.py", line 575, in submit
    raise AirflowException(
airflow.exceptions.AirflowException: Cannot execute: spark-submit --master spark://spark-master:7077 --name arrow-spark --verbose --queue root.default --deploy-mode client /opt/spark-app/clean_yellow_tripdata.py. Error code is: 1.
[2025-04-03T18:21:02.883+0000] {taskinstance.py:1138} INFO - Marking task as UP_FOR_RETRY. dag_id=full_pipeline_dag, task_id=clean_data_spark, execution_date=20250403T182015, start_date=20250403T182057, end_date=20250403T182102
[2025-04-03T18:21:03.063+0000] {standard_task_runner.py:107} ERROR - Failed to execute job 194 for task clean_data_spark (Cannot execute: spark-submit --master spark://spark-master:7077 --name arrow-spark --verbose --queue root.default --deploy-mode client /opt/spark-app/clean_yellow_tripdata.py. Error code is: 1.; 783)
[2025-04-03T18:21:03.083+0000] {local_task_job_runner.py:234} INFO - Task exited with return code 1
[2025-04-03T18:21:03.139+0000] {taskinstance.py:3280} INFO - 0 downstream tasks scheduled from follow-on schedule check
