[2025-04-03T18:49:07.292+0000] {taskinstance.py:1956} INFO - Dependencies all met for dep_context=non-requeueable deps ti=<TaskInstance: full_pipeline_dag.clean_data_spark manual__2025-04-03T18:20:15.390292+00:00 [queued]>
[2025-04-03T18:49:07.324+0000] {taskinstance.py:1956} INFO - Dependencies all met for dep_context=requeueable deps ti=<TaskInstance: full_pipeline_dag.clean_data_spark manual__2025-04-03T18:20:15.390292+00:00 [queued]>
[2025-04-03T18:49:07.325+0000] {taskinstance.py:2170} INFO - Starting attempt 7 of 9
[2025-04-03T18:49:07.472+0000] {taskinstance.py:2191} INFO - Executing <Task(SparkSubmitOperator): clean_data_spark> on 2025-04-03 18:20:15.390292+00:00
[2025-04-03T18:49:07.481+0000] {standard_task_runner.py:60} INFO - Started process 55 to run task
[2025-04-03T18:49:07.486+0000] {standard_task_runner.py:87} INFO - Running: ['airflow', 'tasks', 'run', 'full_pipeline_dag', 'clean_data_spark', 'manual__2025-04-03T18:20:15.390292+00:00', '--job-id', '203', '--raw', '--subdir', 'DAGS_FOLDER/full_pipeline_dag.py', '--cfg-path', '/tmp/tmp7wz37r8l']
[2025-04-03T18:49:07.488+0000] {standard_task_runner.py:88} INFO - Job 203: Subtask clean_data_spark
[2025-04-03T18:49:07.535+0000] {logging_mixin.py:188} WARNING - /home/airflow/.local/lib/python3.8/site-packages/airflow/settings.py:194 DeprecationWarning: The sql_alchemy_conn option in [core] has been moved to the sql_alchemy_conn option in [database] - the old setting has been used, but please update your config.
[2025-04-03T18:49:07.592+0000] {task_command.py:423} INFO - Running <TaskInstance: full_pipeline_dag.clean_data_spark manual__2025-04-03T18:20:15.390292+00:00 [running]> on host bed0eabd0c34
[2025-04-03T18:49:07.734+0000] {taskinstance.py:2480} INFO - Exporting env vars: AIRFLOW_CTX_DAG_OWNER='airflow' AIRFLOW_CTX_DAG_ID='full_pipeline_dag' AIRFLOW_CTX_TASK_ID='clean_data_spark' AIRFLOW_CTX_EXECUTION_DATE='2025-04-03T18:20:15.390292+00:00' AIRFLOW_CTX_TRY_NUMBER='7' AIRFLOW_CTX_DAG_RUN_ID='manual__2025-04-03T18:20:15.390292+00:00'
[2025-04-03T18:49:07.749+0000] {base.py:83} INFO - Using connection ID 'spark_default' for task execution.
[2025-04-03T18:49:07.750+0000] {spark_submit.py:473} INFO - Spark-Submit cmd: spark-submit --master spark://spark-master:7077 --name arrow-spark --verbose --queue root.default --deploy-mode client /opt/spark-app/clean_yellow_tripdata.py
[2025-04-03T18:49:08.947+0000] {spark_submit.py:649} INFO - Using properties file: null
[2025-04-03T18:49:09.051+0000] {spark_submit.py:649} INFO - Parsed arguments:
[2025-04-03T18:49:09.052+0000] {spark_submit.py:649} INFO - master                  spark://spark-master:7077
[2025-04-03T18:49:09.052+0000] {spark_submit.py:649} INFO - remote                  null
[2025-04-03T18:49:09.053+0000] {spark_submit.py:649} INFO - deployMode              client
[2025-04-03T18:49:09.054+0000] {spark_submit.py:649} INFO - executorMemory          null
[2025-04-03T18:49:09.055+0000] {spark_submit.py:649} INFO - executorCores           null
[2025-04-03T18:49:09.056+0000] {spark_submit.py:649} INFO - totalExecutorCores      null
[2025-04-03T18:49:09.056+0000] {spark_submit.py:649} INFO - propertiesFile          null
[2025-04-03T18:49:09.057+0000] {spark_submit.py:649} INFO - driverMemory            null
[2025-04-03T18:49:09.058+0000] {spark_submit.py:649} INFO - driverCores             null
[2025-04-03T18:49:09.059+0000] {spark_submit.py:649} INFO - driverExtraClassPath    null
[2025-04-03T18:49:09.060+0000] {spark_submit.py:649} INFO - driverExtraLibraryPath  null
[2025-04-03T18:49:09.061+0000] {spark_submit.py:649} INFO - driverExtraJavaOptions  null
[2025-04-03T18:49:09.061+0000] {spark_submit.py:649} INFO - supervise               false
[2025-04-03T18:49:09.062+0000] {spark_submit.py:649} INFO - queue                   root.default
[2025-04-03T18:49:09.063+0000] {spark_submit.py:649} INFO - numExecutors            null
[2025-04-03T18:49:09.063+0000] {spark_submit.py:649} INFO - files                   null
[2025-04-03T18:49:09.064+0000] {spark_submit.py:649} INFO - pyFiles                 null
[2025-04-03T18:49:09.065+0000] {spark_submit.py:649} INFO - archives                null
[2025-04-03T18:49:09.066+0000] {spark_submit.py:649} INFO - mainClass               null
[2025-04-03T18:49:09.067+0000] {spark_submit.py:649} INFO - primaryResource         file:/opt/spark-app/clean_yellow_tripdata.py
[2025-04-03T18:49:09.068+0000] {spark_submit.py:649} INFO - name                    arrow-spark
[2025-04-03T18:49:09.069+0000] {spark_submit.py:649} INFO - childArgs               []
[2025-04-03T18:49:09.070+0000] {spark_submit.py:649} INFO - jars                    null
[2025-04-03T18:49:09.071+0000] {spark_submit.py:649} INFO - packages                null
[2025-04-03T18:49:09.072+0000] {spark_submit.py:649} INFO - packagesExclusions      null
[2025-04-03T18:49:09.073+0000] {spark_submit.py:649} INFO - repositories            null
[2025-04-03T18:49:09.073+0000] {spark_submit.py:649} INFO - verbose                 true
[2025-04-03T18:49:09.074+0000] {spark_submit.py:649} INFO - 
[2025-04-03T18:49:09.075+0000] {spark_submit.py:649} INFO - Spark properties used, including those specified through
[2025-04-03T18:49:09.076+0000] {spark_submit.py:649} INFO - --conf and those from the properties file null:
[2025-04-03T18:49:09.077+0000] {spark_submit.py:649} INFO - 
[2025-04-03T18:49:09.077+0000] {spark_submit.py:649} INFO - 
[2025-04-03T18:49:09.078+0000] {spark_submit.py:649} INFO - 
[2025-04-03T18:49:09.304+0000] {spark_submit.py:649} INFO - Main class:
[2025-04-03T18:49:09.305+0000] {spark_submit.py:649} INFO - org.apache.spark.deploy.PythonRunner
[2025-04-03T18:49:09.306+0000] {spark_submit.py:649} INFO - Arguments:
[2025-04-03T18:49:09.306+0000] {spark_submit.py:649} INFO - file:/opt/spark-app/clean_yellow_tripdata.py
[2025-04-03T18:49:09.307+0000] {spark_submit.py:649} INFO - null
[2025-04-03T18:49:09.308+0000] {spark_submit.py:649} INFO - Spark config:
[2025-04-03T18:49:09.308+0000] {spark_submit.py:649} INFO - (spark.app.name,arrow-spark)
[2025-04-03T18:49:09.309+0000] {spark_submit.py:649} INFO - (spark.app.submitTime,1743706149285)
[2025-04-03T18:49:09.310+0000] {spark_submit.py:649} INFO - (spark.master,spark://spark-master:7077)
[2025-04-03T18:49:09.310+0000] {spark_submit.py:649} INFO - (spark.submit.deployMode,client)
[2025-04-03T18:49:09.311+0000] {spark_submit.py:649} INFO - (spark.submit.pyFiles,)
[2025-04-03T18:49:09.312+0000] {spark_submit.py:649} INFO - Classpath elements:
[2025-04-03T18:49:09.312+0000] {spark_submit.py:649} INFO - 
[2025-04-03T18:49:09.313+0000] {spark_submit.py:649} INFO - 
[2025-04-03T18:49:09.313+0000] {spark_submit.py:649} INFO - 
[2025-04-03T18:49:10.145+0000] {spark_submit.py:649} INFO - 25/04/03 18:49:10 INFO SparkContext: Running Spark version 3.5.0
[2025-04-03T18:49:10.147+0000] {spark_submit.py:649} INFO - 25/04/03 18:49:10 INFO SparkContext: OS info Linux, 5.15.167.4-microsoft-standard-WSL2, amd64
[2025-04-03T18:49:10.148+0000] {spark_submit.py:649} INFO - 25/04/03 18:49:10 INFO SparkContext: Java version 17.0.14
[2025-04-03T18:49:10.198+0000] {spark_submit.py:649} INFO - 25/04/03 18:49:10 WARN NativeCodeLoader: Unable to load native-hadoop library for your platform... using builtin-java classes where applicable
[2025-04-03T18:49:10.272+0000] {spark_submit.py:649} INFO - 25/04/03 18:49:10 INFO ResourceUtils: ==============================================================
[2025-04-03T18:49:10.273+0000] {spark_submit.py:649} INFO - 25/04/03 18:49:10 INFO ResourceUtils: No custom resources configured for spark.driver.
[2025-04-03T18:49:10.273+0000] {spark_submit.py:649} INFO - 25/04/03 18:49:10 INFO ResourceUtils: ==============================================================
[2025-04-03T18:49:10.274+0000] {spark_submit.py:649} INFO - 25/04/03 18:49:10 INFO SparkContext: Submitted application: CleanYellowData
[2025-04-03T18:49:10.290+0000] {spark_submit.py:649} INFO - 25/04/03 18:49:10 INFO ResourceProfile: Default ResourceProfile created, executor resources: Map(memory -> name: memory, amount: 1024, script: , vendor: , offHeap -> name: offHeap, amount: 0, script: , vendor: ), task resources: Map(cpus -> name: cpus, amount: 1.0)
[2025-04-03T18:49:10.297+0000] {spark_submit.py:649} INFO - 25/04/03 18:49:10 INFO ResourceProfile: Limiting resource is cpu
[2025-04-03T18:49:10.298+0000] {spark_submit.py:649} INFO - 25/04/03 18:49:10 INFO ResourceProfileManager: Added ResourceProfile id: 0
[2025-04-03T18:49:10.337+0000] {spark_submit.py:649} INFO - 25/04/03 18:49:10 INFO SecurityManager: Changing view acls to: airflow
[2025-04-03T18:49:10.338+0000] {spark_submit.py:649} INFO - 25/04/03 18:49:10 INFO SecurityManager: Changing modify acls to: airflow
[2025-04-03T18:49:10.339+0000] {spark_submit.py:649} INFO - 25/04/03 18:49:10 INFO SecurityManager: Changing view acls groups to:
[2025-04-03T18:49:10.340+0000] {spark_submit.py:649} INFO - 25/04/03 18:49:10 INFO SecurityManager: Changing modify acls groups to:
[2025-04-03T18:49:10.340+0000] {spark_submit.py:649} INFO - 25/04/03 18:49:10 INFO SecurityManager: SecurityManager: authentication disabled; ui acls disabled; users with view permissions: airflow; groups with view permissions: EMPTY; users with modify permissions: airflow; groups with modify permissions: EMPTY
[2025-04-03T18:49:10.528+0000] {spark_submit.py:649} INFO - 25/04/03 18:49:10 INFO Utils: Successfully started service 'sparkDriver' on port 45129.
[2025-04-03T18:49:10.558+0000] {spark_submit.py:649} INFO - 25/04/03 18:49:10 INFO SparkEnv: Registering MapOutputTracker
[2025-04-03T18:49:10.588+0000] {spark_submit.py:649} INFO - 25/04/03 18:49:10 INFO SparkEnv: Registering BlockManagerMaster
[2025-04-03T18:49:10.601+0000] {spark_submit.py:649} INFO - 25/04/03 18:49:10 INFO BlockManagerMasterEndpoint: Using org.apache.spark.storage.DefaultTopologyMapper for getting topology information
[2025-04-03T18:49:10.602+0000] {spark_submit.py:649} INFO - 25/04/03 18:49:10 INFO BlockManagerMasterEndpoint: BlockManagerMasterEndpoint up
[2025-04-03T18:49:10.605+0000] {spark_submit.py:649} INFO - 25/04/03 18:49:10 INFO SparkEnv: Registering BlockManagerMasterHeartbeat
[2025-04-03T18:49:10.624+0000] {spark_submit.py:649} INFO - 25/04/03 18:49:10 INFO DiskBlockManager: Created local directory at /tmp/blockmgr-71703c87-41ca-430a-911e-e09702decab8
[2025-04-03T18:49:10.644+0000] {spark_submit.py:649} INFO - 25/04/03 18:49:10 INFO MemoryStore: MemoryStore started with capacity 434.4 MiB
[2025-04-03T18:49:10.664+0000] {spark_submit.py:649} INFO - 25/04/03 18:49:10 INFO SparkEnv: Registering OutputCommitCoordinator
[2025-04-03T18:49:10.786+0000] {spark_submit.py:649} INFO - 25/04/03 18:49:10 INFO JettyUtils: Start Jetty 0.0.0.0:4040 for SparkUI
[2025-04-03T18:49:10.848+0000] {spark_submit.py:649} INFO - 25/04/03 18:49:10 INFO Utils: Successfully started service 'SparkUI' on port 4040.
[2025-04-03T18:49:10.968+0000] {spark_submit.py:649} INFO - 25/04/03 18:49:10 INFO StandaloneAppClient$ClientEndpoint: Connecting to master spark://spark-master:7077...
[2025-04-03T18:49:11.002+0000] {spark_submit.py:649} INFO - 25/04/03 18:49:11 INFO TransportClientFactory: Successfully created connection to spark-master/172.24.0.5:7077 after 18 ms (0 ms spent in bootstraps)
[2025-04-03T18:49:11.121+0000] {spark_submit.py:649} INFO - 25/04/03 18:49:11 INFO StandaloneSchedulerBackend: Connected to Spark cluster with app ID app-20250403184911-0000
[2025-04-03T18:49:11.131+0000] {spark_submit.py:649} INFO - 25/04/03 18:49:11 INFO Utils: Successfully started service 'org.apache.spark.network.netty.NettyBlockTransferService' on port 40191.
[2025-04-03T18:49:11.132+0000] {spark_submit.py:649} INFO - 25/04/03 18:49:11 INFO NettyBlockTransferService: Server created on bed0eabd0c34:40191
[2025-04-03T18:49:11.133+0000] {spark_submit.py:649} INFO - 25/04/03 18:49:11 INFO BlockManager: Using org.apache.spark.storage.RandomBlockReplicationPolicy for block replication policy
[2025-04-03T18:49:11.140+0000] {spark_submit.py:649} INFO - 25/04/03 18:49:11 INFO BlockManagerMaster: Registering BlockManager BlockManagerId(driver, bed0eabd0c34, 40191, None)
[2025-04-03T18:49:11.146+0000] {spark_submit.py:649} INFO - 25/04/03 18:49:11 INFO BlockManagerMasterEndpoint: Registering block manager bed0eabd0c34:40191 with 434.4 MiB RAM, BlockManagerId(driver, bed0eabd0c34, 40191, None)
[2025-04-03T18:49:11.149+0000] {spark_submit.py:649} INFO - 25/04/03 18:49:11 INFO BlockManagerMaster: Registered BlockManager BlockManagerId(driver, bed0eabd0c34, 40191, None)
[2025-04-03T18:49:11.150+0000] {spark_submit.py:649} INFO - 25/04/03 18:49:11 INFO StandaloneAppClient$ClientEndpoint: Executor added: app-20250403184911-0000/0 on worker-20250403184828-172.24.0.7-36131 (172.24.0.7:36131) with 16 core(s)
[2025-04-03T18:49:11.151+0000] {spark_submit.py:649} INFO - 25/04/03 18:49:11 INFO BlockManager: Initialized BlockManager: BlockManagerId(driver, bed0eabd0c34, 40191, None)
[2025-04-03T18:49:11.153+0000] {spark_submit.py:649} INFO - 25/04/03 18:49:11 INFO StandaloneSchedulerBackend: Granted executor ID app-20250403184911-0000/0 on hostPort 172.24.0.7:36131 with 16 core(s), 1024.0 MiB RAM
[2025-04-03T18:49:11.346+0000] {spark_submit.py:649} INFO - 25/04/03 18:49:11 INFO StandaloneAppClient$ClientEndpoint: Executor updated: app-20250403184911-0000/0 is now RUNNING
[2025-04-03T18:49:11.430+0000] {spark_submit.py:649} INFO - 25/04/03 18:49:11 INFO StandaloneSchedulerBackend: SchedulerBackend is ready for scheduling beginning after reached minRegisteredResourcesRatio: 0.0
[2025-04-03T18:49:11.638+0000] {spark_submit.py:649} INFO - ✅ Spark session received from DAG
[2025-04-03T18:49:11.639+0000] {spark_submit.py:649} INFO - 📥 Reading raw data...
[2025-04-03T18:49:11.732+0000] {spark_submit.py:649} INFO - 25/04/03 18:49:11 INFO SharedState: Setting hive.metastore.warehouse.dir ('null') to the value of spark.sql.warehouse.dir.
[2025-04-03T18:49:11.741+0000] {spark_submit.py:649} INFO - 25/04/03 18:49:11 INFO SharedState: Warehouse path is 'file:/opt/airflow/spark-warehouse'.
[2025-04-03T18:49:12.695+0000] {spark_submit.py:649} INFO - 25/04/03 18:49:12 WARN FileStreamSink: Assume no metadata directory. Error while looking for metadata directory in the path: s3a://nyc-taxi/raw/yellow_tripdata_2023-01.parquet.
[2025-04-03T18:49:12.697+0000] {spark_submit.py:649} INFO - java.lang.RuntimeException: java.lang.ClassNotFoundException: Class org.apache.hadoop.fs.s3a.S3AFileSystem not found
[2025-04-03T18:49:12.698+0000] {spark_submit.py:649} INFO - at org.apache.hadoop.conf.Configuration.getClass(Configuration.java:2688)
[2025-04-03T18:49:12.698+0000] {spark_submit.py:649} INFO - at org.apache.hadoop.fs.FileSystem.getFileSystemClass(FileSystem.java:3431)
[2025-04-03T18:49:12.699+0000] {spark_submit.py:649} INFO - at org.apache.hadoop.fs.FileSystem.createFileSystem(FileSystem.java:3466)
[2025-04-03T18:49:12.700+0000] {spark_submit.py:649} INFO - at org.apache.hadoop.fs.FileSystem.access$300(FileSystem.java:174)
[2025-04-03T18:49:12.700+0000] {spark_submit.py:649} INFO - at org.apache.hadoop.fs.FileSystem$Cache.getInternal(FileSystem.java:3574)
[2025-04-03T18:49:12.701+0000] {spark_submit.py:649} INFO - at org.apache.hadoop.fs.FileSystem$Cache.get(FileSystem.java:3521)
[2025-04-03T18:49:12.701+0000] {spark_submit.py:649} INFO - at org.apache.hadoop.fs.FileSystem.get(FileSystem.java:540)
[2025-04-03T18:49:12.702+0000] {spark_submit.py:649} INFO - at org.apache.hadoop.fs.Path.getFileSystem(Path.java:365)
[2025-04-03T18:49:12.702+0000] {spark_submit.py:649} INFO - at org.apache.spark.sql.execution.streaming.FileStreamSink$.hasMetadata(FileStreamSink.scala:53)
[2025-04-03T18:49:12.703+0000] {spark_submit.py:649} INFO - at org.apache.spark.sql.execution.datasources.DataSource.resolveRelation(DataSource.scala:366)
[2025-04-03T18:49:12.704+0000] {spark_submit.py:649} INFO - at org.apache.spark.sql.DataFrameReader.loadV1Source(DataFrameReader.scala:229)
[2025-04-03T18:49:12.704+0000] {spark_submit.py:649} INFO - at org.apache.spark.sql.DataFrameReader.$anonfun$load$2(DataFrameReader.scala:211)
[2025-04-03T18:49:12.705+0000] {spark_submit.py:649} INFO - at scala.Option.getOrElse(Option.scala:189)
[2025-04-03T18:49:12.705+0000] {spark_submit.py:649} INFO - at org.apache.spark.sql.DataFrameReader.load(DataFrameReader.scala:211)
[2025-04-03T18:49:12.706+0000] {spark_submit.py:649} INFO - at org.apache.spark.sql.DataFrameReader.parquet(DataFrameReader.scala:563)
[2025-04-03T18:49:12.707+0000] {spark_submit.py:649} INFO - at java.base/jdk.internal.reflect.NativeMethodAccessorImpl.invoke0(Native Method)
[2025-04-03T18:49:12.707+0000] {spark_submit.py:649} INFO - at java.base/jdk.internal.reflect.NativeMethodAccessorImpl.invoke(NativeMethodAccessorImpl.java:77)
[2025-04-03T18:49:12.708+0000] {spark_submit.py:649} INFO - at java.base/jdk.internal.reflect.DelegatingMethodAccessorImpl.invoke(DelegatingMethodAccessorImpl.java:43)
[2025-04-03T18:49:12.708+0000] {spark_submit.py:649} INFO - at java.base/java.lang.reflect.Method.invoke(Method.java:569)
[2025-04-03T18:49:12.709+0000] {spark_submit.py:649} INFO - at py4j.reflection.MethodInvoker.invoke(MethodInvoker.java:244)
[2025-04-03T18:49:12.709+0000] {spark_submit.py:649} INFO - at py4j.reflection.ReflectionEngine.invoke(ReflectionEngine.java:374)
[2025-04-03T18:49:12.710+0000] {spark_submit.py:649} INFO - at py4j.Gateway.invoke(Gateway.java:282)
[2025-04-03T18:49:12.711+0000] {spark_submit.py:649} INFO - at py4j.commands.AbstractCommand.invokeMethod(AbstractCommand.java:132)
[2025-04-03T18:49:12.711+0000] {spark_submit.py:649} INFO - at py4j.commands.CallCommand.execute(CallCommand.java:79)
[2025-04-03T18:49:12.712+0000] {spark_submit.py:649} INFO - at py4j.ClientServerConnection.waitForCommands(ClientServerConnection.java:182)
[2025-04-03T18:49:12.712+0000] {spark_submit.py:649} INFO - at py4j.ClientServerConnection.run(ClientServerConnection.java:106)
[2025-04-03T18:49:12.713+0000] {spark_submit.py:649} INFO - at java.base/java.lang.Thread.run(Thread.java:840)
[2025-04-03T18:49:12.713+0000] {spark_submit.py:649} INFO - Caused by: java.lang.ClassNotFoundException: Class org.apache.hadoop.fs.s3a.S3AFileSystem not found
[2025-04-03T18:49:12.713+0000] {spark_submit.py:649} INFO - at org.apache.hadoop.conf.Configuration.getClassByName(Configuration.java:2592)
[2025-04-03T18:49:12.714+0000] {spark_submit.py:649} INFO - at org.apache.hadoop.conf.Configuration.getClass(Configuration.java:2686)
[2025-04-03T18:49:12.714+0000] {spark_submit.py:649} INFO - ... 26 more
[2025-04-03T18:49:12.788+0000] {spark_submit.py:649} INFO - Traceback (most recent call last):
[2025-04-03T18:49:12.790+0000] {spark_submit.py:649} INFO - File "/opt/spark-app/clean_yellow_tripdata.py", line 9, in <module>
[2025-04-03T18:49:12.795+0000] {spark_submit.py:649} INFO - clean_yellow_tripdata(spark)
[2025-04-03T18:49:12.796+0000] {spark_submit.py:649} INFO - File "/opt/pipeline/transform/clean_yellow_tripdata.py", line 9, in clean_yellow_tripdata
[2025-04-03T18:49:12.802+0000] {spark_submit.py:649} INFO - df = spark.read.parquet(raw_path)
[2025-04-03T18:49:12.803+0000] {spark_submit.py:649} INFO - File "/opt/spark/python/lib/pyspark.zip/pyspark/sql/readwriter.py", line 544, in parquet
[2025-04-03T18:49:12.804+0000] {spark_submit.py:649} INFO - File "/opt/spark/python/lib/py4j-0.10.9.7-src.zip/py4j/java_gateway.py", line 1322, in __call__
[2025-04-03T18:49:12.804+0000] {spark_submit.py:649} INFO - File "/opt/spark/python/lib/pyspark.zip/pyspark/errors/exceptions/captured.py", line 179, in deco
[2025-04-03T18:49:12.806+0000] {spark_submit.py:649} INFO - File "/opt/spark/python/lib/py4j-0.10.9.7-src.zip/py4j/protocol.py", line 326, in get_return_value
[2025-04-03T18:49:12.809+0000] {spark_submit.py:649} INFO - py4j.protocol.Py4JJavaError: An error occurred while calling o24.parquet.
[2025-04-03T18:49:12.810+0000] {spark_submit.py:649} INFO - : java.lang.RuntimeException: java.lang.ClassNotFoundException: Class org.apache.hadoop.fs.s3a.S3AFileSystem not found
[2025-04-03T18:49:12.810+0000] {spark_submit.py:649} INFO - at org.apache.hadoop.conf.Configuration.getClass(Configuration.java:2688)
[2025-04-03T18:49:12.811+0000] {spark_submit.py:649} INFO - at org.apache.hadoop.fs.FileSystem.getFileSystemClass(FileSystem.java:3431)
[2025-04-03T18:49:12.811+0000] {spark_submit.py:649} INFO - at org.apache.hadoop.fs.FileSystem.createFileSystem(FileSystem.java:3466)
[2025-04-03T18:49:12.812+0000] {spark_submit.py:649} INFO - at org.apache.hadoop.fs.FileSystem.access$300(FileSystem.java:174)
[2025-04-03T18:49:12.813+0000] {spark_submit.py:649} INFO - at org.apache.hadoop.fs.FileSystem$Cache.getInternal(FileSystem.java:3574)
[2025-04-03T18:49:12.813+0000] {spark_submit.py:649} INFO - at org.apache.hadoop.fs.FileSystem$Cache.get(FileSystem.java:3521)
[2025-04-03T18:49:12.814+0000] {spark_submit.py:649} INFO - at org.apache.hadoop.fs.FileSystem.get(FileSystem.java:540)
[2025-04-03T18:49:12.815+0000] {spark_submit.py:649} INFO - at org.apache.hadoop.fs.Path.getFileSystem(Path.java:365)
[2025-04-03T18:49:12.815+0000] {spark_submit.py:649} INFO - at org.apache.spark.sql.execution.datasources.DataSource$.$anonfun$checkAndGlobPathIfNecessary$1(DataSource.scala:724)
[2025-04-03T18:49:12.816+0000] {spark_submit.py:649} INFO - at scala.collection.immutable.List.map(List.scala:293)
[2025-04-03T18:49:12.817+0000] {spark_submit.py:649} INFO - at org.apache.spark.sql.execution.datasources.DataSource$.checkAndGlobPathIfNecessary(DataSource.scala:722)
[2025-04-03T18:49:12.817+0000] {spark_submit.py:649} INFO - at org.apache.spark.sql.execution.datasources.DataSource.checkAndGlobPathIfNecessary(DataSource.scala:551)
[2025-04-03T18:49:12.818+0000] {spark_submit.py:649} INFO - at org.apache.spark.sql.execution.datasources.DataSource.resolveRelation(DataSource.scala:404)
[2025-04-03T18:49:12.819+0000] {spark_submit.py:649} INFO - at org.apache.spark.sql.DataFrameReader.loadV1Source(DataFrameReader.scala:229)
[2025-04-03T18:49:12.819+0000] {spark_submit.py:649} INFO - at org.apache.spark.sql.DataFrameReader.$anonfun$load$2(DataFrameReader.scala:211)
[2025-04-03T18:49:12.820+0000] {spark_submit.py:649} INFO - at scala.Option.getOrElse(Option.scala:189)
[2025-04-03T18:49:12.821+0000] {spark_submit.py:649} INFO - at org.apache.spark.sql.DataFrameReader.load(DataFrameReader.scala:211)
[2025-04-03T18:49:12.821+0000] {spark_submit.py:649} INFO - at org.apache.spark.sql.DataFrameReader.parquet(DataFrameReader.scala:563)
[2025-04-03T18:49:12.822+0000] {spark_submit.py:649} INFO - at java.base/jdk.internal.reflect.NativeMethodAccessorImpl.invoke0(Native Method)
[2025-04-03T18:49:12.823+0000] {spark_submit.py:649} INFO - at java.base/jdk.internal.reflect.NativeMethodAccessorImpl.invoke(NativeMethodAccessorImpl.java:77)
[2025-04-03T18:49:12.823+0000] {spark_submit.py:649} INFO - at java.base/jdk.internal.reflect.DelegatingMethodAccessorImpl.invoke(DelegatingMethodAccessorImpl.java:43)
[2025-04-03T18:49:12.824+0000] {spark_submit.py:649} INFO - at java.base/java.lang.reflect.Method.invoke(Method.java:569)
[2025-04-03T18:49:12.825+0000] {spark_submit.py:649} INFO - at py4j.reflection.MethodInvoker.invoke(MethodInvoker.java:244)
[2025-04-03T18:49:12.825+0000] {spark_submit.py:649} INFO - at py4j.reflection.ReflectionEngine.invoke(ReflectionEngine.java:374)
[2025-04-03T18:49:12.826+0000] {spark_submit.py:649} INFO - at py4j.Gateway.invoke(Gateway.java:282)
[2025-04-03T18:49:12.826+0000] {spark_submit.py:649} INFO - at py4j.commands.AbstractCommand.invokeMethod(AbstractCommand.java:132)
[2025-04-03T18:49:12.827+0000] {spark_submit.py:649} INFO - at py4j.commands.CallCommand.execute(CallCommand.java:79)
[2025-04-03T18:49:12.828+0000] {spark_submit.py:649} INFO - at py4j.ClientServerConnection.waitForCommands(ClientServerConnection.java:182)
[2025-04-03T18:49:12.829+0000] {spark_submit.py:649} INFO - at py4j.ClientServerConnection.run(ClientServerConnection.java:106)
[2025-04-03T18:49:12.829+0000] {spark_submit.py:649} INFO - at java.base/java.lang.Thread.run(Thread.java:840)
[2025-04-03T18:49:12.830+0000] {spark_submit.py:649} INFO - Caused by: java.lang.ClassNotFoundException: Class org.apache.hadoop.fs.s3a.S3AFileSystem not found
[2025-04-03T18:49:12.830+0000] {spark_submit.py:649} INFO - at org.apache.hadoop.conf.Configuration.getClassByName(Configuration.java:2592)
[2025-04-03T18:49:12.831+0000] {spark_submit.py:649} INFO - at org.apache.hadoop.conf.Configuration.getClass(Configuration.java:2686)
[2025-04-03T18:49:12.831+0000] {spark_submit.py:649} INFO - ... 29 more
[2025-04-03T18:49:12.832+0000] {spark_submit.py:649} INFO - 
[2025-04-03T18:49:12.895+0000] {spark_submit.py:649} INFO - 25/04/03 18:49:12 INFO SparkContext: Invoking stop() from shutdown hook
[2025-04-03T18:49:12.896+0000] {spark_submit.py:649} INFO - 25/04/03 18:49:12 INFO SparkContext: SparkContext is stopping with exitCode 0.
[2025-04-03T18:49:12.918+0000] {spark_submit.py:649} INFO - 25/04/03 18:49:12 INFO SparkUI: Stopped Spark web UI at http://bed0eabd0c34:4040
[2025-04-03T18:49:12.925+0000] {spark_submit.py:649} INFO - 25/04/03 18:49:12 INFO StandaloneSchedulerBackend: Shutting down all executors
[2025-04-03T18:49:12.929+0000] {spark_submit.py:649} INFO - 25/04/03 18:49:12 INFO StandaloneSchedulerBackend$StandaloneDriverEndpoint: Asking each executor to shut down
[2025-04-03T18:49:12.951+0000] {spark_submit.py:649} INFO - 25/04/03 18:49:12 INFO MapOutputTrackerMasterEndpoint: MapOutputTrackerMasterEndpoint stopped!
[2025-04-03T18:49:12.977+0000] {spark_submit.py:649} INFO - 25/04/03 18:49:12 INFO MemoryStore: MemoryStore cleared
[2025-04-03T18:49:12.979+0000] {spark_submit.py:649} INFO - 25/04/03 18:49:12 INFO BlockManager: BlockManager stopped
[2025-04-03T18:49:12.984+0000] {spark_submit.py:649} INFO - 25/04/03 18:49:12 INFO BlockManagerMaster: BlockManagerMaster stopped
[2025-04-03T18:49:12.986+0000] {spark_submit.py:649} INFO - 25/04/03 18:49:12 INFO OutputCommitCoordinator$OutputCommitCoordinatorEndpoint: OutputCommitCoordinator stopped!
[2025-04-03T18:49:13.000+0000] {spark_submit.py:649} INFO - 25/04/03 18:49:13 INFO SparkContext: Successfully stopped SparkContext
[2025-04-03T18:49:13.002+0000] {spark_submit.py:649} INFO - 25/04/03 18:49:13 INFO ShutdownHookManager: Shutdown hook called
[2025-04-03T18:49:13.002+0000] {spark_submit.py:649} INFO - 25/04/03 18:49:13 INFO ShutdownHookManager: Deleting directory /tmp/spark-ecef45af-660e-448a-aebe-e21482d72f69
[2025-04-03T18:49:13.007+0000] {spark_submit.py:649} INFO - 25/04/03 18:49:13 INFO ShutdownHookManager: Deleting directory /tmp/spark-c6c7c485-a0cc-49d4-90d4-a0caaec15864
[2025-04-03T18:49:13.010+0000] {spark_submit.py:649} INFO - 25/04/03 18:49:13 INFO ShutdownHookManager: Deleting directory /tmp/spark-c6c7c485-a0cc-49d4-90d4-a0caaec15864/pyspark-9c3620fa-77c4-4183-9f16-2bad361601f8
[2025-04-03T18:49:13.053+0000] {taskinstance.py:2698} ERROR - Task failed with exception
Traceback (most recent call last):
  File "/home/airflow/.local/lib/python3.8/site-packages/airflow/models/taskinstance.py", line 433, in _execute_task
    result = execute_callable(context=context, **execute_callable_kwargs)
  File "/home/airflow/.local/lib/python3.8/site-packages/airflow/providers/apache/spark/operators/spark_submit.py", line 176, in execute
    self._hook.submit(self.application)
  File "/home/airflow/.local/lib/python3.8/site-packages/airflow/providers/apache/spark/hooks/spark_submit.py", line 575, in submit
    raise AirflowException(
airflow.exceptions.AirflowException: Cannot execute: spark-submit --master spark://spark-master:7077 --name arrow-spark --verbose --queue root.default --deploy-mode client /opt/spark-app/clean_yellow_tripdata.py. Error code is: 1.
[2025-04-03T18:49:13.057+0000] {taskinstance.py:1138} INFO - Marking task as UP_FOR_RETRY. dag_id=full_pipeline_dag, task_id=clean_data_spark, execution_date=20250403T182015, start_date=20250403T184907, end_date=20250403T184913
[2025-04-03T18:49:13.230+0000] {standard_task_runner.py:107} ERROR - Failed to execute job 203 for task clean_data_spark (Cannot execute: spark-submit --master spark://spark-master:7077 --name arrow-spark --verbose --queue root.default --deploy-mode client /opt/spark-app/clean_yellow_tripdata.py. Error code is: 1.; 55)
[2025-04-03T18:49:13.242+0000] {local_task_job_runner.py:234} INFO - Task exited with return code 1
[2025-04-03T18:49:13.320+0000] {taskinstance.py:3280} INFO - 0 downstream tasks scheduled from follow-on schedule check
