[2025-04-03T18:56:24.483+0000] {taskinstance.py:1956} INFO - Dependencies all met for dep_context=non-requeueable deps ti=<TaskInstance: full_pipeline_dag.clean_data_spark manual__2025-04-03T18:20:15.390292+00:00 [queued]>
[2025-04-03T18:56:24.503+0000] {taskinstance.py:1956} INFO - Dependencies all met for dep_context=requeueable deps ti=<TaskInstance: full_pipeline_dag.clean_data_spark manual__2025-04-03T18:20:15.390292+00:00 [queued]>
[2025-04-03T18:56:24.504+0000] {taskinstance.py:2170} INFO - Starting attempt 11 of 12
[2025-04-03T18:56:24.578+0000] {taskinstance.py:2191} INFO - Executing <Task(SparkSubmitOperator): clean_data_spark> on 2025-04-03 18:20:15.390292+00:00
[2025-04-03T18:56:24.583+0000] {standard_task_runner.py:60} INFO - Started process 267 to run task
[2025-04-03T18:56:24.588+0000] {standard_task_runner.py:87} INFO - Running: ['airflow', 'tasks', 'run', 'full_pipeline_dag', 'clean_data_spark', 'manual__2025-04-03T18:20:15.390292+00:00', '--job-id', '208', '--raw', '--subdir', 'DAGS_FOLDER/full_pipeline_dag.py', '--cfg-path', '/tmp/tmpteh_q3km']
[2025-04-03T18:56:24.591+0000] {standard_task_runner.py:88} INFO - Job 208: Subtask clean_data_spark
[2025-04-03T18:56:24.665+0000] {logging_mixin.py:188} WARNING - /home/airflow/.local/lib/python3.8/site-packages/airflow/settings.py:194 DeprecationWarning: The sql_alchemy_conn option in [core] has been moved to the sql_alchemy_conn option in [database] - the old setting has been used, but please update your config.
[2025-04-03T18:56:24.773+0000] {task_command.py:423} INFO - Running <TaskInstance: full_pipeline_dag.clean_data_spark manual__2025-04-03T18:20:15.390292+00:00 [running]> on host ef4a1ba9f2f9
[2025-04-03T18:56:24.939+0000] {taskinstance.py:2480} INFO - Exporting env vars: AIRFLOW_CTX_DAG_OWNER='airflow' AIRFLOW_CTX_DAG_ID='full_pipeline_dag' AIRFLOW_CTX_TASK_ID='clean_data_spark' AIRFLOW_CTX_EXECUTION_DATE='2025-04-03T18:20:15.390292+00:00' AIRFLOW_CTX_TRY_NUMBER='11' AIRFLOW_CTX_DAG_RUN_ID='manual__2025-04-03T18:20:15.390292+00:00'
[2025-04-03T18:56:24.967+0000] {base.py:83} INFO - Using connection ID 'spark_default' for task execution.
[2025-04-03T18:56:24.969+0000] {spark_submit.py:473} INFO - Spark-Submit cmd: spark-submit --master spark://spark-master:7077 --conf spark.master=spark://spark-master:7077 --jars /opt/spark/jars/hadoop-aws-3.3.6.jar,/opt/spark/jars/aws-java-sdk-bundle-1.12.696.jar --name arrow-spark --verbose --queue root.default --deploy-mode client /opt/spark-app/clean_yellow_tripdata.py
[2025-04-03T18:56:26.301+0000] {spark_submit.py:649} INFO - Using properties file: null
[2025-04-03T18:56:26.400+0000] {spark_submit.py:649} INFO - Parsed arguments:
[2025-04-03T18:56:26.401+0000] {spark_submit.py:649} INFO - master                  spark://spark-master:7077
[2025-04-03T18:56:26.402+0000] {spark_submit.py:649} INFO - remote                  null
[2025-04-03T18:56:26.403+0000] {spark_submit.py:649} INFO - deployMode              client
[2025-04-03T18:56:26.403+0000] {spark_submit.py:649} INFO - executorMemory          null
[2025-04-03T18:56:26.404+0000] {spark_submit.py:649} INFO - executorCores           null
[2025-04-03T18:56:26.405+0000] {spark_submit.py:649} INFO - totalExecutorCores      null
[2025-04-03T18:56:26.406+0000] {spark_submit.py:649} INFO - propertiesFile          null
[2025-04-03T18:56:26.406+0000] {spark_submit.py:649} INFO - driverMemory            null
[2025-04-03T18:56:26.407+0000] {spark_submit.py:649} INFO - driverCores             null
[2025-04-03T18:56:26.408+0000] {spark_submit.py:649} INFO - driverExtraClassPath    null
[2025-04-03T18:56:26.409+0000] {spark_submit.py:649} INFO - driverExtraLibraryPath  null
[2025-04-03T18:56:26.409+0000] {spark_submit.py:649} INFO - driverExtraJavaOptions  null
[2025-04-03T18:56:26.410+0000] {spark_submit.py:649} INFO - supervise               false
[2025-04-03T18:56:26.411+0000] {spark_submit.py:649} INFO - queue                   root.default
[2025-04-03T18:56:26.411+0000] {spark_submit.py:649} INFO - numExecutors            null
[2025-04-03T18:56:26.412+0000] {spark_submit.py:649} INFO - files                   null
[2025-04-03T18:56:26.413+0000] {spark_submit.py:649} INFO - pyFiles                 null
[2025-04-03T18:56:26.413+0000] {spark_submit.py:649} INFO - archives                null
[2025-04-03T18:56:26.414+0000] {spark_submit.py:649} INFO - mainClass               null
[2025-04-03T18:56:26.414+0000] {spark_submit.py:649} INFO - primaryResource         file:/opt/spark-app/clean_yellow_tripdata.py
[2025-04-03T18:56:26.415+0000] {spark_submit.py:649} INFO - name                    arrow-spark
[2025-04-03T18:56:26.415+0000] {spark_submit.py:649} INFO - childArgs               []
[2025-04-03T18:56:26.416+0000] {spark_submit.py:649} INFO - jars                    file:/opt/spark-3.5.0-bin-hadoop3/jars/hadoop-aws-3.3.6.jar,file:/opt/spark-3.5.0-bin-hadoop3/jars/aws-java-sdk-bundle-1.12.696.jar
[2025-04-03T18:56:26.417+0000] {spark_submit.py:649} INFO - packages                null
[2025-04-03T18:56:26.418+0000] {spark_submit.py:649} INFO - packagesExclusions      null
[2025-04-03T18:56:26.419+0000] {spark_submit.py:649} INFO - repositories            null
[2025-04-03T18:56:26.420+0000] {spark_submit.py:649} INFO - verbose                 true
[2025-04-03T18:56:26.421+0000] {spark_submit.py:649} INFO - 
[2025-04-03T18:56:26.421+0000] {spark_submit.py:649} INFO - Spark properties used, including those specified through
[2025-04-03T18:56:26.422+0000] {spark_submit.py:649} INFO - --conf and those from the properties file null:
[2025-04-03T18:56:26.423+0000] {spark_submit.py:649} INFO - (spark.master,spark://spark-master:7077)
[2025-04-03T18:56:26.424+0000] {spark_submit.py:649} INFO - 
[2025-04-03T18:56:26.424+0000] {spark_submit.py:649} INFO - 
[2025-04-03T18:56:26.742+0000] {spark_submit.py:649} INFO - 25/04/03 18:56:26 WARN NativeCodeLoader: Unable to load native-hadoop library for your platform... using builtin-java classes where applicable
[2025-04-03T18:56:26.936+0000] {spark_submit.py:649} INFO - Main class:
[2025-04-03T18:56:26.937+0000] {spark_submit.py:649} INFO - org.apache.spark.deploy.PythonRunner
[2025-04-03T18:56:26.938+0000] {spark_submit.py:649} INFO - Arguments:
[2025-04-03T18:56:26.938+0000] {spark_submit.py:649} INFO - file:/opt/spark-app/clean_yellow_tripdata.py
[2025-04-03T18:56:26.939+0000] {spark_submit.py:649} INFO - null
[2025-04-03T18:56:26.940+0000] {spark_submit.py:649} INFO - Spark config:
[2025-04-03T18:56:26.941+0000] {spark_submit.py:649} INFO - (spark.app.name,arrow-spark)
[2025-04-03T18:56:26.941+0000] {spark_submit.py:649} INFO - (spark.app.submitTime,1743706586900)
[2025-04-03T18:56:26.942+0000] {spark_submit.py:649} INFO - (spark.jars,file:/opt/spark-3.5.0-bin-hadoop3/jars/hadoop-aws-3.3.6.jar,file:/opt/spark-3.5.0-bin-hadoop3/jars/aws-java-sdk-bundle-1.12.696.jar)
[2025-04-03T18:56:26.942+0000] {spark_submit.py:649} INFO - (spark.master,spark://spark-master:7077)
[2025-04-03T18:56:26.942+0000] {spark_submit.py:649} INFO - (spark.repl.local.jars,file:/opt/spark-3.5.0-bin-hadoop3/jars/hadoop-aws-3.3.6.jar,file:/opt/spark-3.5.0-bin-hadoop3/jars/aws-java-sdk-bundle-1.12.696.jar)
[2025-04-03T18:56:26.943+0000] {spark_submit.py:649} INFO - (spark.submit.deployMode,client)
[2025-04-03T18:56:26.943+0000] {spark_submit.py:649} INFO - (spark.submit.pyFiles,)
[2025-04-03T18:56:26.944+0000] {spark_submit.py:649} INFO - Classpath elements:
[2025-04-03T18:56:26.944+0000] {spark_submit.py:649} INFO - file:/opt/spark-3.5.0-bin-hadoop3/jars/hadoop-aws-3.3.6.jar
[2025-04-03T18:56:26.944+0000] {spark_submit.py:649} INFO - file:/opt/spark-3.5.0-bin-hadoop3/jars/aws-java-sdk-bundle-1.12.696.jar
[2025-04-03T18:56:26.945+0000] {spark_submit.py:649} INFO - 
[2025-04-03T18:56:26.945+0000] {spark_submit.py:649} INFO - 
[2025-04-03T18:56:26.945+0000] {spark_submit.py:649} INFO - 25/04/03 18:56:26 WARN DependencyUtils: Local jar /opt/spark-3.5.0-bin-hadoop3/jars/hadoop-aws-3.3.6.jar does not exist, skipping.
[2025-04-03T18:56:26.946+0000] {spark_submit.py:649} INFO - 25/04/03 18:56:26 WARN DependencyUtils: Local jar /opt/spark-3.5.0-bin-hadoop3/jars/aws-java-sdk-bundle-1.12.696.jar does not exist, skipping.
[2025-04-03T18:56:27.862+0000] {spark_submit.py:649} INFO - 25/04/03 18:56:27 INFO SparkContext: Running Spark version 3.5.0
[2025-04-03T18:56:27.863+0000] {spark_submit.py:649} INFO - 25/04/03 18:56:27 INFO SparkContext: OS info Linux, 5.15.167.4-microsoft-standard-WSL2, amd64
[2025-04-03T18:56:27.864+0000] {spark_submit.py:649} INFO - 25/04/03 18:56:27 INFO SparkContext: Java version 17.0.14
[2025-04-03T18:56:27.889+0000] {spark_submit.py:649} INFO - 25/04/03 18:56:27 INFO ResourceUtils: ==============================================================
[2025-04-03T18:56:27.890+0000] {spark_submit.py:649} INFO - 25/04/03 18:56:27 INFO ResourceUtils: No custom resources configured for spark.driver.
[2025-04-03T18:56:27.891+0000] {spark_submit.py:649} INFO - 25/04/03 18:56:27 INFO ResourceUtils: ==============================================================
[2025-04-03T18:56:27.892+0000] {spark_submit.py:649} INFO - 25/04/03 18:56:27 INFO SparkContext: Submitted application: CleanYellowData
[2025-04-03T18:56:27.909+0000] {spark_submit.py:649} INFO - 25/04/03 18:56:27 INFO ResourceProfile: Default ResourceProfile created, executor resources: Map(memory -> name: memory, amount: 1024, script: , vendor: , offHeap -> name: offHeap, amount: 0, script: , vendor: ), task resources: Map(cpus -> name: cpus, amount: 1.0)
[2025-04-03T18:56:27.915+0000] {spark_submit.py:649} INFO - 25/04/03 18:56:27 INFO ResourceProfile: Limiting resource is cpu
[2025-04-03T18:56:27.916+0000] {spark_submit.py:649} INFO - 25/04/03 18:56:27 INFO ResourceProfileManager: Added ResourceProfile id: 0
[2025-04-03T18:56:27.957+0000] {spark_submit.py:649} INFO - 25/04/03 18:56:27 INFO SecurityManager: Changing view acls to: airflow
[2025-04-03T18:56:27.958+0000] {spark_submit.py:649} INFO - 25/04/03 18:56:27 INFO SecurityManager: Changing modify acls to: airflow
[2025-04-03T18:56:27.960+0000] {spark_submit.py:649} INFO - 25/04/03 18:56:27 INFO SecurityManager: Changing view acls groups to:
[2025-04-03T18:56:27.961+0000] {spark_submit.py:649} INFO - 25/04/03 18:56:27 INFO SecurityManager: Changing modify acls groups to:
[2025-04-03T18:56:27.962+0000] {spark_submit.py:649} INFO - 25/04/03 18:56:27 INFO SecurityManager: SecurityManager: authentication disabled; ui acls disabled; users with view permissions: airflow; groups with view permissions: EMPTY; users with modify permissions: airflow; groups with modify permissions: EMPTY
[2025-04-03T18:56:28.177+0000] {spark_submit.py:649} INFO - 25/04/03 18:56:28 INFO Utils: Successfully started service 'sparkDriver' on port 39125.
[2025-04-03T18:56:28.205+0000] {spark_submit.py:649} INFO - 25/04/03 18:56:28 INFO SparkEnv: Registering MapOutputTracker
[2025-04-03T18:56:28.243+0000] {spark_submit.py:649} INFO - 25/04/03 18:56:28 INFO SparkEnv: Registering BlockManagerMaster
[2025-04-03T18:56:28.256+0000] {spark_submit.py:649} INFO - 25/04/03 18:56:28 INFO BlockManagerMasterEndpoint: Using org.apache.spark.storage.DefaultTopologyMapper for getting topology information
[2025-04-03T18:56:28.257+0000] {spark_submit.py:649} INFO - 25/04/03 18:56:28 INFO BlockManagerMasterEndpoint: BlockManagerMasterEndpoint up
[2025-04-03T18:56:28.261+0000] {spark_submit.py:649} INFO - 25/04/03 18:56:28 INFO SparkEnv: Registering BlockManagerMasterHeartbeat
[2025-04-03T18:56:28.290+0000] {spark_submit.py:649} INFO - 25/04/03 18:56:28 INFO DiskBlockManager: Created local directory at /tmp/blockmgr-0b353c07-2999-4ead-ac87-0de34b5ea54b
[2025-04-03T18:56:28.313+0000] {spark_submit.py:649} INFO - 25/04/03 18:56:28 INFO MemoryStore: MemoryStore started with capacity 434.4 MiB
[2025-04-03T18:56:28.326+0000] {spark_submit.py:649} INFO - 25/04/03 18:56:28 INFO SparkEnv: Registering OutputCommitCoordinator
[2025-04-03T18:56:28.456+0000] {spark_submit.py:649} INFO - 25/04/03 18:56:28 INFO JettyUtils: Start Jetty 0.0.0.0:4040 for SparkUI
[2025-04-03T18:56:28.534+0000] {spark_submit.py:649} INFO - 25/04/03 18:56:28 INFO Utils: Successfully started service 'SparkUI' on port 4040.
[2025-04-03T18:56:28.569+0000] {spark_submit.py:649} INFO - 25/04/03 18:56:28 ERROR SparkContext: Failed to add file:/opt/spark-3.5.0-bin-hadoop3/jars/hadoop-aws-3.3.6.jar to Spark environment
[2025-04-03T18:56:28.570+0000] {spark_submit.py:649} INFO - java.io.FileNotFoundException: Jar /opt/spark-3.5.0-bin-hadoop3/jars/hadoop-aws-3.3.6.jar not found
[2025-04-03T18:56:28.571+0000] {spark_submit.py:649} INFO - at org.apache.spark.SparkContext.addLocalJarFile$1(SparkContext.scala:2100)
[2025-04-03T18:56:28.572+0000] {spark_submit.py:649} INFO - at org.apache.spark.SparkContext.addJar(SparkContext.scala:2156)
[2025-04-03T18:56:28.573+0000] {spark_submit.py:649} INFO - at org.apache.spark.SparkContext.$anonfun$new$15(SparkContext.scala:526)
[2025-04-03T18:56:28.573+0000] {spark_submit.py:649} INFO - at org.apache.spark.SparkContext.$anonfun$new$15$adapted(SparkContext.scala:526)
[2025-04-03T18:56:28.574+0000] {spark_submit.py:649} INFO - at scala.collection.mutable.ResizableArray.foreach(ResizableArray.scala:62)
[2025-04-03T18:56:28.575+0000] {spark_submit.py:649} INFO - at scala.collection.mutable.ResizableArray.foreach$(ResizableArray.scala:55)
[2025-04-03T18:56:28.576+0000] {spark_submit.py:649} INFO - at scala.collection.mutable.ArrayBuffer.foreach(ArrayBuffer.scala:49)
[2025-04-03T18:56:28.576+0000] {spark_submit.py:649} INFO - at org.apache.spark.SparkContext.<init>(SparkContext.scala:526)
[2025-04-03T18:56:28.577+0000] {spark_submit.py:649} INFO - at org.apache.spark.api.java.JavaSparkContext.<init>(JavaSparkContext.scala:58)
[2025-04-03T18:56:28.578+0000] {spark_submit.py:649} INFO - at java.base/jdk.internal.reflect.NativeConstructorAccessorImpl.newInstance0(Native Method)
[2025-04-03T18:56:28.579+0000] {spark_submit.py:649} INFO - at java.base/jdk.internal.reflect.NativeConstructorAccessorImpl.newInstance(NativeConstructorAccessorImpl.java:77)
[2025-04-03T18:56:28.580+0000] {spark_submit.py:649} INFO - at java.base/jdk.internal.reflect.DelegatingConstructorAccessorImpl.newInstance(DelegatingConstructorAccessorImpl.java:45)
[2025-04-03T18:56:28.580+0000] {spark_submit.py:649} INFO - at java.base/java.lang.reflect.Constructor.newInstanceWithCaller(Constructor.java:500)
[2025-04-03T18:56:28.581+0000] {spark_submit.py:649} INFO - at java.base/java.lang.reflect.Constructor.newInstance(Constructor.java:481)
[2025-04-03T18:56:28.582+0000] {spark_submit.py:649} INFO - at py4j.reflection.MethodInvoker.invoke(MethodInvoker.java:247)
[2025-04-03T18:56:28.583+0000] {spark_submit.py:649} INFO - at py4j.reflection.ReflectionEngine.invoke(ReflectionEngine.java:374)
[2025-04-03T18:56:28.584+0000] {spark_submit.py:649} INFO - at py4j.Gateway.invoke(Gateway.java:238)
[2025-04-03T18:56:28.584+0000] {spark_submit.py:649} INFO - at py4j.commands.ConstructorCommand.invokeConstructor(ConstructorCommand.java:80)
[2025-04-03T18:56:28.585+0000] {spark_submit.py:649} INFO - at py4j.commands.ConstructorCommand.execute(ConstructorCommand.java:69)
[2025-04-03T18:56:28.585+0000] {spark_submit.py:649} INFO - at py4j.ClientServerConnection.waitForCommands(ClientServerConnection.java:182)
[2025-04-03T18:56:28.586+0000] {spark_submit.py:649} INFO - at py4j.ClientServerConnection.run(ClientServerConnection.java:106)
[2025-04-03T18:56:28.587+0000] {spark_submit.py:649} INFO - at java.base/java.lang.Thread.run(Thread.java:840)
[2025-04-03T18:56:28.588+0000] {spark_submit.py:649} INFO - 25/04/03 18:56:28 ERROR SparkContext: Failed to add file:/opt/spark-3.5.0-bin-hadoop3/jars/aws-java-sdk-bundle-1.12.696.jar to Spark environment
[2025-04-03T18:56:28.589+0000] {spark_submit.py:649} INFO - java.io.FileNotFoundException: Jar /opt/spark-3.5.0-bin-hadoop3/jars/aws-java-sdk-bundle-1.12.696.jar not found
[2025-04-03T18:56:28.589+0000] {spark_submit.py:649} INFO - at org.apache.spark.SparkContext.addLocalJarFile$1(SparkContext.scala:2100)
[2025-04-03T18:56:28.590+0000] {spark_submit.py:649} INFO - at org.apache.spark.SparkContext.addJar(SparkContext.scala:2156)
[2025-04-03T18:56:28.591+0000] {spark_submit.py:649} INFO - at org.apache.spark.SparkContext.$anonfun$new$15(SparkContext.scala:526)
[2025-04-03T18:56:28.591+0000] {spark_submit.py:649} INFO - at org.apache.spark.SparkContext.$anonfun$new$15$adapted(SparkContext.scala:526)
[2025-04-03T18:56:28.593+0000] {spark_submit.py:649} INFO - at scala.collection.mutable.ResizableArray.foreach(ResizableArray.scala:62)
[2025-04-03T18:56:28.597+0000] {spark_submit.py:649} INFO - at scala.collection.mutable.ResizableArray.foreach$(ResizableArray.scala:55)
[2025-04-03T18:56:28.599+0000] {spark_submit.py:649} INFO - at scala.collection.mutable.ArrayBuffer.foreach(ArrayBuffer.scala:49)
[2025-04-03T18:56:28.600+0000] {spark_submit.py:649} INFO - at org.apache.spark.SparkContext.<init>(SparkContext.scala:526)
[2025-04-03T18:56:28.601+0000] {spark_submit.py:649} INFO - at org.apache.spark.api.java.JavaSparkContext.<init>(JavaSparkContext.scala:58)
[2025-04-03T18:56:28.602+0000] {spark_submit.py:649} INFO - at java.base/jdk.internal.reflect.NativeConstructorAccessorImpl.newInstance0(Native Method)
[2025-04-03T18:56:28.603+0000] {spark_submit.py:649} INFO - at java.base/jdk.internal.reflect.NativeConstructorAccessorImpl.newInstance(NativeConstructorAccessorImpl.java:77)
[2025-04-03T18:56:28.603+0000] {spark_submit.py:649} INFO - at java.base/jdk.internal.reflect.DelegatingConstructorAccessorImpl.newInstance(DelegatingConstructorAccessorImpl.java:45)
[2025-04-03T18:56:28.604+0000] {spark_submit.py:649} INFO - at java.base/java.lang.reflect.Constructor.newInstanceWithCaller(Constructor.java:500)
[2025-04-03T18:56:28.605+0000] {spark_submit.py:649} INFO - at java.base/java.lang.reflect.Constructor.newInstance(Constructor.java:481)
[2025-04-03T18:56:28.606+0000] {spark_submit.py:649} INFO - at py4j.reflection.MethodInvoker.invoke(MethodInvoker.java:247)
[2025-04-03T18:56:28.607+0000] {spark_submit.py:649} INFO - at py4j.reflection.ReflectionEngine.invoke(ReflectionEngine.java:374)
[2025-04-03T18:56:28.607+0000] {spark_submit.py:649} INFO - at py4j.Gateway.invoke(Gateway.java:238)
[2025-04-03T18:56:28.608+0000] {spark_submit.py:649} INFO - at py4j.commands.ConstructorCommand.invokeConstructor(ConstructorCommand.java:80)
[2025-04-03T18:56:28.609+0000] {spark_submit.py:649} INFO - at py4j.commands.ConstructorCommand.execute(ConstructorCommand.java:69)
[2025-04-03T18:56:28.610+0000] {spark_submit.py:649} INFO - at py4j.ClientServerConnection.waitForCommands(ClientServerConnection.java:182)
[2025-04-03T18:56:28.610+0000] {spark_submit.py:649} INFO - at py4j.ClientServerConnection.run(ClientServerConnection.java:106)
[2025-04-03T18:56:28.611+0000] {spark_submit.py:649} INFO - at java.base/java.lang.Thread.run(Thread.java:840)
[2025-04-03T18:56:28.648+0000] {spark_submit.py:649} INFO - 25/04/03 18:56:28 INFO StandaloneAppClient$ClientEndpoint: Connecting to master spark://spark-master:7077...
[2025-04-03T18:56:28.684+0000] {spark_submit.py:649} INFO - 25/04/03 18:56:28 INFO TransportClientFactory: Successfully created connection to spark-master/172.24.0.2:7077 after 20 ms (0 ms spent in bootstraps)
[2025-04-03T18:56:28.752+0000] {spark_submit.py:649} INFO - 25/04/03 18:56:28 INFO StandaloneSchedulerBackend: Connected to Spark cluster with app ID app-20250403185628-0001
[2025-04-03T18:56:28.754+0000] {spark_submit.py:649} INFO - 25/04/03 18:56:28 INFO StandaloneAppClient$ClientEndpoint: Executor added: app-20250403185628-0001/0 on worker-20250403185437-172.24.0.7-34885 (172.24.0.7:34885) with 16 core(s)
[2025-04-03T18:56:28.756+0000] {spark_submit.py:649} INFO - 25/04/03 18:56:28 INFO StandaloneSchedulerBackend: Granted executor ID app-20250403185628-0001/0 on hostPort 172.24.0.7:34885 with 16 core(s), 1024.0 MiB RAM
[2025-04-03T18:56:28.763+0000] {spark_submit.py:649} INFO - 25/04/03 18:56:28 INFO Utils: Successfully started service 'org.apache.spark.network.netty.NettyBlockTransferService' on port 40013.
[2025-04-03T18:56:28.764+0000] {spark_submit.py:649} INFO - 25/04/03 18:56:28 INFO NettyBlockTransferService: Server created on ef4a1ba9f2f9:40013
[2025-04-03T18:56:28.775+0000] {spark_submit.py:649} INFO - 25/04/03 18:56:28 INFO BlockManager: Using org.apache.spark.storage.RandomBlockReplicationPolicy for block replication policy
[2025-04-03T18:56:28.785+0000] {spark_submit.py:649} INFO - 25/04/03 18:56:28 INFO BlockManagerMaster: Registering BlockManager BlockManagerId(driver, ef4a1ba9f2f9, 40013, None)
[2025-04-03T18:56:28.790+0000] {spark_submit.py:649} INFO - 25/04/03 18:56:28 INFO BlockManagerMasterEndpoint: Registering block manager ef4a1ba9f2f9:40013 with 434.4 MiB RAM, BlockManagerId(driver, ef4a1ba9f2f9, 40013, None)
[2025-04-03T18:56:28.793+0000] {spark_submit.py:649} INFO - 25/04/03 18:56:28 INFO BlockManagerMaster: Registered BlockManager BlockManagerId(driver, ef4a1ba9f2f9, 40013, None)
[2025-04-03T18:56:28.796+0000] {spark_submit.py:649} INFO - 25/04/03 18:56:28 INFO BlockManager: Initialized BlockManager: BlockManagerId(driver, ef4a1ba9f2f9, 40013, None)
[2025-04-03T18:56:28.819+0000] {spark_submit.py:649} INFO - 25/04/03 18:56:28 INFO StandaloneAppClient$ClientEndpoint: Executor updated: app-20250403185628-0001/0 is now RUNNING
[2025-04-03T18:56:29.012+0000] {spark_submit.py:649} INFO - 25/04/03 18:56:29 INFO StandaloneSchedulerBackend: SchedulerBackend is ready for scheduling beginning after reached minRegisteredResourcesRatio: 0.0
[2025-04-03T18:56:29.216+0000] {spark_submit.py:649} INFO - ✅ Spark session received from DAG
[2025-04-03T18:56:29.218+0000] {spark_submit.py:649} INFO - 📥 Reading raw data...
[2025-04-03T18:56:29.222+0000] {spark_submit.py:649} INFO - 25/04/03 18:56:29 INFO SharedState: Setting hive.metastore.warehouse.dir ('null') to the value of spark.sql.warehouse.dir.
[2025-04-03T18:56:29.224+0000] {spark_submit.py:649} INFO - 25/04/03 18:56:29 INFO SharedState: Warehouse path is 'file:/opt/airflow/spark-warehouse'.
[2025-04-03T18:56:30.236+0000] {spark_submit.py:649} INFO - 25/04/03 18:56:30 WARN FileStreamSink: Assume no metadata directory. Error while looking for metadata directory in the path: s3a://nyc-taxi/raw/yellow_tripdata_2023-01.parquet.
[2025-04-03T18:56:30.238+0000] {spark_submit.py:649} INFO - java.lang.RuntimeException: java.lang.ClassNotFoundException: Class org.apache.hadoop.fs.s3a.S3AFileSystem not found
[2025-04-03T18:56:30.239+0000] {spark_submit.py:649} INFO - at org.apache.hadoop.conf.Configuration.getClass(Configuration.java:2688)
[2025-04-03T18:56:30.239+0000] {spark_submit.py:649} INFO - at org.apache.hadoop.fs.FileSystem.getFileSystemClass(FileSystem.java:3431)
[2025-04-03T18:56:30.240+0000] {spark_submit.py:649} INFO - at org.apache.hadoop.fs.FileSystem.createFileSystem(FileSystem.java:3466)
[2025-04-03T18:56:30.240+0000] {spark_submit.py:649} INFO - at org.apache.hadoop.fs.FileSystem.access$300(FileSystem.java:174)
[2025-04-03T18:56:30.242+0000] {spark_submit.py:649} INFO - at org.apache.hadoop.fs.FileSystem$Cache.getInternal(FileSystem.java:3574)
[2025-04-03T18:56:30.243+0000] {spark_submit.py:649} INFO - at org.apache.hadoop.fs.FileSystem$Cache.get(FileSystem.java:3521)
[2025-04-03T18:56:30.243+0000] {spark_submit.py:649} INFO - at org.apache.hadoop.fs.FileSystem.get(FileSystem.java:540)
[2025-04-03T18:56:30.244+0000] {spark_submit.py:649} INFO - at org.apache.hadoop.fs.Path.getFileSystem(Path.java:365)
[2025-04-03T18:56:30.245+0000] {spark_submit.py:649} INFO - at org.apache.spark.sql.execution.streaming.FileStreamSink$.hasMetadata(FileStreamSink.scala:53)
[2025-04-03T18:56:30.246+0000] {spark_submit.py:649} INFO - at org.apache.spark.sql.execution.datasources.DataSource.resolveRelation(DataSource.scala:366)
[2025-04-03T18:56:30.246+0000] {spark_submit.py:649} INFO - at org.apache.spark.sql.DataFrameReader.loadV1Source(DataFrameReader.scala:229)
[2025-04-03T18:56:30.247+0000] {spark_submit.py:649} INFO - at org.apache.spark.sql.DataFrameReader.$anonfun$load$2(DataFrameReader.scala:211)
[2025-04-03T18:56:30.248+0000] {spark_submit.py:649} INFO - at scala.Option.getOrElse(Option.scala:189)
[2025-04-03T18:56:30.249+0000] {spark_submit.py:649} INFO - at org.apache.spark.sql.DataFrameReader.load(DataFrameReader.scala:211)
[2025-04-03T18:56:30.249+0000] {spark_submit.py:649} INFO - at org.apache.spark.sql.DataFrameReader.parquet(DataFrameReader.scala:563)
[2025-04-03T18:56:30.250+0000] {spark_submit.py:649} INFO - at java.base/jdk.internal.reflect.NativeMethodAccessorImpl.invoke0(Native Method)
[2025-04-03T18:56:30.251+0000] {spark_submit.py:649} INFO - at java.base/jdk.internal.reflect.NativeMethodAccessorImpl.invoke(NativeMethodAccessorImpl.java:77)
[2025-04-03T18:56:30.252+0000] {spark_submit.py:649} INFO - at java.base/jdk.internal.reflect.DelegatingMethodAccessorImpl.invoke(DelegatingMethodAccessorImpl.java:43)
[2025-04-03T18:56:30.252+0000] {spark_submit.py:649} INFO - at java.base/java.lang.reflect.Method.invoke(Method.java:569)
[2025-04-03T18:56:30.253+0000] {spark_submit.py:649} INFO - at py4j.reflection.MethodInvoker.invoke(MethodInvoker.java:244)
[2025-04-03T18:56:30.254+0000] {spark_submit.py:649} INFO - at py4j.reflection.ReflectionEngine.invoke(ReflectionEngine.java:374)
[2025-04-03T18:56:30.254+0000] {spark_submit.py:649} INFO - at py4j.Gateway.invoke(Gateway.java:282)
[2025-04-03T18:56:30.255+0000] {spark_submit.py:649} INFO - at py4j.commands.AbstractCommand.invokeMethod(AbstractCommand.java:132)
[2025-04-03T18:56:30.255+0000] {spark_submit.py:649} INFO - at py4j.commands.CallCommand.execute(CallCommand.java:79)
[2025-04-03T18:56:30.256+0000] {spark_submit.py:649} INFO - at py4j.ClientServerConnection.waitForCommands(ClientServerConnection.java:182)
[2025-04-03T18:56:30.257+0000] {spark_submit.py:649} INFO - at py4j.ClientServerConnection.run(ClientServerConnection.java:106)
[2025-04-03T18:56:30.257+0000] {spark_submit.py:649} INFO - at java.base/java.lang.Thread.run(Thread.java:840)
[2025-04-03T18:56:30.258+0000] {spark_submit.py:649} INFO - Caused by: java.lang.ClassNotFoundException: Class org.apache.hadoop.fs.s3a.S3AFileSystem not found
[2025-04-03T18:56:30.259+0000] {spark_submit.py:649} INFO - at org.apache.hadoop.conf.Configuration.getClassByName(Configuration.java:2592)
[2025-04-03T18:56:30.259+0000] {spark_submit.py:649} INFO - at org.apache.hadoop.conf.Configuration.getClass(Configuration.java:2686)
[2025-04-03T18:56:30.260+0000] {spark_submit.py:649} INFO - ... 26 more
[2025-04-03T18:56:30.383+0000] {spark_submit.py:649} INFO - Traceback (most recent call last):
[2025-04-03T18:56:30.384+0000] {spark_submit.py:649} INFO - File "/opt/spark-app/clean_yellow_tripdata.py", line 9, in <module>
[2025-04-03T18:56:30.389+0000] {spark_submit.py:649} INFO - clean_yellow_tripdata(spark)
[2025-04-03T18:56:30.390+0000] {spark_submit.py:649} INFO - File "/opt/pipeline/transform/clean_yellow_tripdata.py", line 9, in clean_yellow_tripdata
[2025-04-03T18:56:30.395+0000] {spark_submit.py:649} INFO - df = spark.read.parquet(raw_path)
[2025-04-03T18:56:30.397+0000] {spark_submit.py:649} INFO - File "/opt/spark/python/lib/pyspark.zip/pyspark/sql/readwriter.py", line 544, in parquet
[2025-04-03T18:56:30.397+0000] {spark_submit.py:649} INFO - File "/opt/spark/python/lib/py4j-0.10.9.7-src.zip/py4j/java_gateway.py", line 1322, in __call__
[2025-04-03T18:56:30.398+0000] {spark_submit.py:649} INFO - File "/opt/spark/python/lib/pyspark.zip/pyspark/errors/exceptions/captured.py", line 179, in deco
[2025-04-03T18:56:30.399+0000] {spark_submit.py:649} INFO - File "/opt/spark/python/lib/py4j-0.10.9.7-src.zip/py4j/protocol.py", line 326, in get_return_value
[2025-04-03T18:56:30.401+0000] {spark_submit.py:649} INFO - py4j.protocol.Py4JJavaError: An error occurred while calling o26.parquet.
[2025-04-03T18:56:30.401+0000] {spark_submit.py:649} INFO - : java.lang.RuntimeException: java.lang.ClassNotFoundException: Class org.apache.hadoop.fs.s3a.S3AFileSystem not found
[2025-04-03T18:56:30.402+0000] {spark_submit.py:649} INFO - at org.apache.hadoop.conf.Configuration.getClass(Configuration.java:2688)
[2025-04-03T18:56:30.403+0000] {spark_submit.py:649} INFO - at org.apache.hadoop.fs.FileSystem.getFileSystemClass(FileSystem.java:3431)
[2025-04-03T18:56:30.403+0000] {spark_submit.py:649} INFO - at org.apache.hadoop.fs.FileSystem.createFileSystem(FileSystem.java:3466)
[2025-04-03T18:56:30.404+0000] {spark_submit.py:649} INFO - at org.apache.hadoop.fs.FileSystem.access$300(FileSystem.java:174)
[2025-04-03T18:56:30.405+0000] {spark_submit.py:649} INFO - at org.apache.hadoop.fs.FileSystem$Cache.getInternal(FileSystem.java:3574)
[2025-04-03T18:56:30.405+0000] {spark_submit.py:649} INFO - at org.apache.hadoop.fs.FileSystem$Cache.get(FileSystem.java:3521)
[2025-04-03T18:56:30.406+0000] {spark_submit.py:649} INFO - at org.apache.hadoop.fs.FileSystem.get(FileSystem.java:540)
[2025-04-03T18:56:30.406+0000] {spark_submit.py:649} INFO - at org.apache.hadoop.fs.Path.getFileSystem(Path.java:365)
[2025-04-03T18:56:30.407+0000] {spark_submit.py:649} INFO - at org.apache.spark.sql.execution.datasources.DataSource$.$anonfun$checkAndGlobPathIfNecessary$1(DataSource.scala:724)
[2025-04-03T18:56:30.408+0000] {spark_submit.py:649} INFO - at scala.collection.immutable.List.map(List.scala:293)
[2025-04-03T18:56:30.408+0000] {spark_submit.py:649} INFO - at org.apache.spark.sql.execution.datasources.DataSource$.checkAndGlobPathIfNecessary(DataSource.scala:722)
[2025-04-03T18:56:30.409+0000] {spark_submit.py:649} INFO - at org.apache.spark.sql.execution.datasources.DataSource.checkAndGlobPathIfNecessary(DataSource.scala:551)
[2025-04-03T18:56:30.409+0000] {spark_submit.py:649} INFO - at org.apache.spark.sql.execution.datasources.DataSource.resolveRelation(DataSource.scala:404)
[2025-04-03T18:56:30.410+0000] {spark_submit.py:649} INFO - at org.apache.spark.sql.DataFrameReader.loadV1Source(DataFrameReader.scala:229)
[2025-04-03T18:56:30.411+0000] {spark_submit.py:649} INFO - at org.apache.spark.sql.DataFrameReader.$anonfun$load$2(DataFrameReader.scala:211)
[2025-04-03T18:56:30.412+0000] {spark_submit.py:649} INFO - at scala.Option.getOrElse(Option.scala:189)
[2025-04-03T18:56:30.412+0000] {spark_submit.py:649} INFO - at org.apache.spark.sql.DataFrameReader.load(DataFrameReader.scala:211)
[2025-04-03T18:56:30.413+0000] {spark_submit.py:649} INFO - at org.apache.spark.sql.DataFrameReader.parquet(DataFrameReader.scala:563)
[2025-04-03T18:56:30.413+0000] {spark_submit.py:649} INFO - at java.base/jdk.internal.reflect.NativeMethodAccessorImpl.invoke0(Native Method)
[2025-04-03T18:56:30.414+0000] {spark_submit.py:649} INFO - at java.base/jdk.internal.reflect.NativeMethodAccessorImpl.invoke(NativeMethodAccessorImpl.java:77)
[2025-04-03T18:56:30.415+0000] {spark_submit.py:649} INFO - at java.base/jdk.internal.reflect.DelegatingMethodAccessorImpl.invoke(DelegatingMethodAccessorImpl.java:43)
[2025-04-03T18:56:30.415+0000] {spark_submit.py:649} INFO - at java.base/java.lang.reflect.Method.invoke(Method.java:569)
[2025-04-03T18:56:30.415+0000] {spark_submit.py:649} INFO - at py4j.reflection.MethodInvoker.invoke(MethodInvoker.java:244)
[2025-04-03T18:56:30.416+0000] {spark_submit.py:649} INFO - at py4j.reflection.ReflectionEngine.invoke(ReflectionEngine.java:374)
[2025-04-03T18:56:30.416+0000] {spark_submit.py:649} INFO - at py4j.Gateway.invoke(Gateway.java:282)
[2025-04-03T18:56:30.417+0000] {spark_submit.py:649} INFO - at py4j.commands.AbstractCommand.invokeMethod(AbstractCommand.java:132)
[2025-04-03T18:56:30.418+0000] {spark_submit.py:649} INFO - at py4j.commands.CallCommand.execute(CallCommand.java:79)
[2025-04-03T18:56:30.418+0000] {spark_submit.py:649} INFO - at py4j.ClientServerConnection.waitForCommands(ClientServerConnection.java:182)
[2025-04-03T18:56:30.419+0000] {spark_submit.py:649} INFO - at py4j.ClientServerConnection.run(ClientServerConnection.java:106)
[2025-04-03T18:56:30.419+0000] {spark_submit.py:649} INFO - at java.base/java.lang.Thread.run(Thread.java:840)
[2025-04-03T18:56:30.420+0000] {spark_submit.py:649} INFO - Caused by: java.lang.ClassNotFoundException: Class org.apache.hadoop.fs.s3a.S3AFileSystem not found
[2025-04-03T18:56:30.420+0000] {spark_submit.py:649} INFO - at org.apache.hadoop.conf.Configuration.getClassByName(Configuration.java:2592)
[2025-04-03T18:56:30.421+0000] {spark_submit.py:649} INFO - at org.apache.hadoop.conf.Configuration.getClass(Configuration.java:2686)
[2025-04-03T18:56:30.422+0000] {spark_submit.py:649} INFO - ... 29 more
[2025-04-03T18:56:30.422+0000] {spark_submit.py:649} INFO - 
[2025-04-03T18:56:30.497+0000] {spark_submit.py:649} INFO - 25/04/03 18:56:30 INFO SparkContext: Invoking stop() from shutdown hook
[2025-04-03T18:56:30.499+0000] {spark_submit.py:649} INFO - 25/04/03 18:56:30 INFO SparkContext: SparkContext is stopping with exitCode 0.
[2025-04-03T18:56:30.520+0000] {spark_submit.py:649} INFO - 25/04/03 18:56:30 INFO SparkUI: Stopped Spark web UI at http://ef4a1ba9f2f9:4040
[2025-04-03T18:56:30.528+0000] {spark_submit.py:649} INFO - 25/04/03 18:56:30 INFO StandaloneSchedulerBackend: Shutting down all executors
[2025-04-03T18:56:30.535+0000] {spark_submit.py:649} INFO - 25/04/03 18:56:30 INFO StandaloneSchedulerBackend$StandaloneDriverEndpoint: Asking each executor to shut down
[2025-04-03T18:56:30.558+0000] {spark_submit.py:649} INFO - 25/04/03 18:56:30 INFO MapOutputTrackerMasterEndpoint: MapOutputTrackerMasterEndpoint stopped!
[2025-04-03T18:56:30.574+0000] {spark_submit.py:649} INFO - 25/04/03 18:56:30 INFO MemoryStore: MemoryStore cleared
[2025-04-03T18:56:30.576+0000] {spark_submit.py:649} INFO - 25/04/03 18:56:30 INFO BlockManager: BlockManager stopped
[2025-04-03T18:56:30.581+0000] {spark_submit.py:649} INFO - 25/04/03 18:56:30 INFO BlockManagerMaster: BlockManagerMaster stopped
[2025-04-03T18:56:30.583+0000] {spark_submit.py:649} INFO - 25/04/03 18:56:30 INFO OutputCommitCoordinator$OutputCommitCoordinatorEndpoint: OutputCommitCoordinator stopped!
[2025-04-03T18:56:30.597+0000] {spark_submit.py:649} INFO - 25/04/03 18:56:30 INFO SparkContext: Successfully stopped SparkContext
[2025-04-03T18:56:30.598+0000] {spark_submit.py:649} INFO - 25/04/03 18:56:30 INFO ShutdownHookManager: Shutdown hook called
[2025-04-03T18:56:30.599+0000] {spark_submit.py:649} INFO - 25/04/03 18:56:30 INFO ShutdownHookManager: Deleting directory /tmp/spark-2c0d6ec1-9730-42c4-899c-acad6692ebd6
[2025-04-03T18:56:30.602+0000] {spark_submit.py:649} INFO - 25/04/03 18:56:30 INFO ShutdownHookManager: Deleting directory /tmp/spark-fb1bb461-5cf4-488e-8317-7cf1b185d8bc
[2025-04-03T18:56:30.606+0000] {spark_submit.py:649} INFO - 25/04/03 18:56:30 INFO ShutdownHookManager: Deleting directory /tmp/spark-fb1bb461-5cf4-488e-8317-7cf1b185d8bc/pyspark-df64305b-23ad-4672-bdc5-edf757ded84b
[2025-04-03T18:56:30.662+0000] {taskinstance.py:2698} ERROR - Task failed with exception
Traceback (most recent call last):
  File "/home/airflow/.local/lib/python3.8/site-packages/airflow/models/taskinstance.py", line 433, in _execute_task
    result = execute_callable(context=context, **execute_callable_kwargs)
  File "/home/airflow/.local/lib/python3.8/site-packages/airflow/providers/apache/spark/operators/spark_submit.py", line 176, in execute
    self._hook.submit(self.application)
  File "/home/airflow/.local/lib/python3.8/site-packages/airflow/providers/apache/spark/hooks/spark_submit.py", line 575, in submit
    raise AirflowException(
airflow.exceptions.AirflowException: Cannot execute: spark-submit --master spark://spark-master:7077 --conf spark.master=spark://spark-master:7077 --jars /opt/spark/jars/hadoop-aws-3.3.6.jar,/opt/spark/jars/aws-java-sdk-bundle-1.12.696.jar --name arrow-spark --verbose --queue root.default --deploy-mode client /opt/spark-app/clean_yellow_tripdata.py. Error code is: 1.
[2025-04-03T18:56:30.678+0000] {taskinstance.py:1138} INFO - Marking task as UP_FOR_RETRY. dag_id=full_pipeline_dag, task_id=clean_data_spark, execution_date=20250403T182015, start_date=20250403T185624, end_date=20250403T185630
[2025-04-03T18:56:30.867+0000] {standard_task_runner.py:107} ERROR - Failed to execute job 208 for task clean_data_spark (Cannot execute: spark-submit --master spark://spark-master:7077 --conf spark.master=spark://spark-master:7077 --jars /opt/spark/jars/hadoop-aws-3.3.6.jar,/opt/spark/jars/aws-java-sdk-bundle-1.12.696.jar --name arrow-spark --verbose --queue root.default --deploy-mode client /opt/spark-app/clean_yellow_tripdata.py. Error code is: 1.; 267)
[2025-04-03T18:56:30.907+0000] {local_task_job_runner.py:234} INFO - Task exited with return code 1
[2025-04-03T18:56:30.955+0000] {taskinstance.py:3280} INFO - 0 downstream tasks scheduled from follow-on schedule check
