[2025-04-03T18:45:32.927+0000] {taskinstance.py:1956} INFO - Dependencies all met for dep_context=non-requeueable deps ti=<TaskInstance: full_pipeline_dag.clean_data_spark manual__2025-04-03T18:20:15.390292+00:00 [queued]>
[2025-04-03T18:45:32.950+0000] {taskinstance.py:1956} INFO - Dependencies all met for dep_context=requeueable deps ti=<TaskInstance: full_pipeline_dag.clean_data_spark manual__2025-04-03T18:20:15.390292+00:00 [queued]>
[2025-04-03T18:45:32.950+0000] {taskinstance.py:2170} INFO - Starting attempt 5 of 6
[2025-04-03T18:45:33.035+0000] {taskinstance.py:2191} INFO - Executing <Task(SparkSubmitOperator): clean_data_spark> on 2025-04-03 18:20:15.390292+00:00
[2025-04-03T18:45:33.039+0000] {standard_task_runner.py:60} INFO - Started process 269 to run task
[2025-04-03T18:45:33.043+0000] {standard_task_runner.py:87} INFO - Running: ['airflow', 'tasks', 'run', 'full_pipeline_dag', 'clean_data_spark', 'manual__2025-04-03T18:20:15.390292+00:00', '--job-id', '200', '--raw', '--subdir', 'DAGS_FOLDER/full_pipeline_dag.py', '--cfg-path', '/tmp/tmpq9cztb26']
[2025-04-03T18:45:33.045+0000] {standard_task_runner.py:88} INFO - Job 200: Subtask clean_data_spark
[2025-04-03T18:45:33.106+0000] {logging_mixin.py:188} WARNING - /home/airflow/.local/lib/python3.8/site-packages/airflow/settings.py:194 DeprecationWarning: The sql_alchemy_conn option in [core] has been moved to the sql_alchemy_conn option in [database] - the old setting has been used, but please update your config.
[2025-04-03T18:45:33.175+0000] {task_command.py:423} INFO - Running <TaskInstance: full_pipeline_dag.clean_data_spark manual__2025-04-03T18:20:15.390292+00:00 [running]> on host da62b05cac36
[2025-04-03T18:45:33.346+0000] {taskinstance.py:2480} INFO - Exporting env vars: AIRFLOW_CTX_DAG_OWNER='airflow' AIRFLOW_CTX_DAG_ID='full_pipeline_dag' AIRFLOW_CTX_TASK_ID='clean_data_spark' AIRFLOW_CTX_EXECUTION_DATE='2025-04-03T18:20:15.390292+00:00' AIRFLOW_CTX_TRY_NUMBER='5' AIRFLOW_CTX_DAG_RUN_ID='manual__2025-04-03T18:20:15.390292+00:00'
[2025-04-03T18:45:33.375+0000] {base.py:83} INFO - Using connection ID 'spark_default' for task execution.
[2025-04-03T18:45:33.377+0000] {spark_submit.py:473} INFO - Spark-Submit cmd: spark-submit --master spark://spark-master:7077 --name arrow-spark --verbose --queue root.default --deploy-mode client /opt/spark-app/clean_yellow_tripdata.py
[2025-04-03T18:45:34.725+0000] {spark_submit.py:649} INFO - Using properties file: null
[2025-04-03T18:45:34.848+0000] {spark_submit.py:649} INFO - Parsed arguments:
[2025-04-03T18:45:34.849+0000] {spark_submit.py:649} INFO - master                  spark://spark-master:7077
[2025-04-03T18:45:34.849+0000] {spark_submit.py:649} INFO - remote                  null
[2025-04-03T18:45:34.850+0000] {spark_submit.py:649} INFO - deployMode              client
[2025-04-03T18:45:34.851+0000] {spark_submit.py:649} INFO - executorMemory          null
[2025-04-03T18:45:34.851+0000] {spark_submit.py:649} INFO - executorCores           null
[2025-04-03T18:45:34.852+0000] {spark_submit.py:649} INFO - totalExecutorCores      null
[2025-04-03T18:45:34.852+0000] {spark_submit.py:649} INFO - propertiesFile          null
[2025-04-03T18:45:34.853+0000] {spark_submit.py:649} INFO - driverMemory            null
[2025-04-03T18:45:34.853+0000] {spark_submit.py:649} INFO - driverCores             null
[2025-04-03T18:45:34.854+0000] {spark_submit.py:649} INFO - driverExtraClassPath    null
[2025-04-03T18:45:34.854+0000] {spark_submit.py:649} INFO - driverExtraLibraryPath  null
[2025-04-03T18:45:34.855+0000] {spark_submit.py:649} INFO - driverExtraJavaOptions  null
[2025-04-03T18:45:34.855+0000] {spark_submit.py:649} INFO - supervise               false
[2025-04-03T18:45:34.856+0000] {spark_submit.py:649} INFO - queue                   root.default
[2025-04-03T18:45:34.856+0000] {spark_submit.py:649} INFO - numExecutors            null
[2025-04-03T18:45:34.856+0000] {spark_submit.py:649} INFO - files                   null
[2025-04-03T18:45:34.857+0000] {spark_submit.py:649} INFO - pyFiles                 null
[2025-04-03T18:45:34.857+0000] {spark_submit.py:649} INFO - archives                null
[2025-04-03T18:45:34.858+0000] {spark_submit.py:649} INFO - mainClass               null
[2025-04-03T18:45:34.859+0000] {spark_submit.py:649} INFO - primaryResource         file:/opt/spark-app/clean_yellow_tripdata.py
[2025-04-03T18:45:34.859+0000] {spark_submit.py:649} INFO - name                    arrow-spark
[2025-04-03T18:45:34.860+0000] {spark_submit.py:649} INFO - childArgs               []
[2025-04-03T18:45:34.860+0000] {spark_submit.py:649} INFO - jars                    null
[2025-04-03T18:45:34.861+0000] {spark_submit.py:649} INFO - packages                null
[2025-04-03T18:45:34.861+0000] {spark_submit.py:649} INFO - packagesExclusions      null
[2025-04-03T18:45:34.862+0000] {spark_submit.py:649} INFO - repositories            null
[2025-04-03T18:45:34.862+0000] {spark_submit.py:649} INFO - verbose                 true
[2025-04-03T18:45:34.862+0000] {spark_submit.py:649} INFO - 
[2025-04-03T18:45:34.863+0000] {spark_submit.py:649} INFO - Spark properties used, including those specified through
[2025-04-03T18:45:34.863+0000] {spark_submit.py:649} INFO - --conf and those from the properties file null:
[2025-04-03T18:45:34.864+0000] {spark_submit.py:649} INFO - 
[2025-04-03T18:45:34.864+0000] {spark_submit.py:649} INFO - 
[2025-04-03T18:45:34.865+0000] {spark_submit.py:649} INFO - 
[2025-04-03T18:45:35.183+0000] {spark_submit.py:649} INFO - Main class:
[2025-04-03T18:45:35.184+0000] {spark_submit.py:649} INFO - org.apache.spark.deploy.PythonRunner
[2025-04-03T18:45:35.184+0000] {spark_submit.py:649} INFO - Arguments:
[2025-04-03T18:45:35.185+0000] {spark_submit.py:649} INFO - file:/opt/spark-app/clean_yellow_tripdata.py
[2025-04-03T18:45:35.186+0000] {spark_submit.py:649} INFO - null
[2025-04-03T18:45:35.187+0000] {spark_submit.py:649} INFO - Spark config:
[2025-04-03T18:45:35.187+0000] {spark_submit.py:649} INFO - (spark.app.name,arrow-spark)
[2025-04-03T18:45:35.188+0000] {spark_submit.py:649} INFO - (spark.app.submitTime,1743705935159)
[2025-04-03T18:45:35.188+0000] {spark_submit.py:649} INFO - (spark.master,spark://spark-master:7077)
[2025-04-03T18:45:35.189+0000] {spark_submit.py:649} INFO - (spark.submit.deployMode,client)
[2025-04-03T18:45:35.190+0000] {spark_submit.py:649} INFO - (spark.submit.pyFiles,)
[2025-04-03T18:45:35.190+0000] {spark_submit.py:649} INFO - Classpath elements:
[2025-04-03T18:45:35.191+0000] {spark_submit.py:649} INFO - 
[2025-04-03T18:45:35.192+0000] {spark_submit.py:649} INFO - 
[2025-04-03T18:45:35.192+0000] {spark_submit.py:649} INFO - 
[2025-04-03T18:45:36.088+0000] {spark_submit.py:649} INFO - 25/04/03 18:45:36 INFO SparkContext: Running Spark version 3.5.0
[2025-04-03T18:45:36.090+0000] {spark_submit.py:649} INFO - 25/04/03 18:45:36 INFO SparkContext: OS info Linux, 5.15.167.4-microsoft-standard-WSL2, amd64
[2025-04-03T18:45:36.091+0000] {spark_submit.py:649} INFO - 25/04/03 18:45:36 INFO SparkContext: Java version 17.0.14
[2025-04-03T18:45:36.133+0000] {spark_submit.py:649} INFO - 25/04/03 18:45:36 WARN NativeCodeLoader: Unable to load native-hadoop library for your platform... using builtin-java classes where applicable
[2025-04-03T18:45:36.222+0000] {spark_submit.py:649} INFO - 25/04/03 18:45:36 INFO ResourceUtils: ==============================================================
[2025-04-03T18:45:36.224+0000] {spark_submit.py:649} INFO - 25/04/03 18:45:36 INFO ResourceUtils: No custom resources configured for spark.driver.
[2025-04-03T18:45:36.224+0000] {spark_submit.py:649} INFO - 25/04/03 18:45:36 INFO ResourceUtils: ==============================================================
[2025-04-03T18:45:36.225+0000] {spark_submit.py:649} INFO - 25/04/03 18:45:36 INFO SparkContext: Submitted application: CleanYellowData
[2025-04-03T18:45:36.240+0000] {spark_submit.py:649} INFO - 25/04/03 18:45:36 INFO ResourceProfile: Default ResourceProfile created, executor resources: Map(memory -> name: memory, amount: 1024, script: , vendor: , offHeap -> name: offHeap, amount: 0, script: , vendor: ), task resources: Map(cpus -> name: cpus, amount: 1.0)
[2025-04-03T18:45:36.248+0000] {spark_submit.py:649} INFO - 25/04/03 18:45:36 INFO ResourceProfile: Limiting resource is cpu
[2025-04-03T18:45:36.249+0000] {spark_submit.py:649} INFO - 25/04/03 18:45:36 INFO ResourceProfileManager: Added ResourceProfile id: 0
[2025-04-03T18:45:36.289+0000] {spark_submit.py:649} INFO - 25/04/03 18:45:36 INFO SecurityManager: Changing view acls to: airflow
[2025-04-03T18:45:36.290+0000] {spark_submit.py:649} INFO - 25/04/03 18:45:36 INFO SecurityManager: Changing modify acls to: airflow
[2025-04-03T18:45:36.291+0000] {spark_submit.py:649} INFO - 25/04/03 18:45:36 INFO SecurityManager: Changing view acls groups to:
[2025-04-03T18:45:36.291+0000] {spark_submit.py:649} INFO - 25/04/03 18:45:36 INFO SecurityManager: Changing modify acls groups to:
[2025-04-03T18:45:36.292+0000] {spark_submit.py:649} INFO - 25/04/03 18:45:36 INFO SecurityManager: SecurityManager: authentication disabled; ui acls disabled; users with view permissions: airflow; groups with view permissions: EMPTY; users with modify permissions: airflow; groups with modify permissions: EMPTY
[2025-04-03T18:45:36.513+0000] {spark_submit.py:649} INFO - 25/04/03 18:45:36 INFO Utils: Successfully started service 'sparkDriver' on port 40761.
[2025-04-03T18:45:36.539+0000] {spark_submit.py:649} INFO - 25/04/03 18:45:36 INFO SparkEnv: Registering MapOutputTracker
[2025-04-03T18:45:36.572+0000] {spark_submit.py:649} INFO - 25/04/03 18:45:36 INFO SparkEnv: Registering BlockManagerMaster
[2025-04-03T18:45:36.594+0000] {spark_submit.py:649} INFO - 25/04/03 18:45:36 INFO BlockManagerMasterEndpoint: Using org.apache.spark.storage.DefaultTopologyMapper for getting topology information
[2025-04-03T18:45:36.595+0000] {spark_submit.py:649} INFO - 25/04/03 18:45:36 INFO BlockManagerMasterEndpoint: BlockManagerMasterEndpoint up
[2025-04-03T18:45:36.600+0000] {spark_submit.py:649} INFO - 25/04/03 18:45:36 INFO SparkEnv: Registering BlockManagerMasterHeartbeat
[2025-04-03T18:45:36.635+0000] {spark_submit.py:649} INFO - 25/04/03 18:45:36 INFO DiskBlockManager: Created local directory at /tmp/blockmgr-67aa4426-10eb-4eac-8116-a242ee36bf0f
[2025-04-03T18:45:36.648+0000] {spark_submit.py:649} INFO - 25/04/03 18:45:36 INFO MemoryStore: MemoryStore started with capacity 434.4 MiB
[2025-04-03T18:45:36.665+0000] {spark_submit.py:649} INFO - 25/04/03 18:45:36 INFO SparkEnv: Registering OutputCommitCoordinator
[2025-04-03T18:45:36.773+0000] {spark_submit.py:649} INFO - 25/04/03 18:45:36 INFO JettyUtils: Start Jetty 0.0.0.0:4040 for SparkUI
[2025-04-03T18:45:36.820+0000] {spark_submit.py:649} INFO - 25/04/03 18:45:36 INFO Utils: Successfully started service 'SparkUI' on port 4040.
[2025-04-03T18:45:36.946+0000] {spark_submit.py:649} INFO - 25/04/03 18:45:36 INFO StandaloneAppClient$ClientEndpoint: Connecting to master spark://spark-master:7077...
[2025-04-03T18:45:36.985+0000] {spark_submit.py:649} INFO - 25/04/03 18:45:36 INFO TransportClientFactory: Successfully created connection to spark-master/172.24.0.5:7077 after 21 ms (0 ms spent in bootstraps)
[2025-04-03T18:45:37.067+0000] {spark_submit.py:649} INFO - 25/04/03 18:45:37 INFO StandaloneSchedulerBackend: Connected to Spark cluster with app ID app-20250403184537-0001
[2025-04-03T18:45:37.071+0000] {spark_submit.py:649} INFO - 25/04/03 18:45:37 INFO StandaloneAppClient$ClientEndpoint: Executor added: app-20250403184537-0001/0 on worker-20250403184326-172.24.0.8-35463 (172.24.0.8:35463) with 16 core(s)
[2025-04-03T18:45:37.073+0000] {spark_submit.py:649} INFO - 25/04/03 18:45:37 INFO StandaloneSchedulerBackend: Granted executor ID app-20250403184537-0001/0 on hostPort 172.24.0.8:35463 with 16 core(s), 1024.0 MiB RAM
[2025-04-03T18:45:37.078+0000] {spark_submit.py:649} INFO - 25/04/03 18:45:37 INFO Utils: Successfully started service 'org.apache.spark.network.netty.NettyBlockTransferService' on port 44777.
[2025-04-03T18:45:37.079+0000] {spark_submit.py:649} INFO - 25/04/03 18:45:37 INFO NettyBlockTransferService: Server created on da62b05cac36:44777
[2025-04-03T18:45:37.080+0000] {spark_submit.py:649} INFO - 25/04/03 18:45:37 INFO BlockManager: Using org.apache.spark.storage.RandomBlockReplicationPolicy for block replication policy
[2025-04-03T18:45:37.087+0000] {spark_submit.py:649} INFO - 25/04/03 18:45:37 INFO BlockManagerMaster: Registering BlockManager BlockManagerId(driver, da62b05cac36, 44777, None)
[2025-04-03T18:45:37.092+0000] {spark_submit.py:649} INFO - 25/04/03 18:45:37 INFO BlockManagerMasterEndpoint: Registering block manager da62b05cac36:44777 with 434.4 MiB RAM, BlockManagerId(driver, da62b05cac36, 44777, None)
[2025-04-03T18:45:37.096+0000] {spark_submit.py:649} INFO - 25/04/03 18:45:37 INFO BlockManagerMaster: Registered BlockManager BlockManagerId(driver, da62b05cac36, 44777, None)
[2025-04-03T18:45:37.099+0000] {spark_submit.py:649} INFO - 25/04/03 18:45:37 INFO BlockManager: Initialized BlockManager: BlockManagerId(driver, da62b05cac36, 44777, None)
[2025-04-03T18:45:37.106+0000] {spark_submit.py:649} INFO - 25/04/03 18:45:37 INFO StandaloneAppClient$ClientEndpoint: Executor updated: app-20250403184537-0001/0 is now RUNNING
[2025-04-03T18:45:37.306+0000] {spark_submit.py:649} INFO - 25/04/03 18:45:37 INFO StandaloneSchedulerBackend: SchedulerBackend is ready for scheduling beginning after reached minRegisteredResourcesRatio: 0.0
[2025-04-03T18:45:37.512+0000] {spark_submit.py:649} INFO - ✅ Spark session received from DAG
[2025-04-03T18:45:37.513+0000] {spark_submit.py:649} INFO - 📥 Reading raw data...
[2025-04-03T18:45:37.595+0000] {spark_submit.py:649} INFO - 25/04/03 18:45:37 INFO SharedState: Setting hive.metastore.warehouse.dir ('null') to the value of spark.sql.warehouse.dir.
[2025-04-03T18:45:37.612+0000] {spark_submit.py:649} INFO - 25/04/03 18:45:37 INFO SharedState: Warehouse path is 'file:/opt/airflow/spark-warehouse'.
[2025-04-03T18:45:38.389+0000] {spark_submit.py:649} INFO - 25/04/03 18:45:38 WARN FileStreamSink: Assume no metadata directory. Error while looking for metadata directory in the path: s3a://nyc-taxi/raw/yellow_tripdata_2023-01.parquet.
[2025-04-03T18:45:38.390+0000] {spark_submit.py:649} INFO - java.lang.RuntimeException: java.lang.ClassNotFoundException: Class org.apache.hadoop.fs.s3a.S3AFileSystem not found
[2025-04-03T18:45:38.391+0000] {spark_submit.py:649} INFO - at org.apache.hadoop.conf.Configuration.getClass(Configuration.java:2688)
[2025-04-03T18:45:38.392+0000] {spark_submit.py:649} INFO - at org.apache.hadoop.fs.FileSystem.getFileSystemClass(FileSystem.java:3431)
[2025-04-03T18:45:38.392+0000] {spark_submit.py:649} INFO - at org.apache.hadoop.fs.FileSystem.createFileSystem(FileSystem.java:3466)
[2025-04-03T18:45:38.393+0000] {spark_submit.py:649} INFO - at org.apache.hadoop.fs.FileSystem.access$300(FileSystem.java:174)
[2025-04-03T18:45:38.394+0000] {spark_submit.py:649} INFO - at org.apache.hadoop.fs.FileSystem$Cache.getInternal(FileSystem.java:3574)
[2025-04-03T18:45:38.394+0000] {spark_submit.py:649} INFO - at org.apache.hadoop.fs.FileSystem$Cache.get(FileSystem.java:3521)
[2025-04-03T18:45:38.395+0000] {spark_submit.py:649} INFO - at org.apache.hadoop.fs.FileSystem.get(FileSystem.java:540)
[2025-04-03T18:45:38.396+0000] {spark_submit.py:649} INFO - at org.apache.hadoop.fs.Path.getFileSystem(Path.java:365)
[2025-04-03T18:45:38.396+0000] {spark_submit.py:649} INFO - at org.apache.spark.sql.execution.streaming.FileStreamSink$.hasMetadata(FileStreamSink.scala:53)
[2025-04-03T18:45:38.397+0000] {spark_submit.py:649} INFO - at org.apache.spark.sql.execution.datasources.DataSource.resolveRelation(DataSource.scala:366)
[2025-04-03T18:45:38.398+0000] {spark_submit.py:649} INFO - at org.apache.spark.sql.DataFrameReader.loadV1Source(DataFrameReader.scala:229)
[2025-04-03T18:45:38.399+0000] {spark_submit.py:649} INFO - at org.apache.spark.sql.DataFrameReader.$anonfun$load$2(DataFrameReader.scala:211)
[2025-04-03T18:45:38.400+0000] {spark_submit.py:649} INFO - at scala.Option.getOrElse(Option.scala:189)
[2025-04-03T18:45:38.401+0000] {spark_submit.py:649} INFO - at org.apache.spark.sql.DataFrameReader.load(DataFrameReader.scala:211)
[2025-04-03T18:45:38.402+0000] {spark_submit.py:649} INFO - at org.apache.spark.sql.DataFrameReader.parquet(DataFrameReader.scala:563)
[2025-04-03T18:45:38.402+0000] {spark_submit.py:649} INFO - at java.base/jdk.internal.reflect.NativeMethodAccessorImpl.invoke0(Native Method)
[2025-04-03T18:45:38.403+0000] {spark_submit.py:649} INFO - at java.base/jdk.internal.reflect.NativeMethodAccessorImpl.invoke(NativeMethodAccessorImpl.java:77)
[2025-04-03T18:45:38.404+0000] {spark_submit.py:649} INFO - at java.base/jdk.internal.reflect.DelegatingMethodAccessorImpl.invoke(DelegatingMethodAccessorImpl.java:43)
[2025-04-03T18:45:38.405+0000] {spark_submit.py:649} INFO - at java.base/java.lang.reflect.Method.invoke(Method.java:569)
[2025-04-03T18:45:38.405+0000] {spark_submit.py:649} INFO - at py4j.reflection.MethodInvoker.invoke(MethodInvoker.java:244)
[2025-04-03T18:45:38.406+0000] {spark_submit.py:649} INFO - at py4j.reflection.ReflectionEngine.invoke(ReflectionEngine.java:374)
[2025-04-03T18:45:38.407+0000] {spark_submit.py:649} INFO - at py4j.Gateway.invoke(Gateway.java:282)
[2025-04-03T18:45:38.407+0000] {spark_submit.py:649} INFO - at py4j.commands.AbstractCommand.invokeMethod(AbstractCommand.java:132)
[2025-04-03T18:45:38.408+0000] {spark_submit.py:649} INFO - at py4j.commands.CallCommand.execute(CallCommand.java:79)
[2025-04-03T18:45:38.409+0000] {spark_submit.py:649} INFO - at py4j.ClientServerConnection.waitForCommands(ClientServerConnection.java:182)
[2025-04-03T18:45:38.410+0000] {spark_submit.py:649} INFO - at py4j.ClientServerConnection.run(ClientServerConnection.java:106)
[2025-04-03T18:45:38.411+0000] {spark_submit.py:649} INFO - at java.base/java.lang.Thread.run(Thread.java:840)
[2025-04-03T18:45:38.411+0000] {spark_submit.py:649} INFO - Caused by: java.lang.ClassNotFoundException: Class org.apache.hadoop.fs.s3a.S3AFileSystem not found
[2025-04-03T18:45:38.412+0000] {spark_submit.py:649} INFO - at org.apache.hadoop.conf.Configuration.getClassByName(Configuration.java:2592)
[2025-04-03T18:45:38.413+0000] {spark_submit.py:649} INFO - at org.apache.hadoop.conf.Configuration.getClass(Configuration.java:2686)
[2025-04-03T18:45:38.413+0000] {spark_submit.py:649} INFO - ... 26 more
[2025-04-03T18:45:38.501+0000] {spark_submit.py:649} INFO - Traceback (most recent call last):
[2025-04-03T18:45:38.502+0000] {spark_submit.py:649} INFO - File "/opt/spark-app/clean_yellow_tripdata.py", line 9, in <module>
[2025-04-03T18:45:38.506+0000] {spark_submit.py:649} INFO - clean_yellow_tripdata(spark)
[2025-04-03T18:45:38.507+0000] {spark_submit.py:649} INFO - File "/opt/pipeline/transform/clean_yellow_tripdata.py", line 9, in clean_yellow_tripdata
[2025-04-03T18:45:38.512+0000] {spark_submit.py:649} INFO - df = spark.read.parquet(raw_path)
[2025-04-03T18:45:38.512+0000] {spark_submit.py:649} INFO - File "/opt/spark/python/lib/pyspark.zip/pyspark/sql/readwriter.py", line 544, in parquet
[2025-04-03T18:45:38.513+0000] {spark_submit.py:649} INFO - File "/opt/spark/python/lib/py4j-0.10.9.7-src.zip/py4j/java_gateway.py", line 1322, in __call__
[2025-04-03T18:45:38.514+0000] {spark_submit.py:649} INFO - File "/opt/spark/python/lib/pyspark.zip/pyspark/errors/exceptions/captured.py", line 179, in deco
[2025-04-03T18:45:38.515+0000] {spark_submit.py:649} INFO - File "/opt/spark/python/lib/py4j-0.10.9.7-src.zip/py4j/protocol.py", line 326, in get_return_value
[2025-04-03T18:45:38.517+0000] {spark_submit.py:649} INFO - py4j.protocol.Py4JJavaError: An error occurred while calling o24.parquet.
[2025-04-03T18:45:38.518+0000] {spark_submit.py:649} INFO - : java.lang.RuntimeException: java.lang.ClassNotFoundException: Class org.apache.hadoop.fs.s3a.S3AFileSystem not found
[2025-04-03T18:45:38.519+0000] {spark_submit.py:649} INFO - at org.apache.hadoop.conf.Configuration.getClass(Configuration.java:2688)
[2025-04-03T18:45:38.519+0000] {spark_submit.py:649} INFO - at org.apache.hadoop.fs.FileSystem.getFileSystemClass(FileSystem.java:3431)
[2025-04-03T18:45:38.520+0000] {spark_submit.py:649} INFO - at org.apache.hadoop.fs.FileSystem.createFileSystem(FileSystem.java:3466)
[2025-04-03T18:45:38.520+0000] {spark_submit.py:649} INFO - at org.apache.hadoop.fs.FileSystem.access$300(FileSystem.java:174)
[2025-04-03T18:45:38.520+0000] {spark_submit.py:649} INFO - at org.apache.hadoop.fs.FileSystem$Cache.getInternal(FileSystem.java:3574)
[2025-04-03T18:45:38.521+0000] {spark_submit.py:649} INFO - at org.apache.hadoop.fs.FileSystem$Cache.get(FileSystem.java:3521)
[2025-04-03T18:45:38.521+0000] {spark_submit.py:649} INFO - at org.apache.hadoop.fs.FileSystem.get(FileSystem.java:540)
[2025-04-03T18:45:38.522+0000] {spark_submit.py:649} INFO - at org.apache.hadoop.fs.Path.getFileSystem(Path.java:365)
[2025-04-03T18:45:38.522+0000] {spark_submit.py:649} INFO - at org.apache.spark.sql.execution.datasources.DataSource$.$anonfun$checkAndGlobPathIfNecessary$1(DataSource.scala:724)
[2025-04-03T18:45:38.522+0000] {spark_submit.py:649} INFO - at scala.collection.immutable.List.map(List.scala:293)
[2025-04-03T18:45:38.523+0000] {spark_submit.py:649} INFO - at org.apache.spark.sql.execution.datasources.DataSource$.checkAndGlobPathIfNecessary(DataSource.scala:722)
[2025-04-03T18:45:38.523+0000] {spark_submit.py:649} INFO - at org.apache.spark.sql.execution.datasources.DataSource.checkAndGlobPathIfNecessary(DataSource.scala:551)
[2025-04-03T18:45:38.524+0000] {spark_submit.py:649} INFO - at org.apache.spark.sql.execution.datasources.DataSource.resolveRelation(DataSource.scala:404)
[2025-04-03T18:45:38.524+0000] {spark_submit.py:649} INFO - at org.apache.spark.sql.DataFrameReader.loadV1Source(DataFrameReader.scala:229)
[2025-04-03T18:45:38.524+0000] {spark_submit.py:649} INFO - at org.apache.spark.sql.DataFrameReader.$anonfun$load$2(DataFrameReader.scala:211)
[2025-04-03T18:45:38.525+0000] {spark_submit.py:649} INFO - at scala.Option.getOrElse(Option.scala:189)
[2025-04-03T18:45:38.525+0000] {spark_submit.py:649} INFO - at org.apache.spark.sql.DataFrameReader.load(DataFrameReader.scala:211)
[2025-04-03T18:45:38.526+0000] {spark_submit.py:649} INFO - at org.apache.spark.sql.DataFrameReader.parquet(DataFrameReader.scala:563)
[2025-04-03T18:45:38.526+0000] {spark_submit.py:649} INFO - at java.base/jdk.internal.reflect.NativeMethodAccessorImpl.invoke0(Native Method)
[2025-04-03T18:45:38.527+0000] {spark_submit.py:649} INFO - at java.base/jdk.internal.reflect.NativeMethodAccessorImpl.invoke(NativeMethodAccessorImpl.java:77)
[2025-04-03T18:45:38.527+0000] {spark_submit.py:649} INFO - at java.base/jdk.internal.reflect.DelegatingMethodAccessorImpl.invoke(DelegatingMethodAccessorImpl.java:43)
[2025-04-03T18:45:38.528+0000] {spark_submit.py:649} INFO - at java.base/java.lang.reflect.Method.invoke(Method.java:569)
[2025-04-03T18:45:38.528+0000] {spark_submit.py:649} INFO - at py4j.reflection.MethodInvoker.invoke(MethodInvoker.java:244)
[2025-04-03T18:45:38.529+0000] {spark_submit.py:649} INFO - at py4j.reflection.ReflectionEngine.invoke(ReflectionEngine.java:374)
[2025-04-03T18:45:38.529+0000] {spark_submit.py:649} INFO - at py4j.Gateway.invoke(Gateway.java:282)
[2025-04-03T18:45:38.530+0000] {spark_submit.py:649} INFO - at py4j.commands.AbstractCommand.invokeMethod(AbstractCommand.java:132)
[2025-04-03T18:45:38.530+0000] {spark_submit.py:649} INFO - at py4j.commands.CallCommand.execute(CallCommand.java:79)
[2025-04-03T18:45:38.531+0000] {spark_submit.py:649} INFO - at py4j.ClientServerConnection.waitForCommands(ClientServerConnection.java:182)
[2025-04-03T18:45:38.531+0000] {spark_submit.py:649} INFO - at py4j.ClientServerConnection.run(ClientServerConnection.java:106)
[2025-04-03T18:45:38.532+0000] {spark_submit.py:649} INFO - at java.base/java.lang.Thread.run(Thread.java:840)
[2025-04-03T18:45:38.533+0000] {spark_submit.py:649} INFO - Caused by: java.lang.ClassNotFoundException: Class org.apache.hadoop.fs.s3a.S3AFileSystem not found
[2025-04-03T18:45:38.533+0000] {spark_submit.py:649} INFO - at org.apache.hadoop.conf.Configuration.getClassByName(Configuration.java:2592)
[2025-04-03T18:45:38.534+0000] {spark_submit.py:649} INFO - at org.apache.hadoop.conf.Configuration.getClass(Configuration.java:2686)
[2025-04-03T18:45:38.534+0000] {spark_submit.py:649} INFO - ... 29 more
[2025-04-03T18:45:38.535+0000] {spark_submit.py:649} INFO - 
[2025-04-03T18:45:38.586+0000] {spark_submit.py:649} INFO - 25/04/03 18:45:38 INFO SparkContext: Invoking stop() from shutdown hook
[2025-04-03T18:45:38.587+0000] {spark_submit.py:649} INFO - 25/04/03 18:45:38 INFO SparkContext: SparkContext is stopping with exitCode 0.
[2025-04-03T18:45:38.614+0000] {spark_submit.py:649} INFO - 25/04/03 18:45:38 INFO SparkUI: Stopped Spark web UI at http://da62b05cac36:4040
[2025-04-03T18:45:38.619+0000] {spark_submit.py:649} INFO - 25/04/03 18:45:38 INFO StandaloneSchedulerBackend: Shutting down all executors
[2025-04-03T18:45:38.624+0000] {spark_submit.py:649} INFO - 25/04/03 18:45:38 INFO StandaloneSchedulerBackend$StandaloneDriverEndpoint: Asking each executor to shut down
[2025-04-03T18:45:38.648+0000] {spark_submit.py:649} INFO - 25/04/03 18:45:38 INFO MapOutputTrackerMasterEndpoint: MapOutputTrackerMasterEndpoint stopped!
[2025-04-03T18:45:38.667+0000] {spark_submit.py:649} INFO - 25/04/03 18:45:38 INFO MemoryStore: MemoryStore cleared
[2025-04-03T18:45:38.668+0000] {spark_submit.py:649} INFO - 25/04/03 18:45:38 INFO BlockManager: BlockManager stopped
[2025-04-03T18:45:38.676+0000] {spark_submit.py:649} INFO - 25/04/03 18:45:38 INFO BlockManagerMaster: BlockManagerMaster stopped
[2025-04-03T18:45:38.680+0000] {spark_submit.py:649} INFO - 25/04/03 18:45:38 INFO OutputCommitCoordinator$OutputCommitCoordinatorEndpoint: OutputCommitCoordinator stopped!
[2025-04-03T18:45:38.689+0000] {spark_submit.py:649} INFO - 25/04/03 18:45:38 INFO SparkContext: Successfully stopped SparkContext
[2025-04-03T18:45:38.690+0000] {spark_submit.py:649} INFO - 25/04/03 18:45:38 INFO ShutdownHookManager: Shutdown hook called
[2025-04-03T18:45:38.691+0000] {spark_submit.py:649} INFO - 25/04/03 18:45:38 INFO ShutdownHookManager: Deleting directory /tmp/spark-56b2c68d-8289-492f-aba7-09a57c7487e3/pyspark-44c7d43c-df25-4053-a25f-b2574ebc5024
[2025-04-03T18:45:38.695+0000] {spark_submit.py:649} INFO - 25/04/03 18:45:38 INFO ShutdownHookManager: Deleting directory /tmp/spark-56b2c68d-8289-492f-aba7-09a57c7487e3
[2025-04-03T18:45:38.698+0000] {spark_submit.py:649} INFO - 25/04/03 18:45:38 INFO ShutdownHookManager: Deleting directory /tmp/spark-1a57d7cb-0631-481e-83bb-37a20735c371
[2025-04-03T18:45:38.758+0000] {taskinstance.py:2698} ERROR - Task failed with exception
Traceback (most recent call last):
  File "/home/airflow/.local/lib/python3.8/site-packages/airflow/models/taskinstance.py", line 433, in _execute_task
    result = execute_callable(context=context, **execute_callable_kwargs)
  File "/home/airflow/.local/lib/python3.8/site-packages/airflow/providers/apache/spark/operators/spark_submit.py", line 176, in execute
    self._hook.submit(self.application)
  File "/home/airflow/.local/lib/python3.8/site-packages/airflow/providers/apache/spark/hooks/spark_submit.py", line 575, in submit
    raise AirflowException(
airflow.exceptions.AirflowException: Cannot execute: spark-submit --master spark://spark-master:7077 --name arrow-spark --verbose --queue root.default --deploy-mode client /opt/spark-app/clean_yellow_tripdata.py. Error code is: 1.
[2025-04-03T18:45:38.764+0000] {taskinstance.py:1138} INFO - Marking task as UP_FOR_RETRY. dag_id=full_pipeline_dag, task_id=clean_data_spark, execution_date=20250403T182015, start_date=20250403T184532, end_date=20250403T184538
[2025-04-03T18:45:38.940+0000] {standard_task_runner.py:107} ERROR - Failed to execute job 200 for task clean_data_spark (Cannot execute: spark-submit --master spark://spark-master:7077 --name arrow-spark --verbose --queue root.default --deploy-mode client /opt/spark-app/clean_yellow_tripdata.py. Error code is: 1.; 269)
[2025-04-03T18:45:38.958+0000] {local_task_job_runner.py:234} INFO - Task exited with return code 1
[2025-04-03T18:45:39.015+0000] {taskinstance.py:3280} INFO - 0 downstream tasks scheduled from follow-on schedule check
