[2025-04-03T18:23:13.622+0000] {taskinstance.py:1956} INFO - Dependencies all met for dep_context=non-requeueable deps ti=<TaskInstance: full_pipeline_dag.clean_data_spark manual__2025-04-03T18:20:15.390292+00:00 [queued]>
[2025-04-03T18:23:13.640+0000] {taskinstance.py:1956} INFO - Dependencies all met for dep_context=requeueable deps ti=<TaskInstance: full_pipeline_dag.clean_data_spark manual__2025-04-03T18:20:15.390292+00:00 [queued]>
[2025-04-03T18:23:13.641+0000] {taskinstance.py:2170} INFO - Starting attempt 3 of 3
[2025-04-03T18:23:13.682+0000] {taskinstance.py:2191} INFO - Executing <Task(SparkSubmitOperator): clean_data_spark> on 2025-04-03 18:20:15.390292+00:00
[2025-04-03T18:23:13.687+0000] {standard_task_runner.py:60} INFO - Started process 1200 to run task
[2025-04-03T18:23:13.692+0000] {standard_task_runner.py:87} INFO - Running: ['airflow', 'tasks', 'run', 'full_pipeline_dag', 'clean_data_spark', 'manual__2025-04-03T18:20:15.390292+00:00', '--job-id', '196', '--raw', '--subdir', 'DAGS_FOLDER/full_pipeline_dag.py', '--cfg-path', '/tmp/tmpknol__mu']
[2025-04-03T18:23:13.694+0000] {standard_task_runner.py:88} INFO - Job 196: Subtask clean_data_spark
[2025-04-03T18:23:13.751+0000] {logging_mixin.py:188} WARNING - /home/airflow/.local/lib/python3.8/site-packages/airflow/settings.py:194 DeprecationWarning: The sql_alchemy_conn option in [core] has been moved to the sql_alchemy_conn option in [database] - the old setting has been used, but please update your config.
[2025-04-03T18:23:13.820+0000] {task_command.py:423} INFO - Running <TaskInstance: full_pipeline_dag.clean_data_spark manual__2025-04-03T18:20:15.390292+00:00 [running]> on host 279edff2d996
[2025-04-03T18:23:14.057+0000] {taskinstance.py:2480} INFO - Exporting env vars: AIRFLOW_CTX_DAG_OWNER='airflow' AIRFLOW_CTX_DAG_ID='full_pipeline_dag' AIRFLOW_CTX_TASK_ID='clean_data_spark' AIRFLOW_CTX_EXECUTION_DATE='2025-04-03T18:20:15.390292+00:00' AIRFLOW_CTX_TRY_NUMBER='3' AIRFLOW_CTX_DAG_RUN_ID='manual__2025-04-03T18:20:15.390292+00:00'
[2025-04-03T18:23:14.067+0000] {base.py:83} INFO - Using connection ID 'spark_default' for task execution.
[2025-04-03T18:23:14.068+0000] {spark_submit.py:473} INFO - Spark-Submit cmd: spark-submit --master spark://spark-master:7077 --name arrow-spark --verbose --queue root.default --deploy-mode client /opt/spark-app/clean_yellow_tripdata.py
[2025-04-03T18:23:15.531+0000] {spark_submit.py:649} INFO - Using properties file: null
[2025-04-03T18:23:15.638+0000] {spark_submit.py:649} INFO - Parsed arguments:
[2025-04-03T18:23:15.639+0000] {spark_submit.py:649} INFO - master                  spark://spark-master:7077
[2025-04-03T18:23:15.639+0000] {spark_submit.py:649} INFO - remote                  null
[2025-04-03T18:23:15.640+0000] {spark_submit.py:649} INFO - deployMode              client
[2025-04-03T18:23:15.641+0000] {spark_submit.py:649} INFO - executorMemory          null
[2025-04-03T18:23:15.641+0000] {spark_submit.py:649} INFO - executorCores           null
[2025-04-03T18:23:15.642+0000] {spark_submit.py:649} INFO - totalExecutorCores      null
[2025-04-03T18:23:15.642+0000] {spark_submit.py:649} INFO - propertiesFile          null
[2025-04-03T18:23:15.643+0000] {spark_submit.py:649} INFO - driverMemory            null
[2025-04-03T18:23:15.644+0000] {spark_submit.py:649} INFO - driverCores             null
[2025-04-03T18:23:15.644+0000] {spark_submit.py:649} INFO - driverExtraClassPath    null
[2025-04-03T18:23:15.645+0000] {spark_submit.py:649} INFO - driverExtraLibraryPath  null
[2025-04-03T18:23:15.646+0000] {spark_submit.py:649} INFO - driverExtraJavaOptions  null
[2025-04-03T18:23:15.646+0000] {spark_submit.py:649} INFO - supervise               false
[2025-04-03T18:23:15.647+0000] {spark_submit.py:649} INFO - queue                   root.default
[2025-04-03T18:23:15.647+0000] {spark_submit.py:649} INFO - numExecutors            null
[2025-04-03T18:23:15.648+0000] {spark_submit.py:649} INFO - files                   null
[2025-04-03T18:23:15.648+0000] {spark_submit.py:649} INFO - pyFiles                 null
[2025-04-03T18:23:15.649+0000] {spark_submit.py:649} INFO - archives                null
[2025-04-03T18:23:15.650+0000] {spark_submit.py:649} INFO - mainClass               null
[2025-04-03T18:23:15.650+0000] {spark_submit.py:649} INFO - primaryResource         file:/opt/spark-app/clean_yellow_tripdata.py
[2025-04-03T18:23:15.651+0000] {spark_submit.py:649} INFO - name                    arrow-spark
[2025-04-03T18:23:15.651+0000] {spark_submit.py:649} INFO - childArgs               []
[2025-04-03T18:23:15.652+0000] {spark_submit.py:649} INFO - jars                    null
[2025-04-03T18:23:15.653+0000] {spark_submit.py:649} INFO - packages                null
[2025-04-03T18:23:15.653+0000] {spark_submit.py:649} INFO - packagesExclusions      null
[2025-04-03T18:23:15.654+0000] {spark_submit.py:649} INFO - repositories            null
[2025-04-03T18:23:15.654+0000] {spark_submit.py:649} INFO - verbose                 true
[2025-04-03T18:23:15.655+0000] {spark_submit.py:649} INFO - 
[2025-04-03T18:23:15.656+0000] {spark_submit.py:649} INFO - Spark properties used, including those specified through
[2025-04-03T18:23:15.656+0000] {spark_submit.py:649} INFO - --conf and those from the properties file null:
[2025-04-03T18:23:15.657+0000] {spark_submit.py:649} INFO - 
[2025-04-03T18:23:15.657+0000] {spark_submit.py:649} INFO - 
[2025-04-03T18:23:15.658+0000] {spark_submit.py:649} INFO - 
[2025-04-03T18:23:15.858+0000] {spark_submit.py:649} INFO - Main class:
[2025-04-03T18:23:15.859+0000] {spark_submit.py:649} INFO - org.apache.spark.deploy.PythonRunner
[2025-04-03T18:23:15.860+0000] {spark_submit.py:649} INFO - Arguments:
[2025-04-03T18:23:15.861+0000] {spark_submit.py:649} INFO - file:/opt/spark-app/clean_yellow_tripdata.py
[2025-04-03T18:23:15.861+0000] {spark_submit.py:649} INFO - null
[2025-04-03T18:23:15.862+0000] {spark_submit.py:649} INFO - Spark config:
[2025-04-03T18:23:15.863+0000] {spark_submit.py:649} INFO - (spark.app.name,arrow-spark)
[2025-04-03T18:23:15.863+0000] {spark_submit.py:649} INFO - (spark.app.submitTime,1743704595841)
[2025-04-03T18:23:15.864+0000] {spark_submit.py:649} INFO - (spark.master,spark://spark-master:7077)
[2025-04-03T18:23:15.864+0000] {spark_submit.py:649} INFO - (spark.submit.deployMode,client)
[2025-04-03T18:23:15.865+0000] {spark_submit.py:649} INFO - (spark.submit.pyFiles,)
[2025-04-03T18:23:15.865+0000] {spark_submit.py:649} INFO - Classpath elements:
[2025-04-03T18:23:15.866+0000] {spark_submit.py:649} INFO - 
[2025-04-03T18:23:15.866+0000] {spark_submit.py:649} INFO - 
[2025-04-03T18:23:15.867+0000] {spark_submit.py:649} INFO - 
[2025-04-03T18:23:16.777+0000] {spark_submit.py:649} INFO - 25/04/03 18:23:16 INFO SparkContext: Running Spark version 3.5.0
[2025-04-03T18:23:16.778+0000] {spark_submit.py:649} INFO - 25/04/03 18:23:16 INFO SparkContext: OS info Linux, 5.15.167.4-microsoft-standard-WSL2, amd64
[2025-04-03T18:23:16.779+0000] {spark_submit.py:649} INFO - 25/04/03 18:23:16 INFO SparkContext: Java version 17.0.14
[2025-04-03T18:23:16.830+0000] {spark_submit.py:649} INFO - 25/04/03 18:23:16 WARN NativeCodeLoader: Unable to load native-hadoop library for your platform... using builtin-java classes where applicable
[2025-04-03T18:23:16.897+0000] {spark_submit.py:649} INFO - 25/04/03 18:23:16 INFO ResourceUtils: ==============================================================
[2025-04-03T18:23:16.898+0000] {spark_submit.py:649} INFO - 25/04/03 18:23:16 INFO ResourceUtils: No custom resources configured for spark.driver.
[2025-04-03T18:23:16.899+0000] {spark_submit.py:649} INFO - 25/04/03 18:23:16 INFO ResourceUtils: ==============================================================
[2025-04-03T18:23:16.900+0000] {spark_submit.py:649} INFO - 25/04/03 18:23:16 INFO SparkContext: Submitted application: CleanYellowData
[2025-04-03T18:23:16.923+0000] {spark_submit.py:649} INFO - 25/04/03 18:23:16 INFO ResourceProfile: Default ResourceProfile created, executor resources: Map(memory -> name: memory, amount: 1024, script: , vendor: , offHeap -> name: offHeap, amount: 0, script: , vendor: ), task resources: Map(cpus -> name: cpus, amount: 1.0)
[2025-04-03T18:23:16.930+0000] {spark_submit.py:649} INFO - 25/04/03 18:23:16 INFO ResourceProfile: Limiting resource is cpu
[2025-04-03T18:23:16.931+0000] {spark_submit.py:649} INFO - 25/04/03 18:23:16 INFO ResourceProfileManager: Added ResourceProfile id: 0
[2025-04-03T18:23:16.969+0000] {spark_submit.py:649} INFO - 25/04/03 18:23:16 INFO SecurityManager: Changing view acls to: airflow
[2025-04-03T18:23:16.970+0000] {spark_submit.py:649} INFO - 25/04/03 18:23:16 INFO SecurityManager: Changing modify acls to: airflow
[2025-04-03T18:23:16.972+0000] {spark_submit.py:649} INFO - 25/04/03 18:23:16 INFO SecurityManager: Changing view acls groups to:
[2025-04-03T18:23:16.972+0000] {spark_submit.py:649} INFO - 25/04/03 18:23:16 INFO SecurityManager: Changing modify acls groups to:
[2025-04-03T18:23:16.973+0000] {spark_submit.py:649} INFO - 25/04/03 18:23:16 INFO SecurityManager: SecurityManager: authentication disabled; ui acls disabled; users with view permissions: airflow; groups with view permissions: EMPTY; users with modify permissions: airflow; groups with modify permissions: EMPTY
[2025-04-03T18:23:17.129+0000] {spark_submit.py:649} INFO - 25/04/03 18:23:17 INFO Utils: Successfully started service 'sparkDriver' on port 43447.
[2025-04-03T18:23:17.150+0000] {spark_submit.py:649} INFO - 25/04/03 18:23:17 INFO SparkEnv: Registering MapOutputTracker
[2025-04-03T18:23:17.177+0000] {spark_submit.py:649} INFO - 25/04/03 18:23:17 INFO SparkEnv: Registering BlockManagerMaster
[2025-04-03T18:23:17.192+0000] {spark_submit.py:649} INFO - 25/04/03 18:23:17 INFO BlockManagerMasterEndpoint: Using org.apache.spark.storage.DefaultTopologyMapper for getting topology information
[2025-04-03T18:23:17.194+0000] {spark_submit.py:649} INFO - 25/04/03 18:23:17 INFO BlockManagerMasterEndpoint: BlockManagerMasterEndpoint up
[2025-04-03T18:23:17.196+0000] {spark_submit.py:649} INFO - 25/04/03 18:23:17 INFO SparkEnv: Registering BlockManagerMasterHeartbeat
[2025-04-03T18:23:17.220+0000] {spark_submit.py:649} INFO - 25/04/03 18:23:17 INFO DiskBlockManager: Created local directory at /tmp/blockmgr-f09f9568-46ec-4890-98a6-0c551731238a
[2025-04-03T18:23:17.235+0000] {spark_submit.py:649} INFO - 25/04/03 18:23:17 INFO MemoryStore: MemoryStore started with capacity 434.4 MiB
[2025-04-03T18:23:17.256+0000] {spark_submit.py:649} INFO - 25/04/03 18:23:17 INFO SparkEnv: Registering OutputCommitCoordinator
[2025-04-03T18:23:17.413+0000] {spark_submit.py:649} INFO - 25/04/03 18:23:17 INFO JettyUtils: Start Jetty 0.0.0.0:4040 for SparkUI
[2025-04-03T18:23:17.493+0000] {spark_submit.py:649} INFO - 25/04/03 18:23:17 INFO Utils: Successfully started service 'SparkUI' on port 4040.
[2025-04-03T18:23:17.625+0000] {spark_submit.py:649} INFO - 25/04/03 18:23:17 INFO StandaloneAppClient$ClientEndpoint: Connecting to master spark://spark-master:7077...
[2025-04-03T18:23:17.662+0000] {spark_submit.py:649} INFO - 25/04/03 18:23:17 INFO TransportClientFactory: Successfully created connection to spark-master/172.24.0.2:7077 after 22 ms (0 ms spent in bootstraps)
[2025-04-03T18:23:17.754+0000] {spark_submit.py:649} INFO - 25/04/03 18:23:17 INFO StandaloneSchedulerBackend: Connected to Spark cluster with app ID app-20250403182317-0005
[2025-04-03T18:23:17.761+0000] {spark_submit.py:649} INFO - 25/04/03 18:23:17 INFO StandaloneAppClient$ClientEndpoint: Executor added: app-20250403182317-0005/0 on worker-20250403181245-172.24.0.6-45293 (172.24.0.6:45293) with 16 core(s)
[2025-04-03T18:23:17.764+0000] {spark_submit.py:649} INFO - 25/04/03 18:23:17 INFO StandaloneSchedulerBackend: Granted executor ID app-20250403182317-0005/0 on hostPort 172.24.0.6:45293 with 16 core(s), 1024.0 MiB RAM
[2025-04-03T18:23:17.768+0000] {spark_submit.py:649} INFO - 25/04/03 18:23:17 INFO Utils: Successfully started service 'org.apache.spark.network.netty.NettyBlockTransferService' on port 39945.
[2025-04-03T18:23:17.769+0000] {spark_submit.py:649} INFO - 25/04/03 18:23:17 INFO NettyBlockTransferService: Server created on 279edff2d996:39945
[2025-04-03T18:23:17.772+0000] {spark_submit.py:649} INFO - 25/04/03 18:23:17 INFO BlockManager: Using org.apache.spark.storage.RandomBlockReplicationPolicy for block replication policy
[2025-04-03T18:23:17.779+0000] {spark_submit.py:649} INFO - 25/04/03 18:23:17 INFO BlockManagerMaster: Registering BlockManager BlockManagerId(driver, 279edff2d996, 39945, None)
[2025-04-03T18:23:17.783+0000] {spark_submit.py:649} INFO - 25/04/03 18:23:17 INFO BlockManagerMasterEndpoint: Registering block manager 279edff2d996:39945 with 434.4 MiB RAM, BlockManagerId(driver, 279edff2d996, 39945, None)
[2025-04-03T18:23:17.785+0000] {spark_submit.py:649} INFO - 25/04/03 18:23:17 INFO BlockManagerMaster: Registered BlockManager BlockManagerId(driver, 279edff2d996, 39945, None)
[2025-04-03T18:23:17.787+0000] {spark_submit.py:649} INFO - 25/04/03 18:23:17 INFO BlockManager: Initialized BlockManager: BlockManagerId(driver, 279edff2d996, 39945, None)
[2025-04-03T18:23:17.815+0000] {spark_submit.py:649} INFO - 25/04/03 18:23:17 INFO StandaloneAppClient$ClientEndpoint: Executor updated: app-20250403182317-0005/0 is now RUNNING
[2025-04-03T18:23:18.049+0000] {spark_submit.py:649} INFO - 25/04/03 18:23:18 INFO StandaloneSchedulerBackend: SchedulerBackend is ready for scheduling beginning after reached minRegisteredResourcesRatio: 0.0
[2025-04-03T18:23:18.288+0000] {spark_submit.py:649} INFO - ✅ Spark session received from DAG
[2025-04-03T18:23:18.289+0000] {spark_submit.py:649} INFO - 📥 Reading raw data...
[2025-04-03T18:23:18.440+0000] {spark_submit.py:649} INFO - 25/04/03 18:23:18 INFO SharedState: Setting hive.metastore.warehouse.dir ('null') to the value of spark.sql.warehouse.dir.
[2025-04-03T18:23:18.456+0000] {spark_submit.py:649} INFO - 25/04/03 18:23:18 INFO SharedState: Warehouse path is 'file:/opt/airflow/spark-warehouse'.
[2025-04-03T18:23:19.217+0000] {spark_submit.py:649} INFO - 25/04/03 18:23:19 WARN FileStreamSink: Assume no metadata directory. Error while looking for metadata directory in the path: s3a://nyc-taxi/raw/yellow_tripdata_2023-01.parquet.
[2025-04-03T18:23:19.218+0000] {spark_submit.py:649} INFO - java.lang.RuntimeException: java.lang.ClassNotFoundException: Class org.apache.hadoop.fs.s3a.S3AFileSystem not found
[2025-04-03T18:23:19.219+0000] {spark_submit.py:649} INFO - at org.apache.hadoop.conf.Configuration.getClass(Configuration.java:2688)
[2025-04-03T18:23:19.220+0000] {spark_submit.py:649} INFO - at org.apache.hadoop.fs.FileSystem.getFileSystemClass(FileSystem.java:3431)
[2025-04-03T18:23:19.220+0000] {spark_submit.py:649} INFO - at org.apache.hadoop.fs.FileSystem.createFileSystem(FileSystem.java:3466)
[2025-04-03T18:23:19.221+0000] {spark_submit.py:649} INFO - at org.apache.hadoop.fs.FileSystem.access$300(FileSystem.java:174)
[2025-04-03T18:23:19.222+0000] {spark_submit.py:649} INFO - at org.apache.hadoop.fs.FileSystem$Cache.getInternal(FileSystem.java:3574)
[2025-04-03T18:23:19.222+0000] {spark_submit.py:649} INFO - at org.apache.hadoop.fs.FileSystem$Cache.get(FileSystem.java:3521)
[2025-04-03T18:23:19.223+0000] {spark_submit.py:649} INFO - at org.apache.hadoop.fs.FileSystem.get(FileSystem.java:540)
[2025-04-03T18:23:19.224+0000] {spark_submit.py:649} INFO - at org.apache.hadoop.fs.Path.getFileSystem(Path.java:365)
[2025-04-03T18:23:19.224+0000] {spark_submit.py:649} INFO - at org.apache.spark.sql.execution.streaming.FileStreamSink$.hasMetadata(FileStreamSink.scala:53)
[2025-04-03T18:23:19.225+0000] {spark_submit.py:649} INFO - at org.apache.spark.sql.execution.datasources.DataSource.resolveRelation(DataSource.scala:366)
[2025-04-03T18:23:19.226+0000] {spark_submit.py:649} INFO - at org.apache.spark.sql.DataFrameReader.loadV1Source(DataFrameReader.scala:229)
[2025-04-03T18:23:19.227+0000] {spark_submit.py:649} INFO - at org.apache.spark.sql.DataFrameReader.$anonfun$load$2(DataFrameReader.scala:211)
[2025-04-03T18:23:19.227+0000] {spark_submit.py:649} INFO - at scala.Option.getOrElse(Option.scala:189)
[2025-04-03T18:23:19.228+0000] {spark_submit.py:649} INFO - at org.apache.spark.sql.DataFrameReader.load(DataFrameReader.scala:211)
[2025-04-03T18:23:19.229+0000] {spark_submit.py:649} INFO - at org.apache.spark.sql.DataFrameReader.parquet(DataFrameReader.scala:563)
[2025-04-03T18:23:19.229+0000] {spark_submit.py:649} INFO - at java.base/jdk.internal.reflect.NativeMethodAccessorImpl.invoke0(Native Method)
[2025-04-03T18:23:19.230+0000] {spark_submit.py:649} INFO - at java.base/jdk.internal.reflect.NativeMethodAccessorImpl.invoke(NativeMethodAccessorImpl.java:77)
[2025-04-03T18:23:19.231+0000] {spark_submit.py:649} INFO - at java.base/jdk.internal.reflect.DelegatingMethodAccessorImpl.invoke(DelegatingMethodAccessorImpl.java:43)
[2025-04-03T18:23:19.231+0000] {spark_submit.py:649} INFO - at java.base/java.lang.reflect.Method.invoke(Method.java:569)
[2025-04-03T18:23:19.232+0000] {spark_submit.py:649} INFO - at py4j.reflection.MethodInvoker.invoke(MethodInvoker.java:244)
[2025-04-03T18:23:19.233+0000] {spark_submit.py:649} INFO - at py4j.reflection.ReflectionEngine.invoke(ReflectionEngine.java:374)
[2025-04-03T18:23:19.233+0000] {spark_submit.py:649} INFO - at py4j.Gateway.invoke(Gateway.java:282)
[2025-04-03T18:23:19.234+0000] {spark_submit.py:649} INFO - at py4j.commands.AbstractCommand.invokeMethod(AbstractCommand.java:132)
[2025-04-03T18:23:19.234+0000] {spark_submit.py:649} INFO - at py4j.commands.CallCommand.execute(CallCommand.java:79)
[2025-04-03T18:23:19.235+0000] {spark_submit.py:649} INFO - at py4j.ClientServerConnection.waitForCommands(ClientServerConnection.java:182)
[2025-04-03T18:23:19.236+0000] {spark_submit.py:649} INFO - at py4j.ClientServerConnection.run(ClientServerConnection.java:106)
[2025-04-03T18:23:19.236+0000] {spark_submit.py:649} INFO - at java.base/java.lang.Thread.run(Thread.java:840)
[2025-04-03T18:23:19.237+0000] {spark_submit.py:649} INFO - Caused by: java.lang.ClassNotFoundException: Class org.apache.hadoop.fs.s3a.S3AFileSystem not found
[2025-04-03T18:23:19.237+0000] {spark_submit.py:649} INFO - at org.apache.hadoop.conf.Configuration.getClassByName(Configuration.java:2592)
[2025-04-03T18:23:19.238+0000] {spark_submit.py:649} INFO - at org.apache.hadoop.conf.Configuration.getClass(Configuration.java:2686)
[2025-04-03T18:23:19.239+0000] {spark_submit.py:649} INFO - ... 26 more
[2025-04-03T18:23:19.307+0000] {spark_submit.py:649} INFO - Traceback (most recent call last):
[2025-04-03T18:23:19.308+0000] {spark_submit.py:649} INFO - File "/opt/spark-app/clean_yellow_tripdata.py", line 9, in <module>
[2025-04-03T18:23:19.312+0000] {spark_submit.py:649} INFO - clean_yellow_tripdata(spark)
[2025-04-03T18:23:19.312+0000] {spark_submit.py:649} INFO - File "/opt/pipeline/transform/clean_yellow_tripdata.py", line 9, in clean_yellow_tripdata
[2025-04-03T18:23:19.317+0000] {spark_submit.py:649} INFO - df = spark.read.parquet(raw_path)
[2025-04-03T18:23:19.318+0000] {spark_submit.py:649} INFO - File "/opt/spark/python/lib/pyspark.zip/pyspark/sql/readwriter.py", line 544, in parquet
[2025-04-03T18:23:19.318+0000] {spark_submit.py:649} INFO - File "/opt/spark/python/lib/py4j-0.10.9.7-src.zip/py4j/java_gateway.py", line 1322, in __call__
[2025-04-03T18:23:19.319+0000] {spark_submit.py:649} INFO - File "/opt/spark/python/lib/pyspark.zip/pyspark/errors/exceptions/captured.py", line 179, in deco
[2025-04-03T18:23:19.320+0000] {spark_submit.py:649} INFO - File "/opt/spark/python/lib/py4j-0.10.9.7-src.zip/py4j/protocol.py", line 326, in get_return_value
[2025-04-03T18:23:19.323+0000] {spark_submit.py:649} INFO - py4j.protocol.Py4JJavaError: An error occurred while calling o24.parquet.
[2025-04-03T18:23:19.324+0000] {spark_submit.py:649} INFO - : java.lang.RuntimeException: java.lang.ClassNotFoundException: Class org.apache.hadoop.fs.s3a.S3AFileSystem not found
[2025-04-03T18:23:19.324+0000] {spark_submit.py:649} INFO - at org.apache.hadoop.conf.Configuration.getClass(Configuration.java:2688)
[2025-04-03T18:23:19.325+0000] {spark_submit.py:649} INFO - at org.apache.hadoop.fs.FileSystem.getFileSystemClass(FileSystem.java:3431)
[2025-04-03T18:23:19.325+0000] {spark_submit.py:649} INFO - at org.apache.hadoop.fs.FileSystem.createFileSystem(FileSystem.java:3466)
[2025-04-03T18:23:19.326+0000] {spark_submit.py:649} INFO - at org.apache.hadoop.fs.FileSystem.access$300(FileSystem.java:174)
[2025-04-03T18:23:19.327+0000] {spark_submit.py:649} INFO - at org.apache.hadoop.fs.FileSystem$Cache.getInternal(FileSystem.java:3574)
[2025-04-03T18:23:19.327+0000] {spark_submit.py:649} INFO - at org.apache.hadoop.fs.FileSystem$Cache.get(FileSystem.java:3521)
[2025-04-03T18:23:19.328+0000] {spark_submit.py:649} INFO - at org.apache.hadoop.fs.FileSystem.get(FileSystem.java:540)
[2025-04-03T18:23:19.329+0000] {spark_submit.py:649} INFO - at org.apache.hadoop.fs.Path.getFileSystem(Path.java:365)
[2025-04-03T18:23:19.329+0000] {spark_submit.py:649} INFO - at org.apache.spark.sql.execution.datasources.DataSource$.$anonfun$checkAndGlobPathIfNecessary$1(DataSource.scala:724)
[2025-04-03T18:23:19.330+0000] {spark_submit.py:649} INFO - at scala.collection.immutable.List.map(List.scala:293)
[2025-04-03T18:23:19.331+0000] {spark_submit.py:649} INFO - at org.apache.spark.sql.execution.datasources.DataSource$.checkAndGlobPathIfNecessary(DataSource.scala:722)
[2025-04-03T18:23:19.331+0000] {spark_submit.py:649} INFO - at org.apache.spark.sql.execution.datasources.DataSource.checkAndGlobPathIfNecessary(DataSource.scala:551)
[2025-04-03T18:23:19.332+0000] {spark_submit.py:649} INFO - at org.apache.spark.sql.execution.datasources.DataSource.resolveRelation(DataSource.scala:404)
[2025-04-03T18:23:19.332+0000] {spark_submit.py:649} INFO - at org.apache.spark.sql.DataFrameReader.loadV1Source(DataFrameReader.scala:229)
[2025-04-03T18:23:19.333+0000] {spark_submit.py:649} INFO - at org.apache.spark.sql.DataFrameReader.$anonfun$load$2(DataFrameReader.scala:211)
[2025-04-03T18:23:19.333+0000] {spark_submit.py:649} INFO - at scala.Option.getOrElse(Option.scala:189)
[2025-04-03T18:23:19.334+0000] {spark_submit.py:649} INFO - at org.apache.spark.sql.DataFrameReader.load(DataFrameReader.scala:211)
[2025-04-03T18:23:19.334+0000] {spark_submit.py:649} INFO - at org.apache.spark.sql.DataFrameReader.parquet(DataFrameReader.scala:563)
[2025-04-03T18:23:19.335+0000] {spark_submit.py:649} INFO - at java.base/jdk.internal.reflect.NativeMethodAccessorImpl.invoke0(Native Method)
[2025-04-03T18:23:19.336+0000] {spark_submit.py:649} INFO - at java.base/jdk.internal.reflect.NativeMethodAccessorImpl.invoke(NativeMethodAccessorImpl.java:77)
[2025-04-03T18:23:19.336+0000] {spark_submit.py:649} INFO - at java.base/jdk.internal.reflect.DelegatingMethodAccessorImpl.invoke(DelegatingMethodAccessorImpl.java:43)
[2025-04-03T18:23:19.337+0000] {spark_submit.py:649} INFO - at java.base/java.lang.reflect.Method.invoke(Method.java:569)
[2025-04-03T18:23:19.337+0000] {spark_submit.py:649} INFO - at py4j.reflection.MethodInvoker.invoke(MethodInvoker.java:244)
[2025-04-03T18:23:19.338+0000] {spark_submit.py:649} INFO - at py4j.reflection.ReflectionEngine.invoke(ReflectionEngine.java:374)
[2025-04-03T18:23:19.339+0000] {spark_submit.py:649} INFO - at py4j.Gateway.invoke(Gateway.java:282)
[2025-04-03T18:23:19.339+0000] {spark_submit.py:649} INFO - at py4j.commands.AbstractCommand.invokeMethod(AbstractCommand.java:132)
[2025-04-03T18:23:19.340+0000] {spark_submit.py:649} INFO - at py4j.commands.CallCommand.execute(CallCommand.java:79)
[2025-04-03T18:23:19.341+0000] {spark_submit.py:649} INFO - at py4j.ClientServerConnection.waitForCommands(ClientServerConnection.java:182)
[2025-04-03T18:23:19.341+0000] {spark_submit.py:649} INFO - at py4j.ClientServerConnection.run(ClientServerConnection.java:106)
[2025-04-03T18:23:19.342+0000] {spark_submit.py:649} INFO - at java.base/java.lang.Thread.run(Thread.java:840)
[2025-04-03T18:23:19.342+0000] {spark_submit.py:649} INFO - Caused by: java.lang.ClassNotFoundException: Class org.apache.hadoop.fs.s3a.S3AFileSystem not found
[2025-04-03T18:23:19.343+0000] {spark_submit.py:649} INFO - at org.apache.hadoop.conf.Configuration.getClassByName(Configuration.java:2592)
[2025-04-03T18:23:19.343+0000] {spark_submit.py:649} INFO - at org.apache.hadoop.conf.Configuration.getClass(Configuration.java:2686)
[2025-04-03T18:23:19.344+0000] {spark_submit.py:649} INFO - ... 29 more
[2025-04-03T18:23:19.345+0000] {spark_submit.py:649} INFO - 
[2025-04-03T18:23:19.391+0000] {spark_submit.py:649} INFO - 25/04/03 18:23:19 INFO SparkContext: Invoking stop() from shutdown hook
[2025-04-03T18:23:19.393+0000] {spark_submit.py:649} INFO - 25/04/03 18:23:19 INFO SparkContext: SparkContext is stopping with exitCode 0.
[2025-04-03T18:23:19.403+0000] {spark_submit.py:649} INFO - 25/04/03 18:23:19 INFO SparkUI: Stopped Spark web UI at http://279edff2d996:4040
[2025-04-03T18:23:19.407+0000] {spark_submit.py:649} INFO - 25/04/03 18:23:19 INFO StandaloneSchedulerBackend: Shutting down all executors
[2025-04-03T18:23:19.410+0000] {spark_submit.py:649} INFO - 25/04/03 18:23:19 INFO StandaloneSchedulerBackend$StandaloneDriverEndpoint: Asking each executor to shut down
[2025-04-03T18:23:19.427+0000] {spark_submit.py:649} INFO - 25/04/03 18:23:19 INFO MapOutputTrackerMasterEndpoint: MapOutputTrackerMasterEndpoint stopped!
[2025-04-03T18:23:19.439+0000] {spark_submit.py:649} INFO - 25/04/03 18:23:19 INFO MemoryStore: MemoryStore cleared
[2025-04-03T18:23:19.440+0000] {spark_submit.py:649} INFO - 25/04/03 18:23:19 INFO BlockManager: BlockManager stopped
[2025-04-03T18:23:19.445+0000] {spark_submit.py:649} INFO - 25/04/03 18:23:19 INFO BlockManagerMaster: BlockManagerMaster stopped
[2025-04-03T18:23:19.448+0000] {spark_submit.py:649} INFO - 25/04/03 18:23:19 INFO OutputCommitCoordinator$OutputCommitCoordinatorEndpoint: OutputCommitCoordinator stopped!
[2025-04-03T18:23:19.461+0000] {spark_submit.py:649} INFO - 25/04/03 18:23:19 INFO SparkContext: Successfully stopped SparkContext
[2025-04-03T18:23:19.461+0000] {spark_submit.py:649} INFO - 25/04/03 18:23:19 INFO ShutdownHookManager: Shutdown hook called
[2025-04-03T18:23:19.462+0000] {spark_submit.py:649} INFO - 25/04/03 18:23:19 INFO ShutdownHookManager: Deleting directory /tmp/spark-8d0ee375-acc1-4436-9fac-09258395f169
[2025-04-03T18:23:19.465+0000] {spark_submit.py:649} INFO - 25/04/03 18:23:19 INFO ShutdownHookManager: Deleting directory /tmp/spark-15135f28-8b5a-4fc5-aa19-3226828dc19c
[2025-04-03T18:23:19.469+0000] {spark_submit.py:649} INFO - 25/04/03 18:23:19 INFO ShutdownHookManager: Deleting directory /tmp/spark-15135f28-8b5a-4fc5-aa19-3226828dc19c/pyspark-86b51be5-74ff-488d-9bba-38c20213d3b4
[2025-04-03T18:23:19.510+0000] {taskinstance.py:2698} ERROR - Task failed with exception
Traceback (most recent call last):
  File "/home/airflow/.local/lib/python3.8/site-packages/airflow/models/taskinstance.py", line 433, in _execute_task
    result = execute_callable(context=context, **execute_callable_kwargs)
  File "/home/airflow/.local/lib/python3.8/site-packages/airflow/providers/apache/spark/operators/spark_submit.py", line 176, in execute
    self._hook.submit(self.application)
  File "/home/airflow/.local/lib/python3.8/site-packages/airflow/providers/apache/spark/hooks/spark_submit.py", line 575, in submit
    raise AirflowException(
airflow.exceptions.AirflowException: Cannot execute: spark-submit --master spark://spark-master:7077 --name arrow-spark --verbose --queue root.default --deploy-mode client /opt/spark-app/clean_yellow_tripdata.py. Error code is: 1.
[2025-04-03T18:23:19.515+0000] {taskinstance.py:1138} INFO - Marking task as FAILED. dag_id=full_pipeline_dag, task_id=clean_data_spark, execution_date=20250403T182015, start_date=20250403T182313, end_date=20250403T182319
[2025-04-03T18:23:19.679+0000] {standard_task_runner.py:107} ERROR - Failed to execute job 196 for task clean_data_spark (Cannot execute: spark-submit --master spark://spark-master:7077 --name arrow-spark --verbose --queue root.default --deploy-mode client /opt/spark-app/clean_yellow_tripdata.py. Error code is: 1.; 1200)
[2025-04-03T18:23:19.723+0000] {local_task_job_runner.py:234} INFO - Task exited with return code 1
[2025-04-03T18:23:19.762+0000] {taskinstance.py:3280} INFO - 0 downstream tasks scheduled from follow-on schedule check
