[2025-04-03T18:44:20.890+0000] {taskinstance.py:1956} INFO - Dependencies all met for dep_context=non-requeueable deps ti=<TaskInstance: full_pipeline_dag.clean_data_spark manual__2025-04-03T18:20:15.390292+00:00 [queued]>
[2025-04-03T18:44:20.913+0000] {taskinstance.py:1956} INFO - Dependencies all met for dep_context=requeueable deps ti=<TaskInstance: full_pipeline_dag.clean_data_spark manual__2025-04-03T18:20:15.390292+00:00 [queued]>
[2025-04-03T18:44:20.914+0000] {taskinstance.py:2170} INFO - Starting attempt 4 of 6
[2025-04-03T18:44:20.967+0000] {taskinstance.py:2191} INFO - Executing <Task(SparkSubmitOperator): clean_data_spark> on 2025-04-03 18:20:15.390292+00:00
[2025-04-03T18:44:20.972+0000] {standard_task_runner.py:60} INFO - Started process 58 to run task
[2025-04-03T18:44:20.976+0000] {standard_task_runner.py:87} INFO - Running: ['airflow', 'tasks', 'run', 'full_pipeline_dag', 'clean_data_spark', 'manual__2025-04-03T18:20:15.390292+00:00', '--job-id', '199', '--raw', '--subdir', 'DAGS_FOLDER/full_pipeline_dag.py', '--cfg-path', '/tmp/tmp1tnjuzxt']
[2025-04-03T18:44:20.982+0000] {standard_task_runner.py:88} INFO - Job 199: Subtask clean_data_spark
[2025-04-03T18:44:21.037+0000] {logging_mixin.py:188} WARNING - /home/airflow/.local/lib/python3.8/site-packages/airflow/settings.py:194 DeprecationWarning: The sql_alchemy_conn option in [core] has been moved to the sql_alchemy_conn option in [database] - the old setting has been used, but please update your config.
[2025-04-03T18:44:21.123+0000] {task_command.py:423} INFO - Running <TaskInstance: full_pipeline_dag.clean_data_spark manual__2025-04-03T18:20:15.390292+00:00 [running]> on host da62b05cac36
[2025-04-03T18:44:21.311+0000] {taskinstance.py:2480} INFO - Exporting env vars: AIRFLOW_CTX_DAG_OWNER='airflow' AIRFLOW_CTX_DAG_ID='full_pipeline_dag' AIRFLOW_CTX_TASK_ID='clean_data_spark' AIRFLOW_CTX_EXECUTION_DATE='2025-04-03T18:20:15.390292+00:00' AIRFLOW_CTX_TRY_NUMBER='4' AIRFLOW_CTX_DAG_RUN_ID='manual__2025-04-03T18:20:15.390292+00:00'
[2025-04-03T18:44:21.334+0000] {base.py:83} INFO - Using connection ID 'spark_default' for task execution.
[2025-04-03T18:44:21.336+0000] {spark_submit.py:473} INFO - Spark-Submit cmd: spark-submit --master spark://spark-master:7077 --name arrow-spark --verbose --queue root.default --deploy-mode client /opt/spark-app/clean_yellow_tripdata.py
[2025-04-03T18:44:23.344+0000] {spark_submit.py:649} INFO - Using properties file: null
[2025-04-03T18:44:23.479+0000] {spark_submit.py:649} INFO - Parsed arguments:
[2025-04-03T18:44:23.480+0000] {spark_submit.py:649} INFO - master                  spark://spark-master:7077
[2025-04-03T18:44:23.481+0000] {spark_submit.py:649} INFO - remote                  null
[2025-04-03T18:44:23.482+0000] {spark_submit.py:649} INFO - deployMode              client
[2025-04-03T18:44:23.483+0000] {spark_submit.py:649} INFO - executorMemory          null
[2025-04-03T18:44:23.484+0000] {spark_submit.py:649} INFO - executorCores           null
[2025-04-03T18:44:23.484+0000] {spark_submit.py:649} INFO - totalExecutorCores      null
[2025-04-03T18:44:23.485+0000] {spark_submit.py:649} INFO - propertiesFile          null
[2025-04-03T18:44:23.486+0000] {spark_submit.py:649} INFO - driverMemory            null
[2025-04-03T18:44:23.487+0000] {spark_submit.py:649} INFO - driverCores             null
[2025-04-03T18:44:23.487+0000] {spark_submit.py:649} INFO - driverExtraClassPath    null
[2025-04-03T18:44:23.488+0000] {spark_submit.py:649} INFO - driverExtraLibraryPath  null
[2025-04-03T18:44:23.489+0000] {spark_submit.py:649} INFO - driverExtraJavaOptions  null
[2025-04-03T18:44:23.490+0000] {spark_submit.py:649} INFO - supervise               false
[2025-04-03T18:44:23.490+0000] {spark_submit.py:649} INFO - queue                   root.default
[2025-04-03T18:44:23.491+0000] {spark_submit.py:649} INFO - numExecutors            null
[2025-04-03T18:44:23.492+0000] {spark_submit.py:649} INFO - files                   null
[2025-04-03T18:44:23.493+0000] {spark_submit.py:649} INFO - pyFiles                 null
[2025-04-03T18:44:23.493+0000] {spark_submit.py:649} INFO - archives                null
[2025-04-03T18:44:23.495+0000] {spark_submit.py:649} INFO - mainClass               null
[2025-04-03T18:44:23.496+0000] {spark_submit.py:649} INFO - primaryResource         file:/opt/spark-app/clean_yellow_tripdata.py
[2025-04-03T18:44:23.496+0000] {spark_submit.py:649} INFO - name                    arrow-spark
[2025-04-03T18:44:23.497+0000] {spark_submit.py:649} INFO - childArgs               []
[2025-04-03T18:44:23.498+0000] {spark_submit.py:649} INFO - jars                    null
[2025-04-03T18:44:23.499+0000] {spark_submit.py:649} INFO - packages                null
[2025-04-03T18:44:23.499+0000] {spark_submit.py:649} INFO - packagesExclusions      null
[2025-04-03T18:44:23.500+0000] {spark_submit.py:649} INFO - repositories            null
[2025-04-03T18:44:23.501+0000] {spark_submit.py:649} INFO - verbose                 true
[2025-04-03T18:44:23.502+0000] {spark_submit.py:649} INFO - 
[2025-04-03T18:44:23.502+0000] {spark_submit.py:649} INFO - Spark properties used, including those specified through
[2025-04-03T18:44:23.503+0000] {spark_submit.py:649} INFO - --conf and those from the properties file null:
[2025-04-03T18:44:23.504+0000] {spark_submit.py:649} INFO - 
[2025-04-03T18:44:23.506+0000] {spark_submit.py:649} INFO - 
[2025-04-03T18:44:23.506+0000] {spark_submit.py:649} INFO - 
[2025-04-03T18:44:23.874+0000] {spark_submit.py:649} INFO - Main class:
[2025-04-03T18:44:23.875+0000] {spark_submit.py:649} INFO - org.apache.spark.deploy.PythonRunner
[2025-04-03T18:44:23.876+0000] {spark_submit.py:649} INFO - Arguments:
[2025-04-03T18:44:23.876+0000] {spark_submit.py:649} INFO - file:/opt/spark-app/clean_yellow_tripdata.py
[2025-04-03T18:44:23.876+0000] {spark_submit.py:649} INFO - null
[2025-04-03T18:44:23.878+0000] {spark_submit.py:649} INFO - Spark config:
[2025-04-03T18:44:23.879+0000] {spark_submit.py:649} INFO - (spark.app.name,arrow-spark)
[2025-04-03T18:44:23.879+0000] {spark_submit.py:649} INFO - (spark.app.submitTime,1743705863851)
[2025-04-03T18:44:23.880+0000] {spark_submit.py:649} INFO - (spark.master,spark://spark-master:7077)
[2025-04-03T18:44:23.881+0000] {spark_submit.py:649} INFO - (spark.submit.deployMode,client)
[2025-04-03T18:44:23.881+0000] {spark_submit.py:649} INFO - (spark.submit.pyFiles,)
[2025-04-03T18:44:23.881+0000] {spark_submit.py:649} INFO - Classpath elements:
[2025-04-03T18:44:23.882+0000] {spark_submit.py:649} INFO - 
[2025-04-03T18:44:23.882+0000] {spark_submit.py:649} INFO - 
[2025-04-03T18:44:23.883+0000] {spark_submit.py:649} INFO - 
[2025-04-03T18:44:24.829+0000] {spark_submit.py:649} INFO - 25/04/03 18:44:24 INFO SparkContext: Running Spark version 3.5.0
[2025-04-03T18:44:24.831+0000] {spark_submit.py:649} INFO - 25/04/03 18:44:24 INFO SparkContext: OS info Linux, 5.15.167.4-microsoft-standard-WSL2, amd64
[2025-04-03T18:44:24.831+0000] {spark_submit.py:649} INFO - 25/04/03 18:44:24 INFO SparkContext: Java version 17.0.14
[2025-04-03T18:44:24.949+0000] {spark_submit.py:649} INFO - 25/04/03 18:44:24 WARN NativeCodeLoader: Unable to load native-hadoop library for your platform... using builtin-java classes where applicable
[2025-04-03T18:44:25.071+0000] {spark_submit.py:649} INFO - 25/04/03 18:44:25 INFO ResourceUtils: ==============================================================
[2025-04-03T18:44:25.072+0000] {spark_submit.py:649} INFO - 25/04/03 18:44:25 INFO ResourceUtils: No custom resources configured for spark.driver.
[2025-04-03T18:44:25.073+0000] {spark_submit.py:649} INFO - 25/04/03 18:44:25 INFO ResourceUtils: ==============================================================
[2025-04-03T18:44:25.074+0000] {spark_submit.py:649} INFO - 25/04/03 18:44:25 INFO SparkContext: Submitted application: CleanYellowData
[2025-04-03T18:44:25.108+0000] {spark_submit.py:649} INFO - 25/04/03 18:44:25 INFO ResourceProfile: Default ResourceProfile created, executor resources: Map(memory -> name: memory, amount: 1024, script: , vendor: , offHeap -> name: offHeap, amount: 0, script: , vendor: ), task resources: Map(cpus -> name: cpus, amount: 1.0)
[2025-04-03T18:44:25.120+0000] {spark_submit.py:649} INFO - 25/04/03 18:44:25 INFO ResourceProfile: Limiting resource is cpu
[2025-04-03T18:44:25.121+0000] {spark_submit.py:649} INFO - 25/04/03 18:44:25 INFO ResourceProfileManager: Added ResourceProfile id: 0
[2025-04-03T18:44:25.197+0000] {spark_submit.py:649} INFO - 25/04/03 18:44:25 INFO SecurityManager: Changing view acls to: airflow
[2025-04-03T18:44:25.200+0000] {spark_submit.py:649} INFO - 25/04/03 18:44:25 INFO SecurityManager: Changing modify acls to: airflow
[2025-04-03T18:44:25.202+0000] {spark_submit.py:649} INFO - 25/04/03 18:44:25 INFO SecurityManager: Changing view acls groups to:
[2025-04-03T18:44:25.203+0000] {spark_submit.py:649} INFO - 25/04/03 18:44:25 INFO SecurityManager: Changing modify acls groups to:
[2025-04-03T18:44:25.204+0000] {spark_submit.py:649} INFO - 25/04/03 18:44:25 INFO SecurityManager: SecurityManager: authentication disabled; ui acls disabled; users with view permissions: airflow; groups with view permissions: EMPTY; users with modify permissions: airflow; groups with modify permissions: EMPTY
[2025-04-03T18:44:25.524+0000] {spark_submit.py:649} INFO - 25/04/03 18:44:25 INFO Utils: Successfully started service 'sparkDriver' on port 32843.
[2025-04-03T18:44:25.574+0000] {spark_submit.py:649} INFO - 25/04/03 18:44:25 INFO SparkEnv: Registering MapOutputTracker
[2025-04-03T18:44:25.629+0000] {spark_submit.py:649} INFO - 25/04/03 18:44:25 INFO SparkEnv: Registering BlockManagerMaster
[2025-04-03T18:44:25.661+0000] {spark_submit.py:649} INFO - 25/04/03 18:44:25 INFO BlockManagerMasterEndpoint: Using org.apache.spark.storage.DefaultTopologyMapper for getting topology information
[2025-04-03T18:44:25.663+0000] {spark_submit.py:649} INFO - 25/04/03 18:44:25 INFO BlockManagerMasterEndpoint: BlockManagerMasterEndpoint up
[2025-04-03T18:44:25.671+0000] {spark_submit.py:649} INFO - 25/04/03 18:44:25 INFO SparkEnv: Registering BlockManagerMasterHeartbeat
[2025-04-03T18:44:25.719+0000] {spark_submit.py:649} INFO - 25/04/03 18:44:25 INFO DiskBlockManager: Created local directory at /tmp/blockmgr-453208f2-3321-4bff-ac7e-20b46c96e711
[2025-04-03T18:44:25.733+0000] {spark_submit.py:649} INFO - 25/04/03 18:44:25 INFO MemoryStore: MemoryStore started with capacity 434.4 MiB
[2025-04-03T18:44:25.751+0000] {spark_submit.py:649} INFO - 25/04/03 18:44:25 INFO SparkEnv: Registering OutputCommitCoordinator
[2025-04-03T18:44:25.896+0000] {spark_submit.py:649} INFO - 25/04/03 18:44:25 INFO JettyUtils: Start Jetty 0.0.0.0:4040 for SparkUI
[2025-04-03T18:44:25.969+0000] {spark_submit.py:649} INFO - 25/04/03 18:44:25 INFO Utils: Successfully started service 'SparkUI' on port 4040.
[2025-04-03T18:44:26.215+0000] {spark_submit.py:649} INFO - 25/04/03 18:44:26 INFO StandaloneAppClient$ClientEndpoint: Connecting to master spark://spark-master:7077...
[2025-04-03T18:44:26.275+0000] {spark_submit.py:649} INFO - 25/04/03 18:44:26 INFO TransportClientFactory: Successfully created connection to spark-master/172.24.0.5:7077 after 33 ms (0 ms spent in bootstraps)
[2025-04-03T18:44:26.409+0000] {spark_submit.py:649} INFO - 25/04/03 18:44:26 INFO StandaloneSchedulerBackend: Connected to Spark cluster with app ID app-20250403184426-0000
[2025-04-03T18:44:26.418+0000] {spark_submit.py:649} INFO - 25/04/03 18:44:26 INFO Utils: Successfully started service 'org.apache.spark.network.netty.NettyBlockTransferService' on port 45201.
[2025-04-03T18:44:26.419+0000] {spark_submit.py:649} INFO - 25/04/03 18:44:26 INFO NettyBlockTransferService: Server created on da62b05cac36:45201
[2025-04-03T18:44:26.421+0000] {spark_submit.py:649} INFO - 25/04/03 18:44:26 INFO BlockManager: Using org.apache.spark.storage.RandomBlockReplicationPolicy for block replication policy
[2025-04-03T18:44:26.430+0000] {spark_submit.py:649} INFO - 25/04/03 18:44:26 INFO StandaloneAppClient$ClientEndpoint: Executor added: app-20250403184426-0000/0 on worker-20250403184326-172.24.0.8-35463 (172.24.0.8:35463) with 16 core(s)
[2025-04-03T18:44:26.432+0000] {spark_submit.py:649} INFO - 25/04/03 18:44:26 INFO BlockManagerMaster: Registering BlockManager BlockManagerId(driver, da62b05cac36, 45201, None)
[2025-04-03T18:44:26.433+0000] {spark_submit.py:649} INFO - 25/04/03 18:44:26 INFO StandaloneSchedulerBackend: Granted executor ID app-20250403184426-0000/0 on hostPort 172.24.0.8:35463 with 16 core(s), 1024.0 MiB RAM
[2025-04-03T18:44:26.437+0000] {spark_submit.py:649} INFO - 25/04/03 18:44:26 INFO BlockManagerMasterEndpoint: Registering block manager da62b05cac36:45201 with 434.4 MiB RAM, BlockManagerId(driver, da62b05cac36, 45201, None)
[2025-04-03T18:44:26.439+0000] {spark_submit.py:649} INFO - 25/04/03 18:44:26 INFO BlockManagerMaster: Registered BlockManager BlockManagerId(driver, da62b05cac36, 45201, None)
[2025-04-03T18:44:26.440+0000] {spark_submit.py:649} INFO - 25/04/03 18:44:26 INFO BlockManager: Initialized BlockManager: BlockManagerId(driver, da62b05cac36, 45201, None)
[2025-04-03T18:44:26.642+0000] {spark_submit.py:649} INFO - 25/04/03 18:44:26 INFO StandaloneAppClient$ClientEndpoint: Executor updated: app-20250403184426-0000/0 is now RUNNING
[2025-04-03T18:44:26.829+0000] {spark_submit.py:649} INFO - 25/04/03 18:44:26 INFO StandaloneSchedulerBackend: SchedulerBackend is ready for scheduling beginning after reached minRegisteredResourcesRatio: 0.0
[2025-04-03T18:44:27.152+0000] {spark_submit.py:649} INFO - ✅ Spark session received from DAG
[2025-04-03T18:44:27.155+0000] {spark_submit.py:649} INFO - 📥 Reading raw data...
[2025-04-03T18:44:27.313+0000] {spark_submit.py:649} INFO - 25/04/03 18:44:27 INFO SharedState: Setting hive.metastore.warehouse.dir ('null') to the value of spark.sql.warehouse.dir.
[2025-04-03T18:44:27.327+0000] {spark_submit.py:649} INFO - 25/04/03 18:44:27 INFO SharedState: Warehouse path is 'file:/opt/airflow/spark-warehouse'.
[2025-04-03T18:44:28.483+0000] {spark_submit.py:649} INFO - 25/04/03 18:44:28 WARN FileStreamSink: Assume no metadata directory. Error while looking for metadata directory in the path: s3a://nyc-taxi/raw/yellow_tripdata_2023-01.parquet.
[2025-04-03T18:44:28.485+0000] {spark_submit.py:649} INFO - java.lang.RuntimeException: java.lang.ClassNotFoundException: Class org.apache.hadoop.fs.s3a.S3AFileSystem not found
[2025-04-03T18:44:28.485+0000] {spark_submit.py:649} INFO - at org.apache.hadoop.conf.Configuration.getClass(Configuration.java:2688)
[2025-04-03T18:44:28.486+0000] {spark_submit.py:649} INFO - at org.apache.hadoop.fs.FileSystem.getFileSystemClass(FileSystem.java:3431)
[2025-04-03T18:44:28.487+0000] {spark_submit.py:649} INFO - at org.apache.hadoop.fs.FileSystem.createFileSystem(FileSystem.java:3466)
[2025-04-03T18:44:28.488+0000] {spark_submit.py:649} INFO - at org.apache.hadoop.fs.FileSystem.access$300(FileSystem.java:174)
[2025-04-03T18:44:28.489+0000] {spark_submit.py:649} INFO - at org.apache.hadoop.fs.FileSystem$Cache.getInternal(FileSystem.java:3574)
[2025-04-03T18:44:28.489+0000] {spark_submit.py:649} INFO - at org.apache.hadoop.fs.FileSystem$Cache.get(FileSystem.java:3521)
[2025-04-03T18:44:28.490+0000] {spark_submit.py:649} INFO - at org.apache.hadoop.fs.FileSystem.get(FileSystem.java:540)
[2025-04-03T18:44:28.491+0000] {spark_submit.py:649} INFO - at org.apache.hadoop.fs.Path.getFileSystem(Path.java:365)
[2025-04-03T18:44:28.491+0000] {spark_submit.py:649} INFO - at org.apache.spark.sql.execution.streaming.FileStreamSink$.hasMetadata(FileStreamSink.scala:53)
[2025-04-03T18:44:28.492+0000] {spark_submit.py:649} INFO - at org.apache.spark.sql.execution.datasources.DataSource.resolveRelation(DataSource.scala:366)
[2025-04-03T18:44:28.493+0000] {spark_submit.py:649} INFO - at org.apache.spark.sql.DataFrameReader.loadV1Source(DataFrameReader.scala:229)
[2025-04-03T18:44:28.493+0000] {spark_submit.py:649} INFO - at org.apache.spark.sql.DataFrameReader.$anonfun$load$2(DataFrameReader.scala:211)
[2025-04-03T18:44:28.494+0000] {spark_submit.py:649} INFO - at scala.Option.getOrElse(Option.scala:189)
[2025-04-03T18:44:28.495+0000] {spark_submit.py:649} INFO - at org.apache.spark.sql.DataFrameReader.load(DataFrameReader.scala:211)
[2025-04-03T18:44:28.495+0000] {spark_submit.py:649} INFO - at org.apache.spark.sql.DataFrameReader.parquet(DataFrameReader.scala:563)
[2025-04-03T18:44:28.496+0000] {spark_submit.py:649} INFO - at java.base/jdk.internal.reflect.NativeMethodAccessorImpl.invoke0(Native Method)
[2025-04-03T18:44:28.497+0000] {spark_submit.py:649} INFO - at java.base/jdk.internal.reflect.NativeMethodAccessorImpl.invoke(NativeMethodAccessorImpl.java:77)
[2025-04-03T18:44:28.497+0000] {spark_submit.py:649} INFO - at java.base/jdk.internal.reflect.DelegatingMethodAccessorImpl.invoke(DelegatingMethodAccessorImpl.java:43)
[2025-04-03T18:44:28.498+0000] {spark_submit.py:649} INFO - at java.base/java.lang.reflect.Method.invoke(Method.java:569)
[2025-04-03T18:44:28.498+0000] {spark_submit.py:649} INFO - at py4j.reflection.MethodInvoker.invoke(MethodInvoker.java:244)
[2025-04-03T18:44:28.499+0000] {spark_submit.py:649} INFO - at py4j.reflection.ReflectionEngine.invoke(ReflectionEngine.java:374)
[2025-04-03T18:44:28.500+0000] {spark_submit.py:649} INFO - at py4j.Gateway.invoke(Gateway.java:282)
[2025-04-03T18:44:28.500+0000] {spark_submit.py:649} INFO - at py4j.commands.AbstractCommand.invokeMethod(AbstractCommand.java:132)
[2025-04-03T18:44:28.501+0000] {spark_submit.py:649} INFO - at py4j.commands.CallCommand.execute(CallCommand.java:79)
[2025-04-03T18:44:28.501+0000] {spark_submit.py:649} INFO - at py4j.ClientServerConnection.waitForCommands(ClientServerConnection.java:182)
[2025-04-03T18:44:28.502+0000] {spark_submit.py:649} INFO - at py4j.ClientServerConnection.run(ClientServerConnection.java:106)
[2025-04-03T18:44:28.502+0000] {spark_submit.py:649} INFO - at java.base/java.lang.Thread.run(Thread.java:840)
[2025-04-03T18:44:28.503+0000] {spark_submit.py:649} INFO - Caused by: java.lang.ClassNotFoundException: Class org.apache.hadoop.fs.s3a.S3AFileSystem not found
[2025-04-03T18:44:28.503+0000] {spark_submit.py:649} INFO - at org.apache.hadoop.conf.Configuration.getClassByName(Configuration.java:2592)
[2025-04-03T18:44:28.504+0000] {spark_submit.py:649} INFO - at org.apache.hadoop.conf.Configuration.getClass(Configuration.java:2686)
[2025-04-03T18:44:28.504+0000] {spark_submit.py:649} INFO - ... 26 more
[2025-04-03T18:44:28.545+0000] {spark_submit.py:649} INFO - Traceback (most recent call last):
[2025-04-03T18:44:28.546+0000] {spark_submit.py:649} INFO - File "/opt/spark-app/clean_yellow_tripdata.py", line 9, in <module>
[2025-04-03T18:44:28.549+0000] {spark_submit.py:649} INFO - clean_yellow_tripdata(spark)
[2025-04-03T18:44:28.550+0000] {spark_submit.py:649} INFO - File "/opt/pipeline/transform/clean_yellow_tripdata.py", line 9, in clean_yellow_tripdata
[2025-04-03T18:44:28.555+0000] {spark_submit.py:649} INFO - df = spark.read.parquet(raw_path)
[2025-04-03T18:44:28.555+0000] {spark_submit.py:649} INFO - File "/opt/spark/python/lib/pyspark.zip/pyspark/sql/readwriter.py", line 544, in parquet
[2025-04-03T18:44:28.556+0000] {spark_submit.py:649} INFO - File "/opt/spark/python/lib/py4j-0.10.9.7-src.zip/py4j/java_gateway.py", line 1322, in __call__
[2025-04-03T18:44:28.556+0000] {spark_submit.py:649} INFO - File "/opt/spark/python/lib/pyspark.zip/pyspark/errors/exceptions/captured.py", line 179, in deco
[2025-04-03T18:44:28.557+0000] {spark_submit.py:649} INFO - File "/opt/spark/python/lib/py4j-0.10.9.7-src.zip/py4j/protocol.py", line 326, in get_return_value
[2025-04-03T18:44:28.558+0000] {spark_submit.py:649} INFO - py4j.protocol.Py4JJavaError: An error occurred while calling o24.parquet.
[2025-04-03T18:44:28.559+0000] {spark_submit.py:649} INFO - : java.lang.RuntimeException: java.lang.ClassNotFoundException: Class org.apache.hadoop.fs.s3a.S3AFileSystem not found
[2025-04-03T18:44:28.560+0000] {spark_submit.py:649} INFO - at org.apache.hadoop.conf.Configuration.getClass(Configuration.java:2688)
[2025-04-03T18:44:28.560+0000] {spark_submit.py:649} INFO - at org.apache.hadoop.fs.FileSystem.getFileSystemClass(FileSystem.java:3431)
[2025-04-03T18:44:28.561+0000] {spark_submit.py:649} INFO - at org.apache.hadoop.fs.FileSystem.createFileSystem(FileSystem.java:3466)
[2025-04-03T18:44:28.561+0000] {spark_submit.py:649} INFO - at org.apache.hadoop.fs.FileSystem.access$300(FileSystem.java:174)
[2025-04-03T18:44:28.561+0000] {spark_submit.py:649} INFO - at org.apache.hadoop.fs.FileSystem$Cache.getInternal(FileSystem.java:3574)
[2025-04-03T18:44:28.562+0000] {spark_submit.py:649} INFO - at org.apache.hadoop.fs.FileSystem$Cache.get(FileSystem.java:3521)
[2025-04-03T18:44:28.562+0000] {spark_submit.py:649} INFO - at org.apache.hadoop.fs.FileSystem.get(FileSystem.java:540)
[2025-04-03T18:44:28.562+0000] {spark_submit.py:649} INFO - at org.apache.hadoop.fs.Path.getFileSystem(Path.java:365)
[2025-04-03T18:44:28.563+0000] {spark_submit.py:649} INFO - at org.apache.spark.sql.execution.datasources.DataSource$.$anonfun$checkAndGlobPathIfNecessary$1(DataSource.scala:724)
[2025-04-03T18:44:28.563+0000] {spark_submit.py:649} INFO - at scala.collection.immutable.List.map(List.scala:293)
[2025-04-03T18:44:28.564+0000] {spark_submit.py:649} INFO - at org.apache.spark.sql.execution.datasources.DataSource$.checkAndGlobPathIfNecessary(DataSource.scala:722)
[2025-04-03T18:44:28.564+0000] {spark_submit.py:649} INFO - at org.apache.spark.sql.execution.datasources.DataSource.checkAndGlobPathIfNecessary(DataSource.scala:551)
[2025-04-03T18:44:28.565+0000] {spark_submit.py:649} INFO - at org.apache.spark.sql.execution.datasources.DataSource.resolveRelation(DataSource.scala:404)
[2025-04-03T18:44:28.565+0000] {spark_submit.py:649} INFO - at org.apache.spark.sql.DataFrameReader.loadV1Source(DataFrameReader.scala:229)
[2025-04-03T18:44:28.566+0000] {spark_submit.py:649} INFO - at org.apache.spark.sql.DataFrameReader.$anonfun$load$2(DataFrameReader.scala:211)
[2025-04-03T18:44:28.566+0000] {spark_submit.py:649} INFO - at scala.Option.getOrElse(Option.scala:189)
[2025-04-03T18:44:28.567+0000] {spark_submit.py:649} INFO - at org.apache.spark.sql.DataFrameReader.load(DataFrameReader.scala:211)
[2025-04-03T18:44:28.567+0000] {spark_submit.py:649} INFO - at org.apache.spark.sql.DataFrameReader.parquet(DataFrameReader.scala:563)
[2025-04-03T18:44:28.568+0000] {spark_submit.py:649} INFO - at java.base/jdk.internal.reflect.NativeMethodAccessorImpl.invoke0(Native Method)
[2025-04-03T18:44:28.568+0000] {spark_submit.py:649} INFO - at java.base/jdk.internal.reflect.NativeMethodAccessorImpl.invoke(NativeMethodAccessorImpl.java:77)
[2025-04-03T18:44:28.569+0000] {spark_submit.py:649} INFO - at java.base/jdk.internal.reflect.DelegatingMethodAccessorImpl.invoke(DelegatingMethodAccessorImpl.java:43)
[2025-04-03T18:44:28.569+0000] {spark_submit.py:649} INFO - at java.base/java.lang.reflect.Method.invoke(Method.java:569)
[2025-04-03T18:44:28.570+0000] {spark_submit.py:649} INFO - at py4j.reflection.MethodInvoker.invoke(MethodInvoker.java:244)
[2025-04-03T18:44:28.570+0000] {spark_submit.py:649} INFO - at py4j.reflection.ReflectionEngine.invoke(ReflectionEngine.java:374)
[2025-04-03T18:44:28.571+0000] {spark_submit.py:649} INFO - at py4j.Gateway.invoke(Gateway.java:282)
[2025-04-03T18:44:28.571+0000] {spark_submit.py:649} INFO - at py4j.commands.AbstractCommand.invokeMethod(AbstractCommand.java:132)
[2025-04-03T18:44:28.572+0000] {spark_submit.py:649} INFO - at py4j.commands.CallCommand.execute(CallCommand.java:79)
[2025-04-03T18:44:28.572+0000] {spark_submit.py:649} INFO - at py4j.ClientServerConnection.waitForCommands(ClientServerConnection.java:182)
[2025-04-03T18:44:28.572+0000] {spark_submit.py:649} INFO - at py4j.ClientServerConnection.run(ClientServerConnection.java:106)
[2025-04-03T18:44:28.573+0000] {spark_submit.py:649} INFO - at java.base/java.lang.Thread.run(Thread.java:840)
[2025-04-03T18:44:28.573+0000] {spark_submit.py:649} INFO - Caused by: java.lang.ClassNotFoundException: Class org.apache.hadoop.fs.s3a.S3AFileSystem not found
[2025-04-03T18:44:28.574+0000] {spark_submit.py:649} INFO - at org.apache.hadoop.conf.Configuration.getClassByName(Configuration.java:2592)
[2025-04-03T18:44:28.574+0000] {spark_submit.py:649} INFO - at org.apache.hadoop.conf.Configuration.getClass(Configuration.java:2686)
[2025-04-03T18:44:28.575+0000] {spark_submit.py:649} INFO - ... 29 more
[2025-04-03T18:44:28.575+0000] {spark_submit.py:649} INFO - 
[2025-04-03T18:44:28.604+0000] {spark_submit.py:649} INFO - 25/04/03 18:44:28 INFO SparkContext: Invoking stop() from shutdown hook
[2025-04-03T18:44:28.606+0000] {spark_submit.py:649} INFO - 25/04/03 18:44:28 INFO SparkContext: SparkContext is stopping with exitCode 0.
[2025-04-03T18:44:28.615+0000] {spark_submit.py:649} INFO - 25/04/03 18:44:28 INFO SparkUI: Stopped Spark web UI at http://da62b05cac36:4040
[2025-04-03T18:44:28.618+0000] {spark_submit.py:649} INFO - 25/04/03 18:44:28 INFO StandaloneSchedulerBackend: Shutting down all executors
[2025-04-03T18:44:28.621+0000] {spark_submit.py:649} INFO - 25/04/03 18:44:28 INFO StandaloneSchedulerBackend$StandaloneDriverEndpoint: Asking each executor to shut down
[2025-04-03T18:44:28.640+0000] {spark_submit.py:649} INFO - 25/04/03 18:44:28 INFO MapOutputTrackerMasterEndpoint: MapOutputTrackerMasterEndpoint stopped!
[2025-04-03T18:44:28.662+0000] {spark_submit.py:649} INFO - 25/04/03 18:44:28 INFO MemoryStore: MemoryStore cleared
[2025-04-03T18:44:28.663+0000] {spark_submit.py:649} INFO - 25/04/03 18:44:28 INFO BlockManager: BlockManager stopped
[2025-04-03T18:44:28.668+0000] {spark_submit.py:649} INFO - 25/04/03 18:44:28 INFO BlockManagerMaster: BlockManagerMaster stopped
[2025-04-03T18:44:28.670+0000] {spark_submit.py:649} INFO - 25/04/03 18:44:28 INFO OutputCommitCoordinator$OutputCommitCoordinatorEndpoint: OutputCommitCoordinator stopped!
[2025-04-03T18:44:28.682+0000] {spark_submit.py:649} INFO - 25/04/03 18:44:28 INFO SparkContext: Successfully stopped SparkContext
[2025-04-03T18:44:28.683+0000] {spark_submit.py:649} INFO - 25/04/03 18:44:28 INFO ShutdownHookManager: Shutdown hook called
[2025-04-03T18:44:28.684+0000] {spark_submit.py:649} INFO - 25/04/03 18:44:28 INFO ShutdownHookManager: Deleting directory /tmp/spark-aa5d47ca-8fd6-4ac3-be8e-aa7939b5578a
[2025-04-03T18:44:28.689+0000] {spark_submit.py:649} INFO - 25/04/03 18:44:28 INFO ShutdownHookManager: Deleting directory /tmp/spark-ed38087d-b76e-42cc-a657-793b97199690
[2025-04-03T18:44:28.693+0000] {spark_submit.py:649} INFO - 25/04/03 18:44:28 INFO ShutdownHookManager: Deleting directory /tmp/spark-aa5d47ca-8fd6-4ac3-be8e-aa7939b5578a/pyspark-75b4f6c3-42e7-4385-a895-aa99e8556866
[2025-04-03T18:44:28.738+0000] {taskinstance.py:2698} ERROR - Task failed with exception
Traceback (most recent call last):
  File "/home/airflow/.local/lib/python3.8/site-packages/airflow/models/taskinstance.py", line 433, in _execute_task
    result = execute_callable(context=context, **execute_callable_kwargs)
  File "/home/airflow/.local/lib/python3.8/site-packages/airflow/providers/apache/spark/operators/spark_submit.py", line 176, in execute
    self._hook.submit(self.application)
  File "/home/airflow/.local/lib/python3.8/site-packages/airflow/providers/apache/spark/hooks/spark_submit.py", line 575, in submit
    raise AirflowException(
airflow.exceptions.AirflowException: Cannot execute: spark-submit --master spark://spark-master:7077 --name arrow-spark --verbose --queue root.default --deploy-mode client /opt/spark-app/clean_yellow_tripdata.py. Error code is: 1.
[2025-04-03T18:44:28.767+0000] {taskinstance.py:1138} INFO - Marking task as UP_FOR_RETRY. dag_id=full_pipeline_dag, task_id=clean_data_spark, execution_date=20250403T182015, start_date=20250403T184420, end_date=20250403T184428
[2025-04-03T18:44:28.899+0000] {standard_task_runner.py:107} ERROR - Failed to execute job 199 for task clean_data_spark (Cannot execute: spark-submit --master spark://spark-master:7077 --name arrow-spark --verbose --queue root.default --deploy-mode client /opt/spark-app/clean_yellow_tripdata.py. Error code is: 1.; 58)
[2025-04-03T18:44:28.907+0000] {local_task_job_runner.py:234} INFO - Task exited with return code 1
[2025-04-03T18:44:28.931+0000] {taskinstance.py:3280} INFO - 0 downstream tasks scheduled from follow-on schedule check
