[2025-04-03T18:50:16.547+0000] {taskinstance.py:1956} INFO - Dependencies all met for dep_context=non-requeueable deps ti=<TaskInstance: full_pipeline_dag.clean_data_spark manual__2025-04-03T18:20:15.390292+00:00 [queued]>
[2025-04-03T18:50:16.615+0000] {taskinstance.py:1956} INFO - Dependencies all met for dep_context=requeueable deps ti=<TaskInstance: full_pipeline_dag.clean_data_spark manual__2025-04-03T18:20:15.390292+00:00 [queued]>
[2025-04-03T18:50:16.616+0000] {taskinstance.py:2170} INFO - Starting attempt 8 of 9
[2025-04-03T18:50:16.687+0000] {taskinstance.py:2191} INFO - Executing <Task(SparkSubmitOperator): clean_data_spark> on 2025-04-03 18:20:15.390292+00:00
[2025-04-03T18:50:16.691+0000] {standard_task_runner.py:60} INFO - Started process 264 to run task
[2025-04-03T18:50:16.694+0000] {standard_task_runner.py:87} INFO - Running: ['airflow', 'tasks', 'run', 'full_pipeline_dag', 'clean_data_spark', 'manual__2025-04-03T18:20:15.390292+00:00', '--job-id', '204', '--raw', '--subdir', 'DAGS_FOLDER/full_pipeline_dag.py', '--cfg-path', '/tmp/tmpk9op9k3b']
[2025-04-03T18:50:16.697+0000] {standard_task_runner.py:88} INFO - Job 204: Subtask clean_data_spark
[2025-04-03T18:50:16.760+0000] {logging_mixin.py:188} WARNING - /home/airflow/.local/lib/python3.8/site-packages/airflow/settings.py:194 DeprecationWarning: The sql_alchemy_conn option in [core] has been moved to the sql_alchemy_conn option in [database] - the old setting has been used, but please update your config.
[2025-04-03T18:50:16.841+0000] {task_command.py:423} INFO - Running <TaskInstance: full_pipeline_dag.clean_data_spark manual__2025-04-03T18:20:15.390292+00:00 [running]> on host bed0eabd0c34
[2025-04-03T18:50:16.989+0000] {taskinstance.py:2480} INFO - Exporting env vars: AIRFLOW_CTX_DAG_OWNER='airflow' AIRFLOW_CTX_DAG_ID='full_pipeline_dag' AIRFLOW_CTX_TASK_ID='clean_data_spark' AIRFLOW_CTX_EXECUTION_DATE='2025-04-03T18:20:15.390292+00:00' AIRFLOW_CTX_TRY_NUMBER='8' AIRFLOW_CTX_DAG_RUN_ID='manual__2025-04-03T18:20:15.390292+00:00'
[2025-04-03T18:50:17.015+0000] {base.py:83} INFO - Using connection ID 'spark_default' for task execution.
[2025-04-03T18:50:17.018+0000] {spark_submit.py:473} INFO - Spark-Submit cmd: spark-submit --master spark://spark-master:7077 --name arrow-spark --verbose --queue root.default --deploy-mode client /opt/spark-app/clean_yellow_tripdata.py
[2025-04-03T18:50:18.502+0000] {spark_submit.py:649} INFO - Using properties file: null
[2025-04-03T18:50:18.614+0000] {spark_submit.py:649} INFO - Parsed arguments:
[2025-04-03T18:50:18.615+0000] {spark_submit.py:649} INFO - master                  spark://spark-master:7077
[2025-04-03T18:50:18.616+0000] {spark_submit.py:649} INFO - remote                  null
[2025-04-03T18:50:18.617+0000] {spark_submit.py:649} INFO - deployMode              client
[2025-04-03T18:50:18.617+0000] {spark_submit.py:649} INFO - executorMemory          null
[2025-04-03T18:50:18.618+0000] {spark_submit.py:649} INFO - executorCores           null
[2025-04-03T18:50:18.618+0000] {spark_submit.py:649} INFO - totalExecutorCores      null
[2025-04-03T18:50:18.619+0000] {spark_submit.py:649} INFO - propertiesFile          null
[2025-04-03T18:50:18.620+0000] {spark_submit.py:649} INFO - driverMemory            null
[2025-04-03T18:50:18.620+0000] {spark_submit.py:649} INFO - driverCores             null
[2025-04-03T18:50:18.621+0000] {spark_submit.py:649} INFO - driverExtraClassPath    null
[2025-04-03T18:50:18.622+0000] {spark_submit.py:649} INFO - driverExtraLibraryPath  null
[2025-04-03T18:50:18.622+0000] {spark_submit.py:649} INFO - driverExtraJavaOptions  null
[2025-04-03T18:50:18.623+0000] {spark_submit.py:649} INFO - supervise               false
[2025-04-03T18:50:18.623+0000] {spark_submit.py:649} INFO - queue                   root.default
[2025-04-03T18:50:18.624+0000] {spark_submit.py:649} INFO - numExecutors            null
[2025-04-03T18:50:18.624+0000] {spark_submit.py:649} INFO - files                   null
[2025-04-03T18:50:18.625+0000] {spark_submit.py:649} INFO - pyFiles                 null
[2025-04-03T18:50:18.625+0000] {spark_submit.py:649} INFO - archives                null
[2025-04-03T18:50:18.626+0000] {spark_submit.py:649} INFO - mainClass               null
[2025-04-03T18:50:18.626+0000] {spark_submit.py:649} INFO - primaryResource         file:/opt/spark-app/clean_yellow_tripdata.py
[2025-04-03T18:50:18.627+0000] {spark_submit.py:649} INFO - name                    arrow-spark
[2025-04-03T18:50:18.628+0000] {spark_submit.py:649} INFO - childArgs               []
[2025-04-03T18:50:18.628+0000] {spark_submit.py:649} INFO - jars                    null
[2025-04-03T18:50:18.629+0000] {spark_submit.py:649} INFO - packages                null
[2025-04-03T18:50:18.630+0000] {spark_submit.py:649} INFO - packagesExclusions      null
[2025-04-03T18:50:18.630+0000] {spark_submit.py:649} INFO - repositories            null
[2025-04-03T18:50:18.631+0000] {spark_submit.py:649} INFO - verbose                 true
[2025-04-03T18:50:18.631+0000] {spark_submit.py:649} INFO - 
[2025-04-03T18:50:18.632+0000] {spark_submit.py:649} INFO - Spark properties used, including those specified through
[2025-04-03T18:50:18.632+0000] {spark_submit.py:649} INFO - --conf and those from the properties file null:
[2025-04-03T18:50:18.633+0000] {spark_submit.py:649} INFO - 
[2025-04-03T18:50:18.633+0000] {spark_submit.py:649} INFO - 
[2025-04-03T18:50:18.634+0000] {spark_submit.py:649} INFO - 
[2025-04-03T18:50:18.894+0000] {spark_submit.py:649} INFO - Main class:
[2025-04-03T18:50:18.895+0000] {spark_submit.py:649} INFO - org.apache.spark.deploy.PythonRunner
[2025-04-03T18:50:18.896+0000] {spark_submit.py:649} INFO - Arguments:
[2025-04-03T18:50:18.896+0000] {spark_submit.py:649} INFO - file:/opt/spark-app/clean_yellow_tripdata.py
[2025-04-03T18:50:18.897+0000] {spark_submit.py:649} INFO - null
[2025-04-03T18:50:18.898+0000] {spark_submit.py:649} INFO - Spark config:
[2025-04-03T18:50:18.898+0000] {spark_submit.py:649} INFO - (spark.app.name,arrow-spark)
[2025-04-03T18:50:18.899+0000] {spark_submit.py:649} INFO - (spark.app.submitTime,1743706218871)
[2025-04-03T18:50:18.899+0000] {spark_submit.py:649} INFO - (spark.master,spark://spark-master:7077)
[2025-04-03T18:50:18.900+0000] {spark_submit.py:649} INFO - (spark.submit.deployMode,client)
[2025-04-03T18:50:18.900+0000] {spark_submit.py:649} INFO - (spark.submit.pyFiles,)
[2025-04-03T18:50:18.901+0000] {spark_submit.py:649} INFO - Classpath elements:
[2025-04-03T18:50:18.902+0000] {spark_submit.py:649} INFO - 
[2025-04-03T18:50:18.902+0000] {spark_submit.py:649} INFO - 
[2025-04-03T18:50:18.902+0000] {spark_submit.py:649} INFO - 
[2025-04-03T18:50:19.841+0000] {spark_submit.py:649} INFO - 25/04/03 18:50:19 INFO SparkContext: Running Spark version 3.5.0
[2025-04-03T18:50:19.842+0000] {spark_submit.py:649} INFO - 25/04/03 18:50:19 INFO SparkContext: OS info Linux, 5.15.167.4-microsoft-standard-WSL2, amd64
[2025-04-03T18:50:19.843+0000] {spark_submit.py:649} INFO - 25/04/03 18:50:19 INFO SparkContext: Java version 17.0.14
[2025-04-03T18:50:19.890+0000] {spark_submit.py:649} INFO - 25/04/03 18:50:19 WARN NativeCodeLoader: Unable to load native-hadoop library for your platform... using builtin-java classes where applicable
[2025-04-03T18:50:19.967+0000] {spark_submit.py:649} INFO - 25/04/03 18:50:19 INFO ResourceUtils: ==============================================================
[2025-04-03T18:50:19.968+0000] {spark_submit.py:649} INFO - 25/04/03 18:50:19 INFO ResourceUtils: No custom resources configured for spark.driver.
[2025-04-03T18:50:19.970+0000] {spark_submit.py:649} INFO - 25/04/03 18:50:19 INFO ResourceUtils: ==============================================================
[2025-04-03T18:50:19.971+0000] {spark_submit.py:649} INFO - 25/04/03 18:50:19 INFO SparkContext: Submitted application: CleanYellowData
[2025-04-03T18:50:19.991+0000] {spark_submit.py:649} INFO - 25/04/03 18:50:19 INFO ResourceProfile: Default ResourceProfile created, executor resources: Map(memory -> name: memory, amount: 1024, script: , vendor: , offHeap -> name: offHeap, amount: 0, script: , vendor: ), task resources: Map(cpus -> name: cpus, amount: 1.0)
[2025-04-03T18:50:20.014+0000] {spark_submit.py:649} INFO - 25/04/03 18:50:20 INFO ResourceProfile: Limiting resource is cpu
[2025-04-03T18:50:20.016+0000] {spark_submit.py:649} INFO - 25/04/03 18:50:20 INFO ResourceProfileManager: Added ResourceProfile id: 0
[2025-04-03T18:50:20.070+0000] {spark_submit.py:649} INFO - 25/04/03 18:50:20 INFO SecurityManager: Changing view acls to: airflow
[2025-04-03T18:50:20.071+0000] {spark_submit.py:649} INFO - 25/04/03 18:50:20 INFO SecurityManager: Changing modify acls to: airflow
[2025-04-03T18:50:20.072+0000] {spark_submit.py:649} INFO - 25/04/03 18:50:20 INFO SecurityManager: Changing view acls groups to:
[2025-04-03T18:50:20.073+0000] {spark_submit.py:649} INFO - 25/04/03 18:50:20 INFO SecurityManager: Changing modify acls groups to:
[2025-04-03T18:50:20.074+0000] {spark_submit.py:649} INFO - 25/04/03 18:50:20 INFO SecurityManager: SecurityManager: authentication disabled; ui acls disabled; users with view permissions: airflow; groups with view permissions: EMPTY; users with modify permissions: airflow; groups with modify permissions: EMPTY
[2025-04-03T18:50:20.311+0000] {spark_submit.py:649} INFO - 25/04/03 18:50:20 INFO Utils: Successfully started service 'sparkDriver' on port 41161.
[2025-04-03T18:50:20.336+0000] {spark_submit.py:649} INFO - 25/04/03 18:50:20 INFO SparkEnv: Registering MapOutputTracker
[2025-04-03T18:50:20.384+0000] {spark_submit.py:649} INFO - 25/04/03 18:50:20 INFO SparkEnv: Registering BlockManagerMaster
[2025-04-03T18:50:20.404+0000] {spark_submit.py:649} INFO - 25/04/03 18:50:20 INFO BlockManagerMasterEndpoint: Using org.apache.spark.storage.DefaultTopologyMapper for getting topology information
[2025-04-03T18:50:20.406+0000] {spark_submit.py:649} INFO - 25/04/03 18:50:20 INFO BlockManagerMasterEndpoint: BlockManagerMasterEndpoint up
[2025-04-03T18:50:20.411+0000] {spark_submit.py:649} INFO - 25/04/03 18:50:20 INFO SparkEnv: Registering BlockManagerMasterHeartbeat
[2025-04-03T18:50:20.434+0000] {spark_submit.py:649} INFO - 25/04/03 18:50:20 INFO DiskBlockManager: Created local directory at /tmp/blockmgr-83314bb0-73fd-47f8-81e2-a5ac8081ce3d
[2025-04-03T18:50:20.449+0000] {spark_submit.py:649} INFO - 25/04/03 18:50:20 INFO MemoryStore: MemoryStore started with capacity 434.4 MiB
[2025-04-03T18:50:20.469+0000] {spark_submit.py:649} INFO - 25/04/03 18:50:20 INFO SparkEnv: Registering OutputCommitCoordinator
[2025-04-03T18:50:20.624+0000] {spark_submit.py:649} INFO - 25/04/03 18:50:20 INFO JettyUtils: Start Jetty 0.0.0.0:4040 for SparkUI
[2025-04-03T18:50:20.705+0000] {spark_submit.py:649} INFO - 25/04/03 18:50:20 INFO Utils: Successfully started service 'SparkUI' on port 4040.
[2025-04-03T18:50:20.841+0000] {spark_submit.py:649} INFO - 25/04/03 18:50:20 INFO StandaloneAppClient$ClientEndpoint: Connecting to master spark://spark-master:7077...
[2025-04-03T18:50:20.886+0000] {spark_submit.py:649} INFO - 25/04/03 18:50:20 INFO TransportClientFactory: Successfully created connection to spark-master/172.24.0.5:7077 after 23 ms (0 ms spent in bootstraps)
[2025-04-03T18:50:20.977+0000] {spark_submit.py:649} INFO - 25/04/03 18:50:20 INFO StandaloneSchedulerBackend: Connected to Spark cluster with app ID app-20250403185020-0001
[2025-04-03T18:50:20.981+0000] {spark_submit.py:649} INFO - 25/04/03 18:50:20 INFO StandaloneAppClient$ClientEndpoint: Executor added: app-20250403185020-0001/0 on worker-20250403184828-172.24.0.7-36131 (172.24.0.7:36131) with 16 core(s)
[2025-04-03T18:50:20.987+0000] {spark_submit.py:649} INFO - 25/04/03 18:50:20 INFO StandaloneSchedulerBackend: Granted executor ID app-20250403185020-0001/0 on hostPort 172.24.0.7:36131 with 16 core(s), 1024.0 MiB RAM
[2025-04-03T18:50:20.993+0000] {spark_submit.py:649} INFO - 25/04/03 18:50:20 INFO Utils: Successfully started service 'org.apache.spark.network.netty.NettyBlockTransferService' on port 41607.
[2025-04-03T18:50:20.994+0000] {spark_submit.py:649} INFO - 25/04/03 18:50:20 INFO NettyBlockTransferService: Server created on bed0eabd0c34:41607
[2025-04-03T18:50:20.996+0000] {spark_submit.py:649} INFO - 25/04/03 18:50:20 INFO BlockManager: Using org.apache.spark.storage.RandomBlockReplicationPolicy for block replication policy
[2025-04-03T18:50:21.005+0000] {spark_submit.py:649} INFO - 25/04/03 18:50:21 INFO BlockManagerMaster: Registering BlockManager BlockManagerId(driver, bed0eabd0c34, 41607, None)
[2025-04-03T18:50:21.014+0000] {spark_submit.py:649} INFO - 25/04/03 18:50:21 INFO BlockManagerMasterEndpoint: Registering block manager bed0eabd0c34:41607 with 434.4 MiB RAM, BlockManagerId(driver, bed0eabd0c34, 41607, None)
[2025-04-03T18:50:21.021+0000] {spark_submit.py:649} INFO - 25/04/03 18:50:21 INFO BlockManagerMaster: Registered BlockManager BlockManagerId(driver, bed0eabd0c34, 41607, None)
[2025-04-03T18:50:21.024+0000] {spark_submit.py:649} INFO - 25/04/03 18:50:21 INFO BlockManager: Initialized BlockManager: BlockManagerId(driver, bed0eabd0c34, 41607, None)
[2025-04-03T18:50:21.063+0000] {spark_submit.py:649} INFO - 25/04/03 18:50:21 INFO StandaloneAppClient$ClientEndpoint: Executor updated: app-20250403185020-0001/0 is now RUNNING
[2025-04-03T18:50:21.426+0000] {spark_submit.py:649} INFO - 25/04/03 18:50:21 INFO StandaloneSchedulerBackend: SchedulerBackend is ready for scheduling beginning after reached minRegisteredResourcesRatio: 0.0
[2025-04-03T18:50:21.755+0000] {spark_submit.py:649} INFO - ✅ Spark session received from DAG
[2025-04-03T18:50:21.756+0000] {spark_submit.py:649} INFO - 📥 Reading raw data...
[2025-04-03T18:50:21.906+0000] {spark_submit.py:649} INFO - 25/04/03 18:50:21 INFO SharedState: Setting hive.metastore.warehouse.dir ('null') to the value of spark.sql.warehouse.dir.
[2025-04-03T18:50:21.922+0000] {spark_submit.py:649} INFO - 25/04/03 18:50:21 INFO SharedState: Warehouse path is 'file:/opt/airflow/spark-warehouse'.
[2025-04-03T18:50:22.726+0000] {spark_submit.py:649} INFO - 25/04/03 18:50:22 WARN FileStreamSink: Assume no metadata directory. Error while looking for metadata directory in the path: s3a://nyc-taxi/raw/yellow_tripdata_2023-01.parquet.
[2025-04-03T18:50:22.727+0000] {spark_submit.py:649} INFO - java.lang.RuntimeException: java.lang.ClassNotFoundException: Class org.apache.hadoop.fs.s3a.S3AFileSystem not found
[2025-04-03T18:50:22.728+0000] {spark_submit.py:649} INFO - at org.apache.hadoop.conf.Configuration.getClass(Configuration.java:2688)
[2025-04-03T18:50:22.729+0000] {spark_submit.py:649} INFO - at org.apache.hadoop.fs.FileSystem.getFileSystemClass(FileSystem.java:3431)
[2025-04-03T18:50:22.730+0000] {spark_submit.py:649} INFO - at org.apache.hadoop.fs.FileSystem.createFileSystem(FileSystem.java:3466)
[2025-04-03T18:50:22.730+0000] {spark_submit.py:649} INFO - at org.apache.hadoop.fs.FileSystem.access$300(FileSystem.java:174)
[2025-04-03T18:50:22.731+0000] {spark_submit.py:649} INFO - at org.apache.hadoop.fs.FileSystem$Cache.getInternal(FileSystem.java:3574)
[2025-04-03T18:50:22.731+0000] {spark_submit.py:649} INFO - at org.apache.hadoop.fs.FileSystem$Cache.get(FileSystem.java:3521)
[2025-04-03T18:50:22.732+0000] {spark_submit.py:649} INFO - at org.apache.hadoop.fs.FileSystem.get(FileSystem.java:540)
[2025-04-03T18:50:22.732+0000] {spark_submit.py:649} INFO - at org.apache.hadoop.fs.Path.getFileSystem(Path.java:365)
[2025-04-03T18:50:22.733+0000] {spark_submit.py:649} INFO - at org.apache.spark.sql.execution.streaming.FileStreamSink$.hasMetadata(FileStreamSink.scala:53)
[2025-04-03T18:50:22.733+0000] {spark_submit.py:649} INFO - at org.apache.spark.sql.execution.datasources.DataSource.resolveRelation(DataSource.scala:366)
[2025-04-03T18:50:22.734+0000] {spark_submit.py:649} INFO - at org.apache.spark.sql.DataFrameReader.loadV1Source(DataFrameReader.scala:229)
[2025-04-03T18:50:22.734+0000] {spark_submit.py:649} INFO - at org.apache.spark.sql.DataFrameReader.$anonfun$load$2(DataFrameReader.scala:211)
[2025-04-03T18:50:22.735+0000] {spark_submit.py:649} INFO - at scala.Option.getOrElse(Option.scala:189)
[2025-04-03T18:50:22.735+0000] {spark_submit.py:649} INFO - at org.apache.spark.sql.DataFrameReader.load(DataFrameReader.scala:211)
[2025-04-03T18:50:22.736+0000] {spark_submit.py:649} INFO - at org.apache.spark.sql.DataFrameReader.parquet(DataFrameReader.scala:563)
[2025-04-03T18:50:22.736+0000] {spark_submit.py:649} INFO - at java.base/jdk.internal.reflect.NativeMethodAccessorImpl.invoke0(Native Method)
[2025-04-03T18:50:22.737+0000] {spark_submit.py:649} INFO - at java.base/jdk.internal.reflect.NativeMethodAccessorImpl.invoke(NativeMethodAccessorImpl.java:77)
[2025-04-03T18:50:22.737+0000] {spark_submit.py:649} INFO - at java.base/jdk.internal.reflect.DelegatingMethodAccessorImpl.invoke(DelegatingMethodAccessorImpl.java:43)
[2025-04-03T18:50:22.738+0000] {spark_submit.py:649} INFO - at java.base/java.lang.reflect.Method.invoke(Method.java:569)
[2025-04-03T18:50:22.738+0000] {spark_submit.py:649} INFO - at py4j.reflection.MethodInvoker.invoke(MethodInvoker.java:244)
[2025-04-03T18:50:22.739+0000] {spark_submit.py:649} INFO - at py4j.reflection.ReflectionEngine.invoke(ReflectionEngine.java:374)
[2025-04-03T18:50:22.740+0000] {spark_submit.py:649} INFO - at py4j.Gateway.invoke(Gateway.java:282)
[2025-04-03T18:50:22.740+0000] {spark_submit.py:649} INFO - at py4j.commands.AbstractCommand.invokeMethod(AbstractCommand.java:132)
[2025-04-03T18:50:22.741+0000] {spark_submit.py:649} INFO - at py4j.commands.CallCommand.execute(CallCommand.java:79)
[2025-04-03T18:50:22.742+0000] {spark_submit.py:649} INFO - at py4j.ClientServerConnection.waitForCommands(ClientServerConnection.java:182)
[2025-04-03T18:50:22.742+0000] {spark_submit.py:649} INFO - at py4j.ClientServerConnection.run(ClientServerConnection.java:106)
[2025-04-03T18:50:22.743+0000] {spark_submit.py:649} INFO - at java.base/java.lang.Thread.run(Thread.java:840)
[2025-04-03T18:50:22.743+0000] {spark_submit.py:649} INFO - Caused by: java.lang.ClassNotFoundException: Class org.apache.hadoop.fs.s3a.S3AFileSystem not found
[2025-04-03T18:50:22.744+0000] {spark_submit.py:649} INFO - at org.apache.hadoop.conf.Configuration.getClassByName(Configuration.java:2592)
[2025-04-03T18:50:22.744+0000] {spark_submit.py:649} INFO - at org.apache.hadoop.conf.Configuration.getClass(Configuration.java:2686)
[2025-04-03T18:50:22.745+0000] {spark_submit.py:649} INFO - ... 26 more
[2025-04-03T18:50:22.838+0000] {spark_submit.py:649} INFO - Traceback (most recent call last):
[2025-04-03T18:50:22.839+0000] {spark_submit.py:649} INFO - File "/opt/spark-app/clean_yellow_tripdata.py", line 9, in <module>
[2025-04-03T18:50:22.843+0000] {spark_submit.py:649} INFO - clean_yellow_tripdata(spark)
[2025-04-03T18:50:22.844+0000] {spark_submit.py:649} INFO - File "/opt/pipeline/transform/clean_yellow_tripdata.py", line 9, in clean_yellow_tripdata
[2025-04-03T18:50:22.849+0000] {spark_submit.py:649} INFO - df = spark.read.parquet(raw_path)
[2025-04-03T18:50:22.850+0000] {spark_submit.py:649} INFO - File "/opt/spark/python/lib/pyspark.zip/pyspark/sql/readwriter.py", line 544, in parquet
[2025-04-03T18:50:22.850+0000] {spark_submit.py:649} INFO - File "/opt/spark/python/lib/py4j-0.10.9.7-src.zip/py4j/java_gateway.py", line 1322, in __call__
[2025-04-03T18:50:22.851+0000] {spark_submit.py:649} INFO - File "/opt/spark/python/lib/pyspark.zip/pyspark/errors/exceptions/captured.py", line 179, in deco
[2025-04-03T18:50:22.852+0000] {spark_submit.py:649} INFO - File "/opt/spark/python/lib/py4j-0.10.9.7-src.zip/py4j/protocol.py", line 326, in get_return_value
[2025-04-03T18:50:22.854+0000] {spark_submit.py:649} INFO - py4j.protocol.Py4JJavaError: An error occurred while calling o24.parquet.
[2025-04-03T18:50:22.855+0000] {spark_submit.py:649} INFO - : java.lang.RuntimeException: java.lang.ClassNotFoundException: Class org.apache.hadoop.fs.s3a.S3AFileSystem not found
[2025-04-03T18:50:22.855+0000] {spark_submit.py:649} INFO - at org.apache.hadoop.conf.Configuration.getClass(Configuration.java:2688)
[2025-04-03T18:50:22.856+0000] {spark_submit.py:649} INFO - at org.apache.hadoop.fs.FileSystem.getFileSystemClass(FileSystem.java:3431)
[2025-04-03T18:50:22.856+0000] {spark_submit.py:649} INFO - at org.apache.hadoop.fs.FileSystem.createFileSystem(FileSystem.java:3466)
[2025-04-03T18:50:22.857+0000] {spark_submit.py:649} INFO - at org.apache.hadoop.fs.FileSystem.access$300(FileSystem.java:174)
[2025-04-03T18:50:22.858+0000] {spark_submit.py:649} INFO - at org.apache.hadoop.fs.FileSystem$Cache.getInternal(FileSystem.java:3574)
[2025-04-03T18:50:22.858+0000] {spark_submit.py:649} INFO - at org.apache.hadoop.fs.FileSystem$Cache.get(FileSystem.java:3521)
[2025-04-03T18:50:22.859+0000] {spark_submit.py:649} INFO - at org.apache.hadoop.fs.FileSystem.get(FileSystem.java:540)
[2025-04-03T18:50:22.860+0000] {spark_submit.py:649} INFO - at org.apache.hadoop.fs.Path.getFileSystem(Path.java:365)
[2025-04-03T18:50:22.860+0000] {spark_submit.py:649} INFO - at org.apache.spark.sql.execution.datasources.DataSource$.$anonfun$checkAndGlobPathIfNecessary$1(DataSource.scala:724)
[2025-04-03T18:50:22.861+0000] {spark_submit.py:649} INFO - at scala.collection.immutable.List.map(List.scala:293)
[2025-04-03T18:50:22.861+0000] {spark_submit.py:649} INFO - at org.apache.spark.sql.execution.datasources.DataSource$.checkAndGlobPathIfNecessary(DataSource.scala:722)
[2025-04-03T18:50:22.862+0000] {spark_submit.py:649} INFO - at org.apache.spark.sql.execution.datasources.DataSource.checkAndGlobPathIfNecessary(DataSource.scala:551)
[2025-04-03T18:50:22.862+0000] {spark_submit.py:649} INFO - at org.apache.spark.sql.execution.datasources.DataSource.resolveRelation(DataSource.scala:404)
[2025-04-03T18:50:22.863+0000] {spark_submit.py:649} INFO - at org.apache.spark.sql.DataFrameReader.loadV1Source(DataFrameReader.scala:229)
[2025-04-03T18:50:22.863+0000] {spark_submit.py:649} INFO - at org.apache.spark.sql.DataFrameReader.$anonfun$load$2(DataFrameReader.scala:211)
[2025-04-03T18:50:22.864+0000] {spark_submit.py:649} INFO - at scala.Option.getOrElse(Option.scala:189)
[2025-04-03T18:50:22.864+0000] {spark_submit.py:649} INFO - at org.apache.spark.sql.DataFrameReader.load(DataFrameReader.scala:211)
[2025-04-03T18:50:22.865+0000] {spark_submit.py:649} INFO - at org.apache.spark.sql.DataFrameReader.parquet(DataFrameReader.scala:563)
[2025-04-03T18:50:22.865+0000] {spark_submit.py:649} INFO - at java.base/jdk.internal.reflect.NativeMethodAccessorImpl.invoke0(Native Method)
[2025-04-03T18:50:22.866+0000] {spark_submit.py:649} INFO - at java.base/jdk.internal.reflect.NativeMethodAccessorImpl.invoke(NativeMethodAccessorImpl.java:77)
[2025-04-03T18:50:22.866+0000] {spark_submit.py:649} INFO - at java.base/jdk.internal.reflect.DelegatingMethodAccessorImpl.invoke(DelegatingMethodAccessorImpl.java:43)
[2025-04-03T18:50:22.867+0000] {spark_submit.py:649} INFO - at java.base/java.lang.reflect.Method.invoke(Method.java:569)
[2025-04-03T18:50:22.868+0000] {spark_submit.py:649} INFO - at py4j.reflection.MethodInvoker.invoke(MethodInvoker.java:244)
[2025-04-03T18:50:22.868+0000] {spark_submit.py:649} INFO - at py4j.reflection.ReflectionEngine.invoke(ReflectionEngine.java:374)
[2025-04-03T18:50:22.869+0000] {spark_submit.py:649} INFO - at py4j.Gateway.invoke(Gateway.java:282)
[2025-04-03T18:50:22.870+0000] {spark_submit.py:649} INFO - at py4j.commands.AbstractCommand.invokeMethod(AbstractCommand.java:132)
[2025-04-03T18:50:22.870+0000] {spark_submit.py:649} INFO - at py4j.commands.CallCommand.execute(CallCommand.java:79)
[2025-04-03T18:50:22.871+0000] {spark_submit.py:649} INFO - at py4j.ClientServerConnection.waitForCommands(ClientServerConnection.java:182)
[2025-04-03T18:50:22.871+0000] {spark_submit.py:649} INFO - at py4j.ClientServerConnection.run(ClientServerConnection.java:106)
[2025-04-03T18:50:22.872+0000] {spark_submit.py:649} INFO - at java.base/java.lang.Thread.run(Thread.java:840)
[2025-04-03T18:50:22.872+0000] {spark_submit.py:649} INFO - Caused by: java.lang.ClassNotFoundException: Class org.apache.hadoop.fs.s3a.S3AFileSystem not found
[2025-04-03T18:50:22.873+0000] {spark_submit.py:649} INFO - at org.apache.hadoop.conf.Configuration.getClassByName(Configuration.java:2592)
[2025-04-03T18:50:22.873+0000] {spark_submit.py:649} INFO - at org.apache.hadoop.conf.Configuration.getClass(Configuration.java:2686)
[2025-04-03T18:50:22.874+0000] {spark_submit.py:649} INFO - ... 29 more
[2025-04-03T18:50:22.875+0000] {spark_submit.py:649} INFO - 
[2025-04-03T18:50:22.928+0000] {spark_submit.py:649} INFO - 25/04/03 18:50:22 INFO SparkContext: Invoking stop() from shutdown hook
[2025-04-03T18:50:22.929+0000] {spark_submit.py:649} INFO - 25/04/03 18:50:22 INFO SparkContext: SparkContext is stopping with exitCode 0.
[2025-04-03T18:50:22.949+0000] {spark_submit.py:649} INFO - 25/04/03 18:50:22 INFO SparkUI: Stopped Spark web UI at http://bed0eabd0c34:4040
[2025-04-03T18:50:22.955+0000] {spark_submit.py:649} INFO - 25/04/03 18:50:22 INFO StandaloneSchedulerBackend: Shutting down all executors
[2025-04-03T18:50:22.960+0000] {spark_submit.py:649} INFO - 25/04/03 18:50:22 INFO StandaloneSchedulerBackend$StandaloneDriverEndpoint: Asking each executor to shut down
[2025-04-03T18:50:22.980+0000] {spark_submit.py:649} INFO - 25/04/03 18:50:22 INFO MapOutputTrackerMasterEndpoint: MapOutputTrackerMasterEndpoint stopped!
[2025-04-03T18:50:22.993+0000] {spark_submit.py:649} INFO - 25/04/03 18:50:22 INFO MemoryStore: MemoryStore cleared
[2025-04-03T18:50:22.994+0000] {spark_submit.py:649} INFO - 25/04/03 18:50:22 INFO BlockManager: BlockManager stopped
[2025-04-03T18:50:22.999+0000] {spark_submit.py:649} INFO - 25/04/03 18:50:22 INFO BlockManagerMaster: BlockManagerMaster stopped
[2025-04-03T18:50:23.001+0000] {spark_submit.py:649} INFO - 25/04/03 18:50:23 INFO OutputCommitCoordinator$OutputCommitCoordinatorEndpoint: OutputCommitCoordinator stopped!
[2025-04-03T18:50:23.014+0000] {spark_submit.py:649} INFO - 25/04/03 18:50:23 INFO SparkContext: Successfully stopped SparkContext
[2025-04-03T18:50:23.015+0000] {spark_submit.py:649} INFO - 25/04/03 18:50:23 INFO ShutdownHookManager: Shutdown hook called
[2025-04-03T18:50:23.015+0000] {spark_submit.py:649} INFO - 25/04/03 18:50:23 INFO ShutdownHookManager: Deleting directory /tmp/spark-8aa16b25-0bdb-4dd5-af3a-78aa4c2a3dc3/pyspark-cc0bf505-a6fe-4746-b17a-54b4051df85e
[2025-04-03T18:50:23.018+0000] {spark_submit.py:649} INFO - 25/04/03 18:50:23 INFO ShutdownHookManager: Deleting directory /tmp/spark-93717c9c-4375-45e3-a593-3c61051fcce7
[2025-04-03T18:50:23.021+0000] {spark_submit.py:649} INFO - 25/04/03 18:50:23 INFO ShutdownHookManager: Deleting directory /tmp/spark-8aa16b25-0bdb-4dd5-af3a-78aa4c2a3dc3
[2025-04-03T18:50:23.065+0000] {taskinstance.py:2698} ERROR - Task failed with exception
Traceback (most recent call last):
  File "/home/airflow/.local/lib/python3.8/site-packages/airflow/models/taskinstance.py", line 433, in _execute_task
    result = execute_callable(context=context, **execute_callable_kwargs)
  File "/home/airflow/.local/lib/python3.8/site-packages/airflow/providers/apache/spark/operators/spark_submit.py", line 176, in execute
    self._hook.submit(self.application)
  File "/home/airflow/.local/lib/python3.8/site-packages/airflow/providers/apache/spark/hooks/spark_submit.py", line 575, in submit
    raise AirflowException(
airflow.exceptions.AirflowException: Cannot execute: spark-submit --master spark://spark-master:7077 --name arrow-spark --verbose --queue root.default --deploy-mode client /opt/spark-app/clean_yellow_tripdata.py. Error code is: 1.
[2025-04-03T18:50:23.069+0000] {taskinstance.py:1138} INFO - Marking task as UP_FOR_RETRY. dag_id=full_pipeline_dag, task_id=clean_data_spark, execution_date=20250403T182015, start_date=20250403T185016, end_date=20250403T185023
[2025-04-03T18:50:23.267+0000] {standard_task_runner.py:107} ERROR - Failed to execute job 204 for task clean_data_spark (Cannot execute: spark-submit --master spark://spark-master:7077 --name arrow-spark --verbose --queue root.default --deploy-mode client /opt/spark-app/clean_yellow_tripdata.py. Error code is: 1.; 264)
[2025-04-03T18:50:23.307+0000] {local_task_job_runner.py:234} INFO - Task exited with return code 1
[2025-04-03T18:50:23.351+0000] {taskinstance.py:3280} INFO - 0 downstream tasks scheduled from follow-on schedule check
