[2025-04-03T18:46:42.076+0000] {taskinstance.py:1956} INFO - Dependencies all met for dep_context=non-requeueable deps ti=<TaskInstance: full_pipeline_dag.clean_data_spark manual__2025-04-03T18:20:15.390292+00:00 [queued]>
[2025-04-03T18:46:42.097+0000] {taskinstance.py:1956} INFO - Dependencies all met for dep_context=requeueable deps ti=<TaskInstance: full_pipeline_dag.clean_data_spark manual__2025-04-03T18:20:15.390292+00:00 [queued]>
[2025-04-03T18:46:42.098+0000] {taskinstance.py:2170} INFO - Starting attempt 6 of 6
[2025-04-03T18:46:42.150+0000] {taskinstance.py:2191} INFO - Executing <Task(SparkSubmitOperator): clean_data_spark> on 2025-04-03 18:20:15.390292+00:00
[2025-04-03T18:46:42.155+0000] {standard_task_runner.py:60} INFO - Started process 480 to run task
[2025-04-03T18:46:42.158+0000] {standard_task_runner.py:87} INFO - Running: ['airflow', 'tasks', 'run', 'full_pipeline_dag', 'clean_data_spark', 'manual__2025-04-03T18:20:15.390292+00:00', '--job-id', '201', '--raw', '--subdir', 'DAGS_FOLDER/full_pipeline_dag.py', '--cfg-path', '/tmp/tmpk0mxa2p8']
[2025-04-03T18:46:42.160+0000] {standard_task_runner.py:88} INFO - Job 201: Subtask clean_data_spark
[2025-04-03T18:46:42.210+0000] {logging_mixin.py:188} WARNING - /home/airflow/.local/lib/python3.8/site-packages/airflow/settings.py:194 DeprecationWarning: The sql_alchemy_conn option in [core] has been moved to the sql_alchemy_conn option in [database] - the old setting has been used, but please update your config.
[2025-04-03T18:46:42.307+0000] {task_command.py:423} INFO - Running <TaskInstance: full_pipeline_dag.clean_data_spark manual__2025-04-03T18:20:15.390292+00:00 [running]> on host da62b05cac36
[2025-04-03T18:46:42.503+0000] {taskinstance.py:2480} INFO - Exporting env vars: AIRFLOW_CTX_DAG_OWNER='airflow' AIRFLOW_CTX_DAG_ID='full_pipeline_dag' AIRFLOW_CTX_TASK_ID='clean_data_spark' AIRFLOW_CTX_EXECUTION_DATE='2025-04-03T18:20:15.390292+00:00' AIRFLOW_CTX_TRY_NUMBER='6' AIRFLOW_CTX_DAG_RUN_ID='manual__2025-04-03T18:20:15.390292+00:00'
[2025-04-03T18:46:42.523+0000] {base.py:83} INFO - Using connection ID 'spark_default' for task execution.
[2025-04-03T18:46:42.525+0000] {spark_submit.py:473} INFO - Spark-Submit cmd: spark-submit --master spark://spark-master:7077 --name arrow-spark --verbose --queue root.default --deploy-mode client /opt/spark-app/clean_yellow_tripdata.py
[2025-04-03T18:46:43.991+0000] {spark_submit.py:649} INFO - Using properties file: null
[2025-04-03T18:46:44.130+0000] {spark_submit.py:649} INFO - Parsed arguments:
[2025-04-03T18:46:44.131+0000] {spark_submit.py:649} INFO - master                  spark://spark-master:7077
[2025-04-03T18:46:44.131+0000] {spark_submit.py:649} INFO - remote                  null
[2025-04-03T18:46:44.132+0000] {spark_submit.py:649} INFO - deployMode              client
[2025-04-03T18:46:44.132+0000] {spark_submit.py:649} INFO - executorMemory          null
[2025-04-03T18:46:44.133+0000] {spark_submit.py:649} INFO - executorCores           null
[2025-04-03T18:46:44.133+0000] {spark_submit.py:649} INFO - totalExecutorCores      null
[2025-04-03T18:46:44.134+0000] {spark_submit.py:649} INFO - propertiesFile          null
[2025-04-03T18:46:44.135+0000] {spark_submit.py:649} INFO - driverMemory            null
[2025-04-03T18:46:44.135+0000] {spark_submit.py:649} INFO - driverCores             null
[2025-04-03T18:46:44.136+0000] {spark_submit.py:649} INFO - driverExtraClassPath    null
[2025-04-03T18:46:44.136+0000] {spark_submit.py:649} INFO - driverExtraLibraryPath  null
[2025-04-03T18:46:44.137+0000] {spark_submit.py:649} INFO - driverExtraJavaOptions  null
[2025-04-03T18:46:44.137+0000] {spark_submit.py:649} INFO - supervise               false
[2025-04-03T18:46:44.138+0000] {spark_submit.py:649} INFO - queue                   root.default
[2025-04-03T18:46:44.138+0000] {spark_submit.py:649} INFO - numExecutors            null
[2025-04-03T18:46:44.139+0000] {spark_submit.py:649} INFO - files                   null
[2025-04-03T18:46:44.139+0000] {spark_submit.py:649} INFO - pyFiles                 null
[2025-04-03T18:46:44.140+0000] {spark_submit.py:649} INFO - archives                null
[2025-04-03T18:46:44.140+0000] {spark_submit.py:649} INFO - mainClass               null
[2025-04-03T18:46:44.141+0000] {spark_submit.py:649} INFO - primaryResource         file:/opt/spark-app/clean_yellow_tripdata.py
[2025-04-03T18:46:44.141+0000] {spark_submit.py:649} INFO - name                    arrow-spark
[2025-04-03T18:46:44.142+0000] {spark_submit.py:649} INFO - childArgs               []
[2025-04-03T18:46:44.142+0000] {spark_submit.py:649} INFO - jars                    null
[2025-04-03T18:46:44.143+0000] {spark_submit.py:649} INFO - packages                null
[2025-04-03T18:46:44.143+0000] {spark_submit.py:649} INFO - packagesExclusions      null
[2025-04-03T18:46:44.144+0000] {spark_submit.py:649} INFO - repositories            null
[2025-04-03T18:46:44.144+0000] {spark_submit.py:649} INFO - verbose                 true
[2025-04-03T18:46:44.145+0000] {spark_submit.py:649} INFO - 
[2025-04-03T18:46:44.145+0000] {spark_submit.py:649} INFO - Spark properties used, including those specified through
[2025-04-03T18:46:44.146+0000] {spark_submit.py:649} INFO - --conf and those from the properties file null:
[2025-04-03T18:46:44.146+0000] {spark_submit.py:649} INFO - 
[2025-04-03T18:46:44.147+0000] {spark_submit.py:649} INFO - 
[2025-04-03T18:46:44.148+0000] {spark_submit.py:649} INFO - 
[2025-04-03T18:46:44.426+0000] {spark_submit.py:649} INFO - Main class:
[2025-04-03T18:46:44.428+0000] {spark_submit.py:649} INFO - org.apache.spark.deploy.PythonRunner
[2025-04-03T18:46:44.428+0000] {spark_submit.py:649} INFO - Arguments:
[2025-04-03T18:46:44.429+0000] {spark_submit.py:649} INFO - file:/opt/spark-app/clean_yellow_tripdata.py
[2025-04-03T18:46:44.430+0000] {spark_submit.py:649} INFO - null
[2025-04-03T18:46:44.434+0000] {spark_submit.py:649} INFO - Spark config:
[2025-04-03T18:46:44.435+0000] {spark_submit.py:649} INFO - (spark.app.name,arrow-spark)
[2025-04-03T18:46:44.436+0000] {spark_submit.py:649} INFO - (spark.app.submitTime,1743706004403)
[2025-04-03T18:46:44.436+0000] {spark_submit.py:649} INFO - (spark.master,spark://spark-master:7077)
[2025-04-03T18:46:44.437+0000] {spark_submit.py:649} INFO - (spark.submit.deployMode,client)
[2025-04-03T18:46:44.437+0000] {spark_submit.py:649} INFO - (spark.submit.pyFiles,)
[2025-04-03T18:46:44.438+0000] {spark_submit.py:649} INFO - Classpath elements:
[2025-04-03T18:46:44.438+0000] {spark_submit.py:649} INFO - 
[2025-04-03T18:46:44.439+0000] {spark_submit.py:649} INFO - 
[2025-04-03T18:46:44.439+0000] {spark_submit.py:649} INFO - 
[2025-04-03T18:46:45.497+0000] {spark_submit.py:649} INFO - 25/04/03 18:46:45 INFO SparkContext: Running Spark version 3.5.0
[2025-04-03T18:46:45.500+0000] {spark_submit.py:649} INFO - 25/04/03 18:46:45 INFO SparkContext: OS info Linux, 5.15.167.4-microsoft-standard-WSL2, amd64
[2025-04-03T18:46:45.502+0000] {spark_submit.py:649} INFO - 25/04/03 18:46:45 INFO SparkContext: Java version 17.0.14
[2025-04-03T18:46:45.580+0000] {spark_submit.py:649} INFO - 25/04/03 18:46:45 WARN NativeCodeLoader: Unable to load native-hadoop library for your platform... using builtin-java classes where applicable
[2025-04-03T18:46:45.665+0000] {spark_submit.py:649} INFO - 25/04/03 18:46:45 INFO ResourceUtils: ==============================================================
[2025-04-03T18:46:45.666+0000] {spark_submit.py:649} INFO - 25/04/03 18:46:45 INFO ResourceUtils: No custom resources configured for spark.driver.
[2025-04-03T18:46:45.666+0000] {spark_submit.py:649} INFO - 25/04/03 18:46:45 INFO ResourceUtils: ==============================================================
[2025-04-03T18:46:45.667+0000] {spark_submit.py:649} INFO - 25/04/03 18:46:45 INFO SparkContext: Submitted application: CleanYellowData
[2025-04-03T18:46:45.683+0000] {spark_submit.py:649} INFO - 25/04/03 18:46:45 INFO ResourceProfile: Default ResourceProfile created, executor resources: Map(memory -> name: memory, amount: 1024, script: , vendor: , offHeap -> name: offHeap, amount: 0, script: , vendor: ), task resources: Map(cpus -> name: cpus, amount: 1.0)
[2025-04-03T18:46:45.690+0000] {spark_submit.py:649} INFO - 25/04/03 18:46:45 INFO ResourceProfile: Limiting resource is cpu
[2025-04-03T18:46:45.691+0000] {spark_submit.py:649} INFO - 25/04/03 18:46:45 INFO ResourceProfileManager: Added ResourceProfile id: 0
[2025-04-03T18:46:45.755+0000] {spark_submit.py:649} INFO - 25/04/03 18:46:45 INFO SecurityManager: Changing view acls to: airflow
[2025-04-03T18:46:45.755+0000] {spark_submit.py:649} INFO - 25/04/03 18:46:45 INFO SecurityManager: Changing modify acls to: airflow
[2025-04-03T18:46:45.756+0000] {spark_submit.py:649} INFO - 25/04/03 18:46:45 INFO SecurityManager: Changing view acls groups to:
[2025-04-03T18:46:45.757+0000] {spark_submit.py:649} INFO - 25/04/03 18:46:45 INFO SecurityManager: Changing modify acls groups to:
[2025-04-03T18:46:45.758+0000] {spark_submit.py:649} INFO - 25/04/03 18:46:45 INFO SecurityManager: SecurityManager: authentication disabled; ui acls disabled; users with view permissions: airflow; groups with view permissions: EMPTY; users with modify permissions: airflow; groups with modify permissions: EMPTY
[2025-04-03T18:46:45.965+0000] {spark_submit.py:649} INFO - 25/04/03 18:46:45 INFO Utils: Successfully started service 'sparkDriver' on port 45211.
[2025-04-03T18:46:45.994+0000] {spark_submit.py:649} INFO - 25/04/03 18:46:45 INFO SparkEnv: Registering MapOutputTracker
[2025-04-03T18:46:46.028+0000] {spark_submit.py:649} INFO - 25/04/03 18:46:46 INFO SparkEnv: Registering BlockManagerMaster
[2025-04-03T18:46:46.041+0000] {spark_submit.py:649} INFO - 25/04/03 18:46:46 INFO BlockManagerMasterEndpoint: Using org.apache.spark.storage.DefaultTopologyMapper for getting topology information
[2025-04-03T18:46:46.042+0000] {spark_submit.py:649} INFO - 25/04/03 18:46:46 INFO BlockManagerMasterEndpoint: BlockManagerMasterEndpoint up
[2025-04-03T18:46:46.045+0000] {spark_submit.py:649} INFO - 25/04/03 18:46:46 INFO SparkEnv: Registering BlockManagerMasterHeartbeat
[2025-04-03T18:46:46.063+0000] {spark_submit.py:649} INFO - 25/04/03 18:46:46 INFO DiskBlockManager: Created local directory at /tmp/blockmgr-bf955e08-6771-48b1-a1e0-e911b37e48cc
[2025-04-03T18:46:46.074+0000] {spark_submit.py:649} INFO - 25/04/03 18:46:46 INFO MemoryStore: MemoryStore started with capacity 434.4 MiB
[2025-04-03T18:46:46.089+0000] {spark_submit.py:649} INFO - 25/04/03 18:46:46 INFO SparkEnv: Registering OutputCommitCoordinator
[2025-04-03T18:46:46.229+0000] {spark_submit.py:649} INFO - 25/04/03 18:46:46 INFO JettyUtils: Start Jetty 0.0.0.0:4040 for SparkUI
[2025-04-03T18:46:46.283+0000] {spark_submit.py:649} INFO - 25/04/03 18:46:46 INFO Utils: Successfully started service 'SparkUI' on port 4040.
[2025-04-03T18:46:46.408+0000] {spark_submit.py:649} INFO - 25/04/03 18:46:46 INFO StandaloneAppClient$ClientEndpoint: Connecting to master spark://spark-master:7077...
[2025-04-03T18:46:46.444+0000] {spark_submit.py:649} INFO - 25/04/03 18:46:46 INFO TransportClientFactory: Successfully created connection to spark-master/172.24.0.5:7077 after 18 ms (0 ms spent in bootstraps)
[2025-04-03T18:46:46.516+0000] {spark_submit.py:649} INFO - 25/04/03 18:46:46 INFO StandaloneSchedulerBackend: Connected to Spark cluster with app ID app-20250403184646-0002
[2025-04-03T18:46:46.518+0000] {spark_submit.py:649} INFO - 25/04/03 18:46:46 INFO StandaloneAppClient$ClientEndpoint: Executor added: app-20250403184646-0002/0 on worker-20250403184326-172.24.0.8-35463 (172.24.0.8:35463) with 16 core(s)
[2025-04-03T18:46:46.521+0000] {spark_submit.py:649} INFO - 25/04/03 18:46:46 INFO StandaloneSchedulerBackend: Granted executor ID app-20250403184646-0002/0 on hostPort 172.24.0.8:35463 with 16 core(s), 1024.0 MiB RAM
[2025-04-03T18:46:46.528+0000] {spark_submit.py:649} INFO - 25/04/03 18:46:46 INFO Utils: Successfully started service 'org.apache.spark.network.netty.NettyBlockTransferService' on port 39851.
[2025-04-03T18:46:46.529+0000] {spark_submit.py:649} INFO - 25/04/03 18:46:46 INFO NettyBlockTransferService: Server created on da62b05cac36:39851
[2025-04-03T18:46:46.531+0000] {spark_submit.py:649} INFO - 25/04/03 18:46:46 INFO BlockManager: Using org.apache.spark.storage.RandomBlockReplicationPolicy for block replication policy
[2025-04-03T18:46:46.538+0000] {spark_submit.py:649} INFO - 25/04/03 18:46:46 INFO BlockManagerMaster: Registering BlockManager BlockManagerId(driver, da62b05cac36, 39851, None)
[2025-04-03T18:46:46.543+0000] {spark_submit.py:649} INFO - 25/04/03 18:46:46 INFO BlockManagerMasterEndpoint: Registering block manager da62b05cac36:39851 with 434.4 MiB RAM, BlockManagerId(driver, da62b05cac36, 39851, None)
[2025-04-03T18:46:46.547+0000] {spark_submit.py:649} INFO - 25/04/03 18:46:46 INFO BlockManagerMaster: Registered BlockManager BlockManagerId(driver, da62b05cac36, 39851, None)
[2025-04-03T18:46:46.550+0000] {spark_submit.py:649} INFO - 25/04/03 18:46:46 INFO BlockManager: Initialized BlockManager: BlockManagerId(driver, da62b05cac36, 39851, None)
[2025-04-03T18:46:46.569+0000] {spark_submit.py:649} INFO - 25/04/03 18:46:46 INFO StandaloneAppClient$ClientEndpoint: Executor updated: app-20250403184646-0002/0 is now RUNNING
[2025-04-03T18:46:46.813+0000] {spark_submit.py:649} INFO - 25/04/03 18:46:46 INFO StandaloneSchedulerBackend: SchedulerBackend is ready for scheduling beginning after reached minRegisteredResourcesRatio: 0.0
[2025-04-03T18:46:47.087+0000] {spark_submit.py:649} INFO - ✅ Spark session received from DAG
[2025-04-03T18:46:47.088+0000] {spark_submit.py:649} INFO - 📥 Reading raw data...
[2025-04-03T18:46:47.199+0000] {spark_submit.py:649} INFO - 25/04/03 18:46:47 INFO SharedState: Setting hive.metastore.warehouse.dir ('null') to the value of spark.sql.warehouse.dir.
[2025-04-03T18:46:47.217+0000] {spark_submit.py:649} INFO - 25/04/03 18:46:47 INFO SharedState: Warehouse path is 'file:/opt/airflow/spark-warehouse'.
[2025-04-03T18:46:48.040+0000] {spark_submit.py:649} INFO - 25/04/03 18:46:48 WARN FileStreamSink: Assume no metadata directory. Error while looking for metadata directory in the path: s3a://nyc-taxi/raw/yellow_tripdata_2023-01.parquet.
[2025-04-03T18:46:48.041+0000] {spark_submit.py:649} INFO - java.lang.RuntimeException: java.lang.ClassNotFoundException: Class org.apache.hadoop.fs.s3a.S3AFileSystem not found
[2025-04-03T18:46:48.042+0000] {spark_submit.py:649} INFO - at org.apache.hadoop.conf.Configuration.getClass(Configuration.java:2688)
[2025-04-03T18:46:48.043+0000] {spark_submit.py:649} INFO - at org.apache.hadoop.fs.FileSystem.getFileSystemClass(FileSystem.java:3431)
[2025-04-03T18:46:48.044+0000] {spark_submit.py:649} INFO - at org.apache.hadoop.fs.FileSystem.createFileSystem(FileSystem.java:3466)
[2025-04-03T18:46:48.044+0000] {spark_submit.py:649} INFO - at org.apache.hadoop.fs.FileSystem.access$300(FileSystem.java:174)
[2025-04-03T18:46:48.045+0000] {spark_submit.py:649} INFO - at org.apache.hadoop.fs.FileSystem$Cache.getInternal(FileSystem.java:3574)
[2025-04-03T18:46:48.046+0000] {spark_submit.py:649} INFO - at org.apache.hadoop.fs.FileSystem$Cache.get(FileSystem.java:3521)
[2025-04-03T18:46:48.047+0000] {spark_submit.py:649} INFO - at org.apache.hadoop.fs.FileSystem.get(FileSystem.java:540)
[2025-04-03T18:46:48.047+0000] {spark_submit.py:649} INFO - at org.apache.hadoop.fs.Path.getFileSystem(Path.java:365)
[2025-04-03T18:46:48.048+0000] {spark_submit.py:649} INFO - at org.apache.spark.sql.execution.streaming.FileStreamSink$.hasMetadata(FileStreamSink.scala:53)
[2025-04-03T18:46:48.049+0000] {spark_submit.py:649} INFO - at org.apache.spark.sql.execution.datasources.DataSource.resolveRelation(DataSource.scala:366)
[2025-04-03T18:46:48.050+0000] {spark_submit.py:649} INFO - at org.apache.spark.sql.DataFrameReader.loadV1Source(DataFrameReader.scala:229)
[2025-04-03T18:46:48.051+0000] {spark_submit.py:649} INFO - at org.apache.spark.sql.DataFrameReader.$anonfun$load$2(DataFrameReader.scala:211)
[2025-04-03T18:46:48.051+0000] {spark_submit.py:649} INFO - at scala.Option.getOrElse(Option.scala:189)
[2025-04-03T18:46:48.052+0000] {spark_submit.py:649} INFO - at org.apache.spark.sql.DataFrameReader.load(DataFrameReader.scala:211)
[2025-04-03T18:46:48.053+0000] {spark_submit.py:649} INFO - at org.apache.spark.sql.DataFrameReader.parquet(DataFrameReader.scala:563)
[2025-04-03T18:46:48.053+0000] {spark_submit.py:649} INFO - at java.base/jdk.internal.reflect.NativeMethodAccessorImpl.invoke0(Native Method)
[2025-04-03T18:46:48.054+0000] {spark_submit.py:649} INFO - at java.base/jdk.internal.reflect.NativeMethodAccessorImpl.invoke(NativeMethodAccessorImpl.java:77)
[2025-04-03T18:46:48.055+0000] {spark_submit.py:649} INFO - at java.base/jdk.internal.reflect.DelegatingMethodAccessorImpl.invoke(DelegatingMethodAccessorImpl.java:43)
[2025-04-03T18:46:48.055+0000] {spark_submit.py:649} INFO - at java.base/java.lang.reflect.Method.invoke(Method.java:569)
[2025-04-03T18:46:48.056+0000] {spark_submit.py:649} INFO - at py4j.reflection.MethodInvoker.invoke(MethodInvoker.java:244)
[2025-04-03T18:46:48.057+0000] {spark_submit.py:649} INFO - at py4j.reflection.ReflectionEngine.invoke(ReflectionEngine.java:374)
[2025-04-03T18:46:48.057+0000] {spark_submit.py:649} INFO - at py4j.Gateway.invoke(Gateway.java:282)
[2025-04-03T18:46:48.058+0000] {spark_submit.py:649} INFO - at py4j.commands.AbstractCommand.invokeMethod(AbstractCommand.java:132)
[2025-04-03T18:46:48.059+0000] {spark_submit.py:649} INFO - at py4j.commands.CallCommand.execute(CallCommand.java:79)
[2025-04-03T18:46:48.059+0000] {spark_submit.py:649} INFO - at py4j.ClientServerConnection.waitForCommands(ClientServerConnection.java:182)
[2025-04-03T18:46:48.060+0000] {spark_submit.py:649} INFO - at py4j.ClientServerConnection.run(ClientServerConnection.java:106)
[2025-04-03T18:46:48.061+0000] {spark_submit.py:649} INFO - at java.base/java.lang.Thread.run(Thread.java:840)
[2025-04-03T18:46:48.061+0000] {spark_submit.py:649} INFO - Caused by: java.lang.ClassNotFoundException: Class org.apache.hadoop.fs.s3a.S3AFileSystem not found
[2025-04-03T18:46:48.062+0000] {spark_submit.py:649} INFO - at org.apache.hadoop.conf.Configuration.getClassByName(Configuration.java:2592)
[2025-04-03T18:46:48.063+0000] {spark_submit.py:649} INFO - at org.apache.hadoop.conf.Configuration.getClass(Configuration.java:2686)
[2025-04-03T18:46:48.063+0000] {spark_submit.py:649} INFO - ... 26 more
[2025-04-03T18:46:48.155+0000] {spark_submit.py:649} INFO - Traceback (most recent call last):
[2025-04-03T18:46:48.156+0000] {spark_submit.py:649} INFO - File "/opt/spark-app/clean_yellow_tripdata.py", line 9, in <module>
[2025-04-03T18:46:48.161+0000] {spark_submit.py:649} INFO - clean_yellow_tripdata(spark)
[2025-04-03T18:46:48.162+0000] {spark_submit.py:649} INFO - File "/opt/pipeline/transform/clean_yellow_tripdata.py", line 9, in clean_yellow_tripdata
[2025-04-03T18:46:48.166+0000] {spark_submit.py:649} INFO - df = spark.read.parquet(raw_path)
[2025-04-03T18:46:48.167+0000] {spark_submit.py:649} INFO - File "/opt/spark/python/lib/pyspark.zip/pyspark/sql/readwriter.py", line 544, in parquet
[2025-04-03T18:46:48.168+0000] {spark_submit.py:649} INFO - File "/opt/spark/python/lib/py4j-0.10.9.7-src.zip/py4j/java_gateway.py", line 1322, in __call__
[2025-04-03T18:46:48.169+0000] {spark_submit.py:649} INFO - File "/opt/spark/python/lib/pyspark.zip/pyspark/errors/exceptions/captured.py", line 179, in deco
[2025-04-03T18:46:48.169+0000] {spark_submit.py:649} INFO - File "/opt/spark/python/lib/py4j-0.10.9.7-src.zip/py4j/protocol.py", line 326, in get_return_value
[2025-04-03T18:46:48.171+0000] {spark_submit.py:649} INFO - py4j.protocol.Py4JJavaError: An error occurred while calling o24.parquet.
[2025-04-03T18:46:48.172+0000] {spark_submit.py:649} INFO - : java.lang.RuntimeException: java.lang.ClassNotFoundException: Class org.apache.hadoop.fs.s3a.S3AFileSystem not found
[2025-04-03T18:46:48.173+0000] {spark_submit.py:649} INFO - at org.apache.hadoop.conf.Configuration.getClass(Configuration.java:2688)
[2025-04-03T18:46:48.174+0000] {spark_submit.py:649} INFO - at org.apache.hadoop.fs.FileSystem.getFileSystemClass(FileSystem.java:3431)
[2025-04-03T18:46:48.175+0000] {spark_submit.py:649} INFO - at org.apache.hadoop.fs.FileSystem.createFileSystem(FileSystem.java:3466)
[2025-04-03T18:46:48.175+0000] {spark_submit.py:649} INFO - at org.apache.hadoop.fs.FileSystem.access$300(FileSystem.java:174)
[2025-04-03T18:46:48.176+0000] {spark_submit.py:649} INFO - at org.apache.hadoop.fs.FileSystem$Cache.getInternal(FileSystem.java:3574)
[2025-04-03T18:46:48.177+0000] {spark_submit.py:649} INFO - at org.apache.hadoop.fs.FileSystem$Cache.get(FileSystem.java:3521)
[2025-04-03T18:46:48.178+0000] {spark_submit.py:649} INFO - at org.apache.hadoop.fs.FileSystem.get(FileSystem.java:540)
[2025-04-03T18:46:48.179+0000] {spark_submit.py:649} INFO - at org.apache.hadoop.fs.Path.getFileSystem(Path.java:365)
[2025-04-03T18:46:48.180+0000] {spark_submit.py:649} INFO - at org.apache.spark.sql.execution.datasources.DataSource$.$anonfun$checkAndGlobPathIfNecessary$1(DataSource.scala:724)
[2025-04-03T18:46:48.180+0000] {spark_submit.py:649} INFO - at scala.collection.immutable.List.map(List.scala:293)
[2025-04-03T18:46:48.181+0000] {spark_submit.py:649} INFO - at org.apache.spark.sql.execution.datasources.DataSource$.checkAndGlobPathIfNecessary(DataSource.scala:722)
[2025-04-03T18:46:48.181+0000] {spark_submit.py:649} INFO - at org.apache.spark.sql.execution.datasources.DataSource.checkAndGlobPathIfNecessary(DataSource.scala:551)
[2025-04-03T18:46:48.182+0000] {spark_submit.py:649} INFO - at org.apache.spark.sql.execution.datasources.DataSource.resolveRelation(DataSource.scala:404)
[2025-04-03T18:46:48.183+0000] {spark_submit.py:649} INFO - at org.apache.spark.sql.DataFrameReader.loadV1Source(DataFrameReader.scala:229)
[2025-04-03T18:46:48.183+0000] {spark_submit.py:649} INFO - at org.apache.spark.sql.DataFrameReader.$anonfun$load$2(DataFrameReader.scala:211)
[2025-04-03T18:46:48.184+0000] {spark_submit.py:649} INFO - at scala.Option.getOrElse(Option.scala:189)
[2025-04-03T18:46:48.185+0000] {spark_submit.py:649} INFO - at org.apache.spark.sql.DataFrameReader.load(DataFrameReader.scala:211)
[2025-04-03T18:46:48.185+0000] {spark_submit.py:649} INFO - at org.apache.spark.sql.DataFrameReader.parquet(DataFrameReader.scala:563)
[2025-04-03T18:46:48.186+0000] {spark_submit.py:649} INFO - at java.base/jdk.internal.reflect.NativeMethodAccessorImpl.invoke0(Native Method)
[2025-04-03T18:46:48.187+0000] {spark_submit.py:649} INFO - at java.base/jdk.internal.reflect.NativeMethodAccessorImpl.invoke(NativeMethodAccessorImpl.java:77)
[2025-04-03T18:46:48.188+0000] {spark_submit.py:649} INFO - at java.base/jdk.internal.reflect.DelegatingMethodAccessorImpl.invoke(DelegatingMethodAccessorImpl.java:43)
[2025-04-03T18:46:48.188+0000] {spark_submit.py:649} INFO - at java.base/java.lang.reflect.Method.invoke(Method.java:569)
[2025-04-03T18:46:48.189+0000] {spark_submit.py:649} INFO - at py4j.reflection.MethodInvoker.invoke(MethodInvoker.java:244)
[2025-04-03T18:46:48.190+0000] {spark_submit.py:649} INFO - at py4j.reflection.ReflectionEngine.invoke(ReflectionEngine.java:374)
[2025-04-03T18:46:48.191+0000] {spark_submit.py:649} INFO - at py4j.Gateway.invoke(Gateway.java:282)
[2025-04-03T18:46:48.191+0000] {spark_submit.py:649} INFO - at py4j.commands.AbstractCommand.invokeMethod(AbstractCommand.java:132)
[2025-04-03T18:46:48.192+0000] {spark_submit.py:649} INFO - at py4j.commands.CallCommand.execute(CallCommand.java:79)
[2025-04-03T18:46:48.193+0000] {spark_submit.py:649} INFO - at py4j.ClientServerConnection.waitForCommands(ClientServerConnection.java:182)
[2025-04-03T18:46:48.193+0000] {spark_submit.py:649} INFO - at py4j.ClientServerConnection.run(ClientServerConnection.java:106)
[2025-04-03T18:46:48.194+0000] {spark_submit.py:649} INFO - at java.base/java.lang.Thread.run(Thread.java:840)
[2025-04-03T18:46:48.194+0000] {spark_submit.py:649} INFO - Caused by: java.lang.ClassNotFoundException: Class org.apache.hadoop.fs.s3a.S3AFileSystem not found
[2025-04-03T18:46:48.195+0000] {spark_submit.py:649} INFO - at org.apache.hadoop.conf.Configuration.getClassByName(Configuration.java:2592)
[2025-04-03T18:46:48.195+0000] {spark_submit.py:649} INFO - at org.apache.hadoop.conf.Configuration.getClass(Configuration.java:2686)
[2025-04-03T18:46:48.196+0000] {spark_submit.py:649} INFO - ... 29 more
[2025-04-03T18:46:48.197+0000] {spark_submit.py:649} INFO - 
[2025-04-03T18:46:48.259+0000] {spark_submit.py:649} INFO - 25/04/03 18:46:48 INFO SparkContext: Invoking stop() from shutdown hook
[2025-04-03T18:46:48.260+0000] {spark_submit.py:649} INFO - 25/04/03 18:46:48 INFO SparkContext: SparkContext is stopping with exitCode 0.
[2025-04-03T18:46:48.277+0000] {spark_submit.py:649} INFO - 25/04/03 18:46:48 INFO SparkUI: Stopped Spark web UI at http://da62b05cac36:4040
[2025-04-03T18:46:48.284+0000] {spark_submit.py:649} INFO - 25/04/03 18:46:48 INFO StandaloneSchedulerBackend: Shutting down all executors
[2025-04-03T18:46:48.290+0000] {spark_submit.py:649} INFO - 25/04/03 18:46:48 INFO StandaloneSchedulerBackend$StandaloneDriverEndpoint: Asking each executor to shut down
[2025-04-03T18:46:48.332+0000] {spark_submit.py:649} INFO - 25/04/03 18:46:48 INFO MapOutputTrackerMasterEndpoint: MapOutputTrackerMasterEndpoint stopped!
[2025-04-03T18:46:48.349+0000] {spark_submit.py:649} INFO - 25/04/03 18:46:48 INFO MemoryStore: MemoryStore cleared
[2025-04-03T18:46:48.350+0000] {spark_submit.py:649} INFO - 25/04/03 18:46:48 INFO BlockManager: BlockManager stopped
[2025-04-03T18:46:48.356+0000] {spark_submit.py:649} INFO - 25/04/03 18:46:48 INFO BlockManagerMaster: BlockManagerMaster stopped
[2025-04-03T18:46:48.361+0000] {spark_submit.py:649} INFO - 25/04/03 18:46:48 INFO OutputCommitCoordinator$OutputCommitCoordinatorEndpoint: OutputCommitCoordinator stopped!
[2025-04-03T18:46:48.376+0000] {spark_submit.py:649} INFO - 25/04/03 18:46:48 INFO SparkContext: Successfully stopped SparkContext
[2025-04-03T18:46:48.377+0000] {spark_submit.py:649} INFO - 25/04/03 18:46:48 INFO ShutdownHookManager: Shutdown hook called
[2025-04-03T18:46:48.378+0000] {spark_submit.py:649} INFO - 25/04/03 18:46:48 INFO ShutdownHookManager: Deleting directory /tmp/spark-8761417e-7fd9-405f-a629-e6d479e78040
[2025-04-03T18:46:48.382+0000] {spark_submit.py:649} INFO - 25/04/03 18:46:48 INFO ShutdownHookManager: Deleting directory /tmp/spark-e82cd608-852f-4838-8f50-100856514ae2/pyspark-60447530-9e74-45d3-8832-28660c84f44a
[2025-04-03T18:46:48.387+0000] {spark_submit.py:649} INFO - 25/04/03 18:46:48 INFO ShutdownHookManager: Deleting directory /tmp/spark-e82cd608-852f-4838-8f50-100856514ae2
[2025-04-03T18:46:48.442+0000] {taskinstance.py:2698} ERROR - Task failed with exception
Traceback (most recent call last):
  File "/home/airflow/.local/lib/python3.8/site-packages/airflow/models/taskinstance.py", line 433, in _execute_task
    result = execute_callable(context=context, **execute_callable_kwargs)
  File "/home/airflow/.local/lib/python3.8/site-packages/airflow/providers/apache/spark/operators/spark_submit.py", line 176, in execute
    self._hook.submit(self.application)
  File "/home/airflow/.local/lib/python3.8/site-packages/airflow/providers/apache/spark/hooks/spark_submit.py", line 575, in submit
    raise AirflowException(
airflow.exceptions.AirflowException: Cannot execute: spark-submit --master spark://spark-master:7077 --name arrow-spark --verbose --queue root.default --deploy-mode client /opt/spark-app/clean_yellow_tripdata.py. Error code is: 1.
[2025-04-03T18:46:48.452+0000] {taskinstance.py:1138} INFO - Marking task as FAILED. dag_id=full_pipeline_dag, task_id=clean_data_spark, execution_date=20250403T182015, start_date=20250403T184642, end_date=20250403T184648
[2025-04-03T18:46:48.635+0000] {standard_task_runner.py:107} ERROR - Failed to execute job 201 for task clean_data_spark (Cannot execute: spark-submit --master spark://spark-master:7077 --name arrow-spark --verbose --queue root.default --deploy-mode client /opt/spark-app/clean_yellow_tripdata.py. Error code is: 1.; 480)
[2025-04-03T18:46:48.645+0000] {local_task_job_runner.py:234} INFO - Task exited with return code 1
[2025-04-03T18:46:48.688+0000] {taskinstance.py:3280} INFO - 0 downstream tasks scheduled from follow-on schedule check
