[2025-04-03T18:57:33.943+0000] {taskinstance.py:1956} INFO - Dependencies all met for dep_context=non-requeueable deps ti=<TaskInstance: full_pipeline_dag.clean_data_spark manual__2025-04-03T18:20:15.390292+00:00 [queued]>
[2025-04-03T18:57:33.964+0000] {taskinstance.py:1956} INFO - Dependencies all met for dep_context=requeueable deps ti=<TaskInstance: full_pipeline_dag.clean_data_spark manual__2025-04-03T18:20:15.390292+00:00 [queued]>
[2025-04-03T18:57:33.965+0000] {taskinstance.py:2170} INFO - Starting attempt 12 of 12
[2025-04-03T18:57:34.011+0000] {taskinstance.py:2191} INFO - Executing <Task(SparkSubmitOperator): clean_data_spark> on 2025-04-03 18:20:15.390292+00:00
[2025-04-03T18:57:34.016+0000] {standard_task_runner.py:60} INFO - Started process 478 to run task
[2025-04-03T18:57:34.019+0000] {standard_task_runner.py:87} INFO - Running: ['airflow', 'tasks', 'run', 'full_pipeline_dag', 'clean_data_spark', 'manual__2025-04-03T18:20:15.390292+00:00', '--job-id', '209', '--raw', '--subdir', 'DAGS_FOLDER/full_pipeline_dag.py', '--cfg-path', '/tmp/tmpa7d94xuc']
[2025-04-03T18:57:34.022+0000] {standard_task_runner.py:88} INFO - Job 209: Subtask clean_data_spark
[2025-04-03T18:57:34.067+0000] {logging_mixin.py:188} WARNING - /home/airflow/.local/lib/python3.8/site-packages/airflow/settings.py:194 DeprecationWarning: The sql_alchemy_conn option in [core] has been moved to the sql_alchemy_conn option in [database] - the old setting has been used, but please update your config.
[2025-04-03T18:57:34.128+0000] {task_command.py:423} INFO - Running <TaskInstance: full_pipeline_dag.clean_data_spark manual__2025-04-03T18:20:15.390292+00:00 [running]> on host ef4a1ba9f2f9
[2025-04-03T18:57:34.280+0000] {taskinstance.py:2480} INFO - Exporting env vars: AIRFLOW_CTX_DAG_OWNER='airflow' AIRFLOW_CTX_DAG_ID='full_pipeline_dag' AIRFLOW_CTX_TASK_ID='clean_data_spark' AIRFLOW_CTX_EXECUTION_DATE='2025-04-03T18:20:15.390292+00:00' AIRFLOW_CTX_TRY_NUMBER='12' AIRFLOW_CTX_DAG_RUN_ID='manual__2025-04-03T18:20:15.390292+00:00'
[2025-04-03T18:57:34.299+0000] {base.py:83} INFO - Using connection ID 'spark_default' for task execution.
[2025-04-03T18:57:34.301+0000] {spark_submit.py:473} INFO - Spark-Submit cmd: spark-submit --master spark://spark-master:7077 --conf spark.master=spark://spark-master:7077 --jars /opt/spark/jars/hadoop-aws-3.3.6.jar,/opt/spark/jars/aws-java-sdk-bundle-1.12.696.jar --name arrow-spark --verbose --queue root.default --deploy-mode client /opt/spark-app/clean_yellow_tripdata.py
[2025-04-03T18:57:35.637+0000] {spark_submit.py:649} INFO - Using properties file: null
[2025-04-03T18:57:35.761+0000] {spark_submit.py:649} INFO - Parsed arguments:
[2025-04-03T18:57:35.762+0000] {spark_submit.py:649} INFO - master                  spark://spark-master:7077
[2025-04-03T18:57:35.762+0000] {spark_submit.py:649} INFO - remote                  null
[2025-04-03T18:57:35.763+0000] {spark_submit.py:649} INFO - deployMode              client
[2025-04-03T18:57:35.764+0000] {spark_submit.py:649} INFO - executorMemory          null
[2025-04-03T18:57:35.764+0000] {spark_submit.py:649} INFO - executorCores           null
[2025-04-03T18:57:35.765+0000] {spark_submit.py:649} INFO - totalExecutorCores      null
[2025-04-03T18:57:35.766+0000] {spark_submit.py:649} INFO - propertiesFile          null
[2025-04-03T18:57:35.766+0000] {spark_submit.py:649} INFO - driverMemory            null
[2025-04-03T18:57:35.767+0000] {spark_submit.py:649} INFO - driverCores             null
[2025-04-03T18:57:35.768+0000] {spark_submit.py:649} INFO - driverExtraClassPath    null
[2025-04-03T18:57:35.769+0000] {spark_submit.py:649} INFO - driverExtraLibraryPath  null
[2025-04-03T18:57:35.770+0000] {spark_submit.py:649} INFO - driverExtraJavaOptions  null
[2025-04-03T18:57:35.771+0000] {spark_submit.py:649} INFO - supervise               false
[2025-04-03T18:57:35.772+0000] {spark_submit.py:649} INFO - queue                   root.default
[2025-04-03T18:57:35.772+0000] {spark_submit.py:649} INFO - numExecutors            null
[2025-04-03T18:57:35.773+0000] {spark_submit.py:649} INFO - files                   null
[2025-04-03T18:57:35.774+0000] {spark_submit.py:649} INFO - pyFiles                 null
[2025-04-03T18:57:35.774+0000] {spark_submit.py:649} INFO - archives                null
[2025-04-03T18:57:35.775+0000] {spark_submit.py:649} INFO - mainClass               null
[2025-04-03T18:57:35.775+0000] {spark_submit.py:649} INFO - primaryResource         file:/opt/spark-app/clean_yellow_tripdata.py
[2025-04-03T18:57:35.776+0000] {spark_submit.py:649} INFO - name                    arrow-spark
[2025-04-03T18:57:35.776+0000] {spark_submit.py:649} INFO - childArgs               []
[2025-04-03T18:57:35.777+0000] {spark_submit.py:649} INFO - jars                    file:/opt/spark-3.5.0-bin-hadoop3/jars/hadoop-aws-3.3.6.jar,file:/opt/spark-3.5.0-bin-hadoop3/jars/aws-java-sdk-bundle-1.12.696.jar
[2025-04-03T18:57:35.778+0000] {spark_submit.py:649} INFO - packages                null
[2025-04-03T18:57:35.779+0000] {spark_submit.py:649} INFO - packagesExclusions      null
[2025-04-03T18:57:35.780+0000] {spark_submit.py:649} INFO - repositories            null
[2025-04-03T18:57:35.780+0000] {spark_submit.py:649} INFO - verbose                 true
[2025-04-03T18:57:35.781+0000] {spark_submit.py:649} INFO - 
[2025-04-03T18:57:35.782+0000] {spark_submit.py:649} INFO - Spark properties used, including those specified through
[2025-04-03T18:57:35.782+0000] {spark_submit.py:649} INFO - --conf and those from the properties file null:
[2025-04-03T18:57:35.783+0000] {spark_submit.py:649} INFO - (spark.master,spark://spark-master:7077)
[2025-04-03T18:57:35.783+0000] {spark_submit.py:649} INFO - 
[2025-04-03T18:57:35.784+0000] {spark_submit.py:649} INFO - 
[2025-04-03T18:57:36.228+0000] {spark_submit.py:649} INFO - 25/04/03 18:57:36 WARN NativeCodeLoader: Unable to load native-hadoop library for your platform... using builtin-java classes where applicable
[2025-04-03T18:57:36.454+0000] {spark_submit.py:649} INFO - Main class:
[2025-04-03T18:57:36.455+0000] {spark_submit.py:649} INFO - org.apache.spark.deploy.PythonRunner
[2025-04-03T18:57:36.455+0000] {spark_submit.py:649} INFO - Arguments:
[2025-04-03T18:57:36.456+0000] {spark_submit.py:649} INFO - file:/opt/spark-app/clean_yellow_tripdata.py
[2025-04-03T18:57:36.456+0000] {spark_submit.py:649} INFO - null
[2025-04-03T18:57:36.457+0000] {spark_submit.py:649} INFO - Spark config:
[2025-04-03T18:57:36.458+0000] {spark_submit.py:649} INFO - (spark.app.name,arrow-spark)
[2025-04-03T18:57:36.458+0000] {spark_submit.py:649} INFO - (spark.app.submitTime,1743706656430)
[2025-04-03T18:57:36.459+0000] {spark_submit.py:649} INFO - (spark.jars,file:/opt/spark-3.5.0-bin-hadoop3/jars/hadoop-aws-3.3.6.jar,file:/opt/spark-3.5.0-bin-hadoop3/jars/aws-java-sdk-bundle-1.12.696.jar)
[2025-04-03T18:57:36.459+0000] {spark_submit.py:649} INFO - (spark.master,spark://spark-master:7077)
[2025-04-03T18:57:36.459+0000] {spark_submit.py:649} INFO - (spark.repl.local.jars,file:/opt/spark-3.5.0-bin-hadoop3/jars/hadoop-aws-3.3.6.jar,file:/opt/spark-3.5.0-bin-hadoop3/jars/aws-java-sdk-bundle-1.12.696.jar)
[2025-04-03T18:57:36.460+0000] {spark_submit.py:649} INFO - (spark.submit.deployMode,client)
[2025-04-03T18:57:36.460+0000] {spark_submit.py:649} INFO - (spark.submit.pyFiles,)
[2025-04-03T18:57:36.461+0000] {spark_submit.py:649} INFO - Classpath elements:
[2025-04-03T18:57:36.461+0000] {spark_submit.py:649} INFO - file:/opt/spark-3.5.0-bin-hadoop3/jars/hadoop-aws-3.3.6.jar
[2025-04-03T18:57:36.461+0000] {spark_submit.py:649} INFO - file:/opt/spark-3.5.0-bin-hadoop3/jars/aws-java-sdk-bundle-1.12.696.jar
[2025-04-03T18:57:36.462+0000] {spark_submit.py:649} INFO - 
[2025-04-03T18:57:36.462+0000] {spark_submit.py:649} INFO - 
[2025-04-03T18:57:36.463+0000] {spark_submit.py:649} INFO - 25/04/03 18:57:36 WARN DependencyUtils: Local jar /opt/spark-3.5.0-bin-hadoop3/jars/hadoop-aws-3.3.6.jar does not exist, skipping.
[2025-04-03T18:57:36.463+0000] {spark_submit.py:649} INFO - 25/04/03 18:57:36 WARN DependencyUtils: Local jar /opt/spark-3.5.0-bin-hadoop3/jars/aws-java-sdk-bundle-1.12.696.jar does not exist, skipping.
[2025-04-03T18:57:37.303+0000] {spark_submit.py:649} INFO - 25/04/03 18:57:37 INFO SparkContext: Running Spark version 3.5.0
[2025-04-03T18:57:37.304+0000] {spark_submit.py:649} INFO - 25/04/03 18:57:37 INFO SparkContext: OS info Linux, 5.15.167.4-microsoft-standard-WSL2, amd64
[2025-04-03T18:57:37.304+0000] {spark_submit.py:649} INFO - 25/04/03 18:57:37 INFO SparkContext: Java version 17.0.14
[2025-04-03T18:57:37.325+0000] {spark_submit.py:649} INFO - 25/04/03 18:57:37 INFO ResourceUtils: ==============================================================
[2025-04-03T18:57:37.325+0000] {spark_submit.py:649} INFO - 25/04/03 18:57:37 INFO ResourceUtils: No custom resources configured for spark.driver.
[2025-04-03T18:57:37.326+0000] {spark_submit.py:649} INFO - 25/04/03 18:57:37 INFO ResourceUtils: ==============================================================
[2025-04-03T18:57:37.326+0000] {spark_submit.py:649} INFO - 25/04/03 18:57:37 INFO SparkContext: Submitted application: CleanYellowData
[2025-04-03T18:57:37.338+0000] {spark_submit.py:649} INFO - 25/04/03 18:57:37 INFO ResourceProfile: Default ResourceProfile created, executor resources: Map(memory -> name: memory, amount: 1024, script: , vendor: , offHeap -> name: offHeap, amount: 0, script: , vendor: ), task resources: Map(cpus -> name: cpus, amount: 1.0)
[2025-04-03T18:57:37.344+0000] {spark_submit.py:649} INFO - 25/04/03 18:57:37 INFO ResourceProfile: Limiting resource is cpu
[2025-04-03T18:57:37.344+0000] {spark_submit.py:649} INFO - 25/04/03 18:57:37 INFO ResourceProfileManager: Added ResourceProfile id: 0
[2025-04-03T18:57:37.383+0000] {spark_submit.py:649} INFO - 25/04/03 18:57:37 INFO SecurityManager: Changing view acls to: airflow
[2025-04-03T18:57:37.384+0000] {spark_submit.py:649} INFO - 25/04/03 18:57:37 INFO SecurityManager: Changing modify acls to: airflow
[2025-04-03T18:57:37.385+0000] {spark_submit.py:649} INFO - 25/04/03 18:57:37 INFO SecurityManager: Changing view acls groups to:
[2025-04-03T18:57:37.393+0000] {spark_submit.py:649} INFO - 25/04/03 18:57:37 INFO SecurityManager: Changing modify acls groups to:
[2025-04-03T18:57:37.396+0000] {spark_submit.py:649} INFO - 25/04/03 18:57:37 INFO SecurityManager: SecurityManager: authentication disabled; ui acls disabled; users with view permissions: airflow; groups with view permissions: EMPTY; users with modify permissions: airflow; groups with modify permissions: EMPTY
[2025-04-03T18:57:37.547+0000] {spark_submit.py:649} INFO - 25/04/03 18:57:37 INFO Utils: Successfully started service 'sparkDriver' on port 33719.
[2025-04-03T18:57:37.568+0000] {spark_submit.py:649} INFO - 25/04/03 18:57:37 INFO SparkEnv: Registering MapOutputTracker
[2025-04-03T18:57:37.599+0000] {spark_submit.py:649} INFO - 25/04/03 18:57:37 INFO SparkEnv: Registering BlockManagerMaster
[2025-04-03T18:57:37.611+0000] {spark_submit.py:649} INFO - 25/04/03 18:57:37 INFO BlockManagerMasterEndpoint: Using org.apache.spark.storage.DefaultTopologyMapper for getting topology information
[2025-04-03T18:57:37.612+0000] {spark_submit.py:649} INFO - 25/04/03 18:57:37 INFO BlockManagerMasterEndpoint: BlockManagerMasterEndpoint up
[2025-04-03T18:57:37.614+0000] {spark_submit.py:649} INFO - 25/04/03 18:57:37 INFO SparkEnv: Registering BlockManagerMasterHeartbeat
[2025-04-03T18:57:37.639+0000] {spark_submit.py:649} INFO - 25/04/03 18:57:37 INFO DiskBlockManager: Created local directory at /tmp/blockmgr-9f46a673-3db9-4d26-8400-1679874c06dd
[2025-04-03T18:57:37.650+0000] {spark_submit.py:649} INFO - 25/04/03 18:57:37 INFO MemoryStore: MemoryStore started with capacity 434.4 MiB
[2025-04-03T18:57:37.661+0000] {spark_submit.py:649} INFO - 25/04/03 18:57:37 INFO SparkEnv: Registering OutputCommitCoordinator
[2025-04-03T18:57:37.751+0000] {spark_submit.py:649} INFO - 25/04/03 18:57:37 INFO JettyUtils: Start Jetty 0.0.0.0:4040 for SparkUI
[2025-04-03T18:57:37.812+0000] {spark_submit.py:649} INFO - 25/04/03 18:57:37 INFO Utils: Successfully started service 'SparkUI' on port 4040.
[2025-04-03T18:57:37.840+0000] {spark_submit.py:649} INFO - 25/04/03 18:57:37 ERROR SparkContext: Failed to add file:/opt/spark-3.5.0-bin-hadoop3/jars/hadoop-aws-3.3.6.jar to Spark environment
[2025-04-03T18:57:37.841+0000] {spark_submit.py:649} INFO - java.io.FileNotFoundException: Jar /opt/spark-3.5.0-bin-hadoop3/jars/hadoop-aws-3.3.6.jar not found
[2025-04-03T18:57:37.842+0000] {spark_submit.py:649} INFO - at org.apache.spark.SparkContext.addLocalJarFile$1(SparkContext.scala:2100)
[2025-04-03T18:57:37.842+0000] {spark_submit.py:649} INFO - at org.apache.spark.SparkContext.addJar(SparkContext.scala:2156)
[2025-04-03T18:57:37.843+0000] {spark_submit.py:649} INFO - at org.apache.spark.SparkContext.$anonfun$new$15(SparkContext.scala:526)
[2025-04-03T18:57:37.844+0000] {spark_submit.py:649} INFO - at org.apache.spark.SparkContext.$anonfun$new$15$adapted(SparkContext.scala:526)
[2025-04-03T18:57:37.844+0000] {spark_submit.py:649} INFO - at scala.collection.mutable.ResizableArray.foreach(ResizableArray.scala:62)
[2025-04-03T18:57:37.845+0000] {spark_submit.py:649} INFO - at scala.collection.mutable.ResizableArray.foreach$(ResizableArray.scala:55)
[2025-04-03T18:57:37.845+0000] {spark_submit.py:649} INFO - at scala.collection.mutable.ArrayBuffer.foreach(ArrayBuffer.scala:49)
[2025-04-03T18:57:37.846+0000] {spark_submit.py:649} INFO - at org.apache.spark.SparkContext.<init>(SparkContext.scala:526)
[2025-04-03T18:57:37.846+0000] {spark_submit.py:649} INFO - at org.apache.spark.api.java.JavaSparkContext.<init>(JavaSparkContext.scala:58)
[2025-04-03T18:57:37.847+0000] {spark_submit.py:649} INFO - at java.base/jdk.internal.reflect.NativeConstructorAccessorImpl.newInstance0(Native Method)
[2025-04-03T18:57:37.847+0000] {spark_submit.py:649} INFO - at java.base/jdk.internal.reflect.NativeConstructorAccessorImpl.newInstance(NativeConstructorAccessorImpl.java:77)
[2025-04-03T18:57:37.848+0000] {spark_submit.py:649} INFO - at java.base/jdk.internal.reflect.DelegatingConstructorAccessorImpl.newInstance(DelegatingConstructorAccessorImpl.java:45)
[2025-04-03T18:57:37.849+0000] {spark_submit.py:649} INFO - at java.base/java.lang.reflect.Constructor.newInstanceWithCaller(Constructor.java:500)
[2025-04-03T18:57:37.849+0000] {spark_submit.py:649} INFO - at java.base/java.lang.reflect.Constructor.newInstance(Constructor.java:481)
[2025-04-03T18:57:37.850+0000] {spark_submit.py:649} INFO - at py4j.reflection.MethodInvoker.invoke(MethodInvoker.java:247)
[2025-04-03T18:57:37.850+0000] {spark_submit.py:649} INFO - at py4j.reflection.ReflectionEngine.invoke(ReflectionEngine.java:374)
[2025-04-03T18:57:37.851+0000] {spark_submit.py:649} INFO - at py4j.Gateway.invoke(Gateway.java:238)
[2025-04-03T18:57:37.851+0000] {spark_submit.py:649} INFO - at py4j.commands.ConstructorCommand.invokeConstructor(ConstructorCommand.java:80)
[2025-04-03T18:57:37.852+0000] {spark_submit.py:649} INFO - at py4j.commands.ConstructorCommand.execute(ConstructorCommand.java:69)
[2025-04-03T18:57:37.853+0000] {spark_submit.py:649} INFO - at py4j.ClientServerConnection.waitForCommands(ClientServerConnection.java:182)
[2025-04-03T18:57:37.854+0000] {spark_submit.py:649} INFO - at py4j.ClientServerConnection.run(ClientServerConnection.java:106)
[2025-04-03T18:57:37.854+0000] {spark_submit.py:649} INFO - at java.base/java.lang.Thread.run(Thread.java:840)
[2025-04-03T18:57:37.855+0000] {spark_submit.py:649} INFO - 25/04/03 18:57:37 ERROR SparkContext: Failed to add file:/opt/spark-3.5.0-bin-hadoop3/jars/aws-java-sdk-bundle-1.12.696.jar to Spark environment
[2025-04-03T18:57:37.856+0000] {spark_submit.py:649} INFO - java.io.FileNotFoundException: Jar /opt/spark-3.5.0-bin-hadoop3/jars/aws-java-sdk-bundle-1.12.696.jar not found
[2025-04-03T18:57:37.856+0000] {spark_submit.py:649} INFO - at org.apache.spark.SparkContext.addLocalJarFile$1(SparkContext.scala:2100)
[2025-04-03T18:57:37.857+0000] {spark_submit.py:649} INFO - at org.apache.spark.SparkContext.addJar(SparkContext.scala:2156)
[2025-04-03T18:57:37.858+0000] {spark_submit.py:649} INFO - at org.apache.spark.SparkContext.$anonfun$new$15(SparkContext.scala:526)
[2025-04-03T18:57:37.859+0000] {spark_submit.py:649} INFO - at org.apache.spark.SparkContext.$anonfun$new$15$adapted(SparkContext.scala:526)
[2025-04-03T18:57:37.860+0000] {spark_submit.py:649} INFO - at scala.collection.mutable.ResizableArray.foreach(ResizableArray.scala:62)
[2025-04-03T18:57:37.860+0000] {spark_submit.py:649} INFO - at scala.collection.mutable.ResizableArray.foreach$(ResizableArray.scala:55)
[2025-04-03T18:57:37.861+0000] {spark_submit.py:649} INFO - at scala.collection.mutable.ArrayBuffer.foreach(ArrayBuffer.scala:49)
[2025-04-03T18:57:37.862+0000] {spark_submit.py:649} INFO - at org.apache.spark.SparkContext.<init>(SparkContext.scala:526)
[2025-04-03T18:57:37.862+0000] {spark_submit.py:649} INFO - at org.apache.spark.api.java.JavaSparkContext.<init>(JavaSparkContext.scala:58)
[2025-04-03T18:57:37.863+0000] {spark_submit.py:649} INFO - at java.base/jdk.internal.reflect.NativeConstructorAccessorImpl.newInstance0(Native Method)
[2025-04-03T18:57:37.864+0000] {spark_submit.py:649} INFO - at java.base/jdk.internal.reflect.NativeConstructorAccessorImpl.newInstance(NativeConstructorAccessorImpl.java:77)
[2025-04-03T18:57:37.865+0000] {spark_submit.py:649} INFO - at java.base/jdk.internal.reflect.DelegatingConstructorAccessorImpl.newInstance(DelegatingConstructorAccessorImpl.java:45)
[2025-04-03T18:57:37.865+0000] {spark_submit.py:649} INFO - at java.base/java.lang.reflect.Constructor.newInstanceWithCaller(Constructor.java:500)
[2025-04-03T18:57:37.866+0000] {spark_submit.py:649} INFO - at java.base/java.lang.reflect.Constructor.newInstance(Constructor.java:481)
[2025-04-03T18:57:37.866+0000] {spark_submit.py:649} INFO - at py4j.reflection.MethodInvoker.invoke(MethodInvoker.java:247)
[2025-04-03T18:57:37.867+0000] {spark_submit.py:649} INFO - at py4j.reflection.ReflectionEngine.invoke(ReflectionEngine.java:374)
[2025-04-03T18:57:37.867+0000] {spark_submit.py:649} INFO - at py4j.Gateway.invoke(Gateway.java:238)
[2025-04-03T18:57:37.868+0000] {spark_submit.py:649} INFO - at py4j.commands.ConstructorCommand.invokeConstructor(ConstructorCommand.java:80)
[2025-04-03T18:57:37.868+0000] {spark_submit.py:649} INFO - at py4j.commands.ConstructorCommand.execute(ConstructorCommand.java:69)
[2025-04-03T18:57:37.869+0000] {spark_submit.py:649} INFO - at py4j.ClientServerConnection.waitForCommands(ClientServerConnection.java:182)
[2025-04-03T18:57:37.869+0000] {spark_submit.py:649} INFO - at py4j.ClientServerConnection.run(ClientServerConnection.java:106)
[2025-04-03T18:57:37.869+0000] {spark_submit.py:649} INFO - at java.base/java.lang.Thread.run(Thread.java:840)
[2025-04-03T18:57:37.899+0000] {spark_submit.py:649} INFO - 25/04/03 18:57:37 INFO StandaloneAppClient$ClientEndpoint: Connecting to master spark://spark-master:7077...
[2025-04-03T18:57:37.931+0000] {spark_submit.py:649} INFO - 25/04/03 18:57:37 INFO TransportClientFactory: Successfully created connection to spark-master/172.24.0.2:7077 after 17 ms (0 ms spent in bootstraps)
[2025-04-03T18:57:37.998+0000] {spark_submit.py:649} INFO - 25/04/03 18:57:37 INFO StandaloneSchedulerBackend: Connected to Spark cluster with app ID app-20250403185737-0002
[2025-04-03T18:57:38.000+0000] {spark_submit.py:649} INFO - 25/04/03 18:57:38 INFO StandaloneAppClient$ClientEndpoint: Executor added: app-20250403185737-0002/0 on worker-20250403185437-172.24.0.7-34885 (172.24.0.7:34885) with 16 core(s)
[2025-04-03T18:57:38.002+0000] {spark_submit.py:649} INFO - 25/04/03 18:57:38 INFO StandaloneSchedulerBackend: Granted executor ID app-20250403185737-0002/0 on hostPort 172.24.0.7:34885 with 16 core(s), 1024.0 MiB RAM
[2025-04-03T18:57:38.009+0000] {spark_submit.py:649} INFO - 25/04/03 18:57:38 INFO Utils: Successfully started service 'org.apache.spark.network.netty.NettyBlockTransferService' on port 41549.
[2025-04-03T18:57:38.010+0000] {spark_submit.py:649} INFO - 25/04/03 18:57:38 INFO NettyBlockTransferService: Server created on ef4a1ba9f2f9:41549
[2025-04-03T18:57:38.011+0000] {spark_submit.py:649} INFO - 25/04/03 18:57:38 INFO BlockManager: Using org.apache.spark.storage.RandomBlockReplicationPolicy for block replication policy
[2025-04-03T18:57:38.015+0000] {spark_submit.py:649} INFO - 25/04/03 18:57:38 INFO BlockManagerMaster: Registering BlockManager BlockManagerId(driver, ef4a1ba9f2f9, 41549, None)
[2025-04-03T18:57:38.021+0000] {spark_submit.py:649} INFO - 25/04/03 18:57:38 INFO BlockManagerMasterEndpoint: Registering block manager ef4a1ba9f2f9:41549 with 434.4 MiB RAM, BlockManagerId(driver, ef4a1ba9f2f9, 41549, None)
[2025-04-03T18:57:38.024+0000] {spark_submit.py:649} INFO - 25/04/03 18:57:38 INFO BlockManagerMaster: Registered BlockManager BlockManagerId(driver, ef4a1ba9f2f9, 41549, None)
[2025-04-03T18:57:38.026+0000] {spark_submit.py:649} INFO - 25/04/03 18:57:38 INFO BlockManager: Initialized BlockManager: BlockManagerId(driver, ef4a1ba9f2f9, 41549, None)
[2025-04-03T18:57:38.043+0000] {spark_submit.py:649} INFO - 25/04/03 18:57:38 INFO StandaloneAppClient$ClientEndpoint: Executor updated: app-20250403185737-0002/0 is now RUNNING
[2025-04-03T18:57:38.205+0000] {spark_submit.py:649} INFO - 25/04/03 18:57:38 INFO StandaloneSchedulerBackend: SchedulerBackend is ready for scheduling beginning after reached minRegisteredResourcesRatio: 0.0
[2025-04-03T18:57:38.373+0000] {spark_submit.py:649} INFO - ✅ Spark session received from DAG
[2025-04-03T18:57:38.374+0000] {spark_submit.py:649} INFO - 📥 Reading raw data...
[2025-04-03T18:57:38.379+0000] {spark_submit.py:649} INFO - 25/04/03 18:57:38 INFO SharedState: Setting hive.metastore.warehouse.dir ('null') to the value of spark.sql.warehouse.dir.
[2025-04-03T18:57:38.381+0000] {spark_submit.py:649} INFO - 25/04/03 18:57:38 INFO SharedState: Warehouse path is 'file:/opt/airflow/spark-warehouse'.
[2025-04-03T18:57:39.194+0000] {spark_submit.py:649} INFO - 25/04/03 18:57:39 WARN FileStreamSink: Assume no metadata directory. Error while looking for metadata directory in the path: s3a://nyc-taxi/raw/yellow_tripdata_2023-01.parquet.
[2025-04-03T18:57:39.196+0000] {spark_submit.py:649} INFO - java.lang.RuntimeException: java.lang.ClassNotFoundException: Class org.apache.hadoop.fs.s3a.S3AFileSystem not found
[2025-04-03T18:57:39.196+0000] {spark_submit.py:649} INFO - at org.apache.hadoop.conf.Configuration.getClass(Configuration.java:2688)
[2025-04-03T18:57:39.197+0000] {spark_submit.py:649} INFO - at org.apache.hadoop.fs.FileSystem.getFileSystemClass(FileSystem.java:3431)
[2025-04-03T18:57:39.198+0000] {spark_submit.py:649} INFO - at org.apache.hadoop.fs.FileSystem.createFileSystem(FileSystem.java:3466)
[2025-04-03T18:57:39.199+0000] {spark_submit.py:649} INFO - at org.apache.hadoop.fs.FileSystem.access$300(FileSystem.java:174)
[2025-04-03T18:57:39.199+0000] {spark_submit.py:649} INFO - at org.apache.hadoop.fs.FileSystem$Cache.getInternal(FileSystem.java:3574)
[2025-04-03T18:57:39.200+0000] {spark_submit.py:649} INFO - at org.apache.hadoop.fs.FileSystem$Cache.get(FileSystem.java:3521)
[2025-04-03T18:57:39.201+0000] {spark_submit.py:649} INFO - at org.apache.hadoop.fs.FileSystem.get(FileSystem.java:540)
[2025-04-03T18:57:39.201+0000] {spark_submit.py:649} INFO - at org.apache.hadoop.fs.Path.getFileSystem(Path.java:365)
[2025-04-03T18:57:39.202+0000] {spark_submit.py:649} INFO - at org.apache.spark.sql.execution.streaming.FileStreamSink$.hasMetadata(FileStreamSink.scala:53)
[2025-04-03T18:57:39.203+0000] {spark_submit.py:649} INFO - at org.apache.spark.sql.execution.datasources.DataSource.resolveRelation(DataSource.scala:366)
[2025-04-03T18:57:39.203+0000] {spark_submit.py:649} INFO - at org.apache.spark.sql.DataFrameReader.loadV1Source(DataFrameReader.scala:229)
[2025-04-03T18:57:39.204+0000] {spark_submit.py:649} INFO - at org.apache.spark.sql.DataFrameReader.$anonfun$load$2(DataFrameReader.scala:211)
[2025-04-03T18:57:39.204+0000] {spark_submit.py:649} INFO - at scala.Option.getOrElse(Option.scala:189)
[2025-04-03T18:57:39.205+0000] {spark_submit.py:649} INFO - at org.apache.spark.sql.DataFrameReader.load(DataFrameReader.scala:211)
[2025-04-03T18:57:39.205+0000] {spark_submit.py:649} INFO - at org.apache.spark.sql.DataFrameReader.parquet(DataFrameReader.scala:563)
[2025-04-03T18:57:39.206+0000] {spark_submit.py:649} INFO - at java.base/jdk.internal.reflect.NativeMethodAccessorImpl.invoke0(Native Method)
[2025-04-03T18:57:39.207+0000] {spark_submit.py:649} INFO - at java.base/jdk.internal.reflect.NativeMethodAccessorImpl.invoke(NativeMethodAccessorImpl.java:77)
[2025-04-03T18:57:39.207+0000] {spark_submit.py:649} INFO - at java.base/jdk.internal.reflect.DelegatingMethodAccessorImpl.invoke(DelegatingMethodAccessorImpl.java:43)
[2025-04-03T18:57:39.208+0000] {spark_submit.py:649} INFO - at java.base/java.lang.reflect.Method.invoke(Method.java:569)
[2025-04-03T18:57:39.209+0000] {spark_submit.py:649} INFO - at py4j.reflection.MethodInvoker.invoke(MethodInvoker.java:244)
[2025-04-03T18:57:39.209+0000] {spark_submit.py:649} INFO - at py4j.reflection.ReflectionEngine.invoke(ReflectionEngine.java:374)
[2025-04-03T18:57:39.210+0000] {spark_submit.py:649} INFO - at py4j.Gateway.invoke(Gateway.java:282)
[2025-04-03T18:57:39.210+0000] {spark_submit.py:649} INFO - at py4j.commands.AbstractCommand.invokeMethod(AbstractCommand.java:132)
[2025-04-03T18:57:39.211+0000] {spark_submit.py:649} INFO - at py4j.commands.CallCommand.execute(CallCommand.java:79)
[2025-04-03T18:57:39.211+0000] {spark_submit.py:649} INFO - at py4j.ClientServerConnection.waitForCommands(ClientServerConnection.java:182)
[2025-04-03T18:57:39.212+0000] {spark_submit.py:649} INFO - at py4j.ClientServerConnection.run(ClientServerConnection.java:106)
[2025-04-03T18:57:39.213+0000] {spark_submit.py:649} INFO - at java.base/java.lang.Thread.run(Thread.java:840)
[2025-04-03T18:57:39.213+0000] {spark_submit.py:649} INFO - Caused by: java.lang.ClassNotFoundException: Class org.apache.hadoop.fs.s3a.S3AFileSystem not found
[2025-04-03T18:57:39.214+0000] {spark_submit.py:649} INFO - at org.apache.hadoop.conf.Configuration.getClassByName(Configuration.java:2592)
[2025-04-03T18:57:39.215+0000] {spark_submit.py:649} INFO - at org.apache.hadoop.conf.Configuration.getClass(Configuration.java:2686)
[2025-04-03T18:57:39.216+0000] {spark_submit.py:649} INFO - ... 26 more
[2025-04-03T18:57:39.304+0000] {spark_submit.py:649} INFO - Traceback (most recent call last):
[2025-04-03T18:57:39.304+0000] {spark_submit.py:649} INFO - File "/opt/spark-app/clean_yellow_tripdata.py", line 9, in <module>
[2025-04-03T18:57:39.308+0000] {spark_submit.py:649} INFO - clean_yellow_tripdata(spark)
[2025-04-03T18:57:39.309+0000] {spark_submit.py:649} INFO - File "/opt/pipeline/transform/clean_yellow_tripdata.py", line 9, in clean_yellow_tripdata
[2025-04-03T18:57:39.312+0000] {spark_submit.py:649} INFO - df = spark.read.parquet(raw_path)
[2025-04-03T18:57:39.313+0000] {spark_submit.py:649} INFO - File "/opt/spark/python/lib/pyspark.zip/pyspark/sql/readwriter.py", line 544, in parquet
[2025-04-03T18:57:39.313+0000] {spark_submit.py:649} INFO - File "/opt/spark/python/lib/py4j-0.10.9.7-src.zip/py4j/java_gateway.py", line 1322, in __call__
[2025-04-03T18:57:39.314+0000] {spark_submit.py:649} INFO - File "/opt/spark/python/lib/pyspark.zip/pyspark/errors/exceptions/captured.py", line 179, in deco
[2025-04-03T18:57:39.315+0000] {spark_submit.py:649} INFO - File "/opt/spark/python/lib/py4j-0.10.9.7-src.zip/py4j/protocol.py", line 326, in get_return_value
[2025-04-03T18:57:39.317+0000] {spark_submit.py:649} INFO - py4j.protocol.Py4JJavaError: An error occurred while calling o26.parquet.
[2025-04-03T18:57:39.317+0000] {spark_submit.py:649} INFO - : java.lang.RuntimeException: java.lang.ClassNotFoundException: Class org.apache.hadoop.fs.s3a.S3AFileSystem not found
[2025-04-03T18:57:39.318+0000] {spark_submit.py:649} INFO - at org.apache.hadoop.conf.Configuration.getClass(Configuration.java:2688)
[2025-04-03T18:57:39.318+0000] {spark_submit.py:649} INFO - at org.apache.hadoop.fs.FileSystem.getFileSystemClass(FileSystem.java:3431)
[2025-04-03T18:57:39.319+0000] {spark_submit.py:649} INFO - at org.apache.hadoop.fs.FileSystem.createFileSystem(FileSystem.java:3466)
[2025-04-03T18:57:39.319+0000] {spark_submit.py:649} INFO - at org.apache.hadoop.fs.FileSystem.access$300(FileSystem.java:174)
[2025-04-03T18:57:39.320+0000] {spark_submit.py:649} INFO - at org.apache.hadoop.fs.FileSystem$Cache.getInternal(FileSystem.java:3574)
[2025-04-03T18:57:39.320+0000] {spark_submit.py:649} INFO - at org.apache.hadoop.fs.FileSystem$Cache.get(FileSystem.java:3521)
[2025-04-03T18:57:39.321+0000] {spark_submit.py:649} INFO - at org.apache.hadoop.fs.FileSystem.get(FileSystem.java:540)
[2025-04-03T18:57:39.322+0000] {spark_submit.py:649} INFO - at org.apache.hadoop.fs.Path.getFileSystem(Path.java:365)
[2025-04-03T18:57:39.322+0000] {spark_submit.py:649} INFO - at org.apache.spark.sql.execution.datasources.DataSource$.$anonfun$checkAndGlobPathIfNecessary$1(DataSource.scala:724)
[2025-04-03T18:57:39.323+0000] {spark_submit.py:649} INFO - at scala.collection.immutable.List.map(List.scala:293)
[2025-04-03T18:57:39.323+0000] {spark_submit.py:649} INFO - at org.apache.spark.sql.execution.datasources.DataSource$.checkAndGlobPathIfNecessary(DataSource.scala:722)
[2025-04-03T18:57:39.324+0000] {spark_submit.py:649} INFO - at org.apache.spark.sql.execution.datasources.DataSource.checkAndGlobPathIfNecessary(DataSource.scala:551)
[2025-04-03T18:57:39.324+0000] {spark_submit.py:649} INFO - at org.apache.spark.sql.execution.datasources.DataSource.resolveRelation(DataSource.scala:404)
[2025-04-03T18:57:39.325+0000] {spark_submit.py:649} INFO - at org.apache.spark.sql.DataFrameReader.loadV1Source(DataFrameReader.scala:229)
[2025-04-03T18:57:39.325+0000] {spark_submit.py:649} INFO - at org.apache.spark.sql.DataFrameReader.$anonfun$load$2(DataFrameReader.scala:211)
[2025-04-03T18:57:39.325+0000] {spark_submit.py:649} INFO - at scala.Option.getOrElse(Option.scala:189)
[2025-04-03T18:57:39.326+0000] {spark_submit.py:649} INFO - at org.apache.spark.sql.DataFrameReader.load(DataFrameReader.scala:211)
[2025-04-03T18:57:39.326+0000] {spark_submit.py:649} INFO - at org.apache.spark.sql.DataFrameReader.parquet(DataFrameReader.scala:563)
[2025-04-03T18:57:39.327+0000] {spark_submit.py:649} INFO - at java.base/jdk.internal.reflect.NativeMethodAccessorImpl.invoke0(Native Method)
[2025-04-03T18:57:39.327+0000] {spark_submit.py:649} INFO - at java.base/jdk.internal.reflect.NativeMethodAccessorImpl.invoke(NativeMethodAccessorImpl.java:77)
[2025-04-03T18:57:39.327+0000] {spark_submit.py:649} INFO - at java.base/jdk.internal.reflect.DelegatingMethodAccessorImpl.invoke(DelegatingMethodAccessorImpl.java:43)
[2025-04-03T18:57:39.328+0000] {spark_submit.py:649} INFO - at java.base/java.lang.reflect.Method.invoke(Method.java:569)
[2025-04-03T18:57:39.328+0000] {spark_submit.py:649} INFO - at py4j.reflection.MethodInvoker.invoke(MethodInvoker.java:244)
[2025-04-03T18:57:39.329+0000] {spark_submit.py:649} INFO - at py4j.reflection.ReflectionEngine.invoke(ReflectionEngine.java:374)
[2025-04-03T18:57:39.329+0000] {spark_submit.py:649} INFO - at py4j.Gateway.invoke(Gateway.java:282)
[2025-04-03T18:57:39.330+0000] {spark_submit.py:649} INFO - at py4j.commands.AbstractCommand.invokeMethod(AbstractCommand.java:132)
[2025-04-03T18:57:39.330+0000] {spark_submit.py:649} INFO - at py4j.commands.CallCommand.execute(CallCommand.java:79)
[2025-04-03T18:57:39.331+0000] {spark_submit.py:649} INFO - at py4j.ClientServerConnection.waitForCommands(ClientServerConnection.java:182)
[2025-04-03T18:57:39.331+0000] {spark_submit.py:649} INFO - at py4j.ClientServerConnection.run(ClientServerConnection.java:106)
[2025-04-03T18:57:39.332+0000] {spark_submit.py:649} INFO - at java.base/java.lang.Thread.run(Thread.java:840)
[2025-04-03T18:57:39.332+0000] {spark_submit.py:649} INFO - Caused by: java.lang.ClassNotFoundException: Class org.apache.hadoop.fs.s3a.S3AFileSystem not found
[2025-04-03T18:57:39.333+0000] {spark_submit.py:649} INFO - at org.apache.hadoop.conf.Configuration.getClassByName(Configuration.java:2592)
[2025-04-03T18:57:39.333+0000] {spark_submit.py:649} INFO - at org.apache.hadoop.conf.Configuration.getClass(Configuration.java:2686)
[2025-04-03T18:57:39.334+0000] {spark_submit.py:649} INFO - ... 29 more
[2025-04-03T18:57:39.334+0000] {spark_submit.py:649} INFO - 
[2025-04-03T18:57:39.366+0000] {spark_submit.py:649} INFO - 25/04/03 18:57:39 INFO SparkContext: Invoking stop() from shutdown hook
[2025-04-03T18:57:39.367+0000] {spark_submit.py:649} INFO - 25/04/03 18:57:39 INFO SparkContext: SparkContext is stopping with exitCode 0.
[2025-04-03T18:57:39.383+0000] {spark_submit.py:649} INFO - 25/04/03 18:57:39 INFO SparkUI: Stopped Spark web UI at http://ef4a1ba9f2f9:4040
[2025-04-03T18:57:39.388+0000] {spark_submit.py:649} INFO - 25/04/03 18:57:39 INFO StandaloneSchedulerBackend: Shutting down all executors
[2025-04-03T18:57:39.392+0000] {spark_submit.py:649} INFO - 25/04/03 18:57:39 INFO StandaloneSchedulerBackend$StandaloneDriverEndpoint: Asking each executor to shut down
[2025-04-03T18:57:39.410+0000] {spark_submit.py:649} INFO - 25/04/03 18:57:39 INFO MapOutputTrackerMasterEndpoint: MapOutputTrackerMasterEndpoint stopped!
[2025-04-03T18:57:39.425+0000] {spark_submit.py:649} INFO - 25/04/03 18:57:39 INFO MemoryStore: MemoryStore cleared
[2025-04-03T18:57:39.425+0000] {spark_submit.py:649} INFO - 25/04/03 18:57:39 INFO BlockManager: BlockManager stopped
[2025-04-03T18:57:39.429+0000] {spark_submit.py:649} INFO - 25/04/03 18:57:39 INFO BlockManagerMaster: BlockManagerMaster stopped
[2025-04-03T18:57:39.432+0000] {spark_submit.py:649} INFO - 25/04/03 18:57:39 INFO OutputCommitCoordinator$OutputCommitCoordinatorEndpoint: OutputCommitCoordinator stopped!
[2025-04-03T18:57:39.447+0000] {spark_submit.py:649} INFO - 25/04/03 18:57:39 INFO SparkContext: Successfully stopped SparkContext
[2025-04-03T18:57:39.448+0000] {spark_submit.py:649} INFO - 25/04/03 18:57:39 INFO ShutdownHookManager: Shutdown hook called
[2025-04-03T18:57:39.449+0000] {spark_submit.py:649} INFO - 25/04/03 18:57:39 INFO ShutdownHookManager: Deleting directory /tmp/spark-f09df1b4-a2f1-4778-a33f-aadb21e15c72/pyspark-292265e2-7d85-4276-ad59-1727e111d955
[2025-04-03T18:57:39.452+0000] {spark_submit.py:649} INFO - 25/04/03 18:57:39 INFO ShutdownHookManager: Deleting directory /tmp/spark-e8267b41-eddf-4aaf-b840-f7771fdccda1
[2025-04-03T18:57:39.456+0000] {spark_submit.py:649} INFO - 25/04/03 18:57:39 INFO ShutdownHookManager: Deleting directory /tmp/spark-f09df1b4-a2f1-4778-a33f-aadb21e15c72
[2025-04-03T18:57:39.511+0000] {taskinstance.py:2698} ERROR - Task failed with exception
Traceback (most recent call last):
  File "/home/airflow/.local/lib/python3.8/site-packages/airflow/models/taskinstance.py", line 433, in _execute_task
    result = execute_callable(context=context, **execute_callable_kwargs)
  File "/home/airflow/.local/lib/python3.8/site-packages/airflow/providers/apache/spark/operators/spark_submit.py", line 176, in execute
    self._hook.submit(self.application)
  File "/home/airflow/.local/lib/python3.8/site-packages/airflow/providers/apache/spark/hooks/spark_submit.py", line 575, in submit
    raise AirflowException(
airflow.exceptions.AirflowException: Cannot execute: spark-submit --master spark://spark-master:7077 --conf spark.master=spark://spark-master:7077 --jars /opt/spark/jars/hadoop-aws-3.3.6.jar,/opt/spark/jars/aws-java-sdk-bundle-1.12.696.jar --name arrow-spark --verbose --queue root.default --deploy-mode client /opt/spark-app/clean_yellow_tripdata.py. Error code is: 1.
[2025-04-03T18:57:39.516+0000] {taskinstance.py:1138} INFO - Marking task as FAILED. dag_id=full_pipeline_dag, task_id=clean_data_spark, execution_date=20250403T182015, start_date=20250403T185733, end_date=20250403T185739
[2025-04-03T18:57:39.692+0000] {standard_task_runner.py:107} ERROR - Failed to execute job 209 for task clean_data_spark (Cannot execute: spark-submit --master spark://spark-master:7077 --conf spark.master=spark://spark-master:7077 --jars /opt/spark/jars/hadoop-aws-3.3.6.jar,/opt/spark/jars/aws-java-sdk-bundle-1.12.696.jar --name arrow-spark --verbose --queue root.default --deploy-mode client /opt/spark-app/clean_yellow_tripdata.py. Error code is: 1.; 478)
[2025-04-03T18:57:39.741+0000] {local_task_job_runner.py:234} INFO - Task exited with return code 1
[2025-04-03T18:57:39.788+0000] {taskinstance.py:3280} INFO - 0 downstream tasks scheduled from follow-on schedule check
