[2025-04-03T18:51:25.974+0000] {taskinstance.py:1956} INFO - Dependencies all met for dep_context=non-requeueable deps ti=<TaskInstance: full_pipeline_dag.clean_data_spark manual__2025-04-03T18:20:15.390292+00:00 [queued]>
[2025-04-03T18:51:25.988+0000] {taskinstance.py:1956} INFO - Dependencies all met for dep_context=requeueable deps ti=<TaskInstance: full_pipeline_dag.clean_data_spark manual__2025-04-03T18:20:15.390292+00:00 [queued]>
[2025-04-03T18:51:25.989+0000] {taskinstance.py:2170} INFO - Starting attempt 9 of 9
[2025-04-03T18:51:26.018+0000] {taskinstance.py:2191} INFO - Executing <Task(SparkSubmitOperator): clean_data_spark> on 2025-04-03 18:20:15.390292+00:00
[2025-04-03T18:51:26.022+0000] {standard_task_runner.py:60} INFO - Started process 477 to run task
[2025-04-03T18:51:26.025+0000] {standard_task_runner.py:87} INFO - Running: ['airflow', 'tasks', 'run', 'full_pipeline_dag', 'clean_data_spark', 'manual__2025-04-03T18:20:15.390292+00:00', '--job-id', '205', '--raw', '--subdir', 'DAGS_FOLDER/full_pipeline_dag.py', '--cfg-path', '/tmp/tmp8s4oifg_']
[2025-04-03T18:51:26.027+0000] {standard_task_runner.py:88} INFO - Job 205: Subtask clean_data_spark
[2025-04-03T18:51:26.121+0000] {logging_mixin.py:188} WARNING - /home/airflow/.local/lib/python3.8/site-packages/airflow/settings.py:194 DeprecationWarning: The sql_alchemy_conn option in [core] has been moved to the sql_alchemy_conn option in [database] - the old setting has been used, but please update your config.
[2025-04-03T18:51:26.200+0000] {task_command.py:423} INFO - Running <TaskInstance: full_pipeline_dag.clean_data_spark manual__2025-04-03T18:20:15.390292+00:00 [running]> on host bed0eabd0c34
[2025-04-03T18:51:26.354+0000] {taskinstance.py:2480} INFO - Exporting env vars: AIRFLOW_CTX_DAG_OWNER='airflow' AIRFLOW_CTX_DAG_ID='full_pipeline_dag' AIRFLOW_CTX_TASK_ID='clean_data_spark' AIRFLOW_CTX_EXECUTION_DATE='2025-04-03T18:20:15.390292+00:00' AIRFLOW_CTX_TRY_NUMBER='9' AIRFLOW_CTX_DAG_RUN_ID='manual__2025-04-03T18:20:15.390292+00:00'
[2025-04-03T18:51:26.376+0000] {base.py:83} INFO - Using connection ID 'spark_default' for task execution.
[2025-04-03T18:51:26.378+0000] {spark_submit.py:473} INFO - Spark-Submit cmd: spark-submit --master spark://spark-master:7077 --name arrow-spark --verbose --queue root.default --deploy-mode client /opt/spark-app/clean_yellow_tripdata.py
[2025-04-03T18:51:27.616+0000] {spark_submit.py:649} INFO - Using properties file: null
[2025-04-03T18:51:27.725+0000] {spark_submit.py:649} INFO - Parsed arguments:
[2025-04-03T18:51:27.727+0000] {spark_submit.py:649} INFO - master                  spark://spark-master:7077
[2025-04-03T18:51:27.728+0000] {spark_submit.py:649} INFO - remote                  null
[2025-04-03T18:51:27.729+0000] {spark_submit.py:649} INFO - deployMode              client
[2025-04-03T18:51:27.730+0000] {spark_submit.py:649} INFO - executorMemory          null
[2025-04-03T18:51:27.731+0000] {spark_submit.py:649} INFO - executorCores           null
[2025-04-03T18:51:27.732+0000] {spark_submit.py:649} INFO - totalExecutorCores      null
[2025-04-03T18:51:27.733+0000] {spark_submit.py:649} INFO - propertiesFile          null
[2025-04-03T18:51:27.733+0000] {spark_submit.py:649} INFO - driverMemory            null
[2025-04-03T18:51:27.734+0000] {spark_submit.py:649} INFO - driverCores             null
[2025-04-03T18:51:27.735+0000] {spark_submit.py:649} INFO - driverExtraClassPath    null
[2025-04-03T18:51:27.736+0000] {spark_submit.py:649} INFO - driverExtraLibraryPath  null
[2025-04-03T18:51:27.737+0000] {spark_submit.py:649} INFO - driverExtraJavaOptions  null
[2025-04-03T18:51:27.737+0000] {spark_submit.py:649} INFO - supervise               false
[2025-04-03T18:51:27.738+0000] {spark_submit.py:649} INFO - queue                   root.default
[2025-04-03T18:51:27.739+0000] {spark_submit.py:649} INFO - numExecutors            null
[2025-04-03T18:51:27.740+0000] {spark_submit.py:649} INFO - files                   null
[2025-04-03T18:51:27.742+0000] {spark_submit.py:649} INFO - pyFiles                 null
[2025-04-03T18:51:27.743+0000] {spark_submit.py:649} INFO - archives                null
[2025-04-03T18:51:27.745+0000] {spark_submit.py:649} INFO - mainClass               null
[2025-04-03T18:51:27.746+0000] {spark_submit.py:649} INFO - primaryResource         file:/opt/spark-app/clean_yellow_tripdata.py
[2025-04-03T18:51:27.747+0000] {spark_submit.py:649} INFO - name                    arrow-spark
[2025-04-03T18:51:27.748+0000] {spark_submit.py:649} INFO - childArgs               []
[2025-04-03T18:51:27.749+0000] {spark_submit.py:649} INFO - jars                    null
[2025-04-03T18:51:27.750+0000] {spark_submit.py:649} INFO - packages                null
[2025-04-03T18:51:27.751+0000] {spark_submit.py:649} INFO - packagesExclusions      null
[2025-04-03T18:51:27.752+0000] {spark_submit.py:649} INFO - repositories            null
[2025-04-03T18:51:27.752+0000] {spark_submit.py:649} INFO - verbose                 true
[2025-04-03T18:51:27.753+0000] {spark_submit.py:649} INFO - 
[2025-04-03T18:51:27.753+0000] {spark_submit.py:649} INFO - Spark properties used, including those specified through
[2025-04-03T18:51:27.754+0000] {spark_submit.py:649} INFO - --conf and those from the properties file null:
[2025-04-03T18:51:27.754+0000] {spark_submit.py:649} INFO - 
[2025-04-03T18:51:27.755+0000] {spark_submit.py:649} INFO - 
[2025-04-03T18:51:27.756+0000] {spark_submit.py:649} INFO - 
[2025-04-03T18:51:28.004+0000] {spark_submit.py:649} INFO - Main class:
[2025-04-03T18:51:28.005+0000] {spark_submit.py:649} INFO - org.apache.spark.deploy.PythonRunner
[2025-04-03T18:51:28.006+0000] {spark_submit.py:649} INFO - Arguments:
[2025-04-03T18:51:28.006+0000] {spark_submit.py:649} INFO - file:/opt/spark-app/clean_yellow_tripdata.py
[2025-04-03T18:51:28.007+0000] {spark_submit.py:649} INFO - null
[2025-04-03T18:51:28.007+0000] {spark_submit.py:649} INFO - Spark config:
[2025-04-03T18:51:28.008+0000] {spark_submit.py:649} INFO - (spark.app.name,arrow-spark)
[2025-04-03T18:51:28.008+0000] {spark_submit.py:649} INFO - (spark.app.submitTime,1743706287983)
[2025-04-03T18:51:28.009+0000] {spark_submit.py:649} INFO - (spark.master,spark://spark-master:7077)
[2025-04-03T18:51:28.009+0000] {spark_submit.py:649} INFO - (spark.submit.deployMode,client)
[2025-04-03T18:51:28.010+0000] {spark_submit.py:649} INFO - (spark.submit.pyFiles,)
[2025-04-03T18:51:28.010+0000] {spark_submit.py:649} INFO - Classpath elements:
[2025-04-03T18:51:28.011+0000] {spark_submit.py:649} INFO - 
[2025-04-03T18:51:28.011+0000] {spark_submit.py:649} INFO - 
[2025-04-03T18:51:28.011+0000] {spark_submit.py:649} INFO - 
[2025-04-03T18:51:28.854+0000] {spark_submit.py:649} INFO - 25/04/03 18:51:28 INFO SparkContext: Running Spark version 3.5.0
[2025-04-03T18:51:28.856+0000] {spark_submit.py:649} INFO - 25/04/03 18:51:28 INFO SparkContext: OS info Linux, 5.15.167.4-microsoft-standard-WSL2, amd64
[2025-04-03T18:51:28.857+0000] {spark_submit.py:649} INFO - 25/04/03 18:51:28 INFO SparkContext: Java version 17.0.14
[2025-04-03T18:51:28.906+0000] {spark_submit.py:649} INFO - 25/04/03 18:51:28 WARN NativeCodeLoader: Unable to load native-hadoop library for your platform... using builtin-java classes where applicable
[2025-04-03T18:51:28.987+0000] {spark_submit.py:649} INFO - 25/04/03 18:51:28 INFO ResourceUtils: ==============================================================
[2025-04-03T18:51:28.988+0000] {spark_submit.py:649} INFO - 25/04/03 18:51:28 INFO ResourceUtils: No custom resources configured for spark.driver.
[2025-04-03T18:51:28.989+0000] {spark_submit.py:649} INFO - 25/04/03 18:51:28 INFO ResourceUtils: ==============================================================
[2025-04-03T18:51:28.990+0000] {spark_submit.py:649} INFO - 25/04/03 18:51:28 INFO SparkContext: Submitted application: CleanYellowData
[2025-04-03T18:51:29.013+0000] {spark_submit.py:649} INFO - 25/04/03 18:51:29 INFO ResourceProfile: Default ResourceProfile created, executor resources: Map(memory -> name: memory, amount: 1024, script: , vendor: , offHeap -> name: offHeap, amount: 0, script: , vendor: ), task resources: Map(cpus -> name: cpus, amount: 1.0)
[2025-04-03T18:51:29.044+0000] {spark_submit.py:649} INFO - 25/04/03 18:51:29 INFO ResourceProfile: Limiting resource is cpu
[2025-04-03T18:51:29.046+0000] {spark_submit.py:649} INFO - 25/04/03 18:51:29 INFO ResourceProfileManager: Added ResourceProfile id: 0
[2025-04-03T18:51:29.143+0000] {spark_submit.py:649} INFO - 25/04/03 18:51:29 INFO SecurityManager: Changing view acls to: airflow
[2025-04-03T18:51:29.147+0000] {spark_submit.py:649} INFO - 25/04/03 18:51:29 INFO SecurityManager: Changing modify acls to: airflow
[2025-04-03T18:51:29.151+0000] {spark_submit.py:649} INFO - 25/04/03 18:51:29 INFO SecurityManager: Changing view acls groups to:
[2025-04-03T18:51:29.154+0000] {spark_submit.py:649} INFO - 25/04/03 18:51:29 INFO SecurityManager: Changing modify acls groups to:
[2025-04-03T18:51:29.155+0000] {spark_submit.py:649} INFO - 25/04/03 18:51:29 INFO SecurityManager: SecurityManager: authentication disabled; ui acls disabled; users with view permissions: airflow; groups with view permissions: EMPTY; users with modify permissions: airflow; groups with modify permissions: EMPTY
[2025-04-03T18:51:29.425+0000] {spark_submit.py:649} INFO - 25/04/03 18:51:29 INFO Utils: Successfully started service 'sparkDriver' on port 46295.
[2025-04-03T18:51:29.458+0000] {spark_submit.py:649} INFO - 25/04/03 18:51:29 INFO SparkEnv: Registering MapOutputTracker
[2025-04-03T18:51:29.505+0000] {spark_submit.py:649} INFO - 25/04/03 18:51:29 INFO SparkEnv: Registering BlockManagerMaster
[2025-04-03T18:51:29.519+0000] {spark_submit.py:649} INFO - 25/04/03 18:51:29 INFO BlockManagerMasterEndpoint: Using org.apache.spark.storage.DefaultTopologyMapper for getting topology information
[2025-04-03T18:51:29.520+0000] {spark_submit.py:649} INFO - 25/04/03 18:51:29 INFO BlockManagerMasterEndpoint: BlockManagerMasterEndpoint up
[2025-04-03T18:51:29.523+0000] {spark_submit.py:649} INFO - 25/04/03 18:51:29 INFO SparkEnv: Registering BlockManagerMasterHeartbeat
[2025-04-03T18:51:29.543+0000] {spark_submit.py:649} INFO - 25/04/03 18:51:29 INFO DiskBlockManager: Created local directory at /tmp/blockmgr-7bbf7a70-3311-4fe0-b9df-9006359b6643
[2025-04-03T18:51:29.556+0000] {spark_submit.py:649} INFO - 25/04/03 18:51:29 INFO MemoryStore: MemoryStore started with capacity 434.4 MiB
[2025-04-03T18:51:29.576+0000] {spark_submit.py:649} INFO - 25/04/03 18:51:29 INFO SparkEnv: Registering OutputCommitCoordinator
[2025-04-03T18:51:29.707+0000] {spark_submit.py:649} INFO - 25/04/03 18:51:29 INFO JettyUtils: Start Jetty 0.0.0.0:4040 for SparkUI
[2025-04-03T18:51:29.767+0000] {spark_submit.py:649} INFO - 25/04/03 18:51:29 INFO Utils: Successfully started service 'SparkUI' on port 4040.
[2025-04-03T18:51:29.877+0000] {spark_submit.py:649} INFO - 25/04/03 18:51:29 INFO StandaloneAppClient$ClientEndpoint: Connecting to master spark://spark-master:7077...
[2025-04-03T18:51:29.928+0000] {spark_submit.py:649} INFO - 25/04/03 18:51:29 INFO TransportClientFactory: Successfully created connection to spark-master/172.24.0.5:7077 after 21 ms (0 ms spent in bootstraps)
[2025-04-03T18:51:30.075+0000] {spark_submit.py:649} INFO - 25/04/03 18:51:30 INFO StandaloneSchedulerBackend: Connected to Spark cluster with app ID app-20250403185130-0002
[2025-04-03T18:51:30.081+0000] {spark_submit.py:649} INFO - 25/04/03 18:51:30 INFO StandaloneAppClient$ClientEndpoint: Executor added: app-20250403185130-0002/0 on worker-20250403184828-172.24.0.7-36131 (172.24.0.7:36131) with 16 core(s)
[2025-04-03T18:51:30.083+0000] {spark_submit.py:649} INFO - 25/04/03 18:51:30 INFO StandaloneSchedulerBackend: Granted executor ID app-20250403185130-0002/0 on hostPort 172.24.0.7:36131 with 16 core(s), 1024.0 MiB RAM
[2025-04-03T18:51:30.090+0000] {spark_submit.py:649} INFO - 25/04/03 18:51:30 INFO Utils: Successfully started service 'org.apache.spark.network.netty.NettyBlockTransferService' on port 42051.
[2025-04-03T18:51:30.092+0000] {spark_submit.py:649} INFO - 25/04/03 18:51:30 INFO NettyBlockTransferService: Server created on bed0eabd0c34:42051
[2025-04-03T18:51:30.096+0000] {spark_submit.py:649} INFO - 25/04/03 18:51:30 INFO BlockManager: Using org.apache.spark.storage.RandomBlockReplicationPolicy for block replication policy
[2025-04-03T18:51:30.104+0000] {spark_submit.py:649} INFO - 25/04/03 18:51:30 INFO BlockManagerMaster: Registering BlockManager BlockManagerId(driver, bed0eabd0c34, 42051, None)
[2025-04-03T18:51:30.107+0000] {spark_submit.py:649} INFO - 25/04/03 18:51:30 INFO BlockManagerMasterEndpoint: Registering block manager bed0eabd0c34:42051 with 434.4 MiB RAM, BlockManagerId(driver, bed0eabd0c34, 42051, None)
[2025-04-03T18:51:30.110+0000] {spark_submit.py:649} INFO - 25/04/03 18:51:30 INFO BlockManagerMaster: Registered BlockManager BlockManagerId(driver, bed0eabd0c34, 42051, None)
[2025-04-03T18:51:30.113+0000] {spark_submit.py:649} INFO - 25/04/03 18:51:30 INFO BlockManager: Initialized BlockManager: BlockManagerId(driver, bed0eabd0c34, 42051, None)
[2025-04-03T18:51:30.123+0000] {spark_submit.py:649} INFO - 25/04/03 18:51:30 INFO StandaloneAppClient$ClientEndpoint: Executor updated: app-20250403185130-0002/0 is now RUNNING
[2025-04-03T18:51:30.321+0000] {spark_submit.py:649} INFO - 25/04/03 18:51:30 INFO StandaloneSchedulerBackend: SchedulerBackend is ready for scheduling beginning after reached minRegisteredResourcesRatio: 0.0
[2025-04-03T18:51:30.536+0000] {spark_submit.py:649} INFO - ✅ Spark session received from DAG
[2025-04-03T18:51:30.537+0000] {spark_submit.py:649} INFO - 📥 Reading raw data...
[2025-04-03T18:51:30.621+0000] {spark_submit.py:649} INFO - 25/04/03 18:51:30 INFO SharedState: Setting hive.metastore.warehouse.dir ('null') to the value of spark.sql.warehouse.dir.
[2025-04-03T18:51:30.632+0000] {spark_submit.py:649} INFO - 25/04/03 18:51:30 INFO SharedState: Warehouse path is 'file:/opt/airflow/spark-warehouse'.
[2025-04-03T18:51:31.607+0000] {spark_submit.py:649} INFO - 25/04/03 18:51:31 WARN FileStreamSink: Assume no metadata directory. Error while looking for metadata directory in the path: s3a://nyc-taxi/raw/yellow_tripdata_2023-01.parquet.
[2025-04-03T18:51:31.608+0000] {spark_submit.py:649} INFO - java.lang.RuntimeException: java.lang.ClassNotFoundException: Class org.apache.hadoop.fs.s3a.S3AFileSystem not found
[2025-04-03T18:51:31.609+0000] {spark_submit.py:649} INFO - at org.apache.hadoop.conf.Configuration.getClass(Configuration.java:2688)
[2025-04-03T18:51:31.610+0000] {spark_submit.py:649} INFO - at org.apache.hadoop.fs.FileSystem.getFileSystemClass(FileSystem.java:3431)
[2025-04-03T18:51:31.610+0000] {spark_submit.py:649} INFO - at org.apache.hadoop.fs.FileSystem.createFileSystem(FileSystem.java:3466)
[2025-04-03T18:51:31.611+0000] {spark_submit.py:649} INFO - at org.apache.hadoop.fs.FileSystem.access$300(FileSystem.java:174)
[2025-04-03T18:51:31.612+0000] {spark_submit.py:649} INFO - at org.apache.hadoop.fs.FileSystem$Cache.getInternal(FileSystem.java:3574)
[2025-04-03T18:51:31.612+0000] {spark_submit.py:649} INFO - at org.apache.hadoop.fs.FileSystem$Cache.get(FileSystem.java:3521)
[2025-04-03T18:51:31.613+0000] {spark_submit.py:649} INFO - at org.apache.hadoop.fs.FileSystem.get(FileSystem.java:540)
[2025-04-03T18:51:31.614+0000] {spark_submit.py:649} INFO - at org.apache.hadoop.fs.Path.getFileSystem(Path.java:365)
[2025-04-03T18:51:31.614+0000] {spark_submit.py:649} INFO - at org.apache.spark.sql.execution.streaming.FileStreamSink$.hasMetadata(FileStreamSink.scala:53)
[2025-04-03T18:51:31.615+0000] {spark_submit.py:649} INFO - at org.apache.spark.sql.execution.datasources.DataSource.resolveRelation(DataSource.scala:366)
[2025-04-03T18:51:31.616+0000] {spark_submit.py:649} INFO - at org.apache.spark.sql.DataFrameReader.loadV1Source(DataFrameReader.scala:229)
[2025-04-03T18:51:31.617+0000] {spark_submit.py:649} INFO - at org.apache.spark.sql.DataFrameReader.$anonfun$load$2(DataFrameReader.scala:211)
[2025-04-03T18:51:31.617+0000] {spark_submit.py:649} INFO - at scala.Option.getOrElse(Option.scala:189)
[2025-04-03T18:51:31.618+0000] {spark_submit.py:649} INFO - at org.apache.spark.sql.DataFrameReader.load(DataFrameReader.scala:211)
[2025-04-03T18:51:31.619+0000] {spark_submit.py:649} INFO - at org.apache.spark.sql.DataFrameReader.parquet(DataFrameReader.scala:563)
[2025-04-03T18:51:31.620+0000] {spark_submit.py:649} INFO - at java.base/jdk.internal.reflect.NativeMethodAccessorImpl.invoke0(Native Method)
[2025-04-03T18:51:31.621+0000] {spark_submit.py:649} INFO - at java.base/jdk.internal.reflect.NativeMethodAccessorImpl.invoke(NativeMethodAccessorImpl.java:77)
[2025-04-03T18:51:31.621+0000] {spark_submit.py:649} INFO - at java.base/jdk.internal.reflect.DelegatingMethodAccessorImpl.invoke(DelegatingMethodAccessorImpl.java:43)
[2025-04-03T18:51:31.622+0000] {spark_submit.py:649} INFO - at java.base/java.lang.reflect.Method.invoke(Method.java:569)
[2025-04-03T18:51:31.622+0000] {spark_submit.py:649} INFO - at py4j.reflection.MethodInvoker.invoke(MethodInvoker.java:244)
[2025-04-03T18:51:31.623+0000] {spark_submit.py:649} INFO - at py4j.reflection.ReflectionEngine.invoke(ReflectionEngine.java:374)
[2025-04-03T18:51:31.623+0000] {spark_submit.py:649} INFO - at py4j.Gateway.invoke(Gateway.java:282)
[2025-04-03T18:51:31.624+0000] {spark_submit.py:649} INFO - at py4j.commands.AbstractCommand.invokeMethod(AbstractCommand.java:132)
[2025-04-03T18:51:31.625+0000] {spark_submit.py:649} INFO - at py4j.commands.CallCommand.execute(CallCommand.java:79)
[2025-04-03T18:51:31.625+0000] {spark_submit.py:649} INFO - at py4j.ClientServerConnection.waitForCommands(ClientServerConnection.java:182)
[2025-04-03T18:51:31.626+0000] {spark_submit.py:649} INFO - at py4j.ClientServerConnection.run(ClientServerConnection.java:106)
[2025-04-03T18:51:31.627+0000] {spark_submit.py:649} INFO - at java.base/java.lang.Thread.run(Thread.java:840)
[2025-04-03T18:51:31.627+0000] {spark_submit.py:649} INFO - Caused by: java.lang.ClassNotFoundException: Class org.apache.hadoop.fs.s3a.S3AFileSystem not found
[2025-04-03T18:51:31.628+0000] {spark_submit.py:649} INFO - at org.apache.hadoop.conf.Configuration.getClassByName(Configuration.java:2592)
[2025-04-03T18:51:31.628+0000] {spark_submit.py:649} INFO - at org.apache.hadoop.conf.Configuration.getClass(Configuration.java:2686)
[2025-04-03T18:51:31.629+0000] {spark_submit.py:649} INFO - ... 26 more
[2025-04-03T18:51:31.699+0000] {spark_submit.py:649} INFO - Traceback (most recent call last):
[2025-04-03T18:51:31.700+0000] {spark_submit.py:649} INFO - File "/opt/spark-app/clean_yellow_tripdata.py", line 9, in <module>
[2025-04-03T18:51:31.703+0000] {spark_submit.py:649} INFO - clean_yellow_tripdata(spark)
[2025-04-03T18:51:31.704+0000] {spark_submit.py:649} INFO - File "/opt/pipeline/transform/clean_yellow_tripdata.py", line 9, in clean_yellow_tripdata
[2025-04-03T18:51:31.708+0000] {spark_submit.py:649} INFO - df = spark.read.parquet(raw_path)
[2025-04-03T18:51:31.709+0000] {spark_submit.py:649} INFO - File "/opt/spark/python/lib/pyspark.zip/pyspark/sql/readwriter.py", line 544, in parquet
[2025-04-03T18:51:31.710+0000] {spark_submit.py:649} INFO - File "/opt/spark/python/lib/py4j-0.10.9.7-src.zip/py4j/java_gateway.py", line 1322, in __call__
[2025-04-03T18:51:31.711+0000] {spark_submit.py:649} INFO - File "/opt/spark/python/lib/pyspark.zip/pyspark/errors/exceptions/captured.py", line 179, in deco
[2025-04-03T18:51:31.711+0000] {spark_submit.py:649} INFO - File "/opt/spark/python/lib/py4j-0.10.9.7-src.zip/py4j/protocol.py", line 326, in get_return_value
[2025-04-03T18:51:31.713+0000] {spark_submit.py:649} INFO - py4j.protocol.Py4JJavaError: An error occurred while calling o24.parquet.
[2025-04-03T18:51:31.714+0000] {spark_submit.py:649} INFO - : java.lang.RuntimeException: java.lang.ClassNotFoundException: Class org.apache.hadoop.fs.s3a.S3AFileSystem not found
[2025-04-03T18:51:31.715+0000] {spark_submit.py:649} INFO - at org.apache.hadoop.conf.Configuration.getClass(Configuration.java:2688)
[2025-04-03T18:51:31.715+0000] {spark_submit.py:649} INFO - at org.apache.hadoop.fs.FileSystem.getFileSystemClass(FileSystem.java:3431)
[2025-04-03T18:51:31.716+0000] {spark_submit.py:649} INFO - at org.apache.hadoop.fs.FileSystem.createFileSystem(FileSystem.java:3466)
[2025-04-03T18:51:31.717+0000] {spark_submit.py:649} INFO - at org.apache.hadoop.fs.FileSystem.access$300(FileSystem.java:174)
[2025-04-03T18:51:31.717+0000] {spark_submit.py:649} INFO - at org.apache.hadoop.fs.FileSystem$Cache.getInternal(FileSystem.java:3574)
[2025-04-03T18:51:31.718+0000] {spark_submit.py:649} INFO - at org.apache.hadoop.fs.FileSystem$Cache.get(FileSystem.java:3521)
[2025-04-03T18:51:31.718+0000] {spark_submit.py:649} INFO - at org.apache.hadoop.fs.FileSystem.get(FileSystem.java:540)
[2025-04-03T18:51:31.719+0000] {spark_submit.py:649} INFO - at org.apache.hadoop.fs.Path.getFileSystem(Path.java:365)
[2025-04-03T18:51:31.720+0000] {spark_submit.py:649} INFO - at org.apache.spark.sql.execution.datasources.DataSource$.$anonfun$checkAndGlobPathIfNecessary$1(DataSource.scala:724)
[2025-04-03T18:51:31.720+0000] {spark_submit.py:649} INFO - at scala.collection.immutable.List.map(List.scala:293)
[2025-04-03T18:51:31.721+0000] {spark_submit.py:649} INFO - at org.apache.spark.sql.execution.datasources.DataSource$.checkAndGlobPathIfNecessary(DataSource.scala:722)
[2025-04-03T18:51:31.721+0000] {spark_submit.py:649} INFO - at org.apache.spark.sql.execution.datasources.DataSource.checkAndGlobPathIfNecessary(DataSource.scala:551)
[2025-04-03T18:51:31.722+0000] {spark_submit.py:649} INFO - at org.apache.spark.sql.execution.datasources.DataSource.resolveRelation(DataSource.scala:404)
[2025-04-03T18:51:31.722+0000] {spark_submit.py:649} INFO - at org.apache.spark.sql.DataFrameReader.loadV1Source(DataFrameReader.scala:229)
[2025-04-03T18:51:31.723+0000] {spark_submit.py:649} INFO - at org.apache.spark.sql.DataFrameReader.$anonfun$load$2(DataFrameReader.scala:211)
[2025-04-03T18:51:31.723+0000] {spark_submit.py:649} INFO - at scala.Option.getOrElse(Option.scala:189)
[2025-04-03T18:51:31.724+0000] {spark_submit.py:649} INFO - at org.apache.spark.sql.DataFrameReader.load(DataFrameReader.scala:211)
[2025-04-03T18:51:31.725+0000] {spark_submit.py:649} INFO - at org.apache.spark.sql.DataFrameReader.parquet(DataFrameReader.scala:563)
[2025-04-03T18:51:31.725+0000] {spark_submit.py:649} INFO - at java.base/jdk.internal.reflect.NativeMethodAccessorImpl.invoke0(Native Method)
[2025-04-03T18:51:31.726+0000] {spark_submit.py:649} INFO - at java.base/jdk.internal.reflect.NativeMethodAccessorImpl.invoke(NativeMethodAccessorImpl.java:77)
[2025-04-03T18:51:31.727+0000] {spark_submit.py:649} INFO - at java.base/jdk.internal.reflect.DelegatingMethodAccessorImpl.invoke(DelegatingMethodAccessorImpl.java:43)
[2025-04-03T18:51:31.727+0000] {spark_submit.py:649} INFO - at java.base/java.lang.reflect.Method.invoke(Method.java:569)
[2025-04-03T18:51:31.727+0000] {spark_submit.py:649} INFO - at py4j.reflection.MethodInvoker.invoke(MethodInvoker.java:244)
[2025-04-03T18:51:31.728+0000] {spark_submit.py:649} INFO - at py4j.reflection.ReflectionEngine.invoke(ReflectionEngine.java:374)
[2025-04-03T18:51:31.729+0000] {spark_submit.py:649} INFO - at py4j.Gateway.invoke(Gateway.java:282)
[2025-04-03T18:51:31.730+0000] {spark_submit.py:649} INFO - at py4j.commands.AbstractCommand.invokeMethod(AbstractCommand.java:132)
[2025-04-03T18:51:31.730+0000] {spark_submit.py:649} INFO - at py4j.commands.CallCommand.execute(CallCommand.java:79)
[2025-04-03T18:51:31.731+0000] {spark_submit.py:649} INFO - at py4j.ClientServerConnection.waitForCommands(ClientServerConnection.java:182)
[2025-04-03T18:51:31.731+0000] {spark_submit.py:649} INFO - at py4j.ClientServerConnection.run(ClientServerConnection.java:106)
[2025-04-03T18:51:31.732+0000] {spark_submit.py:649} INFO - at java.base/java.lang.Thread.run(Thread.java:840)
[2025-04-03T18:51:31.732+0000] {spark_submit.py:649} INFO - Caused by: java.lang.ClassNotFoundException: Class org.apache.hadoop.fs.s3a.S3AFileSystem not found
[2025-04-03T18:51:31.733+0000] {spark_submit.py:649} INFO - at org.apache.hadoop.conf.Configuration.getClassByName(Configuration.java:2592)
[2025-04-03T18:51:31.734+0000] {spark_submit.py:649} INFO - at org.apache.hadoop.conf.Configuration.getClass(Configuration.java:2686)
[2025-04-03T18:51:31.734+0000] {spark_submit.py:649} INFO - ... 29 more
[2025-04-03T18:51:31.735+0000] {spark_submit.py:649} INFO - 
[2025-04-03T18:51:31.774+0000] {spark_submit.py:649} INFO - 25/04/03 18:51:31 INFO SparkContext: Invoking stop() from shutdown hook
[2025-04-03T18:51:31.775+0000] {spark_submit.py:649} INFO - 25/04/03 18:51:31 INFO SparkContext: SparkContext is stopping with exitCode 0.
[2025-04-03T18:51:31.789+0000] {spark_submit.py:649} INFO - 25/04/03 18:51:31 INFO SparkUI: Stopped Spark web UI at http://bed0eabd0c34:4040
[2025-04-03T18:51:31.793+0000] {spark_submit.py:649} INFO - 25/04/03 18:51:31 INFO StandaloneSchedulerBackend: Shutting down all executors
[2025-04-03T18:51:31.796+0000] {spark_submit.py:649} INFO - 25/04/03 18:51:31 INFO StandaloneSchedulerBackend$StandaloneDriverEndpoint: Asking each executor to shut down
[2025-04-03T18:51:31.811+0000] {spark_submit.py:649} INFO - 25/04/03 18:51:31 INFO MapOutputTrackerMasterEndpoint: MapOutputTrackerMasterEndpoint stopped!
[2025-04-03T18:51:31.826+0000] {spark_submit.py:649} INFO - 25/04/03 18:51:31 INFO MemoryStore: MemoryStore cleared
[2025-04-03T18:51:31.827+0000] {spark_submit.py:649} INFO - 25/04/03 18:51:31 INFO BlockManager: BlockManager stopped
[2025-04-03T18:51:31.834+0000] {spark_submit.py:649} INFO - 25/04/03 18:51:31 INFO BlockManagerMaster: BlockManagerMaster stopped
[2025-04-03T18:51:31.836+0000] {spark_submit.py:649} INFO - 25/04/03 18:51:31 INFO OutputCommitCoordinator$OutputCommitCoordinatorEndpoint: OutputCommitCoordinator stopped!
[2025-04-03T18:51:31.849+0000] {spark_submit.py:649} INFO - 25/04/03 18:51:31 INFO SparkContext: Successfully stopped SparkContext
[2025-04-03T18:51:31.850+0000] {spark_submit.py:649} INFO - 25/04/03 18:51:31 INFO ShutdownHookManager: Shutdown hook called
[2025-04-03T18:51:31.851+0000] {spark_submit.py:649} INFO - 25/04/03 18:51:31 INFO ShutdownHookManager: Deleting directory /tmp/spark-3a30d328-562c-48b7-8ecf-7f281215d212
[2025-04-03T18:51:31.853+0000] {spark_submit.py:649} INFO - 25/04/03 18:51:31 INFO ShutdownHookManager: Deleting directory /tmp/spark-627a9704-b93b-49f2-a017-fb3d4e1c76e3
[2025-04-03T18:51:31.856+0000] {spark_submit.py:649} INFO - 25/04/03 18:51:31 INFO ShutdownHookManager: Deleting directory /tmp/spark-627a9704-b93b-49f2-a017-fb3d4e1c76e3/pyspark-c7b25817-733f-4e72-b1a8-ff32e3f6fcbd
[2025-04-03T18:51:31.910+0000] {taskinstance.py:2698} ERROR - Task failed with exception
Traceback (most recent call last):
  File "/home/airflow/.local/lib/python3.8/site-packages/airflow/models/taskinstance.py", line 433, in _execute_task
    result = execute_callable(context=context, **execute_callable_kwargs)
  File "/home/airflow/.local/lib/python3.8/site-packages/airflow/providers/apache/spark/operators/spark_submit.py", line 176, in execute
    self._hook.submit(self.application)
  File "/home/airflow/.local/lib/python3.8/site-packages/airflow/providers/apache/spark/hooks/spark_submit.py", line 575, in submit
    raise AirflowException(
airflow.exceptions.AirflowException: Cannot execute: spark-submit --master spark://spark-master:7077 --name arrow-spark --verbose --queue root.default --deploy-mode client /opt/spark-app/clean_yellow_tripdata.py. Error code is: 1.
[2025-04-03T18:51:31.918+0000] {taskinstance.py:1138} INFO - Marking task as FAILED. dag_id=full_pipeline_dag, task_id=clean_data_spark, execution_date=20250403T182015, start_date=20250403T185125, end_date=20250403T185131
[2025-04-03T18:51:32.100+0000] {standard_task_runner.py:107} ERROR - Failed to execute job 205 for task clean_data_spark (Cannot execute: spark-submit --master spark://spark-master:7077 --name arrow-spark --verbose --queue root.default --deploy-mode client /opt/spark-app/clean_yellow_tripdata.py. Error code is: 1.; 477)
[2025-04-03T18:51:32.110+0000] {local_task_job_runner.py:234} INFO - Task exited with return code 1
[2025-04-03T18:51:32.156+0000] {taskinstance.py:3280} INFO - 0 downstream tasks scheduled from follow-on schedule check
