[2025-04-04T09:01:10.548+0000] {taskinstance.py:1956} INFO - Dependencies all met for dep_context=non-requeueable deps ti=<TaskInstance: full_pipeline_dag.clean_data_spark manual__2025-04-04T09:00:40.861954+00:00 [queued]>
[2025-04-04T09:01:10.561+0000] {taskinstance.py:1956} INFO - Dependencies all met for dep_context=requeueable deps ti=<TaskInstance: full_pipeline_dag.clean_data_spark manual__2025-04-04T09:00:40.861954+00:00 [queued]>
[2025-04-04T09:01:10.562+0000] {taskinstance.py:2170} INFO - Starting attempt 1 of 1
[2025-04-04T09:01:10.664+0000] {taskinstance.py:2191} INFO - Executing <Task(SparkSubmitOperator): clean_data_spark> on 2025-04-04 09:00:40.861954+00:00
[2025-04-04T09:01:10.670+0000] {standard_task_runner.py:60} INFO - Started process 2163 to run task
[2025-04-04T09:01:10.675+0000] {standard_task_runner.py:87} INFO - Running: ['airflow', 'tasks', 'run', 'full_pipeline_dag', 'clean_data_spark', 'manual__2025-04-04T09:00:40.861954+00:00', '--job-id', '282', '--raw', '--subdir', 'DAGS_FOLDER/full_pipeline_dag.py', '--cfg-path', '/tmp/tmp60nf5680']
[2025-04-04T09:01:10.677+0000] {standard_task_runner.py:88} INFO - Job 282: Subtask clean_data_spark
[2025-04-04T09:01:10.738+0000] {logging_mixin.py:188} WARNING - /home/airflow/.local/lib/python3.8/site-packages/airflow/settings.py:194 DeprecationWarning: The sql_alchemy_conn option in [core] has been moved to the sql_alchemy_conn option in [database] - the old setting has been used, but please update your config.
[2025-04-04T09:01:10.837+0000] {task_command.py:423} INFO - Running <TaskInstance: full_pipeline_dag.clean_data_spark manual__2025-04-04T09:00:40.861954+00:00 [running]> on host 43987fe3142a
[2025-04-04T09:01:11.051+0000] {taskinstance.py:2480} INFO - Exporting env vars: AIRFLOW_CTX_DAG_OWNER='airflow' AIRFLOW_CTX_DAG_ID='full_pipeline_dag' AIRFLOW_CTX_TASK_ID='clean_data_spark' AIRFLOW_CTX_EXECUTION_DATE='2025-04-04T09:00:40.861954+00:00' AIRFLOW_CTX_TRY_NUMBER='1' AIRFLOW_CTX_DAG_RUN_ID='manual__2025-04-04T09:00:40.861954+00:00'
[2025-04-04T09:01:11.066+0000] {base.py:83} INFO - Using connection ID 'spark_default' for task execution.
[2025-04-04T09:01:11.068+0000] {spark_submit.py:473} INFO - Spark-Submit cmd: spark-submit --master spark://spark-master:7077 --conf spark.hadoop.fs.s3a.impl=org.apache.hadoop.fs.s3a.S3AFileSystem --conf spark.hadoop.fs.s3a.access.key=minioadmin --conf spark.hadoop.fs.s3a.secret.key=****** --conf spark.hadoop.fs.s3a.endpoint=http://minio:9000 --conf spark.hadoop.fs.s3a.path.style.access=true --conf spark.hadoop.fs.s3a.connection.ssl.enabled=false --conf spark.hadoop.fs.s3a.aws.credentials.provider=org.apache.hadoop.fs.s3a.SimpleAWSCredentialsProvider --jars /opt/spark-extra-jars/hadoop-aws-3.3.6.jar,/opt/spark-extra-jars/aws-java-sdk-bundle-1.12.696.jar,/opt/spark-extra-jars/hadoop-common-3.3.6.jar --name arrow-spark --verbose --queue root.default --deploy-mode client /opt/spark-app/clean_yellow_tripdata.py
[2025-04-04T09:01:11.096+0000] {spark_submit.py:649} INFO - /opt/spark/bin/load-spark-env.sh: line 68: ps: command not found
[2025-04-04T09:01:12.829+0000] {spark_submit.py:649} INFO - Using properties file: null
[2025-04-04T09:01:12.924+0000] {spark_submit.py:649} INFO - Parsed arguments:
[2025-04-04T09:01:12.925+0000] {spark_submit.py:649} INFO - master                  spark://spark-master:7077
[2025-04-04T09:01:12.926+0000] {spark_submit.py:649} INFO - remote                  null
[2025-04-04T09:01:12.927+0000] {spark_submit.py:649} INFO - deployMode              client
[2025-04-04T09:01:12.927+0000] {spark_submit.py:649} INFO - executorMemory          null
[2025-04-04T09:01:12.928+0000] {spark_submit.py:649} INFO - executorCores           null
[2025-04-04T09:01:12.929+0000] {spark_submit.py:649} INFO - totalExecutorCores      null
[2025-04-04T09:01:12.930+0000] {spark_submit.py:649} INFO - propertiesFile          null
[2025-04-04T09:01:12.931+0000] {spark_submit.py:649} INFO - driverMemory            null
[2025-04-04T09:01:12.931+0000] {spark_submit.py:649} INFO - driverCores             null
[2025-04-04T09:01:12.932+0000] {spark_submit.py:649} INFO - driverExtraClassPath    null
[2025-04-04T09:01:12.933+0000] {spark_submit.py:649} INFO - driverExtraLibraryPath  null
[2025-04-04T09:01:12.933+0000] {spark_submit.py:649} INFO - driverExtraJavaOptions  null
[2025-04-04T09:01:12.934+0000] {spark_submit.py:649} INFO - supervise               false
[2025-04-04T09:01:12.935+0000] {spark_submit.py:649} INFO - queue                   root.default
[2025-04-04T09:01:12.936+0000] {spark_submit.py:649} INFO - numExecutors            null
[2025-04-04T09:01:12.937+0000] {spark_submit.py:649} INFO - files                   null
[2025-04-04T09:01:12.938+0000] {spark_submit.py:649} INFO - pyFiles                 null
[2025-04-04T09:01:12.939+0000] {spark_submit.py:649} INFO - archives                null
[2025-04-04T09:01:12.939+0000] {spark_submit.py:649} INFO - mainClass               null
[2025-04-04T09:01:12.940+0000] {spark_submit.py:649} INFO - primaryResource         file:/opt/spark-app/clean_yellow_tripdata.py
[2025-04-04T09:01:12.941+0000] {spark_submit.py:649} INFO - name                    arrow-spark
[2025-04-04T09:01:12.942+0000] {spark_submit.py:649} INFO - childArgs               []
[2025-04-04T09:01:12.942+0000] {spark_submit.py:649} INFO - jars                    file:/opt/spark-extra-jars/hadoop-aws-3.3.6.jar,file:/opt/spark-extra-jars/aws-java-sdk-bundle-1.12.696.jar,file:/opt/spark-extra-jars/hadoop-common-3.3.6.jar
[2025-04-04T09:01:12.943+0000] {spark_submit.py:649} INFO - packages                null
[2025-04-04T09:01:12.944+0000] {spark_submit.py:649} INFO - packagesExclusions      null
[2025-04-04T09:01:12.944+0000] {spark_submit.py:649} INFO - repositories            null
[2025-04-04T09:01:12.945+0000] {spark_submit.py:649} INFO - verbose                 true
[2025-04-04T09:01:12.945+0000] {spark_submit.py:649} INFO - 
[2025-04-04T09:01:12.946+0000] {spark_submit.py:649} INFO - Spark properties used, including those specified through
[2025-04-04T09:01:12.947+0000] {spark_submit.py:649} INFO - --conf and those from the properties file null:
[2025-04-04T09:01:12.948+0000] {spark_submit.py:649} INFO - (spark.hadoop.fs.s3a.access.key,*********(redacted))
[2025-04-04T09:01:12.948+0000] {spark_submit.py:649} INFO - (spark.hadoop.fs.s3a.aws.credentials.provider,org.apache.hadoop.fs.s3a.SimpleAWSCredentialsProvider)
[2025-04-04T09:01:12.949+0000] {spark_submit.py:649} INFO - (spark.hadoop.fs.s3a.connection.ssl.enabled,false)
[2025-04-04T09:01:12.950+0000] {spark_submit.py:649} INFO - (spark.hadoop.fs.s3a.endpoint,http://minio:9000)
[2025-04-04T09:01:12.951+0000] {spark_submit.py:649} INFO - (spark.hadoop.fs.s3a.impl,org.apache.hadoop.fs.s3a.S3AFileSystem)
[2025-04-04T09:01:12.951+0000] {spark_submit.py:649} INFO - (spark.hadoop.fs.s3a.path.style.access,true)
[2025-04-04T09:01:12.952+0000] {spark_submit.py:649} INFO - (spark.hadoop.fs.s3a.secret.key,*********(redacted))
[2025-04-04T09:01:12.953+0000] {spark_submit.py:649} INFO - 
[2025-04-04T09:01:12.954+0000] {spark_submit.py:649} INFO - 
[2025-04-04T09:01:13.309+0000] {spark_submit.py:649} INFO - 25/04/04 09:01:13 WARN NativeCodeLoader: Unable to load native-hadoop library for your platform... using builtin-java classes where applicable
[2025-04-04T09:01:13.580+0000] {spark_submit.py:649} INFO - Main class:
[2025-04-04T09:01:13.581+0000] {spark_submit.py:649} INFO - org.apache.spark.deploy.PythonRunner
[2025-04-04T09:01:13.583+0000] {spark_submit.py:649} INFO - Arguments:
[2025-04-04T09:01:13.584+0000] {spark_submit.py:649} INFO - file:/opt/spark-app/clean_yellow_tripdata.py
[2025-04-04T09:01:13.587+0000] {spark_submit.py:649} INFO - null
[2025-04-04T09:01:13.588+0000] {spark_submit.py:649} INFO - Spark config:
[2025-04-04T09:01:13.593+0000] {spark_submit.py:649} INFO - (spark.app.name,arrow-spark)
[2025-04-04T09:01:13.594+0000] {spark_submit.py:649} INFO - (spark.app.submitTime,1743757273566)
[2025-04-04T09:01:13.595+0000] {spark_submit.py:649} INFO - (spark.hadoop.fs.s3a.access.key,*********(redacted))
[2025-04-04T09:01:13.596+0000] {spark_submit.py:649} INFO - (spark.hadoop.fs.s3a.aws.credentials.provider,org.apache.hadoop.fs.s3a.SimpleAWSCredentialsProvider)
[2025-04-04T09:01:13.597+0000] {spark_submit.py:649} INFO - (spark.hadoop.fs.s3a.connection.ssl.enabled,false)
[2025-04-04T09:01:13.598+0000] {spark_submit.py:649} INFO - (spark.hadoop.fs.s3a.endpoint,http://minio:9000)
[2025-04-04T09:01:13.599+0000] {spark_submit.py:649} INFO - (spark.hadoop.fs.s3a.impl,org.apache.hadoop.fs.s3a.S3AFileSystem)
[2025-04-04T09:01:13.600+0000] {spark_submit.py:649} INFO - (spark.hadoop.fs.s3a.path.style.access,true)
[2025-04-04T09:01:13.601+0000] {spark_submit.py:649} INFO - (spark.hadoop.fs.s3a.secret.key,*********(redacted))
[2025-04-04T09:01:13.602+0000] {spark_submit.py:649} INFO - (spark.jars,file:///opt/spark-extra-jars/hadoop-aws-3.3.6.jar,file:///opt/spark-extra-jars/aws-java-sdk-bundle-1.12.696.jar,file:///opt/spark-extra-jars/hadoop-common-3.3.6.jar)
[2025-04-04T09:01:13.603+0000] {spark_submit.py:649} INFO - (spark.master,spark://spark-master:7077)
[2025-04-04T09:01:13.603+0000] {spark_submit.py:649} INFO - (spark.repl.local.jars,file:///opt/spark-extra-jars/hadoop-aws-3.3.6.jar,file:///opt/spark-extra-jars/aws-java-sdk-bundle-1.12.696.jar,file:///opt/spark-extra-jars/hadoop-common-3.3.6.jar)
[2025-04-04T09:01:13.604+0000] {spark_submit.py:649} INFO - (spark.submit.deployMode,client)
[2025-04-04T09:01:13.605+0000] {spark_submit.py:649} INFO - (spark.submit.pyFiles,)
[2025-04-04T09:01:13.605+0000] {spark_submit.py:649} INFO - Classpath elements:
[2025-04-04T09:01:13.606+0000] {spark_submit.py:649} INFO - file:///opt/spark-extra-jars/hadoop-aws-3.3.6.jar
[2025-04-04T09:01:13.607+0000] {spark_submit.py:649} INFO - file:///opt/spark-extra-jars/aws-java-sdk-bundle-1.12.696.jar
[2025-04-04T09:01:13.607+0000] {spark_submit.py:649} INFO - file:///opt/spark-extra-jars/hadoop-common-3.3.6.jar
[2025-04-04T09:01:13.608+0000] {spark_submit.py:649} INFO - 
[2025-04-04T09:01:13.608+0000] {spark_submit.py:649} INFO - 
[2025-04-04T09:01:15.143+0000] {spark_submit.py:649} INFO - 25/04/04 09:01:15 INFO SparkContext: Running Spark version 3.5.0
[2025-04-04T09:01:15.144+0000] {spark_submit.py:649} INFO - 25/04/04 09:01:15 INFO SparkContext: OS info Linux, 5.15.167.4-microsoft-standard-WSL2, amd64
[2025-04-04T09:01:15.144+0000] {spark_submit.py:649} INFO - 25/04/04 09:01:15 INFO SparkContext: Java version 17.0.14
[2025-04-04T09:01:15.167+0000] {spark_submit.py:649} INFO - 25/04/04 09:01:15 INFO ResourceUtils: ==============================================================
[2025-04-04T09:01:15.168+0000] {spark_submit.py:649} INFO - 25/04/04 09:01:15 INFO ResourceUtils: No custom resources configured for spark.driver.
[2025-04-04T09:01:15.169+0000] {spark_submit.py:649} INFO - 25/04/04 09:01:15 INFO ResourceUtils: ==============================================================
[2025-04-04T09:01:15.169+0000] {spark_submit.py:649} INFO - 25/04/04 09:01:15 INFO SparkContext: Submitted application: CleanYellowData
[2025-04-04T09:01:15.186+0000] {spark_submit.py:649} INFO - 25/04/04 09:01:15 INFO ResourceProfile: Default ResourceProfile created, executor resources: Map(memory -> name: memory, amount: 1024, script: , vendor: , offHeap -> name: offHeap, amount: 0, script: , vendor: ), task resources: Map(cpus -> name: cpus, amount: 1.0)
[2025-04-04T09:01:15.198+0000] {spark_submit.py:649} INFO - 25/04/04 09:01:15 INFO ResourceProfile: Limiting resource is cpu
[2025-04-04T09:01:15.199+0000] {spark_submit.py:649} INFO - 25/04/04 09:01:15 INFO ResourceProfileManager: Added ResourceProfile id: 0
[2025-04-04T09:01:15.243+0000] {spark_submit.py:649} INFO - 25/04/04 09:01:15 INFO SecurityManager: Changing view acls to: airflow
[2025-04-04T09:01:15.245+0000] {spark_submit.py:649} INFO - 25/04/04 09:01:15 INFO SecurityManager: Changing modify acls to: airflow
[2025-04-04T09:01:15.245+0000] {spark_submit.py:649} INFO - 25/04/04 09:01:15 INFO SecurityManager: Changing view acls groups to:
[2025-04-04T09:01:15.246+0000] {spark_submit.py:649} INFO - 25/04/04 09:01:15 INFO SecurityManager: Changing modify acls groups to:
[2025-04-04T09:01:15.246+0000] {spark_submit.py:649} INFO - 25/04/04 09:01:15 INFO SecurityManager: SecurityManager: authentication disabled; ui acls disabled; users with view permissions: airflow; groups with view permissions: EMPTY; users with modify permissions: airflow; groups with modify permissions: EMPTY
[2025-04-04T09:01:15.496+0000] {spark_submit.py:649} INFO - 25/04/04 09:01:15 INFO Utils: Successfully started service 'sparkDriver' on port 33601.
[2025-04-04T09:01:15.536+0000] {spark_submit.py:649} INFO - 25/04/04 09:01:15 INFO SparkEnv: Registering MapOutputTracker
[2025-04-04T09:01:15.582+0000] {spark_submit.py:649} INFO - 25/04/04 09:01:15 INFO SparkEnv: Registering BlockManagerMaster
[2025-04-04T09:01:15.596+0000] {spark_submit.py:649} INFO - 25/04/04 09:01:15 INFO BlockManagerMasterEndpoint: Using org.apache.spark.storage.DefaultTopologyMapper for getting topology information
[2025-04-04T09:01:15.597+0000] {spark_submit.py:649} INFO - 25/04/04 09:01:15 INFO BlockManagerMasterEndpoint: BlockManagerMasterEndpoint up
[2025-04-04T09:01:15.601+0000] {spark_submit.py:649} INFO - 25/04/04 09:01:15 INFO SparkEnv: Registering BlockManagerMasterHeartbeat
[2025-04-04T09:01:15.619+0000] {spark_submit.py:649} INFO - 25/04/04 09:01:15 INFO DiskBlockManager: Created local directory at /tmp/blockmgr-e182d5f3-eaff-434a-bafd-82e4fd191042
[2025-04-04T09:01:15.629+0000] {spark_submit.py:649} INFO - 25/04/04 09:01:15 INFO MemoryStore: MemoryStore started with capacity 434.4 MiB
[2025-04-04T09:01:15.642+0000] {spark_submit.py:649} INFO - 25/04/04 09:01:15 INFO SparkEnv: Registering OutputCommitCoordinator
[2025-04-04T09:01:15.807+0000] {spark_submit.py:649} INFO - 25/04/04 09:01:15 INFO JettyUtils: Start Jetty 0.0.0.0:4040 for SparkUI
[2025-04-04T09:01:15.868+0000] {spark_submit.py:649} INFO - 25/04/04 09:01:15 INFO Utils: Successfully started service 'SparkUI' on port 4040.
[2025-04-04T09:01:15.915+0000] {spark_submit.py:649} INFO - 25/04/04 09:01:15 INFO SparkContext: Added JAR file:///opt/spark-extra-jars/hadoop-aws-3.3.6.jar at spark://43987fe3142a:33601/jars/hadoop-aws-3.3.6.jar with timestamp 1743757275136
[2025-04-04T09:01:15.917+0000] {spark_submit.py:649} INFO - 25/04/04 09:01:15 INFO SparkContext: Added JAR file:///opt/spark-extra-jars/aws-java-sdk-bundle-1.12.696.jar at spark://43987fe3142a:33601/jars/aws-java-sdk-bundle-1.12.696.jar with timestamp 1743757275136
[2025-04-04T09:01:15.918+0000] {spark_submit.py:649} INFO - 25/04/04 09:01:15 INFO SparkContext: Added JAR file:///opt/spark-extra-jars/hadoop-common-3.3.6.jar at spark://43987fe3142a:33601/jars/hadoop-common-3.3.6.jar with timestamp 1743757275136
[2025-04-04T09:01:16.002+0000] {spark_submit.py:649} INFO - 25/04/04 09:01:16 INFO StandaloneAppClient$ClientEndpoint: Connecting to master spark://spark-master:7077...
[2025-04-04T09:01:16.042+0000] {spark_submit.py:649} INFO - 25/04/04 09:01:16 INFO TransportClientFactory: Successfully created connection to spark-master/172.24.0.4:7077 after 19 ms (0 ms spent in bootstraps)
[2025-04-04T09:01:16.126+0000] {spark_submit.py:649} INFO - 25/04/04 09:01:16 INFO StandaloneSchedulerBackend: Connected to Spark cluster with app ID app-20250404090116-0008
[2025-04-04T09:01:16.131+0000] {spark_submit.py:649} INFO - 25/04/04 09:01:16 INFO StandaloneAppClient$ClientEndpoint: Executor added: app-20250404090116-0008/0 on worker-20250404081326-172.24.0.8-45963 (172.24.0.8:45963) with 2 core(s)
[2025-04-04T09:01:16.134+0000] {spark_submit.py:649} INFO - 25/04/04 09:01:16 INFO StandaloneSchedulerBackend: Granted executor ID app-20250404090116-0008/0 on hostPort 172.24.0.8:45963 with 2 core(s), 1024.0 MiB RAM
[2025-04-04T09:01:16.137+0000] {spark_submit.py:649} INFO - 25/04/04 09:01:16 INFO Utils: Successfully started service 'org.apache.spark.network.netty.NettyBlockTransferService' on port 38119.
[2025-04-04T09:01:16.138+0000] {spark_submit.py:649} INFO - 25/04/04 09:01:16 INFO NettyBlockTransferService: Server created on 43987fe3142a:38119
[2025-04-04T09:01:16.140+0000] {spark_submit.py:649} INFO - 25/04/04 09:01:16 INFO BlockManager: Using org.apache.spark.storage.RandomBlockReplicationPolicy for block replication policy
[2025-04-04T09:01:16.147+0000] {spark_submit.py:649} INFO - 25/04/04 09:01:16 INFO BlockManagerMaster: Registering BlockManager BlockManagerId(driver, 43987fe3142a, 38119, None)
[2025-04-04T09:01:16.152+0000] {spark_submit.py:649} INFO - 25/04/04 09:01:16 INFO BlockManagerMasterEndpoint: Registering block manager 43987fe3142a:38119 with 434.4 MiB RAM, BlockManagerId(driver, 43987fe3142a, 38119, None)
[2025-04-04T09:01:16.154+0000] {spark_submit.py:649} INFO - 25/04/04 09:01:16 INFO BlockManagerMaster: Registered BlockManager BlockManagerId(driver, 43987fe3142a, 38119, None)
[2025-04-04T09:01:16.154+0000] {spark_submit.py:649} INFO - 25/04/04 09:01:16 INFO BlockManager: Initialized BlockManager: BlockManagerId(driver, 43987fe3142a, 38119, None)
[2025-04-04T09:01:16.247+0000] {spark_submit.py:649} INFO - 25/04/04 09:01:16 INFO StandaloneAppClient$ClientEndpoint: Executor updated: app-20250404090116-0008/0 is now RUNNING
[2025-04-04T09:01:16.377+0000] {spark_submit.py:649} INFO - 25/04/04 09:01:16 INFO StandaloneSchedulerBackend: SchedulerBackend is ready for scheduling beginning after reached minRegisteredResourcesRatio: 0.0
[2025-04-04T09:01:16.551+0000] {spark_submit.py:649} INFO - ✅ Spark session received from DAG
[2025-04-04T09:01:16.552+0000] {spark_submit.py:649} INFO - 📥 Reading raw data...
[2025-04-04T09:01:16.559+0000] {spark_submit.py:649} INFO - 25/04/04 09:01:16 INFO SharedState: Setting hive.metastore.warehouse.dir ('null') to the value of spark.sql.warehouse.dir.
[2025-04-04T09:01:16.560+0000] {spark_submit.py:649} INFO - 25/04/04 09:01:16 INFO SharedState: Warehouse path is 'file:/opt/airflow/spark-warehouse'.
[2025-04-04T09:01:17.689+0000] {spark_submit.py:649} INFO - 25/04/04 09:01:17 WARN MetricsConfig: Cannot locate configuration: tried hadoop-metrics2-s3a-file-system.properties,hadoop-metrics2.properties
[2025-04-04T09:01:17.698+0000] {spark_submit.py:649} INFO - 25/04/04 09:01:17 INFO MetricsSystemImpl: Scheduled Metric snapshot period at 10 second(s).
[2025-04-04T09:01:17.699+0000] {spark_submit.py:649} INFO - 25/04/04 09:01:17 INFO MetricsSystemImpl: s3a-file-system metrics system started
[2025-04-04T09:01:19.428+0000] {spark_submit.py:649} INFO - 25/04/04 09:01:19 INFO StandaloneSchedulerBackend$StandaloneDriverEndpoint: Registered executor NettyRpcEndpointRef(spark-client://Executor) (172.24.0.8:47114) with ID 0,  ResourceProfileId 0
[2025-04-04T09:01:19.507+0000] {spark_submit.py:649} INFO - 25/04/04 09:01:19 INFO BlockManagerMasterEndpoint: Registering block manager 172.24.0.8:39625 with 434.4 MiB RAM, BlockManagerId(0, 172.24.0.8, 39625, None)
[2025-04-04T09:01:20.310+0000] {spark_submit.py:649} INFO - 25/04/04 09:01:20 INFO InMemoryFileIndex: It took 85 ms to list leaf files for 1 paths.
[2025-04-04T09:01:20.804+0000] {spark_submit.py:649} INFO - 25/04/04 09:01:20 INFO SparkContext: Starting job: parquet at NativeMethodAccessorImpl.java:0
[2025-04-04T09:01:20.820+0000] {spark_submit.py:649} INFO - 25/04/04 09:01:20 INFO DAGScheduler: Got job 0 (parquet at NativeMethodAccessorImpl.java:0) with 1 output partitions
[2025-04-04T09:01:20.820+0000] {spark_submit.py:649} INFO - 25/04/04 09:01:20 INFO DAGScheduler: Final stage: ResultStage 0 (parquet at NativeMethodAccessorImpl.java:0)
[2025-04-04T09:01:20.821+0000] {spark_submit.py:649} INFO - 25/04/04 09:01:20 INFO DAGScheduler: Parents of final stage: List()
[2025-04-04T09:01:20.822+0000] {spark_submit.py:649} INFO - 25/04/04 09:01:20 INFO DAGScheduler: Missing parents: List()
[2025-04-04T09:01:20.826+0000] {spark_submit.py:649} INFO - 25/04/04 09:01:20 INFO DAGScheduler: Submitting ResultStage 0 (MapPartitionsRDD[1] at parquet at NativeMethodAccessorImpl.java:0), which has no missing parents
[2025-04-04T09:01:20.932+0000] {spark_submit.py:649} INFO - 25/04/04 09:01:20 INFO MemoryStore: Block broadcast_0 stored as values in memory (estimated size 104.7 KiB, free 434.3 MiB)
[2025-04-04T09:01:20.974+0000] {spark_submit.py:649} INFO - 25/04/04 09:01:20 INFO MemoryStore: Block broadcast_0_piece0 stored as bytes in memory (estimated size 37.9 KiB, free 434.3 MiB)
[2025-04-04T09:01:20.977+0000] {spark_submit.py:649} INFO - 25/04/04 09:01:20 INFO BlockManagerInfo: Added broadcast_0_piece0 in memory on 43987fe3142a:38119 (size: 37.9 KiB, free: 434.4 MiB)
[2025-04-04T09:01:20.983+0000] {spark_submit.py:649} INFO - 25/04/04 09:01:20 INFO SparkContext: Created broadcast 0 from broadcast at DAGScheduler.scala:1580
[2025-04-04T09:01:21.001+0000] {spark_submit.py:649} INFO - 25/04/04 09:01:21 INFO DAGScheduler: Submitting 1 missing tasks from ResultStage 0 (MapPartitionsRDD[1] at parquet at NativeMethodAccessorImpl.java:0) (first 15 tasks are for partitions Vector(0))
[2025-04-04T09:01:21.002+0000] {spark_submit.py:649} INFO - 25/04/04 09:01:21 INFO TaskSchedulerImpl: Adding task set 0.0 with 1 tasks resource profile 0
[2025-04-04T09:01:25.365+0000] {spark_submit.py:649} INFO - 25/04/04 09:01:25 INFO TaskSetManager: Starting task 0.0 in stage 0.0 (TID 0) (172.24.0.8, executor 0, partition 0, PROCESS_LOCAL, 8111 bytes)
[2025-04-04T09:01:25.620+0000] {spark_submit.py:649} INFO - 25/04/04 09:01:25 INFO BlockManagerInfo: Added broadcast_0_piece0 in memory on 172.24.0.8:39625 (size: 37.9 KiB, free: 434.4 MiB)
[2025-04-04T09:01:27.327+0000] {spark_submit.py:649} INFO - 25/04/04 09:01:27 INFO TaskSetManager: Finished task 0.0 in stage 0.0 (TID 0) in 1977 ms on 172.24.0.8 (executor 0) (1/1)
[2025-04-04T09:01:27.328+0000] {spark_submit.py:649} INFO - 25/04/04 09:01:27 INFO TaskSchedulerImpl: Removed TaskSet 0.0, whose tasks have all completed, from pool
[2025-04-04T09:01:27.333+0000] {spark_submit.py:649} INFO - 25/04/04 09:01:27 INFO DAGScheduler: ResultStage 0 (parquet at NativeMethodAccessorImpl.java:0) finished in 6.461 s
[2025-04-04T09:01:27.336+0000] {spark_submit.py:649} INFO - 25/04/04 09:01:27 INFO DAGScheduler: Job 0 is finished. Cancelling potential speculative or zombie tasks for this job
[2025-04-04T09:01:27.337+0000] {spark_submit.py:649} INFO - 25/04/04 09:01:27 INFO TaskSchedulerImpl: Killing all running tasks in stage 0: Stage finished
[2025-04-04T09:01:27.339+0000] {spark_submit.py:649} INFO - 25/04/04 09:01:27 INFO DAGScheduler: Job 0 finished: parquet at NativeMethodAccessorImpl.java:0, took 6.534488 s
[2025-04-04T09:01:27.861+0000] {spark_submit.py:649} INFO - 🧪 Raw schema:
[2025-04-04T09:01:27.875+0000] {spark_submit.py:649} INFO - root
[2025-04-04T09:01:27.876+0000] {spark_submit.py:649} INFO - |-- VendorID: long (nullable = true)
[2025-04-04T09:01:27.877+0000] {spark_submit.py:649} INFO - |-- tpep_pickup_datetime: timestamp_ntz (nullable = true)
[2025-04-04T09:01:27.877+0000] {spark_submit.py:649} INFO - |-- tpep_dropoff_datetime: timestamp_ntz (nullable = true)
[2025-04-04T09:01:27.877+0000] {spark_submit.py:649} INFO - |-- passenger_count: double (nullable = true)
[2025-04-04T09:01:27.877+0000] {spark_submit.py:649} INFO - |-- trip_distance: double (nullable = true)
[2025-04-04T09:01:27.878+0000] {spark_submit.py:649} INFO - |-- RatecodeID: double (nullable = true)
[2025-04-04T09:01:27.879+0000] {spark_submit.py:649} INFO - |-- store_and_fwd_flag: string (nullable = true)
[2025-04-04T09:01:27.879+0000] {spark_submit.py:649} INFO - |-- PULocationID: long (nullable = true)
[2025-04-04T09:01:27.880+0000] {spark_submit.py:649} INFO - |-- DOLocationID: long (nullable = true)
[2025-04-04T09:01:27.881+0000] {spark_submit.py:649} INFO - |-- payment_type: long (nullable = true)
[2025-04-04T09:01:27.881+0000] {spark_submit.py:649} INFO - |-- fare_amount: double (nullable = true)
[2025-04-04T09:01:27.881+0000] {spark_submit.py:649} INFO - |-- extra: double (nullable = true)
[2025-04-04T09:01:27.882+0000] {spark_submit.py:649} INFO - |-- mta_tax: double (nullable = true)
[2025-04-04T09:01:27.882+0000] {spark_submit.py:649} INFO - |-- tip_amount: double (nullable = true)
[2025-04-04T09:01:27.883+0000] {spark_submit.py:649} INFO - |-- tolls_amount: double (nullable = true)
[2025-04-04T09:01:27.883+0000] {spark_submit.py:649} INFO - |-- improvement_surcharge: double (nullable = true)
[2025-04-04T09:01:27.883+0000] {spark_submit.py:649} INFO - |-- total_amount: double (nullable = true)
[2025-04-04T09:01:27.884+0000] {spark_submit.py:649} INFO - |-- congestion_surcharge: double (nullable = true)
[2025-04-04T09:01:27.884+0000] {spark_submit.py:649} INFO - |-- airport_fee: double (nullable = true)
[2025-04-04T09:01:27.885+0000] {spark_submit.py:649} INFO - 
[2025-04-04T09:01:27.885+0000] {spark_submit.py:649} INFO - 🧼 Cleaning data...
[2025-04-04T09:01:27.980+0000] {spark_submit.py:649} INFO - 25/04/04 09:01:27 INFO BlockManagerInfo: Removed broadcast_0_piece0 on 43987fe3142a:38119 in memory (size: 37.9 KiB, free: 434.4 MiB)
[2025-04-04T09:01:27.998+0000] {spark_submit.py:649} INFO - 25/04/04 09:01:27 INFO BlockManagerInfo: Removed broadcast_0_piece0 on 172.24.0.8:39625 in memory (size: 37.9 KiB, free: 434.4 MiB)
[2025-04-04T09:01:28.009+0000] {spark_submit.py:649} INFO - 📤 Writing cleaned data...
[2025-04-04T09:01:28.432+0000] {spark_submit.py:649} INFO - 25/04/04 09:01:28 INFO FileSourceStrategy: Pushed Filters: IsNotNull(trip_distance),IsNotNull(fare_amount),IsNotNull(tpep_pickup_datetime),IsNotNull(tpep_dropoff_datetime),GreaterThan(trip_distance,0.0),GreaterThanOrEqual(fare_amount,0.0)
[2025-04-04T09:01:28.434+0000] {spark_submit.py:649} INFO - 25/04/04 09:01:28 INFO FileSourceStrategy: Post-Scan Filters: isnotnull(trip_distance#4),isnotnull(fare_amount#10),isnotnull(tpep_pickup_datetime#1),isnotnull(tpep_dropoff_datetime#2),(trip_distance#4 > 0.0),(fare_amount#10 >= 0.0)
[2025-04-04T09:01:28.785+0000] {spark_submit.py:649} INFO - 25/04/04 09:01:28 INFO ParquetUtils: Using default output committer for Parquet: org.apache.parquet.hadoop.ParquetOutputCommitter
[2025-04-04T09:01:28.817+0000] {spark_submit.py:649} INFO - 25/04/04 09:01:28 INFO FileOutputCommitter: File Output Committer Algorithm version is 1
[2025-04-04T09:01:28.817+0000] {spark_submit.py:649} INFO - 25/04/04 09:01:28 INFO FileOutputCommitter: FileOutputCommitter skip cleanup _temporary folders under output directory:false, ignore cleanup failures: false
[2025-04-04T09:01:28.818+0000] {spark_submit.py:649} INFO - 25/04/04 09:01:28 INFO SQLHadoopMapReduceCommitProtocol: Using user defined output committer class org.apache.parquet.hadoop.ParquetOutputCommitter
[2025-04-04T09:01:28.819+0000] {spark_submit.py:649} INFO - 25/04/04 09:01:28 INFO FileOutputCommitter: File Output Committer Algorithm version is 1
[2025-04-04T09:01:28.819+0000] {spark_submit.py:649} INFO - 25/04/04 09:01:28 INFO FileOutputCommitter: FileOutputCommitter skip cleanup _temporary folders under output directory:false, ignore cleanup failures: false
[2025-04-04T09:01:28.820+0000] {spark_submit.py:649} INFO - 25/04/04 09:01:28 INFO SQLHadoopMapReduceCommitProtocol: Using output committer class org.apache.parquet.hadoop.ParquetOutputCommitter
[2025-04-04T09:01:29.178+0000] {spark_submit.py:649} INFO - 25/04/04 09:01:29 INFO CodeGenerator: Code generated in 228.579115 ms
[2025-04-04T09:01:29.198+0000] {spark_submit.py:649} INFO - 25/04/04 09:01:29 INFO MemoryStore: Block broadcast_1 stored as values in memory (estimated size 205.9 KiB, free 434.2 MiB)
[2025-04-04T09:01:29.217+0000] {spark_submit.py:649} INFO - 25/04/04 09:01:29 INFO MemoryStore: Block broadcast_1_piece0 stored as bytes in memory (estimated size 36.4 KiB, free 434.2 MiB)
[2025-04-04T09:01:29.218+0000] {spark_submit.py:649} INFO - 25/04/04 09:01:29 INFO BlockManagerInfo: Added broadcast_1_piece0 in memory on 43987fe3142a:38119 (size: 36.4 KiB, free: 434.4 MiB)
[2025-04-04T09:01:29.221+0000] {spark_submit.py:649} INFO - 25/04/04 09:01:29 INFO SparkContext: Created broadcast 1 from parquet at NativeMethodAccessorImpl.java:0
[2025-04-04T09:01:29.245+0000] {spark_submit.py:649} INFO - 25/04/04 09:01:29 INFO FileSourceScanExec: Planning scan with bin packing, max size: 25933837 bytes, open cost is considered as scanning 4194304 bytes.
[2025-04-04T09:01:29.281+0000] {spark_submit.py:649} INFO - 25/04/04 09:01:29 INFO SparkContext: Starting job: parquet at NativeMethodAccessorImpl.java:0
[2025-04-04T09:01:29.282+0000] {spark_submit.py:649} INFO - 25/04/04 09:01:29 INFO DAGScheduler: Got job 1 (parquet at NativeMethodAccessorImpl.java:0) with 2 output partitions
[2025-04-04T09:01:29.283+0000] {spark_submit.py:649} INFO - 25/04/04 09:01:29 INFO DAGScheduler: Final stage: ResultStage 1 (parquet at NativeMethodAccessorImpl.java:0)
[2025-04-04T09:01:29.284+0000] {spark_submit.py:649} INFO - 25/04/04 09:01:29 INFO DAGScheduler: Parents of final stage: List()
[2025-04-04T09:01:29.285+0000] {spark_submit.py:649} INFO - 25/04/04 09:01:29 INFO DAGScheduler: Missing parents: List()
[2025-04-04T09:01:29.286+0000] {spark_submit.py:649} INFO - 25/04/04 09:01:29 INFO DAGScheduler: Submitting ResultStage 1 (MapPartitionsRDD[5] at parquet at NativeMethodAccessorImpl.java:0), which has no missing parents
[2025-04-04T09:01:29.333+0000] {spark_submit.py:649} INFO - 25/04/04 09:01:29 INFO MemoryStore: Block broadcast_2 stored as values in memory (estimated size 232.4 KiB, free 433.9 MiB)
[2025-04-04T09:01:29.344+0000] {spark_submit.py:649} INFO - 25/04/04 09:01:29 INFO MemoryStore: Block broadcast_2_piece0 stored as bytes in memory (estimated size 81.6 KiB, free 433.9 MiB)
[2025-04-04T09:01:29.346+0000] {spark_submit.py:649} INFO - 25/04/04 09:01:29 INFO BlockManagerInfo: Added broadcast_2_piece0 in memory on 43987fe3142a:38119 (size: 81.6 KiB, free: 434.3 MiB)
[2025-04-04T09:01:29.347+0000] {spark_submit.py:649} INFO - 25/04/04 09:01:29 INFO SparkContext: Created broadcast 2 from broadcast at DAGScheduler.scala:1580
[2025-04-04T09:01:29.348+0000] {spark_submit.py:649} INFO - 25/04/04 09:01:29 INFO DAGScheduler: Submitting 2 missing tasks from ResultStage 1 (MapPartitionsRDD[5] at parquet at NativeMethodAccessorImpl.java:0) (first 15 tasks are for partitions Vector(0, 1))
[2025-04-04T09:01:29.349+0000] {spark_submit.py:649} INFO - 25/04/04 09:01:29 INFO TaskSchedulerImpl: Adding task set 1.0 with 2 tasks resource profile 0
[2025-04-04T09:01:29.354+0000] {spark_submit.py:649} INFO - 25/04/04 09:01:29 INFO TaskSetManager: Starting task 0.0 in stage 1.0 (TID 1) (172.24.0.8, executor 0, partition 0, PROCESS_LOCAL, 8616 bytes)
[2025-04-04T09:01:29.355+0000] {spark_submit.py:649} INFO - 25/04/04 09:01:29 INFO TaskSetManager: Starting task 1.0 in stage 1.0 (TID 2) (172.24.0.8, executor 0, partition 1, PROCESS_LOCAL, 8616 bytes)
[2025-04-04T09:01:29.425+0000] {spark_submit.py:649} INFO - 25/04/04 09:01:29 INFO BlockManagerInfo: Added broadcast_2_piece0 in memory on 172.24.0.8:39625 (size: 81.6 KiB, free: 434.3 MiB)
[2025-04-04T09:01:30.083+0000] {spark_submit.py:649} INFO - 25/04/04 09:01:30 INFO BlockManagerInfo: Added broadcast_1_piece0 in memory on 172.24.0.8:39625 (size: 36.4 KiB, free: 434.3 MiB)
[2025-04-04T09:01:30.385+0000] {spark_submit.py:649} INFO - 25/04/04 09:01:30 INFO TaskSetManager: Finished task 1.0 in stage 1.0 (TID 2) in 1031 ms on 172.24.0.8 (executor 0) (1/2)
[2025-04-04T09:01:38.896+0000] {spark_submit.py:649} INFO - 25/04/04 09:01:38 INFO TaskSetManager: Finished task 0.0 in stage 1.0 (TID 1) in 9545 ms on 172.24.0.8 (executor 0) (2/2)
[2025-04-04T09:01:38.897+0000] {spark_submit.py:649} INFO - 25/04/04 09:01:38 INFO TaskSchedulerImpl: Removed TaskSet 1.0, whose tasks have all completed, from pool
[2025-04-04T09:01:38.898+0000] {spark_submit.py:649} INFO - 25/04/04 09:01:38 INFO DAGScheduler: ResultStage 1 (parquet at NativeMethodAccessorImpl.java:0) finished in 9.609 s
[2025-04-04T09:01:38.898+0000] {spark_submit.py:649} INFO - 25/04/04 09:01:38 INFO DAGScheduler: Job 1 is finished. Cancelling potential speculative or zombie tasks for this job
[2025-04-04T09:01:38.899+0000] {spark_submit.py:649} INFO - 25/04/04 09:01:38 INFO TaskSchedulerImpl: Killing all running tasks in stage 1: Stage finished
[2025-04-04T09:01:38.899+0000] {spark_submit.py:649} INFO - 25/04/04 09:01:38 INFO DAGScheduler: Job 1 finished: parquet at NativeMethodAccessorImpl.java:0, took 9.618698 s
[2025-04-04T09:01:38.900+0000] {spark_submit.py:649} INFO - 25/04/04 09:01:38 INFO FileFormatWriter: Start to commit write Job b656a965-2ca9-432e-be03-a2ad18112951.
[2025-04-04T09:01:39.350+0000] {spark_submit.py:649} INFO - 25/04/04 09:01:39 INFO FileFormatWriter: Write Job b656a965-2ca9-432e-be03-a2ad18112951 committed. Elapsed time: 449 ms.
[2025-04-04T09:01:39.352+0000] {spark_submit.py:649} INFO - 25/04/04 09:01:39 INFO FileFormatWriter: Finished processing stats for write job b656a965-2ca9-432e-be03-a2ad18112951.
[2025-04-04T09:01:39.355+0000] {spark_submit.py:649} INFO - ✅ Data cleaning complete and saved to MinIO!
[2025-04-04T09:01:39.410+0000] {spark_submit.py:649} INFO - 25/04/04 09:01:39 INFO SparkContext: Invoking stop() from shutdown hook
[2025-04-04T09:01:39.412+0000] {spark_submit.py:649} INFO - 25/04/04 09:01:39 INFO SparkContext: SparkContext is stopping with exitCode 0.
[2025-04-04T09:01:39.420+0000] {spark_submit.py:649} INFO - 25/04/04 09:01:39 INFO SparkUI: Stopped Spark web UI at http://43987fe3142a:4040
[2025-04-04T09:01:39.423+0000] {spark_submit.py:649} INFO - 25/04/04 09:01:39 INFO StandaloneSchedulerBackend: Shutting down all executors
[2025-04-04T09:01:39.423+0000] {spark_submit.py:649} INFO - 25/04/04 09:01:39 INFO StandaloneSchedulerBackend$StandaloneDriverEndpoint: Asking each executor to shut down
[2025-04-04T09:01:39.443+0000] {spark_submit.py:649} INFO - 25/04/04 09:01:39 INFO MapOutputTrackerMasterEndpoint: MapOutputTrackerMasterEndpoint stopped!
[2025-04-04T09:01:39.465+0000] {spark_submit.py:649} INFO - 25/04/04 09:01:39 INFO MemoryStore: MemoryStore cleared
[2025-04-04T09:01:39.466+0000] {spark_submit.py:649} INFO - 25/04/04 09:01:39 INFO BlockManager: BlockManager stopped
[2025-04-04T09:01:39.469+0000] {spark_submit.py:649} INFO - 25/04/04 09:01:39 INFO BlockManagerMaster: BlockManagerMaster stopped
[2025-04-04T09:01:39.470+0000] {spark_submit.py:649} INFO - 25/04/04 09:01:39 INFO OutputCommitCoordinator$OutputCommitCoordinatorEndpoint: OutputCommitCoordinator stopped!
[2025-04-04T09:01:39.485+0000] {spark_submit.py:649} INFO - 25/04/04 09:01:39 INFO SparkContext: Successfully stopped SparkContext
[2025-04-04T09:01:39.486+0000] {spark_submit.py:649} INFO - 25/04/04 09:01:39 INFO ShutdownHookManager: Shutdown hook called
[2025-04-04T09:01:39.487+0000] {spark_submit.py:649} INFO - 25/04/04 09:01:39 INFO ShutdownHookManager: Deleting directory /tmp/spark-ece9704b-2f41-4500-9e58-070fc78d4d1c
[2025-04-04T09:01:39.494+0000] {spark_submit.py:649} INFO - 25/04/04 09:01:39 INFO ShutdownHookManager: Deleting directory /tmp/spark-ece9704b-2f41-4500-9e58-070fc78d4d1c/pyspark-3e34e130-8962-43af-8279-89125684ac04
[2025-04-04T09:01:39.500+0000] {spark_submit.py:649} INFO - 25/04/04 09:01:39 INFO ShutdownHookManager: Deleting directory /tmp/spark-616fb629-89d1-46ed-8896-7ec21537829d
[2025-04-04T09:01:39.511+0000] {spark_submit.py:649} INFO - 25/04/04 09:01:39 INFO MetricsSystemImpl: Stopping s3a-file-system metrics system...
[2025-04-04T09:01:39.512+0000] {spark_submit.py:649} INFO - 25/04/04 09:01:39 INFO MetricsSystemImpl: s3a-file-system metrics system stopped.
[2025-04-04T09:01:39.513+0000] {spark_submit.py:649} INFO - 25/04/04 09:01:39 INFO MetricsSystemImpl: s3a-file-system metrics system shutdown complete.
[2025-04-04T09:01:39.567+0000] {taskinstance.py:1138} INFO - Marking task as SUCCESS. dag_id=full_pipeline_dag, task_id=clean_data_spark, execution_date=20250404T090040, start_date=20250404T090110, end_date=20250404T090139
[2025-04-04T09:01:39.787+0000] {local_task_job_runner.py:234} INFO - Task exited with return code 0
[2025-04-04T09:01:39.855+0000] {taskinstance.py:3280} INFO - 1 downstream tasks scheduled from follow-on schedule check
