[2025-04-04T08:16:45.036+0000] {taskinstance.py:1956} INFO - Dependencies all met for dep_context=non-requeueable deps ti=<TaskInstance: full_pipeline_dag.clean_data_spark manual__2025-04-04T08:16:15.521213+00:00 [queued]>
[2025-04-04T08:16:45.050+0000] {taskinstance.py:1956} INFO - Dependencies all met for dep_context=requeueable deps ti=<TaskInstance: full_pipeline_dag.clean_data_spark manual__2025-04-04T08:16:15.521213+00:00 [queued]>
[2025-04-04T08:16:45.050+0000] {taskinstance.py:2170} INFO - Starting attempt 1 of 3
[2025-04-04T08:16:45.103+0000] {taskinstance.py:2191} INFO - Executing <Task(SparkSubmitOperator): clean_data_spark> on 2025-04-04 08:16:15.521213+00:00
[2025-04-04T08:16:45.110+0000] {standard_task_runner.py:60} INFO - Started process 111 to run task
[2025-04-04T08:16:45.113+0000] {standard_task_runner.py:87} INFO - Running: ['airflow', 'tasks', 'run', 'full_pipeline_dag', 'clean_data_spark', 'manual__2025-04-04T08:16:15.521213+00:00', '--job-id', '271', '--raw', '--subdir', 'DAGS_FOLDER/full_pipeline_dag.py', '--cfg-path', '/tmp/tmpti42clyt']
[2025-04-04T08:16:45.115+0000] {standard_task_runner.py:88} INFO - Job 271: Subtask clean_data_spark
[2025-04-04T08:16:45.173+0000] {logging_mixin.py:188} WARNING - /home/airflow/.local/lib/python3.8/site-packages/airflow/settings.py:194 DeprecationWarning: The sql_alchemy_conn option in [core] has been moved to the sql_alchemy_conn option in [database] - the old setting has been used, but please update your config.
[2025-04-04T08:16:45.243+0000] {task_command.py:423} INFO - Running <TaskInstance: full_pipeline_dag.clean_data_spark manual__2025-04-04T08:16:15.521213+00:00 [running]> on host 43987fe3142a
[2025-04-04T08:16:45.398+0000] {taskinstance.py:2480} INFO - Exporting env vars: AIRFLOW_CTX_DAG_OWNER='airflow' AIRFLOW_CTX_DAG_ID='full_pipeline_dag' AIRFLOW_CTX_TASK_ID='clean_data_spark' AIRFLOW_CTX_EXECUTION_DATE='2025-04-04T08:16:15.521213+00:00' AIRFLOW_CTX_TRY_NUMBER='1' AIRFLOW_CTX_DAG_RUN_ID='manual__2025-04-04T08:16:15.521213+00:00'
[2025-04-04T08:16:45.422+0000] {base.py:83} INFO - Using connection ID 'spark_default' for task execution.
[2025-04-04T08:16:45.424+0000] {spark_submit.py:473} INFO - Spark-Submit cmd: spark-submit --master spark://spark-master:7077 --conf spark.hadoop.fs.s3a.impl=org.apache.hadoop.fs.s3a.S3AFileSystem --conf spark.hadoop.fs.s3a.access.key=minioadmin --conf spark.hadoop.fs.s3a.secret.key=****** --conf spark.hadoop.fs.s3a.endpoint=http://minio:9000 --conf spark.hadoop.fs.s3a.path.style.access=true --conf spark.hadoop.fs.s3a.connection.ssl.enabled=false --conf spark.hadoop.fs.s3a.aws.credentials.provider=org.apache.hadoop.fs.s3a.SimpleAWSCredentialsProvider --jars /opt/spark-extra-jars/hadoop-aws-3.3.6.jar,/opt/spark-extra-jars/aws-java-sdk-bundle-1.12.696.jar,/opt/spark-extra-jars/hadoop-common-3.3.6.jar --name arrow-spark --verbose --queue root.default --deploy-mode client /opt/spark-app/clean_yellow_tripdata.py
[2025-04-04T08:16:45.445+0000] {spark_submit.py:649} INFO - /opt/spark/bin/load-spark-env.sh: line 68: ps: command not found
[2025-04-04T08:16:47.606+0000] {spark_submit.py:649} INFO - Using properties file: null
[2025-04-04T08:16:47.710+0000] {spark_submit.py:649} INFO - Parsed arguments:
[2025-04-04T08:16:47.711+0000] {spark_submit.py:649} INFO - master                  spark://spark-master:7077
[2025-04-04T08:16:47.712+0000] {spark_submit.py:649} INFO - remote                  null
[2025-04-04T08:16:47.713+0000] {spark_submit.py:649} INFO - deployMode              client
[2025-04-04T08:16:47.713+0000] {spark_submit.py:649} INFO - executorMemory          null
[2025-04-04T08:16:47.714+0000] {spark_submit.py:649} INFO - executorCores           null
[2025-04-04T08:16:47.715+0000] {spark_submit.py:649} INFO - totalExecutorCores      null
[2025-04-04T08:16:47.715+0000] {spark_submit.py:649} INFO - propertiesFile          null
[2025-04-04T08:16:47.716+0000] {spark_submit.py:649} INFO - driverMemory            null
[2025-04-04T08:16:47.716+0000] {spark_submit.py:649} INFO - driverCores             null
[2025-04-04T08:16:47.717+0000] {spark_submit.py:649} INFO - driverExtraClassPath    null
[2025-04-04T08:16:47.717+0000] {spark_submit.py:649} INFO - driverExtraLibraryPath  null
[2025-04-04T08:16:47.718+0000] {spark_submit.py:649} INFO - driverExtraJavaOptions  null
[2025-04-04T08:16:47.718+0000] {spark_submit.py:649} INFO - supervise               false
[2025-04-04T08:16:47.718+0000] {spark_submit.py:649} INFO - queue                   root.default
[2025-04-04T08:16:47.719+0000] {spark_submit.py:649} INFO - numExecutors            null
[2025-04-04T08:16:47.719+0000] {spark_submit.py:649} INFO - files                   null
[2025-04-04T08:16:47.720+0000] {spark_submit.py:649} INFO - pyFiles                 null
[2025-04-04T08:16:47.721+0000] {spark_submit.py:649} INFO - archives                null
[2025-04-04T08:16:47.721+0000] {spark_submit.py:649} INFO - mainClass               null
[2025-04-04T08:16:47.722+0000] {spark_submit.py:649} INFO - primaryResource         file:/opt/spark-app/clean_yellow_tripdata.py
[2025-04-04T08:16:47.722+0000] {spark_submit.py:649} INFO - name                    arrow-spark
[2025-04-04T08:16:47.723+0000] {spark_submit.py:649} INFO - childArgs               []
[2025-04-04T08:16:47.723+0000] {spark_submit.py:649} INFO - jars                    file:/opt/spark-extra-jars/hadoop-aws-3.3.6.jar,file:/opt/spark-extra-jars/aws-java-sdk-bundle-1.12.696.jar,file:/opt/spark-extra-jars/hadoop-common-3.3.6.jar
[2025-04-04T08:16:47.724+0000] {spark_submit.py:649} INFO - packages                null
[2025-04-04T08:16:47.724+0000] {spark_submit.py:649} INFO - packagesExclusions      null
[2025-04-04T08:16:47.725+0000] {spark_submit.py:649} INFO - repositories            null
[2025-04-04T08:16:47.725+0000] {spark_submit.py:649} INFO - verbose                 true
[2025-04-04T08:16:47.726+0000] {spark_submit.py:649} INFO - 
[2025-04-04T08:16:47.726+0000] {spark_submit.py:649} INFO - Spark properties used, including those specified through
[2025-04-04T08:16:47.727+0000] {spark_submit.py:649} INFO - --conf and those from the properties file null:
[2025-04-04T08:16:47.727+0000] {spark_submit.py:649} INFO - (spark.hadoop.fs.s3a.access.key,*********(redacted))
[2025-04-04T08:16:47.727+0000] {spark_submit.py:649} INFO - (spark.hadoop.fs.s3a.aws.credentials.provider,org.apache.hadoop.fs.s3a.SimpleAWSCredentialsProvider)
[2025-04-04T08:16:47.728+0000] {spark_submit.py:649} INFO - (spark.hadoop.fs.s3a.connection.ssl.enabled,false)
[2025-04-04T08:16:47.728+0000] {spark_submit.py:649} INFO - (spark.hadoop.fs.s3a.endpoint,http://minio:9000)
[2025-04-04T08:16:47.729+0000] {spark_submit.py:649} INFO - (spark.hadoop.fs.s3a.impl,org.apache.hadoop.fs.s3a.S3AFileSystem)
[2025-04-04T08:16:47.729+0000] {spark_submit.py:649} INFO - (spark.hadoop.fs.s3a.path.style.access,true)
[2025-04-04T08:16:47.729+0000] {spark_submit.py:649} INFO - (spark.hadoop.fs.s3a.secret.key,*********(redacted))
[2025-04-04T08:16:47.730+0000] {spark_submit.py:649} INFO - 
[2025-04-04T08:16:47.730+0000] {spark_submit.py:649} INFO - 
[2025-04-04T08:16:48.144+0000] {spark_submit.py:649} INFO - 25/04/04 08:16:48 WARN NativeCodeLoader: Unable to load native-hadoop library for your platform... using builtin-java classes where applicable
[2025-04-04T08:16:48.365+0000] {spark_submit.py:649} INFO - Main class:
[2025-04-04T08:16:48.365+0000] {spark_submit.py:649} INFO - org.apache.spark.deploy.PythonRunner
[2025-04-04T08:16:48.366+0000] {spark_submit.py:649} INFO - Arguments:
[2025-04-04T08:16:48.366+0000] {spark_submit.py:649} INFO - file:/opt/spark-app/clean_yellow_tripdata.py
[2025-04-04T08:16:48.367+0000] {spark_submit.py:649} INFO - null
[2025-04-04T08:16:48.367+0000] {spark_submit.py:649} INFO - Spark config:
[2025-04-04T08:16:48.367+0000] {spark_submit.py:649} INFO - (spark.app.name,arrow-spark)
[2025-04-04T08:16:48.368+0000] {spark_submit.py:649} INFO - (spark.app.submitTime,1743754608356)
[2025-04-04T08:16:48.369+0000] {spark_submit.py:649} INFO - (spark.hadoop.fs.s3a.access.key,*********(redacted))
[2025-04-04T08:16:48.369+0000] {spark_submit.py:649} INFO - (spark.hadoop.fs.s3a.aws.credentials.provider,org.apache.hadoop.fs.s3a.SimpleAWSCredentialsProvider)
[2025-04-04T08:16:48.370+0000] {spark_submit.py:649} INFO - (spark.hadoop.fs.s3a.connection.ssl.enabled,false)
[2025-04-04T08:16:48.370+0000] {spark_submit.py:649} INFO - (spark.hadoop.fs.s3a.endpoint,http://minio:9000)
[2025-04-04T08:16:48.370+0000] {spark_submit.py:649} INFO - (spark.hadoop.fs.s3a.impl,org.apache.hadoop.fs.s3a.S3AFileSystem)
[2025-04-04T08:16:48.371+0000] {spark_submit.py:649} INFO - (spark.hadoop.fs.s3a.path.style.access,true)
[2025-04-04T08:16:48.371+0000] {spark_submit.py:649} INFO - (spark.hadoop.fs.s3a.secret.key,*********(redacted))
[2025-04-04T08:16:48.371+0000] {spark_submit.py:649} INFO - (spark.jars,file:///opt/spark-extra-jars/hadoop-aws-3.3.6.jar,file:///opt/spark-extra-jars/aws-java-sdk-bundle-1.12.696.jar,file:///opt/spark-extra-jars/hadoop-common-3.3.6.jar)
[2025-04-04T08:16:48.372+0000] {spark_submit.py:649} INFO - (spark.master,spark://spark-master:7077)
[2025-04-04T08:16:48.372+0000] {spark_submit.py:649} INFO - (spark.repl.local.jars,file:///opt/spark-extra-jars/hadoop-aws-3.3.6.jar,file:///opt/spark-extra-jars/aws-java-sdk-bundle-1.12.696.jar,file:///opt/spark-extra-jars/hadoop-common-3.3.6.jar)
[2025-04-04T08:16:48.372+0000] {spark_submit.py:649} INFO - (spark.submit.deployMode,client)
[2025-04-04T08:16:48.373+0000] {spark_submit.py:649} INFO - (spark.submit.pyFiles,)
[2025-04-04T08:16:48.373+0000] {spark_submit.py:649} INFO - Classpath elements:
[2025-04-04T08:16:48.374+0000] {spark_submit.py:649} INFO - file:///opt/spark-extra-jars/hadoop-aws-3.3.6.jar
[2025-04-04T08:16:48.375+0000] {spark_submit.py:649} INFO - file:///opt/spark-extra-jars/aws-java-sdk-bundle-1.12.696.jar
[2025-04-04T08:16:48.375+0000] {spark_submit.py:649} INFO - file:///opt/spark-extra-jars/hadoop-common-3.3.6.jar
[2025-04-04T08:16:48.376+0000] {spark_submit.py:649} INFO - 
[2025-04-04T08:16:48.376+0000] {spark_submit.py:649} INFO - 
[2025-04-04T08:16:49.972+0000] {spark_submit.py:649} INFO - 25/04/04 08:16:49 INFO SparkContext: Running Spark version 3.5.0
[2025-04-04T08:16:49.974+0000] {spark_submit.py:649} INFO - 25/04/04 08:16:49 INFO SparkContext: OS info Linux, 5.15.167.4-microsoft-standard-WSL2, amd64
[2025-04-04T08:16:49.975+0000] {spark_submit.py:649} INFO - 25/04/04 08:16:49 INFO SparkContext: Java version 17.0.14
[2025-04-04T08:16:50.006+0000] {spark_submit.py:649} INFO - 25/04/04 08:16:50 INFO ResourceUtils: ==============================================================
[2025-04-04T08:16:50.007+0000] {spark_submit.py:649} INFO - 25/04/04 08:16:50 INFO ResourceUtils: No custom resources configured for spark.driver.
[2025-04-04T08:16:50.010+0000] {spark_submit.py:649} INFO - 25/04/04 08:16:50 INFO ResourceUtils: ==============================================================
[2025-04-04T08:16:50.012+0000] {spark_submit.py:649} INFO - 25/04/04 08:16:50 INFO SparkContext: Submitted application: CleanYellowData
[2025-04-04T08:16:50.040+0000] {spark_submit.py:649} INFO - 25/04/04 08:16:50 INFO ResourceProfile: Default ResourceProfile created, executor resources: Map(memory -> name: memory, amount: 1024, script: , vendor: , offHeap -> name: offHeap, amount: 0, script: , vendor: ), task resources: Map(cpus -> name: cpus, amount: 1.0)
[2025-04-04T08:16:50.053+0000] {spark_submit.py:649} INFO - 25/04/04 08:16:50 INFO ResourceProfile: Limiting resource is cpu
[2025-04-04T08:16:50.054+0000] {spark_submit.py:649} INFO - 25/04/04 08:16:50 INFO ResourceProfileManager: Added ResourceProfile id: 0
[2025-04-04T08:16:50.147+0000] {spark_submit.py:649} INFO - 25/04/04 08:16:50 INFO SecurityManager: Changing view acls to: airflow
[2025-04-04T08:16:50.149+0000] {spark_submit.py:649} INFO - 25/04/04 08:16:50 INFO SecurityManager: Changing modify acls to: airflow
[2025-04-04T08:16:50.150+0000] {spark_submit.py:649} INFO - 25/04/04 08:16:50 INFO SecurityManager: Changing view acls groups to:
[2025-04-04T08:16:50.151+0000] {spark_submit.py:649} INFO - 25/04/04 08:16:50 INFO SecurityManager: Changing modify acls groups to:
[2025-04-04T08:16:50.152+0000] {spark_submit.py:649} INFO - 25/04/04 08:16:50 INFO SecurityManager: SecurityManager: authentication disabled; ui acls disabled; users with view permissions: airflow; groups with view permissions: EMPTY; users with modify permissions: airflow; groups with modify permissions: EMPTY
[2025-04-04T08:16:50.562+0000] {spark_submit.py:649} INFO - 25/04/04 08:16:50 INFO Utils: Successfully started service 'sparkDriver' on port 36401.
[2025-04-04T08:16:50.609+0000] {spark_submit.py:649} INFO - 25/04/04 08:16:50 INFO SparkEnv: Registering MapOutputTracker
[2025-04-04T08:16:50.660+0000] {spark_submit.py:649} INFO - 25/04/04 08:16:50 INFO SparkEnv: Registering BlockManagerMaster
[2025-04-04T08:16:50.681+0000] {spark_submit.py:649} INFO - 25/04/04 08:16:50 INFO BlockManagerMasterEndpoint: Using org.apache.spark.storage.DefaultTopologyMapper for getting topology information
[2025-04-04T08:16:50.681+0000] {spark_submit.py:649} INFO - 25/04/04 08:16:50 INFO BlockManagerMasterEndpoint: BlockManagerMasterEndpoint up
[2025-04-04T08:16:50.686+0000] {spark_submit.py:649} INFO - 25/04/04 08:16:50 INFO SparkEnv: Registering BlockManagerMasterHeartbeat
[2025-04-04T08:16:50.718+0000] {spark_submit.py:649} INFO - 25/04/04 08:16:50 INFO DiskBlockManager: Created local directory at /tmp/blockmgr-1c03d081-8a1c-4bce-9d36-7cb950a6a566
[2025-04-04T08:16:50.736+0000] {spark_submit.py:649} INFO - 25/04/04 08:16:50 INFO MemoryStore: MemoryStore started with capacity 434.4 MiB
[2025-04-04T08:16:50.757+0000] {spark_submit.py:649} INFO - 25/04/04 08:16:50 INFO SparkEnv: Registering OutputCommitCoordinator
[2025-04-04T08:16:50.919+0000] {spark_submit.py:649} INFO - 25/04/04 08:16:50 INFO JettyUtils: Start Jetty 0.0.0.0:4040 for SparkUI
[2025-04-04T08:16:51.037+0000] {spark_submit.py:649} INFO - 25/04/04 08:16:51 INFO Utils: Successfully started service 'SparkUI' on port 4040.
[2025-04-04T08:16:51.077+0000] {spark_submit.py:649} INFO - 25/04/04 08:16:51 INFO SparkContext: Added JAR file:///opt/spark-extra-jars/hadoop-aws-3.3.6.jar at spark://43987fe3142a:36401/jars/hadoop-aws-3.3.6.jar with timestamp 1743754609960
[2025-04-04T08:16:51.078+0000] {spark_submit.py:649} INFO - 25/04/04 08:16:51 INFO SparkContext: Added JAR file:///opt/spark-extra-jars/aws-java-sdk-bundle-1.12.696.jar at spark://43987fe3142a:36401/jars/aws-java-sdk-bundle-1.12.696.jar with timestamp 1743754609960
[2025-04-04T08:16:51.079+0000] {spark_submit.py:649} INFO - 25/04/04 08:16:51 INFO SparkContext: Added JAR file:///opt/spark-extra-jars/hadoop-common-3.3.6.jar at spark://43987fe3142a:36401/jars/hadoop-common-3.3.6.jar with timestamp 1743754609960
[2025-04-04T08:16:51.169+0000] {spark_submit.py:649} INFO - 25/04/04 08:16:51 INFO StandaloneAppClient$ClientEndpoint: Connecting to master spark://spark-master:7077...
[2025-04-04T08:16:51.223+0000] {spark_submit.py:649} INFO - 25/04/04 08:16:51 INFO TransportClientFactory: Successfully created connection to spark-master/172.24.0.4:7077 after 31 ms (0 ms spent in bootstraps)
[2025-04-04T08:16:51.420+0000] {spark_submit.py:649} INFO - 25/04/04 08:16:51 INFO StandaloneSchedulerBackend: Connected to Spark cluster with app ID app-20250404081651-0000
[2025-04-04T08:16:51.430+0000] {spark_submit.py:649} INFO - 25/04/04 08:16:51 INFO Utils: Successfully started service 'org.apache.spark.network.netty.NettyBlockTransferService' on port 33797.
[2025-04-04T08:16:51.431+0000] {spark_submit.py:649} INFO - 25/04/04 08:16:51 INFO NettyBlockTransferService: Server created on 43987fe3142a:33797
[2025-04-04T08:16:51.433+0000] {spark_submit.py:649} INFO - 25/04/04 08:16:51 INFO BlockManager: Using org.apache.spark.storage.RandomBlockReplicationPolicy for block replication policy
[2025-04-04T08:16:51.447+0000] {spark_submit.py:649} INFO - 25/04/04 08:16:51 INFO BlockManagerMaster: Registering BlockManager BlockManagerId(driver, 43987fe3142a, 33797, None)
[2025-04-04T08:16:51.456+0000] {spark_submit.py:649} INFO - 25/04/04 08:16:51 INFO StandaloneAppClient$ClientEndpoint: Executor added: app-20250404081651-0000/0 on worker-20250404081326-172.24.0.8-45963 (172.24.0.8:45963) with 2 core(s)
[2025-04-04T08:16:51.457+0000] {spark_submit.py:649} INFO - 25/04/04 08:16:51 INFO BlockManagerMasterEndpoint: Registering block manager 43987fe3142a:33797 with 434.4 MiB RAM, BlockManagerId(driver, 43987fe3142a, 33797, None)
[2025-04-04T08:16:51.459+0000] {spark_submit.py:649} INFO - 25/04/04 08:16:51 INFO StandaloneSchedulerBackend: Granted executor ID app-20250404081651-0000/0 on hostPort 172.24.0.8:45963 with 2 core(s), 1024.0 MiB RAM
[2025-04-04T08:16:51.460+0000] {spark_submit.py:649} INFO - 25/04/04 08:16:51 INFO BlockManagerMaster: Registered BlockManager BlockManagerId(driver, 43987fe3142a, 33797, None)
[2025-04-04T08:16:51.462+0000] {spark_submit.py:649} INFO - 25/04/04 08:16:51 INFO BlockManager: Initialized BlockManager: BlockManagerId(driver, 43987fe3142a, 33797, None)
[2025-04-04T08:16:51.678+0000] {spark_submit.py:649} INFO - 25/04/04 08:16:51 INFO StandaloneAppClient$ClientEndpoint: Executor updated: app-20250404081651-0000/0 is now RUNNING
[2025-04-04T08:16:51.825+0000] {spark_submit.py:649} INFO - 25/04/04 08:16:51 INFO StandaloneSchedulerBackend: SchedulerBackend is ready for scheduling beginning after reached minRegisteredResourcesRatio: 0.0
[2025-04-04T08:16:52.044+0000] {spark_submit.py:649} INFO - ✅ Spark session received from DAG
[2025-04-04T08:16:52.045+0000] {spark_submit.py:649} INFO - 📥 Reading raw data...
[2025-04-04T08:16:52.055+0000] {spark_submit.py:649} INFO - 25/04/04 08:16:52 INFO SharedState: Setting hive.metastore.warehouse.dir ('null') to the value of spark.sql.warehouse.dir.
[2025-04-04T08:16:52.058+0000] {spark_submit.py:649} INFO - 25/04/04 08:16:52 INFO SharedState: Warehouse path is 'file:/opt/airflow/spark-warehouse'.
[2025-04-04T08:16:53.291+0000] {spark_submit.py:649} INFO - 25/04/04 08:16:53 WARN MetricsConfig: Cannot locate configuration: tried hadoop-metrics2-s3a-file-system.properties,hadoop-metrics2.properties
[2025-04-04T08:16:53.303+0000] {spark_submit.py:649} INFO - 25/04/04 08:16:53 INFO MetricsSystemImpl: Scheduled Metric snapshot period at 10 second(s).
[2025-04-04T08:16:53.304+0000] {spark_submit.py:649} INFO - 25/04/04 08:16:53 INFO MetricsSystemImpl: s3a-file-system metrics system started
[2025-04-04T08:16:54.491+0000] {spark_submit.py:649} INFO - 25/04/04 08:16:54 INFO StandaloneSchedulerBackend$StandaloneDriverEndpoint: Registered executor NettyRpcEndpointRef(spark-client://Executor) (172.24.0.8:49530) with ID 0,  ResourceProfileId 0
[2025-04-04T08:16:54.586+0000] {spark_submit.py:649} INFO - 25/04/04 08:16:54 INFO BlockManagerMasterEndpoint: Registering block manager 172.24.0.8:39063 with 434.4 MiB RAM, BlockManagerId(0, 172.24.0.8, 39063, None)
[2025-04-04T08:16:55.839+0000] {spark_submit.py:649} INFO - 25/04/04 08:16:55 INFO InMemoryFileIndex: It took 97 ms to list leaf files for 1 paths.
[2025-04-04T08:16:56.229+0000] {spark_submit.py:649} INFO - 25/04/04 08:16:56 INFO SparkContext: Starting job: parquet at NativeMethodAccessorImpl.java:0
[2025-04-04T08:16:56.241+0000] {spark_submit.py:649} INFO - 25/04/04 08:16:56 INFO DAGScheduler: Got job 0 (parquet at NativeMethodAccessorImpl.java:0) with 1 output partitions
[2025-04-04T08:16:56.241+0000] {spark_submit.py:649} INFO - 25/04/04 08:16:56 INFO DAGScheduler: Final stage: ResultStage 0 (parquet at NativeMethodAccessorImpl.java:0)
[2025-04-04T08:16:56.242+0000] {spark_submit.py:649} INFO - 25/04/04 08:16:56 INFO DAGScheduler: Parents of final stage: List()
[2025-04-04T08:16:56.242+0000] {spark_submit.py:649} INFO - 25/04/04 08:16:56 INFO DAGScheduler: Missing parents: List()
[2025-04-04T08:16:56.249+0000] {spark_submit.py:649} INFO - 25/04/04 08:16:56 INFO DAGScheduler: Submitting ResultStage 0 (MapPartitionsRDD[1] at parquet at NativeMethodAccessorImpl.java:0), which has no missing parents
[2025-04-04T08:16:56.296+0000] {spark_submit.py:649} INFO - 25/04/04 08:16:56 INFO MemoryStore: Block broadcast_0 stored as values in memory (estimated size 104.7 KiB, free 434.3 MiB)
[2025-04-04T08:16:56.352+0000] {spark_submit.py:649} INFO - 25/04/04 08:16:56 INFO MemoryStore: Block broadcast_0_piece0 stored as bytes in memory (estimated size 37.9 KiB, free 434.3 MiB)
[2025-04-04T08:16:56.359+0000] {spark_submit.py:649} INFO - 25/04/04 08:16:56 INFO BlockManagerInfo: Added broadcast_0_piece0 in memory on 43987fe3142a:33797 (size: 37.9 KiB, free: 434.4 MiB)
[2025-04-04T08:16:56.366+0000] {spark_submit.py:649} INFO - 25/04/04 08:16:56 INFO SparkContext: Created broadcast 0 from broadcast at DAGScheduler.scala:1580
[2025-04-04T08:16:56.388+0000] {spark_submit.py:649} INFO - 25/04/04 08:16:56 INFO DAGScheduler: Submitting 1 missing tasks from ResultStage 0 (MapPartitionsRDD[1] at parquet at NativeMethodAccessorImpl.java:0) (first 15 tasks are for partitions Vector(0))
[2025-04-04T08:16:56.389+0000] {spark_submit.py:649} INFO - 25/04/04 08:16:56 INFO TaskSchedulerImpl: Adding task set 0.0 with 1 tasks resource profile 0
[2025-04-04T08:17:01.422+0000] {spark_submit.py:649} INFO - 25/04/04 08:17:01 INFO TaskSetManager: Starting task 0.0 in stage 0.0 (TID 0) (172.24.0.8, executor 0, partition 0, PROCESS_LOCAL, 8111 bytes)
[2025-04-04T08:17:01.719+0000] {spark_submit.py:649} INFO - 25/04/04 08:17:01 INFO BlockManagerInfo: Added broadcast_0_piece0 in memory on 172.24.0.8:39063 (size: 37.9 KiB, free: 434.4 MiB)
[2025-04-04T08:17:03.232+0000] {spark_submit.py:649} INFO - 25/04/04 08:17:03 INFO TaskSetManager: Finished task 0.0 in stage 0.0 (TID 0) in 1819 ms on 172.24.0.8 (executor 0) (1/1)
[2025-04-04T08:17:03.235+0000] {spark_submit.py:649} INFO - 25/04/04 08:17:03 INFO TaskSchedulerImpl: Removed TaskSet 0.0, whose tasks have all completed, from pool
[2025-04-04T08:17:03.240+0000] {spark_submit.py:649} INFO - 25/04/04 08:17:03 INFO DAGScheduler: ResultStage 0 (parquet at NativeMethodAccessorImpl.java:0) finished in 6.976 s
[2025-04-04T08:17:03.242+0000] {spark_submit.py:649} INFO - 25/04/04 08:17:03 INFO DAGScheduler: Job 0 is finished. Cancelling potential speculative or zombie tasks for this job
[2025-04-04T08:17:03.243+0000] {spark_submit.py:649} INFO - 25/04/04 08:17:03 INFO TaskSchedulerImpl: Killing all running tasks in stage 0: Stage finished
[2025-04-04T08:17:03.245+0000] {spark_submit.py:649} INFO - 25/04/04 08:17:03 INFO DAGScheduler: Job 0 finished: parquet at NativeMethodAccessorImpl.java:0, took 7.020425 s
[2025-04-04T08:17:03.628+0000] {spark_submit.py:649} INFO - 25/04/04 08:17:03 INFO BlockManagerInfo: Removed broadcast_0_piece0 on 43987fe3142a:33797 in memory (size: 37.9 KiB, free: 434.4 MiB)
[2025-04-04T08:17:03.643+0000] {spark_submit.py:649} INFO - 25/04/04 08:17:03 INFO BlockManagerInfo: Removed broadcast_0_piece0 on 172.24.0.8:39063 in memory (size: 37.9 KiB, free: 434.4 MiB)
[2025-04-04T08:17:03.937+0000] {spark_submit.py:649} INFO - 🧪 Raw schema:
[2025-04-04T08:17:03.968+0000] {spark_submit.py:649} INFO - root
[2025-04-04T08:17:03.969+0000] {spark_submit.py:649} INFO - |-- VendorID: long (nullable = true)
[2025-04-04T08:17:03.969+0000] {spark_submit.py:649} INFO - |-- tpep_pickup_datetime: timestamp_ntz (nullable = true)
[2025-04-04T08:17:03.970+0000] {spark_submit.py:649} INFO - |-- tpep_dropoff_datetime: timestamp_ntz (nullable = true)
[2025-04-04T08:17:03.971+0000] {spark_submit.py:649} INFO - |-- passenger_count: double (nullable = true)
[2025-04-04T08:17:03.971+0000] {spark_submit.py:649} INFO - |-- trip_distance: double (nullable = true)
[2025-04-04T08:17:03.972+0000] {spark_submit.py:649} INFO - |-- RatecodeID: double (nullable = true)
[2025-04-04T08:17:03.973+0000] {spark_submit.py:649} INFO - |-- store_and_fwd_flag: string (nullable = true)
[2025-04-04T08:17:03.973+0000] {spark_submit.py:649} INFO - |-- PULocationID: long (nullable = true)
[2025-04-04T08:17:03.974+0000] {spark_submit.py:649} INFO - |-- DOLocationID: long (nullable = true)
[2025-04-04T08:17:03.974+0000] {spark_submit.py:649} INFO - |-- payment_type: long (nullable = true)
[2025-04-04T08:17:03.975+0000] {spark_submit.py:649} INFO - |-- fare_amount: double (nullable = true)
[2025-04-04T08:17:03.975+0000] {spark_submit.py:649} INFO - |-- extra: double (nullable = true)
[2025-04-04T08:17:03.975+0000] {spark_submit.py:649} INFO - |-- mta_tax: double (nullable = true)
[2025-04-04T08:17:03.976+0000] {spark_submit.py:649} INFO - |-- tip_amount: double (nullable = true)
[2025-04-04T08:17:03.976+0000] {spark_submit.py:649} INFO - |-- tolls_amount: double (nullable = true)
[2025-04-04T08:17:03.977+0000] {spark_submit.py:649} INFO - |-- improvement_surcharge: double (nullable = true)
[2025-04-04T08:17:03.978+0000] {spark_submit.py:649} INFO - |-- total_amount: double (nullable = true)
[2025-04-04T08:17:03.978+0000] {spark_submit.py:649} INFO - |-- congestion_surcharge: double (nullable = true)
[2025-04-04T08:17:03.979+0000] {spark_submit.py:649} INFO - |-- airport_fee: double (nullable = true)
[2025-04-04T08:17:03.979+0000] {spark_submit.py:649} INFO - 
[2025-04-04T08:17:03.980+0000] {spark_submit.py:649} INFO - 🧼 Cleaning data...
[2025-04-04T08:17:04.117+0000] {spark_submit.py:649} INFO - 📤 Writing cleaned data...
[2025-04-04T08:17:04.654+0000] {spark_submit.py:649} INFO - 25/04/04 08:17:04 INFO FileSourceStrategy: Pushed Filters: IsNotNull(trip_distance),IsNotNull(fare_amount),IsNotNull(tpep_pickup_datetime),IsNotNull(tpep_dropoff_datetime),GreaterThan(trip_distance,0.0),GreaterThanOrEqual(fare_amount,0.0)
[2025-04-04T08:17:04.656+0000] {spark_submit.py:649} INFO - 25/04/04 08:17:04 INFO FileSourceStrategy: Post-Scan Filters: isnotnull(trip_distance#4),isnotnull(fare_amount#10),isnotnull(tpep_pickup_datetime#1),isnotnull(tpep_dropoff_datetime#2),(trip_distance#4 > 0.0),(fare_amount#10 >= 0.0)
[2025-04-04T08:17:04.792+0000] {spark_submit.py:649} INFO - 25/04/04 08:17:04 INFO ParquetUtils: Using default output committer for Parquet: org.apache.parquet.hadoop.ParquetOutputCommitter
[2025-04-04T08:17:04.825+0000] {spark_submit.py:649} INFO - 25/04/04 08:17:04 INFO FileOutputCommitter: File Output Committer Algorithm version is 1
[2025-04-04T08:17:04.825+0000] {spark_submit.py:649} INFO - 25/04/04 08:17:04 INFO FileOutputCommitter: FileOutputCommitter skip cleanup _temporary folders under output directory:false, ignore cleanup failures: false
[2025-04-04T08:17:04.826+0000] {spark_submit.py:649} INFO - 25/04/04 08:17:04 INFO SQLHadoopMapReduceCommitProtocol: Using user defined output committer class org.apache.parquet.hadoop.ParquetOutputCommitter
[2025-04-04T08:17:04.827+0000] {spark_submit.py:649} INFO - 25/04/04 08:17:04 INFO FileOutputCommitter: File Output Committer Algorithm version is 1
[2025-04-04T08:17:04.827+0000] {spark_submit.py:649} INFO - 25/04/04 08:17:04 INFO FileOutputCommitter: FileOutputCommitter skip cleanup _temporary folders under output directory:false, ignore cleanup failures: false
[2025-04-04T08:17:04.827+0000] {spark_submit.py:649} INFO - 25/04/04 08:17:04 INFO SQLHadoopMapReduceCommitProtocol: Using output committer class org.apache.parquet.hadoop.ParquetOutputCommitter
[2025-04-04T08:17:05.289+0000] {spark_submit.py:649} INFO - 25/04/04 08:17:05 INFO CodeGenerator: Code generated in 204.39907 ms
[2025-04-04T08:17:05.305+0000] {spark_submit.py:649} INFO - 25/04/04 08:17:05 INFO MemoryStore: Block broadcast_1 stored as values in memory (estimated size 205.9 KiB, free 434.2 MiB)
[2025-04-04T08:17:05.313+0000] {spark_submit.py:649} INFO - 25/04/04 08:17:05 INFO MemoryStore: Block broadcast_1_piece0 stored as bytes in memory (estimated size 36.4 KiB, free 434.2 MiB)
[2025-04-04T08:17:05.314+0000] {spark_submit.py:649} INFO - 25/04/04 08:17:05 INFO BlockManagerInfo: Added broadcast_1_piece0 in memory on 43987fe3142a:33797 (size: 36.4 KiB, free: 434.4 MiB)
[2025-04-04T08:17:05.315+0000] {spark_submit.py:649} INFO - 25/04/04 08:17:05 INFO SparkContext: Created broadcast 1 from parquet at NativeMethodAccessorImpl.java:0
[2025-04-04T08:17:05.330+0000] {spark_submit.py:649} INFO - 25/04/04 08:17:05 INFO FileSourceScanExec: Planning scan with bin packing, max size: 25933837 bytes, open cost is considered as scanning 4194304 bytes.
[2025-04-04T08:17:05.362+0000] {spark_submit.py:649} INFO - 25/04/04 08:17:05 INFO SparkContext: Starting job: parquet at NativeMethodAccessorImpl.java:0
[2025-04-04T08:17:05.363+0000] {spark_submit.py:649} INFO - 25/04/04 08:17:05 INFO DAGScheduler: Got job 1 (parquet at NativeMethodAccessorImpl.java:0) with 2 output partitions
[2025-04-04T08:17:05.364+0000] {spark_submit.py:649} INFO - 25/04/04 08:17:05 INFO DAGScheduler: Final stage: ResultStage 1 (parquet at NativeMethodAccessorImpl.java:0)
[2025-04-04T08:17:05.365+0000] {spark_submit.py:649} INFO - 25/04/04 08:17:05 INFO DAGScheduler: Parents of final stage: List()
[2025-04-04T08:17:05.365+0000] {spark_submit.py:649} INFO - 25/04/04 08:17:05 INFO DAGScheduler: Missing parents: List()
[2025-04-04T08:17:05.366+0000] {spark_submit.py:649} INFO - 25/04/04 08:17:05 INFO DAGScheduler: Submitting ResultStage 1 (MapPartitionsRDD[5] at parquet at NativeMethodAccessorImpl.java:0), which has no missing parents
[2025-04-04T08:17:05.407+0000] {spark_submit.py:649} INFO - 25/04/04 08:17:05 INFO MemoryStore: Block broadcast_2 stored as values in memory (estimated size 232.4 KiB, free 433.9 MiB)
[2025-04-04T08:17:05.417+0000] {spark_submit.py:649} INFO - 25/04/04 08:17:05 INFO MemoryStore: Block broadcast_2_piece0 stored as bytes in memory (estimated size 81.5 KiB, free 433.9 MiB)
[2025-04-04T08:17:05.418+0000] {spark_submit.py:649} INFO - 25/04/04 08:17:05 INFO BlockManagerInfo: Added broadcast_2_piece0 in memory on 43987fe3142a:33797 (size: 81.5 KiB, free: 434.3 MiB)
[2025-04-04T08:17:05.419+0000] {spark_submit.py:649} INFO - 25/04/04 08:17:05 INFO SparkContext: Created broadcast 2 from broadcast at DAGScheduler.scala:1580
[2025-04-04T08:17:05.419+0000] {spark_submit.py:649} INFO - 25/04/04 08:17:05 INFO DAGScheduler: Submitting 2 missing tasks from ResultStage 1 (MapPartitionsRDD[5] at parquet at NativeMethodAccessorImpl.java:0) (first 15 tasks are for partitions Vector(0, 1))
[2025-04-04T08:17:05.420+0000] {spark_submit.py:649} INFO - 25/04/04 08:17:05 INFO TaskSchedulerImpl: Adding task set 1.0 with 2 tasks resource profile 0
[2025-04-04T08:17:05.423+0000] {spark_submit.py:649} INFO - 25/04/04 08:17:05 INFO TaskSetManager: Starting task 0.0 in stage 1.0 (TID 1) (172.24.0.8, executor 0, partition 0, PROCESS_LOCAL, 8616 bytes)
[2025-04-04T08:17:05.424+0000] {spark_submit.py:649} INFO - 25/04/04 08:17:05 INFO TaskSetManager: Starting task 1.0 in stage 1.0 (TID 2) (172.24.0.8, executor 0, partition 1, PROCESS_LOCAL, 8616 bytes)
[2025-04-04T08:17:05.465+0000] {spark_submit.py:649} INFO - 25/04/04 08:17:05 INFO BlockManagerInfo: Added broadcast_2_piece0 in memory on 172.24.0.8:39063 (size: 81.5 KiB, free: 434.3 MiB)
[2025-04-04T08:17:05.974+0000] {spark_submit.py:649} INFO - 25/04/04 08:17:05 INFO BlockManagerInfo: Added broadcast_1_piece0 in memory on 172.24.0.8:39063 (size: 36.4 KiB, free: 434.3 MiB)
[2025-04-04T08:17:06.220+0000] {spark_submit.py:649} INFO - 25/04/04 08:17:06 INFO TaskSetManager: Finished task 1.0 in stage 1.0 (TID 2) in 797 ms on 172.24.0.8 (executor 0) (1/2)
[2025-04-04T08:17:15.464+0000] {spark_submit.py:649} INFO - 25/04/04 08:17:15 INFO TaskSetManager: Finished task 0.0 in stage 1.0 (TID 1) in 10043 ms on 172.24.0.8 (executor 0) (2/2)
[2025-04-04T08:17:15.464+0000] {spark_submit.py:649} INFO - 25/04/04 08:17:15 INFO TaskSchedulerImpl: Removed TaskSet 1.0, whose tasks have all completed, from pool
[2025-04-04T08:17:15.466+0000] {spark_submit.py:649} INFO - 25/04/04 08:17:15 INFO DAGScheduler: ResultStage 1 (parquet at NativeMethodAccessorImpl.java:0) finished in 10.097 s
[2025-04-04T08:17:15.467+0000] {spark_submit.py:649} INFO - 25/04/04 08:17:15 INFO DAGScheduler: Job 1 is finished. Cancelling potential speculative or zombie tasks for this job
[2025-04-04T08:17:15.468+0000] {spark_submit.py:649} INFO - 25/04/04 08:17:15 INFO TaskSchedulerImpl: Killing all running tasks in stage 1: Stage finished
[2025-04-04T08:17:15.469+0000] {spark_submit.py:649} INFO - 25/04/04 08:17:15 INFO DAGScheduler: Job 1 finished: parquet at NativeMethodAccessorImpl.java:0, took 10.103398 s
[2025-04-04T08:17:15.469+0000] {spark_submit.py:649} INFO - 25/04/04 08:17:15 INFO FileFormatWriter: Start to commit write Job 6a4ebb12-4dbb-41d8-b79f-cef7d4cf2d7a.
[2025-04-04T08:17:15.964+0000] {spark_submit.py:649} INFO - 25/04/04 08:17:15 INFO FileFormatWriter: Write Job 6a4ebb12-4dbb-41d8-b79f-cef7d4cf2d7a committed. Elapsed time: 494 ms.
[2025-04-04T08:17:15.966+0000] {spark_submit.py:649} INFO - 25/04/04 08:17:15 INFO FileFormatWriter: Finished processing stats for write job 6a4ebb12-4dbb-41d8-b79f-cef7d4cf2d7a.
[2025-04-04T08:17:15.969+0000] {spark_submit.py:649} INFO - ✅ Data cleaning complete and saved to MinIO!
[2025-04-04T08:17:16.019+0000] {spark_submit.py:649} INFO - 25/04/04 08:17:16 INFO SparkContext: Invoking stop() from shutdown hook
[2025-04-04T08:17:16.019+0000] {spark_submit.py:649} INFO - 25/04/04 08:17:16 INFO SparkContext: SparkContext is stopping with exitCode 0.
[2025-04-04T08:17:16.027+0000] {spark_submit.py:649} INFO - 25/04/04 08:17:16 INFO SparkUI: Stopped Spark web UI at http://43987fe3142a:4040
[2025-04-04T08:17:16.029+0000] {spark_submit.py:649} INFO - 25/04/04 08:17:16 INFO StandaloneSchedulerBackend: Shutting down all executors
[2025-04-04T08:17:16.030+0000] {spark_submit.py:649} INFO - 25/04/04 08:17:16 INFO StandaloneSchedulerBackend$StandaloneDriverEndpoint: Asking each executor to shut down
[2025-04-04T08:17:16.049+0000] {spark_submit.py:649} INFO - 25/04/04 08:17:16 INFO MapOutputTrackerMasterEndpoint: MapOutputTrackerMasterEndpoint stopped!
[2025-04-04T08:17:16.100+0000] {spark_submit.py:649} INFO - 25/04/04 08:17:16 INFO MemoryStore: MemoryStore cleared
[2025-04-04T08:17:16.101+0000] {spark_submit.py:649} INFO - 25/04/04 08:17:16 INFO BlockManager: BlockManager stopped
[2025-04-04T08:17:16.103+0000] {spark_submit.py:649} INFO - 25/04/04 08:17:16 INFO BlockManagerMaster: BlockManagerMaster stopped
[2025-04-04T08:17:16.106+0000] {spark_submit.py:649} INFO - 25/04/04 08:17:16 INFO OutputCommitCoordinator$OutputCommitCoordinatorEndpoint: OutputCommitCoordinator stopped!
[2025-04-04T08:17:16.124+0000] {spark_submit.py:649} INFO - 25/04/04 08:17:16 INFO SparkContext: Successfully stopped SparkContext
[2025-04-04T08:17:16.125+0000] {spark_submit.py:649} INFO - 25/04/04 08:17:16 INFO ShutdownHookManager: Shutdown hook called
[2025-04-04T08:17:16.126+0000] {spark_submit.py:649} INFO - 25/04/04 08:17:16 INFO ShutdownHookManager: Deleting directory /tmp/spark-cf76c960-eed9-4856-83ee-51500887d72b
[2025-04-04T08:17:16.130+0000] {spark_submit.py:649} INFO - 25/04/04 08:17:16 INFO ShutdownHookManager: Deleting directory /tmp/spark-2014ccdb-2e7d-4217-b301-267368331db2
[2025-04-04T08:17:16.134+0000] {spark_submit.py:649} INFO - 25/04/04 08:17:16 INFO ShutdownHookManager: Deleting directory /tmp/spark-cf76c960-eed9-4856-83ee-51500887d72b/pyspark-025c0126-68cb-4db9-87c5-aaea35d4f478
[2025-04-04T08:17:16.143+0000] {spark_submit.py:649} INFO - 25/04/04 08:17:16 INFO MetricsSystemImpl: Stopping s3a-file-system metrics system...
[2025-04-04T08:17:16.144+0000] {spark_submit.py:649} INFO - 25/04/04 08:17:16 INFO MetricsSystemImpl: s3a-file-system metrics system stopped.
[2025-04-04T08:17:16.144+0000] {spark_submit.py:649} INFO - 25/04/04 08:17:16 INFO MetricsSystemImpl: s3a-file-system metrics system shutdown complete.
[2025-04-04T08:17:16.218+0000] {taskinstance.py:1138} INFO - Marking task as SUCCESS. dag_id=full_pipeline_dag, task_id=clean_data_spark, execution_date=20250404T081615, start_date=20250404T081645, end_date=20250404T081716
[2025-04-04T08:17:16.432+0000] {local_task_job_runner.py:234} INFO - Task exited with return code 0
[2025-04-04T08:17:16.529+0000] {taskinstance.py:3280} INFO - 1 downstream tasks scheduled from follow-on schedule check
