[2025-04-03T09:53:14.573+0000] {taskinstance.py:1956} INFO - Dependencies all met for dep_context=non-requeueable deps ti=<TaskInstance: full_pipeline_dag.upload_raw_to_minio manual__2025-04-03T09:52:50.719852+00:00 [queued]>
[2025-04-03T09:53:14.584+0000] {taskinstance.py:1956} INFO - Dependencies all met for dep_context=requeueable deps ti=<TaskInstance: full_pipeline_dag.upload_raw_to_minio manual__2025-04-03T09:52:50.719852+00:00 [queued]>
[2025-04-03T09:53:14.585+0000] {taskinstance.py:2170} INFO - Starting attempt 1 of 3
[2025-04-03T09:53:14.632+0000] {taskinstance.py:2191} INFO - Executing <Task(PythonOperator): upload_raw_to_minio> on 2025-04-03 09:52:50.719852+00:00
[2025-04-03T09:53:14.639+0000] {standard_task_runner.py:60} INFO - Started process 219 to run task
[2025-04-03T09:53:14.644+0000] {standard_task_runner.py:87} INFO - Running: ['airflow', 'tasks', 'run', 'full_pipeline_dag', 'upload_raw_to_minio', 'manual__2025-04-03T09:52:50.719852+00:00', '--job-id', '157', '--raw', '--subdir', 'DAGS_FOLDER/full_pipeline_dag.py', '--cfg-path', '/tmp/tmpfzzl1y98']
[2025-04-03T09:53:14.646+0000] {standard_task_runner.py:88} INFO - Job 157: Subtask upload_raw_to_minio
[2025-04-03T09:53:14.699+0000] {logging_mixin.py:188} WARNING - /home/airflow/.local/lib/python3.8/site-packages/airflow/settings.py:194 DeprecationWarning: The sql_alchemy_conn option in [core] has been moved to the sql_alchemy_conn option in [database] - the old setting has been used, but please update your config.
[2025-04-03T09:53:14.768+0000] {task_command.py:423} INFO - Running <TaskInstance: full_pipeline_dag.upload_raw_to_minio manual__2025-04-03T09:52:50.719852+00:00 [running]> on host f3e96b61807d
[2025-04-03T09:53:14.949+0000] {taskinstance.py:2480} INFO - Exporting env vars: AIRFLOW_CTX_DAG_OWNER='airflow' AIRFLOW_CTX_DAG_ID='full_pipeline_dag' AIRFLOW_CTX_TASK_ID='upload_raw_to_minio' AIRFLOW_CTX_EXECUTION_DATE='2025-04-03T09:52:50.719852+00:00' AIRFLOW_CTX_TRY_NUMBER='1' AIRFLOW_CTX_DAG_RUN_ID='manual__2025-04-03T09:52:50.719852+00:00'
[2025-04-03T09:53:15.306+0000] {base.py:83} INFO - Using connection ID 'minio_conn' for task execution.
[2025-04-03T09:53:15.307+0000] {connection_wrapper.py:378} INFO - AWS Connection (conn_id='minio_conn', conn_type='aws') credentials retrieved from login and password.
[2025-04-03T09:53:15.309+0000] {logging_mixin.py:188} WARNING - <string>:9 AirflowProviderDeprecationWarning: extra['host'] is deprecated and will be removed in a future release. Please set extra['endpoint_url'] instead
[2025-04-03T09:53:15.613+0000] {logging_mixin.py:188} INFO - 🪣 Bucket 'nyc-taxi' already exists.
[2025-04-03T09:53:15.614+0000] {logging_mixin.py:188} INFO - ☁️ Uploading /opt/data/raw/yellow_tripdata_2023-01.parquet to s3://nyc-taxi/raw/yellow_tripdata_2023-01.parquet
[2025-04-03T09:53:16.447+0000] {logging_mixin.py:188} INFO - ✅ Upload complete using S3Hook!
[2025-04-03T09:53:16.447+0000] {python.py:201} INFO - Done. Returned value was: None
[2025-04-03T09:53:16.462+0000] {taskinstance.py:1138} INFO - Marking task as SUCCESS. dag_id=full_pipeline_dag, task_id=upload_raw_to_minio, execution_date=20250403T095250, start_date=20250403T095314, end_date=20250403T095316
[2025-04-03T09:53:16.545+0000] {local_task_job_runner.py:234} INFO - Task exited with return code 0
[2025-04-03T09:53:16.611+0000] {taskinstance.py:3280} INFO - 1 downstream tasks scheduled from follow-on schedule check
