[2025-04-04T05:10:18.312+0000] {taskinstance.py:1956} INFO - Dependencies all met for dep_context=non-requeueable deps ti=<TaskInstance: full_pipeline_dag.clean_data_spark manual__2025-04-04T05:06:54.466928+00:00 [queued]>
[2025-04-04T05:10:18.333+0000] {taskinstance.py:1956} INFO - Dependencies all met for dep_context=requeueable deps ti=<TaskInstance: full_pipeline_dag.clean_data_spark manual__2025-04-04T05:06:54.466928+00:00 [queued]>
[2025-04-04T05:10:18.334+0000] {taskinstance.py:2170} INFO - Starting attempt 3 of 3
[2025-04-04T05:10:18.392+0000] {taskinstance.py:2191} INFO - Executing <Task(SparkSubmitOperator): clean_data_spark> on 2025-04-04 05:06:54.466928+00:00
[2025-04-04T05:10:18.397+0000] {standard_task_runner.py:60} INFO - Started process 546 to run task
[2025-04-04T05:10:18.399+0000] {standard_task_runner.py:87} INFO - Running: ['airflow', 'tasks', 'run', 'full_pipeline_dag', 'clean_data_spark', 'manual__2025-04-04T05:06:54.466928+00:00', '--job-id', '262', '--raw', '--subdir', 'DAGS_FOLDER/full_pipeline_dag.py', '--cfg-path', '/tmp/tmp_b9sx0fi']
[2025-04-04T05:10:18.401+0000] {standard_task_runner.py:88} INFO - Job 262: Subtask clean_data_spark
[2025-04-04T05:10:18.466+0000] {logging_mixin.py:188} WARNING - /home/airflow/.local/lib/python3.8/site-packages/airflow/settings.py:194 DeprecationWarning: The sql_alchemy_conn option in [core] has been moved to the sql_alchemy_conn option in [database] - the old setting has been used, but please update your config.
[2025-04-04T05:10:18.543+0000] {task_command.py:423} INFO - Running <TaskInstance: full_pipeline_dag.clean_data_spark manual__2025-04-04T05:06:54.466928+00:00 [running]> on host 33d154a2f98d
[2025-04-04T05:10:18.741+0000] {taskinstance.py:2480} INFO - Exporting env vars: AIRFLOW_CTX_DAG_OWNER='airflow' AIRFLOW_CTX_DAG_ID='full_pipeline_dag' AIRFLOW_CTX_TASK_ID='clean_data_spark' AIRFLOW_CTX_EXECUTION_DATE='2025-04-04T05:06:54.466928+00:00' AIRFLOW_CTX_TRY_NUMBER='3' AIRFLOW_CTX_DAG_RUN_ID='manual__2025-04-04T05:06:54.466928+00:00'
[2025-04-04T05:10:18.766+0000] {base.py:83} INFO - Using connection ID 'spark_default' for task execution.
[2025-04-04T05:10:18.767+0000] {spark_submit.py:473} INFO - Spark-Submit cmd: spark-submit --master spark://spark-master:7077 --conf spark.master=spark://spark-master:7077 --conf spark.hadoop.fs.s3a.impl=org.apache.hadoop.fs.s3a.S3AFileSystem --jars /opt/spark-extra-jars/hadoop-aws-3.3.6.jar,/opt/spark-extra-jars/aws-java-sdk-bundle-1.12.696.jar,/opt/spark-extra-jars/hadoop-common-3.3.6.jar --name arrow-spark --verbose --queue root.default --deploy-mode client /opt/spark-app/clean_yellow_tripdata.py
[2025-04-04T05:10:20.036+0000] {spark_submit.py:649} INFO - Using properties file: null
[2025-04-04T05:10:20.131+0000] {spark_submit.py:649} INFO - Parsed arguments:
[2025-04-04T05:10:20.132+0000] {spark_submit.py:649} INFO - master                  spark://spark-master:7077
[2025-04-04T05:10:20.133+0000] {spark_submit.py:649} INFO - remote                  null
[2025-04-04T05:10:20.133+0000] {spark_submit.py:649} INFO - deployMode              client
[2025-04-04T05:10:20.134+0000] {spark_submit.py:649} INFO - executorMemory          null
[2025-04-04T05:10:20.135+0000] {spark_submit.py:649} INFO - executorCores           null
[2025-04-04T05:10:20.135+0000] {spark_submit.py:649} INFO - totalExecutorCores      null
[2025-04-04T05:10:20.136+0000] {spark_submit.py:649} INFO - propertiesFile          null
[2025-04-04T05:10:20.137+0000] {spark_submit.py:649} INFO - driverMemory            null
[2025-04-04T05:10:20.137+0000] {spark_submit.py:649} INFO - driverCores             null
[2025-04-04T05:10:20.138+0000] {spark_submit.py:649} INFO - driverExtraClassPath    null
[2025-04-04T05:10:20.139+0000] {spark_submit.py:649} INFO - driverExtraLibraryPath  null
[2025-04-04T05:10:20.139+0000] {spark_submit.py:649} INFO - driverExtraJavaOptions  null
[2025-04-04T05:10:20.140+0000] {spark_submit.py:649} INFO - supervise               false
[2025-04-04T05:10:20.141+0000] {spark_submit.py:649} INFO - queue                   root.default
[2025-04-04T05:10:20.141+0000] {spark_submit.py:649} INFO - numExecutors            null
[2025-04-04T05:10:20.142+0000] {spark_submit.py:649} INFO - files                   null
[2025-04-04T05:10:20.143+0000] {spark_submit.py:649} INFO - pyFiles                 null
[2025-04-04T05:10:20.143+0000] {spark_submit.py:649} INFO - archives                null
[2025-04-04T05:10:20.144+0000] {spark_submit.py:649} INFO - mainClass               null
[2025-04-04T05:10:20.144+0000] {spark_submit.py:649} INFO - primaryResource         file:/opt/spark-app/clean_yellow_tripdata.py
[2025-04-04T05:10:20.145+0000] {spark_submit.py:649} INFO - name                    arrow-spark
[2025-04-04T05:10:20.145+0000] {spark_submit.py:649} INFO - childArgs               []
[2025-04-04T05:10:20.146+0000] {spark_submit.py:649} INFO - jars                    file:/opt/spark-extra-jars/hadoop-aws-3.3.6.jar,file:/opt/spark-extra-jars/aws-java-sdk-bundle-1.12.696.jar,file:/opt/spark-extra-jars/hadoop-common-3.3.6.jar
[2025-04-04T05:10:20.147+0000] {spark_submit.py:649} INFO - packages                null
[2025-04-04T05:10:20.147+0000] {spark_submit.py:649} INFO - packagesExclusions      null
[2025-04-04T05:10:20.148+0000] {spark_submit.py:649} INFO - repositories            null
[2025-04-04T05:10:20.149+0000] {spark_submit.py:649} INFO - verbose                 true
[2025-04-04T05:10:20.150+0000] {spark_submit.py:649} INFO - 
[2025-04-04T05:10:20.151+0000] {spark_submit.py:649} INFO - Spark properties used, including those specified through
[2025-04-04T05:10:20.151+0000] {spark_submit.py:649} INFO - --conf and those from the properties file null:
[2025-04-04T05:10:20.152+0000] {spark_submit.py:649} INFO - (spark.hadoop.fs.s3a.impl,org.apache.hadoop.fs.s3a.S3AFileSystem)
[2025-04-04T05:10:20.153+0000] {spark_submit.py:649} INFO - (spark.master,spark://spark-master:7077)
[2025-04-04T05:10:20.154+0000] {spark_submit.py:649} INFO - 
[2025-04-04T05:10:20.154+0000] {spark_submit.py:649} INFO - 
[2025-04-04T05:10:20.444+0000] {spark_submit.py:649} INFO - 25/04/04 05:10:20 WARN NativeCodeLoader: Unable to load native-hadoop library for your platform... using builtin-java classes where applicable
[2025-04-04T05:10:20.675+0000] {spark_submit.py:649} INFO - Main class:
[2025-04-04T05:10:20.676+0000] {spark_submit.py:649} INFO - org.apache.spark.deploy.PythonRunner
[2025-04-04T05:10:20.677+0000] {spark_submit.py:649} INFO - Arguments:
[2025-04-04T05:10:20.677+0000] {spark_submit.py:649} INFO - file:/opt/spark-app/clean_yellow_tripdata.py
[2025-04-04T05:10:20.678+0000] {spark_submit.py:649} INFO - null
[2025-04-04T05:10:20.679+0000] {spark_submit.py:649} INFO - Spark config:
[2025-04-04T05:10:20.680+0000] {spark_submit.py:649} INFO - (spark.app.name,arrow-spark)
[2025-04-04T05:10:20.681+0000] {spark_submit.py:649} INFO - (spark.app.submitTime,1743743420648)
[2025-04-04T05:10:20.681+0000] {spark_submit.py:649} INFO - (spark.hadoop.fs.s3a.impl,org.apache.hadoop.fs.s3a.S3AFileSystem)
[2025-04-04T05:10:20.682+0000] {spark_submit.py:649} INFO - (spark.jars,file:///opt/spark-extra-jars/hadoop-aws-3.3.6.jar,file:///opt/spark-extra-jars/aws-java-sdk-bundle-1.12.696.jar,file:///opt/spark-extra-jars/hadoop-common-3.3.6.jar)
[2025-04-04T05:10:20.683+0000] {spark_submit.py:649} INFO - (spark.master,spark://spark-master:7077)
[2025-04-04T05:10:20.684+0000] {spark_submit.py:649} INFO - (spark.repl.local.jars,file:///opt/spark-extra-jars/hadoop-aws-3.3.6.jar,file:///opt/spark-extra-jars/aws-java-sdk-bundle-1.12.696.jar,file:///opt/spark-extra-jars/hadoop-common-3.3.6.jar)
[2025-04-04T05:10:20.684+0000] {spark_submit.py:649} INFO - (spark.submit.deployMode,client)
[2025-04-04T05:10:20.685+0000] {spark_submit.py:649} INFO - (spark.submit.pyFiles,)
[2025-04-04T05:10:20.686+0000] {spark_submit.py:649} INFO - Classpath elements:
[2025-04-04T05:10:20.686+0000] {spark_submit.py:649} INFO - file:///opt/spark-extra-jars/hadoop-aws-3.3.6.jar
[2025-04-04T05:10:20.687+0000] {spark_submit.py:649} INFO - file:///opt/spark-extra-jars/aws-java-sdk-bundle-1.12.696.jar
[2025-04-04T05:10:20.687+0000] {spark_submit.py:649} INFO - file:///opt/spark-extra-jars/hadoop-common-3.3.6.jar
[2025-04-04T05:10:20.688+0000] {spark_submit.py:649} INFO - 
[2025-04-04T05:10:20.689+0000] {spark_submit.py:649} INFO - 
[2025-04-04T05:10:22.658+0000] {spark_submit.py:649} INFO - 25/04/04 05:10:22 INFO SparkContext: Running Spark version 3.5.0
[2025-04-04T05:10:22.659+0000] {spark_submit.py:649} INFO - 25/04/04 05:10:22 INFO SparkContext: OS info Linux, 5.15.167.4-microsoft-standard-WSL2, amd64
[2025-04-04T05:10:22.660+0000] {spark_submit.py:649} INFO - 25/04/04 05:10:22 INFO SparkContext: Java version 17.0.14
[2025-04-04T05:10:22.680+0000] {spark_submit.py:649} INFO - 25/04/04 05:10:22 INFO ResourceUtils: ==============================================================
[2025-04-04T05:10:22.681+0000] {spark_submit.py:649} INFO - 25/04/04 05:10:22 INFO ResourceUtils: No custom resources configured for spark.driver.
[2025-04-04T05:10:22.681+0000] {spark_submit.py:649} INFO - 25/04/04 05:10:22 INFO ResourceUtils: ==============================================================
[2025-04-04T05:10:22.682+0000] {spark_submit.py:649} INFO - 25/04/04 05:10:22 INFO SparkContext: Submitted application: CleanYellowData
[2025-04-04T05:10:22.701+0000] {spark_submit.py:649} INFO - 25/04/04 05:10:22 INFO ResourceProfile: Default ResourceProfile created, executor resources: Map(memory -> name: memory, amount: 1024, script: , vendor: , offHeap -> name: offHeap, amount: 0, script: , vendor: ), task resources: Map(cpus -> name: cpus, amount: 1.0)
[2025-04-04T05:10:22.709+0000] {spark_submit.py:649} INFO - 25/04/04 05:10:22 INFO ResourceProfile: Limiting resource is cpu
[2025-04-04T05:10:22.710+0000] {spark_submit.py:649} INFO - 25/04/04 05:10:22 INFO ResourceProfileManager: Added ResourceProfile id: 0
[2025-04-04T05:10:22.753+0000] {spark_submit.py:649} INFO - 25/04/04 05:10:22 INFO SecurityManager: Changing view acls to: airflow
[2025-04-04T05:10:22.754+0000] {spark_submit.py:649} INFO - 25/04/04 05:10:22 INFO SecurityManager: Changing modify acls to: airflow
[2025-04-04T05:10:22.755+0000] {spark_submit.py:649} INFO - 25/04/04 05:10:22 INFO SecurityManager: Changing view acls groups to:
[2025-04-04T05:10:22.756+0000] {spark_submit.py:649} INFO - 25/04/04 05:10:22 INFO SecurityManager: Changing modify acls groups to:
[2025-04-04T05:10:22.756+0000] {spark_submit.py:649} INFO - 25/04/04 05:10:22 INFO SecurityManager: SecurityManager: authentication disabled; ui acls disabled; users with view permissions: airflow; groups with view permissions: EMPTY; users with modify permissions: airflow; groups with modify permissions: EMPTY
[2025-04-04T05:10:22.929+0000] {spark_submit.py:649} INFO - 25/04/04 05:10:22 INFO Utils: Successfully started service 'sparkDriver' on port 43089.
[2025-04-04T05:10:22.947+0000] {spark_submit.py:649} INFO - 25/04/04 05:10:22 INFO SparkEnv: Registering MapOutputTracker
[2025-04-04T05:10:22.975+0000] {spark_submit.py:649} INFO - 25/04/04 05:10:22 INFO SparkEnv: Registering BlockManagerMaster
[2025-04-04T05:10:22.990+0000] {spark_submit.py:649} INFO - 25/04/04 05:10:22 INFO BlockManagerMasterEndpoint: Using org.apache.spark.storage.DefaultTopologyMapper for getting topology information
[2025-04-04T05:10:22.991+0000] {spark_submit.py:649} INFO - 25/04/04 05:10:22 INFO BlockManagerMasterEndpoint: BlockManagerMasterEndpoint up
[2025-04-04T05:10:22.994+0000] {spark_submit.py:649} INFO - 25/04/04 05:10:22 INFO SparkEnv: Registering BlockManagerMasterHeartbeat
[2025-04-04T05:10:23.012+0000] {spark_submit.py:649} INFO - 25/04/04 05:10:23 INFO DiskBlockManager: Created local directory at /tmp/blockmgr-1fdb38f3-7202-40ca-a5c6-dc794e857ca4
[2025-04-04T05:10:23.024+0000] {spark_submit.py:649} INFO - 25/04/04 05:10:23 INFO MemoryStore: MemoryStore started with capacity 434.4 MiB
[2025-04-04T05:10:23.038+0000] {spark_submit.py:649} INFO - 25/04/04 05:10:23 INFO SparkEnv: Registering OutputCommitCoordinator
[2025-04-04T05:10:23.140+0000] {spark_submit.py:649} INFO - 25/04/04 05:10:23 INFO JettyUtils: Start Jetty 0.0.0.0:4040 for SparkUI
[2025-04-04T05:10:23.198+0000] {spark_submit.py:649} INFO - 25/04/04 05:10:23 INFO Utils: Successfully started service 'SparkUI' on port 4040.
[2025-04-04T05:10:23.229+0000] {spark_submit.py:649} INFO - 25/04/04 05:10:23 INFO SparkContext: Added JAR file:///opt/spark-extra-jars/hadoop-aws-3.3.6.jar at spark://33d154a2f98d:43089/jars/hadoop-aws-3.3.6.jar with timestamp 1743743422651
[2025-04-04T05:10:23.230+0000] {spark_submit.py:649} INFO - 25/04/04 05:10:23 INFO SparkContext: Added JAR file:///opt/spark-extra-jars/aws-java-sdk-bundle-1.12.696.jar at spark://33d154a2f98d:43089/jars/aws-java-sdk-bundle-1.12.696.jar with timestamp 1743743422651
[2025-04-04T05:10:23.231+0000] {spark_submit.py:649} INFO - 25/04/04 05:10:23 INFO SparkContext: Added JAR file:///opt/spark-extra-jars/hadoop-common-3.3.6.jar at spark://33d154a2f98d:43089/jars/hadoop-common-3.3.6.jar with timestamp 1743743422651
[2025-04-04T05:10:23.325+0000] {spark_submit.py:649} INFO - 25/04/04 05:10:23 INFO StandaloneAppClient$ClientEndpoint: Connecting to master spark://spark-master:7077...
[2025-04-04T05:10:23.359+0000] {spark_submit.py:649} INFO - 25/04/04 05:10:23 INFO TransportClientFactory: Successfully created connection to spark-master/172.24.0.5:7077 after 18 ms (0 ms spent in bootstraps)
[2025-04-04T05:10:23.456+0000] {spark_submit.py:649} INFO - 25/04/04 05:10:23 INFO StandaloneSchedulerBackend: Connected to Spark cluster with app ID app-20250404051023-0002
[2025-04-04T05:10:23.459+0000] {spark_submit.py:649} INFO - 25/04/04 05:10:23 INFO StandaloneAppClient$ClientEndpoint: Executor added: app-20250404051023-0002/0 on worker-20250404050532-172.24.0.8-41915 (172.24.0.8:41915) with 2 core(s)
[2025-04-04T05:10:23.461+0000] {spark_submit.py:649} INFO - 25/04/04 05:10:23 INFO StandaloneSchedulerBackend: Granted executor ID app-20250404051023-0002/0 on hostPort 172.24.0.8:41915 with 2 core(s), 1024.0 MiB RAM
[2025-04-04T05:10:23.465+0000] {spark_submit.py:649} INFO - 25/04/04 05:10:23 INFO Utils: Successfully started service 'org.apache.spark.network.netty.NettyBlockTransferService' on port 37093.
[2025-04-04T05:10:23.466+0000] {spark_submit.py:649} INFO - 25/04/04 05:10:23 INFO NettyBlockTransferService: Server created on 33d154a2f98d:37093
[2025-04-04T05:10:23.467+0000] {spark_submit.py:649} INFO - 25/04/04 05:10:23 INFO BlockManager: Using org.apache.spark.storage.RandomBlockReplicationPolicy for block replication policy
[2025-04-04T05:10:23.472+0000] {spark_submit.py:649} INFO - 25/04/04 05:10:23 INFO BlockManagerMaster: Registering BlockManager BlockManagerId(driver, 33d154a2f98d, 37093, None)
[2025-04-04T05:10:23.475+0000] {spark_submit.py:649} INFO - 25/04/04 05:10:23 INFO BlockManagerMasterEndpoint: Registering block manager 33d154a2f98d:37093 with 434.4 MiB RAM, BlockManagerId(driver, 33d154a2f98d, 37093, None)
[2025-04-04T05:10:23.477+0000] {spark_submit.py:649} INFO - 25/04/04 05:10:23 INFO BlockManagerMaster: Registered BlockManager BlockManagerId(driver, 33d154a2f98d, 37093, None)
[2025-04-04T05:10:23.478+0000] {spark_submit.py:649} INFO - 25/04/04 05:10:23 INFO BlockManager: Initialized BlockManager: BlockManagerId(driver, 33d154a2f98d, 37093, None)
[2025-04-04T05:10:23.525+0000] {spark_submit.py:649} INFO - 25/04/04 05:10:23 INFO StandaloneAppClient$ClientEndpoint: Executor updated: app-20250404051023-0002/0 is now RUNNING
[2025-04-04T05:10:23.671+0000] {spark_submit.py:649} INFO - 25/04/04 05:10:23 INFO StandaloneSchedulerBackend: SchedulerBackend is ready for scheduling beginning after reached minRegisteredResourcesRatio: 0.0
[2025-04-04T05:10:23.823+0000] {spark_submit.py:649} INFO - ✅ Spark session received from DAG
[2025-04-04T05:10:23.824+0000] {spark_submit.py:649} INFO - 📥 Reading raw data...
[2025-04-04T05:10:23.827+0000] {spark_submit.py:649} INFO - 25/04/04 05:10:23 INFO SharedState: Setting hive.metastore.warehouse.dir ('null') to the value of spark.sql.warehouse.dir.
[2025-04-04T05:10:23.829+0000] {spark_submit.py:649} INFO - 25/04/04 05:10:23 INFO SharedState: Warehouse path is 'file:/opt/airflow/spark-warehouse'.
[2025-04-04T05:10:24.770+0000] {spark_submit.py:649} INFO - 25/04/04 05:10:24 WARN MetricsConfig: Cannot locate configuration: tried hadoop-metrics2-s3a-file-system.properties,hadoop-metrics2.properties
[2025-04-04T05:10:24.780+0000] {spark_submit.py:649} INFO - 25/04/04 05:10:24 INFO MetricsSystemImpl: Scheduled Metric snapshot period at 10 second(s).
[2025-04-04T05:10:24.781+0000] {spark_submit.py:649} INFO - 25/04/04 05:10:24 INFO MetricsSystemImpl: s3a-file-system metrics system started
[2025-04-04T05:10:26.029+0000] {spark_submit.py:649} INFO - 25/04/04 05:10:26 INFO StandaloneSchedulerBackend$StandaloneDriverEndpoint: Registered executor NettyRpcEndpointRef(spark-client://Executor) (172.24.0.8:43982) with ID 0,  ResourceProfileId 0
[2025-04-04T05:10:26.102+0000] {spark_submit.py:649} INFO - 25/04/04 05:10:26 INFO BlockManagerMasterEndpoint: Registering block manager 172.24.0.8:37605 with 434.4 MiB RAM, BlockManagerId(0, 172.24.0.8, 37605, None)
[2025-04-04T05:10:28.511+0000] {spark_submit.py:649} INFO - 25/04/04 05:10:28 WARN FileStreamSink: Assume no metadata directory. Error while looking for metadata directory in the path: s3a://nyc-taxi/raw/yellow_tripdata_2023-01.parquet.
[2025-04-04T05:10:28.512+0000] {spark_submit.py:649} INFO - java.nio.file.AccessDeniedException: s3a://nyc-taxi/raw/yellow_tripdata_2023-01.parquet: org.apache.hadoop.fs.s3a.auth.NoAuthWithAWSException: No AWS Credentials provided by TemporaryAWSCredentialsProvider SimpleAWSCredentialsProvider EnvironmentVariableCredentialsProvider IAMInstanceCredentialsProvider : com.amazonaws.SdkClientException: Unable to load AWS credentials from environment variables (AWS_ACCESS_KEY_ID (or AWS_ACCESS_KEY) and AWS_SECRET_KEY (or AWS_SECRET_ACCESS_KEY))
[2025-04-04T05:10:28.512+0000] {spark_submit.py:649} INFO - at org.apache.hadoop.fs.s3a.S3AUtils.translateException(S3AUtils.java:215)
[2025-04-04T05:10:28.513+0000] {spark_submit.py:649} INFO - at org.apache.hadoop.fs.s3a.S3AUtils.translateException(S3AUtils.java:174)
[2025-04-04T05:10:28.513+0000] {spark_submit.py:649} INFO - at org.apache.hadoop.fs.s3a.S3AFileSystem.s3GetFileStatus(S3AFileSystem.java:3796)
[2025-04-04T05:10:28.514+0000] {spark_submit.py:649} INFO - at org.apache.hadoop.fs.s3a.S3AFileSystem.innerGetFileStatus(S3AFileSystem.java:3652)
[2025-04-04T05:10:28.514+0000] {spark_submit.py:649} INFO - at org.apache.hadoop.fs.s3a.S3AFileSystem.lambda$isDirectory$35(S3AFileSystem.java:4657)
[2025-04-04T05:10:28.514+0000] {spark_submit.py:649} INFO - at org.apache.hadoop.fs.statistics.impl.IOStatisticsBinding.lambda$trackDurationOfOperation$5(IOStatisticsBinding.java:499)
[2025-04-04T05:10:28.515+0000] {spark_submit.py:649} INFO - at org.apache.hadoop.fs.statistics.impl.IOStatisticsBinding.trackDuration(IOStatisticsBinding.java:444)
[2025-04-04T05:10:28.515+0000] {spark_submit.py:649} INFO - at org.apache.hadoop.fs.s3a.S3AFileSystem.trackDurationAndSpan(S3AFileSystem.java:2480)
[2025-04-04T05:10:28.516+0000] {spark_submit.py:649} INFO - at org.apache.hadoop.fs.s3a.S3AFileSystem.trackDurationAndSpan(S3AFileSystem.java:2499)
[2025-04-04T05:10:28.516+0000] {spark_submit.py:649} INFO - at org.apache.hadoop.fs.s3a.S3AFileSystem.isDirectory(S3AFileSystem.java:4655)
[2025-04-04T05:10:28.517+0000] {spark_submit.py:649} INFO - at org.apache.spark.sql.execution.streaming.FileStreamSink$.hasMetadata(FileStreamSink.scala:54)
[2025-04-04T05:10:28.518+0000] {spark_submit.py:649} INFO - at org.apache.spark.sql.execution.datasources.DataSource.resolveRelation(DataSource.scala:366)
[2025-04-04T05:10:28.518+0000] {spark_submit.py:649} INFO - at org.apache.spark.sql.DataFrameReader.loadV1Source(DataFrameReader.scala:229)
[2025-04-04T05:10:28.518+0000] {spark_submit.py:649} INFO - at org.apache.spark.sql.DataFrameReader.$anonfun$load$2(DataFrameReader.scala:211)
[2025-04-04T05:10:28.519+0000] {spark_submit.py:649} INFO - at scala.Option.getOrElse(Option.scala:189)
[2025-04-04T05:10:28.519+0000] {spark_submit.py:649} INFO - at org.apache.spark.sql.DataFrameReader.load(DataFrameReader.scala:211)
[2025-04-04T05:10:28.520+0000] {spark_submit.py:649} INFO - at org.apache.spark.sql.DataFrameReader.parquet(DataFrameReader.scala:563)
[2025-04-04T05:10:28.520+0000] {spark_submit.py:649} INFO - at java.base/jdk.internal.reflect.NativeMethodAccessorImpl.invoke0(Native Method)
[2025-04-04T05:10:28.521+0000] {spark_submit.py:649} INFO - at java.base/jdk.internal.reflect.NativeMethodAccessorImpl.invoke(NativeMethodAccessorImpl.java:77)
[2025-04-04T05:10:28.521+0000] {spark_submit.py:649} INFO - at java.base/jdk.internal.reflect.DelegatingMethodAccessorImpl.invoke(DelegatingMethodAccessorImpl.java:43)
[2025-04-04T05:10:28.522+0000] {spark_submit.py:649} INFO - at java.base/java.lang.reflect.Method.invoke(Method.java:569)
[2025-04-04T05:10:28.522+0000] {spark_submit.py:649} INFO - at py4j.reflection.MethodInvoker.invoke(MethodInvoker.java:244)
[2025-04-04T05:10:28.523+0000] {spark_submit.py:649} INFO - at py4j.reflection.ReflectionEngine.invoke(ReflectionEngine.java:374)
[2025-04-04T05:10:28.524+0000] {spark_submit.py:649} INFO - at py4j.Gateway.invoke(Gateway.java:282)
[2025-04-04T05:10:28.524+0000] {spark_submit.py:649} INFO - at py4j.commands.AbstractCommand.invokeMethod(AbstractCommand.java:132)
[2025-04-04T05:10:28.525+0000] {spark_submit.py:649} INFO - at py4j.commands.CallCommand.execute(CallCommand.java:79)
[2025-04-04T05:10:28.525+0000] {spark_submit.py:649} INFO - at py4j.ClientServerConnection.waitForCommands(ClientServerConnection.java:182)
[2025-04-04T05:10:28.525+0000] {spark_submit.py:649} INFO - at py4j.ClientServerConnection.run(ClientServerConnection.java:106)
[2025-04-04T05:10:28.526+0000] {spark_submit.py:649} INFO - at java.base/java.lang.Thread.run(Thread.java:840)
[2025-04-04T05:10:28.527+0000] {spark_submit.py:649} INFO - Caused by: org.apache.hadoop.fs.s3a.auth.NoAuthWithAWSException: No AWS Credentials provided by TemporaryAWSCredentialsProvider SimpleAWSCredentialsProvider EnvironmentVariableCredentialsProvider IAMInstanceCredentialsProvider : com.amazonaws.SdkClientException: Unable to load AWS credentials from environment variables (AWS_ACCESS_KEY_ID (or AWS_ACCESS_KEY) and AWS_SECRET_KEY (or AWS_SECRET_ACCESS_KEY))
[2025-04-04T05:10:28.527+0000] {spark_submit.py:649} INFO - at org.apache.hadoop.fs.s3a.AWSCredentialProviderList.getCredentials(AWSCredentialProviderList.java:216)
[2025-04-04T05:10:28.528+0000] {spark_submit.py:649} INFO - at com.amazonaws.http.AmazonHttpClient$RequestExecutor.getCredentialsFromContext(AmazonHttpClient.java:1269)
[2025-04-04T05:10:28.529+0000] {spark_submit.py:649} INFO - at com.amazonaws.http.AmazonHttpClient$RequestExecutor.runBeforeRequestHandlers(AmazonHttpClient.java:845)
[2025-04-04T05:10:28.529+0000] {spark_submit.py:649} INFO - at com.amazonaws.http.AmazonHttpClient$RequestExecutor.doExecute(AmazonHttpClient.java:794)
[2025-04-04T05:10:28.529+0000] {spark_submit.py:649} INFO - at com.amazonaws.http.AmazonHttpClient$RequestExecutor.executeWithTimer(AmazonHttpClient.java:781)
[2025-04-04T05:10:28.530+0000] {spark_submit.py:649} INFO - at com.amazonaws.http.AmazonHttpClient$RequestExecutor.execute(AmazonHttpClient.java:755)
[2025-04-04T05:10:28.530+0000] {spark_submit.py:649} INFO - at com.amazonaws.http.AmazonHttpClient$RequestExecutor.access$500(AmazonHttpClient.java:715)
[2025-04-04T05:10:28.531+0000] {spark_submit.py:649} INFO - at com.amazonaws.http.AmazonHttpClient$RequestExecutionBuilderImpl.execute(AmazonHttpClient.java:697)
[2025-04-04T05:10:28.532+0000] {spark_submit.py:649} INFO - at com.amazonaws.http.AmazonHttpClient.execute(AmazonHttpClient.java:561)
[2025-04-04T05:10:28.532+0000] {spark_submit.py:649} INFO - at com.amazonaws.http.AmazonHttpClient.execute(AmazonHttpClient.java:541)
[2025-04-04T05:10:28.533+0000] {spark_submit.py:649} INFO - at com.amazonaws.services.s3.AmazonS3Client.invoke(AmazonS3Client.java:5558)
[2025-04-04T05:10:28.533+0000] {spark_submit.py:649} INFO - at com.amazonaws.services.s3.AmazonS3Client.getBucketRegionViaHeadRequest(AmazonS3Client.java:6539)
[2025-04-04T05:10:28.534+0000] {spark_submit.py:649} INFO - at com.amazonaws.services.s3.AmazonS3Client.fetchRegionFromCache(AmazonS3Client.java:6511)
[2025-04-04T05:10:28.534+0000] {spark_submit.py:649} INFO - at com.amazonaws.services.s3.AmazonS3Client.invoke(AmazonS3Client.java:5543)
[2025-04-04T05:10:28.535+0000] {spark_submit.py:649} INFO - at com.amazonaws.services.s3.AmazonS3Client.invoke(AmazonS3Client.java:5505)
[2025-04-04T05:10:28.536+0000] {spark_submit.py:649} INFO - at com.amazonaws.services.s3.AmazonS3Client.listObjectsV2(AmazonS3Client.java:1002)
[2025-04-04T05:10:28.536+0000] {spark_submit.py:649} INFO - at org.apache.hadoop.fs.s3a.S3AFileSystem.lambda$listObjects$12(S3AFileSystem.java:2715)
[2025-04-04T05:10:28.537+0000] {spark_submit.py:649} INFO - at org.apache.hadoop.fs.statistics.impl.IOStatisticsBinding.lambda$trackDurationOfOperation$5(IOStatisticsBinding.java:499)
[2025-04-04T05:10:28.537+0000] {spark_submit.py:649} INFO - at org.apache.hadoop.fs.s3a.Invoker.retryUntranslated(Invoker.java:468)
[2025-04-04T05:10:28.538+0000] {spark_submit.py:649} INFO - at org.apache.hadoop.fs.s3a.Invoker.retryUntranslated(Invoker.java:431)
[2025-04-04T05:10:28.539+0000] {spark_submit.py:649} INFO - at org.apache.hadoop.fs.s3a.S3AFileSystem.listObjects(S3AFileSystem.java:2706)
[2025-04-04T05:10:28.539+0000] {spark_submit.py:649} INFO - at org.apache.hadoop.fs.s3a.S3AFileSystem.s3GetFileStatus(S3AFileSystem.java:3768)
[2025-04-04T05:10:28.540+0000] {spark_submit.py:649} INFO - ... 26 more
[2025-04-04T05:10:28.541+0000] {spark_submit.py:649} INFO - Caused by: com.amazonaws.SdkClientException: Unable to load AWS credentials from environment variables (AWS_ACCESS_KEY_ID (or AWS_ACCESS_KEY) and AWS_SECRET_KEY (or AWS_SECRET_ACCESS_KEY))
[2025-04-04T05:10:28.542+0000] {spark_submit.py:649} INFO - at com.amazonaws.auth.EnvironmentVariableCredentialsProvider.getCredentials(EnvironmentVariableCredentialsProvider.java:49)
[2025-04-04T05:10:28.542+0000] {spark_submit.py:649} INFO - at org.apache.hadoop.fs.s3a.AWSCredentialProviderList.getCredentials(AWSCredentialProviderList.java:177)
[2025-04-04T05:10:28.543+0000] {spark_submit.py:649} INFO - ... 47 more
[2025-04-04T05:10:30.596+0000] {spark_submit.py:649} INFO - Traceback (most recent call last):
[2025-04-04T05:10:30.597+0000] {spark_submit.py:649} INFO - File "/opt/spark-app/clean_yellow_tripdata.py", line 9, in <module>
[2025-04-04T05:10:30.600+0000] {spark_submit.py:649} INFO - clean_yellow_tripdata(spark)
[2025-04-04T05:10:30.601+0000] {spark_submit.py:649} INFO - File "/opt/pipeline/transform/clean_yellow_tripdata.py", line 9, in clean_yellow_tripdata
[2025-04-04T05:10:30.605+0000] {spark_submit.py:649} INFO - df = spark.read.parquet(raw_path)
[2025-04-04T05:10:30.605+0000] {spark_submit.py:649} INFO - File "/opt/spark/python/lib/pyspark.zip/pyspark/sql/readwriter.py", line 544, in parquet
[2025-04-04T05:10:30.606+0000] {spark_submit.py:649} INFO - File "/opt/spark/python/lib/py4j-0.10.9.7-src.zip/py4j/java_gateway.py", line 1322, in __call__
[2025-04-04T05:10:30.606+0000] {spark_submit.py:649} INFO - File "/opt/spark/python/lib/pyspark.zip/pyspark/errors/exceptions/captured.py", line 179, in deco
[2025-04-04T05:10:30.607+0000] {spark_submit.py:649} INFO - File "/opt/spark/python/lib/py4j-0.10.9.7-src.zip/py4j/protocol.py", line 326, in get_return_value
[2025-04-04T05:10:30.609+0000] {spark_submit.py:649} INFO - py4j.protocol.Py4JJavaError: An error occurred while calling o27.parquet.
[2025-04-04T05:10:30.610+0000] {spark_submit.py:649} INFO - : java.nio.file.AccessDeniedException: s3a://nyc-taxi/raw/yellow_tripdata_2023-01.parquet: org.apache.hadoop.fs.s3a.auth.NoAuthWithAWSException: No AWS Credentials provided by TemporaryAWSCredentialsProvider SimpleAWSCredentialsProvider EnvironmentVariableCredentialsProvider IAMInstanceCredentialsProvider : com.amazonaws.SdkClientException: Unable to load AWS credentials from environment variables (AWS_ACCESS_KEY_ID (or AWS_ACCESS_KEY) and AWS_SECRET_KEY (or AWS_SECRET_ACCESS_KEY))
[2025-04-04T05:10:30.610+0000] {spark_submit.py:649} INFO - at org.apache.hadoop.fs.s3a.S3AUtils.translateException(S3AUtils.java:215)
[2025-04-04T05:10:30.611+0000] {spark_submit.py:649} INFO - at org.apache.hadoop.fs.s3a.S3AUtils.translateException(S3AUtils.java:174)
[2025-04-04T05:10:30.611+0000] {spark_submit.py:649} INFO - at org.apache.hadoop.fs.s3a.S3AFileSystem.s3GetFileStatus(S3AFileSystem.java:3749)
[2025-04-04T05:10:30.612+0000] {spark_submit.py:649} INFO - at org.apache.hadoop.fs.s3a.S3AFileSystem.innerGetFileStatus(S3AFileSystem.java:3652)
[2025-04-04T05:10:30.612+0000] {spark_submit.py:649} INFO - at org.apache.hadoop.fs.s3a.S3AFileSystem.lambda$exists$34(S3AFileSystem.java:4636)
[2025-04-04T05:10:30.613+0000] {spark_submit.py:649} INFO - at org.apache.hadoop.fs.statistics.impl.IOStatisticsBinding.lambda$trackDurationOfOperation$5(IOStatisticsBinding.java:499)
[2025-04-04T05:10:30.613+0000] {spark_submit.py:649} INFO - at org.apache.hadoop.fs.statistics.impl.IOStatisticsBinding.trackDuration(IOStatisticsBinding.java:444)
[2025-04-04T05:10:30.613+0000] {spark_submit.py:649} INFO - at org.apache.hadoop.fs.s3a.S3AFileSystem.trackDurationAndSpan(S3AFileSystem.java:2480)
[2025-04-04T05:10:30.614+0000] {spark_submit.py:649} INFO - at org.apache.hadoop.fs.s3a.S3AFileSystem.trackDurationAndSpan(S3AFileSystem.java:2499)
[2025-04-04T05:10:30.614+0000] {spark_submit.py:649} INFO - at org.apache.hadoop.fs.s3a.S3AFileSystem.exists(S3AFileSystem.java:4634)
[2025-04-04T05:10:30.614+0000] {spark_submit.py:649} INFO - at org.apache.spark.sql.execution.datasources.DataSource$.$anonfun$checkAndGlobPathIfNecessary$4(DataSource.scala:756)
[2025-04-04T05:10:30.615+0000] {spark_submit.py:649} INFO - at org.apache.spark.sql.execution.datasources.DataSource$.$anonfun$checkAndGlobPathIfNecessary$4$adapted(DataSource.scala:754)
[2025-04-04T05:10:30.615+0000] {spark_submit.py:649} INFO - at org.apache.spark.util.ThreadUtils$.$anonfun$parmap$2(ThreadUtils.scala:380)
[2025-04-04T05:10:30.616+0000] {spark_submit.py:649} INFO - at scala.concurrent.Future$.$anonfun$apply$1(Future.scala:659)
[2025-04-04T05:10:30.616+0000] {spark_submit.py:649} INFO - at scala.util.Success.$anonfun$map$1(Try.scala:255)
[2025-04-04T05:10:30.616+0000] {spark_submit.py:649} INFO - at scala.util.Success.map(Try.scala:213)
[2025-04-04T05:10:30.617+0000] {spark_submit.py:649} INFO - at scala.concurrent.Future.$anonfun$map$1(Future.scala:292)
[2025-04-04T05:10:30.617+0000] {spark_submit.py:649} INFO - at scala.concurrent.impl.Promise.liftedTree1$1(Promise.scala:33)
[2025-04-04T05:10:30.618+0000] {spark_submit.py:649} INFO - at scala.concurrent.impl.Promise.$anonfun$transform$1(Promise.scala:33)
[2025-04-04T05:10:30.619+0000] {spark_submit.py:649} INFO - at scala.concurrent.impl.CallbackRunnable.run(Promise.scala:64)
[2025-04-04T05:10:30.619+0000] {spark_submit.py:649} INFO - at java.base/java.util.concurrent.ForkJoinTask$RunnableExecuteAction.exec(ForkJoinTask.java:1395)
[2025-04-04T05:10:30.620+0000] {spark_submit.py:649} INFO - at java.base/java.util.concurrent.ForkJoinTask.doExec(ForkJoinTask.java:373)
[2025-04-04T05:10:30.621+0000] {spark_submit.py:649} INFO - at java.base/java.util.concurrent.ForkJoinPool$WorkQueue.topLevelExec(ForkJoinPool.java:1182)
[2025-04-04T05:10:30.621+0000] {spark_submit.py:649} INFO - at java.base/java.util.concurrent.ForkJoinPool.scan(ForkJoinPool.java:1655)
[2025-04-04T05:10:30.622+0000] {spark_submit.py:649} INFO - at java.base/java.util.concurrent.ForkJoinPool.runWorker(ForkJoinPool.java:1622)
[2025-04-04T05:10:30.622+0000] {spark_submit.py:649} INFO - at java.base/java.util.concurrent.ForkJoinWorkerThread.run(ForkJoinWorkerThread.java:165)
[2025-04-04T05:10:30.623+0000] {spark_submit.py:649} INFO - Caused by: org.apache.hadoop.fs.s3a.auth.NoAuthWithAWSException: No AWS Credentials provided by TemporaryAWSCredentialsProvider SimpleAWSCredentialsProvider EnvironmentVariableCredentialsProvider IAMInstanceCredentialsProvider : com.amazonaws.SdkClientException: Unable to load AWS credentials from environment variables (AWS_ACCESS_KEY_ID (or AWS_ACCESS_KEY) and AWS_SECRET_KEY (or AWS_SECRET_ACCESS_KEY))
[2025-04-04T05:10:30.623+0000] {spark_submit.py:649} INFO - at org.apache.hadoop.fs.s3a.AWSCredentialProviderList.getCredentials(AWSCredentialProviderList.java:216)
[2025-04-04T05:10:30.624+0000] {spark_submit.py:649} INFO - at com.amazonaws.http.AmazonHttpClient$RequestExecutor.getCredentialsFromContext(AmazonHttpClient.java:1269)
[2025-04-04T05:10:30.624+0000] {spark_submit.py:649} INFO - at com.amazonaws.http.AmazonHttpClient$RequestExecutor.runBeforeRequestHandlers(AmazonHttpClient.java:845)
[2025-04-04T05:10:30.625+0000] {spark_submit.py:649} INFO - at com.amazonaws.http.AmazonHttpClient$RequestExecutor.doExecute(AmazonHttpClient.java:794)
[2025-04-04T05:10:30.625+0000] {spark_submit.py:649} INFO - at com.amazonaws.http.AmazonHttpClient$RequestExecutor.executeWithTimer(AmazonHttpClient.java:781)
[2025-04-04T05:10:30.626+0000] {spark_submit.py:649} INFO - at com.amazonaws.http.AmazonHttpClient$RequestExecutor.execute(AmazonHttpClient.java:755)
[2025-04-04T05:10:30.626+0000] {spark_submit.py:649} INFO - at com.amazonaws.http.AmazonHttpClient$RequestExecutor.access$500(AmazonHttpClient.java:715)
[2025-04-04T05:10:30.627+0000] {spark_submit.py:649} INFO - at com.amazonaws.http.AmazonHttpClient$RequestExecutionBuilderImpl.execute(AmazonHttpClient.java:697)
[2025-04-04T05:10:30.627+0000] {spark_submit.py:649} INFO - at com.amazonaws.http.AmazonHttpClient.execute(AmazonHttpClient.java:561)
[2025-04-04T05:10:30.628+0000] {spark_submit.py:649} INFO - at com.amazonaws.http.AmazonHttpClient.execute(AmazonHttpClient.java:541)
[2025-04-04T05:10:30.628+0000] {spark_submit.py:649} INFO - at com.amazonaws.services.s3.AmazonS3Client.invoke(AmazonS3Client.java:5558)
[2025-04-04T05:10:30.629+0000] {spark_submit.py:649} INFO - at com.amazonaws.services.s3.AmazonS3Client.getBucketRegionViaHeadRequest(AmazonS3Client.java:6539)
[2025-04-04T05:10:30.629+0000] {spark_submit.py:649} INFO - at com.amazonaws.services.s3.AmazonS3Client.fetchRegionFromCache(AmazonS3Client.java:6511)
[2025-04-04T05:10:30.630+0000] {spark_submit.py:649} INFO - at com.amazonaws.services.s3.AmazonS3Client.invoke(AmazonS3Client.java:5543)
[2025-04-04T05:10:30.630+0000] {spark_submit.py:649} INFO - at com.amazonaws.services.s3.AmazonS3Client.invoke(AmazonS3Client.java:5505)
[2025-04-04T05:10:30.631+0000] {spark_submit.py:649} INFO - at com.amazonaws.services.s3.AmazonS3Client.getObjectMetadata(AmazonS3Client.java:1403)
[2025-04-04T05:10:30.631+0000] {spark_submit.py:649} INFO - at org.apache.hadoop.fs.s3a.S3AFileSystem.lambda$getObjectMetadata$11(S3AFileSystem.java:2665)
[2025-04-04T05:10:30.631+0000] {spark_submit.py:649} INFO - at org.apache.hadoop.fs.s3a.Invoker.retryUntranslated(Invoker.java:468)
[2025-04-04T05:10:30.632+0000] {spark_submit.py:649} INFO - at org.apache.hadoop.fs.s3a.Invoker.retryUntranslated(Invoker.java:431)
[2025-04-04T05:10:30.632+0000] {spark_submit.py:649} INFO - at org.apache.hadoop.fs.s3a.S3AFileSystem.getObjectMetadata(S3AFileSystem.java:2653)
[2025-04-04T05:10:30.632+0000] {spark_submit.py:649} INFO - at org.apache.hadoop.fs.s3a.S3AFileSystem.getObjectMetadata(S3AFileSystem.java:2633)
[2025-04-04T05:10:30.633+0000] {spark_submit.py:649} INFO - at org.apache.hadoop.fs.s3a.S3AFileSystem.s3GetFileStatus(S3AFileSystem.java:3724)
[2025-04-04T05:10:30.633+0000] {spark_submit.py:649} INFO - ... 23 more
[2025-04-04T05:10:30.634+0000] {spark_submit.py:649} INFO - Caused by: com.amazonaws.SdkClientException: Unable to load AWS credentials from environment variables (AWS_ACCESS_KEY_ID (or AWS_ACCESS_KEY) and AWS_SECRET_KEY (or AWS_SECRET_ACCESS_KEY))
[2025-04-04T05:10:30.634+0000] {spark_submit.py:649} INFO - at com.amazonaws.auth.EnvironmentVariableCredentialsProvider.getCredentials(EnvironmentVariableCredentialsProvider.java:49)
[2025-04-04T05:10:30.635+0000] {spark_submit.py:649} INFO - at org.apache.hadoop.fs.s3a.AWSCredentialProviderList.getCredentials(AWSCredentialProviderList.java:177)
[2025-04-04T05:10:30.635+0000] {spark_submit.py:649} INFO - ... 44 more
[2025-04-04T05:10:30.636+0000] {spark_submit.py:649} INFO - 
[2025-04-04T05:10:30.647+0000] {spark_submit.py:649} INFO - 25/04/04 05:10:30 INFO SparkContext: Invoking stop() from shutdown hook
[2025-04-04T05:10:30.648+0000] {spark_submit.py:649} INFO - 25/04/04 05:10:30 INFO SparkContext: SparkContext is stopping with exitCode 0.
[2025-04-04T05:10:30.654+0000] {spark_submit.py:649} INFO - 25/04/04 05:10:30 INFO SparkUI: Stopped Spark web UI at http://33d154a2f98d:4040
[2025-04-04T05:10:30.657+0000] {spark_submit.py:649} INFO - 25/04/04 05:10:30 INFO StandaloneSchedulerBackend: Shutting down all executors
[2025-04-04T05:10:30.657+0000] {spark_submit.py:649} INFO - 25/04/04 05:10:30 INFO StandaloneSchedulerBackend$StandaloneDriverEndpoint: Asking each executor to shut down
[2025-04-04T05:10:30.670+0000] {spark_submit.py:649} INFO - 25/04/04 05:10:30 INFO MapOutputTrackerMasterEndpoint: MapOutputTrackerMasterEndpoint stopped!
[2025-04-04T05:10:30.690+0000] {spark_submit.py:649} INFO - 25/04/04 05:10:30 INFO MemoryStore: MemoryStore cleared
[2025-04-04T05:10:30.691+0000] {spark_submit.py:649} INFO - 25/04/04 05:10:30 INFO BlockManager: BlockManager stopped
[2025-04-04T05:10:30.700+0000] {spark_submit.py:649} INFO - 25/04/04 05:10:30 INFO BlockManagerMaster: BlockManagerMaster stopped
[2025-04-04T05:10:30.703+0000] {spark_submit.py:649} INFO - 25/04/04 05:10:30 INFO OutputCommitCoordinator$OutputCommitCoordinatorEndpoint: OutputCommitCoordinator stopped!
[2025-04-04T05:10:30.718+0000] {spark_submit.py:649} INFO - 25/04/04 05:10:30 INFO SparkContext: Successfully stopped SparkContext
[2025-04-04T05:10:30.719+0000] {spark_submit.py:649} INFO - 25/04/04 05:10:30 INFO ShutdownHookManager: Shutdown hook called
[2025-04-04T05:10:30.719+0000] {spark_submit.py:649} INFO - 25/04/04 05:10:30 INFO ShutdownHookManager: Deleting directory /tmp/spark-1f56a9d1-c4e5-4989-b36b-27f4c742242b
[2025-04-04T05:10:30.724+0000] {spark_submit.py:649} INFO - 25/04/04 05:10:30 INFO ShutdownHookManager: Deleting directory /tmp/spark-1f56a9d1-c4e5-4989-b36b-27f4c742242b/pyspark-47f977d9-7444-473b-9e64-91ad4e5b44ad
[2025-04-04T05:10:30.730+0000] {spark_submit.py:649} INFO - 25/04/04 05:10:30 INFO ShutdownHookManager: Deleting directory /tmp/spark-8672a56b-948d-4646-b860-0bac559e4d15
[2025-04-04T05:10:30.740+0000] {spark_submit.py:649} INFO - 25/04/04 05:10:30 INFO MetricsSystemImpl: Stopping s3a-file-system metrics system...
[2025-04-04T05:10:30.741+0000] {spark_submit.py:649} INFO - 25/04/04 05:10:30 INFO MetricsSystemImpl: s3a-file-system metrics system stopped.
[2025-04-04T05:10:30.742+0000] {spark_submit.py:649} INFO - 25/04/04 05:10:30 INFO MetricsSystemImpl: s3a-file-system metrics system shutdown complete.
[2025-04-04T05:10:31.119+0000] {taskinstance.py:2698} ERROR - Task failed with exception
Traceback (most recent call last):
  File "/home/airflow/.local/lib/python3.8/site-packages/airflow/models/taskinstance.py", line 433, in _execute_task
    result = execute_callable(context=context, **execute_callable_kwargs)
  File "/home/airflow/.local/lib/python3.8/site-packages/airflow/providers/apache/spark/operators/spark_submit.py", line 176, in execute
    self._hook.submit(self.application)
  File "/home/airflow/.local/lib/python3.8/site-packages/airflow/providers/apache/spark/hooks/spark_submit.py", line 575, in submit
    raise AirflowException(
airflow.exceptions.AirflowException: Cannot execute: spark-submit --master spark://spark-master:7077 --conf spark.master=spark://spark-master:7077 --conf spark.hadoop.fs.s3a.impl=org.apache.hadoop.fs.s3a.S3AFileSystem --jars /opt/spark-extra-jars/hadoop-aws-3.3.6.jar,/opt/spark-extra-jars/aws-java-sdk-bundle-1.12.696.jar,/opt/spark-extra-jars/hadoop-common-3.3.6.jar --name arrow-spark --verbose --queue root.default --deploy-mode client /opt/spark-app/clean_yellow_tripdata.py. Error code is: 1.
[2025-04-04T05:10:31.128+0000] {taskinstance.py:1138} INFO - Marking task as FAILED. dag_id=full_pipeline_dag, task_id=clean_data_spark, execution_date=20250404T050654, start_date=20250404T051018, end_date=20250404T051031
[2025-04-04T05:10:31.454+0000] {standard_task_runner.py:107} ERROR - Failed to execute job 262 for task clean_data_spark (Cannot execute: spark-submit --master spark://spark-master:7077 --conf spark.master=spark://spark-master:7077 --conf spark.hadoop.fs.s3a.impl=org.apache.hadoop.fs.s3a.S3AFileSystem --jars /opt/spark-extra-jars/hadoop-aws-3.3.6.jar,/opt/spark-extra-jars/aws-java-sdk-bundle-1.12.696.jar,/opt/spark-extra-jars/hadoop-common-3.3.6.jar --name arrow-spark --verbose --queue root.default --deploy-mode client /opt/spark-app/clean_yellow_tripdata.py. Error code is: 1.; 546)
[2025-04-04T05:10:31.499+0000] {local_task_job_runner.py:234} INFO - Task exited with return code 1
[2025-04-04T05:10:31.556+0000] {taskinstance.py:3280} INFO - 0 downstream tasks scheduled from follow-on schedule check
