[2025-04-04T02:24:27.218+0000] {taskinstance.py:1956} INFO - Dependencies all met for dep_context=non-requeueable deps ti=<TaskInstance: full_pipeline_dag.download_data_parquet scheduled__2025-04-03T00:00:00+00:00 [queued]>
[2025-04-04T02:24:27.256+0000] {taskinstance.py:1956} INFO - Dependencies all met for dep_context=requeueable deps ti=<TaskInstance: full_pipeline_dag.download_data_parquet scheduled__2025-04-03T00:00:00+00:00 [queued]>
[2025-04-04T02:24:27.257+0000] {taskinstance.py:2170} INFO - Starting attempt 1 of 3
[2025-04-04T02:24:27.351+0000] {taskinstance.py:2191} INFO - Executing <Task(PythonOperator): download_data_parquet> on 2025-04-03 00:00:00+00:00
[2025-04-04T02:24:27.357+0000] {standard_task_runner.py:60} INFO - Started process 414 to run task
[2025-04-04T02:24:27.362+0000] {standard_task_runner.py:87} INFO - Running: ['airflow', 'tasks', 'run', 'full_pipeline_dag', 'download_data_parquet', 'scheduled__2025-04-03T00:00:00+00:00', '--job-id', '221', '--raw', '--subdir', 'DAGS_FOLDER/full_pipeline_dag.py', '--cfg-path', '/tmp/tmpw92ydfw4']
[2025-04-04T02:24:27.365+0000] {standard_task_runner.py:88} INFO - Job 221: Subtask download_data_parquet
[2025-04-04T02:24:27.462+0000] {logging_mixin.py:188} WARNING - /home/airflow/.local/lib/python3.8/site-packages/airflow/settings.py:194 DeprecationWarning: The sql_alchemy_conn option in [core] has been moved to the sql_alchemy_conn option in [database] - the old setting has been used, but please update your config.
[2025-04-04T02:24:27.616+0000] {task_command.py:423} INFO - Running <TaskInstance: full_pipeline_dag.download_data_parquet scheduled__2025-04-03T00:00:00+00:00 [running]> on host 31d7429ea047
[2025-04-04T02:24:28.000+0000] {taskinstance.py:2480} INFO - Exporting env vars: AIRFLOW_CTX_DAG_OWNER='airflow' AIRFLOW_CTX_DAG_ID='full_pipeline_dag' AIRFLOW_CTX_TASK_ID='download_data_parquet' AIRFLOW_CTX_EXECUTION_DATE='2025-04-03T00:00:00+00:00' AIRFLOW_CTX_TRY_NUMBER='1' AIRFLOW_CTX_DAG_RUN_ID='scheduled__2025-04-03T00:00:00+00:00'
[2025-04-04T02:24:28.102+0000] {logging_mixin.py:188} INFO - 📥 Downloading Parquet...
[2025-04-04T02:24:28.168+0000] {taskinstance.py:2698} ERROR - Task failed with exception
Traceback (most recent call last):
  File "/home/airflow/.local/lib/python3.8/site-packages/urllib3/connection.py", line 174, in _new_conn
    conn = connection.create_connection(
  File "/home/airflow/.local/lib/python3.8/site-packages/urllib3/util/connection.py", line 72, in create_connection
    for res in socket.getaddrinfo(host, port, family, socket.SOCK_STREAM):
  File "/usr/local/lib/python3.8/socket.py", line 918, in getaddrinfo
    for res in _socket.getaddrinfo(host, port, family, type, proto, flags):
socket.gaierror: [Errno -2] Name or service not known

During handling of the above exception, another exception occurred:

Traceback (most recent call last):
  File "/home/airflow/.local/lib/python3.8/site-packages/urllib3/connectionpool.py", line 715, in urlopen
    httplib_response = self._make_request(
  File "/home/airflow/.local/lib/python3.8/site-packages/urllib3/connectionpool.py", line 404, in _make_request
    self._validate_conn(conn)
  File "/home/airflow/.local/lib/python3.8/site-packages/urllib3/connectionpool.py", line 1058, in _validate_conn
    conn.connect()
  File "/home/airflow/.local/lib/python3.8/site-packages/urllib3/connection.py", line 363, in connect
    self.sock = conn = self._new_conn()
  File "/home/airflow/.local/lib/python3.8/site-packages/urllib3/connection.py", line 186, in _new_conn
    raise NewConnectionError(
urllib3.exceptions.NewConnectionError: <urllib3.connection.HTTPSConnection object at 0x7fa5e863c7f0>: Failed to establish a new connection: [Errno -2] Name or service not known

During handling of the above exception, another exception occurred:

Traceback (most recent call last):
  File "/home/airflow/.local/lib/python3.8/site-packages/requests/adapters.py", line 486, in send
    resp = conn.urlopen(
  File "/home/airflow/.local/lib/python3.8/site-packages/urllib3/connectionpool.py", line 799, in urlopen
    retries = retries.increment(
  File "/home/airflow/.local/lib/python3.8/site-packages/urllib3/util/retry.py", line 592, in increment
    raise MaxRetryError(_pool, url, error or ResponseError(cause))
urllib3.exceptions.MaxRetryError: HTTPSConnectionPool(host='d37ci6vzurychx.cloudfront.net', port=443): Max retries exceeded with url: /trip-data/yellow_tripdata_2023-01.parquet (Caused by NewConnectionError('<urllib3.connection.HTTPSConnection object at 0x7fa5e863c7f0>: Failed to establish a new connection: [Errno -2] Name or service not known'))

During handling of the above exception, another exception occurred:

Traceback (most recent call last):
  File "/home/airflow/.local/lib/python3.8/site-packages/airflow/models/taskinstance.py", line 433, in _execute_task
    result = execute_callable(context=context, **execute_callable_kwargs)
  File "/home/airflow/.local/lib/python3.8/site-packages/airflow/operators/python.py", line 199, in execute
    return_value = self.execute_callable()
  File "/home/airflow/.local/lib/python3.8/site-packages/airflow/operators/python.py", line 216, in execute_callable
    return self.python_callable(*self.op_args, **self.op_kwargs)
  File "/opt/airflow/dags/full_pipeline_dag.py", line 32, in download_data
    download_parquet()
  File "/opt/pipeline/ingest/download_data.py", line 11, in download_parquet
    response = requests.get(url)
  File "/home/airflow/.local/lib/python3.8/site-packages/requests/api.py", line 73, in get
    return request("get", url, params=params, **kwargs)
  File "/home/airflow/.local/lib/python3.8/site-packages/requests/api.py", line 59, in request
    return session.request(method=method, url=url, **kwargs)
  File "/home/airflow/.local/lib/python3.8/site-packages/requests/sessions.py", line 589, in request
    resp = self.send(prep, **send_kwargs)
  File "/home/airflow/.local/lib/python3.8/site-packages/requests/sessions.py", line 703, in send
    r = adapter.send(request, **kwargs)
  File "/home/airflow/.local/lib/python3.8/site-packages/requests/adapters.py", line 519, in send
    raise ConnectionError(e, request=request)
requests.exceptions.ConnectionError: HTTPSConnectionPool(host='d37ci6vzurychx.cloudfront.net', port=443): Max retries exceeded with url: /trip-data/yellow_tripdata_2023-01.parquet (Caused by NewConnectionError('<urllib3.connection.HTTPSConnection object at 0x7fa5e863c7f0>: Failed to establish a new connection: [Errno -2] Name or service not known'))
[2025-04-04T02:24:28.276+0000] {taskinstance.py:1138} INFO - Marking task as UP_FOR_RETRY. dag_id=full_pipeline_dag, task_id=download_data_parquet, execution_date=20250403T000000, start_date=20250404T022427, end_date=20250404T022428
[2025-04-04T02:24:28.397+0000] {standard_task_runner.py:107} ERROR - Failed to execute job 221 for task download_data_parquet (HTTPSConnectionPool(host='d37ci6vzurychx.cloudfront.net', port=443): Max retries exceeded with url: /trip-data/yellow_tripdata_2023-01.parquet (Caused by NewConnectionError('<urllib3.connection.HTTPSConnection object at 0x7fa5e863c7f0>: Failed to establish a new connection: [Errno -2] Name or service not known')); 414)
[2025-04-04T02:24:28.423+0000] {local_task_job_runner.py:234} INFO - Task exited with return code 1
[2025-04-04T02:24:28.496+0000] {taskinstance.py:3280} INFO - 0 downstream tasks scheduled from follow-on schedule check
