[2025-04-04T08:16:38.395+0000] {taskinstance.py:1956} INFO - Dependencies all met for dep_context=non-requeueable deps ti=<TaskInstance: full_pipeline_dag.upload_raw_to_minio manual__2025-04-04T08:16:15.521213+00:00 [queued]>
[2025-04-04T08:16:38.444+0000] {taskinstance.py:1956} INFO - Dependencies all met for dep_context=requeueable deps ti=<TaskInstance: full_pipeline_dag.upload_raw_to_minio manual__2025-04-04T08:16:15.521213+00:00 [queued]>
[2025-04-04T08:16:38.445+0000] {taskinstance.py:2170} INFO - Starting attempt 1 of 3
[2025-04-04T08:16:38.518+0000] {taskinstance.py:2191} INFO - Executing <Task(PythonOperator): upload_raw_to_minio> on 2025-04-04 08:16:15.521213+00:00
[2025-04-04T08:16:38.523+0000] {standard_task_runner.py:60} INFO - Started process 83 to run task
[2025-04-04T08:16:38.531+0000] {standard_task_runner.py:87} INFO - Running: ['airflow', 'tasks', 'run', 'full_pipeline_dag', 'upload_raw_to_minio', 'manual__2025-04-04T08:16:15.521213+00:00', '--job-id', '270', '--raw', '--subdir', 'DAGS_FOLDER/full_pipeline_dag.py', '--cfg-path', '/tmp/tmpgx7b0ce0']
[2025-04-04T08:16:38.533+0000] {standard_task_runner.py:88} INFO - Job 270: Subtask upload_raw_to_minio
[2025-04-04T08:16:38.591+0000] {logging_mixin.py:188} WARNING - /home/airflow/.local/lib/python3.8/site-packages/airflow/settings.py:194 DeprecationWarning: The sql_alchemy_conn option in [core] has been moved to the sql_alchemy_conn option in [database] - the old setting has been used, but please update your config.
[2025-04-04T08:16:38.675+0000] {task_command.py:423} INFO - Running <TaskInstance: full_pipeline_dag.upload_raw_to_minio manual__2025-04-04T08:16:15.521213+00:00 [running]> on host 43987fe3142a
[2025-04-04T08:16:38.872+0000] {taskinstance.py:2480} INFO - Exporting env vars: AIRFLOW_CTX_DAG_OWNER='airflow' AIRFLOW_CTX_DAG_ID='full_pipeline_dag' AIRFLOW_CTX_TASK_ID='upload_raw_to_minio' AIRFLOW_CTX_EXECUTION_DATE='2025-04-04T08:16:15.521213+00:00' AIRFLOW_CTX_TRY_NUMBER='1' AIRFLOW_CTX_DAG_RUN_ID='manual__2025-04-04T08:16:15.521213+00:00'
[2025-04-04T08:16:39.578+0000] {base.py:83} INFO - Using connection ID 'minio_conn' for task execution.
[2025-04-04T08:16:39.579+0000] {connection_wrapper.py:378} INFO - AWS Connection (conn_id='minio_conn', conn_type='aws') credentials retrieved from login and password.
[2025-04-04T08:16:39.580+0000] {logging_mixin.py:188} WARNING - <string>:9 AirflowProviderDeprecationWarning: extra['host'] is deprecated and will be removed in a future release. Please set extra['endpoint_url'] instead
[2025-04-04T08:16:40.030+0000] {logging_mixin.py:188} INFO - 🆕 Bucket 'nyc-taxi' not found. Creating...
[2025-04-04T08:16:40.039+0000] {logging_mixin.py:188} INFO - ✅ Bucket 'nyc-taxi' created.
[2025-04-04T08:16:40.040+0000] {logging_mixin.py:188} INFO - ☁️ Uploading /opt/data/raw/yellow_tripdata_2023-01.parquet to s3://nyc-taxi/raw/yellow_tripdata_2023-01.parquet
[2025-04-04T08:16:41.072+0000] {logging_mixin.py:188} INFO - ✅ Upload complete using S3Hook!
[2025-04-04T08:16:41.073+0000] {python.py:201} INFO - Done. Returned value was: None
[2025-04-04T08:16:41.091+0000] {taskinstance.py:1138} INFO - Marking task as SUCCESS. dag_id=full_pipeline_dag, task_id=upload_raw_to_minio, execution_date=20250404T081615, start_date=20250404T081638, end_date=20250404T081641
[2025-04-04T08:16:41.151+0000] {local_task_job_runner.py:234} INFO - Task exited with return code 0
[2025-04-04T08:16:41.233+0000] {taskinstance.py:3280} INFO - 1 downstream tasks scheduled from follow-on schedule check
